[2016.02.13-22.21.40:610][  0]Log file open, 02/13/16 17:21:40
[2016.02.13-22.21.40:610][  0]LogInit:Display: Running engine for game: AISafari
[2016.02.13-22.21.40:610][  0]LogInit:Display: RandInit(-909573088) SRandInit(-909573087).
[2016.02.13-22.21.40:610][  0]LogTaskGraph: Started task graph with 4 named threads and 7 total threads.
[2016.02.13-22.21.40:610][  0]LogStats: Stats thread started at 0.071048
[2016.02.13-22.21.40:610][  0]LogInit: Version: 4.9.2-2707645+++depot+UE4-Releases+4.9
[2016.02.13-22.21.40:610][  0]LogInit: API Version: 2672455
[2016.02.13-22.21.40:610][  0]LogInit: Compiled (64-bit): Sep 28 2015 10:25:44
[2016.02.13-22.21.40:610][  0]LogInit: Compiled with Visual C++: 18.00.21005.01
[2016.02.13-22.21.40:610][  0]LogInit: Build Configuration: Development
[2016.02.13-22.21.40:610][  0]LogInit: Branch Name: ++depot+UE4-Releases+4.9
[2016.02.13-22.21.40:610][  0]LogInit: Command line:  
[2016.02.13-22.21.40:610][  0]LogInit: Base directory: C:/Program Files (x86)/Epic Games/4.9/Engine/Binaries/Win64/
[2016.02.13-22.21.40:610][  0]LogInit: Rocket: 1
[2016.02.13-22.21.40:619][  0]LogInit: Using libcurl 7.41.0
[2016.02.13-22.21.40:619][  0]LogInit:  - built for x86_64-pc-win32
[2016.02.13-22.21.40:619][  0]LogInit:  - supports SSL with WinSSL
[2016.02.13-22.21.40:619][  0]LogInit:  - other features:
[2016.02.13-22.21.40:619][  0]LogInit:      CURL_VERSION_SSL
[2016.02.13-22.21.40:619][  0]LogInit:      CURL_VERSION_IPV6
[2016.02.13-22.21.40:619][  0]LogInit:      CURL_VERSION_ASYNCHDNS
[2016.02.13-22.21.40:619][  0]LogInit:      CURL_VERSION_LARGEFILE
[2016.02.13-22.21.40:619][  0]LogInit:      CURL_VERSION_IDN
[2016.02.13-22.21.40:619][  0]LogInit:  CurlRequestOptions (configurable via config and command line):
[2016.02.13-22.21.40:619][  0]LogInit:  - bVerifyPeer = true  - Libcurl will verify peer certificate
[2016.02.13-22.21.40:619][  0]LogInit:  - bUseHttpProxy = false  - Libcurl will NOT use HTTP proxy
[2016.02.13-22.21.40:619][  0]LogInit:  - bDontReuseConnections = false  - Libcurl will reuse connections
[2016.02.13-22.21.40:619][  0]LogInit:  - CertBundlePath = nullptr  - Libcurl will use whatever was configured at build time.
[2016.02.13-22.21.40:624][  0]LogInit: Presizing for 0 objects not considered by GC, pre-allocating 0 bytes.
[2016.02.13-22.21.40:629][  0]LogInit: Object subsystem initialized
[2016.02.13-22.21.40:630][  0]LogInit: Selected Device Profile: [Windows]
[2016.02.13-22.21.40:630][  0]LogInit: Applying CVar settings loaded from the selected device profile: [Windows]
[2016.02.13-22.21.40:640][  0]LogInit: Computer: ZEBRADESKTOP
[2016.02.13-22.21.40:640][  0]LogInit: User: Ryan
[2016.02.13-22.21.40:640][  0]LogInit: CPU Page size=4096, Cores=4
[2016.02.13-22.21.40:640][  0]LogInit: High frequency timer resolution =3.984648 MHz
[2016.02.13-22.21.40:640][  0]LogMemory: Memory total: Physical=15.9GB (16GB approx)
[2016.02.13-22.21.40:640][  0]LogMemory: Platform Memory Stats for Windows
[2016.02.13-22.21.40:640][  0]LogMemory: Process Physical Memory: 53.96 MB used, 53.96 MB peak
[2016.02.13-22.21.40:640][  0]LogMemory: Process Virtual Memory: 55.53 MB used, 55.53 MB peak
[2016.02.13-22.21.40:640][  0]LogMemory: Physical Memory: 6996.76 MB used, 16325.73 MB total
[2016.02.13-22.21.40:640][  0]LogMemory: Virtual Memory: 364.76 MB used, 134217728.00 MB total
[2016.02.13-22.21.40:681][  0]LogTextLocalizationManager: No specific translations for ('en-US') exist, so ('en') translations will be used.
[2016.02.13-22.21.41:288][  0]LogD3D11RHI: Found D3D11 adapter 0: NVIDIA GeForce GTX 780 (Feature Level 11_0)
[2016.02.13-22.21.41:288][  0]LogD3D11RHI: Adapter has 5971MB of dedicated video memory, 0MB of dedicated system memory, and 8162MB of shared system memory, 3 output[s]
[2016.02.13-22.21.41:289][  0]LogD3D11RHI: Found D3D11 adapter 1: Microsoft Basic Render Driver (Feature Level 11_0)
[2016.02.13-22.21.41:289][  0]LogD3D11RHI: Adapter has 0MB of dedicated video memory, 0MB of dedicated system memory, and 8162MB of shared system memory, 0 output[s]
[2016.02.13-22.21.41:289][  0]LogD3D11RHI: Chosen D3D11 Adapter Id = 0
[2016.02.13-22.21.50:846][  0]LogWindowsTextInputMethodSystem:Display: IME system now deactivated.
[2016.02.13-22.21.50:847][  0]LogWindowsTextInputMethodSystem:Display: IME system now deactivated.
[2016.02.13-22.21.50:848][  0]LogD3D11RHI: !Direct3DDevice
[2016.02.13-22.21.50:848][  0]LogRHI: Texture pool is 1361 MB (70% of 1945 MB)
[2016.02.13-22.21.50:869][  0]LogD3D11RHI: Async texture creation enabled
[2016.02.13-22.21.50:914][  0]LogShaderCompilers: Guid format shader working directory is 14 characters bigger than the processId version (Q:/Classes/3-2/AI/AISafari/Intermediate/Shaders/WorkingDirectory/20320/).
[2016.02.13-22.21.50:914][  0]LogShaderCompilers: Cleaned the shader compiler working directory 'Q:/Classes/3-2/AI/AISafari/Intermediate/Shaders/tmp/DB0AE7F445C316884D67398E8873D15F/'.
[2016.02.13-22.21.50:914][  0]LogShaderCompilers:Display: Using Local Shader Compiler.
[2016.02.13-22.21.51:669][  0]LogTemp:Display: Loaded TP AllDesktopTargetPlatform
[2016.02.13-22.21.51:674][  0]LogTemp:Display: Loaded TP WindowsClientTargetPlatform
[2016.02.13-22.21.51:678][  0]LogTemp:Display: Loaded TP WindowsNoEditorTargetPlatform
[2016.02.13-22.21.51:682][  0]LogTemp:Display: Loaded TP WindowsServerTargetPlatform
[2016.02.13-22.21.51:686][  0]LogTemp:Display: Loaded TP WindowsTargetPlatform
[2016.02.13-22.21.51:691][  0]LogTemp:Display: Loaded TP AndroidTargetPlatform
[2016.02.13-22.21.51:693][  0]LogTemp:Display: Loaded TP Android_ASTCTargetPlatform
[2016.02.13-22.21.51:696][  0]LogTemp:Display: Loaded TP Android_ATCTargetPlatform
[2016.02.13-22.21.51:699][  0]LogTemp:Display: Loaded TP Android_DXTTargetPlatform
[2016.02.13-22.21.51:703][  0]LogTemp:Display: Loaded TP Android_ETC1TargetPlatform
[2016.02.13-22.21.51:706][  0]LogTemp:Display: Loaded TP Android_ETC2TargetPlatform
[2016.02.13-22.21.51:710][  0]LogTemp:Display: Loaded TP Android_PVRTCTargetPlatform
[2016.02.13-22.21.51:711][  0]LogTemp:Display: Loaded TP HTML5TargetPlatform
[2016.02.13-22.21.51:730][  0]LogTemp:Display: Loaded TP IOSTargetPlatform
[2016.02.13-22.21.51:732][  0]LogTemp:Display: Loaded TP LinuxNoEditorTargetPlatform
[2016.02.13-22.21.51:735][  0]LogTemp:Display: Loaded TP LinuxServerTargetPlatform
[2016.02.13-22.21.51:740][  0]LogTemp:Display: Loaded TP LinuxTargetPlatform
[2016.02.13-22.21.51:740][  0]LogTargetPlatformManager:Display: Building Assets For Windows
[2016.02.13-22.21.51:813][  0]LogDerivedDataCache:Display: Max Cache Size: 512 MB
[2016.02.13-22.21.51:949][  0]LogDerivedDataCache: Loaded boot cache 0.14s 41MB C:/Users/Ryan/AppData/Local/UnrealEngine/4.9/DerivedDataCache/Boot.ddc.
[2016.02.13-22.21.51:949][  0]LogDerivedDataCache:Display: Loaded Boot cache: C:/Users/Ryan/AppData/Local/UnrealEngine/4.9/DerivedDataCache/Boot.ddc
[2016.02.13-22.21.51:949][  0]LogDerivedDataCache: FDerivedDataBackendGraph:  Pak pak cache file Q:/Classes/3-2/AI/AISafari/DerivedDataCache/DDC.ddp not found, will not use a pak cache.
[2016.02.13-22.21.51:949][  0]LogDerivedDataCache: Unable to find inner node Pak for hierarchical cache Hierarchy.
[2016.02.13-22.21.51:949][  0]LogDerivedDataCache: FDerivedDataBackendGraph:  CompressedPak pak cache file Q:/Classes/3-2/AI/AISafari/DerivedDataCache/Compressed.ddp not found, will not use a pak cache.
[2016.02.13-22.21.51:949][  0]LogDerivedDataCache: Unable to find inner node CompressedPak for hierarchical cache Hierarchy.
[2016.02.13-22.21.52:056][  0]LogDerivedDataCache:Display: Pak cache opened for reading ../../../Engine/DerivedDataCache/Compressed.ddp.
[2016.02.13-22.21.52:068][  0]LogDerivedDataCache: Using Local data cache path C:/Users/Ryan/AppData/Local/UnrealEngine/Common/DerivedDataCache: Writable
[2016.02.13-22.21.53:249][  0]LogInit: Selected Device Profile: [Windows]
[2016.02.13-22.21.53:251][  0]LogContentStreaming: Texture pool size is 0.000000MB
[2016.02.13-22.21.53:344][  0]LogMeshUtilities: No automatic mesh reduction module available
[2016.02.13-22.21.53:344][  0]LogMeshUtilities: No automatic mesh merging module available
[2016.02.13-22.21.53:544][  0]LogInit: WinSock: version 1.1 (2.2), MaxSocks=32767, MaxUdp=65467
[2016.02.13-22.21.54:856][  0]UdpMessaging: Initializing bridge on interface 0.0.0.0:0 to multicast group 230.0.0.1:6666.
[2016.02.13-22.21.54:974][  0]LogAssetRegistry: FAssetRegistry took 0.0112 seconds to start up
[2016.02.13-22.21.55:119][  0]SourceControl: Info Source control is disabled
[2016.02.13-22.21.55:164][  0]SourceControl: Info Source control is disabled
[2016.02.13-22.21.55:173][  0]SourceControl: Info Source control is disabled
[2016.02.13-22.21.55:183][  0]SourceControl: Info Source control is disabled
[2016.02.13-22.21.55:321][  0]LogLinker:Warning: Asset '../../../Engine/Plugins/Runtime/LeapMotionController/Content/LM_PassthroughMaterial.uasset' has been saved with empty engine version. The asset will be loaded but may be incompatible.
[2016.02.13-22.21.55:396][  0]LogObj: 28380 objects as part of root set at end of initial load.
[2016.02.13-22.21.55:396][  0]LogUObjectAllocator: 6046584 out of 0 bytes used by permanent object pool.
[2016.02.13-22.21.55:447][  0]LogEngine: Initializing Engine...
[2016.02.13-22.21.55:450][  0]LogHMD: Can't find Oculus library dev build: is proper Runtime installed? Version: 0.7.0.0
[2016.02.13-22.21.55:461][  0]LogHMD: SteamVR failed to initialize.  Err: 110
[2016.02.13-22.21.55:560][  0]LogAIModule: Creating AISystem for world NewWorld
[2016.02.13-22.21.55:567][  0]LogInit: XAudio2 using 'Speakers (ASUS Xonar DGX Audio Device)' : 2 channels at 44.1 kHz using 16 bits per sample (channel mask 0x3)
[2016.02.13-22.21.55:571][  0]LogInit: FAudioDevice initialized.
[2016.02.13-22.21.55:594][  0]LogDerivedDataCache: Saved boot cache 0.02s 41MB C:/Users/Ryan/AppData/Local/UnrealEngine/4.9/DerivedDataCache/Boot.ddc.
[2016.02.13-22.21.55:599][  0]LogInit: Texture streaming: Enabled
[2016.02.13-22.21.55:605][  0]LogAnalytics: Creating configured Analytics provider AnalyticsET
[2016.02.13-22.21.55:605][  0]LogAnalytics: [UEEditor.Rocket.Release] APIServer = http://et2.epicgames.com/ET2/. AppVersion = 4.9.2-2707645+++depot+UE4-Releases+4.9
[2016.02.13-22.21.55:605][  0]LogAnalytics: [UEEditor.Rocket.Release] SetUserId d1f9beca401d8fe412e57fa88e66abb9|85745c8591404a23957796735eaccf05|defee072-9da8-4f68-a06a-f65b3a6c30bf
[2016.02.13-22.21.55:605][  0]LogAnalytics: [UEEditor.Rocket.Release] AnalyticsET::StartSession
[2016.02.13-22.21.55:640][  0]LogInit: Transaction tracking system initialized
[2016.02.13-22.21.55:701][  0]BlueprintLog: New page: Editor Load
[2016.02.13-22.21.55:809][  0]LocalizationService: Info Localization service is disabled
[2016.02.13-22.21.55:913][  0]LogConsoleResponse:Display: 
[2016.02.13-22.21.56:020][  0]LogCook:Display: Done creating registry. It took  0.00s.
[2016.02.13-22.21.56:090][  0]LogFileCache: Scanning file cache for directory 'Q:/Classes/3-2/AI/AISafari/Content/' took 0.01s
[2016.02.13-22.21.56:090][  0]SourceControl: Info Source control is disabled
[2016.02.13-22.21.56:090][  0]Cmd: MAP LOAD FILE="Q:/Classes/3-2/AI/AISafari/Content/StarterContent/Maps/Minimal_Default.umap" TEMPLATE=0 SHOWPROGRESS=1 FEATURELEVEL=3
[2016.02.13-22.21.56:090][  0]LightingResults: New page: Lighting Build
[2016.02.13-22.21.56:095][  0]MapCheck: New page: Map Check
[2016.02.13-22.21.56:095][  0]LightingResults: New page: Lighting Build
[2016.02.13-22.21.56:107][  0]LogParticles: Destroying 0 GPU particle simulations for FXSystem 0x000000CF3F4FFCE0
[2016.02.13-22.21.56:362][  0]LogAIModule: Creating AISystem for world Minimal_Default
[2016.02.13-22.21.56:370][  0]LogEditorServer: Finished looking for orphan Actors (0.000 secs)
[2016.02.13-22.21.56:370][  0]Cmd: MAP CHECKDEP NOCLEARLOG
[2016.02.13-22.21.56:411][  0]MapCheck: Info Map check complete: 0 Error(s), 0 Warning(s), took 41.269ms to complete.
[2016.02.13-22.21.56:411][  0]LogFileHelpers: Loading map 'Minimal_Default' took 0.322
[2016.02.13-22.21.56:451][  0]LogWindowsTextInputMethodSystem:Display: IME system now deactivated.
[2016.02.13-22.21.56:583][  0]LogCollectionManager: Loaded 0 collections in 0.003249 seconds
[2016.02.13-22.21.56:626][  0]LogFileCache: Scanning file cache for directory 'Q:/Classes/3-2/AI/AISafari/Saved/Collections/' took 0.01s
[2016.02.13-22.21.56:626][  0]LogFileCache: Scanning file cache for directory 'Q:/Classes/3-2/AI/AISafari/Content/Developers/Ryan/Collections/' took 0.01s
[2016.02.13-22.21.56:626][  0]LogFileCache: Scanning file cache for directory 'Q:/Classes/3-2/AI/AISafari/Content/Collections/' took 0.01s
[2016.02.13-22.21.56:626][  0]LogContentBrowser: Native class hierarchy populated in 0.0088 seconds. Added 1871 classes and 336 folders.
[2016.02.13-22.21.56:642][  0]LogCollectionManager: Rebuilt the GUID cache for 0 collections in 0.000002 seconds
[2016.02.13-22.21.56:647][  0]LogContentBrowser: Native class hierarchy updated for 'WidgetCarousel' in 0.0009 seconds. Added 0 classes and 0 folders.
[2016.02.13-22.21.56:896][  0]LogContentBrowser: Native class hierarchy updated for 'AddContentDialog' in 0.0009 seconds. Added 0 classes and 0 folders.
[2016.02.13-22.21.56:901][  0]LogContentBrowser: Native class hierarchy updated for 'SceneOutliner' in 0.0014 seconds. Added 1 classes and 2 folders.
[2016.02.13-22.21.56:924][  0]LogCrashTracker: Crashtracker disabled due to settings.
[2016.02.13-22.21.56:929][  0]LogUObjectGlobals:Warning: Failed to find object 'Class None.'
[2016.02.13-22.21.56:952][  0]LogLoad: Full Startup: 16.99 seconds (BP compile: 0.06 seconds)
[2016.02.13-22.21.57:377][  0]LogContentStreaming: Texture pool size now 1000 MB
[2016.02.13-22.21.57:484][  0]LogRenderer: Reallocating scene render targets to support 1208x600 (Frame:2).
[2016.02.13-22.21.57:969][  2]LogAssetRegistry: Asset discovery search completed in 3.0071 seconds
[2016.02.13-22.21.57:970][  2]LogCollectionManager: Rebuilt the object cache for 0 collections in 0.000001 seconds (found 0 objects)
[2016.02.13-22.21.57:970][  2]LogCollectionManager: Fixed up redirectors for 0 collections in 0.000021 seconds (updated 0 objects)
[2016.02.13-22.22.08:643][116]LogBlueprintUserMessages: Early PlayInEditor Detection: Level '/Game/StarterContent/Maps/Minimal_Default.Minimal_Default:PersistentLevel' has LevelScriptBlueprint '/Game/StarterContent/Maps/Minimal_Default.Minimal_Default:PersistentLevel.Minimal_Default' with GeneratedClass '/Game/StarterContent/Maps/Minimal_Default.Minimal_Default_C' with ClassGeneratedBy '/Game/StarterContent/Maps/Minimal_Default.Minimal_Default:PersistentLevel.Minimal_Default'
[2016.02.13-22.22.08:643][116]LogPlayLevel: PlayLevel: No blueprints needed recompiling
[2016.02.13-22.22.08:643][116]PIE: New page: PIE session: Minimal_Default (Feb 13, 2016, 12:22:08 PM)
[2016.02.13-22.22.08:643][116]LogPlayLevel: Creating play world package: /Game/StarterContent/Maps/UEDPIE_0_Minimal_Default
[2016.02.13-22.22.08:650][116]LogPlayLevel: PIE: StaticDuplicateObject took: (0.006419s)
[2016.02.13-22.22.08:650][116]LogAIModule: Creating AISystem for world Minimal_Default
[2016.02.13-22.22.08:650][116]LogPlayLevel: PIE: World Init took: (0.000725s)
[2016.02.13-22.22.08:651][116]LogPlayLevel: PIE: Created PIE world by copying editor world from /Game/StarterContent/Maps/Minimal_Default.Minimal_Default to /Game/StarterContent/Maps/UEDPIE_0_Minimal_Default.Minimal_Default (0.007375s)
[2016.02.13-22.22.08:669][116]LogInit: XAudio2 using 'Speakers (ASUS Xonar DGX Audio Device)' : 2 channels at 44.1 kHz using 16 bits per sample (channel mask 0x3)
[2016.02.13-22.22.08:671][116]LogInit: FAudioDevice initialized.
[2016.02.13-22.22.08:723][116]LogWorld: Game class is 'AISafariGameMode'
[2016.02.13-22.22.08:725][116]LogWorld: Bringing World /Game/StarterContent/Maps/UEDPIE_0_Minimal_Default.Minimal_Default up for play (max tick rate 0) at 2016.02.13-17.22.08
[2016.02.13-22.22.08:725][116]LogActor:Warning: GameSession /Game/StarterContent/Maps/UEDPIE_0_Minimal_Default.Minimal_Default:PersistentLevel.GameSession_0 has natively added scene component(s), but none of them were set as the actor's RootComponent - picking one arbitrarily
[2016.02.13-22.22.08:725][116]LogActor:Warning: GameNetworkManager /Game/StarterContent/Maps/UEDPIE_0_Minimal_Default.Minimal_Default:PersistentLevel.GameNetworkManager_0 has natively added scene component(s), but none of them were set as the actor's RootComponent - picking one arbitrarily
[2016.02.13-22.22.08:725][116]LogWorld: Bringing up level for play took: 0.001633
[2016.02.13-22.22.08:906][116]PIE: Info Play in editor start time for /Game/StarterContent/Maps/UEDPIE_0_Minimal_Default -0.266
[2016.02.13-22.22.08:906][116]LogBlueprintUserMessages: Late PlayInEditor Detection: Level '/Game/StarterContent/Maps/Minimal_Default.Minimal_Default:PersistentLevel' has LevelScriptBlueprint '/Game/StarterContent/Maps/Minimal_Default.Minimal_Default:PersistentLevel.Minimal_Default' with GeneratedClass '/Game/StarterContent/Maps/Minimal_Default.Minimal_Default_C' with ClassGeneratedBy '/Game/StarterContent/Maps/Minimal_Default.Minimal_Default:PersistentLevel.Minimal_Default'
[2016.02.13-22.22.11:210][123]LogBlueprintUserMessages: Early EndPlayMap Detection: Level '/Game/StarterContent/Maps/Minimal_Default.Minimal_Default:PersistentLevel' has LevelScriptBlueprint '/Game/StarterContent/Maps/Minimal_Default.Minimal_Default:PersistentLevel.Minimal_Default' with GeneratedClass '/Game/StarterContent/Maps/Minimal_Default.Minimal_Default_C' with ClassGeneratedBy '/Game/StarterContent/Maps/Minimal_Default.Minimal_Default:PersistentLevel.Minimal_Default'
[2016.02.13-22.22.11:276][123]LogBlueprintUserMessages: Late EndPlayMap Detection: Level '/Game/StarterContent/Maps/Minimal_Default.Minimal_Default:PersistentLevel' has LevelScriptBlueprint '/Game/StarterContent/Maps/Minimal_Default.Minimal_Default:PersistentLevel.Minimal_Default' with GeneratedClass '/Game/StarterContent/Maps/Minimal_Default.Minimal_Default_C' with ClassGeneratedBy '/Game/StarterContent/Maps/Minimal_Default.Minimal_Default:PersistentLevel.Minimal_Default'
[2016.02.13-22.22.11:289][123]LogParticles: Destroying 0 GPU particle simulations for FXSystem 0x000000CF1B1DDA80
[2016.02.13-22.23.12:051][797]LogBlueprintUserMessages: Early PlayInEditor Detection: Level '/Game/StarterContent/Maps/Minimal_Default.Minimal_Default:PersistentLevel' has LevelScriptBlueprint '/Game/StarterContent/Maps/Minimal_Default.Minimal_Default:PersistentLevel.Minimal_Default' with GeneratedClass '/Game/StarterContent/Maps/Minimal_Default.Minimal_Default_C' with ClassGeneratedBy '/Game/StarterContent/Maps/Minimal_Default.Minimal_Default:PersistentLevel.Minimal_Default'
[2016.02.13-22.23.12:051][797]LogPlayLevel: PlayLevel: No blueprints needed recompiling
[2016.02.13-22.23.12:051][797]PIE: New page: PIE session: Minimal_Default (Feb 13, 2016, 12:23:12 PM)
[2016.02.13-22.23.12:051][797]LogPlayLevel: Creating play world package: /Game/StarterContent/Maps/UEDPIE_0_Minimal_Default
[2016.02.13-22.23.12:057][797]LogPlayLevel: PIE: StaticDuplicateObject took: (0.005475s)
[2016.02.13-22.23.12:057][797]LogAIModule: Creating AISystem for world Minimal_Default
[2016.02.13-22.23.12:058][797]LogPlayLevel: PIE: World Init took: (0.000733s)
[2016.02.13-22.23.12:058][797]LogPlayLevel: PIE: Created PIE world by copying editor world from /Game/StarterContent/Maps/Minimal_Default.Minimal_Default to /Game/StarterContent/Maps/UEDPIE_0_Minimal_Default.Minimal_Default (0.006381s)
[2016.02.13-22.23.12:071][797]LogInit: XAudio2 using 'Speakers (ASUS Xonar DGX Audio Device)' : 2 channels at 44.1 kHz using 16 bits per sample (channel mask 0x3)
[2016.02.13-22.23.12:074][797]LogInit: FAudioDevice initialized.
[2016.02.13-22.23.12:128][797]LogWorld: Game class is 'AISafariGameMode'
[2016.02.13-22.23.12:130][797]LogWorld: Bringing World /Game/StarterContent/Maps/UEDPIE_0_Minimal_Default.Minimal_Default up for play (max tick rate 0) at 2016.02.13-17.23.12
[2016.02.13-22.23.12:130][797]LogActor:Warning: GameSession /Game/StarterContent/Maps/UEDPIE_0_Minimal_Default.Minimal_Default:PersistentLevel.GameSession_1 has natively added scene component(s), but none of them were set as the actor's RootComponent - picking one arbitrarily
[2016.02.13-22.23.12:130][797]LogActor:Warning: GameNetworkManager /Game/StarterContent/Maps/UEDPIE_0_Minimal_Default.Minimal_Default:PersistentLevel.GameNetworkManager_1 has natively added scene component(s), but none of them were set as the actor's RootComponent - picking one arbitrarily
[2016.02.13-22.23.12:131][797]LogWorld: Bringing up level for play took: 0.001534
[2016.02.13-22.23.12:295][797]PIE: Info Play in editor start time for /Game/StarterContent/Maps/UEDPIE_0_Minimal_Default 1.124
[2016.02.13-22.23.12:295][797]LogBlueprintUserMessages: Late PlayInEditor Detection: Level '/Game/StarterContent/Maps/Minimal_Default.Minimal_Default:PersistentLevel' has LevelScriptBlueprint '/Game/StarterContent/Maps/Minimal_Default.Minimal_Default:PersistentLevel.Minimal_Default' with GeneratedClass '/Game/StarterContent/Maps/Minimal_Default.Minimal_Default_C' with ClassGeneratedBy '/Game/StarterContent/Maps/Minimal_Default.Minimal_Default:PersistentLevel.Minimal_Default'
[2016.02.13-22.23.14:643][804]LogBlueprintUserMessages: Early EndPlayMap Detection: Level '/Game/StarterContent/Maps/Minimal_Default.Minimal_Default:PersistentLevel' has LevelScriptBlueprint '/Game/StarterContent/Maps/Minimal_Default.Minimal_Default:PersistentLevel.Minimal_Default' with GeneratedClass '/Game/StarterContent/Maps/Minimal_Default.Minimal_Default_C' with ClassGeneratedBy '/Game/StarterContent/Maps/Minimal_Default.Minimal_Default:PersistentLevel.Minimal_Default'
[2016.02.13-22.23.14:686][804]LogBlueprintUserMessages: Late EndPlayMap Detection: Level '/Game/StarterContent/Maps/Minimal_Default.Minimal_Default:PersistentLevel' has LevelScriptBlueprint '/Game/StarterContent/Maps/Minimal_Default.Minimal_Default:PersistentLevel.Minimal_Default' with GeneratedClass '/Game/StarterContent/Maps/Minimal_Default.Minimal_Default_C' with ClassGeneratedBy '/Game/StarterContent/Maps/Minimal_Default.Minimal_Default:PersistentLevel.Minimal_Default'
[2016.02.13-22.23.14:709][805]LogParticles: Destroying 0 GPU particle simulations for FXSystem 0x000000CF5B6CE200
[2016.02.13-22.23.22:383][ 95]LogBlueprintUserMessages: Early PlayInEditor Detection: Level '/Game/StarterContent/Maps/Minimal_Default.Minimal_Default:PersistentLevel' has LevelScriptBlueprint '/Game/StarterContent/Maps/Minimal_Default.Minimal_Default:PersistentLevel.Minimal_Default' with GeneratedClass '/Game/StarterContent/Maps/Minimal_Default.Minimal_Default_C' with ClassGeneratedBy '/Game/StarterContent/Maps/Minimal_Default.Minimal_Default:PersistentLevel.Minimal_Default'
[2016.02.13-22.23.22:383][ 95]LogPlayLevel: PlayLevel: No blueprints needed recompiling
[2016.02.13-22.23.22:383][ 95]PIE: New page: PIE session: Minimal_Default (Feb 13, 2016, 12:23:22 PM)
[2016.02.13-22.23.22:383][ 95]LogPlayLevel: Creating play world package: /Game/StarterContent/Maps/UEDPIE_0_Minimal_Default
[2016.02.13-22.23.22:389][ 95]LogPlayLevel: PIE: StaticDuplicateObject took: (0.006275s)
[2016.02.13-22.23.22:390][ 95]LogAIModule: Creating AISystem for world Minimal_Default
[2016.02.13-22.23.22:390][ 95]LogPlayLevel: PIE: World Init took: (0.000860s)
[2016.02.13-22.23.22:390][ 95]LogPlayLevel: PIE: Created PIE world by copying editor world from /Game/StarterContent/Maps/Minimal_Default.Minimal_Default to /Game/StarterContent/Maps/UEDPIE_0_Minimal_Default.Minimal_Default (0.007416s)
[2016.02.13-22.23.22:405][ 95]LogInit: XAudio2 using 'Speakers (ASUS Xonar DGX Audio Device)' : 2 channels at 44.1 kHz using 16 bits per sample (channel mask 0x3)
[2016.02.13-22.23.22:407][ 95]LogInit: FAudioDevice initialized.
[2016.02.13-22.23.22:439][ 95]LogWorld: Game class is 'AISafariGameMode'
[2016.02.13-22.23.22:441][ 95]LogWorld: Bringing World /Game/StarterContent/Maps/UEDPIE_0_Minimal_Default.Minimal_Default up for play (max tick rate 0) at 2016.02.13-17.23.22
[2016.02.13-22.23.22:441][ 95]LogActor:Warning: GameSession /Game/StarterContent/Maps/UEDPIE_0_Minimal_Default.Minimal_Default:PersistentLevel.GameSession_2 has natively added scene component(s), but none of them were set as the actor's RootComponent - picking one arbitrarily
[2016.02.13-22.23.22:441][ 95]LogActor:Warning: GameNetworkManager /Game/StarterContent/Maps/UEDPIE_0_Minimal_Default.Minimal_Default:PersistentLevel.GameNetworkManager_2 has natively added scene component(s), but none of them were set as the actor's RootComponent - picking one arbitrarily
[2016.02.13-22.23.22:442][ 95]LogWorld: Bringing up level for play took: 0.001533
[2016.02.13-22.23.22:613][ 95]PIE: Info Play in editor start time for /Game/StarterContent/Maps/UEDPIE_0_Minimal_Default -0.559
[2016.02.13-22.23.22:614][ 95]LogBlueprintUserMessages: Late PlayInEditor Detection: Level '/Game/StarterContent/Maps/Minimal_Default.Minimal_Default:PersistentLevel' has LevelScriptBlueprint '/Game/StarterContent/Maps/Minimal_Default.Minimal_Default:PersistentLevel.Minimal_Default' with GeneratedClass '/Game/StarterContent/Maps/Minimal_Default.Minimal_Default_C' with ClassGeneratedBy '/Game/StarterContent/Maps/Minimal_Default.Minimal_Default:PersistentLevel.Minimal_Default'
[2016.02.13-22.23.28:483][118]LogBlueprintUserMessages: Early EndPlayMap Detection: Level '/Game/StarterContent/Maps/Minimal_Default.Minimal_Default:PersistentLevel' has LevelScriptBlueprint '/Game/StarterContent/Maps/Minimal_Default.Minimal_Default:PersistentLevel.Minimal_Default' with GeneratedClass '/Game/StarterContent/Maps/Minimal_Default.Minimal_Default_C' with ClassGeneratedBy '/Game/StarterContent/Maps/Minimal_Default.Minimal_Default:PersistentLevel.Minimal_Default'
[2016.02.13-22.23.28:520][118]LogBlueprintUserMessages: Late EndPlayMap Detection: Level '/Game/StarterContent/Maps/Minimal_Default.Minimal_Default:PersistentLevel' has LevelScriptBlueprint '/Game/StarterContent/Maps/Minimal_Default.Minimal_Default:PersistentLevel.Minimal_Default' with GeneratedClass '/Game/StarterContent/Maps/Minimal_Default.Minimal_Default_C' with ClassGeneratedBy '/Game/StarterContent/Maps/Minimal_Default.Minimal_Default:PersistentLevel.Minimal_Default'
[2016.02.13-22.23.28:543][119]LogParticles: Destroying 0 GPU particle simulations for FXSystem 0x000000CF297C1C60
[2016.02.13-22.24.47:047][132]LogHotReload: New module detected: UE4Editor-AISafari-1831.dll
[2016.02.13-22.24.47:725][135]LogHotReload: Starting Hot-Reload from IDE
[2016.02.13-22.24.47:792][135]LogContentBrowser: Native class hierarchy updated for 'AISafari' in 0.0009 seconds. Added 4 classes and 3 folders.
[2016.02.13-22.24.47:793][135]Warning: HotReload successful (0 functions remapped  0 scriptstructs remapped)
[2016.02.13-22.24.47:837][135]LogContentBrowser: Native class hierarchy populated in 0.0064 seconds. Added 1872 classes and 338 folders.
[2016.02.13-22.27.16:182][111]LogBlueprintUserMessages: Early PlayInEditor Detection: Level '/Game/StarterContent/Maps/Minimal_Default.Minimal_Default:PersistentLevel' has LevelScriptBlueprint '/Game/StarterContent/Maps/Minimal_Default.Minimal_Default:PersistentLevel.Minimal_Default' with GeneratedClass '/Game/StarterContent/Maps/Minimal_Default.Minimal_Default_C' with ClassGeneratedBy '/Game/StarterContent/Maps/Minimal_Default.Minimal_Default:PersistentLevel.Minimal_Default'
[2016.02.13-22.27.16:182][111]LogPlayLevel: PlayLevel: No blueprints needed recompiling
[2016.02.13-22.27.16:182][111]PIE: New page: PIE session: Minimal_Default (Feb 13, 2016, 12:27:16 PM)
[2016.02.13-22.27.16:182][111]LogPlayLevel: Creating play world package: /Game/StarterContent/Maps/UEDPIE_0_Minimal_Default
[2016.02.13-22.27.16:187][111]LogPlayLevel: PIE: StaticDuplicateObject took: (0.005200s)
[2016.02.13-22.27.16:188][111]LogAIModule: Creating AISystem for world Minimal_Default
[2016.02.13-22.27.16:188][111]LogPlayLevel: PIE: World Init took: (0.000723s)
[2016.02.13-22.27.16:188][111]LogPlayLevel: PIE: Created PIE world by copying editor world from /Game/StarterContent/Maps/Minimal_Default.Minimal_Default to /Game/StarterContent/Maps/UEDPIE_0_Minimal_Default.Minimal_Default (0.006136s)
[2016.02.13-22.27.16:203][111]LogInit: XAudio2 using 'Speakers (ASUS Xonar DGX Audio Device)' : 2 channels at 44.1 kHz using 16 bits per sample (channel mask 0x3)
[2016.02.13-22.27.16:206][111]LogInit: FAudioDevice initialized.
[2016.02.13-22.27.16:238][111]LogWorld: Game class is 'AISafariGameMode'
[2016.02.13-22.27.16:240][111]LogWorld: Bringing World /Game/StarterContent/Maps/UEDPIE_0_Minimal_Default.Minimal_Default up for play (max tick rate 0) at 2016.02.13-17.27.16
[2016.02.13-22.27.16:240][111]LogActor:Warning: GameSession /Game/StarterContent/Maps/UEDPIE_0_Minimal_Default.Minimal_Default:PersistentLevel.GameSession_3 has natively added scene component(s), but none of them were set as the actor's RootComponent - picking one arbitrarily
[2016.02.13-22.27.16:240][111]LogActor:Warning: GameNetworkManager /Game/StarterContent/Maps/UEDPIE_0_Minimal_Default.Minimal_Default:PersistentLevel.GameNetworkManager_3 has natively added scene component(s), but none of them were set as the actor's RootComponent - picking one arbitrarily
[2016.02.13-22.27.16:240][111]LogWorld: Bringing up level for play took: 0.001644
[2016.02.13-22.27.16:407][111]PIE: Info Play in editor start time for /Game/StarterContent/Maps/UEDPIE_0_Minimal_Default -0.764
[2016.02.13-22.27.16:408][111]LogBlueprintUserMessages: Late PlayInEditor Detection: Level '/Game/StarterContent/Maps/Minimal_Default.Minimal_Default:PersistentLevel' has LevelScriptBlueprint '/Game/StarterContent/Maps/Minimal_Default.Minimal_Default:PersistentLevel.Minimal_Default' with GeneratedClass '/Game/StarterContent/Maps/Minimal_Default.Minimal_Default_C' with ClassGeneratedBy '/Game/StarterContent/Maps/Minimal_Default.Minimal_Default:PersistentLevel.Minimal_Default'
[2016.02.13-22.27.28:966][154]Cmd: stat startfile
[2016.02.13-22.27.28:968][154]LogStats: Opening stats file: Q:/Classes/3-2/AI/AISafari/Saved/Profiling/UnrealStats/UEDPIE_0_Minimal_Default-Windows-02.13-17.27.28/UEDPIE_0_Minimal_Default-Windows-13-17.27.28.ue4stats
[2016.02.13-22.27.45:211][109]LogProfilerClient: Subscribe Session: 96E71D914356F495E0484BAFA2A19285
[2016.02.13-22.27.45:220][109]LogProfilerService: Subscribe Session: 96E71D914356F495E0484BAFA2A19285, Instance: 470CCEA64179CEA2F5A829AE275192F3
[2016.02.13-22.27.45:380][110]LogContentBrowser: Native class hierarchy updated for 'Cascade' in 0.0012 seconds. Added 2 classes and 2 folders.
[2016.02.13-22.28.47:653][481]LogBlueprintUserMessages: Early EndPlayMap Detection: Level '/Game/StarterContent/Maps/Minimal_Default.Minimal_Default:PersistentLevel' has LevelScriptBlueprint '/Game/StarterContent/Maps/Minimal_Default.Minimal_Default:PersistentLevel.Minimal_Default' with GeneratedClass '/Game/StarterContent/Maps/Minimal_Default.Minimal_Default_C' with ClassGeneratedBy '/Game/StarterContent/Maps/Minimal_Default.Minimal_Default:PersistentLevel.Minimal_Default'
[2016.02.13-22.28.47:687][481]LogBlueprintUserMessages: Late EndPlayMap Detection: Level '/Game/StarterContent/Maps/Minimal_Default.Minimal_Default:PersistentLevel' has LevelScriptBlueprint '/Game/StarterContent/Maps/Minimal_Default.Minimal_Default:PersistentLevel.Minimal_Default' with GeneratedClass '/Game/StarterContent/Maps/Minimal_Default.Minimal_Default_C' with ClassGeneratedBy '/Game/StarterContent/Maps/Minimal_Default.Minimal_Default:PersistentLevel.Minimal_Default'
[2016.02.13-22.28.47:701][481]LogParticles: Destroying 0 GPU particle simulations for FXSystem 0x000000CF1032F600
[2016.02.13-22.29.25:158][982]LogEngineService: Ryan terminated this instance remotely.
[2016.02.13-22.29.25:158][982]Cmd: QUIT_EDITOR
[2016.02.13-22.29.26:035][983]LogExit: Preparing to exit.
[2016.02.13-22.29.26:037][983]LogProfilerClient: Subscribe Session: 00000000000000000000000000000000
[2016.02.13-22.29.27:163][983]LogExit: Editor shut down
[2016.02.13-22.29.27:163][983]LogExit: Transaction tracking system shut down
[2016.02.13-22.29.27:164][983]LogParticles: Destroying 0 GPU particle simulations for FXSystem 0x000000CF2E0277E0
[2016.02.13-22.29.27:164][983]LogParticles: Destroying 0 GPU particle simulations for FXSystem 0x000000CF2C16F880
[2016.02.13-22.29.27:164][983]LogParticles: Destroying 0 GPU particle simulations for FXSystem 0x000000CF4AFA3240
[2016.02.13-22.29.27:256][983]LogExit: Object subsystem successfully closed.
[2016.02.13-22.29.27:266][983]LogD3D11RHI: Shutdown
[2016.02.13-22.29.27:266][983]LogD3D11RHI: CleanupD3DDevice
[2016.02.13-22.29.27:398][983]LogD3D11RHI: ~FD3D11DynamicRHI
[2016.02.13-22.29.27:410][983]LogModuleManager: Shutting down and abandoning module Cascade (202)
[2016.02.13-22.29.27:411][983]LogModuleManager: Shutting down and abandoning module StaticMeshEditor (201)
[2016.02.13-22.29.27:411][983]LogModuleManager: Shutting down and abandoning module Profiler (200)
[2016.02.13-22.29.27:411][983]LogProfilerClient: Subscribe Session: 00000000000000000000000000000000
[2016.02.13-22.29.27:413][983]LogProfilerClient: Subscribe Session: 00000000000000000000000000000000
[2016.02.13-22.29.27:413][983]LogModuleManager: Shutting down and abandoning module ScreenShotComparisonTools (199)
[2016.02.13-22.29.27:413][983]LogModuleManager: Shutting down and abandoning module CrashTracker (198)
[2016.02.13-22.29.27:413][983]LogModuleManager: Shutting down and abandoning module SceneOutliner (197)
[2016.02.13-22.29.27:413][983]LogModuleManager: Shutting down and abandoning module SuperSearch (196)
[2016.02.13-22.29.27:413][983]LogModuleManager: Shutting down and abandoning module WidgetCarousel (195)
[2016.02.13-22.29.27:413][983]LogModuleManager: Shutting down and abandoning module AddContentDialog (194)
[2016.02.13-22.29.27:414][983]LogModuleManager: Shutting down and abandoning module EditorWidgets (193)
[2016.02.13-22.29.27:414][983]LogModuleManager: Shutting down and abandoning module CollectionManager (192)
[2016.02.13-22.29.27:414][983]LogModuleManager: Shutting down and abandoning module StatsViewer (191)
[2016.02.13-22.29.27:414][983]LogModuleManager: Shutting down and abandoning module FoliageEdit (190)
[2016.02.13-22.29.27:414][983]LogModuleManager: Shutting down and abandoning module LandscapeEditor (189)
[2016.02.13-22.29.27:414][983]LogModuleManager: Shutting down and abandoning module ActorPickerMode (188)
[2016.02.13-22.29.27:414][983]LogModuleManager: Shutting down and abandoning module GeometryMode (187)
[2016.02.13-22.29.27:414][983]LogModuleManager: Shutting down and abandoning module TextureAlignMode (186)
[2016.02.13-22.29.27:414][983]LogModuleManager: Shutting down and abandoning module BspMode (185)
[2016.02.13-22.29.27:414][983]LogModuleManager: Shutting down and abandoning module PlacementMode (184)
[2016.02.13-22.29.27:414][983]LogModuleManager: Shutting down and abandoning module AutomationWorker (183)
[2016.02.13-22.29.27:414][983]LogModuleManager: Shutting down and abandoning module CharacterAI (182)
[2016.02.13-22.29.27:414][983]LogModuleManager: Shutting down and abandoning module SmartSnapping (181)
[2016.02.13-22.29.27:414][983]LogModuleManager: Shutting down and abandoning module ViewportSnapping (180)
[2016.02.13-22.29.27:414][983]LogModuleManager: Shutting down and abandoning module LogVisualizer (179)
[2016.02.13-22.29.27:414][983]LogModuleManager: Shutting down and abandoning module GameProjectGeneration (178)
[2016.02.13-22.29.27:414][983]LogModuleManager: Shutting down and abandoning module IntroTutorials (177)
[2016.02.13-22.29.27:414][983]LogModuleManager: Shutting down and abandoning module EditorLiveStreaming (176)
[2016.02.13-22.29.27:414][983]LogModuleManager: Shutting down and abandoning module IOSPlatformEditor (175)
[2016.02.13-22.29.27:414][983]LogModuleManager: Shutting down and abandoning module HTML5PlatformEditor (174)
[2016.02.13-22.29.27:414][983]LogModuleManager: Shutting down and abandoning module AndroidDeviceDetection (173)
[2016.02.13-22.29.28:071][983]LogModuleManager: Shutting down and abandoning module AndroidPlatformEditor (172)
[2016.02.13-22.29.28:071][983]LogModuleManager: Shutting down and abandoning module IOSRuntimeSettings (171)
[2016.02.13-22.29.28:071][983]LogModuleManager: Shutting down and abandoning module AndroidRuntimeSettings (170)
[2016.02.13-22.29.28:071][983]LogModuleManager: Shutting down and abandoning module MergeActors (169)
[2016.02.13-22.29.28:071][983]LogModuleManager: Shutting down and abandoning module SizeMap (168)
[2016.02.13-22.29.28:071][983]LogModuleManager: Shutting down and abandoning module TreeMap (167)
[2016.02.13-22.29.28:071][983]LogModuleManager: Shutting down and abandoning module ReferenceViewer (166)
[2016.02.13-22.29.28:071][983]LogModuleManager: Shutting down and abandoning module LocalizationService (165)
[2016.02.13-22.29.28:071][983]LogModuleManager: Shutting down and abandoning module LocalizationDashboard (164)
[2016.02.13-22.29.28:071][983]LogModuleManager: Shutting down and abandoning module HardwareTargeting (163)
[2016.02.13-22.29.28:071][983]LogModuleManager: Shutting down and abandoning module DeviceProfileEditor (162)
[2016.02.13-22.29.28:071][983]LogModuleManager: Shutting down and abandoning module UndoHistory (161)
[2016.02.13-22.29.28:071][983]LogModuleManager: Shutting down and abandoning module GameplayTagsEditor (160)
[2016.02.13-22.29.28:071][983]LogModuleManager: Shutting down and abandoning module UserFeedback (159)
[2016.02.13-22.29.28:071][983]LogModuleManager: Shutting down and abandoning module XmlParser (158)
[2016.02.13-22.29.28:071][983]LogModuleManager: Shutting down and abandoning module Blutility (157)
[2016.02.13-22.29.28:071][983]LogModuleManager: Shutting down and abandoning module ProjectTargetPlatformEditor (156)
[2016.02.13-22.29.28:071][983]LogModuleManager: Shutting down and abandoning module ProjectSettingsViewer (155)
[2016.02.13-22.29.28:071][983]LogModuleManager: Shutting down and abandoning module InputBindingEditor (154)
[2016.02.13-22.29.28:071][983]LogModuleManager: Shutting down and abandoning module EditorSettingsViewer (153)
[2016.02.13-22.29.28:071][983]LogModuleManager: Shutting down and abandoning module SettingsEditor (152)
[2016.02.13-22.29.28:071][983]LogModuleManager: Shutting down and abandoning module ProjectLauncher (151)
[2016.02.13-22.29.28:071][983]LogModuleManager: Shutting down and abandoning module SessionFrontend (150)
[2016.02.13-22.29.28:071][983]LogModuleManager: Shutting down and abandoning module ProfilerClient (149)
[2016.02.13-22.29.28:071][983]LogModuleManager: Shutting down and abandoning module TargetDeviceServices (148)
[2016.02.13-22.29.28:071][983]LogModuleManager: Shutting down and abandoning module DeviceManager (147)
[2016.02.13-22.29.28:071][983]LogModuleManager: Shutting down and abandoning module AutomationController (146)
[2016.02.13-22.29.28:072][983]LogModuleManager: Shutting down and abandoning module AutomationWindow (145)
[2016.02.13-22.29.28:072][983]LogModuleManager: Shutting down and abandoning module Layers (144)
[2016.02.13-22.29.28:072][983]LogModuleManager: Shutting down and abandoning module ComponentVisualizers (143)
[2016.02.13-22.29.28:072][983]LogModuleManager: Shutting down and abandoning module DetailCustomizations (142)
[2016.02.13-22.29.28:072][983]LogModuleManager: Shutting down and abandoning module PackagesDialog (141)
[2016.02.13-22.29.28:072][983]LogModuleManager: Shutting down and abandoning module Persona (140)
[2016.02.13-22.29.28:072][983]LogModuleManager: Shutting down and abandoning module Kismet (139)
[2016.02.13-22.29.28:072][983]LogModuleManager: Shutting down and abandoning module GraphEditor (138)
[2016.02.13-22.29.28:072][983]LogModuleManager: Shutting down and abandoning module ClassViewer (137)
[2016.02.13-22.29.28:072][983]LogModuleManager: Shutting down and abandoning module Toolbox (136)
[2016.02.13-22.29.28:072][983]LogModuleManager: Shutting down and abandoning module ModuleUI (135)
[2016.02.13-22.29.28:072][983]LogModuleManager: Shutting down and abandoning module MovieSceneTools (134)
[2016.02.13-22.29.28:072][983]LogModuleManager: Shutting down and abandoning module OutputLog (133)
[2016.02.13-22.29.28:072][983]LogModuleManager: Shutting down and abandoning module GammaUI (132)
[2016.02.13-22.29.28:072][983]LogModuleManager: Shutting down and abandoning module Documentation (131)
[2016.02.13-22.29.28:072][983]LogModuleManager: Shutting down and abandoning module GameLiveStreaming (130)
[2016.02.13-22.29.28:072][983]LogModuleManager: Shutting down and abandoning module StreamingPauseRendering (129)
[2016.02.13-22.29.28:072][983]LogModuleManager: Shutting down and abandoning module AnalyticsET (128)
[2016.02.13-22.29.28:072][983]LogModuleManager: Shutting down and abandoning module Analytics (127)
[2016.02.13-22.29.28:072][983]LogModuleManager: Shutting down and abandoning module AITestSuite (126)
[2016.02.13-22.29.28:072][983]LogModuleManager: Shutting down and abandoning module GameplayDebugger (125)
[2016.02.13-22.29.28:072][983]LogModuleManager: Shutting down and abandoning module AIModule (124)
[2016.02.13-22.29.28:072][983]LogModuleManager: Shutting down and abandoning module ProfilerService (123)
[2016.02.13-22.29.28:306][983]LogModuleManager: Shutting down and abandoning module TaskGraph (122)
[2016.02.13-22.29.28:306][983]LogModuleManager: Shutting down and abandoning module SlateRemote (121)
[2016.02.13-22.29.28:306][983]LogModuleManager: Shutting down and abandoning module SteamVRController (120)
[2016.02.13-22.29.28:306][983]LogModuleManager: Shutting down and abandoning module SteamVR (119)
[2016.02.13-22.29.28:306][983]LogModuleManager: Shutting down and abandoning module ProceduralMeshComponent (118)
[2016.02.13-22.29.28:306][983]LogModuleManager: Shutting down and abandoning module OculusRift (117)
[2016.02.13-22.29.28:306][983]LogModuleManager: Shutting down and abandoning module OculusLibrary (116)
[2016.02.13-22.29.28:306][983]LogModuleManager: Shutting down and abandoning module LeapMotionController (115)
[2016.02.13-22.29.28:323][983]LogModuleManager: Shutting down and abandoning module CustomMeshComponent (114)
[2016.02.13-22.29.28:323][983]LogModuleManager: Shutting down and abandoning module CableComponent (113)
[2016.02.13-22.29.28:323][983]LogModuleManager: Shutting down and abandoning module ArchVisCharacter (112)
[2016.02.13-22.29.28:323][983]LogModuleManager: Shutting down and abandoning module MessagingDebugger (111)
[2016.02.13-22.29.28:323][983]LogModuleManager: Shutting down and abandoning module MediaPlayerEditor (110)
[2016.02.13-22.29.28:323][983]LogModuleManager: Shutting down and abandoning module HTML5Networking (109)
[2016.02.13-22.29.28:323][983]LogModuleManager: Shutting down and abandoning module SpeedTreeImporter (108)
[2016.02.13-22.29.28:323][983]LogModuleManager: Shutting down and abandoning module PluginBrowser (107)
[2016.02.13-22.29.28:323][983]LogModuleManager: Shutting down and abandoning module EpicSurvey (106)
[2016.02.13-22.29.28:323][983]LogModuleManager: Shutting down and abandoning module DesktopPlatform (105)
[2016.02.13-22.29.28:323][983]LogModuleManager: Shutting down and abandoning module VisualStudioSourceCodeAccess (104)
[2016.02.13-22.29.28:323][983]LogModuleManager: Shutting down and abandoning module UObjectPlugin (103)
[2016.02.13-22.29.28:323][983]LogModuleManager: Shutting down and abandoning module SubversionSourceControl (102)
[2016.02.13-22.29.28:323][983]LogModuleManager: Shutting down and abandoning module PerforceSourceControl (101)
[2016.02.13-22.29.28:323][983]LogModuleManager: Shutting down and abandoning module SourceControl (100)
[2016.02.13-22.29.28:323][983]LogModuleManager: Shutting down and abandoning module GitSourceControl (99)
[2016.02.13-22.29.28:323][983]LogModuleManager: Shutting down and abandoning module LightPropagationVolumeEditor (98)
[2016.02.13-22.29.28:323][983]LogModuleManager: Shutting down and abandoning module PaperTiledImporter (97)
[2016.02.13-22.29.28:323][983]LogModuleManager: Shutting down and abandoning module PaperSpriteSheetImporter (96)
[2016.02.13-22.29.28:323][983]LogModuleManager: Shutting down and abandoning module MeshPaint (95)
[2016.02.13-22.29.28:323][983]LogModuleManager: Shutting down and abandoning module SlateReflector (94)
[2016.02.13-22.29.28:323][983]LogModuleManager: Shutting down and abandoning module HotReload (93)
[2016.02.13-22.29.28:323][983]LogModuleManager: Shutting down and abandoning module MainFrame (92)
[2016.02.13-22.29.28:323][983]LogModuleManager: Shutting down and abandoning module LevelEditor (91)
[2016.02.13-22.29.28:324][983]LogModuleManager: Shutting down and abandoning module DirectoryWatcher (90)
[2016.02.13-22.29.28:324][983]LogModuleManager: Shutting down and abandoning module AssetRegistry (89)
[2016.02.13-22.29.28:422][983]LogModuleManager: Shutting down and abandoning module ContentBrowser (88)
[2016.02.13-22.29.28:422][983]LogModuleManager: Shutting down and abandoning module Paper2DEditor (87)
[2016.02.13-22.29.28:423][983]LogModuleManager: Shutting down and abandoning module AISafari (86)
[2016.02.13-22.29.28:423][983]LogModuleManager: Shutting down and abandoning module UdpMessaging (85)
[2016.02.13-22.29.28:524][983]LogModuleManager: Shutting down and abandoning module LightPropagationVolumeRuntime (84)
[2016.02.13-22.29.28:524][983]LogModuleManager: Shutting down and abandoning module Paper2D (83)
[2016.02.13-22.29.28:524][983]LogModuleManager: Shutting down and abandoning module WindowsMoviePlayer (82)
[2016.02.13-22.29.28:526][983]LogModuleManager: Shutting down and abandoning module Media (81)
[2016.02.13-22.29.28:526][983]LogModuleManager: Shutting down and abandoning module WmfMedia (80)
[2016.02.13-22.29.28:526][983]LogModuleManager: Shutting down and abandoning module OnlineBlueprintSupport (79)
[2016.02.13-22.29.28:526][983]LogModuleManager: Shutting down and abandoning module GameplayTasksEditor (78)
[2016.02.13-22.29.28:526][983]LogModuleManager: Shutting down and abandoning module PropertyEditor (77)
[2016.02.13-22.29.28:526][983]LogModuleManager: Shutting down and abandoning module BehaviorTreeEditor (76)
[2016.02.13-22.29.28:526][983]LogModuleManager: Shutting down and abandoning module FunctionalTesting (75)
[2016.02.13-22.29.28:526][983]LogModuleManager: Shutting down and abandoning module CollisionAnalyzer (74)
[2016.02.13-22.29.28:526][983]LogModuleManager: Shutting down and abandoning module WorkspaceMenuStructure (73)
[2016.02.13-22.29.28:526][983]LogModuleManager: Shutting down and abandoning module MessageLog (72)
[2016.02.13-22.29.28:526][983]LogModuleManager: Shutting down and abandoning module Sequencer (71)
[2016.02.13-22.29.28:526][983]LogModuleManager: Shutting down and abandoning module AssetTools (70)
[2016.02.13-22.29.28:526][983]LogModuleManager: Shutting down and abandoning module UMGEditor (69)
[2016.02.13-22.29.28:526][983]LogModuleManager: Shutting down and abandoning module UMG (68)
[2016.02.13-22.29.28:526][983]LogModuleManager: Shutting down and abandoning module Slate (67)
[2016.02.13-22.29.28:526][983]LogModuleManager: Shutting down and abandoning module EditorStyle (66)
[2016.02.13-22.29.28:528][983]LogModuleManager: Shutting down and abandoning module SessionServices (65)
[2016.02.13-22.29.28:528][983]LogModuleManager: Shutting down and abandoning module SourceCodeAccess (64)
[2016.02.13-22.29.28:528][983]LogModuleManager: Shutting down and abandoning module HeadMountedDisplay (63)
[2016.02.13-22.29.28:528][983]LogModuleManager: Shutting down and abandoning module XAudio2 (62)
[2016.02.13-22.29.28:528][983]LogModuleManager: Shutting down and abandoning module Networking (60)
[2016.02.13-22.29.28:528][983]LogModuleManager: Shutting down and abandoning module Core (59)
[2016.02.13-22.29.28:528][983]LogModuleManager: Shutting down and abandoning module KismetCompiler (58)
[2016.02.13-22.29.28:528][983]LogModuleManager: Shutting down and abandoning module PhysXFormats (57)
[2016.02.13-22.29.28:528][983]LogModuleManager: Shutting down and abandoning module MeshUtilities (56)
[2016.02.13-22.29.28:528][983]LogModuleManager: Shutting down and abandoning module CookingStats (55)
[2016.02.13-22.29.28:528][983]LogModuleManager: Shutting down and abandoning module DerivedDataCache (54)
[2016.02.13-22.29.28:577][983]LogDerivedDataCache: Shutdown
[2016.02.13-22.29.28:577][983]LogModuleManager: Shutting down and abandoning module ShaderFormatOpenGL (53)
[2016.02.13-22.29.28:577][983]LogModuleManager: Shutting down and abandoning module ShaderFormatD3D (52)
[2016.02.13-22.29.28:577][983]LogModuleManager: Shutting down and abandoning module MetalShaderFormat (51)
[2016.02.13-22.29.28:577][983]LogModuleManager: Shutting down and abandoning module TextureFormatUncompressed (50)
[2016.02.13-22.29.28:577][983]LogModuleManager: Shutting down and abandoning module TextureFormatPVR (49)
[2016.02.13-22.29.28:577][983]LogModuleManager: Shutting down and abandoning module TextureFormatIntelISPCTexComp (48)
[2016.02.13-22.29.28:577][983]LogModuleManager: Shutting down and abandoning module TextureFormatDXT (47)
[2016.02.13-22.29.28:577][983]LogModuleManager: Shutting down and abandoning module ImageWrapper (46)
[2016.02.13-22.29.28:577][983]LogModuleManager: Shutting down and abandoning module TextureFormatASTC (45)
[2016.02.13-22.29.28:577][983]LogModuleManager: Shutting down and abandoning module TextureFormatAndroid (44)
[2016.02.13-22.29.28:577][983]LogModuleManager: Shutting down and abandoning module AudioFormatOpus (43)
[2016.02.13-22.29.28:577][983]LogModuleManager: Shutting down and abandoning module AudioFormatOgg (42)
[2016.02.13-22.29.28:577][983]LogModuleManager: Shutting down and abandoning module AudioFormatADPCM (41)
[2016.02.13-22.29.28:577][983]LogModuleManager: Shutting down and abandoning module LinuxTargetPlatform (40)
[2016.02.13-22.29.28:577][983]LogModuleManager: Shutting down and abandoning module LinuxServerTargetPlatform (39)
[2016.02.13-22.29.28:577][983]LogModuleManager: Shutting down and abandoning module LinuxNoEditorTargetPlatform (38)
[2016.02.13-22.29.28:577][983]LogModuleManager: Shutting down and abandoning module Messaging (37)
[2016.02.13-22.29.28:577][983]LogModuleManager: Shutting down and abandoning module IOSTargetPlatform (36)
[2016.02.13-22.29.28:577][983]LogModuleManager: Shutting down and abandoning module HTML5TargetPlatform (35)
[2016.02.13-22.29.28:577][983]LogModuleManager: Shutting down and abandoning module Android_PVRTCTargetPlatform (34)
[2016.02.13-22.29.28:577][983]LogModuleManager: Shutting down and abandoning module Android_ETC2TargetPlatform (33)
[2016.02.13-22.29.28:577][983]LogModuleManager: Shutting down and abandoning module Android_ETC1TargetPlatform (32)
[2016.02.13-22.29.28:577][983]LogModuleManager: Shutting down and abandoning module Android_DXTTargetPlatform (31)
[2016.02.13-22.29.28:577][983]LogModuleManager: Shutting down and abandoning module Android_ATCTargetPlatform (30)
[2016.02.13-22.29.28:577][983]LogModuleManager: Shutting down and abandoning module Android_ASTCTargetPlatform (29)
[2016.02.13-22.29.28:577][983]LogModuleManager: Shutting down and abandoning module AndroidTargetPlatform (28)
[2016.02.13-22.29.28:577][983]LogModuleManager: Shutting down and abandoning module WindowsTargetPlatform (27)
[2016.02.13-22.29.28:577][983]LogModuleManager: Shutting down and abandoning module WindowsServerTargetPlatform (26)
[2016.02.13-22.29.28:577][983]LogModuleManager: Shutting down and abandoning module WindowsNoEditorTargetPlatform (25)
[2016.02.13-22.29.28:577][983]LogModuleManager: Shutting down and abandoning module WindowsClientTargetPlatform (24)
[2016.02.13-22.29.28:577][983]LogModuleManager: Shutting down and abandoning module AllDesktopTargetPlatform (23)
[2016.02.13-22.29.28:577][983]LogModuleManager: Shutting down and abandoning module TargetPlatform (22)
[2016.02.13-22.29.28:577][983]LogModuleManager: Shutting down and abandoning module InputCore (21)
[2016.02.13-22.29.28:577][983]LogModuleManager: Shutting down and abandoning module Settings (20)
[2016.02.13-22.29.28:577][983]LogModuleManager: Shutting down and abandoning module OnlineSubsystem (18)
[2016.02.13-22.29.28:577][983]LogModuleManager: Shutting down and abandoning module HTTP (17)
[2016.02.13-22.29.30:579][983]LogModuleManager: Shutting down and abandoning module XMPP (16)
[2016.02.13-22.29.30:579][983]LogModuleManager: Shutting down and abandoning module ExampleDeviceProfileSelector (15)
[2016.02.13-22.29.30:579][983]LogModuleManager: Shutting down and abandoning module TextureCompressor (14)
[2016.02.13-22.29.30:579][983]LogModuleManager: Shutting down and abandoning module ShaderCore (13)
[2016.02.13-22.29.30:579][983]LogModuleManager: Shutting down and abandoning module Landscape (12)
[2016.02.13-22.29.30:579][983]LogModuleManager: Shutting down and abandoning module SlateRHIRenderer (11)
[2016.02.13-22.29.30:580][983]LogModuleManager: Shutting down and abandoning module OpenGLDrv (10)
[2016.02.13-22.29.30:580][983]LogModuleManager: Shutting down and abandoning module D3D11RHI (9)
[2016.02.13-22.29.30:580][983]LogModuleManager: Shutting down and abandoning module AnimGraphRuntime (8)
[2016.02.13-22.29.30:580][983]LogModuleManager: Shutting down and abandoning module Renderer (7)
[2016.02.13-22.29.30:580][983]LogModuleManager: Shutting down and abandoning module Engine (6)
[2016.02.13-22.29.30:580][983]LogModuleManager: Shutting down and abandoning module CoreUObject (5)
[2016.02.13-22.29.30:580][983]LogModuleManager: Shutting down and abandoning module NetworkFile (4)
[2016.02.13-22.29.30:580][983]LogModuleManager: Shutting down and abandoning module StreamingFile (3)
[2016.02.13-22.29.30:580][983]LogModuleManager: Shutting down and abandoning module SandboxFile (2)
[2016.02.13-22.29.30:580][983]LogModuleManager: Shutting down and abandoning module PakFile (1)
[2016.02.13-22.29.30:585][983]LogStats: Wrote stats file: Q:/Classes/3-2/AI/AISafari/Saved/Profiling/UnrealStats/UEDPIE_0_Minimal_Default-Windows-02.13-17.27.28/UEDPIE_0_Minimal_Default-Windows-13-17.27.28.ue4stats
[2016.02.13-22.29.30:586][983]LogExit: Exiting.
[2016.02.13-22.29.30:595][983]Log file closed, 02/13/16 17:29:30
