[2016.02.13-18.29.33:152][  0]Log file open, 02/13/16 13:29:33
[2016.02.13-18.29.33:152][  0]LogInit:Display: Running engine for game: AISafari
[2016.02.13-18.29.33:152][  0]LogInit:Display: RandInit(-571023246) SRandInit(-571023246).
[2016.02.13-18.29.33:152][  0]LogTaskGraph: Started task graph with 4 named threads and 7 total threads.
[2016.02.13-18.29.33:152][  0]LogStats: Stats thread started at 0.069735
[2016.02.13-18.29.33:152][  0]LogInit: Version: 4.9.2-2707645+++depot+UE4-Releases+4.9
[2016.02.13-18.29.33:152][  0]LogInit: API Version: 2672455
[2016.02.13-18.29.33:152][  0]LogInit: Compiled (64-bit): Sep 28 2015 10:25:44
[2016.02.13-18.29.33:152][  0]LogInit: Compiled with Visual C++: 18.00.21005.01
[2016.02.13-18.29.33:152][  0]LogInit: Build Configuration: Development
[2016.02.13-18.29.33:152][  0]LogInit: Branch Name: ++depot+UE4-Releases+4.9
[2016.02.13-18.29.33:152][  0]LogInit: Command line:  
[2016.02.13-18.29.33:152][  0]LogInit: Base directory: C:/Program Files (x86)/Epic Games/4.9/Engine/Binaries/Win64/
[2016.02.13-18.29.33:152][  0]LogInit: Rocket: 1
[2016.02.13-18.29.33:159][  0]LogInit: Using libcurl 7.41.0
[2016.02.13-18.29.33:159][  0]LogInit:  - built for x86_64-pc-win32
[2016.02.13-18.29.33:159][  0]LogInit:  - supports SSL with WinSSL
[2016.02.13-18.29.33:159][  0]LogInit:  - other features:
[2016.02.13-18.29.33:159][  0]LogInit:      CURL_VERSION_SSL
[2016.02.13-18.29.33:159][  0]LogInit:      CURL_VERSION_IPV6
[2016.02.13-18.29.33:159][  0]LogInit:      CURL_VERSION_ASYNCHDNS
[2016.02.13-18.29.33:159][  0]LogInit:      CURL_VERSION_LARGEFILE
[2016.02.13-18.29.33:159][  0]LogInit:      CURL_VERSION_IDN
[2016.02.13-18.29.33:159][  0]LogInit:  CurlRequestOptions (configurable via config and command line):
[2016.02.13-18.29.33:159][  0]LogInit:  - bVerifyPeer = true  - Libcurl will verify peer certificate
[2016.02.13-18.29.33:159][  0]LogInit:  - bUseHttpProxy = false  - Libcurl will NOT use HTTP proxy
[2016.02.13-18.29.33:159][  0]LogInit:  - bDontReuseConnections = false  - Libcurl will reuse connections
[2016.02.13-18.29.33:159][  0]LogInit:  - CertBundlePath = nullptr  - Libcurl will use whatever was configured at build time.
[2016.02.13-18.29.33:165][  0]LogInit: Presizing for 0 objects not considered by GC, pre-allocating 0 bytes.
[2016.02.13-18.29.33:169][  0]LogInit: Object subsystem initialized
[2016.02.13-18.29.33:170][  0]LogInit: Selected Device Profile: [Windows]
[2016.02.13-18.29.33:170][  0]LogInit: Applying CVar settings loaded from the selected device profile: [Windows]
[2016.02.13-18.29.33:179][  0]LogInit: Computer: ZEBRADESKTOP
[2016.02.13-18.29.33:179][  0]LogInit: User: Ryan
[2016.02.13-18.29.33:179][  0]LogInit: CPU Page size=4096, Cores=4
[2016.02.13-18.29.33:179][  0]LogInit: High frequency timer resolution =3.984648 MHz
[2016.02.13-18.29.33:179][  0]LogMemory: Memory total: Physical=15.9GB (16GB approx)
[2016.02.13-18.29.33:179][  0]LogMemory: Platform Memory Stats for Windows
[2016.02.13-18.29.33:179][  0]LogMemory: Process Physical Memory: 53.95 MB used, 53.95 MB peak
[2016.02.13-18.29.33:179][  0]LogMemory: Process Virtual Memory: 57.40 MB used, 57.40 MB peak
[2016.02.13-18.29.33:179][  0]LogMemory: Physical Memory: 7881.69 MB used, 16325.73 MB total
[2016.02.13-18.29.33:179][  0]LogMemory: Virtual Memory: 366.70 MB used, 134217728.00 MB total
[2016.02.13-18.29.33:209][  0]LogTextLocalizationManager: No specific translations for ('en-US') exist, so ('en') translations will be used.
[2016.02.13-18.29.33:824][  0]LogD3D11RHI: Found D3D11 adapter 0: NVIDIA GeForce GTX 780 (Feature Level 11_0)
[2016.02.13-18.29.33:824][  0]LogD3D11RHI: Adapter has 5971MB of dedicated video memory, 0MB of dedicated system memory, and 8162MB of shared system memory, 3 output[s]
[2016.02.13-18.29.33:825][  0]LogD3D11RHI: Found D3D11 adapter 1: Microsoft Basic Render Driver (Feature Level 11_0)
[2016.02.13-18.29.33:825][  0]LogD3D11RHI: Adapter has 0MB of dedicated video memory, 0MB of dedicated system memory, and 8162MB of shared system memory, 0 output[s]
[2016.02.13-18.29.33:825][  0]LogD3D11RHI: Chosen D3D11 Adapter Id = 0
[2016.02.13-18.29.36:111][  0]LogWindowsTextInputMethodSystem:Display: IME system now deactivated.
[2016.02.13-18.29.36:114][  0]LogD3D11RHI: !Direct3DDevice
[2016.02.13-18.29.36:114][  0]LogRHI: Texture pool is 1361 MB (70% of 1945 MB)
[2016.02.13-18.29.36:128][  0]LogD3D11RHI: Async texture creation enabled
[2016.02.13-18.29.36:145][  0]LogShaderCompilers: Guid format shader working directory is 14 characters bigger than the processId version (Q:/Classes/3-2/AI/AISafari/Intermediate/Shaders/WorkingDirectory/21388/).
[2016.02.13-18.29.36:145][  0]LogShaderCompilers: Cleaned the shader compiler working directory 'Q:/Classes/3-2/AI/AISafari/Intermediate/Shaders/tmp/942D7FDF4ABB9B0E304FE29924680A3A/'.
[2016.02.13-18.29.36:145][  0]LogShaderCompilers:Display: Using Local Shader Compiler.
[2016.02.13-18.29.36:861][  0]LogTemp:Display: Loaded TP AllDesktopTargetPlatform
[2016.02.13-18.29.36:868][  0]LogTemp:Display: Loaded TP WindowsClientTargetPlatform
[2016.02.13-18.29.36:874][  0]LogTemp:Display: Loaded TP WindowsNoEditorTargetPlatform
[2016.02.13-18.29.36:881][  0]LogTemp:Display: Loaded TP WindowsServerTargetPlatform
[2016.02.13-18.29.36:886][  0]LogTemp:Display: Loaded TP WindowsTargetPlatform
[2016.02.13-18.29.36:888][  0]LogTemp:Display: Loaded TP AndroidTargetPlatform
[2016.02.13-18.29.36:890][  0]LogTemp:Display: Loaded TP Android_ASTCTargetPlatform
[2016.02.13-18.29.36:894][  0]LogTemp:Display: Loaded TP Android_ATCTargetPlatform
[2016.02.13-18.29.36:897][  0]LogTemp:Display: Loaded TP Android_DXTTargetPlatform
[2016.02.13-18.29.36:899][  0]LogTemp:Display: Loaded TP Android_ETC1TargetPlatform
[2016.02.13-18.29.36:902][  0]LogTemp:Display: Loaded TP Android_ETC2TargetPlatform
[2016.02.13-18.29.36:904][  0]LogTemp:Display: Loaded TP Android_PVRTCTargetPlatform
[2016.02.13-18.29.36:904][  0]LogTemp:Display: Loaded TP HTML5TargetPlatform
[2016.02.13-18.29.36:921][  0]LogTemp:Display: Loaded TP IOSTargetPlatform
[2016.02.13-18.29.36:923][  0]LogTemp:Display: Loaded TP LinuxNoEditorTargetPlatform
[2016.02.13-18.29.36:925][  0]LogTemp:Display: Loaded TP LinuxServerTargetPlatform
[2016.02.13-18.29.36:929][  0]LogTemp:Display: Loaded TP LinuxTargetPlatform
[2016.02.13-18.29.36:929][  0]LogTargetPlatformManager:Display: Building Assets For Windows
[2016.02.13-18.29.36:994][  0]LogDerivedDataCache:Display: Max Cache Size: 512 MB
[2016.02.13-18.29.37:030][  0]LogDerivedDataCache: Loaded boot cache 0.04s 41MB C:/Users/Ryan/AppData/Local/UnrealEngine/4.9/DerivedDataCache/Boot.ddc.
[2016.02.13-18.29.37:030][  0]LogDerivedDataCache:Display: Loaded Boot cache: C:/Users/Ryan/AppData/Local/UnrealEngine/4.9/DerivedDataCache/Boot.ddc
[2016.02.13-18.29.37:030][  0]LogDerivedDataCache: FDerivedDataBackendGraph:  Pak pak cache file Q:/Classes/3-2/AI/AISafari/DerivedDataCache/DDC.ddp not found, will not use a pak cache.
[2016.02.13-18.29.37:030][  0]LogDerivedDataCache: Unable to find inner node Pak for hierarchical cache Hierarchy.
[2016.02.13-18.29.37:030][  0]LogDerivedDataCache: FDerivedDataBackendGraph:  CompressedPak pak cache file Q:/Classes/3-2/AI/AISafari/DerivedDataCache/Compressed.ddp not found, will not use a pak cache.
[2016.02.13-18.29.37:030][  0]LogDerivedDataCache: Unable to find inner node CompressedPak for hierarchical cache Hierarchy.
[2016.02.13-18.29.37:135][  0]LogDerivedDataCache:Display: Pak cache opened for reading ../../../Engine/DerivedDataCache/Compressed.ddp.
[2016.02.13-18.29.37:147][  0]LogDerivedDataCache: Using Local data cache path C:/Users/Ryan/AppData/Local/UnrealEngine/Common/DerivedDataCache: Writable
[2016.02.13-18.29.37:280][  0]LogInit: Selected Device Profile: [Windows]
[2016.02.13-18.29.37:282][  0]LogContentStreaming: Texture pool size is 0.000000MB
[2016.02.13-18.29.37:367][  0]LogMeshUtilities: No automatic mesh reduction module available
[2016.02.13-18.29.37:367][  0]LogMeshUtilities: No automatic mesh merging module available
[2016.02.13-18.29.37:544][  0]LogInit: WinSock: version 1.1 (2.2), MaxSocks=32767, MaxUdp=65467
[2016.02.13-18.29.38:057][  0]UdpMessaging: Initializing bridge on interface 0.0.0.0:0 to multicast group 230.0.0.1:6666.
[2016.02.13-18.29.38:153][  0]LogAssetRegistry: FAssetRegistry took 0.0110 seconds to start up
[2016.02.13-18.29.38:281][  0]SourceControl: Info Source control is disabled
[2016.02.13-18.29.38:288][  0]SourceControl: Info Source control is disabled
[2016.02.13-18.29.38:299][  0]SourceControl: Info Source control is disabled
[2016.02.13-18.29.38:306][  0]SourceControl: Info Source control is disabled
[2016.02.13-18.29.38:429][  0]LogLinker:Warning: Asset '../../../Engine/Plugins/Runtime/LeapMotionController/Content/LM_PassthroughMaterial.uasset' has been saved with empty engine version. The asset will be loaded but may be incompatible.
[2016.02.13-18.29.38:492][  0]LogObj: 28380 objects as part of root set at end of initial load.
[2016.02.13-18.29.38:492][  0]LogUObjectAllocator: 6046576 out of 0 bytes used by permanent object pool.
[2016.02.13-18.29.38:538][  0]LogEngine: Initializing Engine...
[2016.02.13-18.29.38:539][  0]LogHMD: Can't find Oculus library dev build: is proper Runtime installed? Version: 0.7.0.0
[2016.02.13-18.29.38:540][  0]LogHMD: SteamVR failed to initialize.  Err: 110
[2016.02.13-18.29.38:633][  0]LogAIModule: Creating AISystem for world NewWorld
[2016.02.13-18.29.38:639][  0]LogInit: XAudio2 using 'Speakers (ASUS Xonar DGX Audio Device)' : 2 channels at 44.1 kHz using 16 bits per sample (channel mask 0x3)
[2016.02.13-18.29.38:645][  0]LogInit: FAudioDevice initialized.
[2016.02.13-18.29.38:663][  0]LogDerivedDataCache: Saved boot cache 0.02s 41MB C:/Users/Ryan/AppData/Local/UnrealEngine/4.9/DerivedDataCache/Boot.ddc.
[2016.02.13-18.29.38:667][  0]LogInit: Texture streaming: Enabled
[2016.02.13-18.29.38:672][  0]LogAnalytics: Creating configured Analytics provider AnalyticsET
[2016.02.13-18.29.38:672][  0]LogAnalytics: [UEEditor.Rocket.Release] APIServer = http://et2.epicgames.com/ET2/. AppVersion = 4.9.2-2707645+++depot+UE4-Releases+4.9
[2016.02.13-18.29.38:672][  0]LogAnalytics: [UEEditor.Rocket.Release] SetUserId d1f9beca401d8fe412e57fa88e66abb9|85745c8591404a23957796735eaccf05|defee072-9da8-4f68-a06a-f65b3a6c30bf
[2016.02.13-18.29.38:672][  0]LogAnalytics: [UEEditor.Rocket.Release] AnalyticsET::StartSession
[2016.02.13-18.29.38:699][  0]LogInit: Transaction tracking system initialized
[2016.02.13-18.29.38:721][  0]BlueprintLog: New page: Editor Load
[2016.02.13-18.29.38:791][  0]LocalizationService: Info Localization service is disabled
[2016.02.13-18.29.38:855][  0]LogConsoleResponse:Display: 
[2016.02.13-18.29.38:939][  0]LogCook:Display: Done creating registry. It took  0.00s.
[2016.02.13-18.29.38:985][  0]LogFileCache: Scanning file cache for directory 'Q:/Classes/3-2/AI/AISafari/Content/' took 0.01s
[2016.02.13-18.29.38:985][  0]SourceControl: Info Source control is disabled
[2016.02.13-18.29.38:985][  0]Cmd: MAP LOAD FILE="Q:/Classes/3-2/AI/AISafari/Content/StarterContent/Maps/Minimal_Default.umap" TEMPLATE=0 SHOWPROGRESS=1 FEATURELEVEL=3
[2016.02.13-18.29.38:985][  0]LightingResults: New page: Lighting Build
[2016.02.13-18.29.38:988][  0]MapCheck: New page: Map Check
[2016.02.13-18.29.38:988][  0]LightingResults: New page: Lighting Build
[2016.02.13-18.29.38:997][  0]LogParticles: Destroying 0 GPU particle simulations for FXSystem 0x000000EE0C13FCE0
[2016.02.13-18.29.39:211][  0]LogAIModule: Creating AISystem for world Minimal_Default
[2016.02.13-18.29.39:220][  0]LogEditorServer: Finished looking for orphan Actors (0.000 secs)
[2016.02.13-18.29.39:221][  0]Cmd: MAP CHECKDEP NOCLEARLOG
[2016.02.13-18.29.39:267][  0]MapCheck: Info Map check complete: 0 Error(s), 0 Warning(s), took 45.31ms to complete.
[2016.02.13-18.29.39:267][  0]LogFileHelpers: Loading map 'Minimal_Default' took 0.282
[2016.02.13-18.29.39:400][  0]LogCollectionManager: Loaded 0 collections in 0.002709 seconds
[2016.02.13-18.29.39:442][  0]LogFileCache: Scanning file cache for directory 'Q:/Classes/3-2/AI/AISafari/Saved/Collections/' took 0.01s
[2016.02.13-18.29.39:442][  0]LogFileCache: Scanning file cache for directory 'Q:/Classes/3-2/AI/AISafari/Content/Developers/Ryan/Collections/' took 0.01s
[2016.02.13-18.29.39:442][  0]LogFileCache: Scanning file cache for directory 'Q:/Classes/3-2/AI/AISafari/Content/Collections/' took 0.01s
[2016.02.13-18.29.39:442][  0]LogContentBrowser: Native class hierarchy populated in 0.0093 seconds. Added 1871 classes and 336 folders.
[2016.02.13-18.29.39:462][  0]LogCollectionManager: Rebuilt the GUID cache for 0 collections in 0.000003 seconds
[2016.02.13-18.29.39:469][  0]LogContentBrowser: Native class hierarchy updated for 'WidgetCarousel' in 0.0014 seconds. Added 0 classes and 0 folders.
[2016.02.13-18.29.39:504][  0]LogContentBrowser: Native class hierarchy updated for 'AddContentDialog' in 0.0009 seconds. Added 0 classes and 0 folders.
[2016.02.13-18.29.39:508][  0]LogContentBrowser: Native class hierarchy updated for 'SceneOutliner' in 0.0009 seconds. Added 1 classes and 2 folders.
[2016.02.13-18.29.39:523][  0]LogCrashTracker: Crashtracker disabled due to settings.
[2016.02.13-18.29.39:528][  0]LogUObjectGlobals:Warning: Failed to find object 'Class None.'
[2016.02.13-18.29.39:551][  0]LogLoad: Full Startup: 7.04 seconds (BP compile: 0.03 seconds)
[2016.02.13-18.29.39:560][  0]LogWindowsTextInputMethodSystem:Display: IME system now deactivated.
[2016.02.13-18.29.39:611][  0]LogContentStreaming: Texture pool size now 1000 MB
[2016.02.13-18.29.39:729][  0]LogRenderer: Reallocating scene render targets to support 1208x600 (Frame:2).
[2016.02.13-18.29.40:246][  2]LogAssetRegistry: Asset discovery search completed in 2.1047 seconds
[2016.02.13-18.29.40:246][  2]LogCollectionManager: Rebuilt the object cache for 0 collections in 0.000001 seconds (found 0 objects)
[2016.02.13-18.29.40:246][  2]LogCollectionManager: Fixed up redirectors for 0 collections in 0.000022 seconds (updated 0 objects)
[2016.02.13-18.29.48:798][237]LogBlueprintUserMessages: Early PlayInEditor Detection: Level '/Game/StarterContent/Maps/Minimal_Default.Minimal_Default:PersistentLevel' has LevelScriptBlueprint '/Game/StarterContent/Maps/Minimal_Default.Minimal_Default:PersistentLevel.Minimal_Default' with GeneratedClass '/Game/StarterContent/Maps/Minimal_Default.Minimal_Default_C' with ClassGeneratedBy '/Game/StarterContent/Maps/Minimal_Default.Minimal_Default:PersistentLevel.Minimal_Default'
[2016.02.13-18.29.48:798][237]LogPlayLevel: PlayLevel: No blueprints needed recompiling
[2016.02.13-18.29.48:798][237]PIE: New page: PIE session: Minimal_Default (Feb 13, 2016, 8:29:48 AM)
[2016.02.13-18.29.48:799][237]LogPlayLevel: Creating play world package: /Game/StarterContent/Maps/UEDPIE_0_Minimal_Default
[2016.02.13-18.29.48:804][237]LogPlayLevel: PIE: StaticDuplicateObject took: (0.005811s)
[2016.02.13-18.29.48:805][237]LogAIModule: Creating AISystem for world Minimal_Default
[2016.02.13-18.29.48:805][237]LogPlayLevel: PIE: World Init took: (0.000735s)
[2016.02.13-18.29.48:805][237]LogPlayLevel: PIE: Created PIE world by copying editor world from /Game/StarterContent/Maps/Minimal_Default.Minimal_Default to /Game/StarterContent/Maps/UEDPIE_0_Minimal_Default.Minimal_Default (0.006750s)
[2016.02.13-18.29.48:824][237]LogInit: XAudio2 using 'Speakers (ASUS Xonar DGX Audio Device)' : 2 channels at 44.1 kHz using 16 bits per sample (channel mask 0x3)
[2016.02.13-18.29.48:826][237]LogInit: FAudioDevice initialized.
[2016.02.13-18.29.48:874][237]LogWorld: Game class is 'AISafariGameMode'
[2016.02.13-18.29.48:876][237]LogWorld: Bringing World /Game/StarterContent/Maps/UEDPIE_0_Minimal_Default.Minimal_Default up for play (max tick rate 0) at 2016.02.13-13.29.48
[2016.02.13-18.29.48:876][237]LogActor:Warning: GameSession /Game/StarterContent/Maps/UEDPIE_0_Minimal_Default.Minimal_Default:PersistentLevel.GameSession_0 has natively added scene component(s), but none of them were set as the actor's RootComponent - picking one arbitrarily
[2016.02.13-18.29.48:876][237]LogActor:Warning: GameNetworkManager /Game/StarterContent/Maps/UEDPIE_0_Minimal_Default.Minimal_Default:PersistentLevel.GameNetworkManager_0 has natively added scene component(s), but none of them were set as the actor's RootComponent - picking one arbitrarily
[2016.02.13-18.29.48:876][237]LogWorld: Bringing up level for play took: 0.002029
[2016.02.13-18.29.48:991][237]PIE: Info Play in editor start time for /Game/StarterContent/Maps/UEDPIE_0_Minimal_Default -0.181
[2016.02.13-18.29.48:991][237]LogBlueprintUserMessages: Late PlayInEditor Detection: Level '/Game/StarterContent/Maps/Minimal_Default.Minimal_Default:PersistentLevel' has LevelScriptBlueprint '/Game/StarterContent/Maps/Minimal_Default.Minimal_Default:PersistentLevel.Minimal_Default' with GeneratedClass '/Game/StarterContent/Maps/Minimal_Default.Minimal_Default_C' with ClassGeneratedBy '/Game/StarterContent/Maps/Minimal_Default.Minimal_Default:PersistentLevel.Minimal_Default'
[2016.02.13-18.29.49:153][237]LogCrashTracker: 


[2016.02.13-18.29.49:153][237]LogCrashTracker: 


[2016.02.13-18.29.49:153][237]LogWindows: === Critical error: ===
Fatal error!



[2016.02.13-18.29.49:246][237]LogExit: Executing StaticShutdownAfterError
[2016.02.13-18.29.49:255][237]LogPhysics:Warning: PHYSX: ..\..\PhysX\src\NpScene.cpp (2946) 8 : PxScene::unlockWrite() called without matching call to PxScene::lockWrite(), behaviour will be undefined.
[2016.02.13-18.29.49:255][237]LogPhysics:Warning: PHYSX: ..\..\PhysX\src\NpScene.cpp (2946) 8 : PxScene::unlockWrite() called without matching call to PxScene::lockWrite(), behaviour will be undefined.
[2016.02.13-18.29.49:255][237]LogPhysics:Warning: PHYSX: ..\..\PhysX\src\NpScene.cpp (2946) 8 : PxScene::unlockWrite() called without matching call to PxScene::lockWrite(), behaviour will be undefined.
[2016.02.13-18.29.49:255][237]LogPhysics:Warning: PHYSX: ..\..\PhysX\src\NpScene.cpp (2946) 8 : PxScene::unlockWrite() called without matching call to PxScene::lockWrite(), behaviour will be undefined.
[2016.02.13-18.29.49:255][237]LogWindows: FPlatformMisc::RequestExit(1)
[2016.02.13-18.29.49:255][237]Log file closed, 02/13/16 13:29:49
