[2016.02.15-22.35.54:222][  0]Log file open, 02/15/16 17:35:54
[2016.02.15-22.35.54:222][  0]LogInit:Display: Running engine for game: AISafari
[2016.02.15-22.35.54:222][  0]LogInit:Display: RandInit(-1014638695) SRandInit(-1014638695).
[2016.02.15-22.35.54:222][  0]LogTaskGraph: Started task graph with 4 named threads and 7 total threads.
[2016.02.15-22.35.54:222][  0]LogStats: Stats thread started at 0.068030
[2016.02.15-22.35.54:222][  0]LogInit: Version: 4.9.2-2707645+++depot+UE4-Releases+4.9
[2016.02.15-22.35.54:222][  0]LogInit: API Version: 2672455
[2016.02.15-22.35.54:222][  0]LogInit: Compiled (64-bit): Sep 28 2015 10:25:44
[2016.02.15-22.35.54:222][  0]LogInit: Compiled with Visual C++: 18.00.21005.01
[2016.02.15-22.35.54:222][  0]LogInit: Build Configuration: Development
[2016.02.15-22.35.54:222][  0]LogInit: Branch Name: ++depot+UE4-Releases+4.9
[2016.02.15-22.35.54:222][  0]LogInit: Command line:  
[2016.02.15-22.35.54:222][  0]LogInit: Base directory: C:/Program Files (x86)/Epic Games/4.9/Engine/Binaries/Win64/
[2016.02.15-22.35.54:222][  0]LogInit: Rocket: 1
[2016.02.15-22.35.54:232][  0]LogInit: Using libcurl 7.41.0
[2016.02.15-22.35.54:232][  0]LogInit:  - built for x86_64-pc-win32
[2016.02.15-22.35.54:232][  0]LogInit:  - supports SSL with WinSSL
[2016.02.15-22.35.54:232][  0]LogInit:  - other features:
[2016.02.15-22.35.54:232][  0]LogInit:      CURL_VERSION_SSL
[2016.02.15-22.35.54:232][  0]LogInit:      CURL_VERSION_IPV6
[2016.02.15-22.35.54:232][  0]LogInit:      CURL_VERSION_ASYNCHDNS
[2016.02.15-22.35.54:232][  0]LogInit:      CURL_VERSION_LARGEFILE
[2016.02.15-22.35.54:232][  0]LogInit:      CURL_VERSION_IDN
[2016.02.15-22.35.54:232][  0]LogInit:  CurlRequestOptions (configurable via config and command line):
[2016.02.15-22.35.54:232][  0]LogInit:  - bVerifyPeer = true  - Libcurl will verify peer certificate
[2016.02.15-22.35.54:232][  0]LogInit:  - bUseHttpProxy = false  - Libcurl will NOT use HTTP proxy
[2016.02.15-22.35.54:232][  0]LogInit:  - bDontReuseConnections = false  - Libcurl will reuse connections
[2016.02.15-22.35.54:232][  0]LogInit:  - CertBundlePath = nullptr  - Libcurl will use whatever was configured at build time.
[2016.02.15-22.35.54:238][  0]LogInit: Presizing for 0 objects not considered by GC, pre-allocating 0 bytes.
[2016.02.15-22.35.54:243][  0]LogInit: Object subsystem initialized
[2016.02.15-22.35.54:244][  0]LogInit: Selected Device Profile: [Windows]
[2016.02.15-22.35.54:244][  0]LogInit: Applying CVar settings loaded from the selected device profile: [Windows]
[2016.02.15-22.35.54:250][  0]LogInit: Computer: ZEBRADESKTOP
[2016.02.15-22.35.54:250][  0]LogInit: User: Ryan
[2016.02.15-22.35.54:250][  0]LogInit: CPU Page size=4096, Cores=4
[2016.02.15-22.35.54:250][  0]LogInit: High frequency timer resolution =3.984648 MHz
[2016.02.15-22.35.54:250][  0]LogMemory: Memory total: Physical=15.9GB (16GB approx)
[2016.02.15-22.35.54:250][  0]LogMemory: Platform Memory Stats for Windows
[2016.02.15-22.35.54:250][  0]LogMemory: Process Physical Memory: 53.92 MB used, 53.92 MB peak
[2016.02.15-22.35.54:250][  0]LogMemory: Process Virtual Memory: 57.42 MB used, 57.42 MB peak
[2016.02.15-22.35.54:250][  0]LogMemory: Physical Memory: 6311.92 MB used, 16325.73 MB total
[2016.02.15-22.35.54:250][  0]LogMemory: Virtual Memory: 366.70 MB used, 134217728.00 MB total
[2016.02.15-22.35.54:283][  0]LogTextLocalizationManager: No specific translations for ('en-US') exist, so ('en') translations will be used.
[2016.02.15-22.35.54:932][  0]LogD3D11RHI: Found D3D11 adapter 0: NVIDIA GeForce GTX 780 (Feature Level 11_0)
[2016.02.15-22.35.54:932][  0]LogD3D11RHI: Adapter has 5971MB of dedicated video memory, 0MB of dedicated system memory, and 8162MB of shared system memory, 3 output[s]
[2016.02.15-22.35.54:933][  0]LogD3D11RHI: Found D3D11 adapter 1: Microsoft Basic Render Driver (Feature Level 11_0)
[2016.02.15-22.35.54:933][  0]LogD3D11RHI: Adapter has 0MB of dedicated video memory, 0MB of dedicated system memory, and 8162MB of shared system memory, 0 output[s]
[2016.02.15-22.35.54:933][  0]LogD3D11RHI: Chosen D3D11 Adapter Id = 0
[2016.02.15-22.35.54:939][  0]LogD3D11RHI: !Direct3DDevice
[2016.02.15-22.35.54:939][  0]LogRHI: Texture pool is 1361 MB (70% of 1945 MB)
[2016.02.15-22.35.54:952][  0]LogD3D11RHI: Async texture creation enabled
[2016.02.15-22.35.54:968][  0]LogShaderCompilers: Guid format shader working directory is 14 characters bigger than the processId version (Q:/Classes/3-2/AI/AISafari/Intermediate/Shaders/WorkingDirectory/30652/).
[2016.02.15-22.35.54:968][  0]LogShaderCompilers: Cleaned the shader compiler working directory 'Q:/Classes/3-2/AI/AISafari/Intermediate/Shaders/tmp/FC6915A14A3D07FECED5329D96E93E21/'.
[2016.02.15-22.35.54:968][  0]LogShaderCompilers:Display: Using Local Shader Compiler.
[2016.02.15-22.35.55:688][  0]LogTemp:Display: Loaded TP AllDesktopTargetPlatform
[2016.02.15-22.35.55:692][  0]LogTemp:Display: Loaded TP WindowsClientTargetPlatform
[2016.02.15-22.35.55:696][  0]LogTemp:Display: Loaded TP WindowsNoEditorTargetPlatform
[2016.02.15-22.35.55:700][  0]LogTemp:Display: Loaded TP WindowsServerTargetPlatform
[2016.02.15-22.35.55:704][  0]LogTemp:Display: Loaded TP WindowsTargetPlatform
[2016.02.15-22.35.55:706][  0]LogTemp:Display: Loaded TP AndroidTargetPlatform
[2016.02.15-22.35.55:708][  0]LogTemp:Display: Loaded TP Android_ASTCTargetPlatform
[2016.02.15-22.35.55:710][  0]LogTemp:Display: Loaded TP Android_ATCTargetPlatform
[2016.02.15-22.35.55:712][  0]LogTemp:Display: Loaded TP Android_DXTTargetPlatform
[2016.02.15-22.35.55:714][  0]LogTemp:Display: Loaded TP Android_ETC1TargetPlatform
[2016.02.15-22.35.55:717][  0]LogTemp:Display: Loaded TP Android_ETC2TargetPlatform
[2016.02.15-22.35.55:719][  0]LogTemp:Display: Loaded TP Android_PVRTCTargetPlatform
[2016.02.15-22.35.55:719][  0]LogTemp:Display: Loaded TP HTML5TargetPlatform
[2016.02.15-22.35.55:735][  0]LogTemp:Display: Loaded TP IOSTargetPlatform
[2016.02.15-22.35.55:738][  0]LogTemp:Display: Loaded TP LinuxNoEditorTargetPlatform
[2016.02.15-22.35.55:742][  0]LogTemp:Display: Loaded TP LinuxServerTargetPlatform
[2016.02.15-22.35.55:745][  0]LogTemp:Display: Loaded TP LinuxTargetPlatform
[2016.02.15-22.35.55:745][  0]LogTargetPlatformManager:Display: Building Assets For Windows
[2016.02.15-22.35.55:806][  0]LogDerivedDataCache:Display: Max Cache Size: 512 MB
[2016.02.15-22.35.55:838][  0]LogDerivedDataCache: Loaded boot cache 0.03s 41MB C:/Users/Ryan/AppData/Local/UnrealEngine/4.9/DerivedDataCache/Boot.ddc.
[2016.02.15-22.35.55:838][  0]LogDerivedDataCache:Display: Loaded Boot cache: C:/Users/Ryan/AppData/Local/UnrealEngine/4.9/DerivedDataCache/Boot.ddc
[2016.02.15-22.35.55:838][  0]LogDerivedDataCache: FDerivedDataBackendGraph:  Pak pak cache file Q:/Classes/3-2/AI/AISafari/DerivedDataCache/DDC.ddp not found, will not use a pak cache.
[2016.02.15-22.35.55:838][  0]LogDerivedDataCache: Unable to find inner node Pak for hierarchical cache Hierarchy.
[2016.02.15-22.35.55:838][  0]LogDerivedDataCache: FDerivedDataBackendGraph:  CompressedPak pak cache file Q:/Classes/3-2/AI/AISafari/DerivedDataCache/Compressed.ddp not found, will not use a pak cache.
[2016.02.15-22.35.55:838][  0]LogDerivedDataCache: Unable to find inner node CompressedPak for hierarchical cache Hierarchy.
[2016.02.15-22.35.55:940][  0]LogDerivedDataCache:Display: Pak cache opened for reading ../../../Engine/DerivedDataCache/Compressed.ddp.
[2016.02.15-22.35.55:952][  0]LogDerivedDataCache: Using Local data cache path C:/Users/Ryan/AppData/Local/UnrealEngine/Common/DerivedDataCache: Writable
[2016.02.15-22.35.56:076][  0]LogInit: Selected Device Profile: [Windows]
[2016.02.15-22.35.56:078][  0]LogContentStreaming: Texture pool size is 0.000000MB
[2016.02.15-22.35.56:158][  0]LogMeshUtilities: No automatic mesh reduction module available
[2016.02.15-22.35.56:158][  0]LogMeshUtilities: No automatic mesh merging module available
[2016.02.15-22.35.56:331][  0]LogInit: WinSock: version 1.1 (2.2), MaxSocks=32767, MaxUdp=65467
[2016.02.15-22.35.56:812][  0]UdpMessaging: Initializing bridge on interface 0.0.0.0:0 to multicast group 230.0.0.1:6666.
[2016.02.15-22.35.56:906][  0]LogAssetRegistry: FAssetRegistry took 0.0106 seconds to start up
[2016.02.15-22.35.57:017][  0]SourceControl: Info Source control is disabled
[2016.02.15-22.35.57:023][  0]SourceControl: Info Source control is disabled
[2016.02.15-22.35.57:031][  0]SourceControl: Info Source control is disabled
[2016.02.15-22.35.57:040][  0]SourceControl: Info Source control is disabled
[2016.02.15-22.35.57:135][  0]LogLinker:Warning: Asset '../../../Engine/Plugins/Runtime/LeapMotionController/Content/LM_PassthroughMaterial.uasset' has been saved with empty engine version. The asset will be loaded but may be incompatible.
[2016.02.15-22.35.57:190][  0]LogObj: 28380 objects as part of root set at end of initial load.
[2016.02.15-22.35.57:190][  0]LogUObjectAllocator: 6046584 out of 0 bytes used by permanent object pool.
[2016.02.15-22.35.57:232][  0]LogEngine: Initializing Engine...
[2016.02.15-22.35.57:233][  0]LogHMD: Can't find Oculus library dev build: is proper Runtime installed? Version: 0.7.0.0
[2016.02.15-22.35.57:233][  0]LogHMD: SteamVR failed to initialize.  Err: 110
[2016.02.15-22.35.57:314][  0]LogAIModule: Creating AISystem for world NewWorld
[2016.02.15-22.35.57:320][  0]LogInit: XAudio2 using 'Speakers (ASUS Xonar DGX Audio Device)' : 2 channels at 44.1 kHz using 16 bits per sample (channel mask 0x3)
[2016.02.15-22.35.57:324][  0]LogInit: FAudioDevice initialized.
[2016.02.15-22.35.57:344][  0]LogDerivedDataCache: Saved boot cache 0.02s 41MB C:/Users/Ryan/AppData/Local/UnrealEngine/4.9/DerivedDataCache/Boot.ddc.
[2016.02.15-22.35.57:348][  0]LogInit: Texture streaming: Enabled
[2016.02.15-22.35.57:352][  0]LogAnalytics: Creating configured Analytics provider AnalyticsET
[2016.02.15-22.35.57:352][  0]LogAnalytics: [UEEditor.Rocket.Release] APIServer = http://et2.epicgames.com/ET2/. AppVersion = 4.9.2-2707645+++depot+UE4-Releases+4.9
[2016.02.15-22.35.57:352][  0]LogAnalytics: [UEEditor.Rocket.Release] SetUserId d1f9beca401d8fe412e57fa88e66abb9|85745c8591404a23957796735eaccf05|defee072-9da8-4f68-a06a-f65b3a6c30bf
[2016.02.15-22.35.57:352][  0]LogAnalytics: [UEEditor.Rocket.Release] AnalyticsET::StartSession
[2016.02.15-22.35.57:382][  0]LogInit: Transaction tracking system initialized
[2016.02.15-22.35.57:403][  0]BlueprintLog: New page: Editor Load
[2016.02.15-22.35.57:468][  0]LocalizationService: Info Localization service is disabled
[2016.02.15-22.35.57:530][  0]LogConsoleResponse:Display: 
[2016.02.15-22.35.57:617][  0]LogCook:Display: Done creating registry. It took  0.00s.
[2016.02.15-22.35.57:657][  0]LogFileCache: Scanning file cache for directory 'Q:/Classes/3-2/AI/AISafari/Content/' took 0.01s
[2016.02.15-22.35.57:657][  0]SourceControl: Info Source control is disabled
[2016.02.15-22.35.57:658][  0]Cmd: MAP LOAD FILE="Q:/Classes/3-2/AI/AISafari/Content/StarterContent/Maps/Minimal_Default.umap" TEMPLATE=0 SHOWPROGRESS=1 FEATURELEVEL=3
[2016.02.15-22.35.57:658][  0]LightingResults: New page: Lighting Build
[2016.02.15-22.35.57:660][  0]MapCheck: New page: Map Check
[2016.02.15-22.35.57:660][  0]LightingResults: New page: Lighting Build
[2016.02.15-22.35.57:669][  0]LogParticles: Destroying 0 GPU particle simulations for FXSystem 0x000000CB880CFCE0
[2016.02.15-22.35.57:865][  0]LogAIModule: Creating AISystem for world Minimal_Default
[2016.02.15-22.35.57:871][  0]LogEditorServer: Finished looking for orphan Actors (0.000 secs)
[2016.02.15-22.35.57:871][  0]Cmd: MAP CHECKDEP NOCLEARLOG
[2016.02.15-22.35.57:907][  0]MapCheck: Info Map check complete: 0 Error(s), 0 Warning(s), took 35.503ms to complete.
[2016.02.15-22.35.57:907][  0]LogFileHelpers: Loading map 'Minimal_Default' took 0.249
[2016.02.15-22.35.58:032][  0]LogCollectionManager: Loaded 0 collections in 0.001636 seconds
[2016.02.15-22.35.58:070][  0]LogFileCache: Scanning file cache for directory 'Q:/Classes/3-2/AI/AISafari/Saved/Collections/' took 0.01s
[2016.02.15-22.35.58:070][  0]LogFileCache: Scanning file cache for directory 'Q:/Classes/3-2/AI/AISafari/Content/Developers/Ryan/Collections/' took 0.01s
[2016.02.15-22.35.58:070][  0]LogFileCache: Scanning file cache for directory 'Q:/Classes/3-2/AI/AISafari/Content/Collections/' took 0.01s
[2016.02.15-22.35.58:070][  0]LogContentBrowser: Native class hierarchy populated in 0.0058 seconds. Added 1871 classes and 336 folders.
[2016.02.15-22.35.58:084][  0]LogCollectionManager: Rebuilt the GUID cache for 0 collections in 0.000002 seconds
[2016.02.15-22.35.58:090][  0]LogContentBrowser: Native class hierarchy updated for 'WidgetCarousel' in 0.0008 seconds. Added 0 classes and 0 folders.
[2016.02.15-22.35.58:122][  0]LogContentBrowser: Native class hierarchy updated for 'AddContentDialog' in 0.0009 seconds. Added 0 classes and 0 folders.
[2016.02.15-22.35.58:127][  0]LogContentBrowser: Native class hierarchy updated for 'SceneOutliner' in 0.0012 seconds. Added 1 classes and 2 folders.
[2016.02.15-22.35.58:144][  0]LogCrashTracker: Crashtracker disabled due to settings.
[2016.02.15-22.35.58:150][  0]LogUObjectGlobals:Warning: Failed to find object 'Class None.'
[2016.02.15-22.35.58:172][  0]LogLoad: Full Startup: 4.57 seconds (BP compile: 0.03 seconds)
[2016.02.15-22.35.58:232][  0]LogContentStreaming: Texture pool size now 1000 MB
[2016.02.15-22.35.58:327][  0]LogRenderer: Reallocating scene render targets to support 1208x600 (Frame:2).
[2016.02.15-22.35.58:509][  3]LogAssetRegistry: Asset discovery search completed in 1.6134 seconds
[2016.02.15-22.35.58:509][  3]LogCollectionManager: Rebuilt the object cache for 0 collections in 0.000001 seconds (found 0 objects)
[2016.02.15-22.35.58:509][  3]LogCollectionManager: Fixed up redirectors for 0 collections in 0.000020 seconds (updated 0 objects)
[2016.02.15-22.36.24:726][335]LogBlueprintUserMessages: Early PlayInEditor Detection: Level '/Game/StarterContent/Maps/Minimal_Default.Minimal_Default:PersistentLevel' has LevelScriptBlueprint '/Game/StarterContent/Maps/Minimal_Default.Minimal_Default:PersistentLevel.Minimal_Default' with GeneratedClass '/Game/StarterContent/Maps/Minimal_Default.Minimal_Default_C' with ClassGeneratedBy '/Game/StarterContent/Maps/Minimal_Default.Minimal_Default:PersistentLevel.Minimal_Default'
[2016.02.15-22.36.24:726][335]LogPlayLevel: PlayLevel: No blueprints needed recompiling
[2016.02.15-22.36.24:727][335]PIE: New page: PIE session: Minimal_Default (Feb 15, 2016, 12:36:24 PM)
[2016.02.15-22.36.24:727][335]LogPlayLevel: Creating play world package: /Game/StarterContent/Maps/UEDPIE_0_Minimal_Default
[2016.02.15-22.36.24:732][335]LogPlayLevel: PIE: StaticDuplicateObject took: (0.004906s)
[2016.02.15-22.36.24:732][335]LogAIModule: Creating AISystem for world Minimal_Default
[2016.02.15-22.36.24:732][335]LogPlayLevel: PIE: World Init took: (0.000512s)
[2016.02.15-22.36.24:732][335]LogPlayLevel: PIE: Created PIE world by copying editor world from /Game/StarterContent/Maps/Minimal_Default.Minimal_Default to /Game/StarterContent/Maps/UEDPIE_0_Minimal_Default.Minimal_Default (0.005569s)
[2016.02.15-22.36.24:753][335]LogInit: XAudio2 using 'Speakers (ASUS Xonar DGX Audio Device)' : 2 channels at 44.1 kHz using 16 bits per sample (channel mask 0x3)
[2016.02.15-22.36.24:755][335]LogInit: FAudioDevice initialized.
[2016.02.15-22.36.24:798][335]LogWorld: Game class is 'AISafariGameMode'
[2016.02.15-22.36.24:800][335]LogWorld: Bringing World /Game/StarterContent/Maps/UEDPIE_0_Minimal_Default.Minimal_Default up for play (max tick rate 0) at 2016.02.15-17.36.24
[2016.02.15-22.36.24:800][335]LogActor:Warning: GameSession /Game/StarterContent/Maps/UEDPIE_0_Minimal_Default.Minimal_Default:PersistentLevel.GameSession_0 has natively added scene component(s), but none of them were set as the actor's RootComponent - picking one arbitrarily
[2016.02.15-22.36.24:800][335]LogActor:Warning: GameNetworkManager /Game/StarterContent/Maps/UEDPIE_0_Minimal_Default.Minimal_Default:PersistentLevel.GameNetworkManager_0 has natively added scene component(s), but none of them were set as the actor's RootComponent - picking one arbitrarily
[2016.02.15-22.36.24:800][335]LogWorld: Bringing up level for play took: 0.001656
[2016.02.15-22.36.25:153][335]PIE: Info Play in editor start time for /Game/StarterContent/Maps/UEDPIE_0_Minimal_Default -0.02
[2016.02.15-22.36.25:153][335]LogBlueprintUserMessages: Late PlayInEditor Detection: Level '/Game/StarterContent/Maps/Minimal_Default.Minimal_Default:PersistentLevel' has LevelScriptBlueprint '/Game/StarterContent/Maps/Minimal_Default.Minimal_Default:PersistentLevel.Minimal_Default' with GeneratedClass '/Game/StarterContent/Maps/Minimal_Default.Minimal_Default_C' with ClassGeneratedBy '/Game/StarterContent/Maps/Minimal_Default.Minimal_Default:PersistentLevel.Minimal_Default'
[2016.02.15-22.37.04:793][989]LogBlueprintUserMessages: Early EndPlayMap Detection: Level '/Game/StarterContent/Maps/Minimal_Default.Minimal_Default:PersistentLevel' has LevelScriptBlueprint '/Game/StarterContent/Maps/Minimal_Default.Minimal_Default:PersistentLevel.Minimal_Default' with GeneratedClass '/Game/StarterContent/Maps/Minimal_Default.Minimal_Default_C' with ClassGeneratedBy '/Game/StarterContent/Maps/Minimal_Default.Minimal_Default:PersistentLevel.Minimal_Default'
[2016.02.15-22.37.04:887][989]LogBlueprintUserMessages: Late EndPlayMap Detection: Level '/Game/StarterContent/Maps/Minimal_Default.Minimal_Default:PersistentLevel' has LevelScriptBlueprint '/Game/StarterContent/Maps/Minimal_Default.Minimal_Default:PersistentLevel.Minimal_Default' with GeneratedClass '/Game/StarterContent/Maps/Minimal_Default.Minimal_Default_C' with ClassGeneratedBy '/Game/StarterContent/Maps/Minimal_Default.Minimal_Default:PersistentLevel.Minimal_Default'
[2016.02.15-22.37.04:910][989]LogParticles: Destroying 0 GPU particle simulations for FXSystem 0x000000CBBE474CC0
[2016.02.15-22.42.51:691][387]LogHotReload: New module detected: UE4Editor-AISafari-3335.dll
[2016.02.15-22.42.52:365][390]LogHotReload: Starting Hot-Reload from IDE
[2016.02.15-22.42.52:432][390]LogContentBrowser: Native class hierarchy updated for 'AISafari' in 0.0009 seconds. Added 4 classes and 3 folders.
[2016.02.15-22.42.52:434][390]Warning: HotReload successful (0 functions remapped  0 scriptstructs remapped)
[2016.02.15-22.42.52:476][390]LogContentBrowser: Native class hierarchy populated in 0.0062 seconds. Added 1872 classes and 338 folders.
[2016.02.15-22.42.55:217][575]LogBlueprintUserMessages: Early PlayInEditor Detection: Level '/Game/StarterContent/Maps/Minimal_Default.Minimal_Default:PersistentLevel' has LevelScriptBlueprint '/Game/StarterContent/Maps/Minimal_Default.Minimal_Default:PersistentLevel.Minimal_Default' with GeneratedClass '/Game/StarterContent/Maps/Minimal_Default.Minimal_Default_C' with ClassGeneratedBy '/Game/StarterContent/Maps/Minimal_Default.Minimal_Default:PersistentLevel.Minimal_Default'
[2016.02.15-22.42.55:217][575]LogPlayLevel: PlayLevel: No blueprints needed recompiling
[2016.02.15-22.42.55:217][575]PIE: New page: PIE session: Minimal_Default (Feb 15, 2016, 12:42:55 PM)
[2016.02.15-22.42.55:217][575]LogPlayLevel: Creating play world package: /Game/StarterContent/Maps/UEDPIE_0_Minimal_Default
[2016.02.15-22.42.55:222][575]LogPlayLevel: PIE: StaticDuplicateObject took: (0.004845s)
[2016.02.15-22.42.55:222][575]LogAIModule: Creating AISystem for world Minimal_Default
[2016.02.15-22.42.55:223][575]LogPlayLevel: PIE: World Init took: (0.000973s)
[2016.02.15-22.42.55:223][575]LogPlayLevel: PIE: Created PIE world by copying editor world from /Game/StarterContent/Maps/Minimal_Default.Minimal_Default to /Game/StarterContent/Maps/UEDPIE_0_Minimal_Default.Minimal_Default (0.005968s)
[2016.02.15-22.42.55:237][575]LogInit: XAudio2 using 'Speakers (ASUS Xonar DGX Audio Device)' : 2 channels at 44.1 kHz using 16 bits per sample (channel mask 0x3)
[2016.02.15-22.42.55:240][575]LogInit: FAudioDevice initialized.
[2016.02.15-22.42.55:268][575]LogWorld: Game class is 'AISafariGameMode'
[2016.02.15-22.42.55:270][575]LogWorld: Bringing World /Game/StarterContent/Maps/UEDPIE_0_Minimal_Default.Minimal_Default up for play (max tick rate 0) at 2016.02.15-17.42.55
[2016.02.15-22.42.55:270][575]LogActor:Warning: GameSession /Game/StarterContent/Maps/UEDPIE_0_Minimal_Default.Minimal_Default:PersistentLevel.GameSession_1 has natively added scene component(s), but none of them were set as the actor's RootComponent - picking one arbitrarily
[2016.02.15-22.42.55:271][575]LogActor:Warning: GameNetworkManager /Game/StarterContent/Maps/UEDPIE_0_Minimal_Default.Minimal_Default:PersistentLevel.GameNetworkManager_1 has natively added scene component(s), but none of them were set as the actor's RootComponent - picking one arbitrarily
[2016.02.15-22.42.55:271][575]LogWorld: Bringing up level for play took: 0.001661
[2016.02.15-22.42.55:651][575]PIE: Info Play in editor start time for /Game/StarterContent/Maps/UEDPIE_0_Minimal_Default 0.477
[2016.02.15-22.42.55:651][575]LogBlueprintUserMessages: Late PlayInEditor Detection: Level '/Game/StarterContent/Maps/Minimal_Default.Minimal_Default:PersistentLevel' has LevelScriptBlueprint '/Game/StarterContent/Maps/Minimal_Default.Minimal_Default:PersistentLevel.Minimal_Default' with GeneratedClass '/Game/StarterContent/Maps/Minimal_Default.Minimal_Default_C' with ClassGeneratedBy '/Game/StarterContent/Maps/Minimal_Default.Minimal_Default:PersistentLevel.Minimal_Default'
[2016.02.15-22.43.11:827][914]LogBlueprintUserMessages: Early EndPlayMap Detection: Level '/Game/StarterContent/Maps/Minimal_Default.Minimal_Default:PersistentLevel' has LevelScriptBlueprint '/Game/StarterContent/Maps/Minimal_Default.Minimal_Default:PersistentLevel.Minimal_Default' with GeneratedClass '/Game/StarterContent/Maps/Minimal_Default.Minimal_Default_C' with ClassGeneratedBy '/Game/StarterContent/Maps/Minimal_Default.Minimal_Default:PersistentLevel.Minimal_Default'
[2016.02.15-22.43.11:878][914]LogBlueprintUserMessages: Late EndPlayMap Detection: Level '/Game/StarterContent/Maps/Minimal_Default.Minimal_Default:PersistentLevel' has LevelScriptBlueprint '/Game/StarterContent/Maps/Minimal_Default.Minimal_Default:PersistentLevel.Minimal_Default' with GeneratedClass '/Game/StarterContent/Maps/Minimal_Default.Minimal_Default_C' with ClassGeneratedBy '/Game/StarterContent/Maps/Minimal_Default.Minimal_Default:PersistentLevel.Minimal_Default'
[2016.02.15-22.43.11:900][914]LogParticles: Destroying 0 GPU particle simulations for FXSystem 0x000000CBD6B8DC60
[2016.02.15-22.43.22:914][ 97]LogHotReload: New module detected: UE4Editor-AISafari-3114.dll
[2016.02.15-22.43.23:586][100]LogHotReload: Starting Hot-Reload from IDE
[2016.02.15-22.43.23:637][100]LogContentBrowser: Native class hierarchy updated for 'AISafari' in 0.0009 seconds. Added 4 classes and 3 folders.
[2016.02.15-22.43.23:638][100]Warning: HotReload successful (0 functions remapped  0 scriptstructs remapped)
[2016.02.15-22.43.23:693][100]LogContentBrowser: Native class hierarchy populated in 0.0078 seconds. Added 1872 classes and 338 folders.
[2016.02.15-22.43.26:921][109]LogBlueprintUserMessages: Early PlayInEditor Detection: Level '/Game/StarterContent/Maps/Minimal_Default.Minimal_Default:PersistentLevel' has LevelScriptBlueprint '/Game/StarterContent/Maps/Minimal_Default.Minimal_Default:PersistentLevel.Minimal_Default' with GeneratedClass '/Game/StarterContent/Maps/Minimal_Default.Minimal_Default_C' with ClassGeneratedBy '/Game/StarterContent/Maps/Minimal_Default.Minimal_Default:PersistentLevel.Minimal_Default'
[2016.02.15-22.43.26:921][109]LogPlayLevel: PlayLevel: No blueprints needed recompiling
[2016.02.15-22.43.26:921][109]PIE: New page: PIE session: Minimal_Default (Feb 15, 2016, 12:43:26 PM)
[2016.02.15-22.43.26:921][109]LogPlayLevel: Creating play world package: /Game/StarterContent/Maps/UEDPIE_0_Minimal_Default
[2016.02.15-22.43.26:926][109]LogPlayLevel: PIE: StaticDuplicateObject took: (0.004689s)
[2016.02.15-22.43.26:926][109]LogAIModule: Creating AISystem for world Minimal_Default
[2016.02.15-22.43.26:926][109]LogPlayLevel: PIE: World Init took: (0.000594s)
[2016.02.15-22.43.26:926][109]LogPlayLevel: PIE: Created PIE world by copying editor world from /Game/StarterContent/Maps/Minimal_Default.Minimal_Default to /Game/StarterContent/Maps/UEDPIE_0_Minimal_Default.Minimal_Default (0.005430s)
[2016.02.15-22.43.26:940][109]LogInit: XAudio2 using 'Speakers (ASUS Xonar DGX Audio Device)' : 2 channels at 44.1 kHz using 16 bits per sample (channel mask 0x3)
[2016.02.15-22.43.26:943][109]LogInit: FAudioDevice initialized.
[2016.02.15-22.43.26:973][109]LogWorld: Game class is 'AISafariGameMode'
[2016.02.15-22.43.26:975][109]LogWorld: Bringing World /Game/StarterContent/Maps/UEDPIE_0_Minimal_Default.Minimal_Default up for play (max tick rate 0) at 2016.02.15-17.43.26
[2016.02.15-22.43.26:975][109]LogActor:Warning: GameSession /Game/StarterContent/Maps/UEDPIE_0_Minimal_Default.Minimal_Default:PersistentLevel.GameSession_2 has natively added scene component(s), but none of them were set as the actor's RootComponent - picking one arbitrarily
[2016.02.15-22.43.26:975][109]LogActor:Warning: GameNetworkManager /Game/StarterContent/Maps/UEDPIE_0_Minimal_Default.Minimal_Default:PersistentLevel.GameNetworkManager_2 has natively added scene component(s), but none of them were set as the actor's RootComponent - picking one arbitrarily
[2016.02.15-22.43.26:975][109]LogWorld: Bringing up level for play took: 0.001515
[2016.02.15-22.43.27:334][109]PIE: Info Play in editor start time for /Game/StarterContent/Maps/UEDPIE_0_Minimal_Default 0.16
[2016.02.15-22.43.27:334][109]LogBlueprintUserMessages: Late PlayInEditor Detection: Level '/Game/StarterContent/Maps/Minimal_Default.Minimal_Default:PersistentLevel' has LevelScriptBlueprint '/Game/StarterContent/Maps/Minimal_Default.Minimal_Default:PersistentLevel.Minimal_Default' with GeneratedClass '/Game/StarterContent/Maps/Minimal_Default.Minimal_Default_C' with ClassGeneratedBy '/Game/StarterContent/Maps/Minimal_Default.Minimal_Default:PersistentLevel.Minimal_Default'
[2016.02.15-22.44.00:539][800]LogBlueprintUserMessages: Early EndPlayMap Detection: Level '/Game/StarterContent/Maps/Minimal_Default.Minimal_Default:PersistentLevel' has LevelScriptBlueprint '/Game/StarterContent/Maps/Minimal_Default.Minimal_Default:PersistentLevel.Minimal_Default' with GeneratedClass '/Game/StarterContent/Maps/Minimal_Default.Minimal_Default_C' with ClassGeneratedBy '/Game/StarterContent/Maps/Minimal_Default.Minimal_Default:PersistentLevel.Minimal_Default'
[2016.02.15-22.44.00:600][800]LogBlueprintUserMessages: Late EndPlayMap Detection: Level '/Game/StarterContent/Maps/Minimal_Default.Minimal_Default:PersistentLevel' has LevelScriptBlueprint '/Game/StarterContent/Maps/Minimal_Default.Minimal_Default:PersistentLevel.Minimal_Default' with GeneratedClass '/Game/StarterContent/Maps/Minimal_Default.Minimal_Default_C' with ClassGeneratedBy '/Game/StarterContent/Maps/Minimal_Default.Minimal_Default:PersistentLevel.Minimal_Default'
[2016.02.15-22.44.00:622][800]LogParticles: Destroying 0 GPU particle simulations for FXSystem 0x000000CB95A81580
[2016.02.15-22.44.21:081][415]LogHotReload: New module detected: UE4Editor-AISafari-6055.dll
[2016.02.15-22.44.21:420][417]LogHotReload: Starting Hot-Reload from IDE
[2016.02.15-22.44.21:469][417]LogContentBrowser: Native class hierarchy updated for 'AISafari' in 0.0009 seconds. Added 4 classes and 3 folders.
[2016.02.15-22.44.21:470][417]Warning: HotReload successful (0 functions remapped  0 scriptstructs remapped)
[2016.02.15-22.44.21:511][417]LogContentBrowser: Native class hierarchy populated in 0.0061 seconds. Added 1872 classes and 338 folders.
[2016.02.15-22.44.23:489][508]LogBlueprintUserMessages: Early PlayInEditor Detection: Level '/Game/StarterContent/Maps/Minimal_Default.Minimal_Default:PersistentLevel' has LevelScriptBlueprint '/Game/StarterContent/Maps/Minimal_Default.Minimal_Default:PersistentLevel.Minimal_Default' with GeneratedClass '/Game/StarterContent/Maps/Minimal_Default.Minimal_Default_C' with ClassGeneratedBy '/Game/StarterContent/Maps/Minimal_Default.Minimal_Default:PersistentLevel.Minimal_Default'
[2016.02.15-22.44.23:489][508]LogPlayLevel: PlayLevel: No blueprints needed recompiling
[2016.02.15-22.44.23:489][508]PIE: New page: PIE session: Minimal_Default (Feb 15, 2016, 12:44:23 PM)
[2016.02.15-22.44.23:489][508]LogPlayLevel: Creating play world package: /Game/StarterContent/Maps/UEDPIE_0_Minimal_Default
[2016.02.15-22.44.23:494][508]LogPlayLevel: PIE: StaticDuplicateObject took: (0.005151s)
[2016.02.15-22.44.23:495][508]LogAIModule: Creating AISystem for world Minimal_Default
[2016.02.15-22.44.23:495][508]LogPlayLevel: PIE: World Init took: (0.000552s)
[2016.02.15-22.44.23:495][508]LogPlayLevel: PIE: Created PIE world by copying editor world from /Game/StarterContent/Maps/Minimal_Default.Minimal_Default to /Game/StarterContent/Maps/UEDPIE_0_Minimal_Default.Minimal_Default (0.005848s)
[2016.02.15-22.44.23:510][508]LogInit: XAudio2 using 'Speakers (ASUS Xonar DGX Audio Device)' : 2 channels at 44.1 kHz using 16 bits per sample (channel mask 0x3)
[2016.02.15-22.44.23:513][508]LogInit: FAudioDevice initialized.
[2016.02.15-22.44.23:542][508]LogWorld: Game class is 'AISafariGameMode'
[2016.02.15-22.44.23:544][508]LogWorld: Bringing World /Game/StarterContent/Maps/UEDPIE_0_Minimal_Default.Minimal_Default up for play (max tick rate 0) at 2016.02.15-17.44.23
[2016.02.15-22.44.23:544][508]LogActor:Warning: GameSession /Game/StarterContent/Maps/UEDPIE_0_Minimal_Default.Minimal_Default:PersistentLevel.GameSession_3 has natively added scene component(s), but none of them were set as the actor's RootComponent - picking one arbitrarily
[2016.02.15-22.44.23:544][508]LogActor:Warning: GameNetworkManager /Game/StarterContent/Maps/UEDPIE_0_Minimal_Default.Minimal_Default:PersistentLevel.GameNetworkManager_3 has natively added scene component(s), but none of them were set as the actor's RootComponent - picking one arbitrarily
[2016.02.15-22.44.23:544][508]LogWorld: Bringing up level for play took: 0.001512
[2016.02.15-22.44.23:909][508]PIE: Info Play in editor start time for /Game/StarterContent/Maps/UEDPIE_0_Minimal_Default 0.735
[2016.02.15-22.44.23:909][508]LogBlueprintUserMessages: Late PlayInEditor Detection: Level '/Game/StarterContent/Maps/Minimal_Default.Minimal_Default:PersistentLevel' has LevelScriptBlueprint '/Game/StarterContent/Maps/Minimal_Default.Minimal_Default:PersistentLevel.Minimal_Default' with GeneratedClass '/Game/StarterContent/Maps/Minimal_Default.Minimal_Default_C' with ClassGeneratedBy '/Game/StarterContent/Maps/Minimal_Default.Minimal_Default:PersistentLevel.Minimal_Default'
[2016.02.15-22.44.42:072][607]LogBlueprintUserMessages: Early EndPlayMap Detection: Level '/Game/StarterContent/Maps/Minimal_Default.Minimal_Default:PersistentLevel' has LevelScriptBlueprint '/Game/StarterContent/Maps/Minimal_Default.Minimal_Default:PersistentLevel.Minimal_Default' with GeneratedClass '/Game/StarterContent/Maps/Minimal_Default.Minimal_Default_C' with ClassGeneratedBy '/Game/StarterContent/Maps/Minimal_Default.Minimal_Default:PersistentLevel.Minimal_Default'
[2016.02.15-22.44.42:279][607]LogBlueprintUserMessages: Late EndPlayMap Detection: Level '/Game/StarterContent/Maps/Minimal_Default.Minimal_Default:PersistentLevel' has LevelScriptBlueprint '/Game/StarterContent/Maps/Minimal_Default.Minimal_Default:PersistentLevel.Minimal_Default' with GeneratedClass '/Game/StarterContent/Maps/Minimal_Default.Minimal_Default_C' with ClassGeneratedBy '/Game/StarterContent/Maps/Minimal_Default.Minimal_Default:PersistentLevel.Minimal_Default'
[2016.02.15-22.44.42:303][607]LogParticles: Destroying 0 GPU particle simulations for FXSystem 0x000000CB940E53A0
[2016.02.15-22.44.51:865][813]LogHotReload: New module detected: UE4Editor-AISafari-2782.dll
[2016.02.15-22.44.52:541][816]LogHotReload: Starting Hot-Reload from IDE
[2016.02.15-22.44.52:604][816]LogContentBrowser: Native class hierarchy updated for 'AISafari' in 0.0009 seconds. Added 4 classes and 3 folders.
[2016.02.15-22.44.52:605][816]Warning: HotReload successful (0 functions remapped  0 scriptstructs remapped)
[2016.02.15-22.44.52:659][816]LogContentBrowser: Native class hierarchy populated in 0.0065 seconds. Added 1872 classes and 338 folders.
[2016.02.15-22.45.01:470][905]LogBlueprintUserMessages: Early PlayInEditor Detection: Level '/Game/StarterContent/Maps/Minimal_Default.Minimal_Default:PersistentLevel' has LevelScriptBlueprint '/Game/StarterContent/Maps/Minimal_Default.Minimal_Default:PersistentLevel.Minimal_Default' with GeneratedClass '/Game/StarterContent/Maps/Minimal_Default.Minimal_Default_C' with ClassGeneratedBy '/Game/StarterContent/Maps/Minimal_Default.Minimal_Default:PersistentLevel.Minimal_Default'
[2016.02.15-22.45.01:470][905]LogPlayLevel: PlayLevel: No blueprints needed recompiling
[2016.02.15-22.45.01:470][905]PIE: New page: PIE session: Minimal_Default (Feb 15, 2016, 12:45:01 PM)
[2016.02.15-22.45.01:470][905]LogPlayLevel: Creating play world package: /Game/StarterContent/Maps/UEDPIE_0_Minimal_Default
[2016.02.15-22.45.01:475][905]LogPlayLevel: PIE: StaticDuplicateObject took: (0.004304s)
[2016.02.15-22.45.01:475][905]LogAIModule: Creating AISystem for world Minimal_Default
[2016.02.15-22.45.01:475][905]LogPlayLevel: PIE: World Init took: (0.000599s)
[2016.02.15-22.45.01:475][905]LogPlayLevel: PIE: Created PIE world by copying editor world from /Game/StarterContent/Maps/Minimal_Default.Minimal_Default to /Game/StarterContent/Maps/UEDPIE_0_Minimal_Default.Minimal_Default (0.005047s)
[2016.02.15-22.45.01:489][905]LogInit: XAudio2 using 'Speakers (ASUS Xonar DGX Audio Device)' : 2 channels at 44.1 kHz using 16 bits per sample (channel mask 0x3)
[2016.02.15-22.45.01:492][905]LogInit: FAudioDevice initialized.
[2016.02.15-22.45.01:525][905]LogWorld: Game class is 'AISafariGameMode'
[2016.02.15-22.45.01:527][905]LogWorld: Bringing World /Game/StarterContent/Maps/UEDPIE_0_Minimal_Default.Minimal_Default up for play (max tick rate 0) at 2016.02.15-17.45.01
[2016.02.15-22.45.01:527][905]LogActor:Warning: GameSession /Game/StarterContent/Maps/UEDPIE_0_Minimal_Default.Minimal_Default:PersistentLevel.GameSession_4 has natively added scene component(s), but none of them were set as the actor's RootComponent - picking one arbitrarily
[2016.02.15-22.45.01:528][905]LogActor:Warning: GameNetworkManager /Game/StarterContent/Maps/UEDPIE_0_Minimal_Default.Minimal_Default:PersistentLevel.GameNetworkManager_4 has natively added scene component(s), but none of them were set as the actor's RootComponent - picking one arbitrarily
[2016.02.15-22.45.01:528][905]LogWorld: Bringing up level for play took: 0.001812
[2016.02.15-22.45.01:891][905]PIE: Info Play in editor start time for /Game/StarterContent/Maps/UEDPIE_0_Minimal_Default 0.718
[2016.02.15-22.45.01:892][905]LogBlueprintUserMessages: Late PlayInEditor Detection: Level '/Game/StarterContent/Maps/Minimal_Default.Minimal_Default:PersistentLevel' has LevelScriptBlueprint '/Game/StarterContent/Maps/Minimal_Default.Minimal_Default:PersistentLevel.Minimal_Default' with GeneratedClass '/Game/StarterContent/Maps/Minimal_Default.Minimal_Default_C' with ClassGeneratedBy '/Game/StarterContent/Maps/Minimal_Default.Minimal_Default:PersistentLevel.Minimal_Default'
[2016.02.15-22.45.15:394][101]LogBlueprintUserMessages: Early EndPlayMap Detection: Level '/Game/StarterContent/Maps/Minimal_Default.Minimal_Default:PersistentLevel' has LevelScriptBlueprint '/Game/StarterContent/Maps/Minimal_Default.Minimal_Default:PersistentLevel.Minimal_Default' with GeneratedClass '/Game/StarterContent/Maps/Minimal_Default.Minimal_Default_C' with ClassGeneratedBy '/Game/StarterContent/Maps/Minimal_Default.Minimal_Default:PersistentLevel.Minimal_Default'
[2016.02.15-22.45.15:489][101]LogBlueprintUserMessages: Late EndPlayMap Detection: Level '/Game/StarterContent/Maps/Minimal_Default.Minimal_Default:PersistentLevel' has LevelScriptBlueprint '/Game/StarterContent/Maps/Minimal_Default.Minimal_Default:PersistentLevel.Minimal_Default' with GeneratedClass '/Game/StarterContent/Maps/Minimal_Default.Minimal_Default_C' with ClassGeneratedBy '/Game/StarterContent/Maps/Minimal_Default.Minimal_Default:PersistentLevel.Minimal_Default'
[2016.02.15-22.45.15:513][101]LogParticles: Destroying 0 GPU particle simulations for FXSystem 0x000000CC3FA89620
[2016.02.15-22.45.16:777][239]LogLinker:Warning: Asset '../../../Engine/Content/ArtTools/RenderToTexture/Macros/RenderToTextureMacros.uasset' has been saved with empty engine version. The asset will be loaded but may be incompatible.
[2016.02.15-22.45.17:120][239]LogContentBrowser: Native class hierarchy updated for 'BlueprintGraph' in 0.0011 seconds. Added 107 classes and 0 folders.
[2016.02.15-22.45.22:198][796]BlueprintLog: New page: Compile BP_FlockerBase
[2016.02.15-22.45.22:247][796]BlueprintEditorCompileResults: Info [0568.65] Compile of BP_FlockerBase successful! [in 49 ms]
[2016.02.15-22.45.23:940][991]LogBlueprintUserMessages: Early PlayInEditor Detection: Level '/Game/StarterContent/Maps/Minimal_Default.Minimal_Default:PersistentLevel' has LevelScriptBlueprint '/Game/StarterContent/Maps/Minimal_Default.Minimal_Default:PersistentLevel.Minimal_Default' with GeneratedClass '/Game/StarterContent/Maps/Minimal_Default.Minimal_Default_C' with ClassGeneratedBy '/Game/StarterContent/Maps/Minimal_Default.Minimal_Default:PersistentLevel.Minimal_Default'
[2016.02.15-22.45.23:940][991]LogPlayLevel: PlayLevel: No blueprints needed recompiling
[2016.02.15-22.45.23:940][991]PIE: New page: PIE session: Minimal_Default (Feb 15, 2016, 12:45:23 PM)
[2016.02.15-22.45.23:940][991]LogPlayLevel: Creating play world package: /Game/StarterContent/Maps/UEDPIE_0_Minimal_Default
[2016.02.15-22.45.23:944][991]LogPlayLevel: PIE: StaticDuplicateObject took: (0.004171s)
[2016.02.15-22.45.23:944][991]LogAIModule: Creating AISystem for world Minimal_Default
[2016.02.15-22.45.23:945][991]LogPlayLevel: PIE: World Init took: (0.000485s)
[2016.02.15-22.45.23:945][991]LogPlayLevel: PIE: Created PIE world by copying editor world from /Game/StarterContent/Maps/Minimal_Default.Minimal_Default to /Game/StarterContent/Maps/UEDPIE_0_Minimal_Default.Minimal_Default (0.004798s)
[2016.02.15-22.45.23:968][991]LogInit: XAudio2 using 'Speakers (ASUS Xonar DGX Audio Device)' : 2 channels at 44.1 kHz using 16 bits per sample (channel mask 0x3)
[2016.02.15-22.45.23:970][991]LogInit: FAudioDevice initialized.
[2016.02.15-22.45.23:999][991]LogWorld: Game class is 'AISafariGameMode'
[2016.02.15-22.45.24:001][991]LogWorld: Bringing World /Game/StarterContent/Maps/UEDPIE_0_Minimal_Default.Minimal_Default up for play (max tick rate 0) at 2016.02.15-17.45.24
[2016.02.15-22.45.24:001][991]LogActor:Warning: GameSession /Game/StarterContent/Maps/UEDPIE_0_Minimal_Default.Minimal_Default:PersistentLevel.GameSession_5 has natively added scene component(s), but none of them were set as the actor's RootComponent - picking one arbitrarily
[2016.02.15-22.45.24:001][991]LogActor:Warning: GameNetworkManager /Game/StarterContent/Maps/UEDPIE_0_Minimal_Default.Minimal_Default:PersistentLevel.GameNetworkManager_5 has natively added scene component(s), but none of them were set as the actor's RootComponent - picking one arbitrarily
[2016.02.15-22.45.24:001][991]LogWorld: Bringing up level for play took: 0.001996
[2016.02.15-22.45.24:335][991]PIE: Info Play in editor start time for /Game/StarterContent/Maps/UEDPIE_0_Minimal_Default 1.162
[2016.02.15-22.45.24:336][991]LogBlueprintUserMessages: Late PlayInEditor Detection: Level '/Game/StarterContent/Maps/Minimal_Default.Minimal_Default:PersistentLevel' has LevelScriptBlueprint '/Game/StarterContent/Maps/Minimal_Default.Minimal_Default:PersistentLevel.Minimal_Default' with GeneratedClass '/Game/StarterContent/Maps/Minimal_Default.Minimal_Default_C' with ClassGeneratedBy '/Game/StarterContent/Maps/Minimal_Default.Minimal_Default:PersistentLevel.Minimal_Default'
[2016.02.15-22.45.58:397][484]LogBlueprintUserMessages: Early EndPlayMap Detection: Level '/Game/StarterContent/Maps/Minimal_Default.Minimal_Default:PersistentLevel' has LevelScriptBlueprint '/Game/StarterContent/Maps/Minimal_Default.Minimal_Default:PersistentLevel.Minimal_Default' with GeneratedClass '/Game/StarterContent/Maps/Minimal_Default.Minimal_Default_C' with ClassGeneratedBy '/Game/StarterContent/Maps/Minimal_Default.Minimal_Default:PersistentLevel.Minimal_Default'
[2016.02.15-22.45.58:472][484]LogBlueprintUserMessages: Late EndPlayMap Detection: Level '/Game/StarterContent/Maps/Minimal_Default.Minimal_Default:PersistentLevel' has LevelScriptBlueprint '/Game/StarterContent/Maps/Minimal_Default.Minimal_Default:PersistentLevel.Minimal_Default' with GeneratedClass '/Game/StarterContent/Maps/Minimal_Default.Minimal_Default_C' with ClassGeneratedBy '/Game/StarterContent/Maps/Minimal_Default.Minimal_Default:PersistentLevel.Minimal_Default'
[2016.02.15-22.45.58:503][484]LogParticles: Destroying 0 GPU particle simulations for FXSystem 0x000000CC52CC1300
[2016.02.15-22.46.03:081][ 17]BlueprintLog: New page: Compile BP_FlockerBase
[2016.02.15-22.46.03:128][ 17]BlueprintEditorCompileResults: Info [0609.53] Compile of BP_FlockerBase successful! [in 46 ms]
[2016.02.15-22.46.04:150][131]LogBlueprintUserMessages: Early PlayInEditor Detection: Level '/Game/StarterContent/Maps/Minimal_Default.Minimal_Default:PersistentLevel' has LevelScriptBlueprint '/Game/StarterContent/Maps/Minimal_Default.Minimal_Default:PersistentLevel.Minimal_Default' with GeneratedClass '/Game/StarterContent/Maps/Minimal_Default.Minimal_Default_C' with ClassGeneratedBy '/Game/StarterContent/Maps/Minimal_Default.Minimal_Default:PersistentLevel.Minimal_Default'
[2016.02.15-22.46.04:150][131]LogPlayLevel: PlayLevel: No blueprints needed recompiling
[2016.02.15-22.46.04:150][131]PIE: New page: PIE session: Minimal_Default (Feb 15, 2016, 12:46:04 PM)
[2016.02.15-22.46.04:150][131]LogPlayLevel: Creating play world package: /Game/StarterContent/Maps/UEDPIE_0_Minimal_Default
[2016.02.15-22.46.04:155][131]LogPlayLevel: PIE: StaticDuplicateObject took: (0.004161s)
[2016.02.15-22.46.04:155][131]LogAIModule: Creating AISystem for world Minimal_Default
[2016.02.15-22.46.04:155][131]LogPlayLevel: PIE: World Init took: (0.000481s)
[2016.02.15-22.46.04:155][131]LogPlayLevel: PIE: Created PIE world by copying editor world from /Game/StarterContent/Maps/Minimal_Default.Minimal_Default to /Game/StarterContent/Maps/UEDPIE_0_Minimal_Default.Minimal_Default (0.004790s)
[2016.02.15-22.46.04:181][131]LogInit: XAudio2 using 'Speakers (ASUS Xonar DGX Audio Device)' : 2 channels at 44.1 kHz using 16 bits per sample (channel mask 0x3)
[2016.02.15-22.46.04:183][131]LogInit: FAudioDevice initialized.
[2016.02.15-22.46.04:213][131]LogWorld: Game class is 'AISafariGameMode'
[2016.02.15-22.46.04:215][131]LogWorld: Bringing World /Game/StarterContent/Maps/UEDPIE_0_Minimal_Default.Minimal_Default up for play (max tick rate 0) at 2016.02.15-17.46.04
[2016.02.15-22.46.04:215][131]LogActor:Warning: GameSession /Game/StarterContent/Maps/UEDPIE_0_Minimal_Default.Minimal_Default:PersistentLevel.GameSession_6 has natively added scene component(s), but none of them were set as the actor's RootComponent - picking one arbitrarily
[2016.02.15-22.46.04:215][131]LogActor:Warning: GameNetworkManager /Game/StarterContent/Maps/UEDPIE_0_Minimal_Default.Minimal_Default:PersistentLevel.GameNetworkManager_6 has natively added scene component(s), but none of them were set as the actor's RootComponent - picking one arbitrarily
[2016.02.15-22.46.04:215][131]LogWorld: Bringing up level for play took: 0.001470
[2016.02.15-22.46.04:560][131]PIE: Info Play in editor start time for /Game/StarterContent/Maps/UEDPIE_0_Minimal_Default 1.387
[2016.02.15-22.46.04:561][131]LogBlueprintUserMessages: Late PlayInEditor Detection: Level '/Game/StarterContent/Maps/Minimal_Default.Minimal_Default:PersistentLevel' has LevelScriptBlueprint '/Game/StarterContent/Maps/Minimal_Default.Minimal_Default:PersistentLevel.Minimal_Default' with GeneratedClass '/Game/StarterContent/Maps/Minimal_Default.Minimal_Default_C' with ClassGeneratedBy '/Game/StarterContent/Maps/Minimal_Default.Minimal_Default:PersistentLevel.Minimal_Default'
[2016.02.15-22.46.47:812][768]LogBlueprintUserMessages: Early EndPlayMap Detection: Level '/Game/StarterContent/Maps/Minimal_Default.Minimal_Default:PersistentLevel' has LevelScriptBlueprint '/Game/StarterContent/Maps/Minimal_Default.Minimal_Default:PersistentLevel.Minimal_Default' with GeneratedClass '/Game/StarterContent/Maps/Minimal_Default.Minimal_Default_C' with ClassGeneratedBy '/Game/StarterContent/Maps/Minimal_Default.Minimal_Default:PersistentLevel.Minimal_Default'
[2016.02.15-22.46.47:913][768]LogBlueprintUserMessages: Late EndPlayMap Detection: Level '/Game/StarterContent/Maps/Minimal_Default.Minimal_Default:PersistentLevel' has LevelScriptBlueprint '/Game/StarterContent/Maps/Minimal_Default.Minimal_Default:PersistentLevel.Minimal_Default' with GeneratedClass '/Game/StarterContent/Maps/Minimal_Default.Minimal_Default_C' with ClassGeneratedBy '/Game/StarterContent/Maps/Minimal_Default.Minimal_Default:PersistentLevel.Minimal_Default'
[2016.02.15-22.46.47:945][768]LogParticles: Destroying 0 GPU particle simulations for FXSystem 0x000000CC3FA88A40
[2016.02.15-22.49.21:171][655]LogFileHelpers: Editor autosave (incl. sublevels) for '/Game/StarterContent/Maps/Minimal_Default' took 0.023
[2016.02.15-22.49.21:175][655]OBJ SavePackage: Generating thumbnails for [1] asset(s) in package [/Game/AgentBlueprints/BP_FlockerBase] ([1] browsable assets)...
[2016.02.15-22.49.21:196][655]OBJ SavePackage:     Rendered thumbnail for [Blueprint /Game/AgentBlueprints/BP_FlockerBase.BP_FlockerBase]
[2016.02.15-22.49.21:196][655]OBJ SavePackage: Finished generating thumbnails for package [/Game/AgentBlueprints/BP_FlockerBase]
[2016.02.15-22.49.21:196][655]Cmd: OBJ SAVEPACKAGE PACKAGE="/Game/AgentBlueprints/BP_FlockerBase" FILE="Q:/Classes/3-2/AI/AISafari/Saved/Autosaves/Game/AgentBlueprints/BP_FlockerBase_Auto1.uasset" SILENT=false AUTOSAVING=true
[2016.02.15-22.49.21:215][655]LogSavePackage: Save=13.923689ms
[2016.02.15-22.49.21:215][655]LogSavePackage: Moving 'Q:/Classes/3-2/AI/AISafari/Saved/BP_FlockerBase_Auto12047863D44B0DB9E343B8A90325819EE.tmp' to 'Q:/Classes/3-2/AI/AISafari/Saved/Autosaves/Game/AgentBlueprints/BP_FlockerBase_Auto1.uasset'
[2016.02.15-22.49.21:215][655]LogSavePackage: Total save time: 18.640041ms
[2016.02.15-22.49.21:215][655]LogSavePackage:Warning: Finished SavePackage Q:/Classes/3-2/AI/AISafari/Saved/Autosaves/Game/AgentBlueprints/BP_FlockerBase_Auto1.uasset
[2016.02.15-22.49.21:215][655]LogFileHelpers: Auto-saving content packages took 0.044
[2016.02.16-02.01.32:207][363]LogHotReload: New module detected: UE4Editor-AISafari-9382.dll
[2016.02.16-02.01.32:552][365]LogHotReload: Starting Hot-Reload from IDE
[2016.02.16-02.01.32:624][365]LogContentBrowser: Native class hierarchy updated for 'AISafari' in 0.0010 seconds. Added 4 classes and 3 folders.
[2016.02.16-02.01.32:626][365]Warning: HotReload successful (0 functions remapped  0 scriptstructs remapped)
[2016.02.16-02.01.32:948][365]LogContentBrowser: Native class hierarchy populated in 0.0071 seconds. Added 1872 classes and 338 folders.
[2016.02.16-02.01.37:004][556]Cmd: OBJ SAVEPACKAGE PACKAGE="/Game/AgentBlueprints/BP_FlockerBase" FILE="Q:/Classes/3-2/AI/AISafari/Content/AgentBlueprints/BP_FlockerBase.uasset" SILENT=true
[2016.02.16-02.01.37:019][556]LogSavePackage: Save=9.504729ms
[2016.02.16-02.01.37:019][556]LogSavePackage: Moving 'Q:/Classes/3-2/AI/AISafari/Saved/BP_FlockerBaseD72D6D4C4C835421CAC98D989731CFB3.tmp' to 'Q:/Classes/3-2/AI/AISafari/Content/AgentBlueprints/BP_FlockerBase.uasset'
[2016.02.16-02.01.37:021][556]LogSavePackage: Total save time: 15.081130ms
[2016.02.16-02.01.37:021][556]LogSavePackage:Warning: Finished SavePackage Q:/Classes/3-2/AI/AISafari/Content/AgentBlueprints/BP_FlockerBase.uasset
[2016.02.16-02.01.48:832][283]LogBlueprintUserMessages: Early PlayInEditor Detection: Level '/Game/StarterContent/Maps/Minimal_Default.Minimal_Default:PersistentLevel' has LevelScriptBlueprint '/Game/StarterContent/Maps/Minimal_Default.Minimal_Default:PersistentLevel.Minimal_Default' with GeneratedClass '/Game/StarterContent/Maps/Minimal_Default.Minimal_Default_C' with ClassGeneratedBy '/Game/StarterContent/Maps/Minimal_Default.Minimal_Default:PersistentLevel.Minimal_Default'
[2016.02.16-02.01.48:832][283]LogPlayLevel: PlayLevel: No blueprints needed recompiling
[2016.02.16-02.01.48:832][283]PIE: New page: PIE session: Minimal_Default (Feb 15, 2016, 4:01:48 PM)
[2016.02.16-02.01.48:832][283]LogPlayLevel: Creating play world package: /Game/StarterContent/Maps/UEDPIE_0_Minimal_Default
[2016.02.16-02.01.48:839][283]LogPlayLevel: PIE: StaticDuplicateObject took: (0.006468s)
[2016.02.16-02.01.48:840][283]LogAIModule: Creating AISystem for world Minimal_Default
[2016.02.16-02.01.48:840][283]LogPlayLevel: PIE: World Init took: (0.001336s)
[2016.02.16-02.01.48:840][283]LogPlayLevel: PIE: Created PIE world by copying editor world from /Game/StarterContent/Maps/Minimal_Default.Minimal_Default to /Game/StarterContent/Maps/UEDPIE_0_Minimal_Default.Minimal_Default (0.007978s)
[2016.02.16-02.01.48:875][283]LogInit: XAudio2 using 'Speakers (ASUS Xonar DGX Audio Device)' : 2 channels at 44.1 kHz using 16 bits per sample (channel mask 0x3)
[2016.02.16-02.01.48:879][283]LogInit: FAudioDevice initialized.
[2016.02.16-02.01.48:912][283]LogWorld: Game class is 'AISafariGameMode'
[2016.02.16-02.01.48:914][283]LogWorld: Bringing World /Game/StarterContent/Maps/UEDPIE_0_Minimal_Default.Minimal_Default up for play (max tick rate 0) at 2016.02.15-21.01.48
[2016.02.16-02.01.48:914][283]LogActor:Warning: GameSession /Game/StarterContent/Maps/UEDPIE_0_Minimal_Default.Minimal_Default:PersistentLevel.GameSession_7 has natively added scene component(s), but none of them were set as the actor's RootComponent - picking one arbitrarily
[2016.02.16-02.01.48:915][283]LogActor:Warning: GameNetworkManager /Game/StarterContent/Maps/UEDPIE_0_Minimal_Default.Minimal_Default:PersistentLevel.GameNetworkManager_7 has natively added scene component(s), but none of them were set as the actor's RootComponent - picking one arbitrarily
[2016.02.16-02.01.48:915][283]LogWorld: Bringing up level for play took: 0.001753
[2016.02.16-02.01.49:285][283]PIE: Info Play in editor start time for /Game/StarterContent/Maps/UEDPIE_0_Minimal_Default 0.111
[2016.02.16-02.01.49:285][283]LogBlueprintUserMessages: Late PlayInEditor Detection: Level '/Game/StarterContent/Maps/Minimal_Default.Minimal_Default:PersistentLevel' has LevelScriptBlueprint '/Game/StarterContent/Maps/Minimal_Default.Minimal_Default:PersistentLevel.Minimal_Default' with GeneratedClass '/Game/StarterContent/Maps/Minimal_Default.Minimal_Default_C' with ClassGeneratedBy '/Game/StarterContent/Maps/Minimal_Default.Minimal_Default:PersistentLevel.Minimal_Default'
[2016.02.16-02.01.49:433][283]LogCrashTracker: 


[2016.02.16-02.01.49:433][283]LogCrashTracker: 


[2016.02.16-02.01.49:433][283]LogWindows: === Critical error: ===
Fatal error!



