[2016.02.14-16.03.56:658][  0]Log file open, 02/14/16 11:03:56
[2016.02.14-16.03.56:658][  0]LogInit:Display: Running engine for game: AISafari
[2016.02.14-16.03.56:658][  0]LogInit:Display: RandInit(989277284) SRandInit(989277285).
[2016.02.14-16.03.56:658][  0]LogTaskGraph: Started task graph with 4 named threads and 7 total threads.
[2016.02.14-16.03.56:658][  0]LogStats: Stats thread started at 0.065913
[2016.02.14-16.03.56:658][  0]LogInit: Version: 4.9.2-2707645+++depot+UE4-Releases+4.9
[2016.02.14-16.03.56:658][  0]LogInit: API Version: 2672455
[2016.02.14-16.03.56:658][  0]LogInit: Compiled (64-bit): Sep 28 2015 10:25:44
[2016.02.14-16.03.56:658][  0]LogInit: Compiled with Visual C++: 18.00.21005.01
[2016.02.14-16.03.56:658][  0]LogInit: Build Configuration: Development
[2016.02.14-16.03.56:658][  0]LogInit: Branch Name: ++depot+UE4-Releases+4.9
[2016.02.14-16.03.56:658][  0]LogInit: Command line:  
[2016.02.14-16.03.56:658][  0]LogInit: Base directory: C:/Program Files (x86)/Epic Games/4.9/Engine/Binaries/Win64/
[2016.02.14-16.03.56:658][  0]LogInit: Rocket: 1
[2016.02.14-16.03.56:666][  0]LogInit: Using libcurl 7.41.0
[2016.02.14-16.03.56:666][  0]LogInit:  - built for x86_64-pc-win32
[2016.02.14-16.03.56:666][  0]LogInit:  - supports SSL with WinSSL
[2016.02.14-16.03.56:666][  0]LogInit:  - other features:
[2016.02.14-16.03.56:666][  0]LogInit:      CURL_VERSION_SSL
[2016.02.14-16.03.56:666][  0]LogInit:      CURL_VERSION_IPV6
[2016.02.14-16.03.56:666][  0]LogInit:      CURL_VERSION_ASYNCHDNS
[2016.02.14-16.03.56:666][  0]LogInit:      CURL_VERSION_LARGEFILE
[2016.02.14-16.03.56:666][  0]LogInit:      CURL_VERSION_IDN
[2016.02.14-16.03.56:666][  0]LogInit:  CurlRequestOptions (configurable via config and command line):
[2016.02.14-16.03.56:666][  0]LogInit:  - bVerifyPeer = true  - Libcurl will verify peer certificate
[2016.02.14-16.03.56:666][  0]LogInit:  - bUseHttpProxy = false  - Libcurl will NOT use HTTP proxy
[2016.02.14-16.03.56:666][  0]LogInit:  - bDontReuseConnections = false  - Libcurl will reuse connections
[2016.02.14-16.03.56:666][  0]LogInit:  - CertBundlePath = nullptr  - Libcurl will use whatever was configured at build time.
[2016.02.14-16.03.56:671][  0]LogInit: Presizing for 0 objects not considered by GC, pre-allocating 0 bytes.
[2016.02.14-16.03.56:675][  0]LogInit: Object subsystem initialized
[2016.02.14-16.03.56:676][  0]LogInit: Selected Device Profile: [Windows]
[2016.02.14-16.03.56:676][  0]LogInit: Applying CVar settings loaded from the selected device profile: [Windows]
[2016.02.14-16.03.56:682][  0]LogInit: Computer: ZEBRADESKTOP
[2016.02.14-16.03.56:682][  0]LogInit: User: Ryan
[2016.02.14-16.03.56:682][  0]LogInit: CPU Page size=4096, Cores=4
[2016.02.14-16.03.56:682][  0]LogInit: High frequency timer resolution =3.984648 MHz
[2016.02.14-16.03.56:682][  0]LogMemory: Memory total: Physical=15.9GB (16GB approx)
[2016.02.14-16.03.56:682][  0]LogMemory: Platform Memory Stats for Windows
[2016.02.14-16.03.56:682][  0]LogMemory: Process Physical Memory: 53.94 MB used, 53.94 MB peak
[2016.02.14-16.03.56:682][  0]LogMemory: Process Virtual Memory: 57.39 MB used, 57.39 MB peak
[2016.02.14-16.03.56:682][  0]LogMemory: Physical Memory: 6688.27 MB used, 16325.73 MB total
[2016.02.14-16.03.56:682][  0]LogMemory: Virtual Memory: 366.70 MB used, 134217728.00 MB total
[2016.02.14-16.03.56:708][  0]LogTextLocalizationManager: No specific translations for ('en-US') exist, so ('en') translations will be used.
[2016.02.14-16.03.57:294][  0]LogD3D11RHI: Found D3D11 adapter 0: NVIDIA GeForce GTX 780 (Feature Level 11_0)
[2016.02.14-16.03.57:294][  0]LogD3D11RHI: Adapter has 5971MB of dedicated video memory, 0MB of dedicated system memory, and 8162MB of shared system memory, 3 output[s]
[2016.02.14-16.03.57:296][  0]LogD3D11RHI: Found D3D11 adapter 1: Microsoft Basic Render Driver (Feature Level 11_0)
[2016.02.14-16.03.57:296][  0]LogD3D11RHI: Adapter has 0MB of dedicated video memory, 0MB of dedicated system memory, and 8162MB of shared system memory, 0 output[s]
[2016.02.14-16.03.57:296][  0]LogD3D11RHI: Chosen D3D11 Adapter Id = 0
[2016.02.14-16.03.57:299][  0]LogD3D11RHI: !Direct3DDevice
[2016.02.14-16.03.57:299][  0]LogRHI: Texture pool is 1361 MB (70% of 1945 MB)
[2016.02.14-16.03.57:312][  0]LogD3D11RHI: Async texture creation enabled
[2016.02.14-16.03.57:328][  0]LogShaderCompilers: Guid format shader working directory is 14 characters bigger than the processId version (Q:/Classes/3-2/AI/AISafari/Intermediate/Shaders/WorkingDirectory/12348/).
[2016.02.14-16.03.57:329][  0]LogShaderCompilers: Cleaned the shader compiler working directory 'Q:/Classes/3-2/AI/AISafari/Intermediate/Shaders/tmp/0B89A27F45278D4B4115C6BEEA8D4490/'.
[2016.02.14-16.03.57:329][  0]LogShaderCompilers:Display: Using Local Shader Compiler.
[2016.02.14-16.03.58:048][  0]LogTemp:Display: Loaded TP AllDesktopTargetPlatform
[2016.02.14-16.03.58:052][  0]LogTemp:Display: Loaded TP WindowsClientTargetPlatform
[2016.02.14-16.03.58:056][  0]LogTemp:Display: Loaded TP WindowsNoEditorTargetPlatform
[2016.02.14-16.03.58:060][  0]LogTemp:Display: Loaded TP WindowsServerTargetPlatform
[2016.02.14-16.03.58:063][  0]LogTemp:Display: Loaded TP WindowsTargetPlatform
[2016.02.14-16.03.58:066][  0]LogTemp:Display: Loaded TP AndroidTargetPlatform
[2016.02.14-16.03.58:068][  0]LogTemp:Display: Loaded TP Android_ASTCTargetPlatform
[2016.02.14-16.03.58:071][  0]LogTemp:Display: Loaded TP Android_ATCTargetPlatform
[2016.02.14-16.03.58:073][  0]LogTemp:Display: Loaded TP Android_DXTTargetPlatform
[2016.02.14-16.03.58:075][  0]LogTemp:Display: Loaded TP Android_ETC1TargetPlatform
[2016.02.14-16.03.58:078][  0]LogTemp:Display: Loaded TP Android_ETC2TargetPlatform
[2016.02.14-16.03.58:080][  0]LogTemp:Display: Loaded TP Android_PVRTCTargetPlatform
[2016.02.14-16.03.58:080][  0]LogTemp:Display: Loaded TP HTML5TargetPlatform
[2016.02.14-16.03.58:096][  0]LogTemp:Display: Loaded TP IOSTargetPlatform
[2016.02.14-16.03.58:098][  0]LogTemp:Display: Loaded TP LinuxNoEditorTargetPlatform
[2016.02.14-16.03.58:101][  0]LogTemp:Display: Loaded TP LinuxServerTargetPlatform
[2016.02.14-16.03.58:104][  0]LogTemp:Display: Loaded TP LinuxTargetPlatform
[2016.02.14-16.03.58:104][  0]LogTargetPlatformManager:Display: Building Assets For Windows
[2016.02.14-16.03.58:164][  0]LogDerivedDataCache:Display: Max Cache Size: 512 MB
[2016.02.14-16.03.58:203][  0]LogDerivedDataCache: Loaded boot cache 0.04s 41MB C:/Users/Ryan/AppData/Local/UnrealEngine/4.9/DerivedDataCache/Boot.ddc.
[2016.02.14-16.03.58:203][  0]LogDerivedDataCache:Display: Loaded Boot cache: C:/Users/Ryan/AppData/Local/UnrealEngine/4.9/DerivedDataCache/Boot.ddc
[2016.02.14-16.03.58:203][  0]LogDerivedDataCache: FDerivedDataBackendGraph:  Pak pak cache file Q:/Classes/3-2/AI/AISafari/DerivedDataCache/DDC.ddp not found, will not use a pak cache.
[2016.02.14-16.03.58:203][  0]LogDerivedDataCache: Unable to find inner node Pak for hierarchical cache Hierarchy.
[2016.02.14-16.03.58:203][  0]LogDerivedDataCache: FDerivedDataBackendGraph:  CompressedPak pak cache file Q:/Classes/3-2/AI/AISafari/DerivedDataCache/Compressed.ddp not found, will not use a pak cache.
[2016.02.14-16.03.58:203][  0]LogDerivedDataCache: Unable to find inner node CompressedPak for hierarchical cache Hierarchy.
[2016.02.14-16.03.58:300][  0]LogDerivedDataCache:Display: Pak cache opened for reading ../../../Engine/DerivedDataCache/Compressed.ddp.
[2016.02.14-16.03.58:312][  0]LogDerivedDataCache: Using Local data cache path C:/Users/Ryan/AppData/Local/UnrealEngine/Common/DerivedDataCache: Writable
[2016.02.14-16.03.58:448][  0]LogInit: Selected Device Profile: [Windows]
[2016.02.14-16.03.58:450][  0]LogContentStreaming: Texture pool size is 0.000000MB
[2016.02.14-16.03.58:531][  0]LogMeshUtilities: No automatic mesh reduction module available
[2016.02.14-16.03.58:531][  0]LogMeshUtilities: No automatic mesh merging module available
[2016.02.14-16.03.58:712][  0]LogInit: WinSock: version 1.1 (2.2), MaxSocks=32767, MaxUdp=65467
[2016.02.14-16.03.59:197][  0]UdpMessaging: Initializing bridge on interface 0.0.0.0:0 to multicast group 230.0.0.1:6666.
[2016.02.14-16.03.59:294][  0]LogAssetRegistry: FAssetRegistry took 0.0106 seconds to start up
[2016.02.14-16.03.59:413][  0]SourceControl: Info Source control is disabled
[2016.02.14-16.03.59:419][  0]SourceControl: Info Source control is disabled
[2016.02.14-16.03.59:427][  0]SourceControl: Info Source control is disabled
[2016.02.14-16.03.59:435][  0]SourceControl: Info Source control is disabled
[2016.02.14-16.03.59:536][  0]LogLinker:Warning: Asset '../../../Engine/Plugins/Runtime/LeapMotionController/Content/LM_PassthroughMaterial.uasset' has been saved with empty engine version. The asset will be loaded but may be incompatible.
[2016.02.14-16.03.59:588][  0]LogObj: 28380 objects as part of root set at end of initial load.
[2016.02.14-16.03.59:588][  0]LogUObjectAllocator: 6046584 out of 0 bytes used by permanent object pool.
[2016.02.14-16.03.59:629][  0]LogEngine: Initializing Engine...
[2016.02.14-16.03.59:631][  0]LogHMD: Can't find Oculus library dev build: is proper Runtime installed? Version: 0.7.0.0
[2016.02.14-16.03.59:631][  0]LogHMD: SteamVR failed to initialize.  Err: 110
[2016.02.14-16.03.59:714][  0]LogAIModule: Creating AISystem for world NewWorld
[2016.02.14-16.03.59:720][  0]LogInit: XAudio2 using 'Speakers (ASUS Xonar DGX Audio Device)' : 2 channels at 44.1 kHz using 16 bits per sample (channel mask 0x3)
[2016.02.14-16.03.59:724][  0]LogInit: FAudioDevice initialized.
[2016.02.14-16.03.59:742][  0]LogDerivedDataCache: Saved boot cache 0.02s 41MB C:/Users/Ryan/AppData/Local/UnrealEngine/4.9/DerivedDataCache/Boot.ddc.
[2016.02.14-16.03.59:746][  0]LogInit: Texture streaming: Enabled
[2016.02.14-16.03.59:750][  0]LogAnalytics: Creating configured Analytics provider AnalyticsET
[2016.02.14-16.03.59:750][  0]LogAnalytics: [UEEditor.Rocket.Release] APIServer = http://et2.epicgames.com/ET2/. AppVersion = 4.9.2-2707645+++depot+UE4-Releases+4.9
[2016.02.14-16.03.59:750][  0]LogAnalytics: [UEEditor.Rocket.Release] SetUserId d1f9beca401d8fe412e57fa88e66abb9|85745c8591404a23957796735eaccf05|defee072-9da8-4f68-a06a-f65b3a6c30bf
[2016.02.14-16.03.59:750][  0]LogAnalytics: [UEEditor.Rocket.Release] AnalyticsET::StartSession
[2016.02.14-16.03.59:776][  0]LogInit: Transaction tracking system initialized
[2016.02.14-16.03.59:799][  0]BlueprintLog: New page: Editor Load
[2016.02.14-16.03.59:853][  0]LocalizationService: Info Localization service is disabled
[2016.02.14-16.03.59:920][  0]LogConsoleResponse:Display: 
[2016.02.14-16.03.59:997][  0]LogCook:Display: Done creating registry. It took  0.00s.
[2016.02.14-16.04.00:044][  0]LogFileCache: Scanning file cache for directory 'Q:/Classes/3-2/AI/AISafari/Content/' took 0.01s
[2016.02.14-16.04.00:044][  0]SourceControl: Info Source control is disabled
[2016.02.14-16.04.16:502][  0]LogWindowsTextInputMethodSystem:Display: IME system now deactivated.
[2016.02.14-16.04.16:508][  0]LogWindowsTextInputMethodSystem:Display: IME system now deactivated.
[2016.02.14-16.04.16:508][  0]Cmd: MAP LOAD FILE="Q:/Classes/3-2/AI/AISafari/Content/StarterContent/Maps/Minimal_Default.umap" TEMPLATE=0 SHOWPROGRESS=1 FEATURELEVEL=3
[2016.02.14-16.04.16:509][  0]LightingResults: New page: Lighting Build
[2016.02.14-16.04.16:512][  0]MapCheck: New page: Map Check
[2016.02.14-16.04.16:512][  0]LightingResults: New page: Lighting Build
[2016.02.14-16.04.16:525][  0]LogParticles: Destroying 0 GPU particle simulations for FXSystem 0x0000004F2A26FCE0
[2016.02.14-16.04.16:720][  0]LogAIModule: Creating AISystem for world Minimal_Default
[2016.02.14-16.04.16:726][  0]LogEditorServer: Finished looking for orphan Actors (0.000 secs)
[2016.02.14-16.04.16:728][  0]Cmd: MAP CHECKDEP NOCLEARLOG
[2016.02.14-16.04.16:761][  0]MapCheck: Info Map check complete: 0 Error(s), 0 Warning(s), took 32.438ms to complete.
[2016.02.14-16.04.16:761][  0]LogFileHelpers: Loading map 'Minimal_Default' took 0.253
[2016.02.14-16.04.16:772][  0]LogWindowsTextInputMethodSystem:Display: IME system now deactivated.
[2016.02.14-16.04.16:845][  0]LogCollectionManager: Loaded 0 collections in 0.001876 seconds
[2016.02.14-16.04.16:884][  0]LogFileCache: Scanning file cache for directory 'Q:/Classes/3-2/AI/AISafari/Saved/Collections/' took 0.01s
[2016.02.14-16.04.16:884][  0]LogFileCache: Scanning file cache for directory 'Q:/Classes/3-2/AI/AISafari/Content/Developers/Ryan/Collections/' took 0.01s
[2016.02.14-16.04.16:884][  0]LogFileCache: Scanning file cache for directory 'Q:/Classes/3-2/AI/AISafari/Content/Collections/' took 0.01s
[2016.02.14-16.04.16:884][  0]LogContentBrowser: Native class hierarchy populated in 0.0060 seconds. Added 1871 classes and 336 folders.
[2016.02.14-16.04.16:898][  0]LogCollectionManager: Rebuilt the GUID cache for 0 collections in 0.000002 seconds
[2016.02.14-16.04.16:905][  0]LogContentBrowser: Native class hierarchy updated for 'WidgetCarousel' in 0.0009 seconds. Added 0 classes and 0 folders.
[2016.02.14-16.04.16:933][  0]LogContentBrowser: Native class hierarchy updated for 'AddContentDialog' in 0.0008 seconds. Added 0 classes and 0 folders.
[2016.02.14-16.04.16:936][  0]LogContentBrowser: Native class hierarchy updated for 'SceneOutliner' in 0.0008 seconds. Added 1 classes and 2 folders.
[2016.02.14-16.04.16:954][  0]LogCrashTracker: Crashtracker disabled due to settings.
[2016.02.14-16.04.16:959][  0]LogUObjectGlobals:Warning: Failed to find object 'Class None.'
[2016.02.14-16.04.16:980][  0]LogStats:Warning: MetaData mismatch. Did you assign a stat to two groups? New //STATGROUP_Threads//SplashScreenThread///Thread_22d8_0///####STATCAT_Advanced#### old //STATGROUP_Threads//SplashScreenThread///Thread_3160_0///####STATCAT_Advanced####
[2016.02.14-16.04.16:980][  0]LogLoad: Full Startup: 20.93 seconds (BP compile: 0.03 seconds)
[2016.02.14-16.04.17:033][  0]LogContentStreaming: Texture pool size now 1000 MB
[2016.02.14-16.04.17:128][  0]LogRenderer: Reallocating scene render targets to support 1208x600 (Frame:2).
[2016.02.14-16.04.17:341][  2]LogAssetRegistry: Asset discovery search completed in 18.0577 seconds
[2016.02.14-16.04.17:341][  2]LogCollectionManager: Rebuilt the object cache for 0 collections in 0.000001 seconds (found 0 objects)
[2016.02.14-16.04.17:341][  2]LogCollectionManager: Fixed up redirectors for 0 collections in 0.000014 seconds (updated 0 objects)
[2016.02.14-16.04.21:928][420]LogBlueprintUserMessages: Early PlayInEditor Detection: Level '/Game/StarterContent/Maps/Minimal_Default.Minimal_Default:PersistentLevel' has LevelScriptBlueprint '/Game/StarterContent/Maps/Minimal_Default.Minimal_Default:PersistentLevel.Minimal_Default' with GeneratedClass '/Game/StarterContent/Maps/Minimal_Default.Minimal_Default_C' with ClassGeneratedBy '/Game/StarterContent/Maps/Minimal_Default.Minimal_Default:PersistentLevel.Minimal_Default'
[2016.02.14-16.04.21:928][420]LogPlayLevel: PlayLevel: No blueprints needed recompiling
[2016.02.14-16.04.21:928][420]PIE: New page: PIE session: Minimal_Default (Feb 14, 2016, 6:04:21 AM)
[2016.02.14-16.04.21:928][420]LogPlayLevel: Creating play world package: /Game/StarterContent/Maps/UEDPIE_0_Minimal_Default
[2016.02.14-16.04.21:934][420]LogPlayLevel: PIE: StaticDuplicateObject took: (0.006277s)
[2016.02.14-16.04.21:935][420]LogAIModule: Creating AISystem for world Minimal_Default
[2016.02.14-16.04.21:935][420]LogPlayLevel: PIE: World Init took: (0.000723s)
[2016.02.14-16.04.21:935][420]LogPlayLevel: PIE: Created PIE world by copying editor world from /Game/StarterContent/Maps/Minimal_Default.Minimal_Default to /Game/StarterContent/Maps/UEDPIE_0_Minimal_Default.Minimal_Default (0.007225s)
[2016.02.14-16.04.21:954][420]LogInit: XAudio2 using 'Speakers (ASUS Xonar DGX Audio Device)' : 2 channels at 44.1 kHz using 16 bits per sample (channel mask 0x3)
[2016.02.14-16.04.21:956][420]LogInit: FAudioDevice initialized.
[2016.02.14-16.04.22:000][420]LogWorld: Game class is 'AISafariGameMode'
[2016.02.14-16.04.22:003][420]LogWorld: Bringing World /Game/StarterContent/Maps/UEDPIE_0_Minimal_Default.Minimal_Default up for play (max tick rate 0) at 2016.02.14-11.04.22
[2016.02.14-16.04.22:003][420]LogActor:Warning: GameSession /Game/StarterContent/Maps/UEDPIE_0_Minimal_Default.Minimal_Default:PersistentLevel.GameSession_0 has natively added scene component(s), but none of them were set as the actor's RootComponent - picking one arbitrarily
[2016.02.14-16.04.22:003][420]LogActor:Warning: GameNetworkManager /Game/StarterContent/Maps/UEDPIE_0_Minimal_Default.Minimal_Default:PersistentLevel.GameNetworkManager_0 has natively added scene component(s), but none of them were set as the actor's RootComponent - picking one arbitrarily
[2016.02.14-16.04.22:003][420]LogWorld: Bringing up level for play took: 0.002672
[2016.02.14-16.04.22:191][420]PIE: Info Play in editor start time for /Game/StarterContent/Maps/UEDPIE_0_Minimal_Default 0.026
[2016.02.14-16.04.22:191][420]LogBlueprintUserMessages: Late PlayInEditor Detection: Level '/Game/StarterContent/Maps/Minimal_Default.Minimal_Default:PersistentLevel' has LevelScriptBlueprint '/Game/StarterContent/Maps/Minimal_Default.Minimal_Default:PersistentLevel.Minimal_Default' with GeneratedClass '/Game/StarterContent/Maps/Minimal_Default.Minimal_Default_C' with ClassGeneratedBy '/Game/StarterContent/Maps/Minimal_Default.Minimal_Default:PersistentLevel.Minimal_Default'
[2016.02.14-16.04.23:603][426]LogBlueprintUserMessages: Early EndPlayMap Detection: Level '/Game/StarterContent/Maps/Minimal_Default.Minimal_Default:PersistentLevel' has LevelScriptBlueprint '/Game/StarterContent/Maps/Minimal_Default.Minimal_Default:PersistentLevel.Minimal_Default' with GeneratedClass '/Game/StarterContent/Maps/Minimal_Default.Minimal_Default_C' with ClassGeneratedBy '/Game/StarterContent/Maps/Minimal_Default.Minimal_Default:PersistentLevel.Minimal_Default'
[2016.02.14-16.04.23:672][426]LogBlueprintUserMessages: Late EndPlayMap Detection: Level '/Game/StarterContent/Maps/Minimal_Default.Minimal_Default:PersistentLevel' has LevelScriptBlueprint '/Game/StarterContent/Maps/Minimal_Default.Minimal_Default:PersistentLevel.Minimal_Default' with GeneratedClass '/Game/StarterContent/Maps/Minimal_Default.Minimal_Default_C' with ClassGeneratedBy '/Game/StarterContent/Maps/Minimal_Default.Minimal_Default:PersistentLevel.Minimal_Default'
[2016.02.14-16.04.23:682][426]LogParticles: Destroying 0 GPU particle simulations for FXSystem 0x0000004F072A0540
[2016.02.14-16.04.53:099][101]LogHotReload: New module detected: UE4Editor-AISafari-1934.dll
[2016.02.14-16.04.53:460][103]LogHotReload: Starting Hot-Reload from IDE
[2016.02.14-16.04.53:514][103]LogContentBrowser: Native class hierarchy updated for 'AISafari' in 0.0009 seconds. Added 4 classes and 3 folders.
[2016.02.14-16.04.53:515][103]Warning: HotReload successful (0 functions remapped  0 scriptstructs remapped)
[2016.02.14-16.04.53:556][103]LogContentBrowser: Native class hierarchy populated in 0.0060 seconds. Added 1872 classes and 338 folders.
[2016.02.14-16.04.55:311][169]LogBlueprintUserMessages: Early PlayInEditor Detection: Level '/Game/StarterContent/Maps/Minimal_Default.Minimal_Default:PersistentLevel' has LevelScriptBlueprint '/Game/StarterContent/Maps/Minimal_Default.Minimal_Default:PersistentLevel.Minimal_Default' with GeneratedClass '/Game/StarterContent/Maps/Minimal_Default.Minimal_Default_C' with ClassGeneratedBy '/Game/StarterContent/Maps/Minimal_Default.Minimal_Default:PersistentLevel.Minimal_Default'
[2016.02.14-16.04.55:311][169]LogPlayLevel: PlayLevel: No blueprints needed recompiling
[2016.02.14-16.04.55:311][169]PIE: New page: PIE session: Minimal_Default (Feb 14, 2016, 6:04:55 AM)
[2016.02.14-16.04.55:311][169]LogPlayLevel: Creating play world package: /Game/StarterContent/Maps/UEDPIE_0_Minimal_Default
[2016.02.14-16.04.55:316][169]LogPlayLevel: PIE: StaticDuplicateObject took: (0.004317s)
[2016.02.14-16.04.55:316][169]LogAIModule: Creating AISystem for world Minimal_Default
[2016.02.14-16.04.55:316][169]LogPlayLevel: PIE: World Init took: (0.000492s)
[2016.02.14-16.04.55:316][169]LogPlayLevel: PIE: Created PIE world by copying editor world from /Game/StarterContent/Maps/Minimal_Default.Minimal_Default to /Game/StarterContent/Maps/UEDPIE_0_Minimal_Default.Minimal_Default (0.004959s)
[2016.02.14-16.04.55:331][169]LogInit: XAudio2 using 'Speakers (ASUS Xonar DGX Audio Device)' : 2 channels at 44.1 kHz using 16 bits per sample (channel mask 0x3)
[2016.02.14-16.04.55:333][169]LogInit: FAudioDevice initialized.
[2016.02.14-16.04.55:361][169]LogWorld: Game class is 'AISafariGameMode'
[2016.02.14-16.04.55:363][169]LogWorld: Bringing World /Game/StarterContent/Maps/UEDPIE_0_Minimal_Default.Minimal_Default up for play (max tick rate 0) at 2016.02.14-11.04.55
[2016.02.14-16.04.55:363][169]LogActor:Warning: GameSession /Game/StarterContent/Maps/UEDPIE_0_Minimal_Default.Minimal_Default:PersistentLevel.GameSession_1 has natively added scene component(s), but none of them were set as the actor's RootComponent - picking one arbitrarily
[2016.02.14-16.04.55:363][169]LogActor:Warning: GameNetworkManager /Game/StarterContent/Maps/UEDPIE_0_Minimal_Default.Minimal_Default:PersistentLevel.GameNetworkManager_1 has natively added scene component(s), but none of them were set as the actor's RootComponent - picking one arbitrarily
[2016.02.14-16.04.55:363][169]LogWorld: Bringing up level for play took: 0.001427
[2016.02.14-16.04.55:416][169]PIE: Info Play in editor start time for /Game/StarterContent/Maps/UEDPIE_0_Minimal_Default -0.75
[2016.02.14-16.04.55:416][169]LogBlueprintUserMessages: Late PlayInEditor Detection: Level '/Game/StarterContent/Maps/Minimal_Default.Minimal_Default:PersistentLevel' has LevelScriptBlueprint '/Game/StarterContent/Maps/Minimal_Default.Minimal_Default:PersistentLevel.Minimal_Default' with GeneratedClass '/Game/StarterContent/Maps/Minimal_Default.Minimal_Default_C' with ClassGeneratedBy '/Game/StarterContent/Maps/Minimal_Default.Minimal_Default:PersistentLevel.Minimal_Default'
[2016.02.14-16.05.01:342][520]LogBlueprintUserMessages: Early EndPlayMap Detection: Level '/Game/StarterContent/Maps/Minimal_Default.Minimal_Default:PersistentLevel' has LevelScriptBlueprint '/Game/StarterContent/Maps/Minimal_Default.Minimal_Default:PersistentLevel.Minimal_Default' with GeneratedClass '/Game/StarterContent/Maps/Minimal_Default.Minimal_Default_C' with ClassGeneratedBy '/Game/StarterContent/Maps/Minimal_Default.Minimal_Default:PersistentLevel.Minimal_Default'
[2016.02.14-16.05.01:381][520]LogBlueprintUserMessages: Late EndPlayMap Detection: Level '/Game/StarterContent/Maps/Minimal_Default.Minimal_Default:PersistentLevel' has LevelScriptBlueprint '/Game/StarterContent/Maps/Minimal_Default.Minimal_Default:PersistentLevel.Minimal_Default' with GeneratedClass '/Game/StarterContent/Maps/Minimal_Default.Minimal_Default_C' with ClassGeneratedBy '/Game/StarterContent/Maps/Minimal_Default.Minimal_Default:PersistentLevel.Minimal_Default'
[2016.02.14-16.05.01:394][520]LogParticles: Destroying 0 GPU particle simulations for FXSystem 0x0000004F3F682520
[2016.02.14-16.05.18:937][632]LogHotReload: New module detected: UE4Editor-AISafari-6913.dll
[2016.02.14-16.05.19:613][635]LogHotReload: Starting Hot-Reload from IDE
[2016.02.14-16.05.19:660][635]LogContentBrowser: Native class hierarchy updated for 'AISafari' in 0.0009 seconds. Added 4 classes and 3 folders.
[2016.02.14-16.05.19:661][635]Warning: HotReload successful (0 functions remapped  0 scriptstructs remapped)
[2016.02.14-16.05.19:705][635]LogContentBrowser: Native class hierarchy populated in 0.0065 seconds. Added 1872 classes and 338 folders.
[2016.02.14-16.05.21:154][702]LogBlueprintUserMessages: Early PlayInEditor Detection: Level '/Game/StarterContent/Maps/Minimal_Default.Minimal_Default:PersistentLevel' has LevelScriptBlueprint '/Game/StarterContent/Maps/Minimal_Default.Minimal_Default:PersistentLevel.Minimal_Default' with GeneratedClass '/Game/StarterContent/Maps/Minimal_Default.Minimal_Default_C' with ClassGeneratedBy '/Game/StarterContent/Maps/Minimal_Default.Minimal_Default:PersistentLevel.Minimal_Default'
[2016.02.14-16.05.21:154][702]LogPlayLevel: PlayLevel: No blueprints needed recompiling
[2016.02.14-16.05.21:154][702]PIE: New page: PIE session: Minimal_Default (Feb 14, 2016, 6:05:21 AM)
[2016.02.14-16.05.21:154][702]LogPlayLevel: Creating play world package: /Game/StarterContent/Maps/UEDPIE_0_Minimal_Default
[2016.02.14-16.05.21:159][702]LogPlayLevel: PIE: StaticDuplicateObject took: (0.005159s)
[2016.02.14-16.05.21:160][702]LogAIModule: Creating AISystem for world Minimal_Default
[2016.02.14-16.05.21:160][702]LogPlayLevel: PIE: World Init took: (0.001100s)
[2016.02.14-16.05.21:160][702]LogPlayLevel: PIE: Created PIE world by copying editor world from /Game/StarterContent/Maps/Minimal_Default.Minimal_Default to /Game/StarterContent/Maps/UEDPIE_0_Minimal_Default.Minimal_Default (0.006493s)
[2016.02.14-16.05.21:175][702]LogInit: XAudio2 using 'Speakers (ASUS Xonar DGX Audio Device)' : 2 channels at 44.1 kHz using 16 bits per sample (channel mask 0x3)
[2016.02.14-16.05.21:177][702]LogInit: FAudioDevice initialized.
[2016.02.14-16.05.21:209][702]LogWorld: Game class is 'AISafariGameMode'
[2016.02.14-16.05.21:211][702]LogWorld: Bringing World /Game/StarterContent/Maps/UEDPIE_0_Minimal_Default.Minimal_Default up for play (max tick rate 0) at 2016.02.14-11.05.21
[2016.02.14-16.05.21:211][702]LogActor:Warning: GameSession /Game/StarterContent/Maps/UEDPIE_0_Minimal_Default.Minimal_Default:PersistentLevel.GameSession_2 has natively added scene component(s), but none of them were set as the actor's RootComponent - picking one arbitrarily
[2016.02.14-16.05.21:211][702]LogActor:Warning: GameNetworkManager /Game/StarterContent/Maps/UEDPIE_0_Minimal_Default.Minimal_Default:PersistentLevel.GameNetworkManager_2 has natively added scene component(s), but none of them were set as the actor's RootComponent - picking one arbitrarily
[2016.02.14-16.05.21:211][702]LogWorld: Bringing up level for play took: 0.001618
[2016.02.14-16.05.21:374][702]PIE: Info Play in editor start time for /Game/StarterContent/Maps/UEDPIE_0_Minimal_Default 1.209
[2016.02.14-16.05.21:374][702]LogBlueprintUserMessages: Late PlayInEditor Detection: Level '/Game/StarterContent/Maps/Minimal_Default.Minimal_Default:PersistentLevel' has LevelScriptBlueprint '/Game/StarterContent/Maps/Minimal_Default.Minimal_Default:PersistentLevel.Minimal_Default' with GeneratedClass '/Game/StarterContent/Maps/Minimal_Default.Minimal_Default_C' with ClassGeneratedBy '/Game/StarterContent/Maps/Minimal_Default.Minimal_Default:PersistentLevel.Minimal_Default'
[2016.02.14-16.05.24:219][711]LogBlueprintUserMessages: Early EndPlayMap Detection: Level '/Game/StarterContent/Maps/Minimal_Default.Minimal_Default:PersistentLevel' has LevelScriptBlueprint '/Game/StarterContent/Maps/Minimal_Default.Minimal_Default:PersistentLevel.Minimal_Default' with GeneratedClass '/Game/StarterContent/Maps/Minimal_Default.Minimal_Default_C' with ClassGeneratedBy '/Game/StarterContent/Maps/Minimal_Default.Minimal_Default:PersistentLevel.Minimal_Default'
[2016.02.14-16.05.24:278][711]LogBlueprintUserMessages: Late EndPlayMap Detection: Level '/Game/StarterContent/Maps/Minimal_Default.Minimal_Default:PersistentLevel' has LevelScriptBlueprint '/Game/StarterContent/Maps/Minimal_Default.Minimal_Default:PersistentLevel.Minimal_Default' with GeneratedClass '/Game/StarterContent/Maps/Minimal_Default.Minimal_Default_C' with ClassGeneratedBy '/Game/StarterContent/Maps/Minimal_Default.Minimal_Default:PersistentLevel.Minimal_Default'
[2016.02.14-16.05.24:291][711]LogParticles: Destroying 0 GPU particle simulations for FXSystem 0x0000004F1EA6B100
[2016.02.14-16.05.35:201][ 78]LogHotReload: New module detected: UE4Editor-AISafari-8855.dll
[2016.02.14-16.05.35:541][ 80]LogHotReload: Starting Hot-Reload from IDE
[2016.02.14-16.05.35:592][ 80]LogContentBrowser: Native class hierarchy updated for 'AISafari' in 0.0009 seconds. Added 4 classes and 3 folders.
[2016.02.14-16.05.35:593][ 80]Warning: HotReload successful (0 functions remapped  0 scriptstructs remapped)
[2016.02.14-16.05.35:634][ 80]LogContentBrowser: Native class hierarchy populated in 0.0058 seconds. Added 1872 classes and 338 folders.
[2016.02.14-16.05.37:208][ 84]LogBlueprintUserMessages: Early PlayInEditor Detection: Level '/Game/StarterContent/Maps/Minimal_Default.Minimal_Default:PersistentLevel' has LevelScriptBlueprint '/Game/StarterContent/Maps/Minimal_Default.Minimal_Default:PersistentLevel.Minimal_Default' with GeneratedClass '/Game/StarterContent/Maps/Minimal_Default.Minimal_Default_C' with ClassGeneratedBy '/Game/StarterContent/Maps/Minimal_Default.Minimal_Default:PersistentLevel.Minimal_Default'
[2016.02.14-16.05.37:208][ 84]LogPlayLevel: PlayLevel: No blueprints needed recompiling
[2016.02.14-16.05.37:209][ 84]PIE: New page: PIE session: Minimal_Default (Feb 14, 2016, 6:05:37 AM)
[2016.02.14-16.05.37:209][ 84]LogPlayLevel: Creating play world package: /Game/StarterContent/Maps/UEDPIE_0_Minimal_Default
[2016.02.14-16.05.37:213][ 84]LogPlayLevel: PIE: StaticDuplicateObject took: (0.004380s)
[2016.02.14-16.05.37:213][ 84]LogAIModule: Creating AISystem for world Minimal_Default
[2016.02.14-16.05.37:214][ 84]LogPlayLevel: PIE: World Init took: (0.000521s)
[2016.02.14-16.05.37:214][ 84]LogPlayLevel: PIE: Created PIE world by copying editor world from /Game/StarterContent/Maps/Minimal_Default.Minimal_Default to /Game/StarterContent/Maps/UEDPIE_0_Minimal_Default.Minimal_Default (0.005109s)
[2016.02.14-16.05.37:228][ 84]LogInit: XAudio2 using 'Speakers (ASUS Xonar DGX Audio Device)' : 2 channels at 44.1 kHz using 16 bits per sample (channel mask 0x3)
[2016.02.14-16.05.37:231][ 84]LogInit: FAudioDevice initialized.
[2016.02.14-16.05.37:266][ 84]LogWorld: Game class is 'AISafariGameMode'
[2016.02.14-16.05.37:267][ 84]LogWorld: Bringing World /Game/StarterContent/Maps/UEDPIE_0_Minimal_Default.Minimal_Default up for play (max tick rate 0) at 2016.02.14-11.05.37
[2016.02.14-16.05.37:267][ 84]LogActor:Warning: GameSession /Game/StarterContent/Maps/UEDPIE_0_Minimal_Default.Minimal_Default:PersistentLevel.GameSession_3 has natively added scene component(s), but none of them were set as the actor's RootComponent - picking one arbitrarily
[2016.02.14-16.05.37:268][ 84]LogActor:Warning: GameNetworkManager /Game/StarterContent/Maps/UEDPIE_0_Minimal_Default.Minimal_Default:PersistentLevel.GameNetworkManager_3 has natively added scene component(s), but none of them were set as the actor's RootComponent - picking one arbitrarily
[2016.02.14-16.05.37:268][ 84]LogWorld: Bringing up level for play took: 0.001566
[2016.02.14-16.05.37:398][ 84]PIE: Info Play in editor start time for /Game/StarterContent/Maps/UEDPIE_0_Minimal_Default -0.767
[2016.02.14-16.05.37:398][ 84]LogBlueprintUserMessages: Late PlayInEditor Detection: Level '/Game/StarterContent/Maps/Minimal_Default.Minimal_Default:PersistentLevel' has LevelScriptBlueprint '/Game/StarterContent/Maps/Minimal_Default.Minimal_Default:PersistentLevel.Minimal_Default' with GeneratedClass '/Game/StarterContent/Maps/Minimal_Default.Minimal_Default_C' with ClassGeneratedBy '/Game/StarterContent/Maps/Minimal_Default.Minimal_Default:PersistentLevel.Minimal_Default'
[2016.02.14-16.05.39:628][ 92]LogBlueprintUserMessages: Early EndPlayMap Detection: Level '/Game/StarterContent/Maps/Minimal_Default.Minimal_Default:PersistentLevel' has LevelScriptBlueprint '/Game/StarterContent/Maps/Minimal_Default.Minimal_Default:PersistentLevel.Minimal_Default' with GeneratedClass '/Game/StarterContent/Maps/Minimal_Default.Minimal_Default_C' with ClassGeneratedBy '/Game/StarterContent/Maps/Minimal_Default.Minimal_Default:PersistentLevel.Minimal_Default'
[2016.02.14-16.05.39:696][ 92]LogBlueprintUserMessages: Late EndPlayMap Detection: Level '/Game/StarterContent/Maps/Minimal_Default.Minimal_Default:PersistentLevel' has LevelScriptBlueprint '/Game/StarterContent/Maps/Minimal_Default.Minimal_Default:PersistentLevel.Minimal_Default' with GeneratedClass '/Game/StarterContent/Maps/Minimal_Default.Minimal_Default_C' with ClassGeneratedBy '/Game/StarterContent/Maps/Minimal_Default.Minimal_Default:PersistentLevel.Minimal_Default'
[2016.02.14-16.05.39:707][ 92]LogParticles: Destroying 0 GPU particle simulations for FXSystem 0x0000004F7B3C56C0
[2016.02.14-16.06.35:647][366]LogHotReload: New module detected: UE4Editor-AISafari-4237.dll
[2016.02.14-16.06.35:993][368]LogHotReload: Starting Hot-Reload from IDE
[2016.02.14-16.06.36:057][368]LogContentBrowser: Native class hierarchy updated for 'AISafari' in 0.0010 seconds. Added 4 classes and 3 folders.
[2016.02.14-16.06.36:059][368]Warning: HotReload successful (0 functions remapped  0 scriptstructs remapped)
[2016.02.14-16.06.36:112][368]LogContentBrowser: Native class hierarchy populated in 0.0063 seconds. Added 1872 classes and 338 folders.
[2016.02.14-16.06.38:785][537]LogBlueprintUserMessages: Early PlayInEditor Detection: Level '/Game/StarterContent/Maps/Minimal_Default.Minimal_Default:PersistentLevel' has LevelScriptBlueprint '/Game/StarterContent/Maps/Minimal_Default.Minimal_Default:PersistentLevel.Minimal_Default' with GeneratedClass '/Game/StarterContent/Maps/Minimal_Default.Minimal_Default_C' with ClassGeneratedBy '/Game/StarterContent/Maps/Minimal_Default.Minimal_Default:PersistentLevel.Minimal_Default'
[2016.02.14-16.06.38:785][537]LogPlayLevel: PlayLevel: No blueprints needed recompiling
[2016.02.14-16.06.38:785][537]PIE: New page: PIE session: Minimal_Default (Feb 14, 2016, 6:06:38 AM)
[2016.02.14-16.06.38:785][537]LogPlayLevel: Creating play world package: /Game/StarterContent/Maps/UEDPIE_0_Minimal_Default
[2016.02.14-16.06.38:790][537]LogPlayLevel: PIE: StaticDuplicateObject took: (0.004689s)
[2016.02.14-16.06.38:790][537]LogAIModule: Creating AISystem for world Minimal_Default
[2016.02.14-16.06.38:790][537]LogPlayLevel: PIE: World Init took: (0.000522s)
[2016.02.14-16.06.38:791][537]LogPlayLevel: PIE: Created PIE world by copying editor world from /Game/StarterContent/Maps/Minimal_Default.Minimal_Default to /Game/StarterContent/Maps/UEDPIE_0_Minimal_Default.Minimal_Default (0.005375s)
[2016.02.14-16.06.38:804][537]LogInit: XAudio2 using 'Speakers (ASUS Xonar DGX Audio Device)' : 2 channels at 44.1 kHz using 16 bits per sample (channel mask 0x3)
[2016.02.14-16.06.38:806][537]LogInit: FAudioDevice initialized.
[2016.02.14-16.06.38:837][537]LogWorld: Game class is 'AISafariGameMode'
[2016.02.14-16.06.38:839][537]LogWorld: Bringing World /Game/StarterContent/Maps/UEDPIE_0_Minimal_Default.Minimal_Default up for play (max tick rate 0) at 2016.02.14-11.06.38
[2016.02.14-16.06.38:839][537]LogActor:Warning: GameSession /Game/StarterContent/Maps/UEDPIE_0_Minimal_Default.Minimal_Default:PersistentLevel.GameSession_4 has natively added scene component(s), but none of them were set as the actor's RootComponent - picking one arbitrarily
[2016.02.14-16.06.38:839][537]LogActor:Warning: GameNetworkManager /Game/StarterContent/Maps/UEDPIE_0_Minimal_Default.Minimal_Default:PersistentLevel.GameNetworkManager_4 has natively added scene component(s), but none of them were set as the actor's RootComponent - picking one arbitrarily
[2016.02.14-16.06.38:839][537]LogWorld: Bringing up level for play took: 0.001545
[2016.02.14-16.06.38:894][537]PIE: Info Play in editor start time for /Game/StarterContent/Maps/UEDPIE_0_Minimal_Default 0.729
[2016.02.14-16.06.38:894][537]LogBlueprintUserMessages: Late PlayInEditor Detection: Level '/Game/StarterContent/Maps/Minimal_Default.Minimal_Default:PersistentLevel' has LevelScriptBlueprint '/Game/StarterContent/Maps/Minimal_Default.Minimal_Default:PersistentLevel.Minimal_Default' with GeneratedClass '/Game/StarterContent/Maps/Minimal_Default.Minimal_Default_C' with ClassGeneratedBy '/Game/StarterContent/Maps/Minimal_Default.Minimal_Default:PersistentLevel.Minimal_Default'
[2016.02.14-16.06.42:949][775]LogBlueprintUserMessages: Early EndPlayMap Detection: Level '/Game/StarterContent/Maps/Minimal_Default.Minimal_Default:PersistentLevel' has LevelScriptBlueprint '/Game/StarterContent/Maps/Minimal_Default.Minimal_Default:PersistentLevel.Minimal_Default' with GeneratedClass '/Game/StarterContent/Maps/Minimal_Default.Minimal_Default_C' with ClassGeneratedBy '/Game/StarterContent/Maps/Minimal_Default.Minimal_Default:PersistentLevel.Minimal_Default'
[2016.02.14-16.06.42:985][775]LogBlueprintUserMessages: Late EndPlayMap Detection: Level '/Game/StarterContent/Maps/Minimal_Default.Minimal_Default:PersistentLevel' has LevelScriptBlueprint '/Game/StarterContent/Maps/Minimal_Default.Minimal_Default:PersistentLevel.Minimal_Default' with GeneratedClass '/Game/StarterContent/Maps/Minimal_Default.Minimal_Default_C' with ClassGeneratedBy '/Game/StarterContent/Maps/Minimal_Default.Minimal_Default:PersistentLevel.Minimal_Default'
[2016.02.14-16.06.43:000][775]LogParticles: Destroying 0 GPU particle simulations for FXSystem 0x0000004F7B3C76A0
[2016.02.14-16.06.53:861][904]LogHotReload: New module detected: UE4Editor-AISafari-1400.dll
[2016.02.14-16.06.54:536][907]LogHotReload: Starting Hot-Reload from IDE
[2016.02.14-16.06.54:580][907]LogContentBrowser: Native class hierarchy updated for 'AISafari' in 0.0009 seconds. Added 4 classes and 3 folders.
[2016.02.14-16.06.54:581][907]Warning: HotReload successful (0 functions remapped  0 scriptstructs remapped)
[2016.02.14-16.06.54:626][907]LogContentBrowser: Native class hierarchy populated in 0.0070 seconds. Added 1872 classes and 338 folders.
[2016.02.14-16.07.03:540][ 12]LogBlueprintUserMessages: Early PlayInEditor Detection: Level '/Game/StarterContent/Maps/Minimal_Default.Minimal_Default:PersistentLevel' has LevelScriptBlueprint '/Game/StarterContent/Maps/Minimal_Default.Minimal_Default:PersistentLevel.Minimal_Default' with GeneratedClass '/Game/StarterContent/Maps/Minimal_Default.Minimal_Default_C' with ClassGeneratedBy '/Game/StarterContent/Maps/Minimal_Default.Minimal_Default:PersistentLevel.Minimal_Default'
[2016.02.14-16.07.03:540][ 12]LogPlayLevel: PlayLevel: No blueprints needed recompiling
[2016.02.14-16.07.03:540][ 12]PIE: New page: PIE session: Minimal_Default (Feb 14, 2016, 6:07:03 AM)
[2016.02.14-16.07.03:540][ 12]LogPlayLevel: Creating play world package: /Game/StarterContent/Maps/UEDPIE_0_Minimal_Default
[2016.02.14-16.07.03:544][ 12]LogPlayLevel: PIE: StaticDuplicateObject took: (0.004291s)
[2016.02.14-16.07.03:545][ 12]LogAIModule: Creating AISystem for world Minimal_Default
[2016.02.14-16.07.03:545][ 12]LogPlayLevel: PIE: World Init took: (0.000639s)
[2016.02.14-16.07.03:545][ 12]LogPlayLevel: PIE: Created PIE world by copying editor world from /Game/StarterContent/Maps/Minimal_Default.Minimal_Default to /Game/StarterContent/Maps/UEDPIE_0_Minimal_Default.Minimal_Default (0.005084s)
[2016.02.14-16.07.03:557][ 12]LogInit: XAudio2 using 'Speakers (ASUS Xonar DGX Audio Device)' : 2 channels at 44.1 kHz using 16 bits per sample (channel mask 0x3)
[2016.02.14-16.07.03:559][ 12]LogInit: FAudioDevice initialized.
[2016.02.14-16.07.03:591][ 12]LogWorld: Game class is 'AISafariGameMode'
[2016.02.14-16.07.03:593][ 12]LogWorld: Bringing World /Game/StarterContent/Maps/UEDPIE_0_Minimal_Default.Minimal_Default up for play (max tick rate 0) at 2016.02.14-11.07.03
[2016.02.14-16.07.03:593][ 12]LogActor:Warning: GameSession /Game/StarterContent/Maps/UEDPIE_0_Minimal_Default.Minimal_Default:PersistentLevel.GameSession_5 has natively added scene component(s), but none of them were set as the actor's RootComponent - picking one arbitrarily
[2016.02.14-16.07.03:593][ 12]LogActor:Warning: GameNetworkManager /Game/StarterContent/Maps/UEDPIE_0_Minimal_Default.Minimal_Default:PersistentLevel.GameNetworkManager_5 has natively added scene component(s), but none of them were set as the actor's RootComponent - picking one arbitrarily
[2016.02.14-16.07.03:593][ 12]LogWorld: Bringing up level for play took: 0.001497
[2016.02.14-16.07.03:725][ 12]PIE: Info Play in editor start time for /Game/StarterContent/Maps/UEDPIE_0_Minimal_Default -0.44
[2016.02.14-16.07.03:725][ 12]LogBlueprintUserMessages: Late PlayInEditor Detection: Level '/Game/StarterContent/Maps/Minimal_Default.Minimal_Default:PersistentLevel' has LevelScriptBlueprint '/Game/StarterContent/Maps/Minimal_Default.Minimal_Default:PersistentLevel.Minimal_Default' with GeneratedClass '/Game/StarterContent/Maps/Minimal_Default.Minimal_Default_C' with ClassGeneratedBy '/Game/StarterContent/Maps/Minimal_Default.Minimal_Default:PersistentLevel.Minimal_Default'
[2016.02.14-16.07.07:283][ 26]LogBlueprintUserMessages: Early EndPlayMap Detection: Level '/Game/StarterContent/Maps/Minimal_Default.Minimal_Default:PersistentLevel' has LevelScriptBlueprint '/Game/StarterContent/Maps/Minimal_Default.Minimal_Default:PersistentLevel.Minimal_Default' with GeneratedClass '/Game/StarterContent/Maps/Minimal_Default.Minimal_Default_C' with ClassGeneratedBy '/Game/StarterContent/Maps/Minimal_Default.Minimal_Default:PersistentLevel.Minimal_Default'
[2016.02.14-16.07.07:334][ 26]LogBlueprintUserMessages: Late EndPlayMap Detection: Level '/Game/StarterContent/Maps/Minimal_Default.Minimal_Default:PersistentLevel' has LevelScriptBlueprint '/Game/StarterContent/Maps/Minimal_Default.Minimal_Default:PersistentLevel.Minimal_Default' with GeneratedClass '/Game/StarterContent/Maps/Minimal_Default.Minimal_Default_C' with ClassGeneratedBy '/Game/StarterContent/Maps/Minimal_Default.Minimal_Default:PersistentLevel.Minimal_Default'
[2016.02.14-16.07.07:345][ 26]LogParticles: Destroying 0 GPU particle simulations for FXSystem 0x0000004F4FFA2FC0
[2016.02.14-16.07.26:581][457]LogHotReload: New module detected: UE4Editor-AISafari-4562.dll
[2016.02.14-16.07.26:922][459]LogHotReload: Starting Hot-Reload from IDE
[2016.02.14-16.07.26:967][459]LogContentBrowser: Native class hierarchy updated for 'AISafari' in 0.0009 seconds. Added 4 classes and 3 folders.
[2016.02.14-16.07.26:968][459]Warning: HotReload successful (0 functions remapped  0 scriptstructs remapped)
[2016.02.14-16.07.27:009][459]LogContentBrowser: Native class hierarchy populated in 0.0059 seconds. Added 1872 classes and 338 folders.
[2016.02.14-16.07.28:921][464]LogBlueprintUserMessages: Early PlayInEditor Detection: Level '/Game/StarterContent/Maps/Minimal_Default.Minimal_Default:PersistentLevel' has LevelScriptBlueprint '/Game/StarterContent/Maps/Minimal_Default.Minimal_Default:PersistentLevel.Minimal_Default' with GeneratedClass '/Game/StarterContent/Maps/Minimal_Default.Minimal_Default_C' with ClassGeneratedBy '/Game/StarterContent/Maps/Minimal_Default.Minimal_Default:PersistentLevel.Minimal_Default'
[2016.02.14-16.07.28:921][464]LogPlayLevel: PlayLevel: No blueprints needed recompiling
[2016.02.14-16.07.28:921][464]PIE: New page: PIE session: Minimal_Default (Feb 14, 2016, 6:07:28 AM)
[2016.02.14-16.07.28:921][464]LogPlayLevel: Creating play world package: /Game/StarterContent/Maps/UEDPIE_0_Minimal_Default
[2016.02.14-16.07.28:926][464]LogPlayLevel: PIE: StaticDuplicateObject took: (0.004677s)
[2016.02.14-16.07.28:926][464]LogAIModule: Creating AISystem for world Minimal_Default
[2016.02.14-16.07.28:926][464]LogPlayLevel: PIE: World Init took: (0.000566s)
[2016.02.14-16.07.28:926][464]LogPlayLevel: PIE: Created PIE world by copying editor world from /Game/StarterContent/Maps/Minimal_Default.Minimal_Default to /Game/StarterContent/Maps/UEDPIE_0_Minimal_Default.Minimal_Default (0.005422s)
[2016.02.14-16.07.28:939][464]LogInit: XAudio2 using 'Speakers (ASUS Xonar DGX Audio Device)' : 2 channels at 44.1 kHz using 16 bits per sample (channel mask 0x3)
[2016.02.14-16.07.28:942][464]LogInit: FAudioDevice initialized.
[2016.02.14-16.07.28:976][464]LogWorld: Game class is 'AISafariGameMode'
[2016.02.14-16.07.28:978][464]LogWorld: Bringing World /Game/StarterContent/Maps/UEDPIE_0_Minimal_Default.Minimal_Default up for play (max tick rate 0) at 2016.02.14-11.07.28
[2016.02.14-16.07.28:978][464]LogActor:Warning: GameSession /Game/StarterContent/Maps/UEDPIE_0_Minimal_Default.Minimal_Default:PersistentLevel.GameSession_6 has natively added scene component(s), but none of them were set as the actor's RootComponent - picking one arbitrarily
[2016.02.14-16.07.28:978][464]LogActor:Warning: GameNetworkManager /Game/StarterContent/Maps/UEDPIE_0_Minimal_Default.Minimal_Default:PersistentLevel.GameNetworkManager_6 has natively added scene component(s), but none of them were set as the actor's RootComponent - picking one arbitrarily
[2016.02.14-16.07.28:978][464]LogWorld: Bringing up level for play took: 0.001463
[2016.02.14-16.07.29:029][464]PIE: Info Play in editor start time for /Game/StarterContent/Maps/UEDPIE_0_Minimal_Default 0.864
[2016.02.14-16.07.29:030][464]LogBlueprintUserMessages: Late PlayInEditor Detection: Level '/Game/StarterContent/Maps/Minimal_Default.Minimal_Default:PersistentLevel' has LevelScriptBlueprint '/Game/StarterContent/Maps/Minimal_Default.Minimal_Default:PersistentLevel.Minimal_Default' with GeneratedClass '/Game/StarterContent/Maps/Minimal_Default.Minimal_Default_C' with ClassGeneratedBy '/Game/StarterContent/Maps/Minimal_Default.Minimal_Default:PersistentLevel.Minimal_Default'
[2016.02.14-16.07.32:973][721]LogBlueprintUserMessages: Early EndPlayMap Detection: Level '/Game/StarterContent/Maps/Minimal_Default.Minimal_Default:PersistentLevel' has LevelScriptBlueprint '/Game/StarterContent/Maps/Minimal_Default.Minimal_Default:PersistentLevel.Minimal_Default' with GeneratedClass '/Game/StarterContent/Maps/Minimal_Default.Minimal_Default_C' with ClassGeneratedBy '/Game/StarterContent/Maps/Minimal_Default.Minimal_Default:PersistentLevel.Minimal_Default'
[2016.02.14-16.07.33:007][721]LogBlueprintUserMessages: Late EndPlayMap Detection: Level '/Game/StarterContent/Maps/Minimal_Default.Minimal_Default:PersistentLevel' has LevelScriptBlueprint '/Game/StarterContent/Maps/Minimal_Default.Minimal_Default:PersistentLevel.Minimal_Default' with GeneratedClass '/Game/StarterContent/Maps/Minimal_Default.Minimal_Default_C' with ClassGeneratedBy '/Game/StarterContent/Maps/Minimal_Default.Minimal_Default:PersistentLevel.Minimal_Default'
[2016.02.14-16.07.33:019][721]LogParticles: Destroying 0 GPU particle simulations for FXSystem 0x0000004F65F260C0
[2016.02.14-16.07.47:041][918]LogHotReload: New module detected: UE4Editor-AISafari-773.dll
[2016.02.14-16.07.47:383][920]LogHotReload: Starting Hot-Reload from IDE
[2016.02.14-16.07.47:436][920]LogContentBrowser: Native class hierarchy updated for 'AISafari' in 0.0009 seconds. Added 4 classes and 3 folders.
[2016.02.14-16.07.47:437][920]Warning: HotReload successful (0 functions remapped  0 scriptstructs remapped)
[2016.02.14-16.07.47:480][920]LogContentBrowser: Native class hierarchy populated in 0.0065 seconds. Added 1872 classes and 338 folders.
[2016.02.14-16.08.08:041][981]LogHotReload: New module detected: UE4Editor-AISafari-6350.dll
[2016.02.14-16.08.08:717][984]LogHotReload: Starting Hot-Reload from IDE
[2016.02.14-16.08.08:767][984]LogContentBrowser: Native class hierarchy updated for 'AISafari' in 0.0009 seconds. Added 4 classes and 3 folders.
[2016.02.14-16.08.08:768][984]Warning: HotReload successful (0 functions remapped  0 scriptstructs remapped)
[2016.02.14-16.08.08:813][984]LogContentBrowser: Native class hierarchy populated in 0.0059 seconds. Added 1872 classes and 338 folders.
[2016.02.14-16.08.10:962][ 97]LogBlueprintUserMessages: Early PlayInEditor Detection: Level '/Game/StarterContent/Maps/Minimal_Default.Minimal_Default:PersistentLevel' has LevelScriptBlueprint '/Game/StarterContent/Maps/Minimal_Default.Minimal_Default:PersistentLevel.Minimal_Default' with GeneratedClass '/Game/StarterContent/Maps/Minimal_Default.Minimal_Default_C' with ClassGeneratedBy '/Game/StarterContent/Maps/Minimal_Default.Minimal_Default:PersistentLevel.Minimal_Default'
[2016.02.14-16.08.10:962][ 97]LogPlayLevel: PlayLevel: No blueprints needed recompiling
[2016.02.14-16.08.10:962][ 97]PIE: New page: PIE session: Minimal_Default (Feb 14, 2016, 6:08:10 AM)
[2016.02.14-16.08.10:962][ 97]LogPlayLevel: Creating play world package: /Game/StarterContent/Maps/UEDPIE_0_Minimal_Default
[2016.02.14-16.08.10:967][ 97]LogPlayLevel: PIE: StaticDuplicateObject took: (0.004194s)
[2016.02.14-16.08.10:967][ 97]LogAIModule: Creating AISystem for world Minimal_Default
[2016.02.14-16.08.10:967][ 97]LogPlayLevel: PIE: World Init took: (0.000505s)
[2016.02.14-16.08.10:967][ 97]LogPlayLevel: PIE: Created PIE world by copying editor world from /Game/StarterContent/Maps/Minimal_Default.Minimal_Default to /Game/StarterContent/Maps/UEDPIE_0_Minimal_Default.Minimal_Default (0.004845s)
[2016.02.14-16.08.10:981][ 97]LogInit: XAudio2 using 'Speakers (ASUS Xonar DGX Audio Device)' : 2 channels at 44.1 kHz using 16 bits per sample (channel mask 0x3)
[2016.02.14-16.08.10:983][ 97]LogInit: FAudioDevice initialized.
[2016.02.14-16.08.11:015][ 97]LogWorld: Game class is 'AISafariGameMode'
[2016.02.14-16.08.11:017][ 97]LogWorld: Bringing World /Game/StarterContent/Maps/UEDPIE_0_Minimal_Default.Minimal_Default up for play (max tick rate 0) at 2016.02.14-11.08.11
[2016.02.14-16.08.11:017][ 97]LogActor:Warning: GameSession /Game/StarterContent/Maps/UEDPIE_0_Minimal_Default.Minimal_Default:PersistentLevel.GameSession_7 has natively added scene component(s), but none of them were set as the actor's RootComponent - picking one arbitrarily
[2016.02.14-16.08.11:017][ 97]LogActor:Warning: GameNetworkManager /Game/StarterContent/Maps/UEDPIE_0_Minimal_Default.Minimal_Default:PersistentLevel.GameNetworkManager_7 has natively added scene component(s), but none of them were set as the actor's RootComponent - picking one arbitrarily
[2016.02.14-16.08.11:017][ 97]LogWorld: Bringing up level for play took: 0.001494
[2016.02.14-16.08.11:064][ 97]PIE: Info Play in editor start time for /Game/StarterContent/Maps/UEDPIE_0_Minimal_Default 0.9
[2016.02.14-16.08.11:064][ 97]LogBlueprintUserMessages: Late PlayInEditor Detection: Level '/Game/StarterContent/Maps/Minimal_Default.Minimal_Default:PersistentLevel' has LevelScriptBlueprint '/Game/StarterContent/Maps/Minimal_Default.Minimal_Default:PersistentLevel.Minimal_Default' with GeneratedClass '/Game/StarterContent/Maps/Minimal_Default.Minimal_Default_C' with ClassGeneratedBy '/Game/StarterContent/Maps/Minimal_Default.Minimal_Default:PersistentLevel.Minimal_Default'
[2016.02.14-16.08.36:194][ 73]LogBlueprintUserMessages: Early EndPlayMap Detection: Level '/Game/StarterContent/Maps/Minimal_Default.Minimal_Default:PersistentLevel' has LevelScriptBlueprint '/Game/StarterContent/Maps/Minimal_Default.Minimal_Default:PersistentLevel.Minimal_Default' with GeneratedClass '/Game/StarterContent/Maps/Minimal_Default.Minimal_Default_C' with ClassGeneratedBy '/Game/StarterContent/Maps/Minimal_Default.Minimal_Default:PersistentLevel.Minimal_Default'
[2016.02.14-16.08.36:229][ 73]LogBlueprintUserMessages: Late EndPlayMap Detection: Level '/Game/StarterContent/Maps/Minimal_Default.Minimal_Default:PersistentLevel' has LevelScriptBlueprint '/Game/StarterContent/Maps/Minimal_Default.Minimal_Default:PersistentLevel.Minimal_Default' with GeneratedClass '/Game/StarterContent/Maps/Minimal_Default.Minimal_Default_C' with ClassGeneratedBy '/Game/StarterContent/Maps/Minimal_Default.Minimal_Default:PersistentLevel.Minimal_Default'
[2016.02.14-16.08.36:240][ 73]LogParticles: Destroying 0 GPU particle simulations for FXSystem 0x0000004F1C36A020
[2016.02.14-16.08.37:220][175]LogLinker:Warning: Asset '../../../Engine/Content/ArtTools/RenderToTexture/Macros/RenderToTextureMacros.uasset' has been saved with empty engine version. The asset will be loaded but may be incompatible.
[2016.02.14-16.08.37:603][175]LogContentBrowser: Native class hierarchy updated for 'BlueprintGraph' in 0.0011 seconds. Added 107 classes and 0 folders.
[2016.02.14-16.08.42:147][654]BlueprintLog: New page: Compile BP_FlockerBase
[2016.02.14-16.08.42:196][654]BlueprintEditorCompileResults: Info [0286.15] Compile of BP_FlockerBase successful! [in 49 ms]
[2016.02.14-16.08.43:657][823]LogBlueprintUserMessages: Early PlayInEditor Detection: Level '/Game/StarterContent/Maps/Minimal_Default.Minimal_Default:PersistentLevel' has LevelScriptBlueprint '/Game/StarterContent/Maps/Minimal_Default.Minimal_Default:PersistentLevel.Minimal_Default' with GeneratedClass '/Game/StarterContent/Maps/Minimal_Default.Minimal_Default_C' with ClassGeneratedBy '/Game/StarterContent/Maps/Minimal_Default.Minimal_Default:PersistentLevel.Minimal_Default'
[2016.02.14-16.08.43:657][823]LogPlayLevel: PlayLevel: No blueprints needed recompiling
[2016.02.14-16.08.43:657][823]PIE: New page: PIE session: Minimal_Default (Feb 14, 2016, 6:08:43 AM)
[2016.02.14-16.08.43:658][823]LogPlayLevel: Creating play world package: /Game/StarterContent/Maps/UEDPIE_0_Minimal_Default
[2016.02.14-16.08.43:662][823]LogPlayLevel: PIE: StaticDuplicateObject took: (0.004566s)
[2016.02.14-16.08.43:663][823]LogAIModule: Creating AISystem for world Minimal_Default
[2016.02.14-16.08.43:663][823]LogPlayLevel: PIE: World Init took: (0.000516s)
[2016.02.14-16.08.43:663][823]LogPlayLevel: PIE: Created PIE world by copying editor world from /Game/StarterContent/Maps/Minimal_Default.Minimal_Default to /Game/StarterContent/Maps/UEDPIE_0_Minimal_Default.Minimal_Default (0.005235s)
[2016.02.14-16.08.43:684][823]LogInit: XAudio2 using 'Speakers (ASUS Xonar DGX Audio Device)' : 2 channels at 44.1 kHz using 16 bits per sample (channel mask 0x3)
[2016.02.14-16.08.43:686][823]LogInit: FAudioDevice initialized.
[2016.02.14-16.08.43:713][823]LogWorld: Game class is 'AISafariGameMode'
[2016.02.14-16.08.43:715][823]LogWorld: Bringing World /Game/StarterContent/Maps/UEDPIE_0_Minimal_Default.Minimal_Default up for play (max tick rate 0) at 2016.02.14-11.08.43
[2016.02.14-16.08.43:715][823]LogActor:Warning: GameSession /Game/StarterContent/Maps/UEDPIE_0_Minimal_Default.Minimal_Default:PersistentLevel.GameSession_8 has natively added scene component(s), but none of them were set as the actor's RootComponent - picking one arbitrarily
[2016.02.14-16.08.43:715][823]LogActor:Warning: GameNetworkManager /Game/StarterContent/Maps/UEDPIE_0_Minimal_Default.Minimal_Default:PersistentLevel.GameNetworkManager_8 has natively added scene component(s), but none of them were set as the actor's RootComponent - picking one arbitrarily
[2016.02.14-16.08.43:715][823]LogWorld: Bringing up level for play took: 0.001501
[2016.02.14-16.08.43:763][823]PIE: Info Play in editor start time for /Game/StarterContent/Maps/UEDPIE_0_Minimal_Default -0.401
[2016.02.14-16.08.43:763][823]LogBlueprintUserMessages: Late PlayInEditor Detection: Level '/Game/StarterContent/Maps/Minimal_Default.Minimal_Default:PersistentLevel' has LevelScriptBlueprint '/Game/StarterContent/Maps/Minimal_Default.Minimal_Default:PersistentLevel.Minimal_Default' with GeneratedClass '/Game/StarterContent/Maps/Minimal_Default.Minimal_Default_C' with ClassGeneratedBy '/Game/StarterContent/Maps/Minimal_Default.Minimal_Default:PersistentLevel.Minimal_Default'
[2016.02.14-16.09.15:459][101]LogBlueprintUserMessages: Early EndPlayMap Detection: Level '/Game/StarterContent/Maps/Minimal_Default.Minimal_Default:PersistentLevel' has LevelScriptBlueprint '/Game/StarterContent/Maps/Minimal_Default.Minimal_Default:PersistentLevel.Minimal_Default' with GeneratedClass '/Game/StarterContent/Maps/Minimal_Default.Minimal_Default_C' with ClassGeneratedBy '/Game/StarterContent/Maps/Minimal_Default.Minimal_Default:PersistentLevel.Minimal_Default'
[2016.02.14-16.09.15:492][101]LogBlueprintUserMessages: Late EndPlayMap Detection: Level '/Game/StarterContent/Maps/Minimal_Default.Minimal_Default:PersistentLevel' has LevelScriptBlueprint '/Game/StarterContent/Maps/Minimal_Default.Minimal_Default:PersistentLevel.Minimal_Default' with GeneratedClass '/Game/StarterContent/Maps/Minimal_Default.Minimal_Default_C' with ClassGeneratedBy '/Game/StarterContent/Maps/Minimal_Default.Minimal_Default:PersistentLevel.Minimal_Default'
[2016.02.14-16.09.15:511][101]LogParticles: Destroying 0 GPU particle simulations for FXSystem 0x0000004F5F833D80
[2016.02.14-16.09.19:394][550]BlueprintLog: New page: Compile BP_FlockerBase
[2016.02.14-16.09.19:443][550]BlueprintEditorCompileResults: Info [0323.39] Compile of BP_FlockerBase successful! [in 49 ms]
[2016.02.14-16.09.35:543][682]LogHotReload: New module detected: UE4Editor-AISafari-4734.dll
[2016.02.14-16.09.35:886][684]LogHotReload: Starting Hot-Reload from IDE
[2016.02.14-16.09.35:954][684]LogContentBrowser: Native class hierarchy updated for 'AISafari' in 0.0009 seconds. Added 4 classes and 3 folders.
[2016.02.14-16.09.35:956][684]Warning: HotReload successful (0 functions remapped  0 scriptstructs remapped)
[2016.02.14-16.09.36:269][684]LogContentBrowser: Native class hierarchy populated in 0.0068 seconds. Added 1872 classes and 338 folders.
[2016.02.14-16.09.37:364][695]LogBlueprintUserMessages: Early PlayInEditor Detection: Level '/Game/StarterContent/Maps/Minimal_Default.Minimal_Default:PersistentLevel' has LevelScriptBlueprint '/Game/StarterContent/Maps/Minimal_Default.Minimal_Default:PersistentLevel.Minimal_Default' with GeneratedClass '/Game/StarterContent/Maps/Minimal_Default.Minimal_Default_C' with ClassGeneratedBy '/Game/StarterContent/Maps/Minimal_Default.Minimal_Default:PersistentLevel.Minimal_Default'
[2016.02.14-16.09.37:364][695]LogPlayLevel: PlayLevel: No blueprints needed recompiling
[2016.02.14-16.09.37:364][695]PIE: New page: PIE session: Minimal_Default (Feb 14, 2016, 6:09:37 AM)
[2016.02.14-16.09.37:364][695]LogPlayLevel: Creating play world package: /Game/StarterContent/Maps/UEDPIE_0_Minimal_Default
[2016.02.14-16.09.37:368][695]LogPlayLevel: PIE: StaticDuplicateObject took: (0.004619s)
[2016.02.14-16.09.37:369][695]LogAIModule: Creating AISystem for world Minimal_Default
[2016.02.14-16.09.37:369][695]LogPlayLevel: PIE: World Init took: (0.000482s)
[2016.02.14-16.09.37:369][695]LogPlayLevel: PIE: Created PIE world by copying editor world from /Game/StarterContent/Maps/Minimal_Default.Minimal_Default to /Game/StarterContent/Maps/UEDPIE_0_Minimal_Default.Minimal_Default (0.005247s)
[2016.02.14-16.09.37:406][695]LogInit: XAudio2 using 'Speakers (ASUS Xonar DGX Audio Device)' : 2 channels at 44.1 kHz using 16 bits per sample (channel mask 0x3)
[2016.02.14-16.09.37:409][695]LogInit: FAudioDevice initialized.
[2016.02.14-16.09.37:438][695]LogWorld: Game class is 'AISafariGameMode'
[2016.02.14-16.09.37:440][695]LogWorld: Bringing World /Game/StarterContent/Maps/UEDPIE_0_Minimal_Default.Minimal_Default up for play (max tick rate 0) at 2016.02.14-11.09.37
[2016.02.14-16.09.37:440][695]LogActor:Warning: GameSession /Game/StarterContent/Maps/UEDPIE_0_Minimal_Default.Minimal_Default:PersistentLevel.GameSession_9 has natively added scene component(s), but none of them were set as the actor's RootComponent - picking one arbitrarily
[2016.02.14-16.09.37:440][695]LogActor:Warning: GameNetworkManager /Game/StarterContent/Maps/UEDPIE_0_Minimal_Default.Minimal_Default:PersistentLevel.GameNetworkManager_9 has natively added scene component(s), but none of them were set as the actor's RootComponent - picking one arbitrarily
[2016.02.14-16.09.37:440][695]LogWorld: Bringing up level for play took: 0.001510
[2016.02.14-16.09.37:489][695]PIE: Info Play in editor start time for /Game/StarterContent/Maps/UEDPIE_0_Minimal_Default -0.676
[2016.02.14-16.09.37:489][695]LogBlueprintUserMessages: Late PlayInEditor Detection: Level '/Game/StarterContent/Maps/Minimal_Default.Minimal_Default:PersistentLevel' has LevelScriptBlueprint '/Game/StarterContent/Maps/Minimal_Default.Minimal_Default:PersistentLevel.Minimal_Default' with GeneratedClass '/Game/StarterContent/Maps/Minimal_Default.Minimal_Default_C' with ClassGeneratedBy '/Game/StarterContent/Maps/Minimal_Default.Minimal_Default:PersistentLevel.Minimal_Default'
[2016.02.14-16.10.24:188][919]LogBlueprintUserMessages: Early EndPlayMap Detection: Level '/Game/StarterContent/Maps/Minimal_Default.Minimal_Default:PersistentLevel' has LevelScriptBlueprint '/Game/StarterContent/Maps/Minimal_Default.Minimal_Default:PersistentLevel.Minimal_Default' with GeneratedClass '/Game/StarterContent/Maps/Minimal_Default.Minimal_Default_C' with ClassGeneratedBy '/Game/StarterContent/Maps/Minimal_Default.Minimal_Default:PersistentLevel.Minimal_Default'
[2016.02.14-16.10.24:225][919]LogBlueprintUserMessages: Late EndPlayMap Detection: Level '/Game/StarterContent/Maps/Minimal_Default.Minimal_Default:PersistentLevel' has LevelScriptBlueprint '/Game/StarterContent/Maps/Minimal_Default.Minimal_Default:PersistentLevel.Minimal_Default' with GeneratedClass '/Game/StarterContent/Maps/Minimal_Default.Minimal_Default_C' with ClassGeneratedBy '/Game/StarterContent/Maps/Minimal_Default.Minimal_Default:PersistentLevel.Minimal_Default'
[2016.02.14-16.10.24:254][919]LogParticles: Destroying 0 GPU particle simulations for FXSystem 0x0000004F32BA2DE0
[2016.02.14-16.10.27:808][336]BlueprintLog: New page: Compile BP_FlockerBase
[2016.02.14-16.10.27:866][336]BlueprintEditorCompileResults: Info [0391.82] Compile of BP_FlockerBase successful! [in 58 ms]
[2016.02.14-16.10.28:875][452]LogBlueprintUserMessages: Early PlayInEditor Detection: Level '/Game/StarterContent/Maps/Minimal_Default.Minimal_Default:PersistentLevel' has LevelScriptBlueprint '/Game/StarterContent/Maps/Minimal_Default.Minimal_Default:PersistentLevel.Minimal_Default' with GeneratedClass '/Game/StarterContent/Maps/Minimal_Default.Minimal_Default_C' with ClassGeneratedBy '/Game/StarterContent/Maps/Minimal_Default.Minimal_Default:PersistentLevel.Minimal_Default'
[2016.02.14-16.10.28:875][452]LogPlayLevel: PlayLevel: No blueprints needed recompiling
[2016.02.14-16.10.28:875][452]PIE: New page: PIE session: Minimal_Default (Feb 14, 2016, 6:10:28 AM)
[2016.02.14-16.10.28:875][452]LogPlayLevel: Creating play world package: /Game/StarterContent/Maps/UEDPIE_0_Minimal_Default
[2016.02.14-16.10.28:880][452]LogPlayLevel: PIE: StaticDuplicateObject took: (0.004406s)
[2016.02.14-16.10.28:880][452]LogAIModule: Creating AISystem for world Minimal_Default
[2016.02.14-16.10.28:881][452]LogPlayLevel: PIE: World Init took: (0.000627s)
[2016.02.14-16.10.28:881][452]LogPlayLevel: PIE: Created PIE world by copying editor world from /Game/StarterContent/Maps/Minimal_Default.Minimal_Default to /Game/StarterContent/Maps/UEDPIE_0_Minimal_Default.Minimal_Default (0.005190s)
[2016.02.14-16.10.28:911][452]LogInit: XAudio2 using 'Speakers (ASUS Xonar DGX Audio Device)' : 2 channels at 44.1 kHz using 16 bits per sample (channel mask 0x3)
[2016.02.14-16.10.28:913][452]LogInit: FAudioDevice initialized.
[2016.02.14-16.10.28:940][452]LogWorld: Game class is 'AISafariGameMode'
[2016.02.14-16.10.28:942][452]LogWorld: Bringing World /Game/StarterContent/Maps/UEDPIE_0_Minimal_Default.Minimal_Default up for play (max tick rate 0) at 2016.02.14-11.10.28
[2016.02.14-16.10.28:942][452]LogActor:Warning: GameSession /Game/StarterContent/Maps/UEDPIE_0_Minimal_Default.Minimal_Default:PersistentLevel.GameSession_10 has natively added scene component(s), but none of them were set as the actor's RootComponent - picking one arbitrarily
[2016.02.14-16.10.28:942][452]LogActor:Warning: GameNetworkManager /Game/StarterContent/Maps/UEDPIE_0_Minimal_Default.Minimal_Default:PersistentLevel.GameNetworkManager_10 has natively added scene component(s), but none of them were set as the actor's RootComponent - picking one arbitrarily
[2016.02.14-16.10.28:943][452]LogWorld: Bringing up level for play took: 0.001492
[2016.02.14-16.10.28:991][452]PIE: Info Play in editor start time for /Game/StarterContent/Maps/UEDPIE_0_Minimal_Default 0.826
[2016.02.14-16.10.28:991][452]LogBlueprintUserMessages: Late PlayInEditor Detection: Level '/Game/StarterContent/Maps/Minimal_Default.Minimal_Default:PersistentLevel' has LevelScriptBlueprint '/Game/StarterContent/Maps/Minimal_Default.Minimal_Default:PersistentLevel.Minimal_Default' with GeneratedClass '/Game/StarterContent/Maps/Minimal_Default.Minimal_Default_C' with ClassGeneratedBy '/Game/StarterContent/Maps/Minimal_Default.Minimal_Default:PersistentLevel.Minimal_Default'
[2016.02.14-16.10.49:118][660]LogBlueprintUserMessages: Early EndPlayMap Detection: Level '/Game/StarterContent/Maps/Minimal_Default.Minimal_Default:PersistentLevel' has LevelScriptBlueprint '/Game/StarterContent/Maps/Minimal_Default.Minimal_Default:PersistentLevel.Minimal_Default' with GeneratedClass '/Game/StarterContent/Maps/Minimal_Default.Minimal_Default_C' with ClassGeneratedBy '/Game/StarterContent/Maps/Minimal_Default.Minimal_Default:PersistentLevel.Minimal_Default'
[2016.02.14-16.10.49:156][660]LogBlueprintUserMessages: Late EndPlayMap Detection: Level '/Game/StarterContent/Maps/Minimal_Default.Minimal_Default:PersistentLevel' has LevelScriptBlueprint '/Game/StarterContent/Maps/Minimal_Default.Minimal_Default:PersistentLevel.Minimal_Default' with GeneratedClass '/Game/StarterContent/Maps/Minimal_Default.Minimal_Default_C' with ClassGeneratedBy '/Game/StarterContent/Maps/Minimal_Default.Minimal_Default:PersistentLevel.Minimal_Default'
[2016.02.14-16.10.49:183][660]LogParticles: Destroying 0 GPU particle simulations for FXSystem 0x0000004F5917A980
[2016.02.14-16.10.58:738][ 15]LogHotReload: New module detected: UE4Editor-AISafari-7896.dll
[2016.02.14-16.10.59:085][ 17]LogHotReload: Starting Hot-Reload from IDE
[2016.02.14-16.10.59:169][ 17]LogContentBrowser: Native class hierarchy updated for 'AISafari' in 0.0009 seconds. Added 4 classes and 3 folders.
[2016.02.14-16.10.59:172][ 17]Warning: HotReload successful (0 functions remapped  0 scriptstructs remapped)
[2016.02.14-16.10.59:506][ 17]LogContentBrowser: Native class hierarchy populated in 0.0058 seconds. Added 1872 classes and 338 folders.
[2016.02.14-16.11.52:334][182]LogBlueprintUserMessages: Early PlayInEditor Detection: Level '/Game/StarterContent/Maps/Minimal_Default.Minimal_Default:PersistentLevel' has LevelScriptBlueprint '/Game/StarterContent/Maps/Minimal_Default.Minimal_Default:PersistentLevel.Minimal_Default' with GeneratedClass '/Game/StarterContent/Maps/Minimal_Default.Minimal_Default_C' with ClassGeneratedBy '/Game/StarterContent/Maps/Minimal_Default.Minimal_Default:PersistentLevel.Minimal_Default'
[2016.02.14-16.11.52:334][182]LogPlayLevel: PlayLevel: No blueprints needed recompiling
[2016.02.14-16.11.52:334][182]PIE: New page: PIE session: Minimal_Default (Feb 14, 2016, 6:11:52 AM)
[2016.02.14-16.11.52:334][182]LogPlayLevel: Creating play world package: /Game/StarterContent/Maps/UEDPIE_0_Minimal_Default
[2016.02.14-16.11.52:339][182]LogPlayLevel: PIE: StaticDuplicateObject took: (0.004799s)
[2016.02.14-16.11.52:340][182]LogAIModule: Creating AISystem for world Minimal_Default
[2016.02.14-16.11.52:340][182]LogPlayLevel: PIE: World Init took: (0.000697s)
[2016.02.14-16.11.52:340][182]LogPlayLevel: PIE: Created PIE world by copying editor world from /Game/StarterContent/Maps/Minimal_Default.Minimal_Default to /Game/StarterContent/Maps/UEDPIE_0_Minimal_Default.Minimal_Default (0.005636s)
[2016.02.14-16.11.52:399][182]LogInit: XAudio2 using 'Speakers (ASUS Xonar DGX Audio Device)' : 2 channels at 44.1 kHz using 16 bits per sample (channel mask 0x3)
[2016.02.14-16.11.52:401][182]LogInit: FAudioDevice initialized.
[2016.02.14-16.11.52:435][182]LogWorld: Game class is 'AISafariGameMode'
[2016.02.14-16.11.52:437][182]LogWorld: Bringing World /Game/StarterContent/Maps/UEDPIE_0_Minimal_Default.Minimal_Default up for play (max tick rate 0) at 2016.02.14-11.11.52
[2016.02.14-16.11.52:437][182]LogActor:Warning: GameSession /Game/StarterContent/Maps/UEDPIE_0_Minimal_Default.Minimal_Default:PersistentLevel.GameSession_11 has natively added scene component(s), but none of them were set as the actor's RootComponent - picking one arbitrarily
[2016.02.14-16.11.52:437][182]LogActor:Warning: GameNetworkManager /Game/StarterContent/Maps/UEDPIE_0_Minimal_Default.Minimal_Default:PersistentLevel.GameNetworkManager_11 has natively added scene component(s), but none of them were set as the actor's RootComponent - picking one arbitrarily
[2016.02.14-16.11.52:437][182]LogWorld: Bringing up level for play took: 0.001494
[2016.02.14-16.11.52:490][182]PIE: Info Play in editor start time for /Game/StarterContent/Maps/UEDPIE_0_Minimal_Default 0.325
[2016.02.14-16.11.52:491][182]LogBlueprintUserMessages: Late PlayInEditor Detection: Level '/Game/StarterContent/Maps/Minimal_Default.Minimal_Default:PersistentLevel' has LevelScriptBlueprint '/Game/StarterContent/Maps/Minimal_Default.Minimal_Default:PersistentLevel.Minimal_Default' with GeneratedClass '/Game/StarterContent/Maps/Minimal_Default.Minimal_Default_C' with ClassGeneratedBy '/Game/StarterContent/Maps/Minimal_Default.Minimal_Default:PersistentLevel.Minimal_Default'
[2016.02.14-16.12.06:840][747]LogBlueprintUserMessages: Early EndPlayMap Detection: Level '/Game/StarterContent/Maps/Minimal_Default.Minimal_Default:PersistentLevel' has LevelScriptBlueprint '/Game/StarterContent/Maps/Minimal_Default.Minimal_Default:PersistentLevel.Minimal_Default' with GeneratedClass '/Game/StarterContent/Maps/Minimal_Default.Minimal_Default_C' with ClassGeneratedBy '/Game/StarterContent/Maps/Minimal_Default.Minimal_Default:PersistentLevel.Minimal_Default'
[2016.02.14-16.12.06:877][747]LogBlueprintUserMessages: Late EndPlayMap Detection: Level '/Game/StarterContent/Maps/Minimal_Default.Minimal_Default:PersistentLevel' has LevelScriptBlueprint '/Game/StarterContent/Maps/Minimal_Default.Minimal_Default:PersistentLevel.Minimal_Default' with GeneratedClass '/Game/StarterContent/Maps/Minimal_Default.Minimal_Default_C' with ClassGeneratedBy '/Game/StarterContent/Maps/Minimal_Default.Minimal_Default:PersistentLevel.Minimal_Default'
[2016.02.14-16.12.06:921][747]LogParticles: Destroying 0 GPU particle simulations for FXSystem 0x0000004F2A587560
[2016.02.14-16.12.39:113][ 41]LogHotReload: New module detected: UE4Editor-AISafari-5120.dll
[2016.02.14-16.12.39:790][ 44]LogHotReload: Starting Hot-Reload from IDE
[2016.02.14-16.12.39:881][ 44]LogContentBrowser: Native class hierarchy updated for 'AISafari' in 0.0014 seconds. Added 4 classes and 3 folders.
[2016.02.14-16.12.39:886][ 44]Warning: HotReload successful (0 functions remapped  0 scriptstructs remapped)
[2016.02.14-16.12.40:248][ 44]LogContentBrowser: Native class hierarchy populated in 0.0066 seconds. Added 1872 classes and 338 folders.
[2016.02.14-16.12.56:614][ 93]LogBlueprintUserMessages: Early PlayInEditor Detection: Level '/Game/StarterContent/Maps/Minimal_Default.Minimal_Default:PersistentLevel' has LevelScriptBlueprint '/Game/StarterContent/Maps/Minimal_Default.Minimal_Default:PersistentLevel.Minimal_Default' with GeneratedClass '/Game/StarterContent/Maps/Minimal_Default.Minimal_Default_C' with ClassGeneratedBy '/Game/StarterContent/Maps/Minimal_Default.Minimal_Default:PersistentLevel.Minimal_Default'
[2016.02.14-16.12.56:614][ 93]LogPlayLevel: PlayLevel: No blueprints needed recompiling
[2016.02.14-16.12.56:614][ 93]PIE: New page: PIE session: Minimal_Default (Feb 14, 2016, 6:12:56 AM)
[2016.02.14-16.12.56:614][ 93]LogPlayLevel: Creating play world package: /Game/StarterContent/Maps/UEDPIE_0_Minimal_Default
[2016.02.14-16.12.56:618][ 93]LogPlayLevel: PIE: StaticDuplicateObject took: (0.004637s)
[2016.02.14-16.12.56:619][ 93]LogAIModule: Creating AISystem for world Minimal_Default
[2016.02.14-16.12.56:619][ 93]LogPlayLevel: PIE: World Init took: (0.000498s)
[2016.02.14-16.12.56:619][ 93]LogPlayLevel: PIE: Created PIE world by copying editor world from /Game/StarterContent/Maps/Minimal_Default.Minimal_Default to /Game/StarterContent/Maps/UEDPIE_0_Minimal_Default.Minimal_Default (0.005282s)
[2016.02.14-16.12.56:676][ 93]LogInit: XAudio2 using 'Speakers (ASUS Xonar DGX Audio Device)' : 2 channels at 44.1 kHz using 16 bits per sample (channel mask 0x3)
[2016.02.14-16.12.56:678][ 93]LogInit: FAudioDevice initialized.
[2016.02.14-16.12.56:708][ 93]LogWorld: Game class is 'AISafariGameMode'
[2016.02.14-16.12.56:710][ 93]LogWorld: Bringing World /Game/StarterContent/Maps/UEDPIE_0_Minimal_Default.Minimal_Default up for play (max tick rate 0) at 2016.02.14-11.12.56
[2016.02.14-16.12.56:710][ 93]LogActor:Warning: GameSession /Game/StarterContent/Maps/UEDPIE_0_Minimal_Default.Minimal_Default:PersistentLevel.GameSession_12 has natively added scene component(s), but none of them were set as the actor's RootComponent - picking one arbitrarily
[2016.02.14-16.12.56:710][ 93]LogActor:Warning: GameNetworkManager /Game/StarterContent/Maps/UEDPIE_0_Minimal_Default.Minimal_Default:PersistentLevel.GameNetworkManager_12 has natively added scene component(s), but none of them were set as the actor's RootComponent - picking one arbitrarily
[2016.02.14-16.12.56:710][ 93]LogWorld: Bringing up level for play took: 0.001464
[2016.02.14-16.12.56:760][ 93]PIE: Info Play in editor start time for /Game/StarterContent/Maps/UEDPIE_0_Minimal_Default 0.595
[2016.02.14-16.12.56:760][ 93]LogBlueprintUserMessages: Late PlayInEditor Detection: Level '/Game/StarterContent/Maps/Minimal_Default.Minimal_Default:PersistentLevel' has LevelScriptBlueprint '/Game/StarterContent/Maps/Minimal_Default.Minimal_Default:PersistentLevel.Minimal_Default' with GeneratedClass '/Game/StarterContent/Maps/Minimal_Default.Minimal_Default_C' with ClassGeneratedBy '/Game/StarterContent/Maps/Minimal_Default.Minimal_Default:PersistentLevel.Minimal_Default'
[2016.02.14-16.14.03:045][683]LogBlueprintUserMessages: Early EndPlayMap Detection: Level '/Game/StarterContent/Maps/Minimal_Default.Minimal_Default:PersistentLevel' has LevelScriptBlueprint '/Game/StarterContent/Maps/Minimal_Default.Minimal_Default:PersistentLevel.Minimal_Default' with GeneratedClass '/Game/StarterContent/Maps/Minimal_Default.Minimal_Default_C' with ClassGeneratedBy '/Game/StarterContent/Maps/Minimal_Default.Minimal_Default:PersistentLevel.Minimal_Default'
[2016.02.14-16.14.03:087][683]LogBlueprintUserMessages: Late EndPlayMap Detection: Level '/Game/StarterContent/Maps/Minimal_Default.Minimal_Default:PersistentLevel' has LevelScriptBlueprint '/Game/StarterContent/Maps/Minimal_Default.Minimal_Default:PersistentLevel.Minimal_Default' with GeneratedClass '/Game/StarterContent/Maps/Minimal_Default.Minimal_Default_C' with ClassGeneratedBy '/Game/StarterContent/Maps/Minimal_Default.Minimal_Default:PersistentLevel.Minimal_Default'
[2016.02.14-16.14.03:113][683]LogParticles: Destroying 0 GPU particle simulations for FXSystem 0x0000004F30410720
[2016.02.14-16.14.06:560][ 75]LogEditorViewport: Clicking on Actor (LMB): BP_FlockerManagerBase_C (BP_FlockerManagerBase)
[2016.02.14-16.14.11:145][576]LogBlueprintUserMessages: Early PlayInEditor Detection: Level '/Game/StarterContent/Maps/Minimal_Default.Minimal_Default:PersistentLevel' has LevelScriptBlueprint '/Game/StarterContent/Maps/Minimal_Default.Minimal_Default:PersistentLevel.Minimal_Default' with GeneratedClass '/Game/StarterContent/Maps/Minimal_Default.Minimal_Default_C' with ClassGeneratedBy '/Game/StarterContent/Maps/Minimal_Default.Minimal_Default:PersistentLevel.Minimal_Default'
[2016.02.14-16.14.11:145][576]LogPlayLevel: PlayLevel: No blueprints needed recompiling
[2016.02.14-16.14.11:145][576]PIE: New page: PIE session: Minimal_Default (Feb 14, 2016, 6:14:11 AM)
[2016.02.14-16.14.11:146][576]LogPlayLevel: Creating play world package: /Game/StarterContent/Maps/UEDPIE_0_Minimal_Default
[2016.02.14-16.14.11:152][576]LogPlayLevel: PIE: StaticDuplicateObject took: (0.005719s)
[2016.02.14-16.14.11:152][576]LogAIModule: Creating AISystem for world Minimal_Default
[2016.02.14-16.14.11:152][576]LogPlayLevel: PIE: World Init took: (0.000477s)
[2016.02.14-16.14.11:153][576]LogPlayLevel: PIE: Created PIE world by copying editor world from /Game/StarterContent/Maps/Minimal_Default.Minimal_Default to /Game/StarterContent/Maps/UEDPIE_0_Minimal_Default.Minimal_Default (0.006509s)
[2016.02.14-16.14.11:189][576]LogInit: XAudio2 using 'Speakers (ASUS Xonar DGX Audio Device)' : 2 channels at 44.1 kHz using 16 bits per sample (channel mask 0x3)
[2016.02.14-16.14.11:191][576]LogInit: FAudioDevice initialized.
[2016.02.14-16.14.11:224][576]LogWorld: Game class is 'AISafariGameMode'
[2016.02.14-16.14.11:226][576]LogWorld: Bringing World /Game/StarterContent/Maps/UEDPIE_0_Minimal_Default.Minimal_Default up for play (max tick rate 0) at 2016.02.14-11.14.11
[2016.02.14-16.14.11:226][576]LogActor:Warning: GameSession /Game/StarterContent/Maps/UEDPIE_0_Minimal_Default.Minimal_Default:PersistentLevel.GameSession_13 has natively added scene component(s), but none of them were set as the actor's RootComponent - picking one arbitrarily
[2016.02.14-16.14.11:226][576]LogActor:Warning: GameNetworkManager /Game/StarterContent/Maps/UEDPIE_0_Minimal_Default.Minimal_Default:PersistentLevel.GameNetworkManager_13 has natively added scene component(s), but none of them were set as the actor's RootComponent - picking one arbitrarily
[2016.02.14-16.14.11:226][576]LogWorld: Bringing up level for play took: 0.001471
[2016.02.14-16.14.11:309][576]PIE: Info Play in editor start time for /Game/StarterContent/Maps/UEDPIE_0_Minimal_Default 1.144
[2016.02.14-16.14.11:309][576]LogBlueprintUserMessages: Late PlayInEditor Detection: Level '/Game/StarterContent/Maps/Minimal_Default.Minimal_Default:PersistentLevel' has LevelScriptBlueprint '/Game/StarterContent/Maps/Minimal_Default.Minimal_Default:PersistentLevel.Minimal_Default' with GeneratedClass '/Game/StarterContent/Maps/Minimal_Default.Minimal_Default_C' with ClassGeneratedBy '/Game/StarterContent/Maps/Minimal_Default.Minimal_Default:PersistentLevel.Minimal_Default'
[2016.02.14-16.14.34:118][850]LogBlueprintUserMessages: Early EndPlayMap Detection: Level '/Game/StarterContent/Maps/Minimal_Default.Minimal_Default:PersistentLevel' has LevelScriptBlueprint '/Game/StarterContent/Maps/Minimal_Default.Minimal_Default:PersistentLevel.Minimal_Default' with GeneratedClass '/Game/StarterContent/Maps/Minimal_Default.Minimal_Default_C' with ClassGeneratedBy '/Game/StarterContent/Maps/Minimal_Default.Minimal_Default:PersistentLevel.Minimal_Default'
[2016.02.14-16.14.34:224][850]LogBlueprintUserMessages: Late EndPlayMap Detection: Level '/Game/StarterContent/Maps/Minimal_Default.Minimal_Default:PersistentLevel' has LevelScriptBlueprint '/Game/StarterContent/Maps/Minimal_Default.Minimal_Default:PersistentLevel.Minimal_Default' with GeneratedClass '/Game/StarterContent/Maps/Minimal_Default.Minimal_Default_C' with ClassGeneratedBy '/Game/StarterContent/Maps/Minimal_Default.Minimal_Default:PersistentLevel.Minimal_Default'
[2016.02.14-16.14.34:253][850]LogParticles: Destroying 0 GPU particle simulations for FXSystem 0x0000004F704236A0
[2016.02.14-16.14.39:599][421]LogBlueprintUserMessages: Early PlayInEditor Detection: Level '/Game/StarterContent/Maps/Minimal_Default.Minimal_Default:PersistentLevel' has LevelScriptBlueprint '/Game/StarterContent/Maps/Minimal_Default.Minimal_Default:PersistentLevel.Minimal_Default' with GeneratedClass '/Game/StarterContent/Maps/Minimal_Default.Minimal_Default_C' with ClassGeneratedBy '/Game/StarterContent/Maps/Minimal_Default.Minimal_Default:PersistentLevel.Minimal_Default'
[2016.02.14-16.14.39:599][421]LogPlayLevel: PlayLevel: No blueprints needed recompiling
[2016.02.14-16.14.39:599][421]PIE: New page: PIE session: Minimal_Default (Feb 14, 2016, 6:14:39 AM)
[2016.02.14-16.14.39:599][421]LogPlayLevel: Creating play world package: /Game/StarterContent/Maps/UEDPIE_0_Minimal_Default
[2016.02.14-16.14.39:603][421]LogPlayLevel: PIE: StaticDuplicateObject took: (0.003955s)
[2016.02.14-16.14.39:603][421]LogAIModule: Creating AISystem for world Minimal_Default
[2016.02.14-16.14.39:604][421]LogPlayLevel: PIE: World Init took: (0.000452s)
[2016.02.14-16.14.39:604][421]LogPlayLevel: PIE: Created PIE world by copying editor world from /Game/StarterContent/Maps/Minimal_Default.Minimal_Default to /Game/StarterContent/Maps/UEDPIE_0_Minimal_Default.Minimal_Default (0.004616s)
[2016.02.14-16.14.39:634][421]LogInit: XAudio2 using 'Speakers (ASUS Xonar DGX Audio Device)' : 2 channels at 44.1 kHz using 16 bits per sample (channel mask 0x3)
[2016.02.14-16.14.39:636][421]LogInit: FAudioDevice initialized.
[2016.02.14-16.14.39:667][421]LogWorld: Game class is 'AISafariGameMode'
[2016.02.14-16.14.39:669][421]LogWorld: Bringing World /Game/StarterContent/Maps/UEDPIE_0_Minimal_Default.Minimal_Default up for play (max tick rate 0) at 2016.02.14-11.14.39
[2016.02.14-16.14.39:669][421]LogActor:Warning: GameSession /Game/StarterContent/Maps/UEDPIE_0_Minimal_Default.Minimal_Default:PersistentLevel.GameSession_14 has natively added scene component(s), but none of them were set as the actor's RootComponent - picking one arbitrarily
[2016.02.14-16.14.39:669][421]LogActor:Warning: GameNetworkManager /Game/StarterContent/Maps/UEDPIE_0_Minimal_Default.Minimal_Default:PersistentLevel.GameNetworkManager_14 has natively added scene component(s), but none of them were set as the actor's RootComponent - picking one arbitrarily
[2016.02.14-16.14.39:669][421]LogWorld: Bringing up level for play took: 0.001522
[2016.02.14-16.14.39:755][421]PIE: Info Play in editor start time for /Game/StarterContent/Maps/UEDPIE_0_Minimal_Default -0.409
[2016.02.14-16.14.39:755][421]LogBlueprintUserMessages: Late PlayInEditor Detection: Level '/Game/StarterContent/Maps/Minimal_Default.Minimal_Default:PersistentLevel' has LevelScriptBlueprint '/Game/StarterContent/Maps/Minimal_Default.Minimal_Default:PersistentLevel.Minimal_Default' with GeneratedClass '/Game/StarterContent/Maps/Minimal_Default.Minimal_Default_C' with ClassGeneratedBy '/Game/StarterContent/Maps/Minimal_Default.Minimal_Default:PersistentLevel.Minimal_Default'
[2016.02.14-16.15.01:485][675]LogBlueprintUserMessages: Early EndPlayMap Detection: Level '/Game/StarterContent/Maps/Minimal_Default.Minimal_Default:PersistentLevel' has LevelScriptBlueprint '/Game/StarterContent/Maps/Minimal_Default.Minimal_Default:PersistentLevel.Minimal_Default' with GeneratedClass '/Game/StarterContent/Maps/Minimal_Default.Minimal_Default_C' with ClassGeneratedBy '/Game/StarterContent/Maps/Minimal_Default.Minimal_Default:PersistentLevel.Minimal_Default'
[2016.02.14-16.15.01:593][675]LogBlueprintUserMessages: Late EndPlayMap Detection: Level '/Game/StarterContent/Maps/Minimal_Default.Minimal_Default:PersistentLevel' has LevelScriptBlueprint '/Game/StarterContent/Maps/Minimal_Default.Minimal_Default:PersistentLevel.Minimal_Default' with GeneratedClass '/Game/StarterContent/Maps/Minimal_Default.Minimal_Default_C' with ClassGeneratedBy '/Game/StarterContent/Maps/Minimal_Default.Minimal_Default:PersistentLevel.Minimal_Default'
[2016.02.14-16.15.01:649][676]LogParticles: Destroying 0 GPU particle simulations for FXSystem 0x0000004F6F2C6B60
[2016.02.14-16.18.56:450][440]LogSavePackage: Save=71.505440ms
[2016.02.14-16.18.56:450][440]LogSavePackage: Moving 'Q:/Classes/3-2/AI/AISafari/Saved/Minimal_Default_Auto12A4DA59440A2A1B598A2DCBF36770EC7.tmp' to 'Q:/Classes/3-2/AI/AISafari/Saved/Autosaves/Game/StarterContent/Maps/Minimal_Default_Auto1.umap'
[2016.02.14-16.18.56:451][440]LogSavePackage: Total save time: 77.148348ms
[2016.02.14-16.18.56:451][440]LogSavePackage:Warning: Finished SavePackage Q:/Classes/3-2/AI/AISafari/Saved/Autosaves/Game/StarterContent/Maps/Minimal_Default_Auto1.umap
[2016.02.14-16.18.56:455][440]LogFileHelpers: Editor autosave (incl. sublevels) for '/Game/StarterContent/Maps/Minimal_Default' took 0.131
[2016.02.14-16.18.56:455][440]LogFileHelpers: Editor autosave (incl. sublevels) for all levels took 0.131
[2016.02.14-16.18.56:463][440]OBJ SavePackage: Generating thumbnails for [1] asset(s) in package [/Game/AgentBlueprints/BP_FlockerBase] ([1] browsable assets)...
[2016.02.14-16.18.56:485][440]OBJ SavePackage:     Rendered thumbnail for [Blueprint /Game/AgentBlueprints/BP_FlockerBase.BP_FlockerBase]
[2016.02.14-16.18.56:485][440]OBJ SavePackage: Finished generating thumbnails for package [/Game/AgentBlueprints/BP_FlockerBase]
[2016.02.14-16.18.56:485][440]Cmd: OBJ SAVEPACKAGE PACKAGE="/Game/AgentBlueprints/BP_FlockerBase" FILE="Q:/Classes/3-2/AI/AISafari/Saved/Autosaves/Game/AgentBlueprints/BP_FlockerBase_Auto1.uasset" SILENT=false AUTOSAVING=true
[2016.02.14-16.18.56:504][440]LogSavePackage: Save=14.964935ms
[2016.02.14-16.18.56:504][440]LogSavePackage: Moving 'Q:/Classes/3-2/AI/AISafari/Saved/BP_FlockerBase_Auto14376F7AD453E05210EDBBD876BF61231.tmp' to 'Q:/Classes/3-2/AI/AISafari/Saved/Autosaves/Game/AgentBlueprints/BP_FlockerBase_Auto1.uasset'
[2016.02.14-16.18.56:505][440]LogSavePackage: Total save time: 18.773552ms
[2016.02.14-16.18.56:505][440]LogSavePackage:Warning: Finished SavePackage Q:/Classes/3-2/AI/AISafari/Saved/Autosaves/Game/AgentBlueprints/BP_FlockerBase_Auto1.uasset
[2016.02.14-16.18.56:505][440]LogFileHelpers: Auto-saving content packages took 0.049
[2016.02.14-17.38.15:887][241]LogBlueprintUserMessages: Early PlayInEditor Detection: Level '/Game/StarterContent/Maps/Minimal_Default.Minimal_Default:PersistentLevel' has LevelScriptBlueprint '/Game/StarterContent/Maps/Minimal_Default.Minimal_Default:PersistentLevel.Minimal_Default' with GeneratedClass '/Game/StarterContent/Maps/Minimal_Default.Minimal_Default_C' with ClassGeneratedBy '/Game/StarterContent/Maps/Minimal_Default.Minimal_Default:PersistentLevel.Minimal_Default'
[2016.02.14-17.38.15:887][241]LogPlayLevel: PlayLevel: No blueprints needed recompiling
[2016.02.14-17.38.15:887][241]PIE: New page: PIE session: Minimal_Default (Feb 14, 2016, 7:38:15 AM)
[2016.02.14-17.38.15:887][241]LogPlayLevel: Creating play world package: /Game/StarterContent/Maps/UEDPIE_0_Minimal_Default
[2016.02.14-17.38.15:895][241]LogPlayLevel: PIE: StaticDuplicateObject took: (0.007973s)
[2016.02.14-17.38.15:896][241]LogAIModule: Creating AISystem for world Minimal_Default
[2016.02.14-17.38.15:896][241]LogPlayLevel: PIE: World Init took: (0.001252s)
[2016.02.14-17.38.15:896][241]LogPlayLevel: PIE: Created PIE world by copying editor world from /Game/StarterContent/Maps/Minimal_Default.Minimal_Default to /Game/StarterContent/Maps/UEDPIE_0_Minimal_Default.Minimal_Default (0.009414s)
[2016.02.14-17.38.15:930][241]LogInit: XAudio2 using 'Speakers (ASUS Xonar DGX Audio Device)' : 2 channels at 44.1 kHz using 16 bits per sample (channel mask 0x3)
[2016.02.14-17.38.15:932][241]LogInit: FAudioDevice initialized.
[2016.02.14-17.38.15:965][241]LogWorld: Game class is 'AISafariGameMode'
[2016.02.14-17.38.15:968][241]LogWorld: Bringing World /Game/StarterContent/Maps/UEDPIE_0_Minimal_Default.Minimal_Default up for play (max tick rate 0) at 2016.02.14-12.38.15
[2016.02.14-17.38.15:968][241]LogActor:Warning: GameSession /Game/StarterContent/Maps/UEDPIE_0_Minimal_Default.Minimal_Default:PersistentLevel.GameSession_15 has natively added scene component(s), but none of them were set as the actor's RootComponent - picking one arbitrarily
[2016.02.14-17.38.15:968][241]LogActor:Warning: GameNetworkManager /Game/StarterContent/Maps/UEDPIE_0_Minimal_Default.Minimal_Default:PersistentLevel.GameNetworkManager_15 has natively added scene component(s), but none of them were set as the actor's RootComponent - picking one arbitrarily
[2016.02.14-17.38.15:968][241]LogWorld: Bringing up level for play took: 0.001956
[2016.02.14-17.38.16:058][241]PIE: Info Play in editor start time for /Game/StarterContent/Maps/UEDPIE_0_Minimal_Default -0.107
[2016.02.14-17.38.16:058][241]LogBlueprintUserMessages: Late PlayInEditor Detection: Level '/Game/StarterContent/Maps/Minimal_Default.Minimal_Default:PersistentLevel' has LevelScriptBlueprint '/Game/StarterContent/Maps/Minimal_Default.Minimal_Default:PersistentLevel.Minimal_Default' with GeneratedClass '/Game/StarterContent/Maps/Minimal_Default.Minimal_Default_C' with ClassGeneratedBy '/Game/StarterContent/Maps/Minimal_Default.Minimal_Default:PersistentLevel.Minimal_Default'
[2016.02.14-17.38.24:121][337]LogBlueprintUserMessages: Early EndPlayMap Detection: Level '/Game/StarterContent/Maps/Minimal_Default.Minimal_Default:PersistentLevel' has LevelScriptBlueprint '/Game/StarterContent/Maps/Minimal_Default.Minimal_Default:PersistentLevel.Minimal_Default' with GeneratedClass '/Game/StarterContent/Maps/Minimal_Default.Minimal_Default_C' with ClassGeneratedBy '/Game/StarterContent/Maps/Minimal_Default.Minimal_Default:PersistentLevel.Minimal_Default'
[2016.02.14-17.38.24:239][337]LogBlueprintUserMessages: Late EndPlayMap Detection: Level '/Game/StarterContent/Maps/Minimal_Default.Minimal_Default:PersistentLevel' has LevelScriptBlueprint '/Game/StarterContent/Maps/Minimal_Default.Minimal_Default:PersistentLevel.Minimal_Default' with GeneratedClass '/Game/StarterContent/Maps/Minimal_Default.Minimal_Default_C' with ClassGeneratedBy '/Game/StarterContent/Maps/Minimal_Default.Minimal_Default:PersistentLevel.Minimal_Default'
[2016.02.14-17.38.24:267][337]LogParticles: Destroying 0 GPU particle simulations for FXSystem 0x0000004F1C3C74C0
[2016.02.14-17.38.39:432][793]LogBlueprintUserMessages: Early PlayInEditor Detection: Level '/Game/StarterContent/Maps/Minimal_Default.Minimal_Default:PersistentLevel' has LevelScriptBlueprint '/Game/StarterContent/Maps/Minimal_Default.Minimal_Default:PersistentLevel.Minimal_Default' with GeneratedClass '/Game/StarterContent/Maps/Minimal_Default.Minimal_Default_C' with ClassGeneratedBy '/Game/StarterContent/Maps/Minimal_Default.Minimal_Default:PersistentLevel.Minimal_Default'
[2016.02.14-17.38.39:433][793]LogPlayLevel: PlayLevel: No blueprints needed recompiling
[2016.02.14-17.38.39:433][793]PIE: New page: PIE session: Minimal_Default (Feb 14, 2016, 7:38:39 AM)
[2016.02.14-17.38.39:433][793]LogPlayLevel: Creating play world package: /Game/StarterContent/Maps/UEDPIE_0_Minimal_Default
[2016.02.14-17.38.39:437][793]LogPlayLevel: PIE: StaticDuplicateObject took: (0.004459s)
[2016.02.14-17.38.39:438][793]LogAIModule: Creating AISystem for world Minimal_Default
[2016.02.14-17.38.39:438][793]LogPlayLevel: PIE: World Init took: (0.000667s)
[2016.02.14-17.38.39:438][793]LogPlayLevel: PIE: Created PIE world by copying editor world from /Game/StarterContent/Maps/Minimal_Default.Minimal_Default to /Game/StarterContent/Maps/UEDPIE_0_Minimal_Default.Minimal_Default (0.005312s)
[2016.02.14-17.38.39:471][793]LogInit: XAudio2 using 'Speakers (ASUS Xonar DGX Audio Device)' : 2 channels at 44.1 kHz using 16 bits per sample (channel mask 0x3)
[2016.02.14-17.38.39:473][793]LogInit: FAudioDevice initialized.
[2016.02.14-17.38.39:505][793]LogWorld: Game class is 'AISafariGameMode'
[2016.02.14-17.38.39:507][793]LogWorld: Bringing World /Game/StarterContent/Maps/UEDPIE_0_Minimal_Default.Minimal_Default up for play (max tick rate 0) at 2016.02.14-12.38.39
[2016.02.14-17.38.39:507][793]LogActor:Warning: GameSession /Game/StarterContent/Maps/UEDPIE_0_Minimal_Default.Minimal_Default:PersistentLevel.GameSession_16 has natively added scene component(s), but none of them were set as the actor's RootComponent - picking one arbitrarily
[2016.02.14-17.38.39:507][793]LogActor:Warning: GameNetworkManager /Game/StarterContent/Maps/UEDPIE_0_Minimal_Default.Minimal_Default:PersistentLevel.GameNetworkManager_16 has natively added scene component(s), but none of them were set as the actor's RootComponent - picking one arbitrarily
[2016.02.14-17.38.39:507][793]LogWorld: Bringing up level for play took: 0.001642
[2016.02.14-17.38.39:563][793]PIE: Info Play in editor start time for /Game/StarterContent/Maps/UEDPIE_0_Minimal_Default -0.602
[2016.02.14-17.38.39:563][793]LogBlueprintUserMessages: Late PlayInEditor Detection: Level '/Game/StarterContent/Maps/Minimal_Default.Minimal_Default:PersistentLevel' has LevelScriptBlueprint '/Game/StarterContent/Maps/Minimal_Default.Minimal_Default:PersistentLevel.Minimal_Default' with GeneratedClass '/Game/StarterContent/Maps/Minimal_Default.Minimal_Default_C' with ClassGeneratedBy '/Game/StarterContent/Maps/Minimal_Default.Minimal_Default:PersistentLevel.Minimal_Default'
[2016.02.14-17.38.45:585][961]LogBlueprintUserMessages: Early EndPlayMap Detection: Level '/Game/StarterContent/Maps/Minimal_Default.Minimal_Default:PersistentLevel' has LevelScriptBlueprint '/Game/StarterContent/Maps/Minimal_Default.Minimal_Default:PersistentLevel.Minimal_Default' with GeneratedClass '/Game/StarterContent/Maps/Minimal_Default.Minimal_Default_C' with ClassGeneratedBy '/Game/StarterContent/Maps/Minimal_Default.Minimal_Default:PersistentLevel.Minimal_Default'
[2016.02.14-17.38.45:649][961]LogBlueprintUserMessages: Late EndPlayMap Detection: Level '/Game/StarterContent/Maps/Minimal_Default.Minimal_Default:PersistentLevel' has LevelScriptBlueprint '/Game/StarterContent/Maps/Minimal_Default.Minimal_Default:PersistentLevel.Minimal_Default' with GeneratedClass '/Game/StarterContent/Maps/Minimal_Default.Minimal_Default_C' with ClassGeneratedBy '/Game/StarterContent/Maps/Minimal_Default.Minimal_Default:PersistentLevel.Minimal_Default'
[2016.02.14-17.38.45:677][961]LogParticles: Destroying 0 GPU particle simulations for FXSystem 0x0000004F7813B4C0
[2016.02.14-17.39.23:172][704]LogSavePackage: Save=48.395241ms
[2016.02.14-17.39.23:172][704]LogSavePackage: Moving 'Q:/Classes/3-2/AI/AISafari/Saved/Minimal_Default_Auto2643080D8411D986CB22E22862B862C77.tmp' to 'Q:/Classes/3-2/AI/AISafari/Saved/Autosaves/Game/StarterContent/Maps/Minimal_Default_Auto2.umap'
[2016.02.14-17.39.23:173][704]LogSavePackage: Total save time: 53.160280ms
[2016.02.14-17.39.23:173][704]LogSavePackage:Warning: Finished SavePackage Q:/Classes/3-2/AI/AISafari/Saved/Autosaves/Game/StarterContent/Maps/Minimal_Default_Auto2.umap
[2016.02.14-17.39.23:175][704]LogFileHelpers: Editor autosave (incl. sublevels) for '/Game/StarterContent/Maps/Minimal_Default' took 0.087
[2016.02.14-17.39.23:175][704]LogFileHelpers: Editor autosave (incl. sublevels) for all levels took 0.087
[2016.02.14-17.51.01:966][474]LogHotReload: New module detected: UE4Editor-AISafari-9637.dll
[2016.02.14-17.51.02:645][477]LogHotReload: Starting Hot-Reload from IDE
[2016.02.14-17.51.02:728][477]LogContentBrowser: Native class hierarchy updated for 'AISafari' in 0.0010 seconds. Added 4 classes and 3 folders.
[2016.02.14-17.51.02:731][477]Warning: HotReload successful (0 functions remapped  0 scriptstructs remapped)
[2016.02.14-17.51.03:071][477]LogContentBrowser: Native class hierarchy populated in 0.0068 seconds. Added 1872 classes and 338 folders.
[2016.02.14-17.51.04:773][482]LogBlueprintUserMessages: Early PlayInEditor Detection: Level '/Game/StarterContent/Maps/Minimal_Default.Minimal_Default:PersistentLevel' has LevelScriptBlueprint '/Game/StarterContent/Maps/Minimal_Default.Minimal_Default:PersistentLevel.Minimal_Default' with GeneratedClass '/Game/StarterContent/Maps/Minimal_Default.Minimal_Default_C' with ClassGeneratedBy '/Game/StarterContent/Maps/Minimal_Default.Minimal_Default:PersistentLevel.Minimal_Default'
[2016.02.14-17.51.04:773][482]LogPlayLevel: PlayLevel: No blueprints needed recompiling
[2016.02.14-17.51.04:773][482]PIE: New page: PIE session: Minimal_Default (Feb 14, 2016, 7:51:04 AM)
[2016.02.14-17.51.04:773][482]LogPlayLevel: Creating play world package: /Game/StarterContent/Maps/UEDPIE_0_Minimal_Default
[2016.02.14-17.51.04:778][482]LogPlayLevel: PIE: StaticDuplicateObject took: (0.004644s)
[2016.02.14-17.51.04:778][482]LogAIModule: Creating AISystem for world Minimal_Default
[2016.02.14-17.51.04:779][482]LogPlayLevel: PIE: World Init took: (0.000714s)
[2016.02.14-17.51.04:779][482]LogPlayLevel: PIE: Created PIE world by copying editor world from /Game/StarterContent/Maps/Minimal_Default.Minimal_Default to /Game/StarterContent/Maps/UEDPIE_0_Minimal_Default.Minimal_Default (0.005521s)
[2016.02.14-17.51.04:835][482]LogInit: XAudio2 using 'Speakers (ASUS Xonar DGX Audio Device)' : 2 channels at 44.1 kHz using 16 bits per sample (channel mask 0x3)
[2016.02.14-17.51.04:838][482]LogInit: FAudioDevice initialized.
[2016.02.14-17.51.04:868][482]LogWorld: Game class is 'AISafariGameMode'
[2016.02.14-17.51.04:871][482]LogWorld: Bringing World /Game/StarterContent/Maps/UEDPIE_0_Minimal_Default.Minimal_Default up for play (max tick rate 0) at 2016.02.14-12.51.04
[2016.02.14-17.51.04:871][482]LogActor:Warning: GameSession /Game/StarterContent/Maps/UEDPIE_0_Minimal_Default.Minimal_Default:PersistentLevel.GameSession_17 has natively added scene component(s), but none of them were set as the actor's RootComponent - picking one arbitrarily
[2016.02.14-17.51.04:871][482]LogActor:Warning: GameNetworkManager /Game/StarterContent/Maps/UEDPIE_0_Minimal_Default.Minimal_Default:PersistentLevel.GameNetworkManager_17 has natively added scene component(s), but none of them were set as the actor's RootComponent - picking one arbitrarily
[2016.02.14-17.51.04:871][482]LogWorld: Bringing up level for play took: 0.001789
[2016.02.14-17.51.07:734][482]LogCrashTracker: 


[2016.02.14-17.51.07:734][482]LogCrashTracker: 


[2016.02.14-17.51.07:734][482]LogWindows: === Critical error: ===
Fatal error!



[2016.02.14-17.51.07:820][482]LogExit: Executing StaticShutdownAfterError
[2016.02.14-17.51.07:827][482]LogPhysics:Warning: PHYSX: ..\..\PhysX\src\NpScene.cpp (2946) 8 : PxScene::unlockWrite() called without matching call to PxScene::lockWrite(), behaviour will be undefined.
[2016.02.14-17.51.07:827][482]LogPhysics:Warning: PHYSX: ..\..\PhysX\src\NpScene.cpp (2946) 8 : PxScene::unlockWrite() called without matching call to PxScene::lockWrite(), behaviour will be undefined.
[2016.02.14-17.51.07:827][482]LogPhysics:Warning: PHYSX: ..\..\PhysX\src\NpScene.cpp (2946) 8 : PxScene::unlockWrite() called without matching call to PxScene::lockWrite(), behaviour will be undefined.
[2016.02.14-17.51.07:828][482]LogPhysics:Warning: PHYSX: ..\..\PhysX\src\NpScene.cpp (2946) 8 : PxScene::unlockWrite() called without matching call to PxScene::lockWrite(), behaviour will be undefined.
[2016.02.14-17.51.07:829][482]LogPhysics:Warning: PHYSX: ..\..\PhysX\src\NpScene.cpp (2946) 8 : PxScene::unlockWrite() called without matching call to PxScene::lockWrite(), behaviour will be undefined.
[2016.02.14-17.51.07:829][482]LogPhysics:Warning: PHYSX: ..\..\PhysX\src\NpScene.cpp (2946) 8 : PxScene::unlockWrite() called without matching call to PxScene::lockWrite(), behaviour will be undefined.
[2016.02.14-17.51.07:829][482]LogWindows: FPlatformMisc::RequestExit(1)
[2016.02.14-17.51.07:829][482]Log file closed, 02/14/16 12:51:07
