[2016.02.13-18.43.56:075][  0]Log file open, 02/13/16 13:43:56
[2016.02.13-18.43.56:075][  0]LogInit:Display: Running engine for game: AISafari
[2016.02.13-18.43.56:075][  0]LogInit:Display: RandInit(-1427464024) SRandInit(-1427464024).
[2016.02.13-18.43.56:075][  0]LogTaskGraph: Started task graph with 4 named threads and 7 total threads.
[2016.02.13-18.43.56:075][  0]LogStats: Stats thread started at 0.067246
[2016.02.13-18.43.56:075][  0]LogInit: Version: 4.9.2-2707645+++depot+UE4-Releases+4.9
[2016.02.13-18.43.56:075][  0]LogInit: API Version: 2672455
[2016.02.13-18.43.56:075][  0]LogInit: Compiled (64-bit): Sep 28 2015 10:25:44
[2016.02.13-18.43.56:075][  0]LogInit: Compiled with Visual C++: 18.00.21005.01
[2016.02.13-18.43.56:075][  0]LogInit: Build Configuration: Development
[2016.02.13-18.43.56:075][  0]LogInit: Branch Name: ++depot+UE4-Releases+4.9
[2016.02.13-18.43.56:075][  0]LogInit: Command line:  
[2016.02.13-18.43.56:075][  0]LogInit: Base directory: C:/Program Files (x86)/Epic Games/4.9/Engine/Binaries/Win64/
[2016.02.13-18.43.56:075][  0]LogInit: Rocket: 1
[2016.02.13-18.43.56:083][  0]LogInit: Using libcurl 7.41.0
[2016.02.13-18.43.56:083][  0]LogInit:  - built for x86_64-pc-win32
[2016.02.13-18.43.56:083][  0]LogInit:  - supports SSL with WinSSL
[2016.02.13-18.43.56:083][  0]LogInit:  - other features:
[2016.02.13-18.43.56:083][  0]LogInit:      CURL_VERSION_SSL
[2016.02.13-18.43.56:083][  0]LogInit:      CURL_VERSION_IPV6
[2016.02.13-18.43.56:083][  0]LogInit:      CURL_VERSION_ASYNCHDNS
[2016.02.13-18.43.56:083][  0]LogInit:      CURL_VERSION_LARGEFILE
[2016.02.13-18.43.56:083][  0]LogInit:      CURL_VERSION_IDN
[2016.02.13-18.43.56:083][  0]LogInit:  CurlRequestOptions (configurable via config and command line):
[2016.02.13-18.43.56:083][  0]LogInit:  - bVerifyPeer = true  - Libcurl will verify peer certificate
[2016.02.13-18.43.56:083][  0]LogInit:  - bUseHttpProxy = false  - Libcurl will NOT use HTTP proxy
[2016.02.13-18.43.56:083][  0]LogInit:  - bDontReuseConnections = false  - Libcurl will reuse connections
[2016.02.13-18.43.56:083][  0]LogInit:  - CertBundlePath = nullptr  - Libcurl will use whatever was configured at build time.
[2016.02.13-18.43.56:088][  0]LogInit: Presizing for 0 objects not considered by GC, pre-allocating 0 bytes.
[2016.02.13-18.43.56:092][  0]LogInit: Object subsystem initialized
[2016.02.13-18.43.56:093][  0]LogInit: Selected Device Profile: [Windows]
[2016.02.13-18.43.56:093][  0]LogInit: Applying CVar settings loaded from the selected device profile: [Windows]
[2016.02.13-18.43.56:099][  0]LogInit: Computer: ZEBRADESKTOP
[2016.02.13-18.43.56:099][  0]LogInit: User: Ryan
[2016.02.13-18.43.56:099][  0]LogInit: CPU Page size=4096, Cores=4
[2016.02.13-18.43.56:099][  0]LogInit: High frequency timer resolution =3.984648 MHz
[2016.02.13-18.43.56:099][  0]LogMemory: Memory total: Physical=15.9GB (16GB approx)
[2016.02.13-18.43.56:099][  0]LogMemory: Platform Memory Stats for Windows
[2016.02.13-18.43.56:099][  0]LogMemory: Process Physical Memory: 54.07 MB used, 54.07 MB peak
[2016.02.13-18.43.56:099][  0]LogMemory: Process Virtual Memory: 55.61 MB used, 55.61 MB peak
[2016.02.13-18.43.56:099][  0]LogMemory: Physical Memory: 7171.42 MB used, 16325.73 MB total
[2016.02.13-18.43.56:099][  0]LogMemory: Virtual Memory: 365.76 MB used, 134217728.00 MB total
[2016.02.13-18.43.56:126][  0]LogTextLocalizationManager: No specific translations for ('en-US') exist, so ('en') translations will be used.
[2016.02.13-18.43.56:682][  0]LogD3D11RHI: Found D3D11 adapter 0: NVIDIA GeForce GTX 780 (Feature Level 11_0)
[2016.02.13-18.43.56:682][  0]LogD3D11RHI: Adapter has 5971MB of dedicated video memory, 0MB of dedicated system memory, and 8162MB of shared system memory, 3 output[s]
[2016.02.13-18.43.56:683][  0]LogD3D11RHI: Found D3D11 adapter 1: Microsoft Basic Render Driver (Feature Level 11_0)
[2016.02.13-18.43.56:683][  0]LogD3D11RHI: Adapter has 0MB of dedicated video memory, 0MB of dedicated system memory, and 8162MB of shared system memory, 0 output[s]
[2016.02.13-18.43.56:683][  0]LogD3D11RHI: Chosen D3D11 Adapter Id = 0
[2016.02.13-18.43.59:057][  0]LogWindowsTextInputMethodSystem:Display: IME system now deactivated.
[2016.02.13-18.43.59:057][  0]LogWindowsTextInputMethodSystem:Display: IME system now deactivated.
[2016.02.13-18.43.59:059][  0]LogD3D11RHI: !Direct3DDevice
[2016.02.13-18.43.59:059][  0]LogRHI: Texture pool is 1361 MB (70% of 1945 MB)
[2016.02.13-18.43.59:073][  0]LogD3D11RHI: Async texture creation enabled
[2016.02.13-18.43.59:089][  0]LogShaderCompilers: Guid format shader working directory is 14 characters bigger than the processId version (Q:/Classes/3-2/AI/AISafari/Intermediate/Shaders/WorkingDirectory/17296/).
[2016.02.13-18.43.59:089][  0]LogShaderCompilers: Cleaned the shader compiler working directory 'Q:/Classes/3-2/AI/AISafari/Intermediate/Shaders/tmp/1D0CD0A641ED907E6F3537863F5B2663/'.
[2016.02.13-18.43.59:089][  0]LogShaderCompilers:Display: Using Local Shader Compiler.
[2016.02.13-18.43.59:802][  0]LogTemp:Display: Loaded TP AllDesktopTargetPlatform
[2016.02.13-18.43.59:807][  0]LogTemp:Display: Loaded TP WindowsClientTargetPlatform
[2016.02.13-18.43.59:812][  0]LogTemp:Display: Loaded TP WindowsNoEditorTargetPlatform
[2016.02.13-18.43.59:816][  0]LogTemp:Display: Loaded TP WindowsServerTargetPlatform
[2016.02.13-18.43.59:820][  0]LogTemp:Display: Loaded TP WindowsTargetPlatform
[2016.02.13-18.43.59:823][  0]LogTemp:Display: Loaded TP AndroidTargetPlatform
[2016.02.13-18.43.59:825][  0]LogTemp:Display: Loaded TP Android_ASTCTargetPlatform
[2016.02.13-18.43.59:828][  0]LogTemp:Display: Loaded TP Android_ATCTargetPlatform
[2016.02.13-18.43.59:831][  0]LogTemp:Display: Loaded TP Android_DXTTargetPlatform
[2016.02.13-18.43.59:833][  0]LogTemp:Display: Loaded TP Android_ETC1TargetPlatform
[2016.02.13-18.43.59:836][  0]LogTemp:Display: Loaded TP Android_ETC2TargetPlatform
[2016.02.13-18.43.59:838][  0]LogTemp:Display: Loaded TP Android_PVRTCTargetPlatform
[2016.02.13-18.43.59:839][  0]LogTemp:Display: Loaded TP HTML5TargetPlatform
[2016.02.13-18.43.59:855][  0]LogTemp:Display: Loaded TP IOSTargetPlatform
[2016.02.13-18.43.59:858][  0]LogTemp:Display: Loaded TP LinuxNoEditorTargetPlatform
[2016.02.13-18.43.59:862][  0]LogTemp:Display: Loaded TP LinuxServerTargetPlatform
[2016.02.13-18.43.59:864][  0]LogTemp:Display: Loaded TP LinuxTargetPlatform
[2016.02.13-18.43.59:864][  0]LogTargetPlatformManager:Display: Building Assets For Windows
[2016.02.13-18.43.59:930][  0]LogDerivedDataCache:Display: Max Cache Size: 512 MB
[2016.02.13-18.43.59:966][  0]LogDerivedDataCache: Loaded boot cache 0.04s 41MB C:/Users/Ryan/AppData/Local/UnrealEngine/4.9/DerivedDataCache/Boot.ddc.
[2016.02.13-18.43.59:966][  0]LogDerivedDataCache:Display: Loaded Boot cache: C:/Users/Ryan/AppData/Local/UnrealEngine/4.9/DerivedDataCache/Boot.ddc
[2016.02.13-18.43.59:966][  0]LogDerivedDataCache: FDerivedDataBackendGraph:  Pak pak cache file Q:/Classes/3-2/AI/AISafari/DerivedDataCache/DDC.ddp not found, will not use a pak cache.
[2016.02.13-18.43.59:966][  0]LogDerivedDataCache: Unable to find inner node Pak for hierarchical cache Hierarchy.
[2016.02.13-18.43.59:966][  0]LogDerivedDataCache: FDerivedDataBackendGraph:  CompressedPak pak cache file Q:/Classes/3-2/AI/AISafari/DerivedDataCache/Compressed.ddp not found, will not use a pak cache.
[2016.02.13-18.43.59:966][  0]LogDerivedDataCache: Unable to find inner node CompressedPak for hierarchical cache Hierarchy.
[2016.02.13-18.44.00:072][  0]LogDerivedDataCache:Display: Pak cache opened for reading ../../../Engine/DerivedDataCache/Compressed.ddp.
[2016.02.13-18.44.00:084][  0]LogDerivedDataCache: Using Local data cache path C:/Users/Ryan/AppData/Local/UnrealEngine/Common/DerivedDataCache: Writable
[2016.02.13-18.44.00:248][  0]LogInit: Selected Device Profile: [Windows]
[2016.02.13-18.44.00:250][  0]LogContentStreaming: Texture pool size is 0.000000MB
[2016.02.13-18.44.00:370][  0]LogMeshUtilities: No automatic mesh reduction module available
[2016.02.13-18.44.00:370][  0]LogMeshUtilities: No automatic mesh merging module available
[2016.02.13-18.44.00:560][  0]LogInit: WinSock: version 1.1 (2.2), MaxSocks=32767, MaxUdp=65467
[2016.02.13-18.44.01:082][  0]UdpMessaging: Initializing bridge on interface 0.0.0.0:0 to multicast group 230.0.0.1:6666.
[2016.02.13-18.44.01:184][  0]LogAssetRegistry: FAssetRegistry took 0.0112 seconds to start up
[2016.02.13-18.44.01:306][  0]SourceControl: Info Source control is disabled
[2016.02.13-18.44.01:313][  0]SourceControl: Info Source control is disabled
[2016.02.13-18.44.01:323][  0]SourceControl: Info Source control is disabled
[2016.02.13-18.44.01:332][  0]SourceControl: Info Source control is disabled
[2016.02.13-18.44.01:439][  0]LogLinker:Warning: Asset '../../../Engine/Plugins/Runtime/LeapMotionController/Content/LM_PassthroughMaterial.uasset' has been saved with empty engine version. The asset will be loaded but may be incompatible.
[2016.02.13-18.44.01:499][  0]LogObj: 28380 objects as part of root set at end of initial load.
[2016.02.13-18.44.01:499][  0]LogUObjectAllocator: 6046576 out of 0 bytes used by permanent object pool.
[2016.02.13-18.44.01:542][  0]LogEngine: Initializing Engine...
[2016.02.13-18.44.01:545][  0]LogHMD: Can't find Oculus library dev build: is proper Runtime installed? Version: 0.7.0.0
[2016.02.13-18.44.01:545][  0]LogHMD: SteamVR failed to initialize.  Err: 110
[2016.02.13-18.44.01:632][  0]LogAIModule: Creating AISystem for world NewWorld
[2016.02.13-18.44.01:638][  0]LogInit: XAudio2 using 'Speakers (ASUS Xonar DGX Audio Device)' : 2 channels at 44.1 kHz using 16 bits per sample (channel mask 0x3)
[2016.02.13-18.44.01:642][  0]LogInit: FAudioDevice initialized.
[2016.02.13-18.44.01:663][  0]LogDerivedDataCache: Saved boot cache 0.02s 41MB C:/Users/Ryan/AppData/Local/UnrealEngine/4.9/DerivedDataCache/Boot.ddc.
[2016.02.13-18.44.01:667][  0]LogInit: Texture streaming: Enabled
[2016.02.13-18.44.01:671][  0]LogAnalytics: Creating configured Analytics provider AnalyticsET
[2016.02.13-18.44.01:671][  0]LogAnalytics: [UEEditor.Rocket.Release] APIServer = http://et2.epicgames.com/ET2/. AppVersion = 4.9.2-2707645+++depot+UE4-Releases+4.9
[2016.02.13-18.44.01:671][  0]LogAnalytics: [UEEditor.Rocket.Release] SetUserId d1f9beca401d8fe412e57fa88e66abb9|85745c8591404a23957796735eaccf05|defee072-9da8-4f68-a06a-f65b3a6c30bf
[2016.02.13-18.44.01:671][  0]LogAnalytics: [UEEditor.Rocket.Release] AnalyticsET::StartSession
[2016.02.13-18.44.01:698][  0]LogInit: Transaction tracking system initialized
[2016.02.13-18.44.01:719][  0]BlueprintLog: New page: Editor Load
[2016.02.13-18.44.01:789][  0]LocalizationService: Info Localization service is disabled
[2016.02.13-18.44.01:861][  0]LogConsoleResponse:Display: 
[2016.02.13-18.44.01:941][  0]LogCook:Display: Done creating registry. It took  0.00s.
[2016.02.13-18.44.01:985][  0]LogFileCache: Scanning file cache for directory 'Q:/Classes/3-2/AI/AISafari/Content/' took 0.01s
[2016.02.13-18.44.01:985][  0]SourceControl: Info Source control is disabled
[2016.02.13-18.44.01:985][  0]Cmd: MAP LOAD FILE="Q:/Classes/3-2/AI/AISafari/Content/StarterContent/Maps/Minimal_Default.umap" TEMPLATE=0 SHOWPROGRESS=1 FEATURELEVEL=3
[2016.02.13-18.44.01:985][  0]LightingResults: New page: Lighting Build
[2016.02.13-18.44.01:988][  0]MapCheck: New page: Map Check
[2016.02.13-18.44.01:988][  0]LightingResults: New page: Lighting Build
[2016.02.13-18.44.01:996][  0]LogParticles: Destroying 0 GPU particle simulations for FXSystem 0x000000577CFF7CE0
[2016.02.13-18.44.02:189][  0]LogAIModule: Creating AISystem for world Minimal_Default
[2016.02.13-18.44.02:194][  0]LogEditorServer: Finished looking for orphan Actors (0.000 secs)
[2016.02.13-18.44.02:196][  0]Cmd: MAP CHECKDEP NOCLEARLOG
[2016.02.13-18.44.02:234][  0]MapCheck: Info Map check complete: 0 Error(s), 0 Warning(s), took 37.82ms to complete.
[2016.02.13-18.44.02:234][  0]LogFileHelpers: Loading map 'Minimal_Default' took 0.249
[2016.02.13-18.44.02:276][  0]LogWindowsTextInputMethodSystem:Display: IME system now deactivated.
[2016.02.13-18.44.02:352][  0]LogCollectionManager: Loaded 0 collections in 0.001750 seconds
[2016.02.13-18.44.02:390][  0]LogFileCache: Scanning file cache for directory 'Q:/Classes/3-2/AI/AISafari/Saved/Collections/' took 0.01s
[2016.02.13-18.44.02:390][  0]LogFileCache: Scanning file cache for directory 'Q:/Classes/3-2/AI/AISafari/Content/Developers/Ryan/Collections/' took 0.01s
[2016.02.13-18.44.02:390][  0]LogFileCache: Scanning file cache for directory 'Q:/Classes/3-2/AI/AISafari/Content/Collections/' took 0.01s
[2016.02.13-18.44.02:390][  0]LogContentBrowser: Native class hierarchy populated in 0.0059 seconds. Added 1871 classes and 336 folders.
[2016.02.13-18.44.02:408][  0]LogCollectionManager: Rebuilt the GUID cache for 0 collections in 0.000002 seconds
[2016.02.13-18.44.02:417][  0]LogContentBrowser: Native class hierarchy updated for 'WidgetCarousel' in 0.0014 seconds. Added 0 classes and 0 folders.
[2016.02.13-18.44.02:453][  0]LogContentBrowser: Native class hierarchy updated for 'AddContentDialog' in 0.0025 seconds. Added 0 classes and 0 folders.
[2016.02.13-18.44.02:459][  0]LogContentBrowser: Native class hierarchy updated for 'SceneOutliner' in 0.0014 seconds. Added 1 classes and 2 folders.
[2016.02.13-18.44.02:480][  0]LogCrashTracker: Crashtracker disabled due to settings.
[2016.02.13-18.44.02:485][  0]LogUObjectGlobals:Warning: Failed to find object 'Class None.'
[2016.02.13-18.44.02:508][  0]LogLoad: Full Startup: 7.06 seconds (BP compile: 0.03 seconds)
[2016.02.13-18.44.02:898][  0]LogContentStreaming: Texture pool size now 1000 MB
[2016.02.13-18.44.03:001][  0]LogRenderer: Reallocating scene render targets to support 1208x600 (Frame:2).
[2016.02.13-18.44.03:529][  2]LogAssetRegistry: Asset discovery search completed in 2.3562 seconds
[2016.02.13-18.44.03:529][  2]LogCollectionManager: Rebuilt the object cache for 0 collections in 0.000001 seconds (found 0 objects)
[2016.02.13-18.44.03:529][  2]LogCollectionManager: Fixed up redirectors for 0 collections in 0.000027 seconds (updated 0 objects)
[2016.02.13-18.44.34:005][534]LogBlueprintUserMessages: Early PlayInEditor Detection: Level '/Game/StarterContent/Maps/Minimal_Default.Minimal_Default:PersistentLevel' has LevelScriptBlueprint '/Game/StarterContent/Maps/Minimal_Default.Minimal_Default:PersistentLevel.Minimal_Default' with GeneratedClass '/Game/StarterContent/Maps/Minimal_Default.Minimal_Default_C' with ClassGeneratedBy '/Game/StarterContent/Maps/Minimal_Default.Minimal_Default:PersistentLevel.Minimal_Default'
[2016.02.13-18.44.34:006][534]LogPlayLevel: PlayLevel: No blueprints needed recompiling
[2016.02.13-18.44.34:006][534]PIE: New page: PIE session: Minimal_Default (Feb 13, 2016, 8:44:34 AM)
[2016.02.13-18.44.34:006][534]LogPlayLevel: Creating play world package: /Game/StarterContent/Maps/UEDPIE_0_Minimal_Default
[2016.02.13-18.44.34:012][534]LogPlayLevel: PIE: StaticDuplicateObject took: (0.006011s)
[2016.02.13-18.44.34:013][534]LogAIModule: Creating AISystem for world Minimal_Default
[2016.02.13-18.44.34:013][534]LogPlayLevel: PIE: World Init took: (0.000829s)
[2016.02.13-18.44.34:013][534]LogPlayLevel: PIE: Created PIE world by copying editor world from /Game/StarterContent/Maps/Minimal_Default.Minimal_Default to /Game/StarterContent/Maps/UEDPIE_0_Minimal_Default.Minimal_Default (0.007029s)
[2016.02.13-18.44.34:034][534]LogInit: XAudio2 using 'Speakers (ASUS Xonar DGX Audio Device)' : 2 channels at 44.1 kHz using 16 bits per sample (channel mask 0x3)
[2016.02.13-18.44.34:038][534]LogInit: FAudioDevice initialized.
[2016.02.13-18.44.34:091][534]LogWorld: Game class is 'AISafariGameMode'
[2016.02.13-18.44.34:093][534]LogWorld: Bringing World /Game/StarterContent/Maps/UEDPIE_0_Minimal_Default.Minimal_Default up for play (max tick rate 0) at 2016.02.13-13.44.34
[2016.02.13-18.44.34:093][534]LogActor:Warning: GameSession /Game/StarterContent/Maps/UEDPIE_0_Minimal_Default.Minimal_Default:PersistentLevel.GameSession_0 has natively added scene component(s), but none of them were set as the actor's RootComponent - picking one arbitrarily
[2016.02.13-18.44.34:093][534]LogActor:Warning: GameNetworkManager /Game/StarterContent/Maps/UEDPIE_0_Minimal_Default.Minimal_Default:PersistentLevel.GameNetworkManager_0 has natively added scene component(s), but none of them were set as the actor's RootComponent - picking one arbitrarily
[2016.02.13-18.44.34:093][534]LogWorld: Bringing up level for play took: 0.001729
[2016.02.13-18.44.34:219][534]PIE: Info Play in editor start time for /Game/StarterContent/Maps/UEDPIE_0_Minimal_Default 1.048
[2016.02.13-18.44.34:219][534]LogBlueprintUserMessages: Late PlayInEditor Detection: Level '/Game/StarterContent/Maps/Minimal_Default.Minimal_Default:PersistentLevel' has LevelScriptBlueprint '/Game/StarterContent/Maps/Minimal_Default.Minimal_Default:PersistentLevel.Minimal_Default' with GeneratedClass '/Game/StarterContent/Maps/Minimal_Default.Minimal_Default_C' with ClassGeneratedBy '/Game/StarterContent/Maps/Minimal_Default.Minimal_Default:PersistentLevel.Minimal_Default'
[2016.02.13-18.44.43:549][534]LogCrashTracker: 


[2016.02.13-18.44.43:549][534]LogCrashTracker: 


[2016.02.13-18.44.43:549][534]LogWindows: === Critical error: ===
Fatal error!



