[2016.02.16-02.21.10:975][  0]Log file open, 02/15/16 21:21:10
[2016.02.16-02.21.10:975][  0]LogInit:Display: Running engine for game: AISafari
[2016.02.16-02.21.10:975][  0]LogInit:Display: RandInit(1305413960) SRandInit(1305413960).
[2016.02.16-02.21.10:975][  0]LogTaskGraph: Started task graph with 4 named threads and 7 total threads.
[2016.02.16-02.21.10:975][  0]LogStats: Stats thread started at 0.065226
[2016.02.16-02.21.10:975][  0]LogInit: Version: 4.9.2-2707645+++depot+UE4-Releases+4.9
[2016.02.16-02.21.10:975][  0]LogInit: API Version: 2672455
[2016.02.16-02.21.10:975][  0]LogInit: Compiled (64-bit): Sep 28 2015 10:25:44
[2016.02.16-02.21.10:975][  0]LogInit: Compiled with Visual C++: 18.00.21005.01
[2016.02.16-02.21.10:975][  0]LogInit: Build Configuration: Development
[2016.02.16-02.21.10:975][  0]LogInit: Branch Name: ++depot+UE4-Releases+4.9
[2016.02.16-02.21.10:975][  0]LogInit: Command line:  
[2016.02.16-02.21.10:975][  0]LogInit: Base directory: C:/Program Files (x86)/Epic Games/4.9/Engine/Binaries/Win64/
[2016.02.16-02.21.10:975][  0]LogInit: Rocket: 1
[2016.02.16-02.21.10:986][  0]LogInit: Using libcurl 7.41.0
[2016.02.16-02.21.10:986][  0]LogInit:  - built for x86_64-pc-win32
[2016.02.16-02.21.10:986][  0]LogInit:  - supports SSL with WinSSL
[2016.02.16-02.21.10:986][  0]LogInit:  - other features:
[2016.02.16-02.21.10:986][  0]LogInit:      CURL_VERSION_SSL
[2016.02.16-02.21.10:986][  0]LogInit:      CURL_VERSION_IPV6
[2016.02.16-02.21.10:986][  0]LogInit:      CURL_VERSION_ASYNCHDNS
[2016.02.16-02.21.10:986][  0]LogInit:      CURL_VERSION_LARGEFILE
[2016.02.16-02.21.10:986][  0]LogInit:      CURL_VERSION_IDN
[2016.02.16-02.21.10:986][  0]LogInit:  CurlRequestOptions (configurable via config and command line):
[2016.02.16-02.21.10:986][  0]LogInit:  - bVerifyPeer = true  - Libcurl will verify peer certificate
[2016.02.16-02.21.10:986][  0]LogInit:  - bUseHttpProxy = false  - Libcurl will NOT use HTTP proxy
[2016.02.16-02.21.10:986][  0]LogInit:  - bDontReuseConnections = false  - Libcurl will reuse connections
[2016.02.16-02.21.10:986][  0]LogInit:  - CertBundlePath = nullptr  - Libcurl will use whatever was configured at build time.
[2016.02.16-02.21.10:991][  0]LogInit: Presizing for 0 objects not considered by GC, pre-allocating 0 bytes.
[2016.02.16-02.21.10:995][  0]LogInit: Object subsystem initialized
[2016.02.16-02.21.10:996][  0]LogInit: Selected Device Profile: [Windows]
[2016.02.16-02.21.10:996][  0]LogInit: Applying CVar settings loaded from the selected device profile: [Windows]
[2016.02.16-02.21.11:002][  0]LogInit: Computer: ZEBRADESKTOP
[2016.02.16-02.21.11:002][  0]LogInit: User: Ryan
[2016.02.16-02.21.11:002][  0]LogInit: CPU Page size=4096, Cores=4
[2016.02.16-02.21.11:002][  0]LogInit: High frequency timer resolution =3.984648 MHz
[2016.02.16-02.21.11:002][  0]LogMemory: Memory total: Physical=15.9GB (16GB approx)
[2016.02.16-02.21.11:002][  0]LogMemory: Platform Memory Stats for Windows
[2016.02.16-02.21.11:002][  0]LogMemory: Process Physical Memory: 53.99 MB used, 53.99 MB peak
[2016.02.16-02.21.11:002][  0]LogMemory: Process Virtual Memory: 55.53 MB used, 55.53 MB peak
[2016.02.16-02.21.11:002][  0]LogMemory: Physical Memory: 6782.53 MB used, 16325.73 MB total
[2016.02.16-02.21.11:002][  0]LogMemory: Virtual Memory: 364.76 MB used, 134217728.00 MB total
[2016.02.16-02.21.11:027][  0]LogTextLocalizationManager: No specific translations for ('en-US') exist, so ('en') translations will be used.
[2016.02.16-02.21.11:548][  0]LogD3D11RHI: Found D3D11 adapter 0: NVIDIA GeForce GTX 780 (Feature Level 11_0)
[2016.02.16-02.21.11:548][  0]LogD3D11RHI: Adapter has 5971MB of dedicated video memory, 0MB of dedicated system memory, and 8162MB of shared system memory, 3 output[s]
[2016.02.16-02.21.11:549][  0]LogD3D11RHI: Found D3D11 adapter 1: Microsoft Basic Render Driver (Feature Level 11_0)
[2016.02.16-02.21.11:549][  0]LogD3D11RHI: Adapter has 0MB of dedicated video memory, 0MB of dedicated system memory, and 8162MB of shared system memory, 0 output[s]
[2016.02.16-02.21.11:549][  0]LogD3D11RHI: Chosen D3D11 Adapter Id = 0
[2016.02.16-02.21.11:555][  0]LogD3D11RHI: !Direct3DDevice
[2016.02.16-02.21.11:555][  0]LogRHI: Texture pool is 1361 MB (70% of 1945 MB)
[2016.02.16-02.21.11:566][  0]LogD3D11RHI: Async texture creation enabled
[2016.02.16-02.21.11:583][  0]LogShaderCompilers: Guid format shader working directory is 14 characters bigger than the processId version (Q:/Classes/3-2/AI/AISafari/Intermediate/Shaders/WorkingDirectory/39832/).
[2016.02.16-02.21.11:583][  0]LogShaderCompilers: Cleaned the shader compiler working directory 'Q:/Classes/3-2/AI/AISafari/Intermediate/Shaders/tmp/91257A0247825286C0D41C97B7D020AD/'.
[2016.02.16-02.21.11:583][  0]LogShaderCompilers:Display: Using Local Shader Compiler.
[2016.02.16-02.21.12:289][  0]LogTemp:Display: Loaded TP AllDesktopTargetPlatform
[2016.02.16-02.21.12:293][  0]LogTemp:Display: Loaded TP WindowsClientTargetPlatform
[2016.02.16-02.21.12:296][  0]LogTemp:Display: Loaded TP WindowsNoEditorTargetPlatform
[2016.02.16-02.21.12:300][  0]LogTemp:Display: Loaded TP WindowsServerTargetPlatform
[2016.02.16-02.21.12:304][  0]LogTemp:Display: Loaded TP WindowsTargetPlatform
[2016.02.16-02.21.12:306][  0]LogTemp:Display: Loaded TP AndroidTargetPlatform
[2016.02.16-02.21.12:308][  0]LogTemp:Display: Loaded TP Android_ASTCTargetPlatform
[2016.02.16-02.21.12:311][  0]LogTemp:Display: Loaded TP Android_ATCTargetPlatform
[2016.02.16-02.21.12:313][  0]LogTemp:Display: Loaded TP Android_DXTTargetPlatform
[2016.02.16-02.21.12:315][  0]LogTemp:Display: Loaded TP Android_ETC1TargetPlatform
[2016.02.16-02.21.12:317][  0]LogTemp:Display: Loaded TP Android_ETC2TargetPlatform
[2016.02.16-02.21.12:320][  0]LogTemp:Display: Loaded TP Android_PVRTCTargetPlatform
[2016.02.16-02.21.12:320][  0]LogTemp:Display: Loaded TP HTML5TargetPlatform
[2016.02.16-02.21.12:336][  0]LogTemp:Display: Loaded TP IOSTargetPlatform
[2016.02.16-02.21.12:338][  0]LogTemp:Display: Loaded TP LinuxNoEditorTargetPlatform
[2016.02.16-02.21.12:340][  0]LogTemp:Display: Loaded TP LinuxServerTargetPlatform
[2016.02.16-02.21.12:343][  0]LogTemp:Display: Loaded TP LinuxTargetPlatform
[2016.02.16-02.21.12:343][  0]LogTargetPlatformManager:Display: Building Assets For Windows
[2016.02.16-02.21.12:402][  0]LogDerivedDataCache:Display: Max Cache Size: 512 MB
[2016.02.16-02.21.12:434][  0]LogDerivedDataCache: Loaded boot cache 0.03s 41MB C:/Users/Ryan/AppData/Local/UnrealEngine/4.9/DerivedDataCache/Boot.ddc.
[2016.02.16-02.21.12:434][  0]LogDerivedDataCache:Display: Loaded Boot cache: C:/Users/Ryan/AppData/Local/UnrealEngine/4.9/DerivedDataCache/Boot.ddc
[2016.02.16-02.21.12:434][  0]LogDerivedDataCache: FDerivedDataBackendGraph:  Pak pak cache file Q:/Classes/3-2/AI/AISafari/DerivedDataCache/DDC.ddp not found, will not use a pak cache.
[2016.02.16-02.21.12:434][  0]LogDerivedDataCache: Unable to find inner node Pak for hierarchical cache Hierarchy.
[2016.02.16-02.21.12:434][  0]LogDerivedDataCache: FDerivedDataBackendGraph:  CompressedPak pak cache file Q:/Classes/3-2/AI/AISafari/DerivedDataCache/Compressed.ddp not found, will not use a pak cache.
[2016.02.16-02.21.12:434][  0]LogDerivedDataCache: Unable to find inner node CompressedPak for hierarchical cache Hierarchy.
[2016.02.16-02.21.12:544][  0]LogDerivedDataCache:Display: Pak cache opened for reading ../../../Engine/DerivedDataCache/Compressed.ddp.
[2016.02.16-02.21.12:555][  0]LogDerivedDataCache: Using Local data cache path C:/Users/Ryan/AppData/Local/UnrealEngine/Common/DerivedDataCache: Writable
[2016.02.16-02.21.12:670][  0]LogInit: Selected Device Profile: [Windows]
[2016.02.16-02.21.12:671][  0]LogContentStreaming: Texture pool size is 0.000000MB
[2016.02.16-02.21.12:750][  0]LogMeshUtilities: No automatic mesh reduction module available
[2016.02.16-02.21.12:750][  0]LogMeshUtilities: No automatic mesh merging module available
[2016.02.16-02.21.12:916][  0]LogInit: WinSock: version 1.1 (2.2), MaxSocks=32767, MaxUdp=65467
[2016.02.16-02.21.13:387][  0]UdpMessaging: Initializing bridge on interface 0.0.0.0:0 to multicast group 230.0.0.1:6666.
[2016.02.16-02.21.13:481][  0]LogAssetRegistry: FAssetRegistry took 0.0106 seconds to start up
[2016.02.16-02.21.13:585][  0]SourceControl: Info Source control is disabled
[2016.02.16-02.21.13:590][  0]SourceControl: Info Source control is disabled
[2016.02.16-02.21.13:600][  0]SourceControl: Info Source control is disabled
[2016.02.16-02.21.13:607][  0]SourceControl: Info Source control is disabled
[2016.02.16-02.21.13:697][  0]LogLinker:Warning: Asset '../../../Engine/Plugins/Runtime/LeapMotionController/Content/LM_PassthroughMaterial.uasset' has been saved with empty engine version. The asset will be loaded but may be incompatible.
[2016.02.16-02.21.13:748][  0]LogObj: 28380 objects as part of root set at end of initial load.
[2016.02.16-02.21.13:748][  0]LogUObjectAllocator: 6046584 out of 0 bytes used by permanent object pool.
[2016.02.16-02.21.13:789][  0]LogEngine: Initializing Engine...
[2016.02.16-02.21.13:790][  0]LogHMD: Can't find Oculus library dev build: is proper Runtime installed? Version: 0.7.0.0
[2016.02.16-02.21.13:790][  0]LogHMD: SteamVR failed to initialize.  Err: 110
[2016.02.16-02.21.13:873][  0]LogAIModule: Creating AISystem for world NewWorld
[2016.02.16-02.21.13:879][  0]LogInit: XAudio2 using 'Speakers (ASUS Xonar DGX Audio Device)' : 2 channels at 44.1 kHz using 16 bits per sample (channel mask 0x3)
[2016.02.16-02.21.13:883][  0]LogInit: FAudioDevice initialized.
[2016.02.16-02.21.13:900][  0]LogDerivedDataCache: Saved boot cache 0.02s 41MB C:/Users/Ryan/AppData/Local/UnrealEngine/4.9/DerivedDataCache/Boot.ddc.
[2016.02.16-02.21.13:904][  0]LogInit: Texture streaming: Enabled
[2016.02.16-02.21.13:909][  0]LogAnalytics: Creating configured Analytics provider AnalyticsET
[2016.02.16-02.21.13:909][  0]LogAnalytics: [UEEditor.Rocket.Release] APIServer = http://et2.epicgames.com/ET2/. AppVersion = 4.9.2-2707645+++depot+UE4-Releases+4.9
[2016.02.16-02.21.13:909][  0]LogAnalytics: [UEEditor.Rocket.Release] SetUserId d1f9beca401d8fe412e57fa88e66abb9|85745c8591404a23957796735eaccf05|defee072-9da8-4f68-a06a-f65b3a6c30bf
[2016.02.16-02.21.13:909][  0]LogAnalytics: [UEEditor.Rocket.Release] AnalyticsET::StartSession
[2016.02.16-02.21.13:936][  0]LogInit: Transaction tracking system initialized
[2016.02.16-02.21.13:957][  0]BlueprintLog: New page: Editor Load
[2016.02.16-02.21.14:019][  0]LocalizationService: Info Localization service is disabled
[2016.02.16-02.21.14:080][  0]LogConsoleResponse:Display: 
[2016.02.16-02.21.14:176][  0]LogCook:Display: Done creating registry. It took  0.00s.
[2016.02.16-02.21.14:227][  0]LogFileCache: Scanning file cache for directory 'Q:/Classes/3-2/AI/AISafari/Content/' took 0.01s
[2016.02.16-02.21.14:227][  0]SourceControl: Info Source control is disabled
[2016.02.16-02.21.14:228][  0]Cmd: MAP LOAD FILE="Q:/Classes/3-2/AI/AISafari/Content/StarterContent/Maps/Minimal_Default.umap" TEMPLATE=0 SHOWPROGRESS=1 FEATURELEVEL=3
[2016.02.16-02.21.14:228][  0]LightingResults: New page: Lighting Build
[2016.02.16-02.21.14:230][  0]MapCheck: New page: Map Check
[2016.02.16-02.21.14:230][  0]LightingResults: New page: Lighting Build
[2016.02.16-02.21.14:241][  0]LogParticles: Destroying 0 GPU particle simulations for FXSystem 0x0000007585F67CE0
[2016.02.16-02.21.14:442][  0]LogAIModule: Creating AISystem for world Minimal_Default
[2016.02.16-02.21.14:447][  0]LogEditorServer: Finished looking for orphan Actors (0.000 secs)
[2016.02.16-02.21.14:447][  0]Cmd: MAP CHECKDEP NOCLEARLOG
[2016.02.16-02.21.14:482][  0]MapCheck: Info Map check complete: 0 Error(s), 0 Warning(s), took 34.543ms to complete.
[2016.02.16-02.21.14:482][  0]LogFileHelpers: Loading map 'Minimal_Default' took 0.255
[2016.02.16-02.21.14:603][  0]LogCollectionManager: Loaded 0 collections in 0.001448 seconds
[2016.02.16-02.21.14:645][  0]LogFileCache: Scanning file cache for directory 'Q:/Classes/3-2/AI/AISafari/Saved/Collections/' took 0.01s
[2016.02.16-02.21.14:645][  0]LogFileCache: Scanning file cache for directory 'Q:/Classes/3-2/AI/AISafari/Content/Developers/Ryan/Collections/' took 0.01s
[2016.02.16-02.21.14:645][  0]LogFileCache: Scanning file cache for directory 'Q:/Classes/3-2/AI/AISafari/Content/Collections/' took 0.01s
[2016.02.16-02.21.14:645][  0]LogContentBrowser: Native class hierarchy populated in 0.0076 seconds. Added 1871 classes and 336 folders.
[2016.02.16-02.21.14:663][  0]LogCollectionManager: Rebuilt the GUID cache for 0 collections in 0.000003 seconds
[2016.02.16-02.21.14:672][  0]LogContentBrowser: Native class hierarchy updated for 'WidgetCarousel' in 0.0013 seconds. Added 0 classes and 0 folders.
[2016.02.16-02.21.14:709][  0]LogContentBrowser: Native class hierarchy updated for 'AddContentDialog' in 0.0014 seconds. Added 0 classes and 0 folders.
[2016.02.16-02.21.14:715][  0]LogContentBrowser: Native class hierarchy updated for 'SceneOutliner' in 0.0013 seconds. Added 1 classes and 2 folders.
[2016.02.16-02.21.14:733][  0]LogCrashTracker: Crashtracker disabled due to settings.
[2016.02.16-02.21.14:738][  0]LogUObjectGlobals:Warning: Failed to find object 'Class None.'
[2016.02.16-02.21.14:760][  0]LogLoad: Full Startup: 4.36 seconds (BP compile: 0.04 seconds)
[2016.02.16-02.21.14:813][  0]LogContentStreaming: Texture pool size now 1000 MB
[2016.02.16-02.21.14:912][  0]LogRenderer: Reallocating scene render targets to support 1208x600 (Frame:2).
[2016.02.16-02.21.15:108][  3]LogAssetRegistry: Asset discovery search completed in 1.6375 seconds
[2016.02.16-02.21.15:108][  3]LogCollectionManager: Rebuilt the object cache for 0 collections in 0.000001 seconds (found 0 objects)
[2016.02.16-02.21.15:108][  3]LogCollectionManager: Fixed up redirectors for 0 collections in 0.000024 seconds (updated 0 objects)
[2016.02.16-02.21.19:696][548]LogEditorViewport: Clicking on Actor (LMB): BP_FlockerManagerBase_C (BP_FlockerManagerBase)
[2016.02.16-02.21.25:937][285]Cmd: OBJ SAVEPACKAGE PACKAGE="/Game/StarterContent/Maps/Minimal_Default" FILE="Q:/Classes/3-2/AI/AISafari/Content/StarterContent/Maps/Minimal_Default.umap" SILENT=true AUTOSAVING=false KEEPDIRTY=false
[2016.02.16-02.21.25:985][285]LogSavePackage: Save=35.809437ms
[2016.02.16-02.21.25:985][285]LogSavePackage: Moving 'Q:/Classes/3-2/AI/AISafari/Saved/Minimal_DefaultED18B9484234E632C5A1F58ABB22CF57.tmp' to 'Q:/Classes/3-2/AI/AISafari/Content/StarterContent/Maps/Minimal_Default.umap'
[2016.02.16-02.21.25:987][285]LogSavePackage: Total save time: 42.141739ms
[2016.02.16-02.21.25:987][285]LogSavePackage:Warning: Finished SavePackage Q:/Classes/3-2/AI/AISafari/Content/StarterContent/Maps/Minimal_Default.umap
[2016.02.16-02.21.26:002][285]LogFileHelpers: Saving map 'Minimal_Default' took 0.095
[2016.02.16-02.22.21:977][109]LogBlueprintUserMessages: Early PlayInEditor Detection: Level '/Game/StarterContent/Maps/Minimal_Default.Minimal_Default:PersistentLevel' has LevelScriptBlueprint '/Game/StarterContent/Maps/Minimal_Default.Minimal_Default:PersistentLevel.Minimal_Default' with GeneratedClass '/Game/StarterContent/Maps/Minimal_Default.Minimal_Default_C' with ClassGeneratedBy '/Game/StarterContent/Maps/Minimal_Default.Minimal_Default:PersistentLevel.Minimal_Default'
[2016.02.16-02.22.21:977][109]LogPlayLevel: PlayLevel: No blueprints needed recompiling
[2016.02.16-02.22.21:977][109]PIE: New page: PIE session: Minimal_Default (Feb 15, 2016, 4:22:21 PM)
[2016.02.16-02.22.21:977][109]LogPlayLevel: Creating play world package: /Game/StarterContent/Maps/UEDPIE_0_Minimal_Default
[2016.02.16-02.22.21:982][109]LogPlayLevel: PIE: StaticDuplicateObject took: (0.005034s)
[2016.02.16-02.22.21:982][109]LogAIModule: Creating AISystem for world Minimal_Default
[2016.02.16-02.22.21:982][109]LogPlayLevel: PIE: World Init took: (0.000480s)
[2016.02.16-02.22.21:982][109]LogPlayLevel: PIE: Created PIE world by copying editor world from /Game/StarterContent/Maps/Minimal_Default.Minimal_Default to /Game/StarterContent/Maps/UEDPIE_0_Minimal_Default.Minimal_Default (0.005667s)
[2016.02.16-02.22.21:995][109]LogInit: XAudio2 using 'Speakers (ASUS Xonar DGX Audio Device)' : 2 channels at 44.1 kHz using 16 bits per sample (channel mask 0x3)
[2016.02.16-02.22.21:998][109]LogInit: FAudioDevice initialized.
[2016.02.16-02.22.22:041][109]LogWorld: Game class is 'AISafariGameMode'
[2016.02.16-02.22.22:043][109]LogWorld: Bringing World /Game/StarterContent/Maps/UEDPIE_0_Minimal_Default.Minimal_Default up for play (max tick rate 0) at 2016.02.15-21.22.22
[2016.02.16-02.22.22:043][109]LogActor:Warning: GameSession /Game/StarterContent/Maps/UEDPIE_0_Minimal_Default.Minimal_Default:PersistentLevel.GameSession_0 has natively added scene component(s), but none of them were set as the actor's RootComponent - picking one arbitrarily
[2016.02.16-02.22.22:043][109]LogActor:Warning: GameNetworkManager /Game/StarterContent/Maps/UEDPIE_0_Minimal_Default.Minimal_Default:PersistentLevel.GameNetworkManager_0 has natively added scene component(s), but none of them were set as the actor's RootComponent - picking one arbitrarily
[2016.02.16-02.22.22:044][109]LogWorld: Bringing up level for play took: 0.001601
[2016.02.16-02.22.22:064][109]PIE: Info Play in editor start time for /Game/StarterContent/Maps/UEDPIE_0_Minimal_Default 0.89
[2016.02.16-02.22.22:064][109]LogBlueprintUserMessages: Late PlayInEditor Detection: Level '/Game/StarterContent/Maps/Minimal_Default.Minimal_Default:PersistentLevel' has LevelScriptBlueprint '/Game/StarterContent/Maps/Minimal_Default.Minimal_Default:PersistentLevel.Minimal_Default' with GeneratedClass '/Game/StarterContent/Maps/Minimal_Default.Minimal_Default_C' with ClassGeneratedBy '/Game/StarterContent/Maps/Minimal_Default.Minimal_Default:PersistentLevel.Minimal_Default'
[2016.02.16-02.22.40:184][478]LogBlueprintUserMessages: Early EndPlayMap Detection: Level '/Game/StarterContent/Maps/Minimal_Default.Minimal_Default:PersistentLevel' has LevelScriptBlueprint '/Game/StarterContent/Maps/Minimal_Default.Minimal_Default:PersistentLevel.Minimal_Default' with GeneratedClass '/Game/StarterContent/Maps/Minimal_Default.Minimal_Default_C' with ClassGeneratedBy '/Game/StarterContent/Maps/Minimal_Default.Minimal_Default:PersistentLevel.Minimal_Default'
[2016.02.16-02.22.40:226][478]LogBlueprintUserMessages: Late EndPlayMap Detection: Level '/Game/StarterContent/Maps/Minimal_Default.Minimal_Default:PersistentLevel' has LevelScriptBlueprint '/Game/StarterContent/Maps/Minimal_Default.Minimal_Default:PersistentLevel.Minimal_Default' with GeneratedClass '/Game/StarterContent/Maps/Minimal_Default.Minimal_Default_C' with ClassGeneratedBy '/Game/StarterContent/Maps/Minimal_Default.Minimal_Default:PersistentLevel.Minimal_Default'
[2016.02.16-02.22.40:238][478]LogParticles: Destroying 0 GPU particle simulations for FXSystem 0x00000075F03DBCE0
[2016.02.16-02.22.45:145][ 61]LogBlueprintUserMessages: Early PlayInEditor Detection: Level '/Game/StarterContent/Maps/Minimal_Default.Minimal_Default:PersistentLevel' has LevelScriptBlueprint '/Game/StarterContent/Maps/Minimal_Default.Minimal_Default:PersistentLevel.Minimal_Default' with GeneratedClass '/Game/StarterContent/Maps/Minimal_Default.Minimal_Default_C' with ClassGeneratedBy '/Game/StarterContent/Maps/Minimal_Default.Minimal_Default:PersistentLevel.Minimal_Default'
[2016.02.16-02.22.45:145][ 61]LogPlayLevel: PlayLevel: No blueprints needed recompiling
[2016.02.16-02.22.45:145][ 61]PIE: New page: PIE session: Minimal_Default (Feb 15, 2016, 4:22:45 PM)
[2016.02.16-02.22.45:145][ 61]LogPlayLevel: Creating play world package: /Game/StarterContent/Maps/UEDPIE_0_Minimal_Default
[2016.02.16-02.22.45:150][ 61]LogPlayLevel: PIE: StaticDuplicateObject took: (0.004306s)
[2016.02.16-02.22.45:150][ 61]LogAIModule: Creating AISystem for world Minimal_Default
[2016.02.16-02.22.45:150][ 61]LogPlayLevel: PIE: World Init took: (0.000500s)
[2016.02.16-02.22.45:150][ 61]LogPlayLevel: PIE: Created PIE world by copying editor world from /Game/StarterContent/Maps/Minimal_Default.Minimal_Default to /Game/StarterContent/Maps/UEDPIE_0_Minimal_Default.Minimal_Default (0.004967s)
[2016.02.16-02.22.45:164][ 61]LogInit: XAudio2 using 'Speakers (ASUS Xonar DGX Audio Device)' : 2 channels at 44.1 kHz using 16 bits per sample (channel mask 0x3)
[2016.02.16-02.22.45:166][ 61]LogInit: FAudioDevice initialized.
[2016.02.16-02.22.45:201][ 61]LogWorld: Game class is 'AISafariGameMode'
[2016.02.16-02.22.45:203][ 61]LogWorld: Bringing World /Game/StarterContent/Maps/UEDPIE_0_Minimal_Default.Minimal_Default up for play (max tick rate 0) at 2016.02.15-21.22.45
[2016.02.16-02.22.45:203][ 61]LogActor:Warning: GameSession /Game/StarterContent/Maps/UEDPIE_0_Minimal_Default.Minimal_Default:PersistentLevel.GameSession_1 has natively added scene component(s), but none of them were set as the actor's RootComponent - picking one arbitrarily
[2016.02.16-02.22.45:203][ 61]LogActor:Warning: GameNetworkManager /Game/StarterContent/Maps/UEDPIE_0_Minimal_Default.Minimal_Default:PersistentLevel.GameNetworkManager_1 has natively added scene component(s), but none of them were set as the actor's RootComponent - picking one arbitrarily
[2016.02.16-02.22.45:203][ 61]LogWorld: Bringing up level for play took: 0.001497
[2016.02.16-02.22.45:308][ 61]PIE: Info Play in editor start time for /Game/StarterContent/Maps/UEDPIE_0_Minimal_Default 0.134
[2016.02.16-02.22.45:308][ 61]LogBlueprintUserMessages: Late PlayInEditor Detection: Level '/Game/StarterContent/Maps/Minimal_Default.Minimal_Default:PersistentLevel' has LevelScriptBlueprint '/Game/StarterContent/Maps/Minimal_Default.Minimal_Default:PersistentLevel.Minimal_Default' with GeneratedClass '/Game/StarterContent/Maps/Minimal_Default.Minimal_Default_C' with ClassGeneratedBy '/Game/StarterContent/Maps/Minimal_Default.Minimal_Default:PersistentLevel.Minimal_Default'
[2016.02.16-02.23.21:053][915]LogBlueprintUserMessages: Early EndPlayMap Detection: Level '/Game/StarterContent/Maps/Minimal_Default.Minimal_Default:PersistentLevel' has LevelScriptBlueprint '/Game/StarterContent/Maps/Minimal_Default.Minimal_Default:PersistentLevel.Minimal_Default' with GeneratedClass '/Game/StarterContent/Maps/Minimal_Default.Minimal_Default_C' with ClassGeneratedBy '/Game/StarterContent/Maps/Minimal_Default.Minimal_Default:PersistentLevel.Minimal_Default'
[2016.02.16-02.23.21:124][915]LogBlueprintUserMessages: Late EndPlayMap Detection: Level '/Game/StarterContent/Maps/Minimal_Default.Minimal_Default:PersistentLevel' has LevelScriptBlueprint '/Game/StarterContent/Maps/Minimal_Default.Minimal_Default:PersistentLevel.Minimal_Default' with GeneratedClass '/Game/StarterContent/Maps/Minimal_Default.Minimal_Default_C' with ClassGeneratedBy '/Game/StarterContent/Maps/Minimal_Default.Minimal_Default:PersistentLevel.Minimal_Default'
[2016.02.16-02.23.21:143][915]LogParticles: Destroying 0 GPU particle simulations for FXSystem 0x00000075BC4B0AE0
[2016.02.16-02.23.31:535][345]LogBlueprintUserMessages: Early PlayInEditor Detection: Level '/Game/StarterContent/Maps/Minimal_Default.Minimal_Default:PersistentLevel' has LevelScriptBlueprint '/Game/StarterContent/Maps/Minimal_Default.Minimal_Default:PersistentLevel.Minimal_Default' with GeneratedClass '/Game/StarterContent/Maps/Minimal_Default.Minimal_Default_C' with ClassGeneratedBy '/Game/StarterContent/Maps/Minimal_Default.Minimal_Default:PersistentLevel.Minimal_Default'
[2016.02.16-02.23.31:535][345]LogPlayLevel: PlayLevel: No blueprints needed recompiling
[2016.02.16-02.23.31:536][345]PIE: New page: PIE session: Minimal_Default (Feb 15, 2016, 4:23:31 PM)
[2016.02.16-02.23.31:536][345]LogPlayLevel: Creating play world package: /Game/StarterContent/Maps/UEDPIE_0_Minimal_Default
[2016.02.16-02.23.31:540][345]LogPlayLevel: PIE: StaticDuplicateObject took: (0.004199s)
[2016.02.16-02.23.31:540][345]LogAIModule: Creating AISystem for world Minimal_Default
[2016.02.16-02.23.31:540][345]LogPlayLevel: PIE: World Init took: (0.000489s)
[2016.02.16-02.23.31:540][345]LogPlayLevel: PIE: Created PIE world by copying editor world from /Game/StarterContent/Maps/Minimal_Default.Minimal_Default to /Game/StarterContent/Maps/UEDPIE_0_Minimal_Default.Minimal_Default (0.004826s)
[2016.02.16-02.23.31:554][345]LogInit: XAudio2 using 'Speakers (ASUS Xonar DGX Audio Device)' : 2 channels at 44.1 kHz using 16 bits per sample (channel mask 0x3)
[2016.02.16-02.23.31:556][345]LogInit: FAudioDevice initialized.
[2016.02.16-02.23.31:585][345]LogWorld: Game class is 'AISafariGameMode'
[2016.02.16-02.23.31:587][345]LogWorld: Bringing World /Game/StarterContent/Maps/UEDPIE_0_Minimal_Default.Minimal_Default up for play (max tick rate 0) at 2016.02.15-21.23.31
[2016.02.16-02.23.31:587][345]LogActor:Warning: GameSession /Game/StarterContent/Maps/UEDPIE_0_Minimal_Default.Minimal_Default:PersistentLevel.GameSession_2 has natively added scene component(s), but none of them were set as the actor's RootComponent - picking one arbitrarily
[2016.02.16-02.23.31:587][345]LogActor:Warning: GameNetworkManager /Game/StarterContent/Maps/UEDPIE_0_Minimal_Default.Minimal_Default:PersistentLevel.GameNetworkManager_2 has natively added scene component(s), but none of them were set as the actor's RootComponent - picking one arbitrarily
[2016.02.16-02.23.31:587][345]LogWorld: Bringing up level for play took: 0.001572
[2016.02.16-02.23.31:690][345]PIE: Info Play in editor start time for /Game/StarterContent/Maps/UEDPIE_0_Minimal_Default 0.516
[2016.02.16-02.23.31:690][345]LogBlueprintUserMessages: Late PlayInEditor Detection: Level '/Game/StarterContent/Maps/Minimal_Default.Minimal_Default:PersistentLevel' has LevelScriptBlueprint '/Game/StarterContent/Maps/Minimal_Default.Minimal_Default:PersistentLevel.Minimal_Default' with GeneratedClass '/Game/StarterContent/Maps/Minimal_Default.Minimal_Default_C' with ClassGeneratedBy '/Game/StarterContent/Maps/Minimal_Default.Minimal_Default:PersistentLevel.Minimal_Default'
[2016.02.16-02.24.28:592][625]LogBlueprintUserMessages: Early EndPlayMap Detection: Level '/Game/StarterContent/Maps/Minimal_Default.Minimal_Default:PersistentLevel' has LevelScriptBlueprint '/Game/StarterContent/Maps/Minimal_Default.Minimal_Default:PersistentLevel.Minimal_Default' with GeneratedClass '/Game/StarterContent/Maps/Minimal_Default.Minimal_Default_C' with ClassGeneratedBy '/Game/StarterContent/Maps/Minimal_Default.Minimal_Default:PersistentLevel.Minimal_Default'
[2016.02.16-02.24.28:666][625]LogBlueprintUserMessages: Late EndPlayMap Detection: Level '/Game/StarterContent/Maps/Minimal_Default.Minimal_Default:PersistentLevel' has LevelScriptBlueprint '/Game/StarterContent/Maps/Minimal_Default.Minimal_Default:PersistentLevel.Minimal_Default' with GeneratedClass '/Game/StarterContent/Maps/Minimal_Default.Minimal_Default_C' with ClassGeneratedBy '/Game/StarterContent/Maps/Minimal_Default.Minimal_Default:PersistentLevel.Minimal_Default'
[2016.02.16-02.24.28:687][625]LogParticles: Destroying 0 GPU particle simulations for FXSystem 0x00000075BC611EE0
[2016.02.16-02.24.30:737][859]LogLinker:Warning: Asset '../../../Engine/Content/ArtTools/RenderToTexture/Macros/RenderToTextureMacros.uasset' has been saved with empty engine version. The asset will be loaded but may be incompatible.
[2016.02.16-02.24.31:103][859]LogContentBrowser: Native class hierarchy updated for 'BlueprintGraph' in 0.0011 seconds. Added 107 classes and 0 folders.
[2016.02.16-02.24.40:561][906]BlueprintLog: New page: Compile BP_FlockerBase
[2016.02.16-02.24.40:608][906]BlueprintEditorCompileResults: Info [0210.21] Compile of BP_FlockerBase successful! [in 47 ms]
[2016.02.16-02.24.41:665][ 26]LogBlueprintUserMessages: Early PlayInEditor Detection: Level '/Game/StarterContent/Maps/Minimal_Default.Minimal_Default:PersistentLevel' has LevelScriptBlueprint '/Game/StarterContent/Maps/Minimal_Default.Minimal_Default:PersistentLevel.Minimal_Default' with GeneratedClass '/Game/StarterContent/Maps/Minimal_Default.Minimal_Default_C' with ClassGeneratedBy '/Game/StarterContent/Maps/Minimal_Default.Minimal_Default:PersistentLevel.Minimal_Default'
[2016.02.16-02.24.41:666][ 26]LogPlayLevel: PlayLevel: No blueprints needed recompiling
[2016.02.16-02.24.41:666][ 26]PIE: New page: PIE session: Minimal_Default (Feb 15, 2016, 4:24:41 PM)
[2016.02.16-02.24.41:666][ 26]LogPlayLevel: Creating play world package: /Game/StarterContent/Maps/UEDPIE_0_Minimal_Default
[2016.02.16-02.24.41:670][ 26]LogPlayLevel: PIE: StaticDuplicateObject took: (0.004535s)
[2016.02.16-02.24.41:671][ 26]LogAIModule: Creating AISystem for world Minimal_Default
[2016.02.16-02.24.41:671][ 26]LogPlayLevel: PIE: World Init took: (0.000464s)
[2016.02.16-02.24.41:671][ 26]LogPlayLevel: PIE: Created PIE world by copying editor world from /Game/StarterContent/Maps/Minimal_Default.Minimal_Default to /Game/StarterContent/Maps/UEDPIE_0_Minimal_Default.Minimal_Default (0.005159s)
[2016.02.16-02.24.41:697][ 26]LogInit: XAudio2 using 'Speakers (ASUS Xonar DGX Audio Device)' : 2 channels at 44.1 kHz using 16 bits per sample (channel mask 0x3)
[2016.02.16-02.24.41:699][ 26]LogInit: FAudioDevice initialized.
[2016.02.16-02.24.41:732][ 26]LogWorld: Game class is 'AISafariGameMode'
[2016.02.16-02.24.41:734][ 26]LogWorld: Bringing World /Game/StarterContent/Maps/UEDPIE_0_Minimal_Default.Minimal_Default up for play (max tick rate 0) at 2016.02.15-21.24.41
[2016.02.16-02.24.41:734][ 26]LogActor:Warning: GameSession /Game/StarterContent/Maps/UEDPIE_0_Minimal_Default.Minimal_Default:PersistentLevel.GameSession_3 has natively added scene component(s), but none of them were set as the actor's RootComponent - picking one arbitrarily
[2016.02.16-02.24.41:734][ 26]LogActor:Warning: GameNetworkManager /Game/StarterContent/Maps/UEDPIE_0_Minimal_Default.Minimal_Default:PersistentLevel.GameNetworkManager_3 has natively added scene component(s), but none of them were set as the actor's RootComponent - picking one arbitrarily
[2016.02.16-02.24.41:734][ 26]LogWorld: Bringing up level for play took: 0.001488
[2016.02.16-02.24.41:784][ 26]PIE: Info Play in editor start time for /Game/StarterContent/Maps/UEDPIE_0_Minimal_Default 0.61
[2016.02.16-02.24.41:784][ 26]LogBlueprintUserMessages: Late PlayInEditor Detection: Level '/Game/StarterContent/Maps/Minimal_Default.Minimal_Default:PersistentLevel' has LevelScriptBlueprint '/Game/StarterContent/Maps/Minimal_Default.Minimal_Default:PersistentLevel.Minimal_Default' with GeneratedClass '/Game/StarterContent/Maps/Minimal_Default.Minimal_Default_C' with ClassGeneratedBy '/Game/StarterContent/Maps/Minimal_Default.Minimal_Default:PersistentLevel.Minimal_Default'
[2016.02.16-02.25.24:570][300]LogBlueprintUserMessages: Early EndPlayMap Detection: Level '/Game/StarterContent/Maps/Minimal_Default.Minimal_Default:PersistentLevel' has LevelScriptBlueprint '/Game/StarterContent/Maps/Minimal_Default.Minimal_Default:PersistentLevel.Minimal_Default' with GeneratedClass '/Game/StarterContent/Maps/Minimal_Default.Minimal_Default_C' with ClassGeneratedBy '/Game/StarterContent/Maps/Minimal_Default.Minimal_Default:PersistentLevel.Minimal_Default'
[2016.02.16-02.25.24:606][300]LogBlueprintUserMessages: Late EndPlayMap Detection: Level '/Game/StarterContent/Maps/Minimal_Default.Minimal_Default:PersistentLevel' has LevelScriptBlueprint '/Game/StarterContent/Maps/Minimal_Default.Minimal_Default:PersistentLevel.Minimal_Default' with GeneratedClass '/Game/StarterContent/Maps/Minimal_Default.Minimal_Default_C' with ClassGeneratedBy '/Game/StarterContent/Maps/Minimal_Default.Minimal_Default:PersistentLevel.Minimal_Default'
[2016.02.16-02.25.24:626][300]LogParticles: Destroying 0 GPU particle simulations for FXSystem 0x00000075AE8EB100
[2016.02.16-02.25.35:749][811]LogHotReload: New module detected: UE4Editor-AISafari-8098.dll
[2016.02.16-02.25.36:095][813]LogHotReload: Starting Hot-Reload from IDE
[2016.02.16-02.25.36:156][813]LogContentBrowser: Native class hierarchy updated for 'AISafari' in 0.0010 seconds. Added 4 classes and 3 folders.
[2016.02.16-02.25.36:158][813]Warning: HotReload successful (0 functions remapped  0 scriptstructs remapped)
[2016.02.16-02.25.36:460][813]LogContentBrowser: Native class hierarchy populated in 0.0059 seconds. Added 1872 classes and 338 folders.
[2016.02.16-02.25.38:842][822]LogBlueprintUserMessages: Early PlayInEditor Detection: Level '/Game/StarterContent/Maps/Minimal_Default.Minimal_Default:PersistentLevel' has LevelScriptBlueprint '/Game/StarterContent/Maps/Minimal_Default.Minimal_Default:PersistentLevel.Minimal_Default' with GeneratedClass '/Game/StarterContent/Maps/Minimal_Default.Minimal_Default_C' with ClassGeneratedBy '/Game/StarterContent/Maps/Minimal_Default.Minimal_Default:PersistentLevel.Minimal_Default'
[2016.02.16-02.25.38:842][822]LogPlayLevel: PlayLevel: No blueprints needed recompiling
[2016.02.16-02.25.38:842][822]PIE: New page: PIE session: Minimal_Default (Feb 15, 2016, 4:25:38 PM)
[2016.02.16-02.25.38:842][822]LogPlayLevel: Creating play world package: /Game/StarterContent/Maps/UEDPIE_0_Minimal_Default
[2016.02.16-02.25.38:848][822]LogPlayLevel: PIE: StaticDuplicateObject took: (0.006123s)
[2016.02.16-02.25.38:849][822]LogAIModule: Creating AISystem for world Minimal_Default
[2016.02.16-02.25.38:849][822]LogPlayLevel: PIE: World Init took: (0.000593s)
[2016.02.16-02.25.38:849][822]LogPlayLevel: PIE: Created PIE world by copying editor world from /Game/StarterContent/Maps/Minimal_Default.Minimal_Default to /Game/StarterContent/Maps/UEDPIE_0_Minimal_Default.Minimal_Default (0.006871s)
[2016.02.16-02.25.38:901][822]LogInit: XAudio2 using 'Speakers (ASUS Xonar DGX Audio Device)' : 2 channels at 44.1 kHz using 16 bits per sample (channel mask 0x3)
[2016.02.16-02.25.38:904][822]LogInit: FAudioDevice initialized.
[2016.02.16-02.25.38:934][822]LogWorld: Game class is 'AISafariGameMode'
[2016.02.16-02.25.38:936][822]LogWorld: Bringing World /Game/StarterContent/Maps/UEDPIE_0_Minimal_Default.Minimal_Default up for play (max tick rate 0) at 2016.02.15-21.25.38
[2016.02.16-02.25.38:936][822]LogActor:Warning: GameSession /Game/StarterContent/Maps/UEDPIE_0_Minimal_Default.Minimal_Default:PersistentLevel.GameSession_4 has natively added scene component(s), but none of them were set as the actor's RootComponent - picking one arbitrarily
[2016.02.16-02.25.38:936][822]LogActor:Warning: GameNetworkManager /Game/StarterContent/Maps/UEDPIE_0_Minimal_Default.Minimal_Default:PersistentLevel.GameNetworkManager_4 has natively added scene component(s), but none of them were set as the actor's RootComponent - picking one arbitrarily
[2016.02.16-02.25.38:936][822]LogWorld: Bringing up level for play took: 0.001471
[2016.02.16-02.25.38:985][822]PIE: Info Play in editor start time for /Game/StarterContent/Maps/UEDPIE_0_Minimal_Default -0.189
[2016.02.16-02.25.38:985][822]LogBlueprintUserMessages: Late PlayInEditor Detection: Level '/Game/StarterContent/Maps/Minimal_Default.Minimal_Default:PersistentLevel' has LevelScriptBlueprint '/Game/StarterContent/Maps/Minimal_Default.Minimal_Default:PersistentLevel.Minimal_Default' with GeneratedClass '/Game/StarterContent/Maps/Minimal_Default.Minimal_Default_C' with ClassGeneratedBy '/Game/StarterContent/Maps/Minimal_Default.Minimal_Default:PersistentLevel.Minimal_Default'
[2016.02.16-02.27.30:005][370]LogBlueprintUserMessages: Early EndPlayMap Detection: Level '/Game/StarterContent/Maps/Minimal_Default.Minimal_Default:PersistentLevel' has LevelScriptBlueprint '/Game/StarterContent/Maps/Minimal_Default.Minimal_Default:PersistentLevel.Minimal_Default' with GeneratedClass '/Game/StarterContent/Maps/Minimal_Default.Minimal_Default_C' with ClassGeneratedBy '/Game/StarterContent/Maps/Minimal_Default.Minimal_Default:PersistentLevel.Minimal_Default'
[2016.02.16-02.27.30:045][370]LogBlueprintUserMessages: Late EndPlayMap Detection: Level '/Game/StarterContent/Maps/Minimal_Default.Minimal_Default:PersistentLevel' has LevelScriptBlueprint '/Game/StarterContent/Maps/Minimal_Default.Minimal_Default:PersistentLevel.Minimal_Default' with GeneratedClass '/Game/StarterContent/Maps/Minimal_Default.Minimal_Default_C' with ClassGeneratedBy '/Game/StarterContent/Maps/Minimal_Default.Minimal_Default:PersistentLevel.Minimal_Default'
[2016.02.16-02.27.30:070][370]LogParticles: Destroying 0 GPU particle simulations for FXSystem 0x000000761CA56D40
[2016.02.16-02.27.35:834][ 38]LogBlueprintUserMessages: Early PlayInEditor Detection: Level '/Game/StarterContent/Maps/Minimal_Default.Minimal_Default:PersistentLevel' has LevelScriptBlueprint '/Game/StarterContent/Maps/Minimal_Default.Minimal_Default:PersistentLevel.Minimal_Default' with GeneratedClass '/Game/StarterContent/Maps/Minimal_Default.Minimal_Default_C' with ClassGeneratedBy '/Game/StarterContent/Maps/Minimal_Default.Minimal_Default:PersistentLevel.Minimal_Default'
[2016.02.16-02.27.35:835][ 38]BlueprintLog: New page: Pre-Play auto-recompile
[2016.02.16-02.27.35:837][ 38]LogPlayLevel: [PlayLevel] Compiling BP_FlockerBase before play...
[2016.02.16-02.27.35:873][ 38]LogPlayLevel: PlayLevel: Blueprint regeneration took 38 ms (1 blueprints)
[2016.02.16-02.27.35:902][ 38]PIE: New page: PIE session: Minimal_Default (Feb 15, 2016, 4:27:35 PM)
[2016.02.16-02.27.35:902][ 38]LogPlayLevel: Creating play world package: /Game/StarterContent/Maps/UEDPIE_0_Minimal_Default
[2016.02.16-02.27.35:910][ 38]LogPlayLevel: PIE: StaticDuplicateObject took: (0.007307s)
[2016.02.16-02.27.35:910][ 38]LogAIModule: Creating AISystem for world Minimal_Default
[2016.02.16-02.27.35:911][ 38]LogPlayLevel: PIE: World Init took: (0.000935s)
[2016.02.16-02.27.35:911][ 38]LogPlayLevel: PIE: Created PIE world by copying editor world from /Game/StarterContent/Maps/Minimal_Default.Minimal_Default to /Game/StarterContent/Maps/UEDPIE_0_Minimal_Default.Minimal_Default (0.008482s)
[2016.02.16-02.27.35:942][ 38]LogInit: XAudio2 using 'Speakers (ASUS Xonar DGX Audio Device)' : 2 channels at 44.1 kHz using 16 bits per sample (channel mask 0x3)
[2016.02.16-02.27.35:945][ 38]LogInit: FAudioDevice initialized.
[2016.02.16-02.27.35:976][ 38]LogWorld: Game class is 'AISafariGameMode'
[2016.02.16-02.27.35:978][ 38]LogWorld: Bringing World /Game/StarterContent/Maps/UEDPIE_0_Minimal_Default.Minimal_Default up for play (max tick rate 0) at 2016.02.15-21.27.35
[2016.02.16-02.27.35:978][ 38]LogActor:Warning: GameSession /Game/StarterContent/Maps/UEDPIE_0_Minimal_Default.Minimal_Default:PersistentLevel.GameSession_5 has natively added scene component(s), but none of them were set as the actor's RootComponent - picking one arbitrarily
[2016.02.16-02.27.35:978][ 38]LogActor:Warning: GameNetworkManager /Game/StarterContent/Maps/UEDPIE_0_Minimal_Default.Minimal_Default:PersistentLevel.GameNetworkManager_5 has natively added scene component(s), but none of them were set as the actor's RootComponent - picking one arbitrarily
[2016.02.16-02.27.35:978][ 38]LogWorld: Bringing up level for play took: 0.001388
[2016.02.16-02.27.36:028][ 38]PIE: Info Play in editor start time for /Game/StarterContent/Maps/UEDPIE_0_Minimal_Default 0.854
[2016.02.16-02.27.36:028][ 38]LogBlueprintUserMessages: Late PlayInEditor Detection: Level '/Game/StarterContent/Maps/Minimal_Default.Minimal_Default:PersistentLevel' has LevelScriptBlueprint '/Game/StarterContent/Maps/Minimal_Default.Minimal_Default:PersistentLevel.Minimal_Default' with GeneratedClass '/Game/StarterContent/Maps/Minimal_Default.Minimal_Default_C' with ClassGeneratedBy '/Game/StarterContent/Maps/Minimal_Default.Minimal_Default:PersistentLevel.Minimal_Default'
[2016.02.16-02.27.39:768][331]LogBlueprintUserMessages: Early EndPlayMap Detection: Level '/Game/StarterContent/Maps/Minimal_Default.Minimal_Default:PersistentLevel' has LevelScriptBlueprint '/Game/StarterContent/Maps/Minimal_Default.Minimal_Default:PersistentLevel.Minimal_Default' with GeneratedClass '/Game/StarterContent/Maps/Minimal_Default.Minimal_Default_C' with ClassGeneratedBy '/Game/StarterContent/Maps/Minimal_Default.Minimal_Default:PersistentLevel.Minimal_Default'
[2016.02.16-02.27.39:804][331]LogBlueprintUserMessages: Late EndPlayMap Detection: Level '/Game/StarterContent/Maps/Minimal_Default.Minimal_Default:PersistentLevel' has LevelScriptBlueprint '/Game/StarterContent/Maps/Minimal_Default.Minimal_Default:PersistentLevel.Minimal_Default' with GeneratedClass '/Game/StarterContent/Maps/Minimal_Default.Minimal_Default_C' with ClassGeneratedBy '/Game/StarterContent/Maps/Minimal_Default.Minimal_Default:PersistentLevel.Minimal_Default'
[2016.02.16-02.27.39:839][331]LogParticles: Destroying 0 GPU particle simulations for FXSystem 0x00000075DADAC9A0
[2016.02.16-02.27.48:441][341]LogBlueprintUserMessages: Early PlayInEditor Detection: Level '/Game/StarterContent/Maps/Minimal_Default.Minimal_Default:PersistentLevel' has LevelScriptBlueprint '/Game/StarterContent/Maps/Minimal_Default.Minimal_Default:PersistentLevel.Minimal_Default' with GeneratedClass '/Game/StarterContent/Maps/Minimal_Default.Minimal_Default_C' with ClassGeneratedBy '/Game/StarterContent/Maps/Minimal_Default.Minimal_Default:PersistentLevel.Minimal_Default'
[2016.02.16-02.27.48:441][341]LogPlayLevel: PlayLevel: No blueprints needed recompiling
[2016.02.16-02.27.48:441][341]PIE: New page: PIE session: Minimal_Default (Feb 15, 2016, 4:27:48 PM)
[2016.02.16-02.27.48:441][341]LogPlayLevel: Creating play world package: /Game/StarterContent/Maps/UEDPIE_0_Minimal_Default
[2016.02.16-02.27.48:446][341]LogPlayLevel: PIE: StaticDuplicateObject took: (0.004215s)
[2016.02.16-02.27.48:446][341]LogAIModule: Creating AISystem for world Minimal_Default
[2016.02.16-02.27.48:446][341]LogPlayLevel: PIE: World Init took: (0.000580s)
[2016.02.16-02.27.48:446][341]LogPlayLevel: PIE: Created PIE world by copying editor world from /Game/StarterContent/Maps/Minimal_Default.Minimal_Default to /Game/StarterContent/Maps/UEDPIE_0_Minimal_Default.Minimal_Default (0.004989s)
[2016.02.16-02.27.48:478][341]LogInit: XAudio2 using 'Speakers (ASUS Xonar DGX Audio Device)' : 2 channels at 44.1 kHz using 16 bits per sample (channel mask 0x3)
[2016.02.16-02.27.48:481][341]LogInit: FAudioDevice initialized.
[2016.02.16-02.27.48:509][341]LogWorld: Game class is 'AISafariGameMode'
[2016.02.16-02.27.48:511][341]LogWorld: Bringing World /Game/StarterContent/Maps/UEDPIE_0_Minimal_Default.Minimal_Default up for play (max tick rate 0) at 2016.02.15-21.27.48
[2016.02.16-02.27.48:511][341]LogActor:Warning: GameSession /Game/StarterContent/Maps/UEDPIE_0_Minimal_Default.Minimal_Default:PersistentLevel.GameSession_6 has natively added scene component(s), but none of them were set as the actor's RootComponent - picking one arbitrarily
[2016.02.16-02.27.48:511][341]LogActor:Warning: GameNetworkManager /Game/StarterContent/Maps/UEDPIE_0_Minimal_Default.Minimal_Default:PersistentLevel.GameNetworkManager_6 has natively added scene component(s), but none of them were set as the actor's RootComponent - picking one arbitrarily
[2016.02.16-02.27.48:511][341]LogWorld: Bringing up level for play took: 0.001518
[2016.02.16-02.27.48:638][341]PIE: Info Play in editor start time for /Game/StarterContent/Maps/UEDPIE_0_Minimal_Default -0.536
[2016.02.16-02.27.48:638][341]LogBlueprintUserMessages: Late PlayInEditor Detection: Level '/Game/StarterContent/Maps/Minimal_Default.Minimal_Default:PersistentLevel' has LevelScriptBlueprint '/Game/StarterContent/Maps/Minimal_Default.Minimal_Default:PersistentLevel.Minimal_Default' with GeneratedClass '/Game/StarterContent/Maps/Minimal_Default.Minimal_Default_C' with ClassGeneratedBy '/Game/StarterContent/Maps/Minimal_Default.Minimal_Default:PersistentLevel.Minimal_Default'
[2016.02.16-02.27.55:069][523]LogBlueprintUserMessages: Early EndPlayMap Detection: Level '/Game/StarterContent/Maps/Minimal_Default.Minimal_Default:PersistentLevel' has LevelScriptBlueprint '/Game/StarterContent/Maps/Minimal_Default.Minimal_Default:PersistentLevel.Minimal_Default' with GeneratedClass '/Game/StarterContent/Maps/Minimal_Default.Minimal_Default_C' with ClassGeneratedBy '/Game/StarterContent/Maps/Minimal_Default.Minimal_Default:PersistentLevel.Minimal_Default'
[2016.02.16-02.27.55:117][523]LogBlueprintUserMessages: Late EndPlayMap Detection: Level '/Game/StarterContent/Maps/Minimal_Default.Minimal_Default:PersistentLevel' has LevelScriptBlueprint '/Game/StarterContent/Maps/Minimal_Default.Minimal_Default:PersistentLevel.Minimal_Default' with GeneratedClass '/Game/StarterContent/Maps/Minimal_Default.Minimal_Default_C' with ClassGeneratedBy '/Game/StarterContent/Maps/Minimal_Default.Minimal_Default:PersistentLevel.Minimal_Default'
[2016.02.16-02.27.55:147][523]LogParticles: Destroying 0 GPU particle simulations for FXSystem 0x00000075DAB734C0
[2016.02.16-02.27.59:122][980]LogBlueprintUserMessages: Early PlayInEditor Detection: Level '/Game/StarterContent/Maps/Minimal_Default.Minimal_Default:PersistentLevel' has LevelScriptBlueprint '/Game/StarterContent/Maps/Minimal_Default.Minimal_Default:PersistentLevel.Minimal_Default' with GeneratedClass '/Game/StarterContent/Maps/Minimal_Default.Minimal_Default_C' with ClassGeneratedBy '/Game/StarterContent/Maps/Minimal_Default.Minimal_Default:PersistentLevel.Minimal_Default'
[2016.02.16-02.27.59:122][980]LogPlayLevel: PlayLevel: No blueprints needed recompiling
[2016.02.16-02.27.59:122][980]PIE: New page: PIE session: Minimal_Default (Feb 15, 2016, 4:27:59 PM)
[2016.02.16-02.27.59:122][980]LogPlayLevel: Creating play world package: /Game/StarterContent/Maps/UEDPIE_0_Minimal_Default
[2016.02.16-02.27.59:127][980]LogPlayLevel: PIE: StaticDuplicateObject took: (0.004684s)
[2016.02.16-02.27.59:127][980]LogAIModule: Creating AISystem for world Minimal_Default
[2016.02.16-02.27.59:128][980]LogPlayLevel: PIE: World Init took: (0.000560s)
[2016.02.16-02.27.59:128][980]LogPlayLevel: PIE: Created PIE world by copying editor world from /Game/StarterContent/Maps/Minimal_Default.Minimal_Default to /Game/StarterContent/Maps/UEDPIE_0_Minimal_Default.Minimal_Default (0.005406s)
[2016.02.16-02.27.59:158][980]LogInit: XAudio2 using 'Speakers (ASUS Xonar DGX Audio Device)' : 2 channels at 44.1 kHz using 16 bits per sample (channel mask 0x3)
[2016.02.16-02.27.59:160][980]LogInit: FAudioDevice initialized.
[2016.02.16-02.27.59:192][980]LogWorld: Game class is 'AISafariGameMode'
[2016.02.16-02.27.59:194][980]LogWorld: Bringing World /Game/StarterContent/Maps/UEDPIE_0_Minimal_Default.Minimal_Default up for play (max tick rate 0) at 2016.02.15-21.27.59
[2016.02.16-02.27.59:194][980]LogActor:Warning: GameSession /Game/StarterContent/Maps/UEDPIE_0_Minimal_Default.Minimal_Default:PersistentLevel.GameSession_7 has natively added scene component(s), but none of them were set as the actor's RootComponent - picking one arbitrarily
[2016.02.16-02.27.59:194][980]LogActor:Warning: GameNetworkManager /Game/StarterContent/Maps/UEDPIE_0_Minimal_Default.Minimal_Default:PersistentLevel.GameNetworkManager_7 has natively added scene component(s), but none of them were set as the actor's RootComponent - picking one arbitrarily
[2016.02.16-02.27.59:195][980]LogWorld: Bringing up level for play took: 0.001521
[2016.02.16-02.27.59:408][980]PIE: Info Play in editor start time for /Game/StarterContent/Maps/UEDPIE_0_Minimal_Default 0.234
[2016.02.16-02.27.59:408][980]LogBlueprintUserMessages: Late PlayInEditor Detection: Level '/Game/StarterContent/Maps/Minimal_Default.Minimal_Default:PersistentLevel' has LevelScriptBlueprint '/Game/StarterContent/Maps/Minimal_Default.Minimal_Default:PersistentLevel.Minimal_Default' with GeneratedClass '/Game/StarterContent/Maps/Minimal_Default.Minimal_Default_C' with ClassGeneratedBy '/Game/StarterContent/Maps/Minimal_Default.Minimal_Default:PersistentLevel.Minimal_Default'
[2016.02.16-02.28.17:036][195]LogBlueprintUserMessages: Early EndPlayMap Detection: Level '/Game/StarterContent/Maps/Minimal_Default.Minimal_Default:PersistentLevel' has LevelScriptBlueprint '/Game/StarterContent/Maps/Minimal_Default.Minimal_Default:PersistentLevel.Minimal_Default' with GeneratedClass '/Game/StarterContent/Maps/Minimal_Default.Minimal_Default_C' with ClassGeneratedBy '/Game/StarterContent/Maps/Minimal_Default.Minimal_Default:PersistentLevel.Minimal_Default'
[2016.02.16-02.28.17:080][195]LogBlueprintUserMessages: Late EndPlayMap Detection: Level '/Game/StarterContent/Maps/Minimal_Default.Minimal_Default:PersistentLevel' has LevelScriptBlueprint '/Game/StarterContent/Maps/Minimal_Default.Minimal_Default:PersistentLevel.Minimal_Default' with GeneratedClass '/Game/StarterContent/Maps/Minimal_Default.Minimal_Default_C' with ClassGeneratedBy '/Game/StarterContent/Maps/Minimal_Default.Minimal_Default:PersistentLevel.Minimal_Default'
[2016.02.16-02.28.17:113][195]LogParticles: Destroying 0 GPU particle simulations for FXSystem 0x0000007605042D40
[2016.02.16-02.28.22:688][846]LogBlueprintUserMessages: Early PlayInEditor Detection: Level '/Game/StarterContent/Maps/Minimal_Default.Minimal_Default:PersistentLevel' has LevelScriptBlueprint '/Game/StarterContent/Maps/Minimal_Default.Minimal_Default:PersistentLevel.Minimal_Default' with GeneratedClass '/Game/StarterContent/Maps/Minimal_Default.Minimal_Default_C' with ClassGeneratedBy '/Game/StarterContent/Maps/Minimal_Default.Minimal_Default:PersistentLevel.Minimal_Default'
[2016.02.16-02.28.22:688][846]LogPlayLevel: PlayLevel: No blueprints needed recompiling
[2016.02.16-02.28.22:688][846]PIE: New page: PIE session: Minimal_Default (Feb 15, 2016, 4:28:22 PM)
[2016.02.16-02.28.22:688][846]LogPlayLevel: Creating play world package: /Game/StarterContent/Maps/UEDPIE_0_Minimal_Default
[2016.02.16-02.28.22:693][846]LogPlayLevel: PIE: StaticDuplicateObject took: (0.004818s)
[2016.02.16-02.28.22:693][846]LogAIModule: Creating AISystem for world Minimal_Default
[2016.02.16-02.28.22:693][846]LogPlayLevel: PIE: World Init took: (0.000580s)
[2016.02.16-02.28.22:693][846]LogPlayLevel: PIE: Created PIE world by copying editor world from /Game/StarterContent/Maps/Minimal_Default.Minimal_Default to /Game/StarterContent/Maps/UEDPIE_0_Minimal_Default.Minimal_Default (0.005575s)
[2016.02.16-02.28.22:725][846]LogInit: XAudio2 using 'Speakers (ASUS Xonar DGX Audio Device)' : 2 channels at 44.1 kHz using 16 bits per sample (channel mask 0x3)
[2016.02.16-02.28.22:728][846]LogInit: FAudioDevice initialized.
[2016.02.16-02.28.22:759][846]LogWorld: Game class is 'AISafariGameMode'
[2016.02.16-02.28.22:761][846]LogWorld: Bringing World /Game/StarterContent/Maps/UEDPIE_0_Minimal_Default.Minimal_Default up for play (max tick rate 0) at 2016.02.15-21.28.22
[2016.02.16-02.28.22:761][846]LogActor:Warning: GameSession /Game/StarterContent/Maps/UEDPIE_0_Minimal_Default.Minimal_Default:PersistentLevel.GameSession_8 has natively added scene component(s), but none of them were set as the actor's RootComponent - picking one arbitrarily
[2016.02.16-02.28.22:761][846]LogActor:Warning: GameNetworkManager /Game/StarterContent/Maps/UEDPIE_0_Minimal_Default.Minimal_Default:PersistentLevel.GameNetworkManager_8 has natively added scene component(s), but none of them were set as the actor's RootComponent - picking one arbitrarily
[2016.02.16-02.28.22:761][846]LogWorld: Bringing up level for play took: 0.001475
[2016.02.16-02.28.22:844][846]PIE: Info Play in editor start time for /Game/StarterContent/Maps/UEDPIE_0_Minimal_Default -0.33
[2016.02.16-02.28.22:844][846]LogBlueprintUserMessages: Late PlayInEditor Detection: Level '/Game/StarterContent/Maps/Minimal_Default.Minimal_Default:PersistentLevel' has LevelScriptBlueprint '/Game/StarterContent/Maps/Minimal_Default.Minimal_Default:PersistentLevel.Minimal_Default' with GeneratedClass '/Game/StarterContent/Maps/Minimal_Default.Minimal_Default_C' with ClassGeneratedBy '/Game/StarterContent/Maps/Minimal_Default.Minimal_Default:PersistentLevel.Minimal_Default'
[2016.02.16-02.28.25:551][973]LogBlueprintUserMessages: Early EndPlayMap Detection: Level '/Game/StarterContent/Maps/Minimal_Default.Minimal_Default:PersistentLevel' has LevelScriptBlueprint '/Game/StarterContent/Maps/Minimal_Default.Minimal_Default:PersistentLevel.Minimal_Default' with GeneratedClass '/Game/StarterContent/Maps/Minimal_Default.Minimal_Default_C' with ClassGeneratedBy '/Game/StarterContent/Maps/Minimal_Default.Minimal_Default:PersistentLevel.Minimal_Default'
[2016.02.16-02.28.25:592][973]LogBlueprintUserMessages: Late EndPlayMap Detection: Level '/Game/StarterContent/Maps/Minimal_Default.Minimal_Default:PersistentLevel' has LevelScriptBlueprint '/Game/StarterContent/Maps/Minimal_Default.Minimal_Default:PersistentLevel.Minimal_Default' with GeneratedClass '/Game/StarterContent/Maps/Minimal_Default.Minimal_Default_C' with ClassGeneratedBy '/Game/StarterContent/Maps/Minimal_Default.Minimal_Default:PersistentLevel.Minimal_Default'
[2016.02.16-02.28.25:630][973]LogParticles: Destroying 0 GPU particle simulations for FXSystem 0x00000075AF657560
[2016.02.16-02.28.30:534][548]BlueprintLog: New page: Compile BP_FlockerBase
[2016.02.16-02.28.30:593][548]BlueprintEditorCompileResults: Info [0440.20] Compile of BP_FlockerBase successful! [in 58 ms]
[2016.02.16-02.28.31:724][662]LogBlueprintUserMessages: Early PlayInEditor Detection: Level '/Game/StarterContent/Maps/Minimal_Default.Minimal_Default:PersistentLevel' has LevelScriptBlueprint '/Game/StarterContent/Maps/Minimal_Default.Minimal_Default:PersistentLevel.Minimal_Default' with GeneratedClass '/Game/StarterContent/Maps/Minimal_Default.Minimal_Default_C' with ClassGeneratedBy '/Game/StarterContent/Maps/Minimal_Default.Minimal_Default:PersistentLevel.Minimal_Default'
[2016.02.16-02.28.31:724][662]LogPlayLevel: PlayLevel: No blueprints needed recompiling
[2016.02.16-02.28.31:724][662]PIE: New page: PIE session: Minimal_Default (Feb 15, 2016, 4:28:31 PM)
[2016.02.16-02.28.31:724][662]LogPlayLevel: Creating play world package: /Game/StarterContent/Maps/UEDPIE_0_Minimal_Default
[2016.02.16-02.28.31:729][662]LogPlayLevel: PIE: StaticDuplicateObject took: (0.004956s)
[2016.02.16-02.28.31:730][662]LogAIModule: Creating AISystem for world Minimal_Default
[2016.02.16-02.28.31:730][662]LogPlayLevel: PIE: World Init took: (0.000575s)
[2016.02.16-02.28.31:730][662]LogPlayLevel: PIE: Created PIE world by copying editor world from /Game/StarterContent/Maps/Minimal_Default.Minimal_Default to /Game/StarterContent/Maps/UEDPIE_0_Minimal_Default.Minimal_Default (0.005692s)
[2016.02.16-02.28.31:760][662]LogInit: XAudio2 using 'Speakers (ASUS Xonar DGX Audio Device)' : 2 channels at 44.1 kHz using 16 bits per sample (channel mask 0x3)
[2016.02.16-02.28.31:762][662]LogInit: FAudioDevice initialized.
[2016.02.16-02.28.31:797][662]LogWorld: Game class is 'AISafariGameMode'
[2016.02.16-02.28.31:799][662]LogWorld: Bringing World /Game/StarterContent/Maps/UEDPIE_0_Minimal_Default.Minimal_Default up for play (max tick rate 0) at 2016.02.15-21.28.31
[2016.02.16-02.28.31:799][662]LogActor:Warning: GameSession /Game/StarterContent/Maps/UEDPIE_0_Minimal_Default.Minimal_Default:PersistentLevel.GameSession_9 has natively added scene component(s), but none of them were set as the actor's RootComponent - picking one arbitrarily
[2016.02.16-02.28.31:799][662]LogActor:Warning: GameNetworkManager /Game/StarterContent/Maps/UEDPIE_0_Minimal_Default.Minimal_Default:PersistentLevel.GameNetworkManager_9 has natively added scene component(s), but none of them were set as the actor's RootComponent - picking one arbitrarily
[2016.02.16-02.28.31:799][662]LogWorld: Bringing up level for play took: 0.001659
[2016.02.16-02.28.31:887][662]PIE: Info Play in editor start time for /Game/StarterContent/Maps/UEDPIE_0_Minimal_Default 0.714
[2016.02.16-02.28.31:888][662]LogBlueprintUserMessages: Late PlayInEditor Detection: Level '/Game/StarterContent/Maps/Minimal_Default.Minimal_Default:PersistentLevel' has LevelScriptBlueprint '/Game/StarterContent/Maps/Minimal_Default.Minimal_Default:PersistentLevel.Minimal_Default' with GeneratedClass '/Game/StarterContent/Maps/Minimal_Default.Minimal_Default_C' with ClassGeneratedBy '/Game/StarterContent/Maps/Minimal_Default.Minimal_Default:PersistentLevel.Minimal_Default'
[2016.02.16-02.29.13:487][144]LogBlueprintUserMessages: Early EndPlayMap Detection: Level '/Game/StarterContent/Maps/Minimal_Default.Minimal_Default:PersistentLevel' has LevelScriptBlueprint '/Game/StarterContent/Maps/Minimal_Default.Minimal_Default:PersistentLevel.Minimal_Default' with GeneratedClass '/Game/StarterContent/Maps/Minimal_Default.Minimal_Default_C' with ClassGeneratedBy '/Game/StarterContent/Maps/Minimal_Default.Minimal_Default:PersistentLevel.Minimal_Default'
[2016.02.16-02.29.13:527][144]LogBlueprintUserMessages: Late EndPlayMap Detection: Level '/Game/StarterContent/Maps/Minimal_Default.Minimal_Default:PersistentLevel' has LevelScriptBlueprint '/Game/StarterContent/Maps/Minimal_Default.Minimal_Default:PersistentLevel.Minimal_Default' with GeneratedClass '/Game/StarterContent/Maps/Minimal_Default.Minimal_Default_C' with ClassGeneratedBy '/Game/StarterContent/Maps/Minimal_Default.Minimal_Default:PersistentLevel.Minimal_Default'
[2016.02.16-02.29.13:554][144]LogParticles: Destroying 0 GPU particle simulations for FXSystem 0x00000075B042E8E0
[2016.02.16-02.35.16:111][753]LogHotReload: New module detected: UE4Editor-AISafari-4417.dll
[2016.02.16-02.35.16:783][756]LogHotReload: Starting Hot-Reload from IDE
[2016.02.16-02.35.16:867][756]LogContentBrowser: Native class hierarchy updated for 'AISafari' in 0.0009 seconds. Added 4 classes and 3 folders.
[2016.02.16-02.35.16:870][756]Warning: HotReload successful (0 functions remapped  0 scriptstructs remapped)
[2016.02.16-02.35.17:192][756]LogContentBrowser: Native class hierarchy populated in 0.0059 seconds. Added 1872 classes and 338 folders.
[2016.02.16-02.35.19:051][816]LogBlueprintUserMessages: Early PlayInEditor Detection: Level '/Game/StarterContent/Maps/Minimal_Default.Minimal_Default:PersistentLevel' has LevelScriptBlueprint '/Game/StarterContent/Maps/Minimal_Default.Minimal_Default:PersistentLevel.Minimal_Default' with GeneratedClass '/Game/StarterContent/Maps/Minimal_Default.Minimal_Default_C' with ClassGeneratedBy '/Game/StarterContent/Maps/Minimal_Default.Minimal_Default:PersistentLevel.Minimal_Default'
[2016.02.16-02.35.19:051][816]LogPlayLevel: PlayLevel: No blueprints needed recompiling
[2016.02.16-02.35.19:051][816]PIE: New page: PIE session: Minimal_Default (Feb 15, 2016, 4:35:19 PM)
[2016.02.16-02.35.19:051][816]LogPlayLevel: Creating play world package: /Game/StarterContent/Maps/UEDPIE_0_Minimal_Default
[2016.02.16-02.35.19:056][816]LogPlayLevel: PIE: StaticDuplicateObject took: (0.004811s)
[2016.02.16-02.35.19:057][816]LogAIModule: Creating AISystem for world Minimal_Default
[2016.02.16-02.35.19:057][816]LogPlayLevel: PIE: World Init took: (0.000625s)
[2016.02.16-02.35.19:057][816]LogPlayLevel: PIE: Created PIE world by copying editor world from /Game/StarterContent/Maps/Minimal_Default.Minimal_Default to /Game/StarterContent/Maps/UEDPIE_0_Minimal_Default.Minimal_Default (0.005607s)
[2016.02.16-02.35.19:112][816]LogInit: XAudio2 using 'Speakers (ASUS Xonar DGX Audio Device)' : 2 channels at 44.1 kHz using 16 bits per sample (channel mask 0x3)
[2016.02.16-02.35.19:114][816]LogInit: FAudioDevice initialized.
[2016.02.16-02.35.19:147][816]LogWorld: Game class is 'AISafariGameMode'
[2016.02.16-02.35.19:149][816]LogWorld: Bringing World /Game/StarterContent/Maps/UEDPIE_0_Minimal_Default.Minimal_Default up for play (max tick rate 0) at 2016.02.15-21.35.19
[2016.02.16-02.35.19:149][816]LogActor:Warning: GameSession /Game/StarterContent/Maps/UEDPIE_0_Minimal_Default.Minimal_Default:PersistentLevel.GameSession_10 has natively added scene component(s), but none of them were set as the actor's RootComponent - picking one arbitrarily
[2016.02.16-02.35.19:149][816]LogActor:Warning: GameNetworkManager /Game/StarterContent/Maps/UEDPIE_0_Minimal_Default.Minimal_Default:PersistentLevel.GameNetworkManager_10 has natively added scene component(s), but none of them were set as the actor's RootComponent - picking one arbitrarily
[2016.02.16-02.35.19:150][816]LogWorld: Bringing up level for play took: 0.001624
[2016.02.16-02.35.19:233][816]PIE: Info Play in editor start time for /Game/StarterContent/Maps/UEDPIE_0_Minimal_Default 0.06
[2016.02.16-02.35.19:234][816]LogBlueprintUserMessages: Late PlayInEditor Detection: Level '/Game/StarterContent/Maps/Minimal_Default.Minimal_Default:PersistentLevel' has LevelScriptBlueprint '/Game/StarterContent/Maps/Minimal_Default.Minimal_Default:PersistentLevel.Minimal_Default' with GeneratedClass '/Game/StarterContent/Maps/Minimal_Default.Minimal_Default_C' with ClassGeneratedBy '/Game/StarterContent/Maps/Minimal_Default.Minimal_Default:PersistentLevel.Minimal_Default'
[2016.02.16-02.35.19:395][816]LogCrashTracker: 


[2016.02.16-02.35.19:395][816]LogCrashTracker: 


[2016.02.16-02.35.19:395][816]LogWindows: === Critical error: ===
Fatal error!



[2016.02.16-02.35.19:487][816]LogExit: Executing StaticShutdownAfterError
[2016.02.16-02.35.19:495][816]LogPhysics:Warning: PHYSX: ..\..\PhysX\src\NpScene.cpp (2946) 8 : PxScene::unlockWrite() called without matching call to PxScene::lockWrite(), behaviour will be undefined.
[2016.02.16-02.35.19:496][816]LogPhysics:Warning: PHYSX: ..\..\PhysX\src\NpScene.cpp (2946) 8 : PxScene::unlockWrite() called without matching call to PxScene::lockWrite(), behaviour will be undefined.
[2016.02.16-02.35.19:496][816]LogPhysics:Warning: PHYSX: ..\..\PhysX\src\NpScene.cpp (2946) 8 : PxScene::unlockWrite() called without matching call to PxScene::lockWrite(), behaviour will be undefined.
[2016.02.16-02.35.19:496][816]LogPhysics:Warning: PHYSX: ..\..\PhysX\src\NpScene.cpp (2946) 8 : PxScene::unlockWrite() called without matching call to PxScene::lockWrite(), behaviour will be undefined.
[2016.02.16-02.35.19:496][816]LogPhysics:Warning: PHYSX: ..\..\PhysX\src\NpScene.cpp (2946) 8 : PxScene::unlockWrite() called without matching call to PxScene::lockWrite(), behaviour will be undefined.
[2016.02.16-02.35.19:496][816]LogPhysics:Warning: PHYSX: ..\..\PhysX\src\NpScene.cpp (2946) 8 : PxScene::unlockWrite() called without matching call to PxScene::lockWrite(), behaviour will be undefined.
[2016.02.16-02.35.19:496][816]LogWindows: FPlatformMisc::RequestExit(1)
[2016.02.16-02.35.19:496][816]Log file closed, 02/15/16 21:35:19
