[2016.02.14-18.05.41:829][  0]Log file open, 02/14/16 13:05:41
[2016.02.14-18.05.41:829][  0]LogInit:Display: Running engine for game: AISafari
[2016.02.14-18.05.41:829][  0]LogInit:Display: RandInit(32954451) SRandInit(32954452).
[2016.02.14-18.05.41:829][  0]LogTaskGraph: Started task graph with 4 named threads and 7 total threads.
[2016.02.14-18.05.41:829][  0]LogStats: Stats thread started at 0.066877
[2016.02.14-18.05.41:829][  0]LogInit: Version: 4.9.2-2707645+++depot+UE4-Releases+4.9
[2016.02.14-18.05.41:829][  0]LogInit: API Version: 2672455
[2016.02.14-18.05.41:829][  0]LogInit: Compiled (64-bit): Sep 28 2015 10:25:44
[2016.02.14-18.05.41:829][  0]LogInit: Compiled with Visual C++: 18.00.21005.01
[2016.02.14-18.05.41:829][  0]LogInit: Build Configuration: Development
[2016.02.14-18.05.41:829][  0]LogInit: Branch Name: ++depot+UE4-Releases+4.9
[2016.02.14-18.05.41:829][  0]LogInit: Command line:  
[2016.02.14-18.05.41:829][  0]LogInit: Base directory: C:/Program Files (x86)/Epic Games/4.9/Engine/Binaries/Win64/
[2016.02.14-18.05.41:829][  0]LogInit: Rocket: 1
[2016.02.14-18.05.41:838][  0]LogInit: Using libcurl 7.41.0
[2016.02.14-18.05.41:838][  0]LogInit:  - built for x86_64-pc-win32
[2016.02.14-18.05.41:838][  0]LogInit:  - supports SSL with WinSSL
[2016.02.14-18.05.41:838][  0]LogInit:  - other features:
[2016.02.14-18.05.41:838][  0]LogInit:      CURL_VERSION_SSL
[2016.02.14-18.05.41:838][  0]LogInit:      CURL_VERSION_IPV6
[2016.02.14-18.05.41:838][  0]LogInit:      CURL_VERSION_ASYNCHDNS
[2016.02.14-18.05.41:838][  0]LogInit:      CURL_VERSION_LARGEFILE
[2016.02.14-18.05.41:838][  0]LogInit:      CURL_VERSION_IDN
[2016.02.14-18.05.41:838][  0]LogInit:  CurlRequestOptions (configurable via config and command line):
[2016.02.14-18.05.41:838][  0]LogInit:  - bVerifyPeer = true  - Libcurl will verify peer certificate
[2016.02.14-18.05.41:838][  0]LogInit:  - bUseHttpProxy = false  - Libcurl will NOT use HTTP proxy
[2016.02.14-18.05.41:838][  0]LogInit:  - bDontReuseConnections = false  - Libcurl will reuse connections
[2016.02.14-18.05.41:838][  0]LogInit:  - CertBundlePath = nullptr  - Libcurl will use whatever was configured at build time.
[2016.02.14-18.05.41:844][  0]LogInit: Presizing for 0 objects not considered by GC, pre-allocating 0 bytes.
[2016.02.14-18.05.41:849][  0]LogInit: Object subsystem initialized
[2016.02.14-18.05.41:850][  0]LogInit: Selected Device Profile: [Windows]
[2016.02.14-18.05.41:850][  0]LogInit: Applying CVar settings loaded from the selected device profile: [Windows]
[2016.02.14-18.05.41:856][  0]LogInit: Computer: ZEBRADESKTOP
[2016.02.14-18.05.41:856][  0]LogInit: User: Ryan
[2016.02.14-18.05.41:856][  0]LogInit: CPU Page size=4096, Cores=4
[2016.02.14-18.05.41:856][  0]LogInit: High frequency timer resolution =3.984648 MHz
[2016.02.14-18.05.41:856][  0]LogMemory: Memory total: Physical=15.9GB (16GB approx)
[2016.02.14-18.05.41:856][  0]LogMemory: Platform Memory Stats for Windows
[2016.02.14-18.05.41:856][  0]LogMemory: Process Physical Memory: 53.87 MB used, 53.87 MB peak
[2016.02.14-18.05.41:856][  0]LogMemory: Process Virtual Memory: 57.38 MB used, 57.38 MB peak
[2016.02.14-18.05.41:856][  0]LogMemory: Physical Memory: 8537.87 MB used, 16325.73 MB total
[2016.02.14-18.05.41:856][  0]LogMemory: Virtual Memory: 366.70 MB used, 134217728.00 MB total
[2016.02.14-18.05.41:885][  0]LogTextLocalizationManager: No specific translations for ('en-US') exist, so ('en') translations will be used.
[2016.02.14-18.05.42:473][  0]LogD3D11RHI: Found D3D11 adapter 0: NVIDIA GeForce GTX 780 (Feature Level 11_0)
[2016.02.14-18.05.42:473][  0]LogD3D11RHI: Adapter has 5971MB of dedicated video memory, 0MB of dedicated system memory, and 8162MB of shared system memory, 3 output[s]
[2016.02.14-18.05.42:474][  0]LogD3D11RHI: Found D3D11 adapter 1: Microsoft Basic Render Driver (Feature Level 11_0)
[2016.02.14-18.05.42:474][  0]LogD3D11RHI: Adapter has 0MB of dedicated video memory, 0MB of dedicated system memory, and 8162MB of shared system memory, 0 output[s]
[2016.02.14-18.05.42:474][  0]LogD3D11RHI: Chosen D3D11 Adapter Id = 0
[2016.02.14-18.05.42:477][  0]LogD3D11RHI: !Direct3DDevice
[2016.02.14-18.05.42:478][  0]LogRHI: Texture pool is 1361 MB (70% of 1945 MB)
[2016.02.14-18.05.42:490][  0]LogD3D11RHI: Async texture creation enabled
[2016.02.14-18.05.42:502][  0]LogShaderCompilers: Guid format shader working directory is 14 characters bigger than the processId version (Q:/Classes/3-2/AI/AISafari/Intermediate/Shaders/WorkingDirectory/16200/).
[2016.02.14-18.05.42:502][  0]LogShaderCompilers: Cleaned the shader compiler working directory 'Q:/Classes/3-2/AI/AISafari/Intermediate/Shaders/tmp/0140E00C470E24F74FEC5B96A7861A29/'.
[2016.02.14-18.05.42:502][  0]LogShaderCompilers:Display: Using Local Shader Compiler.
[2016.02.14-18.05.43:214][  0]LogTemp:Display: Loaded TP AllDesktopTargetPlatform
[2016.02.14-18.05.43:218][  0]LogTemp:Display: Loaded TP WindowsClientTargetPlatform
[2016.02.14-18.05.43:221][  0]LogTemp:Display: Loaded TP WindowsNoEditorTargetPlatform
[2016.02.14-18.05.43:225][  0]LogTemp:Display: Loaded TP WindowsServerTargetPlatform
[2016.02.14-18.05.43:229][  0]LogTemp:Display: Loaded TP WindowsTargetPlatform
[2016.02.14-18.05.43:231][  0]LogTemp:Display: Loaded TP AndroidTargetPlatform
[2016.02.14-18.05.43:233][  0]LogTemp:Display: Loaded TP Android_ASTCTargetPlatform
[2016.02.14-18.05.43:235][  0]LogTemp:Display: Loaded TP Android_ATCTargetPlatform
[2016.02.14-18.05.43:238][  0]LogTemp:Display: Loaded TP Android_DXTTargetPlatform
[2016.02.14-18.05.43:241][  0]LogTemp:Display: Loaded TP Android_ETC1TargetPlatform
[2016.02.14-18.05.43:243][  0]LogTemp:Display: Loaded TP Android_ETC2TargetPlatform
[2016.02.14-18.05.43:245][  0]LogTemp:Display: Loaded TP Android_PVRTCTargetPlatform
[2016.02.14-18.05.43:246][  0]LogTemp:Display: Loaded TP HTML5TargetPlatform
[2016.02.14-18.05.43:261][  0]LogTemp:Display: Loaded TP IOSTargetPlatform
[2016.02.14-18.05.43:263][  0]LogTemp:Display: Loaded TP LinuxNoEditorTargetPlatform
[2016.02.14-18.05.43:265][  0]LogTemp:Display: Loaded TP LinuxServerTargetPlatform
[2016.02.14-18.05.43:267][  0]LogTemp:Display: Loaded TP LinuxTargetPlatform
[2016.02.14-18.05.43:267][  0]LogTargetPlatformManager:Display: Building Assets For Windows
[2016.02.14-18.05.43:329][  0]LogDerivedDataCache:Display: Max Cache Size: 512 MB
[2016.02.14-18.05.43:364][  0]LogDerivedDataCache: Loaded boot cache 0.03s 41MB C:/Users/Ryan/AppData/Local/UnrealEngine/4.9/DerivedDataCache/Boot.ddc.
[2016.02.14-18.05.43:364][  0]LogDerivedDataCache:Display: Loaded Boot cache: C:/Users/Ryan/AppData/Local/UnrealEngine/4.9/DerivedDataCache/Boot.ddc
[2016.02.14-18.05.43:364][  0]LogDerivedDataCache: FDerivedDataBackendGraph:  Pak pak cache file Q:/Classes/3-2/AI/AISafari/DerivedDataCache/DDC.ddp not found, will not use a pak cache.
[2016.02.14-18.05.43:364][  0]LogDerivedDataCache: Unable to find inner node Pak for hierarchical cache Hierarchy.
[2016.02.14-18.05.43:364][  0]LogDerivedDataCache: FDerivedDataBackendGraph:  CompressedPak pak cache file Q:/Classes/3-2/AI/AISafari/DerivedDataCache/Compressed.ddp not found, will not use a pak cache.
[2016.02.14-18.05.43:364][  0]LogDerivedDataCache: Unable to find inner node CompressedPak for hierarchical cache Hierarchy.
[2016.02.14-18.05.43:466][  0]LogDerivedDataCache:Display: Pak cache opened for reading ../../../Engine/DerivedDataCache/Compressed.ddp.
[2016.02.14-18.05.43:478][  0]LogDerivedDataCache: Using Local data cache path C:/Users/Ryan/AppData/Local/UnrealEngine/Common/DerivedDataCache: Writable
[2016.02.14-18.05.43:600][  0]LogInit: Selected Device Profile: [Windows]
[2016.02.14-18.05.43:602][  0]LogContentStreaming: Texture pool size is 0.000000MB
[2016.02.14-18.05.43:689][  0]LogMeshUtilities: No automatic mesh reduction module available
[2016.02.14-18.05.43:689][  0]LogMeshUtilities: No automatic mesh merging module available
[2016.02.14-18.05.43:877][  0]LogInit: WinSock: version 1.1 (2.2), MaxSocks=32767, MaxUdp=65467
[2016.02.14-18.05.44:398][  0]UdpMessaging: Initializing bridge on interface 0.0.0.0:0 to multicast group 230.0.0.1:6666.
[2016.02.14-18.05.44:493][  0]LogAssetRegistry: FAssetRegistry took 0.0108 seconds to start up
[2016.02.14-18.05.44:616][  0]SourceControl: Info Source control is disabled
[2016.02.14-18.05.44:623][  0]SourceControl: Info Source control is disabled
[2016.02.14-18.05.44:631][  0]SourceControl: Info Source control is disabled
[2016.02.14-18.05.44:639][  0]SourceControl: Info Source control is disabled
[2016.02.14-18.05.44:757][  0]LogLinker:Warning: Asset '../../../Engine/Plugins/Runtime/LeapMotionController/Content/LM_PassthroughMaterial.uasset' has been saved with empty engine version. The asset will be loaded but may be incompatible.
[2016.02.14-18.05.44:812][  0]LogObj: 28380 objects as part of root set at end of initial load.
[2016.02.14-18.05.44:812][  0]LogUObjectAllocator: 6046584 out of 0 bytes used by permanent object pool.
[2016.02.14-18.05.44:855][  0]LogEngine: Initializing Engine...
[2016.02.14-18.05.44:857][  0]LogHMD: Can't find Oculus library dev build: is proper Runtime installed? Version: 0.7.0.0
[2016.02.14-18.05.44:857][  0]LogHMD: SteamVR failed to initialize.  Err: 110
[2016.02.14-18.05.44:944][  0]LogAIModule: Creating AISystem for world NewWorld
[2016.02.14-18.05.44:950][  0]LogInit: XAudio2 using 'Speakers (ASUS Xonar DGX Audio Device)' : 2 channels at 44.1 kHz using 16 bits per sample (channel mask 0x3)
[2016.02.14-18.05.44:955][  0]LogInit: FAudioDevice initialized.
[2016.02.14-18.05.44:973][  0]LogDerivedDataCache: Saved boot cache 0.02s 41MB C:/Users/Ryan/AppData/Local/UnrealEngine/4.9/DerivedDataCache/Boot.ddc.
[2016.02.14-18.05.44:976][  0]LogInit: Texture streaming: Enabled
[2016.02.14-18.05.44:981][  0]LogAnalytics: Creating configured Analytics provider AnalyticsET
[2016.02.14-18.05.44:981][  0]LogAnalytics: [UEEditor.Rocket.Release] APIServer = http://et2.epicgames.com/ET2/. AppVersion = 4.9.2-2707645+++depot+UE4-Releases+4.9
[2016.02.14-18.05.44:981][  0]LogAnalytics: [UEEditor.Rocket.Release] SetUserId d1f9beca401d8fe412e57fa88e66abb9|85745c8591404a23957796735eaccf05|defee072-9da8-4f68-a06a-f65b3a6c30bf
[2016.02.14-18.05.44:981][  0]LogAnalytics: [UEEditor.Rocket.Release] AnalyticsET::StartSession
[2016.02.14-18.05.45:008][  0]LogInit: Transaction tracking system initialized
[2016.02.14-18.05.45:031][  0]BlueprintLog: New page: Editor Load
[2016.02.14-18.05.45:106][  0]LocalizationService: Info Localization service is disabled
[2016.02.14-18.05.45:173][  0]LogConsoleResponse:Display: 
[2016.02.14-18.05.45:271][  0]LogCook:Display: Done creating registry. It took  0.00s.
[2016.02.14-18.05.45:316][  0]LogFileCache: Scanning file cache for directory 'Q:/Classes/3-2/AI/AISafari/Content/' took 0.01s
[2016.02.14-18.05.45:316][  0]SourceControl: Info Source control is disabled
[2016.02.14-18.05.45:317][  0]Cmd: MAP LOAD FILE="Q:/Classes/3-2/AI/AISafari/Content/StarterContent/Maps/Minimal_Default.umap" TEMPLATE=0 SHOWPROGRESS=1 FEATURELEVEL=3
[2016.02.14-18.05.45:317][  0]LightingResults: New page: Lighting Build
[2016.02.14-18.05.45:320][  0]MapCheck: New page: Map Check
[2016.02.14-18.05.45:320][  0]LightingResults: New page: Lighting Build
[2016.02.14-18.05.45:328][  0]LogParticles: Destroying 0 GPU particle simulations for FXSystem 0x000000BA2F067CE0
[2016.02.14-18.05.45:528][  0]LogAIModule: Creating AISystem for world Minimal_Default
[2016.02.14-18.05.45:532][  0]LogEditorServer: Finished looking for orphan Actors (0.000 secs)
[2016.02.14-18.05.45:533][  0]Cmd: MAP CHECKDEP NOCLEARLOG
[2016.02.14-18.05.45:570][  0]MapCheck: Info Map check complete: 0 Error(s), 0 Warning(s), took 36.926ms to complete.
[2016.02.14-18.05.45:570][  0]LogFileHelpers: Loading map 'Minimal_Default' took 0.253
[2016.02.14-18.05.45:686][  0]LogCollectionManager: Loaded 0 collections in 0.001424 seconds
[2016.02.14-18.05.45:725][  0]LogFileCache: Scanning file cache for directory 'Q:/Classes/3-2/AI/AISafari/Saved/Collections/' took 0.01s
[2016.02.14-18.05.45:725][  0]LogFileCache: Scanning file cache for directory 'Q:/Classes/3-2/AI/AISafari/Content/Developers/Ryan/Collections/' took 0.01s
[2016.02.14-18.05.45:725][  0]LogFileCache: Scanning file cache for directory 'Q:/Classes/3-2/AI/AISafari/Content/Collections/' took 0.01s
[2016.02.14-18.05.45:725][  0]LogContentBrowser: Native class hierarchy populated in 0.0072 seconds. Added 1871 classes and 336 folders.
[2016.02.14-18.05.45:740][  0]LogCollectionManager: Rebuilt the GUID cache for 0 collections in 0.000003 seconds
[2016.02.14-18.05.45:748][  0]LogContentBrowser: Native class hierarchy updated for 'WidgetCarousel' in 0.0008 seconds. Added 0 classes and 0 folders.
[2016.02.14-18.05.45:781][  0]LogContentBrowser: Native class hierarchy updated for 'AddContentDialog' in 0.0013 seconds. Added 0 classes and 0 folders.
[2016.02.14-18.05.45:784][  0]LogContentBrowser: Native class hierarchy updated for 'SceneOutliner' in 0.0008 seconds. Added 1 classes and 2 folders.
[2016.02.14-18.05.45:800][  0]LogCrashTracker: Crashtracker disabled due to settings.
[2016.02.14-18.05.45:804][  0]LogUObjectGlobals:Warning: Failed to find object 'Class None.'
[2016.02.14-18.05.45:826][  0]LogLoad: Full Startup: 4.63 seconds (BP compile: 0.03 seconds)
[2016.02.14-18.05.45:885][  0]LogContentStreaming: Texture pool size now 1000 MB
[2016.02.14-18.05.45:991][  0]LogRenderer: Reallocating scene render targets to support 1208x600 (Frame:2).
[2016.02.14-18.05.46:147][  2]LogAssetRegistry: Asset discovery search completed in 1.6643 seconds
[2016.02.14-18.05.46:147][  2]LogCollectionManager: Rebuilt the object cache for 0 collections in 0.000001 seconds (found 0 objects)
[2016.02.14-18.05.46:147][  2]LogCollectionManager: Fixed up redirectors for 0 collections in 0.000026 seconds (updated 0 objects)
[2016.02.14-18.05.50:665][300]LogEditorViewport: Clicking on Actor (LMB): BP_FlockerManagerBase_C (BP_FlockerManagerBase)
[2016.02.14-18.05.57:873][131]Cmd: OBJ SAVEPACKAGE PACKAGE="/Game/StarterContent/Maps/Minimal_Default" FILE="Q:/Classes/3-2/AI/AISafari/Content/StarterContent/Maps/Minimal_Default.umap" SILENT=true AUTOSAVING=false KEEPDIRTY=false
[2016.02.14-18.05.57:933][131]LogSavePackage: Save=46.507244ms
[2016.02.14-18.05.57:933][131]LogSavePackage: Moving 'Q:/Classes/3-2/AI/AISafari/Saved/Minimal_DefaultE80655954A11F6A5B4744EB26181C8E9.tmp' to 'Q:/Classes/3-2/AI/AISafari/Content/StarterContent/Maps/Minimal_Default.umap'
[2016.02.14-18.05.57:935][131]LogSavePackage: Total save time: 52.920606ms
[2016.02.14-18.05.57:935][131]LogSavePackage:Warning: Finished SavePackage Q:/Classes/3-2/AI/AISafari/Content/StarterContent/Maps/Minimal_Default.umap
[2016.02.14-18.05.57:956][131]LogFileHelpers: Saving map 'Minimal_Default' took 0.116
[2016.02.14-18.06.04:966][394]LogBlueprintUserMessages: Early PlayInEditor Detection: Level '/Game/StarterContent/Maps/Minimal_Default.Minimal_Default:PersistentLevel' has LevelScriptBlueprint '/Game/StarterContent/Maps/Minimal_Default.Minimal_Default:PersistentLevel.Minimal_Default' with GeneratedClass '/Game/StarterContent/Maps/Minimal_Default.Minimal_Default_C' with ClassGeneratedBy '/Game/StarterContent/Maps/Minimal_Default.Minimal_Default:PersistentLevel.Minimal_Default'
[2016.02.14-18.06.04:966][394]LogPlayLevel: PlayLevel: No blueprints needed recompiling
[2016.02.14-18.06.04:966][394]PIE: New page: PIE session: Minimal_Default (Feb 14, 2016, 8:06:04 AM)
[2016.02.14-18.06.04:966][394]LogPlayLevel: Creating play world package: /Game/StarterContent/Maps/UEDPIE_0_Minimal_Default
[2016.02.14-18.06.04:972][394]LogPlayLevel: PIE: StaticDuplicateObject took: (0.005500s)
[2016.02.14-18.06.04:972][394]LogAIModule: Creating AISystem for world Minimal_Default
[2016.02.14-18.06.04:972][394]LogPlayLevel: PIE: World Init took: (0.000599s)
[2016.02.14-18.06.04:972][394]LogPlayLevel: PIE: Created PIE world by copying editor world from /Game/StarterContent/Maps/Minimal_Default.Minimal_Default to /Game/StarterContent/Maps/UEDPIE_0_Minimal_Default.Minimal_Default (0.006280s)
[2016.02.14-18.06.04:985][394]LogInit: XAudio2 using 'Speakers (ASUS Xonar DGX Audio Device)' : 2 channels at 44.1 kHz using 16 bits per sample (channel mask 0x3)
[2016.02.14-18.06.04:988][394]LogInit: FAudioDevice initialized.
[2016.02.14-18.06.05:034][394]LogWorld: Game class is 'AISafariGameMode'
[2016.02.14-18.06.05:036][394]LogWorld: Bringing World /Game/StarterContent/Maps/UEDPIE_0_Minimal_Default.Minimal_Default up for play (max tick rate 0) at 2016.02.14-13.06.05
[2016.02.14-18.06.05:036][394]LogActor:Warning: GameSession /Game/StarterContent/Maps/UEDPIE_0_Minimal_Default.Minimal_Default:PersistentLevel.GameSession_0 has natively added scene component(s), but none of them were set as the actor's RootComponent - picking one arbitrarily
[2016.02.14-18.06.05:036][394]LogActor:Warning: GameNetworkManager /Game/StarterContent/Maps/UEDPIE_0_Minimal_Default.Minimal_Default:PersistentLevel.GameNetworkManager_0 has natively added scene component(s), but none of them were set as the actor's RootComponent - picking one arbitrarily
[2016.02.14-18.06.05:036][394]LogWorld: Bringing up level for play took: 0.001600
[2016.02.14-18.06.05:038][394]PIE: Info Play in editor start time for /Game/StarterContent/Maps/UEDPIE_0_Minimal_Default 0.873
[2016.02.14-18.06.05:039][394]LogBlueprintUserMessages: Late PlayInEditor Detection: Level '/Game/StarterContent/Maps/Minimal_Default.Minimal_Default:PersistentLevel' has LevelScriptBlueprint '/Game/StarterContent/Maps/Minimal_Default.Minimal_Default:PersistentLevel.Minimal_Default' with GeneratedClass '/Game/StarterContent/Maps/Minimal_Default.Minimal_Default_C' with ClassGeneratedBy '/Game/StarterContent/Maps/Minimal_Default.Minimal_Default:PersistentLevel.Minimal_Default'
[2016.02.14-18.06.25:136][708]LogBlueprintUserMessages: Early EndPlayMap Detection: Level '/Game/StarterContent/Maps/Minimal_Default.Minimal_Default:PersistentLevel' has LevelScriptBlueprint '/Game/StarterContent/Maps/Minimal_Default.Minimal_Default:PersistentLevel.Minimal_Default' with GeneratedClass '/Game/StarterContent/Maps/Minimal_Default.Minimal_Default_C' with ClassGeneratedBy '/Game/StarterContent/Maps/Minimal_Default.Minimal_Default:PersistentLevel.Minimal_Default'
[2016.02.14-18.06.25:180][708]LogBlueprintUserMessages: Late EndPlayMap Detection: Level '/Game/StarterContent/Maps/Minimal_Default.Minimal_Default:PersistentLevel' has LevelScriptBlueprint '/Game/StarterContent/Maps/Minimal_Default.Minimal_Default:PersistentLevel.Minimal_Default' with GeneratedClass '/Game/StarterContent/Maps/Minimal_Default.Minimal_Default_C' with ClassGeneratedBy '/Game/StarterContent/Maps/Minimal_Default.Minimal_Default:PersistentLevel.Minimal_Default'
[2016.02.14-18.06.25:211][709]LogParticles: Destroying 0 GPU particle simulations for FXSystem 0x000000BA1C1ECFE0
[2016.02.14-18.06.42:323][934]LogBlueprintUserMessages: Early PlayInEditor Detection: Level '/Game/StarterContent/Maps/Minimal_Default.Minimal_Default:PersistentLevel' has LevelScriptBlueprint '/Game/StarterContent/Maps/Minimal_Default.Minimal_Default:PersistentLevel.Minimal_Default' with GeneratedClass '/Game/StarterContent/Maps/Minimal_Default.Minimal_Default_C' with ClassGeneratedBy '/Game/StarterContent/Maps/Minimal_Default.Minimal_Default:PersistentLevel.Minimal_Default'
[2016.02.14-18.06.42:323][934]LogPlayLevel: PlayLevel: No blueprints needed recompiling
[2016.02.14-18.06.42:323][934]PIE: New page: PIE session: Minimal_Default (Feb 14, 2016, 8:06:42 AM)
[2016.02.14-18.06.42:323][934]LogPlayLevel: Creating play world package: /Game/StarterContent/Maps/UEDPIE_0_Minimal_Default
[2016.02.14-18.06.42:328][934]LogPlayLevel: PIE: StaticDuplicateObject took: (0.005143s)
[2016.02.14-18.06.42:329][934]LogAIModule: Creating AISystem for world Minimal_Default
[2016.02.14-18.06.42:329][934]LogPlayLevel: PIE: World Init took: (0.000755s)
[2016.02.14-18.06.42:329][934]LogPlayLevel: PIE: Created PIE world by copying editor world from /Game/StarterContent/Maps/Minimal_Default.Minimal_Default to /Game/StarterContent/Maps/UEDPIE_0_Minimal_Default.Minimal_Default (0.006113s)
[2016.02.14-18.06.42:346][934]LogInit: XAudio2 using 'Speakers (ASUS Xonar DGX Audio Device)' : 2 channels at 44.1 kHz using 16 bits per sample (channel mask 0x3)
[2016.02.14-18.06.42:349][934]LogInit: FAudioDevice initialized.
[2016.02.14-18.06.42:383][934]LogWorld: Game class is 'AISafariGameMode'
[2016.02.14-18.06.42:385][934]LogWorld: Bringing World /Game/StarterContent/Maps/UEDPIE_0_Minimal_Default.Minimal_Default up for play (max tick rate 0) at 2016.02.14-13.06.42
[2016.02.14-18.06.42:386][934]LogActor:Warning: GameSession /Game/StarterContent/Maps/UEDPIE_0_Minimal_Default.Minimal_Default:PersistentLevel.GameSession_1 has natively added scene component(s), but none of them were set as the actor's RootComponent - picking one arbitrarily
[2016.02.14-18.06.42:386][934]LogActor:Warning: GameNetworkManager /Game/StarterContent/Maps/UEDPIE_0_Minimal_Default.Minimal_Default:PersistentLevel.GameNetworkManager_1 has natively added scene component(s), but none of them were set as the actor's RootComponent - picking one arbitrarily
[2016.02.14-18.06.42:386][934]LogWorld: Bringing up level for play took: 0.001655
[2016.02.14-18.06.42:387][934]PIE: Info Play in editor start time for /Game/StarterContent/Maps/UEDPIE_0_Minimal_Default 0.223
[2016.02.14-18.06.42:388][934]LogBlueprintUserMessages: Late PlayInEditor Detection: Level '/Game/StarterContent/Maps/Minimal_Default.Minimal_Default:PersistentLevel' has LevelScriptBlueprint '/Game/StarterContent/Maps/Minimal_Default.Minimal_Default:PersistentLevel.Minimal_Default' with GeneratedClass '/Game/StarterContent/Maps/Minimal_Default.Minimal_Default_C' with ClassGeneratedBy '/Game/StarterContent/Maps/Minimal_Default.Minimal_Default:PersistentLevel.Minimal_Default'
[2016.02.14-18.06.56:799][941]LogSelection:Warning: PIE object was selected: "DirectionalLight /Game/StarterContent/Maps/UEDPIE_0_Minimal_Default.Minimal_Default:PersistentLevel.LightSource"
[2016.02.14-18.07.15:362][687]LogSelection:Warning: PIE object was selected: "BP_FlockerManagerBase_C /Game/StarterContent/Maps/UEDPIE_0_Minimal_Default.Minimal_Default:PersistentLevel.BP_FlockerManagerBase_98"
[2016.02.14-18.07.22:970][598]LogBlueprintUserMessages: Early EndPlayMap Detection: Level '/Game/StarterContent/Maps/Minimal_Default.Minimal_Default:PersistentLevel' has LevelScriptBlueprint '/Game/StarterContent/Maps/Minimal_Default.Minimal_Default:PersistentLevel.Minimal_Default' with GeneratedClass '/Game/StarterContent/Maps/Minimal_Default.Minimal_Default_C' with ClassGeneratedBy '/Game/StarterContent/Maps/Minimal_Default.Minimal_Default:PersistentLevel.Minimal_Default'
[2016.02.14-18.07.23:004][598]LogBlueprintUserMessages: Late EndPlayMap Detection: Level '/Game/StarterContent/Maps/Minimal_Default.Minimal_Default:PersistentLevel' has LevelScriptBlueprint '/Game/StarterContent/Maps/Minimal_Default.Minimal_Default:PersistentLevel.Minimal_Default' with GeneratedClass '/Game/StarterContent/Maps/Minimal_Default.Minimal_Default_C' with ClassGeneratedBy '/Game/StarterContent/Maps/Minimal_Default.Minimal_Default:PersistentLevel.Minimal_Default'
[2016.02.14-18.07.23:029][599]LogParticles: Destroying 0 GPU particle simulations for FXSystem 0x000000BA1C2B8860
[2016.02.14-18.07.46:066][271]LogBlueprintUserMessages: Early PlayInEditor Detection: Level '/Game/StarterContent/Maps/Minimal_Default.Minimal_Default:PersistentLevel' has LevelScriptBlueprint '/Game/StarterContent/Maps/Minimal_Default.Minimal_Default:PersistentLevel.Minimal_Default' with GeneratedClass '/Game/StarterContent/Maps/Minimal_Default.Minimal_Default_C' with ClassGeneratedBy '/Game/StarterContent/Maps/Minimal_Default.Minimal_Default:PersistentLevel.Minimal_Default'
[2016.02.14-18.07.46:066][271]LogPlayLevel: PlayLevel: No blueprints needed recompiling
[2016.02.14-18.07.46:066][271]PIE: New page: PIE session: Minimal_Default (Feb 14, 2016, 8:07:46 AM)
[2016.02.14-18.07.46:067][271]LogPlayLevel: Creating play world package: /Game/StarterContent/Maps/UEDPIE_0_Minimal_Default
[2016.02.14-18.07.46:071][271]LogPlayLevel: PIE: StaticDuplicateObject took: (0.004833s)
[2016.02.14-18.07.46:072][271]LogAIModule: Creating AISystem for world Minimal_Default
[2016.02.14-18.07.46:072][271]LogPlayLevel: PIE: World Init took: (0.000568s)
[2016.02.14-18.07.46:072][271]LogPlayLevel: PIE: Created PIE world by copying editor world from /Game/StarterContent/Maps/Minimal_Default.Minimal_Default to /Game/StarterContent/Maps/UEDPIE_0_Minimal_Default.Minimal_Default (0.005563s)
[2016.02.14-18.07.46:092][271]LogInit: XAudio2 using 'Speakers (ASUS Xonar DGX Audio Device)' : 2 channels at 44.1 kHz using 16 bits per sample (channel mask 0x3)
[2016.02.14-18.07.46:094][271]LogInit: FAudioDevice initialized.
[2016.02.14-18.07.46:129][271]LogWorld: Game class is 'AISafariGameMode'
[2016.02.14-18.07.46:131][271]LogWorld: Bringing World /Game/StarterContent/Maps/UEDPIE_0_Minimal_Default.Minimal_Default up for play (max tick rate 0) at 2016.02.14-13.07.46
[2016.02.14-18.07.46:131][271]LogActor:Warning: GameSession /Game/StarterContent/Maps/UEDPIE_0_Minimal_Default.Minimal_Default:PersistentLevel.GameSession_2 has natively added scene component(s), but none of them were set as the actor's RootComponent - picking one arbitrarily
[2016.02.14-18.07.46:131][271]LogActor:Warning: GameNetworkManager /Game/StarterContent/Maps/UEDPIE_0_Minimal_Default.Minimal_Default:PersistentLevel.GameNetworkManager_2 has natively added scene component(s), but none of them were set as the actor's RootComponent - picking one arbitrarily
[2016.02.14-18.07.46:131][271]LogWorld: Bringing up level for play took: 0.001496
[2016.02.14-18.07.46:133][271]PIE: Info Play in editor start time for /Game/StarterContent/Maps/UEDPIE_0_Minimal_Default -0.032
[2016.02.14-18.07.46:133][271]LogBlueprintUserMessages: Late PlayInEditor Detection: Level '/Game/StarterContent/Maps/Minimal_Default.Minimal_Default:PersistentLevel' has LevelScriptBlueprint '/Game/StarterContent/Maps/Minimal_Default.Minimal_Default:PersistentLevel.Minimal_Default' with GeneratedClass '/Game/StarterContent/Maps/Minimal_Default.Minimal_Default_C' with ClassGeneratedBy '/Game/StarterContent/Maps/Minimal_Default.Minimal_Default:PersistentLevel.Minimal_Default'
[2016.02.14-18.08.00:896][273]LogD3D11RHI: Timed out while waiting for GPU to catch up. (500 ms)
[2016.02.14-18.08.06:382][274]LogD3D11RHI: Timed out while waiting for GPU to catch up. (0.5 s)
[2016.02.14-18.08.10:266][275]LogD3D11RHI: Timed out while waiting for GPU to catch up. (0.5 s)
[2016.02.14-18.08.20:891][281]LogBlueprintUserMessages: Early EndPlayMap Detection: Level '/Game/StarterContent/Maps/Minimal_Default.Minimal_Default:PersistentLevel' has LevelScriptBlueprint '/Game/StarterContent/Maps/Minimal_Default.Minimal_Default:PersistentLevel.Minimal_Default' with GeneratedClass '/Game/StarterContent/Maps/Minimal_Default.Minimal_Default_C' with ClassGeneratedBy '/Game/StarterContent/Maps/Minimal_Default.Minimal_Default:PersistentLevel.Minimal_Default'
[2016.02.14-18.08.20:927][281]LogBlueprintUserMessages: Late EndPlayMap Detection: Level '/Game/StarterContent/Maps/Minimal_Default.Minimal_Default:PersistentLevel' has LevelScriptBlueprint '/Game/StarterContent/Maps/Minimal_Default.Minimal_Default:PersistentLevel.Minimal_Default' with GeneratedClass '/Game/StarterContent/Maps/Minimal_Default.Minimal_Default_C' with ClassGeneratedBy '/Game/StarterContent/Maps/Minimal_Default.Minimal_Default:PersistentLevel.Minimal_Default'
[2016.02.14-18.08.20:950][282]LogParticles: Destroying 0 GPU particle simulations for FXSystem 0x000000BA4E334CC0
[2016.02.14-18.08.43:658][533]LogBlueprintUserMessages: Early PlayInEditor Detection: Level '/Game/StarterContent/Maps/Minimal_Default.Minimal_Default:PersistentLevel' has LevelScriptBlueprint '/Game/StarterContent/Maps/Minimal_Default.Minimal_Default:PersistentLevel.Minimal_Default' with GeneratedClass '/Game/StarterContent/Maps/Minimal_Default.Minimal_Default_C' with ClassGeneratedBy '/Game/StarterContent/Maps/Minimal_Default.Minimal_Default:PersistentLevel.Minimal_Default'
[2016.02.14-18.08.43:658][533]LogPlayLevel: PlayLevel: No blueprints needed recompiling
[2016.02.14-18.08.43:658][533]PIE: New page: PIE session: Minimal_Default (Feb 14, 2016, 8:08:43 AM)
[2016.02.14-18.08.43:658][533]LogPlayLevel: Creating play world package: /Game/StarterContent/Maps/UEDPIE_0_Minimal_Default
[2016.02.14-18.08.43:664][533]LogPlayLevel: PIE: StaticDuplicateObject took: (0.005610s)
[2016.02.14-18.08.43:665][533]LogAIModule: Creating AISystem for world Minimal_Default
[2016.02.14-18.08.43:665][533]LogPlayLevel: PIE: World Init took: (0.000776s)
[2016.02.14-18.08.43:665][533]LogPlayLevel: PIE: Created PIE world by copying editor world from /Game/StarterContent/Maps/Minimal_Default.Minimal_Default to /Game/StarterContent/Maps/UEDPIE_0_Minimal_Default.Minimal_Default (0.006625s)
[2016.02.14-18.08.43:681][533]LogInit: XAudio2 using 'Speakers (ASUS Xonar DGX Audio Device)' : 2 channels at 44.1 kHz using 16 bits per sample (channel mask 0x3)
[2016.02.14-18.08.43:684][533]LogInit: FAudioDevice initialized.
[2016.02.14-18.08.43:717][533]LogWorld: Game class is 'AISafariGameMode'
[2016.02.14-18.08.43:719][533]LogWorld: Bringing World /Game/StarterContent/Maps/UEDPIE_0_Minimal_Default.Minimal_Default up for play (max tick rate 0) at 2016.02.14-13.08.43
[2016.02.14-18.08.43:719][533]LogActor:Warning: GameSession /Game/StarterContent/Maps/UEDPIE_0_Minimal_Default.Minimal_Default:PersistentLevel.GameSession_3 has natively added scene component(s), but none of them were set as the actor's RootComponent - picking one arbitrarily
[2016.02.14-18.08.43:719][533]LogActor:Warning: GameNetworkManager /Game/StarterContent/Maps/UEDPIE_0_Minimal_Default.Minimal_Default:PersistentLevel.GameNetworkManager_3 has natively added scene component(s), but none of them were set as the actor's RootComponent - picking one arbitrarily
[2016.02.14-18.08.43:719][533]LogWorld: Bringing up level for play took: 0.001550
[2016.02.14-18.08.43:721][533]PIE: Info Play in editor start time for /Game/StarterContent/Maps/UEDPIE_0_Minimal_Default -0.444
[2016.02.14-18.08.43:721][533]LogBlueprintUserMessages: Late PlayInEditor Detection: Level '/Game/StarterContent/Maps/Minimal_Default.Minimal_Default:PersistentLevel' has LevelScriptBlueprint '/Game/StarterContent/Maps/Minimal_Default.Minimal_Default:PersistentLevel.Minimal_Default' with GeneratedClass '/Game/StarterContent/Maps/Minimal_Default.Minimal_Default_C' with ClassGeneratedBy '/Game/StarterContent/Maps/Minimal_Default.Minimal_Default:PersistentLevel.Minimal_Default'
[2016.02.14-18.08.48:514][ 79]LogBlueprintUserMessages: Early EndPlayMap Detection: Level '/Game/StarterContent/Maps/Minimal_Default.Minimal_Default:PersistentLevel' has LevelScriptBlueprint '/Game/StarterContent/Maps/Minimal_Default.Minimal_Default:PersistentLevel.Minimal_Default' with GeneratedClass '/Game/StarterContent/Maps/Minimal_Default.Minimal_Default_C' with ClassGeneratedBy '/Game/StarterContent/Maps/Minimal_Default.Minimal_Default:PersistentLevel.Minimal_Default'
[2016.02.14-18.08.48:550][ 79]LogBlueprintUserMessages: Late EndPlayMap Detection: Level '/Game/StarterContent/Maps/Minimal_Default.Minimal_Default:PersistentLevel' has LevelScriptBlueprint '/Game/StarterContent/Maps/Minimal_Default.Minimal_Default:PersistentLevel.Minimal_Default' with GeneratedClass '/Game/StarterContent/Maps/Minimal_Default.Minimal_Default_C' with ClassGeneratedBy '/Game/StarterContent/Maps/Minimal_Default.Minimal_Default:PersistentLevel.Minimal_Default'
[2016.02.14-18.08.48:576][ 80]LogParticles: Destroying 0 GPU particle simulations for FXSystem 0x000000BA4ABB3C40
[2016.02.14-18.08.49:596][198]LogBlueprintUserMessages: Early PlayInEditor Detection: Level '/Game/StarterContent/Maps/Minimal_Default.Minimal_Default:PersistentLevel' has LevelScriptBlueprint '/Game/StarterContent/Maps/Minimal_Default.Minimal_Default:PersistentLevel.Minimal_Default' with GeneratedClass '/Game/StarterContent/Maps/Minimal_Default.Minimal_Default_C' with ClassGeneratedBy '/Game/StarterContent/Maps/Minimal_Default.Minimal_Default:PersistentLevel.Minimal_Default'
[2016.02.14-18.08.49:596][198]LogPlayLevel: PlayLevel: No blueprints needed recompiling
[2016.02.14-18.08.49:596][198]PIE: New page: PIE session: Minimal_Default (Feb 14, 2016, 8:08:49 AM)
[2016.02.14-18.08.49:596][198]LogPlayLevel: Creating play world package: /Game/StarterContent/Maps/UEDPIE_0_Minimal_Default
[2016.02.14-18.08.49:601][198]LogPlayLevel: PIE: StaticDuplicateObject took: (0.004952s)
[2016.02.14-18.08.49:601][198]LogAIModule: Creating AISystem for world Minimal_Default
[2016.02.14-18.08.49:601][198]LogPlayLevel: PIE: World Init took: (0.000525s)
[2016.02.14-18.08.49:601][198]LogPlayLevel: PIE: Created PIE world by copying editor world from /Game/StarterContent/Maps/Minimal_Default.Minimal_Default to /Game/StarterContent/Maps/UEDPIE_0_Minimal_Default.Minimal_Default (0.005621s)
[2016.02.14-18.08.49:617][198]LogInit: XAudio2 using 'Speakers (ASUS Xonar DGX Audio Device)' : 2 channels at 44.1 kHz using 16 bits per sample (channel mask 0x3)
[2016.02.14-18.08.49:619][198]LogInit: FAudioDevice initialized.
[2016.02.14-18.08.49:648][198]LogWorld: Game class is 'AISafariGameMode'
[2016.02.14-18.08.49:650][198]LogWorld: Bringing World /Game/StarterContent/Maps/UEDPIE_0_Minimal_Default.Minimal_Default up for play (max tick rate 0) at 2016.02.14-13.08.49
[2016.02.14-18.08.49:650][198]LogActor:Warning: GameSession /Game/StarterContent/Maps/UEDPIE_0_Minimal_Default.Minimal_Default:PersistentLevel.GameSession_4 has natively added scene component(s), but none of them were set as the actor's RootComponent - picking one arbitrarily
[2016.02.14-18.08.49:650][198]LogActor:Warning: GameNetworkManager /Game/StarterContent/Maps/UEDPIE_0_Minimal_Default.Minimal_Default:PersistentLevel.GameNetworkManager_4 has natively added scene component(s), but none of them were set as the actor's RootComponent - picking one arbitrarily
[2016.02.14-18.08.49:651][198]LogWorld: Bringing up level for play took: 0.001499
[2016.02.14-18.08.49:652][198]PIE: Info Play in editor start time for /Game/StarterContent/Maps/UEDPIE_0_Minimal_Default -0.513
[2016.02.14-18.08.49:652][198]LogBlueprintUserMessages: Late PlayInEditor Detection: Level '/Game/StarterContent/Maps/Minimal_Default.Minimal_Default:PersistentLevel' has LevelScriptBlueprint '/Game/StarterContent/Maps/Minimal_Default.Minimal_Default:PersistentLevel.Minimal_Default' with GeneratedClass '/Game/StarterContent/Maps/Minimal_Default.Minimal_Default_C' with ClassGeneratedBy '/Game/StarterContent/Maps/Minimal_Default.Minimal_Default:PersistentLevel.Minimal_Default'
[2016.02.14-18.08.50:214][260]LogBlueprintUserMessages: Early EndPlayMap Detection: Level '/Game/StarterContent/Maps/Minimal_Default.Minimal_Default:PersistentLevel' has LevelScriptBlueprint '/Game/StarterContent/Maps/Minimal_Default.Minimal_Default:PersistentLevel.Minimal_Default' with GeneratedClass '/Game/StarterContent/Maps/Minimal_Default.Minimal_Default_C' with ClassGeneratedBy '/Game/StarterContent/Maps/Minimal_Default.Minimal_Default:PersistentLevel.Minimal_Default'
[2016.02.14-18.08.50:246][260]LogBlueprintUserMessages: Late EndPlayMap Detection: Level '/Game/StarterContent/Maps/Minimal_Default.Minimal_Default:PersistentLevel' has LevelScriptBlueprint '/Game/StarterContent/Maps/Minimal_Default.Minimal_Default:PersistentLevel.Minimal_Default' with GeneratedClass '/Game/StarterContent/Maps/Minimal_Default.Minimal_Default_C' with ClassGeneratedBy '/Game/StarterContent/Maps/Minimal_Default.Minimal_Default:PersistentLevel.Minimal_Default'
[2016.02.14-18.08.50:269][261]LogParticles: Destroying 0 GPU particle simulations for FXSystem 0x000000BA1C223240
[2016.02.14-18.08.50:689][308]LogBlueprintUserMessages: Early PlayInEditor Detection: Level '/Game/StarterContent/Maps/Minimal_Default.Minimal_Default:PersistentLevel' has LevelScriptBlueprint '/Game/StarterContent/Maps/Minimal_Default.Minimal_Default:PersistentLevel.Minimal_Default' with GeneratedClass '/Game/StarterContent/Maps/Minimal_Default.Minimal_Default_C' with ClassGeneratedBy '/Game/StarterContent/Maps/Minimal_Default.Minimal_Default:PersistentLevel.Minimal_Default'
[2016.02.14-18.08.50:689][308]LogPlayLevel: PlayLevel: No blueprints needed recompiling
[2016.02.14-18.08.50:689][308]PIE: New page: PIE session: Minimal_Default (Feb 14, 2016, 8:08:50 AM)
[2016.02.14-18.08.50:689][308]LogPlayLevel: Creating play world package: /Game/StarterContent/Maps/UEDPIE_0_Minimal_Default
[2016.02.14-18.08.50:694][308]LogPlayLevel: PIE: StaticDuplicateObject took: (0.005006s)
[2016.02.14-18.08.50:695][308]LogAIModule: Creating AISystem for world Minimal_Default
[2016.02.14-18.08.50:695][308]LogPlayLevel: PIE: World Init took: (0.000499s)
[2016.02.14-18.08.50:695][308]LogPlayLevel: PIE: Created PIE world by copying editor world from /Game/StarterContent/Maps/Minimal_Default.Minimal_Default to /Game/StarterContent/Maps/UEDPIE_0_Minimal_Default.Minimal_Default (0.005639s)
[2016.02.14-18.08.50:708][308]LogInit: XAudio2 using 'Speakers (ASUS Xonar DGX Audio Device)' : 2 channels at 44.1 kHz using 16 bits per sample (channel mask 0x3)
[2016.02.14-18.08.50:710][308]LogInit: FAudioDevice initialized.
[2016.02.14-18.08.50:741][308]LogWorld: Game class is 'AISafariGameMode'
[2016.02.14-18.08.50:743][308]LogWorld: Bringing World /Game/StarterContent/Maps/UEDPIE_0_Minimal_Default.Minimal_Default up for play (max tick rate 0) at 2016.02.14-13.08.50
[2016.02.14-18.08.50:743][308]LogActor:Warning: GameSession /Game/StarterContent/Maps/UEDPIE_0_Minimal_Default.Minimal_Default:PersistentLevel.GameSession_5 has natively added scene component(s), but none of them were set as the actor's RootComponent - picking one arbitrarily
[2016.02.14-18.08.50:743][308]LogActor:Warning: GameNetworkManager /Game/StarterContent/Maps/UEDPIE_0_Minimal_Default.Minimal_Default:PersistentLevel.GameNetworkManager_5 has natively added scene component(s), but none of them were set as the actor's RootComponent - picking one arbitrarily
[2016.02.14-18.08.50:743][308]LogWorld: Bringing up level for play took: 0.001696
[2016.02.14-18.08.50:745][308]PIE: Info Play in editor start time for /Game/StarterContent/Maps/UEDPIE_0_Minimal_Default 0.579
[2016.02.14-18.08.50:745][308]LogBlueprintUserMessages: Late PlayInEditor Detection: Level '/Game/StarterContent/Maps/Minimal_Default.Minimal_Default:PersistentLevel' has LevelScriptBlueprint '/Game/StarterContent/Maps/Minimal_Default.Minimal_Default:PersistentLevel.Minimal_Default' with GeneratedClass '/Game/StarterContent/Maps/Minimal_Default.Minimal_Default_C' with ClassGeneratedBy '/Game/StarterContent/Maps/Minimal_Default.Minimal_Default:PersistentLevel.Minimal_Default'
[2016.02.14-18.08.51:139][350]LogBlueprintUserMessages: Early EndPlayMap Detection: Level '/Game/StarterContent/Maps/Minimal_Default.Minimal_Default:PersistentLevel' has LevelScriptBlueprint '/Game/StarterContent/Maps/Minimal_Default.Minimal_Default:PersistentLevel.Minimal_Default' with GeneratedClass '/Game/StarterContent/Maps/Minimal_Default.Minimal_Default_C' with ClassGeneratedBy '/Game/StarterContent/Maps/Minimal_Default.Minimal_Default:PersistentLevel.Minimal_Default'
[2016.02.14-18.08.51:170][350]LogBlueprintUserMessages: Late EndPlayMap Detection: Level '/Game/StarterContent/Maps/Minimal_Default.Minimal_Default:PersistentLevel' has LevelScriptBlueprint '/Game/StarterContent/Maps/Minimal_Default.Minimal_Default:PersistentLevel.Minimal_Default' with GeneratedClass '/Game/StarterContent/Maps/Minimal_Default.Minimal_Default_C' with ClassGeneratedBy '/Game/StarterContent/Maps/Minimal_Default.Minimal_Default:PersistentLevel.Minimal_Default'
[2016.02.14-18.08.51:198][351]LogParticles: Destroying 0 GPU particle simulations for FXSystem 0x000000BA1C302980
[2016.02.14-18.08.51:522][387]LogBlueprintUserMessages: Early PlayInEditor Detection: Level '/Game/StarterContent/Maps/Minimal_Default.Minimal_Default:PersistentLevel' has LevelScriptBlueprint '/Game/StarterContent/Maps/Minimal_Default.Minimal_Default:PersistentLevel.Minimal_Default' with GeneratedClass '/Game/StarterContent/Maps/Minimal_Default.Minimal_Default_C' with ClassGeneratedBy '/Game/StarterContent/Maps/Minimal_Default.Minimal_Default:PersistentLevel.Minimal_Default'
[2016.02.14-18.08.51:522][387]LogPlayLevel: PlayLevel: No blueprints needed recompiling
[2016.02.14-18.08.51:522][387]PIE: New page: PIE session: Minimal_Default (Feb 14, 2016, 8:08:51 AM)
[2016.02.14-18.08.51:522][387]LogPlayLevel: Creating play world package: /Game/StarterContent/Maps/UEDPIE_0_Minimal_Default
[2016.02.14-18.08.51:528][387]LogPlayLevel: PIE: StaticDuplicateObject took: (0.005283s)
[2016.02.14-18.08.51:528][387]LogAIModule: Creating AISystem for world Minimal_Default
[2016.02.14-18.08.51:528][387]LogPlayLevel: PIE: World Init took: (0.000522s)
[2016.02.14-18.08.51:528][387]LogPlayLevel: PIE: Created PIE world by copying editor world from /Game/StarterContent/Maps/Minimal_Default.Minimal_Default to /Game/StarterContent/Maps/UEDPIE_0_Minimal_Default.Minimal_Default (0.005945s)
[2016.02.14-18.08.51:542][387]LogInit: XAudio2 using 'Speakers (ASUS Xonar DGX Audio Device)' : 2 channels at 44.1 kHz using 16 bits per sample (channel mask 0x3)
[2016.02.14-18.08.51:544][387]LogInit: FAudioDevice initialized.
[2016.02.14-18.08.51:578][387]LogWorld: Game class is 'AISafariGameMode'
[2016.02.14-18.08.51:580][387]LogWorld: Bringing World /Game/StarterContent/Maps/UEDPIE_0_Minimal_Default.Minimal_Default up for play (max tick rate 0) at 2016.02.14-13.08.51
[2016.02.14-18.08.51:580][387]LogActor:Warning: GameSession /Game/StarterContent/Maps/UEDPIE_0_Minimal_Default.Minimal_Default:PersistentLevel.GameSession_6 has natively added scene component(s), but none of them were set as the actor's RootComponent - picking one arbitrarily
[2016.02.14-18.08.51:580][387]LogActor:Warning: GameNetworkManager /Game/StarterContent/Maps/UEDPIE_0_Minimal_Default.Minimal_Default:PersistentLevel.GameNetworkManager_6 has natively added scene component(s), but none of them were set as the actor's RootComponent - picking one arbitrarily
[2016.02.14-18.08.51:580][387]LogWorld: Bringing up level for play took: 0.001489
[2016.02.14-18.08.51:581][387]PIE: Info Play in editor start time for /Game/StarterContent/Maps/UEDPIE_0_Minimal_Default -0.583
[2016.02.14-18.08.51:582][387]LogBlueprintUserMessages: Late PlayInEditor Detection: Level '/Game/StarterContent/Maps/Minimal_Default.Minimal_Default:PersistentLevel' has LevelScriptBlueprint '/Game/StarterContent/Maps/Minimal_Default.Minimal_Default:PersistentLevel.Minimal_Default' with GeneratedClass '/Game/StarterContent/Maps/Minimal_Default.Minimal_Default_C' with ClassGeneratedBy '/Game/StarterContent/Maps/Minimal_Default.Minimal_Default:PersistentLevel.Minimal_Default'
[2016.02.14-18.08.52:462][487]LogBlueprintUserMessages: Early EndPlayMap Detection: Level '/Game/StarterContent/Maps/Minimal_Default.Minimal_Default:PersistentLevel' has LevelScriptBlueprint '/Game/StarterContent/Maps/Minimal_Default.Minimal_Default:PersistentLevel.Minimal_Default' with GeneratedClass '/Game/StarterContent/Maps/Minimal_Default.Minimal_Default_C' with ClassGeneratedBy '/Game/StarterContent/Maps/Minimal_Default.Minimal_Default:PersistentLevel.Minimal_Default'
[2016.02.14-18.08.52:493][487]LogBlueprintUserMessages: Late EndPlayMap Detection: Level '/Game/StarterContent/Maps/Minimal_Default.Minimal_Default:PersistentLevel' has LevelScriptBlueprint '/Game/StarterContent/Maps/Minimal_Default.Minimal_Default:PersistentLevel.Minimal_Default' with GeneratedClass '/Game/StarterContent/Maps/Minimal_Default.Minimal_Default_C' with ClassGeneratedBy '/Game/StarterContent/Maps/Minimal_Default.Minimal_Default:PersistentLevel.Minimal_Default'
[2016.02.14-18.08.52:519][488]LogParticles: Destroying 0 GPU particle simulations for FXSystem 0x000000BA1C302E80
[2016.02.14-18.13.56:001][907]LogBlueprintUserMessages: Early PlayInEditor Detection: Level '/Game/StarterContent/Maps/Minimal_Default.Minimal_Default:PersistentLevel' has LevelScriptBlueprint '/Game/StarterContent/Maps/Minimal_Default.Minimal_Default:PersistentLevel.Minimal_Default' with GeneratedClass '/Game/StarterContent/Maps/Minimal_Default.Minimal_Default_C' with ClassGeneratedBy '/Game/StarterContent/Maps/Minimal_Default.Minimal_Default:PersistentLevel.Minimal_Default'
[2016.02.14-18.13.56:001][907]LogPlayLevel: PlayLevel: No blueprints needed recompiling
[2016.02.14-18.13.56:001][907]PIE: New page: PIE session: Minimal_Default (Feb 14, 2016, 8:13:56 AM)
[2016.02.14-18.13.56:002][907]LogPlayLevel: Creating play world package: /Game/StarterContent/Maps/UEDPIE_0_Minimal_Default
[2016.02.14-18.13.56:007][907]LogPlayLevel: PIE: StaticDuplicateObject took: (0.005350s)
[2016.02.14-18.13.56:008][907]LogAIModule: Creating AISystem for world Minimal_Default
[2016.02.14-18.13.56:008][907]LogPlayLevel: PIE: World Init took: (0.000780s)
[2016.02.14-18.13.56:008][907]LogPlayLevel: PIE: Created PIE world by copying editor world from /Game/StarterContent/Maps/Minimal_Default.Minimal_Default to /Game/StarterContent/Maps/UEDPIE_0_Minimal_Default.Minimal_Default (0.006306s)
[2016.02.14-18.13.56:025][907]LogInit: XAudio2 using 'Speakers (ASUS Xonar DGX Audio Device)' : 2 channels at 44.1 kHz using 16 bits per sample (channel mask 0x3)
[2016.02.14-18.13.56:028][907]LogInit: FAudioDevice initialized.
[2016.02.14-18.13.56:063][907]LogWorld: Game class is 'AISafariGameMode'
[2016.02.14-18.13.56:064][907]LogWorld: Bringing World /Game/StarterContent/Maps/UEDPIE_0_Minimal_Default.Minimal_Default up for play (max tick rate 0) at 2016.02.14-13.13.56
[2016.02.14-18.13.56:065][907]LogActor:Warning: GameSession /Game/StarterContent/Maps/UEDPIE_0_Minimal_Default.Minimal_Default:PersistentLevel.GameSession_7 has natively added scene component(s), but none of them were set as the actor's RootComponent - picking one arbitrarily
[2016.02.14-18.13.56:065][907]LogActor:Warning: GameNetworkManager /Game/StarterContent/Maps/UEDPIE_0_Minimal_Default.Minimal_Default:PersistentLevel.GameNetworkManager_7 has natively added scene component(s), but none of them were set as the actor's RootComponent - picking one arbitrarily
[2016.02.14-18.13.56:065][907]LogWorld: Bringing up level for play took: 0.001579
[2016.02.14-18.13.56:066][907]PIE: Info Play in editor start time for /Game/StarterContent/Maps/UEDPIE_0_Minimal_Default -0.099
[2016.02.14-18.13.56:066][907]LogBlueprintUserMessages: Late PlayInEditor Detection: Level '/Game/StarterContent/Maps/Minimal_Default.Minimal_Default:PersistentLevel' has LevelScriptBlueprint '/Game/StarterContent/Maps/Minimal_Default.Minimal_Default:PersistentLevel.Minimal_Default' with GeneratedClass '/Game/StarterContent/Maps/Minimal_Default.Minimal_Default_C' with ClassGeneratedBy '/Game/StarterContent/Maps/Minimal_Default.Minimal_Default:PersistentLevel.Minimal_Default'
[2016.02.14-18.14.06:316][909]LogD3D11RHI: Timed out while waiting for GPU to catch up. (500 ms)
[2016.02.14-18.14.10:050][910]LogD3D11RHI: Timed out while waiting for GPU to catch up. (0.5 s)
[2016.02.14-18.14.50:752][930]LogBlueprintUserMessages: Early EndPlayMap Detection: Level '/Game/StarterContent/Maps/Minimal_Default.Minimal_Default:PersistentLevel' has LevelScriptBlueprint '/Game/StarterContent/Maps/Minimal_Default.Minimal_Default:PersistentLevel.Minimal_Default' with GeneratedClass '/Game/StarterContent/Maps/Minimal_Default.Minimal_Default_C' with ClassGeneratedBy '/Game/StarterContent/Maps/Minimal_Default.Minimal_Default:PersistentLevel.Minimal_Default'
[2016.02.14-18.14.50:785][930]LogBlueprintUserMessages: Late EndPlayMap Detection: Level '/Game/StarterContent/Maps/Minimal_Default.Minimal_Default:PersistentLevel' has LevelScriptBlueprint '/Game/StarterContent/Maps/Minimal_Default.Minimal_Default:PersistentLevel.Minimal_Default' with GeneratedClass '/Game/StarterContent/Maps/Minimal_Default.Minimal_Default_C' with ClassGeneratedBy '/Game/StarterContent/Maps/Minimal_Default.Minimal_Default:PersistentLevel.Minimal_Default'
[2016.02.14-18.14.50:806][931]LogParticles: Destroying 0 GPU particle simulations for FXSystem 0x000000BA1C31ECA0
[2016.02.14-18.15.55:419][299]LogHotReload: New module detected: UE4Editor-AISafari-9580.dll
[2016.02.14-18.15.56:096][302]LogHotReload: Starting Hot-Reload from IDE
[2016.02.14-18.15.56:158][302]LogContentBrowser: Native class hierarchy updated for 'AISafari' in 0.0010 seconds. Added 4 classes and 3 folders.
[2016.02.14-18.15.56:159][302]Warning: HotReload successful (0 functions remapped  0 scriptstructs remapped)
[2016.02.14-18.15.56:203][302]LogContentBrowser: Native class hierarchy populated in 0.0062 seconds. Added 1872 classes and 338 folders.
[2016.02.14-18.15.58:615][400]LogBlueprintUserMessages: Early PlayInEditor Detection: Level '/Game/StarterContent/Maps/Minimal_Default.Minimal_Default:PersistentLevel' has LevelScriptBlueprint '/Game/StarterContent/Maps/Minimal_Default.Minimal_Default:PersistentLevel.Minimal_Default' with GeneratedClass '/Game/StarterContent/Maps/Minimal_Default.Minimal_Default_C' with ClassGeneratedBy '/Game/StarterContent/Maps/Minimal_Default.Minimal_Default:PersistentLevel.Minimal_Default'
[2016.02.14-18.15.58:615][400]LogPlayLevel: PlayLevel: No blueprints needed recompiling
[2016.02.14-18.15.58:616][400]PIE: New page: PIE session: Minimal_Default (Feb 14, 2016, 8:15:58 AM)
[2016.02.14-18.15.58:616][400]LogPlayLevel: Creating play world package: /Game/StarterContent/Maps/UEDPIE_0_Minimal_Default
[2016.02.14-18.15.58:620][400]LogPlayLevel: PIE: StaticDuplicateObject took: (0.004611s)
[2016.02.14-18.15.58:621][400]LogAIModule: Creating AISystem for world Minimal_Default
[2016.02.14-18.15.58:621][400]LogPlayLevel: PIE: World Init took: (0.000543s)
[2016.02.14-18.15.58:621][400]LogPlayLevel: PIE: Created PIE world by copying editor world from /Game/StarterContent/Maps/Minimal_Default.Minimal_Default to /Game/StarterContent/Maps/UEDPIE_0_Minimal_Default.Minimal_Default (0.005305s)
[2016.02.14-18.15.58:636][400]LogInit: XAudio2 using 'Speakers (ASUS Xonar DGX Audio Device)' : 2 channels at 44.1 kHz using 16 bits per sample (channel mask 0x3)
[2016.02.14-18.15.58:638][400]LogInit: FAudioDevice initialized.
[2016.02.14-18.15.58:669][400]LogWorld: Game class is 'AISafariGameMode'
[2016.02.14-18.15.58:671][400]LogWorld: Bringing World /Game/StarterContent/Maps/UEDPIE_0_Minimal_Default.Minimal_Default up for play (max tick rate 0) at 2016.02.14-13.15.58
[2016.02.14-18.15.58:671][400]LogActor:Warning: GameSession /Game/StarterContent/Maps/UEDPIE_0_Minimal_Default.Minimal_Default:PersistentLevel.GameSession_8 has natively added scene component(s), but none of them were set as the actor's RootComponent - picking one arbitrarily
[2016.02.14-18.15.58:671][400]LogActor:Warning: GameNetworkManager /Game/StarterContent/Maps/UEDPIE_0_Minimal_Default.Minimal_Default:PersistentLevel.GameNetworkManager_8 has natively added scene component(s), but none of them were set as the actor's RootComponent - picking one arbitrarily
[2016.02.14-18.15.58:671][400]LogWorld: Bringing up level for play took: 0.001465
[2016.02.14-18.15.58:672][400]PIE: Info Play in editor start time for /Game/StarterContent/Maps/UEDPIE_0_Minimal_Default 0.507
[2016.02.14-18.15.58:672][400]LogBlueprintUserMessages: Late PlayInEditor Detection: Level '/Game/StarterContent/Maps/Minimal_Default.Minimal_Default:PersistentLevel' has LevelScriptBlueprint '/Game/StarterContent/Maps/Minimal_Default.Minimal_Default:PersistentLevel.Minimal_Default' with GeneratedClass '/Game/StarterContent/Maps/Minimal_Default.Minimal_Default_C' with ClassGeneratedBy '/Game/StarterContent/Maps/Minimal_Default.Minimal_Default:PersistentLevel.Minimal_Default'
[2016.02.14-18.16.07:776][467]LogBlueprintUserMessages: Early EndPlayMap Detection: Level '/Game/StarterContent/Maps/Minimal_Default.Minimal_Default:PersistentLevel' has LevelScriptBlueprint '/Game/StarterContent/Maps/Minimal_Default.Minimal_Default:PersistentLevel.Minimal_Default' with GeneratedClass '/Game/StarterContent/Maps/Minimal_Default.Minimal_Default_C' with ClassGeneratedBy '/Game/StarterContent/Maps/Minimal_Default.Minimal_Default:PersistentLevel.Minimal_Default'
[2016.02.14-18.16.07:810][467]LogBlueprintUserMessages: Late EndPlayMap Detection: Level '/Game/StarterContent/Maps/Minimal_Default.Minimal_Default:PersistentLevel' has LevelScriptBlueprint '/Game/StarterContent/Maps/Minimal_Default.Minimal_Default:PersistentLevel.Minimal_Default' with GeneratedClass '/Game/StarterContent/Maps/Minimal_Default.Minimal_Default_C' with ClassGeneratedBy '/Game/StarterContent/Maps/Minimal_Default.Minimal_Default:PersistentLevel.Minimal_Default'
[2016.02.14-18.16.07:818][467]LogParticles: Destroying 0 GPU particle simulations for FXSystem 0x000000BA1C31EB60
[2016.02.14-18.16.16:784][768]LogBlueprintUserMessages: Early PlayInEditor Detection: Level '/Game/StarterContent/Maps/Minimal_Default.Minimal_Default:PersistentLevel' has LevelScriptBlueprint '/Game/StarterContent/Maps/Minimal_Default.Minimal_Default:PersistentLevel.Minimal_Default' with GeneratedClass '/Game/StarterContent/Maps/Minimal_Default.Minimal_Default_C' with ClassGeneratedBy '/Game/StarterContent/Maps/Minimal_Default.Minimal_Default:PersistentLevel.Minimal_Default'
[2016.02.14-18.16.16:784][768]LogPlayLevel: PlayLevel: No blueprints needed recompiling
[2016.02.14-18.16.16:784][768]PIE: New page: PIE session: Minimal_Default (Feb 14, 2016, 8:16:16 AM)
[2016.02.14-18.16.16:784][768]LogPlayLevel: Creating play world package: /Game/StarterContent/Maps/UEDPIE_0_Minimal_Default
[2016.02.14-18.16.16:788][768]LogPlayLevel: PIE: StaticDuplicateObject took: (0.004234s)
[2016.02.14-18.16.16:789][768]LogAIModule: Creating AISystem for world Minimal_Default
[2016.02.14-18.16.16:789][768]LogPlayLevel: PIE: World Init took: (0.000512s)
[2016.02.14-18.16.16:789][768]LogPlayLevel: PIE: Created PIE world by copying editor world from /Game/StarterContent/Maps/Minimal_Default.Minimal_Default to /Game/StarterContent/Maps/UEDPIE_0_Minimal_Default.Minimal_Default (0.004889s)
[2016.02.14-18.16.16:803][768]LogInit: XAudio2 using 'Speakers (ASUS Xonar DGX Audio Device)' : 2 channels at 44.1 kHz using 16 bits per sample (channel mask 0x3)
[2016.02.14-18.16.16:806][768]LogInit: FAudioDevice initialized.
[2016.02.14-18.16.16:838][768]LogWorld: Game class is 'AISafariGameMode'
[2016.02.14-18.16.16:840][768]LogWorld: Bringing World /Game/StarterContent/Maps/UEDPIE_0_Minimal_Default.Minimal_Default up for play (max tick rate 0) at 2016.02.14-13.16.16
[2016.02.14-18.16.16:840][768]LogActor:Warning: GameSession /Game/StarterContent/Maps/UEDPIE_0_Minimal_Default.Minimal_Default:PersistentLevel.GameSession_9 has natively added scene component(s), but none of them were set as the actor's RootComponent - picking one arbitrarily
[2016.02.14-18.16.16:840][768]LogActor:Warning: GameNetworkManager /Game/StarterContent/Maps/UEDPIE_0_Minimal_Default.Minimal_Default:PersistentLevel.GameNetworkManager_9 has natively added scene component(s), but none of them were set as the actor's RootComponent - picking one arbitrarily
[2016.02.14-18.16.16:840][768]LogWorld: Bringing up level for play took: 0.002031
[2016.02.14-18.16.16:842][768]PIE: Info Play in editor start time for /Game/StarterContent/Maps/UEDPIE_0_Minimal_Default 0.677
[2016.02.14-18.16.16:842][768]LogBlueprintUserMessages: Late PlayInEditor Detection: Level '/Game/StarterContent/Maps/Minimal_Default.Minimal_Default:PersistentLevel' has LevelScriptBlueprint '/Game/StarterContent/Maps/Minimal_Default.Minimal_Default:PersistentLevel.Minimal_Default' with GeneratedClass '/Game/StarterContent/Maps/Minimal_Default.Minimal_Default_C' with ClassGeneratedBy '/Game/StarterContent/Maps/Minimal_Default.Minimal_Default:PersistentLevel.Minimal_Default'
[2016.02.14-18.16.38:104][770]LogD3D11RHI: Timed out while waiting for GPU to catch up. (500 ms)
[2016.02.14-18.16.42:452][771]LogD3D11RHI: Timed out while waiting for GPU to catch up. (0.5 s)
[2016.02.14-18.17.02:056][818]LogHotReload: New module detected: UE4Editor-AISafari-208.dll
[2016.02.14-18.17.02:734][821]LogHotReload: Starting Hot-Reload from IDE
[2016.02.14-18.17.02:772][821]LogContentBrowser: Native class hierarchy updated for 'AISafari' in 0.0009 seconds. Added 4 classes and 3 folders.
[2016.02.14-18.17.02:773][821]Warning: HotReload successful (0 functions remapped  0 scriptstructs remapped)
[2016.02.14-18.17.02:819][821]LogContentBrowser: Native class hierarchy populated in 0.0069 seconds. Added 1872 classes and 338 folders.
[2016.02.14-18.17.04:895][847]LogBlueprintUserMessages: Early EndPlayMap Detection: Level '/Game/StarterContent/Maps/Minimal_Default.Minimal_Default:PersistentLevel' has LevelScriptBlueprint '/Game/StarterContent/Maps/Minimal_Default.Minimal_Default:PersistentLevel.Minimal_Default' with GeneratedClass '/Game/StarterContent/Maps/Minimal_Default.Minimal_Default_C' with ClassGeneratedBy '/Game/StarterContent/Maps/Minimal_Default.Minimal_Default:PersistentLevel.Minimal_Default'
[2016.02.14-18.17.04:929][847]LogBlueprintUserMessages: Late EndPlayMap Detection: Level '/Game/StarterContent/Maps/Minimal_Default.Minimal_Default:PersistentLevel' has LevelScriptBlueprint '/Game/StarterContent/Maps/Minimal_Default.Minimal_Default:PersistentLevel.Minimal_Default' with GeneratedClass '/Game/StarterContent/Maps/Minimal_Default.Minimal_Default_C' with ClassGeneratedBy '/Game/StarterContent/Maps/Minimal_Default.Minimal_Default:PersistentLevel.Minimal_Default'
[2016.02.14-18.17.04:951][848]LogParticles: Destroying 0 GPU particle simulations for FXSystem 0x000000BA4AA42F20
[2016.02.14-18.17.05:901][960]LogBlueprintUserMessages: Early PlayInEditor Detection: Level '/Game/StarterContent/Maps/Minimal_Default.Minimal_Default:PersistentLevel' has LevelScriptBlueprint '/Game/StarterContent/Maps/Minimal_Default.Minimal_Default:PersistentLevel.Minimal_Default' with GeneratedClass '/Game/StarterContent/Maps/Minimal_Default.Minimal_Default_C' with ClassGeneratedBy '/Game/StarterContent/Maps/Minimal_Default.Minimal_Default:PersistentLevel.Minimal_Default'
[2016.02.14-18.17.05:901][960]LogPlayLevel: PlayLevel: No blueprints needed recompiling
[2016.02.14-18.17.05:901][960]PIE: New page: PIE session: Minimal_Default (Feb 14, 2016, 8:17:05 AM)
[2016.02.14-18.17.05:901][960]LogPlayLevel: Creating play world package: /Game/StarterContent/Maps/UEDPIE_0_Minimal_Default
[2016.02.14-18.17.05:906][960]LogPlayLevel: PIE: StaticDuplicateObject took: (0.004875s)
[2016.02.14-18.17.05:906][960]LogAIModule: Creating AISystem for world Minimal_Default
[2016.02.14-18.17.05:906][960]LogPlayLevel: PIE: World Init took: (0.000572s)
[2016.02.14-18.17.05:906][960]LogPlayLevel: PIE: Created PIE world by copying editor world from /Game/StarterContent/Maps/Minimal_Default.Minimal_Default to /Game/StarterContent/Maps/UEDPIE_0_Minimal_Default.Minimal_Default (0.005616s)
[2016.02.14-18.17.05:920][960]LogInit: XAudio2 using 'Speakers (ASUS Xonar DGX Audio Device)' : 2 channels at 44.1 kHz using 16 bits per sample (channel mask 0x3)
[2016.02.14-18.17.05:922][960]LogInit: FAudioDevice initialized.
[2016.02.14-18.17.05:959][960]LogWorld: Game class is 'AISafariGameMode'
[2016.02.14-18.17.05:961][960]LogWorld: Bringing World /Game/StarterContent/Maps/UEDPIE_0_Minimal_Default.Minimal_Default up for play (max tick rate 0) at 2016.02.14-13.17.05
[2016.02.14-18.17.05:961][960]LogActor:Warning: GameSession /Game/StarterContent/Maps/UEDPIE_0_Minimal_Default.Minimal_Default:PersistentLevel.GameSession_10 has natively added scene component(s), but none of them were set as the actor's RootComponent - picking one arbitrarily
[2016.02.14-18.17.05:961][960]LogActor:Warning: GameNetworkManager /Game/StarterContent/Maps/UEDPIE_0_Minimal_Default.Minimal_Default:PersistentLevel.GameNetworkManager_10 has natively added scene component(s), but none of them were set as the actor's RootComponent - picking one arbitrarily
[2016.02.14-18.17.05:961][960]LogWorld: Bringing up level for play took: 0.001509
[2016.02.14-18.17.05:963][960]PIE: Info Play in editor start time for /Game/StarterContent/Maps/UEDPIE_0_Minimal_Default -0.203
[2016.02.14-18.17.05:963][960]LogBlueprintUserMessages: Late PlayInEditor Detection: Level '/Game/StarterContent/Maps/Minimal_Default.Minimal_Default:PersistentLevel' has LevelScriptBlueprint '/Game/StarterContent/Maps/Minimal_Default.Minimal_Default:PersistentLevel.Minimal_Default' with GeneratedClass '/Game/StarterContent/Maps/Minimal_Default.Minimal_Default_C' with ClassGeneratedBy '/Game/StarterContent/Maps/Minimal_Default.Minimal_Default:PersistentLevel.Minimal_Default'
[2016.02.14-18.18.31:676][466]LogBlueprintUserMessages: Early EndPlayMap Detection: Level '/Game/StarterContent/Maps/Minimal_Default.Minimal_Default:PersistentLevel' has LevelScriptBlueprint '/Game/StarterContent/Maps/Minimal_Default.Minimal_Default:PersistentLevel.Minimal_Default' with GeneratedClass '/Game/StarterContent/Maps/Minimal_Default.Minimal_Default_C' with ClassGeneratedBy '/Game/StarterContent/Maps/Minimal_Default.Minimal_Default:PersistentLevel.Minimal_Default'
[2016.02.14-18.18.31:713][466]LogBlueprintUserMessages: Late EndPlayMap Detection: Level '/Game/StarterContent/Maps/Minimal_Default.Minimal_Default:PersistentLevel' has LevelScriptBlueprint '/Game/StarterContent/Maps/Minimal_Default.Minimal_Default:PersistentLevel.Minimal_Default' with GeneratedClass '/Game/StarterContent/Maps/Minimal_Default.Minimal_Default_C' with ClassGeneratedBy '/Game/StarterContent/Maps/Minimal_Default.Minimal_Default:PersistentLevel.Minimal_Default'
[2016.02.14-18.18.31:737][467]LogParticles: Destroying 0 GPU particle simulations for FXSystem 0x000000BA4CDE9EE0
[2016.02.14-18.20.26:407][353]LogHotReload: New module detected: UE4Editor-AISafari-1126.dll
[2016.02.14-18.20.26:767][355]LogHotReload: Starting Hot-Reload from IDE
[2016.02.14-18.20.26:826][355]LogContentBrowser: Native class hierarchy updated for 'AISafari' in 0.0011 seconds. Added 4 classes and 3 folders.
[2016.02.14-18.20.26:827][355]Warning: HotReload successful (0 functions remapped  0 scriptstructs remapped)
[2016.02.14-18.20.26:868][355]LogContentBrowser: Native class hierarchy populated in 0.0060 seconds. Added 1872 classes and 338 folders.
[2016.02.14-18.21.01:740][459]LogHotReload: New module detected: UE4Editor-AISafari-8308.dll
[2016.02.14-18.21.02:417][462]LogHotReload: Starting Hot-Reload from IDE
[2016.02.14-18.21.02:489][462]LogContentBrowser: Native class hierarchy updated for 'AISafari' in 0.0017 seconds. Added 4 classes and 3 folders.
[2016.02.14-18.21.02:492][462]Warning: HotReload successful (0 functions remapped  0 scriptstructs remapped)
[2016.02.14-18.21.02:543][462]LogContentBrowser: Native class hierarchy populated in 0.0064 seconds. Added 1872 classes and 338 folders.
[2016.02.14-18.21.06:812][584]LogBlueprintUserMessages: Early PlayInEditor Detection: Level '/Game/StarterContent/Maps/Minimal_Default.Minimal_Default:PersistentLevel' has LevelScriptBlueprint '/Game/StarterContent/Maps/Minimal_Default.Minimal_Default:PersistentLevel.Minimal_Default' with GeneratedClass '/Game/StarterContent/Maps/Minimal_Default.Minimal_Default_C' with ClassGeneratedBy '/Game/StarterContent/Maps/Minimal_Default.Minimal_Default:PersistentLevel.Minimal_Default'
[2016.02.14-18.21.06:812][584]LogPlayLevel: PlayLevel: No blueprints needed recompiling
[2016.02.14-18.21.06:812][584]PIE: New page: PIE session: Minimal_Default (Feb 14, 2016, 8:21:06 AM)
[2016.02.14-18.21.06:812][584]LogPlayLevel: Creating play world package: /Game/StarterContent/Maps/UEDPIE_0_Minimal_Default
[2016.02.14-18.21.06:817][584]LogPlayLevel: PIE: StaticDuplicateObject took: (0.004718s)
[2016.02.14-18.21.06:817][584]LogAIModule: Creating AISystem for world Minimal_Default
[2016.02.14-18.21.06:817][584]LogPlayLevel: PIE: World Init took: (0.000576s)
[2016.02.14-18.21.06:817][584]LogPlayLevel: PIE: Created PIE world by copying editor world from /Game/StarterContent/Maps/Minimal_Default.Minimal_Default to /Game/StarterContent/Maps/UEDPIE_0_Minimal_Default.Minimal_Default (0.005435s)
[2016.02.14-18.21.06:832][584]LogInit: XAudio2 using 'Speakers (ASUS Xonar DGX Audio Device)' : 2 channels at 44.1 kHz using 16 bits per sample (channel mask 0x3)
[2016.02.14-18.21.06:834][584]LogInit: FAudioDevice initialized.
[2016.02.14-18.21.06:868][584]LogWorld: Game class is 'AISafariGameMode'
[2016.02.14-18.21.06:870][584]LogWorld: Bringing World /Game/StarterContent/Maps/UEDPIE_0_Minimal_Default.Minimal_Default up for play (max tick rate 0) at 2016.02.14-13.21.06
[2016.02.14-18.21.06:870][584]LogActor:Warning: GameSession /Game/StarterContent/Maps/UEDPIE_0_Minimal_Default.Minimal_Default:PersistentLevel.GameSession_11 has natively added scene component(s), but none of them were set as the actor's RootComponent - picking one arbitrarily
[2016.02.14-18.21.06:870][584]LogActor:Warning: GameNetworkManager /Game/StarterContent/Maps/UEDPIE_0_Minimal_Default.Minimal_Default:PersistentLevel.GameNetworkManager_11 has natively added scene component(s), but none of them were set as the actor's RootComponent - picking one arbitrarily
[2016.02.14-18.21.06:870][584]LogWorld: Bringing up level for play took: 0.001619
[2016.02.14-18.21.06:872][584]PIE: Info Play in editor start time for /Game/StarterContent/Maps/UEDPIE_0_Minimal_Default 0.706
[2016.02.14-18.21.06:872][584]LogBlueprintUserMessages: Late PlayInEditor Detection: Level '/Game/StarterContent/Maps/Minimal_Default.Minimal_Default:PersistentLevel' has LevelScriptBlueprint '/Game/StarterContent/Maps/Minimal_Default.Minimal_Default:PersistentLevel.Minimal_Default' with GeneratedClass '/Game/StarterContent/Maps/Minimal_Default.Minimal_Default_C' with ClassGeneratedBy '/Game/StarterContent/Maps/Minimal_Default.Minimal_Default:PersistentLevel.Minimal_Default'
[2016.02.14-18.21.07:042][584]LogCrashTracker: 


[2016.02.14-18.21.07:042][584]LogCrashTracker: 


[2016.02.14-18.21.07:042][584]LogWindows: === Critical error: ===
Fatal error!



[2016.02.14-18.21.07:128][584]LogExit: Executing StaticShutdownAfterError
[2016.02.14-18.21.07:132][584]LogPhysics:Warning: PHYSX: ..\..\PhysX\src\NpScene.cpp (2946) 8 : PxScene::unlockWrite() called without matching call to PxScene::lockWrite(), behaviour will be undefined.
[2016.02.14-18.21.07:132][584]LogPhysics:Warning: PHYSX: ..\..\PhysX\src\NpScene.cpp (2946) 8 : PxScene::unlockWrite() called without matching call to PxScene::lockWrite(), behaviour will be undefined.
[2016.02.14-18.21.07:132][584]LogPhysics:Warning: PHYSX: ..\..\PhysX\src\NpScene.cpp (2946) 8 : PxScene::unlockWrite() called without matching call to PxScene::lockWrite(), behaviour will be undefined.
[2016.02.14-18.21.07:132][584]LogPhysics:Warning: PHYSX: ..\..\PhysX\src\NpScene.cpp (2946) 8 : PxScene::unlockWrite() called without matching call to PxScene::lockWrite(), behaviour will be undefined.
[2016.02.14-18.21.07:132][584]LogWindows: FPlatformMisc::RequestExit(1)
[2016.02.14-18.21.07:132][584]Log file closed, 02/14/16 13:21:07
