[2016.02.18-19.33.31:629][  0]Log file open, 02/18/16 14:33:31
[2016.02.18-19.33.31:629][  0]LogInit:Display: Running engine for game: AISafari
[2016.02.18-19.33.31:629][  0]LogPlatformFile: Not using cached read wrapper
[2016.02.18-19.33.31:629][  0]LogInit:Display: RandInit(1512650904) SRandInit(1512650907).
[2016.02.18-19.33.31:629][  0]LogTaskGraph: Started task graph with 4 named threads and 5 total threads.
[2016.02.18-19.33.31:629][  0]LogStats: Stats thread started at 0.199247
[2016.02.18-19.33.31:629][  0]LogInit:Warning: Incompatible or missing module: UE4Editor-AISafari.dll
[2016.02.18-19.33.34:589][  0]Running C:/Program Files (x86)/Epic Games/4.10/Engine/Binaries/DotNET/UnrealBuildTool.exe AISafari Development Win64 -project="D:/AI-Safari/AISafari/AISafari.uproject" -rocket -editorrecompile -progress -noubtmakefiles -2015
[2016.02.18-19.33.38:100][  0]@progress push 5%
[2016.02.18-19.33.38:703][  0]Parsing headers for AISafariEditor
[2016.02.18-19.33.38:803][  0]  Running UnrealHeaderTool "D:/AI-Safari/AISafari/AISafari.uproject" "D:\AI-Safari\AISafari\Intermediate\Build\Win64\AISafariEditor\Development\UnrealHeaderTool.manifest" -LogCmds="loginit warning, logexit warning, logdatabase error" -rocket -installed
[2016.02.18-19.33.43:808][  0]Reflection code generated for AISafariEditor in 5.0665523 seconds
[2016.02.18-19.33.44:008][  0]@progress pop
[2016.02.18-19.33.46:116][  0]Performing 13 actions (2 in parallel)
[2016.02.18-19.33.46:116][  0][2/13] Resource PCLaunch.rc
[2016.02.18-19.33.46:116][  0]PCH.AISafari.h.cpp
[2016.02.18-19.33.46:418][  0][3/13] Resource ModuleVersionResource.rc.inl
[2016.02.18-19.34.03:048][  0]FlockerBase.cpp
[2016.02.18-19.34.03:048][  0]AISafari.generated.cpp
[2016.02.18-19.34.03:350][  0]D:\AI-Safari\AISafari\Source\AISafari\BaseClasses\FlockerBase.cpp(196): warning C4996: 'FVector::ClampMaxSize': Deprecated due to unclear name, use GetClampedToMaxSize instead. Please update your code to the new API before upgrading to the next release, otherwise your project will no longer compile.
[2016.02.18-19.34.03:350][  0]c:\program files (x86)\epic games\4.10\engine\source\runtime\core\public\math\Vector.h(1581): note: see declaration of 'FVector::ClampMaxSize'
[2016.02.18-19.34.03:852][  0]FlockerManagerBase.cpp
[2016.02.18-19.34.04:052][  0]OctTreeBase.cpp
[2016.02.18-19.34.04:453][  0]OctantBase.cpp
[2016.02.18-19.34.04:754][  0]AutoAgent.cpp
[2016.02.18-19.34.04:954][  0]D:\AI-Safari\AISafari\Source\AISafari\BaseClasses\AutoAgent.cpp(24): warning C4996: 'FVector::ClampMaxSize': Deprecated due to unclear name, use GetClampedToMaxSize instead. Please update your code to the new API before upgrading to the next release, otherwise your project will no longer compile.
[2016.02.18-19.34.04:954][  0]c:\program files (x86)\epic games\4.10\engine\source\runtime\core\public\math\Vector.h(1581): note: see declaration of 'FVector::ClampMaxSize'
[2016.02.18-19.34.04:955][  0]D:\AI-Safari\AISafari\Source\AISafari\BaseClasses\AutoAgent.cpp(27): warning C4996: 'FVector::ClampMaxSize': Deprecated due to unclear name, use GetClampedToMaxSize instead. Please update your code to the new API before upgrading to the next release, otherwise your project will no longer compile.
[2016.02.18-19.34.04:955][  0]c:\program files (x86)\epic games\4.10\engine\source\runtime\core\public\math\Vector.h(1581): note: see declaration of 'FVector::ClampMaxSize'
[2016.02.18-19.34.04:955][  0]D:\AI-Safari\AISafari\Source\AISafari\BaseClasses\AutoAgent.cpp(29): warning C4996: 'FVector::ClampMaxSize': Deprecated due to unclear name, use GetClampedToMaxSize instead. Please update your code to the new API before upgrading to the next release, otherwise your project will no longer compile.
[2016.02.18-19.34.04:956][  0]c:\program files (x86)\epic games\4.10\engine\source\runtime\core\public\math\Vector.h(1581): note: see declaration of 'FVector::ClampMaxSize'
[2016.02.18-19.34.04:956][  0]D:\AI-Safari\AISafari\Source\AISafari\BaseClasses\AutoAgent.cpp(34): warning C4996: 'FVector::ClampMaxSize': Deprecated due to unclear name, use GetClampedToMaxSize instead. Please update your code to the new API before upgrading to the next release, otherwise your project will no longer compile.
[2016.02.18-19.34.04:957][  0]c:\program files (x86)\epic games\4.10\engine\source\runtime\core\public\math\Vector.h(1581): note: see declaration of 'FVector::ClampMaxSize'
[2016.02.18-19.34.04:957][  0]D:\AI-Safari\AISafari\Source\AISafari\BaseClasses\AutoAgent.cpp(37): warning C4996: 'FVector::ClampMaxSize': Deprecated due to unclear name, use GetClampedToMaxSize instead. Please update your code to the new API before upgrading to the next release, otherwise your project will no longer compile.
[2016.02.18-19.34.04:957][  0]c:\program files (x86)\epic games\4.10\engine\source\runtime\core\public\math\Vector.h(1581): note: see declaration of 'FVector::ClampMaxSize'
[2016.02.18-19.34.04:958][  0]D:\AI-Safari\AISafari\Source\AISafari\BaseClasses\AutoAgent.cpp(39): warning C4996: 'FVector::ClampMaxSize': Deprecated due to unclear name, use GetClampedToMaxSize instead. Please update your code to the new API before upgrading to the next release, otherwise your project will no longer compile.
[2016.02.18-19.34.04:958][  0]c:\program files (x86)\epic games\4.10\engine\source\runtime\core\public\math\Vector.h(1581): note: see declaration of 'FVector::ClampMaxSize'
[2016.02.18-19.34.04:959][  0]D:\AI-Safari\AISafari\Source\AISafari\BaseClasses\AutoAgent.cpp(59): warning C4996: 'FVector::ClampMaxSize': Deprecated due to unclear name, use GetClampedToMaxSize instead. Please update your code to the new API before upgrading to the next release, otherwise your project will no longer compile.
[2016.02.18-19.34.04:959][  0]c:\program files (x86)\epic games\4.10\engine\source\runtime\core\public\math\Vector.h(1581): note: see declaration of 'FVector::ClampMaxSize'
[2016.02.18-19.34.05:160][  0]AISafariGameMode.cpp
[2016.02.18-19.34.05:261][  0]ActorReferenceStruct.cpp
[2016.02.18-19.34.05:361][  0]AISafari.cpp
[2016.02.18-19.34.05:863][  0][13/13] Link UE4Editor-AISafari.dll
[2016.02.18-19.34.06:064][  0]   Creating library D:\AI-Safari\AISafari\Intermediate/Build/Win64\UE4Editor\Development\UE4Editor-AISafari.lib and object D:\AI-Safari\AISafari\Intermediate/Build/Win64\UE4Editor\Development\UE4Editor-AISafari.exp
[2016.02.18-19.34.06:465][  0]-------- End Detailed Actions Stats -----------------------------------------------------------
[2016.02.18-19.34.06:465][  0]Total build time: 31.83 seconds
[2016.02.18-19.34.07:015][  0]LogInit: Version: 4.10.3-2866931+++depot+UE4-Releases+4.10
[2016.02.18-19.34.07:015][  0]LogInit: API Version: 2758231
[2016.02.18-19.34.07:015][  0]LogInit: Compiled (64-bit): Feb 15 2016 08:20:45
[2016.02.18-19.34.07:015][  0]LogInit: Compiled with Visual C++: 19.00.23026.00
[2016.02.18-19.34.07:015][  0]LogInit: Build Configuration: Development
[2016.02.18-19.34.07:015][  0]LogInit: Branch Name: ++depot+UE4-Releases+4.10
[2016.02.18-19.34.07:015][  0]LogInit: Command line:  
[2016.02.18-19.34.07:015][  0]LogInit: Base directory: C:/Program Files (x86)/Epic Games/4.10/Engine/Binaries/Win64/
[2016.02.18-19.34.07:015][  0]LogInit: Rocket: 1
[2016.02.18-19.34.07:038][  0]LogInit: Using libcurl 7.41.0
[2016.02.18-19.34.07:038][  0]LogInit:  - built for x86_64-pc-win32
[2016.02.18-19.34.07:038][  0]LogInit:  - supports SSL with WinSSL
[2016.02.18-19.34.07:038][  0]LogInit:  - other features:
[2016.02.18-19.34.07:038][  0]LogInit:      CURL_VERSION_SSL
[2016.02.18-19.34.07:038][  0]LogInit:      CURL_VERSION_IPV6
[2016.02.18-19.34.07:038][  0]LogInit:      CURL_VERSION_ASYNCHDNS
[2016.02.18-19.34.07:038][  0]LogInit:      CURL_VERSION_LARGEFILE
[2016.02.18-19.34.07:038][  0]LogInit:      CURL_VERSION_IDN
[2016.02.18-19.34.07:038][  0]LogInit:  CurlRequestOptions (configurable via config and command line):
[2016.02.18-19.34.07:038][  0]LogInit:  - bVerifyPeer = true  - Libcurl will verify peer certificate
[2016.02.18-19.34.07:038][  0]LogInit:  - bUseHttpProxy = false  - Libcurl will NOT use HTTP proxy
[2016.02.18-19.34.07:038][  0]LogInit:  - bDontReuseConnections = false  - Libcurl will reuse connections
[2016.02.18-19.34.07:038][  0]LogInit:  - CertBundlePath = nullptr  - Libcurl will use whatever was configured at build time.
[2016.02.18-19.34.07:048][  0]LogInit: Presizing for 0 objects not considered by GC, pre-allocating 0 bytes.
[2016.02.18-19.34.07:053][  0]LogInit: Object subsystem initialized
[2016.02.18-19.34.07:063][  0]LogInit: Selected Device Profile: [Windows]
[2016.02.18-19.34.07:063][  0]LogInit: Applying CVar settings loaded from the selected device profile: [Windows]
[2016.02.18-19.34.07:074][  0]LogInit: Computer: IMM-14
[2016.02.18-19.34.07:074][  0]LogInit: User: mf7753
[2016.02.18-19.34.07:074][  0]LogInit: CPU Page size=4096, Cores=2
[2016.02.18-19.34.07:074][  0]LogInit: High frequency timer resolution =3.410067 MHz
[2016.02.18-19.34.07:074][  0]LogMemory: Memory total: Physical=15.9GB (16GB approx)
[2016.02.18-19.34.07:074][  0]LogMemory: Platform Memory Stats for Windows
[2016.02.18-19.34.07:074][  0]LogMemory: Process Physical Memory: 59.80 MB used, 59.80 MB peak
[2016.02.18-19.34.07:074][  0]LogMemory: Process Virtual Memory: 57.87 MB used, 57.87 MB peak
[2016.02.18-19.34.07:074][  0]LogMemory: Physical Memory: 3144.37 MB used, 16308.36 MB total
[2016.02.18-19.34.07:074][  0]LogMemory: Virtual Memory: 397.29 MB used, 134217728.00 MB total
[2016.02.18-19.34.07:137][  0]LogTextLocalizationManager: No specific translations for ('en-US') exist, so ('en') translations will be used.
[2016.02.18-19.34.07:536][  0]LogD3D11RHI: Found D3D11 adapter 0: NVIDIA GeForce GTX 970 (Feature Level 11_0)
[2016.02.18-19.34.07:536][  0]LogD3D11RHI: Adapter has 4007MB of dedicated video memory, 0MB of dedicated system memory, and 8154MB of shared system memory, 1 output[s]
[2016.02.18-19.34.07:544][  0]LogD3D11RHI: Found D3D11 adapter 1: Microsoft Basic Render Driver (Feature Level 11_0)
[2016.02.18-19.34.07:544][  0]LogD3D11RHI: Adapter has 0MB of dedicated video memory, 0MB of dedicated system memory, and 8154MB of shared system memory, 0 output[s]
[2016.02.18-19.34.07:544][  0]LogD3D11RHI: Chosen D3D11 Adapter Id = 0
[2016.02.18-19.34.07:548][  0]LogD3D11RHI: !Direct3DDevice
[2016.02.18-19.34.07:548][  0]LogRHI: Texture pool is 1361 MB (70% of 1945 MB)
[2016.02.18-19.34.07:559][  0]LogD3D11RHI: Async texture creation enabled
[2016.02.18-19.34.07:582][  0]LogShaderCompilers: Guid format shader working directory is 26 characters bigger than the processId version (D:/AI-Safari/AISafari/Intermediate/Shaders/WorkingDirectory/1556/).
[2016.02.18-19.34.07:582][  0]LogShaderCompilers: Cleaned the shader compiler working directory 'D:/Users/mf7753/AppData/Local/Temp/UnrealShaderWorkingDir/CC103DA14C534317B168A9BB3F0B781E/'.
[2016.02.18-19.34.07:582][  0]LogShaderCompilers:Display: Using Local Shader Compiler.
[2016.02.18-19.34.08:277][  0]LogTemp:Display: Loaded TP AllDesktopTargetPlatform
[2016.02.18-19.34.08:280][  0]LogTemp:Display: Loaded TP WindowsClientTargetPlatform
[2016.02.18-19.34.08:284][  0]LogTemp:Display: Loaded TP WindowsNoEditorTargetPlatform
[2016.02.18-19.34.08:289][  0]LogTemp:Display: Loaded TP WindowsServerTargetPlatform
[2016.02.18-19.34.08:293][  0]LogTemp:Display: Loaded TP WindowsTargetPlatform
[2016.02.18-19.34.08:296][  0]LogTemp:Display: Loaded TP AndroidTargetPlatform
[2016.02.18-19.34.08:298][  0]LogTemp:Display: Loaded TP Android_ASTCTargetPlatform
[2016.02.18-19.34.08:301][  0]LogTemp:Display: Loaded TP Android_ATCTargetPlatform
[2016.02.18-19.34.08:304][  0]LogTemp:Display: Loaded TP Android_DXTTargetPlatform
[2016.02.18-19.34.08:306][  0]LogTemp:Display: Loaded TP Android_ETC1TargetPlatform
[2016.02.18-19.34.08:309][  0]LogTemp:Display: Loaded TP Android_ETC2TargetPlatform
[2016.02.18-19.34.08:314][  0]LogTemp:Display: Loaded TP Android_MultiTargetPlatform
[2016.02.18-19.34.08:314][  0]LogTemp:Display: Loaded TP Android_PVRTCTargetPlatform
[2016.02.18-19.34.08:316][  0]LogTemp:Display: Loaded TP HTML5TargetPlatform
[2016.02.18-19.34.08:333][  0]LogTemp:Display: Loaded TP IOSTargetPlatform
[2016.02.18-19.34.08:335][  0]LogTemp:Display: Loaded TP LinuxNoEditorTargetPlatform
[2016.02.18-19.34.08:337][  0]LogTemp:Display: Loaded TP LinuxServerTargetPlatform
[2016.02.18-19.34.08:340][  0]LogTemp:Display: Loaded TP LinuxTargetPlatform
[2016.02.18-19.34.08:340][  0]LogTargetPlatformManager:Display: Building Assets For Windows
[2016.02.18-19.34.08:413][  0]LogDerivedDataCache:Display: Max Cache Size: 512 MB
[2016.02.18-19.34.08:414][  0]LogDerivedDataCache:Display: Starting with empty Boot cache
[2016.02.18-19.34.08:414][  0]LogDerivedDataCache: FDerivedDataBackendGraph:  Pak pak cache file D:/AI-Safari/AISafari/DerivedDataCache/DDC.ddp not found, will not use a pak cache.
[2016.02.18-19.34.08:414][  0]LogDerivedDataCache: Unable to find inner node Pak for hierarchical cache Hierarchy.
[2016.02.18-19.34.08:414][  0]LogDerivedDataCache: FDerivedDataBackendGraph:  CompressedPak pak cache file D:/AI-Safari/AISafari/DerivedDataCache/Compressed.ddp not found, will not use a pak cache.
[2016.02.18-19.34.08:414][  0]LogDerivedDataCache: Unable to find inner node CompressedPak for hierarchical cache Hierarchy.
[2016.02.18-19.34.08:460][  0]LogDerivedDataCache:Display: Pak cache opened for reading ../../../Engine/DerivedDataCache/Compressed.ddp.
[2016.02.18-19.34.08:472][  0]LogDerivedDataCache: Using Local data cache path D:/Users/mf7753/AppData/Local/UnrealEngine/Common/DerivedDataCache: Writable
[2016.02.18-19.34.08:781][  0]LogInit: Selected Device Profile: [Windows]
[2016.02.18-19.34.08:786][  0]LogContentStreaming: Texture pool size is 0.000000MB
[2016.02.18-19.34.08:903][  0]LogMeshUtilities: No automatic mesh reduction module available
[2016.02.18-19.34.08:903][  0]LogMeshUtilities: No automatic mesh merging module available
[2016.02.18-19.34.09:205][  0]LogInit: WinSock: version 1.1 (2.2), MaxSocks=32767, MaxUdp=65467
[2016.02.18-19.34.09:843][  0]UdpMessaging: Initializing bridge on interface 0.0.0.0:0 to multicast group 230.0.0.1:6666.
[2016.02.18-19.34.09:955][  0]LogAssetRegistry: FAssetRegistry took 0.0108 seconds to start up
[2016.02.18-19.34.10:132][  0]SourceControl: Info Source control is disabled
[2016.02.18-19.34.10:169][  0]SourceControl: Info Source control is disabled
[2016.02.18-19.34.10:180][  0]SourceControl: Info Source control is disabled
[2016.02.18-19.34.10:189][  0]SourceControl: Info Source control is disabled
[2016.02.18-19.34.10:430][  0]LogObj: 28652 objects as part of root set at end of initial load.
[2016.02.18-19.34.10:430][  0]LogUObjectAllocator: 6107520 out of 0 bytes used by permanent object pool.
[2016.02.18-19.34.10:487][  0]LogEngine: Initializing Engine...
[2016.02.18-19.34.10:490][  0]LogHMD: Can't find Oculus library dev build: is proper Runtime installed? Version: 0.8.0.0
[2016.02.18-19.34.10:492][  0]LogHMD: SteamVR failed to initialize.  Err: 110
[2016.02.18-19.34.10:636][  0]LogAIModule: Creating AISystem for world NewWorld
[2016.02.18-19.34.10:650][  0]LogInit: XAudio2 using 'Speakers / Headphones (3- Realtek High Definition Audio)' : 2 channels at 48 kHz using 32 bits per sample (channel mask 0x3)
[2016.02.18-19.34.10:682][  0]LogInit: FAudioDevice initialized.
[2016.02.18-19.34.10:698][  0]LogDerivedDataCache: Saved boot cache 0.02s 41MB D:/Users/mf7753/AppData/Local/UnrealEngine/4.10/DerivedDataCache/Boot.ddc.
[2016.02.18-19.34.10:703][  0]LogInit: Texture streaming: Enabled
[2016.02.18-19.34.10:709][  0]LogAnalytics: Creating configured Analytics provider AnalyticsET
[2016.02.18-19.34.10:709][  0]LogAnalytics: [UEEditor.Rocket.Release] APIServer = http://et2.epicgames.com/ET2/. AppVersion = 4.10.3-2866931+++depot+UE4-Releases+4.10
[2016.02.18-19.34.10:709][  0]LogAnalytics: [UEEditor.Rocket.Release] SetUserId 19436b9c4bf3e397854cc683670877db|bf53cbffe59f4e9db34bcfb7c5342fed|28f313b4-5acb-499d-8f9f-e1729882657c
[2016.02.18-19.34.10:709][  0]LogAnalytics: [UEEditor.Rocket.Release] AnalyticsET::StartSession
[2016.02.18-19.34.10:717][  0]LogInit: Transaction tracking system initialized
[2016.02.18-19.34.10:745][  0]BlueprintLog: New page: Editor Load
[2016.02.18-19.34.10:826][  0]LocalizationService: Info Localization service is disabled
[2016.02.18-19.34.10:905][  0]LogConsoleResponse:Display: 
[2016.02.18-19.34.11:018][  0]LogCook:Display: Done creating registry. It took  0.00s.
[2016.02.18-19.34.11:076][  0]LogFileCache: Scanning file cache for directory 'D:/AI-Safari/AISafari/Content/' took 0.01s
[2016.02.18-19.34.11:076][  0]SourceControl: Info Source control is disabled
[2016.02.18-19.34.11:076][  0]Cmd: MAP LOAD FILE="D:/AI-Safari/AISafari/Content/StarterContent/Maps/Minimal_Default.umap" TEMPLATE=0 SHOWPROGRESS=1 FEATURELEVEL=3
[2016.02.18-19.34.11:077][  0]LightingResults: New page: Lighting Build
[2016.02.18-19.34.11:081][  0]MapCheck: New page: Map Check
[2016.02.18-19.34.11:081][  0]LightingResults: New page: Lighting Build
[2016.02.18-19.34.11:100][  0]LogParticles: Destroying 0 GPU particle simulations for FXSystem 0x000000BDF4769D00
[2016.02.18-19.34.11:326][  0]LogAIModule: Creating AISystem for world Minimal_Default
[2016.02.18-19.34.11:340][  0]LogEditorServer: Finished looking for orphan Actors (0.000 secs)
[2016.02.18-19.34.11:341][  0]Cmd: MAP CHECKDEP NOCLEARLOG
[2016.02.18-19.34.11:390][  0]MapCheck: Info Map check complete: 0 Error(s), 0 Warning(s), took 48.631ms to complete.
[2016.02.18-19.34.11:390][  0]LogFileHelpers: Loading map 'Minimal_Default' took 0.314
[2016.02.18-19.34.11:502][  0]LogCollectionManager: Loaded 0 collections in 0.001662 seconds
[2016.02.18-19.34.11:542][  0]LogFileCache: Scanning file cache for directory 'D:/AI-Safari/AISafari/Saved/Collections/' took 0.01s
[2016.02.18-19.34.11:542][  0]LogFileCache: Scanning file cache for directory 'D:/AI-Safari/AISafari/Content/Developers/mf7753/Collections/' took 0.01s
[2016.02.18-19.34.11:542][  0]LogFileCache: Scanning file cache for directory 'D:/AI-Safari/AISafari/Content/Collections/' took 0.01s
[2016.02.18-19.34.11:542][  0]LogCollectionManager: Rebuilt the GUID cache for 0 collections in 0.000003 seconds
[2016.02.18-19.34.11:549][  0]LogContentBrowser: Native class hierarchy populated in 0.0067 seconds. Added 1897 classes and 341 folders.
[2016.02.18-19.34.11:556][  0]LogContentBrowser: Native class hierarchy updated for 'WidgetCarousel' in 0.0012 seconds. Added 0 classes and 0 folders.
[2016.02.18-19.34.11:815][  0]LogContentBrowser: Native class hierarchy updated for 'AddContentDialog' in 0.0014 seconds. Added 0 classes and 0 folders.
[2016.02.18-19.34.11:820][  0]LogContentBrowser: Native class hierarchy updated for 'SceneOutliner' in 0.0014 seconds. Added 1 classes and 2 folders.
[2016.02.18-19.34.11:839][  0]LogCrashTracker: Crashtracker disabled due to settings.
[2016.02.18-19.34.11:845][  0]LogUObjectGlobals:Warning: Failed to find object 'Class None.'
[2016.02.18-19.34.11:867][  0]LogLoad: Full Startup: 41.30 seconds (BP compile: 0.04 seconds)
[2016.02.18-19.34.11:878][  0]LogOcInput: Can't find Oculus library dev build: is proper Runtime installed? Version: 0.8.0.0
[2016.02.18-19.34.11:915][  0]LogContentStreaming: Texture pool size now 1000 MB
[2016.02.18-19.34.12:025][  0]LogRenderer: Reallocating scene render targets to support 1208x572 (Frame:2).
[2016.02.18-19.34.12:279][  4]LogAssetRegistry: Asset discovery search completed in 2.3347 seconds
[2016.02.18-19.34.12:279][  4]LogCollectionManager: Rebuilt the object cache for 0 collections in 0.000001 seconds (found 0 objects)
[2016.02.18-19.34.12:279][  4]LogCollectionManager: Fixed up redirectors for 0 collections in 0.000026 seconds (updated 0 objects)
[2016.02.18-19.34.37:374][881]LogBlueprintUserMessages: Early PlayInEditor Detection: Level '/Game/StarterContent/Maps/Minimal_Default.Minimal_Default:PersistentLevel' has LevelScriptBlueprint '/Game/StarterContent/Maps/Minimal_Default.Minimal_Default:PersistentLevel.Minimal_Default' with GeneratedClass '/Game/StarterContent/Maps/Minimal_Default.Minimal_Default_C' with ClassGeneratedBy '/Game/StarterContent/Maps/Minimal_Default.Minimal_Default:PersistentLevel.Minimal_Default'
[2016.02.18-19.34.37:375][881]LogPlayLevel: PlayLevel: No blueprints needed recompiling
[2016.02.18-19.34.37:375][881]PIE: New page: PIE session: Minimal_Default (Feb 18, 2016, 9:34:37 AM)
[2016.02.18-19.34.37:375][881]LogPlayLevel: Creating play world package: /Game/StarterContent/Maps/UEDPIE_0_Minimal_Default
[2016.02.18-19.34.37:382][881]LogPlayLevel: PIE: StaticDuplicateObject took: (0.006709s)
[2016.02.18-19.34.37:382][881]LogAIModule: Creating AISystem for world Minimal_Default
[2016.02.18-19.34.37:382][881]LogPlayLevel: PIE: World Init took: (0.000703s)
[2016.02.18-19.34.37:382][881]LogPlayLevel: PIE: Created PIE world by copying editor world from /Game/StarterContent/Maps/Minimal_Default.Minimal_Default to /Game/StarterContent/Maps/UEDPIE_0_Minimal_Default.Minimal_Default (0.007629s)
[2016.02.18-19.34.37:406][881]LogInit: XAudio2 using 'Speakers / Headphones (3- Realtek High Definition Audio)' : 2 channels at 48 kHz using 32 bits per sample (channel mask 0x3)
[2016.02.18-19.34.37:414][881]LogInit: FAudioDevice initialized.
[2016.02.18-19.34.37:457][881]LogWorld: Game class is 'AISafariGameMode'
[2016.02.18-19.34.37:461][881]LogWorld: Bringing World /Game/StarterContent/Maps/UEDPIE_0_Minimal_Default.Minimal_Default up for play (max tick rate 0) at 2016.02.18-14.34.37
[2016.02.18-19.34.37:461][881]LogActor:Warning: GameSession /Game/StarterContent/Maps/UEDPIE_0_Minimal_Default.Minimal_Default:PersistentLevel.GameSession_0 has natively added scene component(s), but none of them were set as the actor's RootComponent - picking one arbitrarily
[2016.02.18-19.34.37:461][881]LogActor:Warning: GameNetworkManager /Game/StarterContent/Maps/UEDPIE_0_Minimal_Default.Minimal_Default:PersistentLevel.GameNetworkManager_0 has natively added scene component(s), but none of them were set as the actor's RootComponent - picking one arbitrarily
[2016.02.18-19.34.37:462][881]LogWorld: Bringing up level for play took: 0.001971
[2016.02.18-19.34.37:631][881]PIE: Info Play in editor start time for /Game/StarterContent/Maps/UEDPIE_0_Minimal_Default 0.952
[2016.02.18-19.34.37:632][881]LogBlueprintUserMessages: Late PlayInEditor Detection: Level '/Game/StarterContent/Maps/Minimal_Default.Minimal_Default:PersistentLevel' has LevelScriptBlueprint '/Game/StarterContent/Maps/Minimal_Default.Minimal_Default:PersistentLevel.Minimal_Default' with GeneratedClass '/Game/StarterContent/Maps/Minimal_Default.Minimal_Default_C' with ClassGeneratedBy '/Game/StarterContent/Maps/Minimal_Default.Minimal_Default:PersistentLevel.Minimal_Default'
[2016.02.18-19.34.51:605][294]LogBlueprintUserMessages: Early EndPlayMap Detection: Level '/Game/StarterContent/Maps/Minimal_Default.Minimal_Default:PersistentLevel' has LevelScriptBlueprint '/Game/StarterContent/Maps/Minimal_Default.Minimal_Default:PersistentLevel.Minimal_Default' with GeneratedClass '/Game/StarterContent/Maps/Minimal_Default.Minimal_Default_C' with ClassGeneratedBy '/Game/StarterContent/Maps/Minimal_Default.Minimal_Default:PersistentLevel.Minimal_Default'
[2016.02.18-19.34.51:641][294]LogBlueprintUserMessages: Late EndPlayMap Detection: Level '/Game/StarterContent/Maps/Minimal_Default.Minimal_Default:PersistentLevel' has LevelScriptBlueprint '/Game/StarterContent/Maps/Minimal_Default.Minimal_Default:PersistentLevel.Minimal_Default' with GeneratedClass '/Game/StarterContent/Maps/Minimal_Default.Minimal_Default_C' with ClassGeneratedBy '/Game/StarterContent/Maps/Minimal_Default.Minimal_Default:PersistentLevel.Minimal_Default'
[2016.02.18-19.34.51:665][294]LogParticles: Destroying 0 GPU particle simulations for FXSystem 0x000000BD81350540
[2016.02.18-19.35.45:725][747]Running C:/Program Files (x86)/Epic Games/4.10/Engine/Binaries/DotNET/UnrealBuildTool.exe  -projectfiles -project="D:/AI-Safari/AISafari/AISafari.uproject" -game -rocket -progress -2015
[2016.02.18-19.35.46:029][747]Discovering modules, targets and source code for game...
[2016.02.18-19.35.49:848][747]LogVSAccessor:Warning: Couldn't access Visual Studio
[2016.02.18-19.35.49:854][747]Recompiling AISafari...
[2016.02.18-19.35.49:854][747]Launching UnrealBuildTool... [C:/Program Files (x86)/Epic Games/4.10/Engine/Binaries/DotNET/UnrealBuildTool.exe AISafari -ModuleWithSuffix AISafari 3851 Win64 Development -editorrecompile -canskiplink "D:/AI-Safari/AISafari/AISafari.uproject" -rocket  -rocket -2015]
[2016.02.18-19.36.01:909][747]CompilerResultsLog: New page: Compilation - Feb 18, 2016, 9:36:01 AM
[2016.02.18-19.36.01:909][747]CompilerResultsLog: Info Performing full C++ include scan (hot reloading a new target)
[2016.02.18-19.36.01:909][747]CompilerResultsLog: Info Creating makefile for hot reloading AISafari (game project files are newer)
[2016.02.18-19.36.01:909][747]CompilerResultsLog: Info Compiling game modules for hot reload
[2016.02.18-19.36.01:909][747]CompilerResultsLog: Info Parsing headers for AISafariEditor
[2016.02.18-19.36.01:909][747]CompilerResultsLog: Info   Running UnrealHeaderTool "D:/AI-Safari/AISafari/AISafari.uproject" "D:\AI-Safari\AISafari\Intermediate\Build\Win64\AISafariEditor\Development\UnrealHeaderTool.manifest" -LogCmds="loginit warning, logexit warning, logdatabase error" -rocket -installed
[2016.02.18-19.36.01:909][747]CompilerResultsLog: Info Reflection code generated for AISafariEditor in 4.9129427 seconds
[2016.02.18-19.36.01:909][747]CompilerResultsLog: Info Performing 3 actions (2 in parallel)
[2016.02.18-19.36.01:909][747]CompilerResultsLog: Info AISafari.generated.cpp
[2016.02.18-19.36.01:909][747]CompilerResultsLog: Info EmuBrain.cpp
[2016.02.18-19.36.01:909][747]CompilerResultsLog: Info [3/3] Link UE4Editor-AISafari-3851.dll
[2016.02.18-19.36.01:909][747]CompilerResultsLog: Info    Creating library D:\AI-Safari\AISafari\Intermediate/Build/Win64\UE4Editor\Development\UE4Editor-AISafari-3851.lib and object D:\AI-Safari\AISafari\Intermediate/Build/Win64\UE4Editor\Development\UE4Editor-AISafari-3851.exp
[2016.02.18-19.36.01:909][747]CompilerResultsLog: Info -------- End Detailed Actions Stats -----------------------------------------------------------
[2016.02.18-19.36.01:909][747]CompilerResultsLog: Info Total build time: 11.98 seconds
[2016.02.18-19.36.01:909][747]LogMainFrame: MainFrame: Module compiling took 12.062 seconds
[2016.02.18-19.36.01:953][747]LogClass: Could not find existing class EmuBrain in package /Script/AISafari for HotReload, assuming new class
[2016.02.18-19.36.01:956][747]LogContentBrowser: Native class hierarchy updated for 'AISafari' in 0.0017 seconds. Added 5 classes and 3 folders.
[2016.02.18-19.36.01:957][747]Warning: HotReload successful (0 functions remapped  0 scriptstructs remapped)
[2016.02.18-19.36.02:006][747]LogContentBrowser: Native class hierarchy populated in 0.0073 seconds. Added 1899 classes and 343 folders.
[2016.02.18-19.36.02:008][747]Warning: HotReload operation took 12.2s.
[2016.02.18-19.36.02:056][747]LogHotReload: New module detected: UE4Editor-AISafari-3851.dll
[2016.02.18-19.36.02:074][748]LogHotReload: Starting Hot-Reload from IDE
[2016.02.18-19.36.02:122][748]LogContentBrowser: Native class hierarchy updated for 'AISafari' in 0.0015 seconds. Added 5 classes and 3 folders.
[2016.02.18-19.36.02:123][748]Warning: HotReload successful (0 functions remapped  0 scriptstructs remapped)
[2016.02.18-19.36.02:134][748]LogContentBrowser: Native class hierarchy populated in 0.0087 seconds. Added 1899 classes and 343 folders.
[2016.02.18-19.36.46:528][863]LogVSAccessor:Warning: Visual Studio is open but could not be queried - it may be blocked by a modal operation
[2016.02.18-19.36.46:957][864]LogVSAccessor:Warning: Visual Studio is open but could not be queried - it may be blocked by a modal operation
[2016.02.18-19.36.47:290][865]LogVSAccessor:Warning: Visual Studio is open but could not be queried - it may be blocked by a modal operation
[2016.02.18-19.36.50:126][866]LogVSAccessor:Warning: Visual Studio is open but could not be queried - it may be blocked by a modal operation
[2016.02.18-19.36.50:159][867]LogVSAccessor:Warning: Visual Studio is open but could not be queried - it may be blocked by a modal 