[2016.02.15-21.53.19:506][  0]Log file open, 02/15/16 16:53:19
[2016.02.15-21.53.19:506][  0]LogInit:Display: Running engine for game: AISafari
[2016.02.15-21.53.19:506][  0]LogInit:Display: RandInit(1690772868) SRandInit(1690772868).
[2016.02.15-21.53.19:506][  0]LogTaskGraph: Started task graph with 4 named threads and 7 total threads.
[2016.02.15-21.53.19:506][  0]LogStats: Stats thread started at 0.065462
[2016.02.15-21.53.19:506][  0]LogInit: Version: 4.9.2-2707645+++depot+UE4-Releases+4.9
[2016.02.15-21.53.19:506][  0]LogInit: API Version: 2672455
[2016.02.15-21.53.19:506][  0]LogInit: Compiled (64-bit): Sep 28 2015 10:25:44
[2016.02.15-21.53.19:506][  0]LogInit: Compiled with Visual C++: 18.00.21005.01
[2016.02.15-21.53.19:506][  0]LogInit: Build Configuration: Development
[2016.02.15-21.53.19:506][  0]LogInit: Branch Name: ++depot+UE4-Releases+4.9
[2016.02.15-21.53.19:506][  0]LogInit: Command line:  
[2016.02.15-21.53.19:506][  0]LogInit: Base directory: C:/Program Files (x86)/Epic Games/4.9/Engine/Binaries/Win64/
[2016.02.15-21.53.19:506][  0]LogInit: Rocket: 1
[2016.02.15-21.53.19:516][  0]LogInit: Using libcurl 7.41.0
[2016.02.15-21.53.19:516][  0]LogInit:  - built for x86_64-pc-win32
[2016.02.15-21.53.19:516][  0]LogInit:  - supports SSL with WinSSL
[2016.02.15-21.53.19:516][  0]LogInit:  - other features:
[2016.02.15-21.53.19:516][  0]LogInit:      CURL_VERSION_SSL
[2016.02.15-21.53.19:516][  0]LogInit:      CURL_VERSION_IPV6
[2016.02.15-21.53.19:516][  0]LogInit:      CURL_VERSION_ASYNCHDNS
[2016.02.15-21.53.19:516][  0]LogInit:      CURL_VERSION_LARGEFILE
[2016.02.15-21.53.19:516][  0]LogInit:      CURL_VERSION_IDN
[2016.02.15-21.53.19:516][  0]LogInit:  CurlRequestOptions (configurable via config and command line):
[2016.02.15-21.53.19:516][  0]LogInit:  - bVerifyPeer = true  - Libcurl will verify peer certificate
[2016.02.15-21.53.19:516][  0]LogInit:  - bUseHttpProxy = false  - Libcurl will NOT use HTTP proxy
[2016.02.15-21.53.19:516][  0]LogInit:  - bDontReuseConnections = false  - Libcurl will reuse connections
[2016.02.15-21.53.19:516][  0]LogInit:  - CertBundlePath = nullptr  - Libcurl will use whatever was configured at build time.
[2016.02.15-21.53.19:521][  0]LogInit: Presizing for 0 objects not considered by GC, pre-allocating 0 bytes.
[2016.02.15-21.53.19:526][  0]LogInit: Object subsystem initialized
[2016.02.15-21.53.19:527][  0]LogInit: Selected Device Profile: [Windows]
[2016.02.15-21.53.19:527][  0]LogInit: Applying CVar settings loaded from the selected device profile: [Windows]
[2016.02.15-21.53.19:532][  0]LogInit: Computer: ZEBRADESKTOP
[2016.02.15-21.53.19:532][  0]LogInit: User: Ryan
[2016.02.15-21.53.19:532][  0]LogInit: CPU Page size=4096, Cores=4
[2016.02.15-21.53.19:532][  0]LogInit: High frequency timer resolution =3.984648 MHz
[2016.02.15-21.53.19:533][  0]LogMemory: Memory total: Physical=15.9GB (16GB approx)
[2016.02.15-21.53.19:533][  0]LogMemory: Platform Memory Stats for Windows
[2016.02.15-21.53.19:533][  0]LogMemory: Process Physical Memory: 53.95 MB used, 53.95 MB peak
[2016.02.15-21.53.19:533][  0]LogMemory: Process Virtual Memory: 57.40 MB used, 57.40 MB peak
[2016.02.15-21.53.19:533][  0]LogMemory: Physical Memory: 5951.76 MB used, 16325.73 MB total
[2016.02.15-21.53.19:533][  0]LogMemory: Virtual Memory: 366.70 MB used, 134217728.00 MB total
[2016.02.15-21.53.19:561][  0]LogTextLocalizationManager: No specific translations for ('en-US') exist, so ('en') translations will be used.
[2016.02.15-21.53.20:094][  0]LogD3D11RHI: Found D3D11 adapter 0: NVIDIA GeForce GTX 780 (Feature Level 11_0)
[2016.02.15-21.53.20:094][  0]LogD3D11RHI: Adapter has 5971MB of dedicated video memory, 0MB of dedicated system memory, and 8162MB of shared system memory, 3 output[s]
[2016.02.15-21.53.20:095][  0]LogD3D11RHI: Found D3D11 adapter 1: Microsoft Basic Render Driver (Feature Level 11_0)
[2016.02.15-21.53.20:095][  0]LogD3D11RHI: Adapter has 0MB of dedicated video memory, 0MB of dedicated system memory, and 8162MB of shared system memory, 0 output[s]
[2016.02.15-21.53.20:095][  0]LogD3D11RHI: Chosen D3D11 Adapter Id = 0
[2016.02.15-21.53.20:099][  0]LogD3D11RHI: !Direct3DDevice
[2016.02.15-21.53.20:099][  0]LogRHI: Texture pool is 1361 MB (70% of 1945 MB)
[2016.02.15-21.53.20:111][  0]LogD3D11RHI: Async texture creation enabled
[2016.02.15-21.53.20:127][  0]LogShaderCompilers: Guid format shader working directory is 14 characters bigger than the processId version (Q:/Classes/3-2/AI/AISafari/Intermediate/Shaders/WorkingDirectory/11528/).
[2016.02.15-21.53.20:127][  0]LogShaderCompilers: Cleaned the shader compiler working directory 'Q:/Classes/3-2/AI/AISafari/Intermediate/Shaders/tmp/687C0EF449F193816EB733A3816BF89E/'.
[2016.02.15-21.53.20:127][  0]LogShaderCompilers:Display: Using Local Shader Compiler.
[2016.02.15-21.53.20:802][  0]LogTemp:Display: Loaded TP AllDesktopTargetPlatform
[2016.02.15-21.53.20:806][  0]LogTemp:Display: Loaded TP WindowsClientTargetPlatform
[2016.02.15-21.53.20:810][  0]LogTemp:Display: Loaded TP WindowsNoEditorTargetPlatform
[2016.02.15-21.53.20:814][  0]LogTemp:Display: Loaded TP WindowsServerTargetPlatform
[2016.02.15-21.53.20:818][  0]LogTemp:Display: Loaded TP WindowsTargetPlatform
[2016.02.15-21.53.20:820][  0]LogTemp:Display: Loaded TP AndroidTargetPlatform
[2016.02.15-21.53.20:822][  0]LogTemp:Display: Loaded TP Android_ASTCTargetPlatform
[2016.02.15-21.53.20:824][  0]LogTemp:Display: Loaded TP Android_ATCTargetPlatform
[2016.02.15-21.53.20:826][  0]LogTemp:Display: Loaded TP Android_DXTTargetPlatform
[2016.02.15-21.53.20:828][  0]LogTemp:Display: Loaded TP Android_ETC1TargetPlatform
[2016.02.15-21.53.20:830][  0]LogTemp:Display: Loaded TP Android_ETC2TargetPlatform
[2016.02.15-21.53.20:833][  0]LogTemp:Display: Loaded TP Android_PVRTCTargetPlatform
[2016.02.15-21.53.20:833][  0]LogTemp:Display: Loaded TP HTML5TargetPlatform
[2016.02.15-21.53.20:849][  0]LogTemp:Display: Loaded TP IOSTargetPlatform
[2016.02.15-21.53.20:851][  0]LogTemp:Display: Loaded TP LinuxNoEditorTargetPlatform
[2016.02.15-21.53.20:853][  0]LogTemp:Display: Loaded TP LinuxServerTargetPlatform
[2016.02.15-21.53.20:855][  0]LogTemp:Display: Loaded TP LinuxTargetPlatform
[2016.02.15-21.53.20:855][  0]LogTargetPlatformManager:Display: Building Assets For Windows
[2016.02.15-21.53.20:912][  0]LogDerivedDataCache:Display: Max Cache Size: 512 MB
[2016.02.15-21.53.20:944][  0]LogDerivedDataCache: Loaded boot cache 0.03s 41MB C:/Users/Ryan/AppData/Local/UnrealEngine/4.9/DerivedDataCache/Boot.ddc.
[2016.02.15-21.53.20:944][  0]LogDerivedDataCache:Display: Loaded Boot cache: C:/Users/Ryan/AppData/Local/UnrealEngine/4.9/DerivedDataCache/Boot.ddc
[2016.02.15-21.53.20:944][  0]LogDerivedDataCache: FDerivedDataBackendGraph:  Pak pak cache file Q:/Classes/3-2/AI/AISafari/DerivedDataCache/DDC.ddp not found, will not use a pak cache.
[2016.02.15-21.53.20:944][  0]LogDerivedDataCache: Unable to find inner node Pak for hierarchical cache Hierarchy.
[2016.02.15-21.53.20:944][  0]LogDerivedDataCache: FDerivedDataBackendGraph:  CompressedPak pak cache file Q:/Classes/3-2/AI/AISafari/DerivedDataCache/Compressed.ddp not found, will not use a pak cache.
[2016.02.15-21.53.20:944][  0]LogDerivedDataCache: Unable to find inner node CompressedPak for hierarchical cache Hierarchy.
[2016.02.15-21.53.21:038][  0]LogDerivedDataCache:Display: Pak cache opened for reading ../../../Engine/DerivedDataCache/Compressed.ddp.
[2016.02.15-21.53.21:050][  0]LogDerivedDataCache: Using Local data cache path C:/Users/Ryan/AppData/Local/UnrealEngine/Common/DerivedDataCache: Writable
[2016.02.15-21.53.21:165][  0]LogInit: Selected Device Profile: [Windows]
[2016.02.15-21.53.21:166][  0]LogContentStreaming: Texture pool size is 0.000000MB
[2016.02.15-21.53.21:244][  0]LogMeshUtilities: No automatic mesh reduction module available
[2016.02.15-21.53.21:244][  0]LogMeshUtilities: No automatic mesh merging module available
[2016.02.15-21.53.21:410][  0]LogInit: WinSock: version 1.1 (2.2), MaxSocks=32767, MaxUdp=65467
[2016.02.15-21.53.21:883][  0]UdpMessaging: Initializing bridge on interface 0.0.0.0:0 to multicast group 230.0.0.1:6666.
[2016.02.15-21.53.21:978][  0]LogAssetRegistry: FAssetRegistry took 0.0112 seconds to start up
[2016.02.15-21.53.22:105][  0]SourceControl: Info Source control is disabled
[2016.02.15-21.53.22:112][  0]SourceControl: Info Source control is disabled
[2016.02.15-21.53.22:119][  0]SourceControl: Info Source control is disabled
[2016.02.15-21.53.22:127][  0]SourceControl: Info Source control is disabled
[2016.02.15-21.53.22:220][  0]LogLinker:Warning: Asset '../../../Engine/Plugins/Runtime/LeapMotionController/Content/LM_PassthroughMaterial.uasset' has been saved with empty engine version. The asset will be loaded but may be incompatible.
[2016.02.15-21.53.22:269][  0]LogObj: 28380 objects as part of root set at end of initial load.
[2016.02.15-21.53.22:269][  0]LogUObjectAllocator: 6046584 out of 0 bytes used by permanent object pool.
[2016.02.15-21.53.22:310][  0]LogEngine: Initializing Engine...
[2016.02.15-21.53.22:312][  0]LogHMD: Can't find Oculus library dev build: is proper Runtime installed? Version: 0.7.0.0
[2016.02.15-21.53.22:312][  0]LogHMD: SteamVR failed to initialize.  Err: 110
[2016.02.15-21.53.22:393][  0]LogAIModule: Creating AISystem for world NewWorld
[2016.02.15-21.53.22:398][  0]LogInit: XAudio2 using 'Speakers (ASUS Xonar DGX Audio Device)' : 2 channels at 44.1 kHz using 16 bits per sample (channel mask 0x3)
[2016.02.15-21.53.22:402][  0]LogInit: FAudioDevice initialized.
[2016.02.15-21.53.22:419][  0]LogDerivedDataCache: Saved boot cache 0.02s 41MB C:/Users/Ryan/AppData/Local/UnrealEngine/4.9/DerivedDataCache/Boot.ddc.
[2016.02.15-21.53.22:423][  0]LogInit: Texture streaming: Enabled
[2016.02.15-21.53.22:427][  0]LogAnalytics: Creating configured Analytics provider AnalyticsET
[2016.02.15-21.53.22:427][  0]LogAnalytics: [UEEditor.Rocket.Release] APIServer = http://et2.epicgames.com/ET2/. AppVersion = 4.9.2-2707645+++depot+UE4-Releases+4.9
[2016.02.15-21.53.22:428][  0]LogAnalytics: [UEEditor.Rocket.Release] SetUserId d1f9beca401d8fe412e57fa88e66abb9|85745c8591404a23957796735eaccf05|defee072-9da8-4f68-a06a-f65b3a6c30bf
[2016.02.15-21.53.22:428][  0]LogAnalytics: [UEEditor.Rocket.Release] AnalyticsET::StartSession
[2016.02.15-21.53.22:453][  0]LogInit: Transaction tracking system initialized
[2016.02.15-21.53.22:474][  0]BlueprintLog: New page: Editor Load
[2016.02.15-21.53.22:528][  0]LocalizationService: Info Localization service is disabled
[2016.02.15-21.53.22:584][  0]LogConsoleResponse:Display: 
[2016.02.15-21.53.22:662][  0]LogCook:Display: Done creating registry. It took  0.00s.
[2016.02.15-21.53.22:708][  0]LogFileCache: Scanning file cache for directory 'Q:/Classes/3-2/AI/AISafari/Content/' took 0.01s
[2016.02.15-21.53.22:708][  0]SourceControl: Info Source control is disabled
[2016.02.15-21.53.22:708][  0]Cmd: MAP LOAD FILE="Q:/Classes/3-2/AI/AISafari/Content/StarterContent/Maps/Minimal_Default.umap" TEMPLATE=0 SHOWPROGRESS=1 FEATURELEVEL=3
[2016.02.15-21.53.22:709][  0]LightingResults: New page: Lighting Build
[2016.02.15-21.53.22:711][  0]MapCheck: New page: Map Check
[2016.02.15-21.53.22:711][  0]LightingResults: New page: Lighting Build
[2016.02.15-21.53.22:719][  0]LogParticles: Destroying 0 GPU particle simulations for FXSystem 0x0000002A1C66FCE0
[2016.02.15-21.53.22:897][  0]LogAIModule: Creating AISystem for world Minimal_Default
[2016.02.15-21.53.22:903][  0]LogEditorServer: Finished looking for orphan Actors (0.000 secs)
[2016.02.15-21.53.22:906][  0]Cmd: MAP CHECKDEP NOCLEARLOG
[2016.02.15-21.53.22:940][  0]MapCheck: Info Map check complete: 0 Error(s), 0 Warning(s), took 34.023ms to complete.
[2016.02.15-21.53.22:940][  0]LogFileHelpers: Loading map 'Minimal_Default' took 0.232
[2016.02.15-21.53.23:066][  0]LogCollectionManager: Loaded 0 collections in 0.001787 seconds
[2016.02.15-21.53.23:104][  0]LogFileCache: Scanning file cache for directory 'Q:/Classes/3-2/AI/AISafari/Saved/Collections/' took 0.01s
[2016.02.15-21.53.23:104][  0]LogFileCache: Scanning file cache for directory 'Q:/Classes/3-2/AI/AISafari/Content/Developers/Ryan/Collections/' took 0.01s
[2016.02.15-21.53.23:105][  0]LogFileCache: Scanning file cache for directory 'Q:/Classes/3-2/AI/AISafari/Content/Collections/' took 0.01s
[2016.02.15-21.53.23:105][  0]LogContentBrowser: Native class hierarchy populated in 0.0055 seconds. Added 1871 classes and 336 folders.
[2016.02.15-21.53.23:119][  0]LogCollectionManager: Rebuilt the GUID cache for 0 collections in 0.000002 seconds
[2016.02.15-21.53.23:125][  0]LogContentBrowser: Native class hierarchy updated for 'WidgetCarousel' in 0.0008 seconds. Added 0 classes and 0 folders.
[2016.02.15-21.53.23:154][  0]LogContentBrowser: Native class hierarchy updated for 'AddContentDialog' in 0.0008 seconds. Added 0 classes and 0 folders.
[2016.02.15-21.53.23:157][  0]LogContentBrowser: Native class hierarchy updated for 'SceneOutliner' in 0.0008 seconds. Added 1 classes and 2 folders.
[2016.02.15-21.53.23:173][  0]LogCrashTracker: Crashtracker disabled due to settings.
[2016.02.15-21.53.23:179][  0]LogUObjectGlobals:Warning: Failed to find object 'Class None.'
[2016.02.15-21.53.23:202][  0]LogLoad: Full Startup: 4.28 seconds (BP compile: 0.03 seconds)
[2016.02.15-21.53.23:257][  0]LogContentStreaming: Texture pool size now 1000 MB
[2016.02.15-21.53.23:364][  0]LogRenderer: Reallocating scene render targets to support 1208x600 (Frame:2).
[2016.02.15-21.53.23:490][  2]LogAssetRegistry: Asset discovery search completed in 1.5231 seconds
[2016.02.15-21.53.23:490][  2]LogCollectionManager: Rebuilt the object cache for 0 collections in 0.000001 seconds (found 0 objects)
[2016.02.15-21.53.23:490][  2]LogCollectionManager: Fixed up redirectors for 0 collections in 0.000016 seconds (updated 0 objects)
[2016.02.15-21.53.27:363][465]LogEditorViewport: Clicking on Actor (LMB): BP_FlockerManagerBase_C (BP_FlockerManagerBase)
[2016.02.15-21.56.02:217][875]LogHotReload: New module detected: UE4Editor-AISafari-9121.dll
[2016.02.15-21.56.02:892][878]LogHotReload: Starting Hot-Reload from IDE
[2016.02.15-21.56.02:982][878]LogContentBrowser: Native class hierarchy updated for 'AISafari' in 0.0009 seconds. Added 4 classes and 3 folders.
[2016.02.15-21.56.02:983][878]Warning: HotReload successful (0 functions remapped  0 scriptstructs remapped)
[2016.02.15-21.56.03:028][878]LogContentBrowser: Native class hierarchy populated in 0.0062 seconds. Added 1872 classes and 338 folders.
[2016.02.15-21.56.07:921][896]LogBlueprintUserMessages: Early PlayInEditor Detection: Level '/Game/StarterContent/Maps/Minimal_Default.Minimal_Default:PersistentLevel' has LevelScriptBlueprint '/Game/StarterContent/Maps/Minimal_Default.Minimal_Default:PersistentLevel.Minimal_Default' with GeneratedClass '/Game/StarterContent/Maps/Minimal_Default.Minimal_Default_C' with ClassGeneratedBy '/Game/StarterContent/Maps/Minimal_Default.Minimal_Default:PersistentLevel.Minimal_Default'
[2016.02.15-21.56.07:921][896]LogPlayLevel: PlayLevel: No blueprints needed recompiling
[2016.02.15-21.56.07:921][896]PIE: New page: PIE session: Minimal_Default (Feb 15, 2016, 11:56:07 AM)
[2016.02.15-21.56.07:921][896]LogPlayLevel: Creating play world package: /Game/StarterContent/Maps/UEDPIE_0_Minimal_Default
[2016.02.15-21.56.07:927][896]LogPlayLevel: PIE: StaticDuplicateObject took: (0.005294s)
[2016.02.15-21.56.07:927][896]LogAIModule: Creating AISystem for world Minimal_Default
[2016.02.15-21.56.07:927][896]LogPlayLevel: PIE: World Init took: (0.000682s)
[2016.02.15-21.56.07:927][896]LogPlayLevel: PIE: Created PIE world by copying editor world from /Game/StarterContent/Maps/Minimal_Default.Minimal_Default to /Game/StarterContent/Maps/UEDPIE_0_Minimal_Default.Minimal_Default (0.006194s)
[2016.02.15-21.56.07:943][896]LogInit: XAudio2 using 'Speakers (ASUS Xonar DGX Audio Device)' : 2 channels at 44.1 kHz using 16 bits per sample (channel mask 0x3)
[2016.02.15-21.56.07:946][896]LogInit: FAudioDevice initialized.
[2016.02.15-21.56.07:992][896]LogWorld: Game class is 'AISafariGameMode'
[2016.02.15-21.56.07:994][896]LogWorld: Bringing World /Game/StarterContent/Maps/UEDPIE_0_Minimal_Default.Minimal_Default up for play (max tick rate 0) at 2016.02.15-16.56.07
[2016.02.15-21.56.07:994][896]LogActor:Warning: GameSession /Game/StarterContent/Maps/UEDPIE_0_Minimal_Default.Minimal_Default:PersistentLevel.GameSession_0 has natively added scene component(s), but none of them were set as the actor's RootComponent - picking one arbitrarily
[2016.02.15-21.56.07:994][896]LogActor:Warning: GameNetworkManager /Game/StarterContent/Maps/UEDPIE_0_Minimal_Default.Minimal_Default:PersistentLevel.GameNetworkManager_0 has natively added scene component(s), but none of them were set as the actor's RootComponent - picking one arbitrarily
[2016.02.15-21.56.07:994][896]LogWorld: Bringing up level for play took: 0.001563
[2016.02.15-21.56.07:998][896]PIE: Info Play in editor start time for /Game/StarterContent/Maps/UEDPIE_0_Minimal_Default 0.824
[2016.02.15-21.56.07:998][896]LogBlueprintUserMessages: Late PlayInEditor Detection: Level '/Game/StarterContent/Maps/Minimal_Default.Minimal_Default:PersistentLevel' has LevelScriptBlueprint '/Game/StarterContent/Maps/Minimal_Default.Minimal_Default:PersistentLevel.Minimal_Default' with GeneratedClass '/Game/StarterContent/Maps/Minimal_Default.Minimal_Default_C' with ClassGeneratedBy '/Game/StarterContent/Maps/Minimal_Default.Minimal_Default:PersistentLevel.Minimal_Default'
[2016.02.15-21.56.18:086][ 94]LogBlueprintUserMessages: Early EndPlayMap Detection: Level '/Game/StarterContent/Maps/Minimal_Default.Minimal_Default:PersistentLevel' has LevelScriptBlueprint '/Game/StarterContent/Maps/Minimal_Default.Minimal_Default:PersistentLevel.Minimal_Default' with GeneratedClass '/Game/StarterContent/Maps/Minimal_Default.Minimal_Default_C' with ClassGeneratedBy '/Game/StarterContent/Maps/Minimal_Default.Minimal_Default:PersistentLevel.Minimal_Default'
[2016.02.15-21.56.18:119][ 94]LogBlueprintUserMessages: Late EndPlayMap Detection: Level '/Game/StarterContent/Maps/Minimal_Default.Minimal_Default:PersistentLevel' has LevelScriptBlueprint '/Game/StarterContent/Maps/Minimal_Default.Minimal_Default:PersistentLevel.Minimal_Default' with GeneratedClass '/Game/StarterContent/Maps/Minimal_Default.Minimal_Default_C' with ClassGeneratedBy '/Game/StarterContent/Maps/Minimal_Default.Minimal_Default:PersistentLevel.Minimal_Default'
[2016.02.15-21.56.18:149][ 95]LogParticles: Destroying 0 GPU particle simulations for FXSystem 0x0000002A06B11440
[2016.02.15-21.56.22:245][578]LogBlueprintUserMessages: Early PlayInEditor Detection: Level '/Game/StarterContent/Maps/Minimal_Default.Minimal_Default:PersistentLevel' has LevelScriptBlueprint '/Game/StarterContent/Maps/Minimal_Default.Minimal_Default:PersistentLevel.Minimal_Default' with GeneratedClass '/Game/StarterContent/Maps/Minimal_Default.Minimal_Default_C' with ClassGeneratedBy '/Game/StarterContent/Maps/Minimal_Default.Minimal_Default:PersistentLevel.Minimal_Default'
[2016.02.15-21.56.22:245][578]LogPlayLevel: PlayLevel: No blueprints needed recompiling
[2016.02.15-21.56.22:245][578]PIE: New page: PIE session: Minimal_Default (Feb 15, 2016, 11:56:22 AM)
[2016.02.15-21.56.22:245][578]LogPlayLevel: Creating play world package: /Game/StarterContent/Maps/UEDPIE_0_Minimal_Default
[2016.02.15-21.56.22:251][578]LogPlayLevel: PIE: StaticDuplicateObject took: (0.005933s)
[2016.02.15-21.56.22:251][578]LogAIModule: Creating AISystem for world Minimal_Default
[2016.02.15-21.56.22:251][578]LogPlayLevel: PIE: World Init took: (0.000592s)
[2016.02.15-21.56.22:251][578]LogPlayLevel: PIE: Created PIE world by copying editor world from /Game/StarterContent/Maps/Minimal_Default.Minimal_Default to /Game/StarterContent/Maps/UEDPIE_0_Minimal_Default.Minimal_Default (0.006674s)
[2016.02.15-21.56.22:267][578]LogInit: XAudio2 using 'Speakers (ASUS Xonar DGX Audio Device)' : 2 channels at 44.1 kHz using 16 bits per sample (channel mask 0x3)
[2016.02.15-21.56.22:270][578]LogInit: FAudioDevice initialized.
[2016.02.15-21.56.22:301][578]LogWorld: Game class is 'AISafariGameMode'
[2016.02.15-21.56.22:303][578]LogWorld: Bringing World /Game/StarterContent/Maps/UEDPIE_0_Minimal_Default.Minimal_Default up for play (max tick rate 0) at 2016.02.15-16.56.22
[2016.02.15-21.56.22:303][578]LogActor:Warning: GameSession /Game/StarterContent/Maps/UEDPIE_0_Minimal_Default.Minimal_Default:PersistentLevel.GameSession_1 has natively added scene component(s), but none of them were set as the actor's RootComponent - picking one arbitrarily
[2016.02.15-21.56.22:303][578]LogActor:Warning: GameNetworkManager /Game/StarterContent/Maps/UEDPIE_0_Minimal_Default.Minimal_Default:PersistentLevel.GameNetworkManager_1 has natively added scene component(s), but none of them were set as the actor's RootComponent - picking one arbitrarily
[2016.02.15-21.56.22:303][578]LogWorld: Bringing up level for play took: 0.001560
[2016.02.15-21.56.22:312][578]PIE: Info Play in editor start time for /Game/StarterContent/Maps/UEDPIE_0_Minimal_Default -0.861
[2016.02.15-21.56.22:312][578]LogBlueprintUserMessages: Late PlayInEditor Detection: Level '/Game/StarterContent/Maps/Minimal_Default.Minimal_Default:PersistentLevel' has LevelScriptBlueprint '/Game/StarterContent/Maps/Minimal_Default.Minimal_Default:PersistentLevel.Minimal_Default' with GeneratedClass '/Game/StarterContent/Maps/Minimal_Default.Minimal_Default_C' with ClassGeneratedBy '/Game/StarterContent/Maps/Minimal_Default.Minimal_Default:PersistentLevel.Minimal_Default'
[2016.02.15-21.56.22:575][587]LogCrashTracker: 


[2016.02.15-21.56.22:575][587]LogCrashTracker: 


[2016.02.15-21.56.22:575][587]LogWindows: === Critical error: ===
Fatal error!



[2016.02.15-21.56.22:656][587]LogExit: Executing StaticShutdownAfterError
[2016.02.15-21.56.22:658][587]LogPhysics:Warning: PHYSX: ..\..\PhysX\src\NpScene.cpp (2946) 8 : PxScene::unlockWrite() called without matching call to PxScene::lockWrite(), behaviour will be undefined.
[2016.02.15-21.56.22:658][587]LogPhysics:Warning: PHYSX: ..\..\PhysX\src\NpScene.cpp (2946) 8 : PxScene::unlockWrite() called without matching call to PxScene::lockWrite(), behaviour will be undefined.
[2016.02.15-21.56.22:658][587]LogPhysics:Warning: PHYSX: ..\..\PhysX\src\NpScene.cpp (2946) 8 : PxScene::unlockWrite() called without matching call to PxScene::lockWrite(), behaviour will be undefined.
[2016.02.15-21.56.22:659][587]LogPhysics:Warning: PHYSX: ..\..\PhysX\src\NpScene.cpp (2946) 8 : PxScene::unlockWrite() called without matching call to PxScene::lockWrite(), behaviour will be undefined.
[2016.02.15-21.56.22:659][587]LogWindows: FPlatformMisc::RequestExit(1)
[2016.02.15-21.56.22:659][587]Log file closed, 02/15/16 16:56:22
