[2016.02.13-18.30.40:465][  0]Log file open, 02/13/16 13:30:40
[2016.02.13-18.30.40:465][  0]LogInit:Display: Running engine for game: AISafari
[2016.02.13-18.30.40:465][  0]LogInit:Display: RandInit(-302768251) SRandInit(-302768250).
[2016.02.13-18.30.40:465][  0]LogTaskGraph: Started task graph with 4 named threads and 7 total threads.
[2016.02.13-18.30.40:465][  0]LogStats: Stats thread started at 0.070992
[2016.02.13-18.30.40:465][  0]LogInit: Version: 4.9.2-2707645+++depot+UE4-Releases+4.9
[2016.02.13-18.30.40:465][  0]LogInit: API Version: 2672455
[2016.02.13-18.30.40:465][  0]LogInit: Compiled (64-bit): Sep 28 2015 10:25:44
[2016.02.13-18.30.40:465][  0]LogInit: Compiled with Visual C++: 18.00.21005.01
[2016.02.13-18.30.40:465][  0]LogInit: Build Configuration: Development
[2016.02.13-18.30.40:465][  0]LogInit: Branch Name: ++depot+UE4-Releases+4.9
[2016.02.13-18.30.40:465][  0]LogInit: Command line:  
[2016.02.13-18.30.40:465][  0]LogInit: Base directory: C:/Program Files (x86)/Epic Games/4.9/Engine/Binaries/Win64/
[2016.02.13-18.30.40:465][  0]LogInit: Rocket: 1
[2016.02.13-18.30.40:472][  0]LogInit: Using libcurl 7.41.0
[2016.02.13-18.30.40:472][  0]LogInit:  - built for x86_64-pc-win32
[2016.02.13-18.30.40:472][  0]LogInit:  - supports SSL with WinSSL
[2016.02.13-18.30.40:472][  0]LogInit:  - other features:
[2016.02.13-18.30.40:472][  0]LogInit:      CURL_VERSION_SSL
[2016.02.13-18.30.40:472][  0]LogInit:      CURL_VERSION_IPV6
[2016.02.13-18.30.40:472][  0]LogInit:      CURL_VERSION_ASYNCHDNS
[2016.02.13-18.30.40:472][  0]LogInit:      CURL_VERSION_LARGEFILE
[2016.02.13-18.30.40:472][  0]LogInit:      CURL_VERSION_IDN
[2016.02.13-18.30.40:472][  0]LogInit:  CurlRequestOptions (configurable via config and command line):
[2016.02.13-18.30.40:472][  0]LogInit:  - bVerifyPeer = true  - Libcurl will verify peer certificate
[2016.02.13-18.30.40:472][  0]LogInit:  - bUseHttpProxy = false  - Libcurl will NOT use HTTP proxy
[2016.02.13-18.30.40:472][  0]LogInit:  - bDontReuseConnections = false  - Libcurl will reuse connections
[2016.02.13-18.30.40:472][  0]LogInit:  - CertBundlePath = nullptr  - Libcurl will use whatever was configured at build time.
[2016.02.13-18.30.40:477][  0]LogInit: Presizing for 0 objects not considered by GC, pre-allocating 0 bytes.
[2016.02.13-18.30.40:482][  0]LogInit: Object subsystem initialized
[2016.02.13-18.30.40:483][  0]LogInit: Selected Device Profile: [Windows]
[2016.02.13-18.30.40:483][  0]LogInit: Applying CVar settings loaded from the selected device profile: [Windows]
[2016.02.13-18.30.40:489][  0]LogInit: Computer: ZEBRADESKTOP
[2016.02.13-18.30.40:489][  0]LogInit: User: Ryan
[2016.02.13-18.30.40:489][  0]LogInit: CPU Page size=4096, Cores=4
[2016.02.13-18.30.40:489][  0]LogInit: High frequency timer resolution =3.984648 MHz
[2016.02.13-18.30.40:489][  0]LogMemory: Memory total: Physical=15.9GB (16GB approx)
[2016.02.13-18.30.40:489][  0]LogMemory: Platform Memory Stats for Windows
[2016.02.13-18.30.40:489][  0]LogMemory: Process Physical Memory: 54.01 MB used, 54.01 MB peak
[2016.02.13-18.30.40:489][  0]LogMemory: Process Virtual Memory: 55.50 MB used, 55.50 MB peak
[2016.02.13-18.30.40:489][  0]LogMemory: Physical Memory: 8279.82 MB used, 16325.73 MB total
[2016.02.13-18.30.40:489][  0]LogMemory: Virtual Memory: 365.76 MB used, 134217728.00 MB total
[2016.02.13-18.30.40:517][  0]LogTextLocalizationManager: No specific translations for ('en-US') exist, so ('en') translations will be used.
[2016.02.13-18.30.41:078][  0]LogD3D11RHI: Found D3D11 adapter 0: NVIDIA GeForce GTX 780 (Feature Level 11_0)
[2016.02.13-18.30.41:078][  0]LogD3D11RHI: Adapter has 5971MB of dedicated video memory, 0MB of dedicated system memory, and 8162MB of shared system memory, 3 output[s]
[2016.02.13-18.30.41:079][  0]LogD3D11RHI: Found D3D11 adapter 1: Microsoft Basic Render Driver (Feature Level 11_0)
[2016.02.13-18.30.41:079][  0]LogD3D11RHI: Adapter has 0MB of dedicated video memory, 0MB of dedicated system memory, and 8162MB of shared system memory, 0 output[s]
[2016.02.13-18.30.41:079][  0]LogD3D11RHI: Chosen D3D11 Adapter Id = 0
[2016.02.13-18.30.42:782][  0]LogWindowsTextInputMethodSystem:Display: IME system now deactivated.
[2016.02.13-18.30.42:783][  0]LogWindowsTextInputMethodSystem:Display: IME system now deactivated.
[2016.02.13-18.30.42:785][  0]LogD3D11RHI: !Direct3DDevice
[2016.02.13-18.30.42:785][  0]LogRHI: Texture pool is 1361 MB (70% of 1945 MB)
[2016.02.13-18.30.42:799][  0]LogD3D11RHI: Async texture creation enabled
[2016.02.13-18.30.42:811][  0]LogShaderCompilers: Guid format shader working directory is 14 characters bigger than the processId version (Q:/Classes/3-2/AI/AISafari/Intermediate/Shaders/WorkingDirectory/11640/).
[2016.02.13-18.30.42:811][  0]LogShaderCompilers: Cleaned the shader compiler working directory 'Q:/Classes/3-2/AI/AISafari/Intermediate/Shaders/tmp/C3D20EB0440175F69C79B5A12880BDE9/'.
[2016.02.13-18.30.42:811][  0]LogShaderCompilers:Display: Using Local Shader Compiler.
[2016.02.13-18.30.43:527][  0]LogTemp:Display: Loaded TP AllDesktopTargetPlatform
[2016.02.13-18.30.43:532][  0]LogTemp:Display: Loaded TP WindowsClientTargetPlatform
[2016.02.13-18.30.43:535][  0]LogTemp:Display: Loaded TP WindowsNoEditorTargetPlatform
[2016.02.13-18.30.43:539][  0]LogTemp:Display: Loaded TP WindowsServerTargetPlatform
[2016.02.13-18.30.43:543][  0]LogTemp:Display: Loaded TP WindowsTargetPlatform
[2016.02.13-18.30.43:546][  0]LogTemp:Display: Loaded TP AndroidTargetPlatform
[2016.02.13-18.30.43:548][  0]LogTemp:Display: Loaded TP Android_ASTCTargetPlatform
[2016.02.13-18.30.43:550][  0]LogTemp:Display: Loaded TP Android_ATCTargetPlatform
[2016.02.13-18.30.43:552][  0]LogTemp:Display: Loaded TP Android_DXTTargetPlatform
[2016.02.13-18.30.43:555][  0]LogTemp:Display: Loaded TP Android_ETC1TargetPlatform
[2016.02.13-18.30.43:557][  0]LogTemp:Display: Loaded TP Android_ETC2TargetPlatform
[2016.02.13-18.30.43:559][  0]LogTemp:Display: Loaded TP Android_PVRTCTargetPlatform
[2016.02.13-18.30.43:560][  0]LogTemp:Display: Loaded TP HTML5TargetPlatform
[2016.02.13-18.30.43:576][  0]LogTemp:Display: Loaded TP IOSTargetPlatform
[2016.02.13-18.30.43:578][  0]LogTemp:Display: Loaded TP LinuxNoEditorTargetPlatform
[2016.02.13-18.30.43:580][  0]LogTemp:Display: Loaded TP LinuxServerTargetPlatform
[2016.02.13-18.30.43:583][  0]LogTemp:Display: Loaded TP LinuxTargetPlatform
[2016.02.13-18.30.43:583][  0]LogTargetPlatformManager:Display: Building Assets For Windows
[2016.02.13-18.30.43:647][  0]LogDerivedDataCache:Display: Max Cache Size: 512 MB
[2016.02.13-18.30.43:680][  0]LogDerivedDataCache: Loaded boot cache 0.03s 41MB C:/Users/Ryan/AppData/Local/UnrealEngine/4.9/DerivedDataCache/Boot.ddc.
[2016.02.13-18.30.43:680][  0]LogDerivedDataCache:Display: Loaded Boot cache: C:/Users/Ryan/AppData/Local/UnrealEngine/4.9/DerivedDataCache/Boot.ddc
[2016.02.13-18.30.43:680][  0]LogDerivedDataCache: FDerivedDataBackendGraph:  Pak pak cache file Q:/Classes/3-2/AI/AISafari/DerivedDataCache/DDC.ddp not found, will not use a pak cache.
[2016.02.13-18.30.43:680][  0]LogDerivedDataCache: Unable to find inner node Pak for hierarchical cache Hierarchy.
[2016.02.13-18.30.43:680][  0]LogDerivedDataCache: FDerivedDataBackendGraph:  CompressedPak pak cache file Q:/Classes/3-2/AI/AISafari/DerivedDataCache/Compressed.ddp not found, will not use a pak cache.
[2016.02.13-18.30.43:680][  0]LogDerivedDataCache: Unable to find inner node CompressedPak for hierarchical cache Hierarchy.
[2016.02.13-18.30.43:778][  0]LogDerivedDataCache:Display: Pak cache opened for reading ../../../Engine/DerivedDataCache/Compressed.ddp.
[2016.02.13-18.30.43:790][  0]LogDerivedDataCache: Using Local data cache path C:/Users/Ryan/AppData/Local/UnrealEngine/Common/DerivedDataCache: Writable
[2016.02.13-18.30.43:912][  0]LogInit: Selected Device Profile: [Windows]
[2016.02.13-18.30.43:914][  0]LogContentStreaming: Texture pool size is 0.000000MB
[2016.02.13-18.30.43:994][  0]LogMeshUtilities: No automatic mesh reduction module available
[2016.02.13-18.30.43:994][  0]LogMeshUtilities: No automatic mesh merging module available
[2016.02.13-18.30.44:187][  0]LogInit: WinSock: version 1.1 (2.2), MaxSocks=32767, MaxUdp=65467
[2016.02.13-18.30.44:687][  0]UdpMessaging: Initializing bridge on interface 0.0.0.0:0 to multicast group 230.0.0.1:6666.
[2016.02.13-18.30.44:784][  0]LogAssetRegistry: FAssetRegistry took 0.0111 seconds to start up
[2016.02.13-18.30.44:912][  0]SourceControl: Info Source control is disabled
[2016.02.13-18.30.44:918][  0]SourceControl: Info Source control is disabled
[2016.02.13-18.30.44:925][  0]SourceControl: Info Source control is disabled
[2016.02.13-18.30.44:934][  0]SourceControl: Info Source control is disabled
[2016.02.13-18.30.45:035][  0]LogLinker:Warning: Asset '../../../Engine/Plugins/Runtime/LeapMotionController/Content/LM_PassthroughMaterial.uasset' has been saved with empty engine version. The asset will be loaded but may be incompatible.
[2016.02.13-18.30.45:099][  0]LogObj: 28380 objects as part of root set at end of initial load.
[2016.02.13-18.30.45:099][  0]LogUObjectAllocator: 6046576 out of 0 bytes used by permanent object pool.
[2016.02.13-18.30.45:146][  0]LogEngine: Initializing Engine...
[2016.02.13-18.30.45:148][  0]LogHMD: Can't find Oculus library dev build: is proper Runtime installed? Version: 0.7.0.0
[2016.02.13-18.30.45:148][  0]LogHMD: SteamVR failed to initialize.  Err: 110
[2016.02.13-18.30.45:235][  0]LogAIModule: Creating AISystem for world NewWorld
[2016.02.13-18.30.45:241][  0]LogInit: XAudio2 using 'Speakers (ASUS Xonar DGX Audio Device)' : 2 channels at 44.1 kHz using 16 bits per sample (channel mask 0x3)
[2016.02.13-18.30.45:245][  0]LogInit: FAudioDevice initialized.
[2016.02.13-18.30.45:264][  0]LogDerivedDataCache: Saved boot cache 0.02s 41MB C:/Users/Ryan/AppData/Local/UnrealEngine/4.9/DerivedDataCache/Boot.ddc.
[2016.02.13-18.30.45:268][  0]LogInit: Texture streaming: Enabled
[2016.02.13-18.30.45:273][  0]LogAnalytics: Creating configured Analytics provider AnalyticsET
[2016.02.13-18.30.45:273][  0]LogAnalytics: [UEEditor.Rocket.Release] APIServer = http://et2.epicgames.com/ET2/. AppVersion = 4.9.2-2707645+++depot+UE4-Releases+4.9
[2016.02.13-18.30.45:273][  0]LogAnalytics: [UEEditor.Rocket.Release] SetUserId d1f9beca401d8fe412e57fa88e66abb9|85745c8591404a23957796735eaccf05|defee072-9da8-4f68-a06a-f65b3a6c30bf
[2016.02.13-18.30.45:273][  0]LogAnalytics: [UEEditor.Rocket.Release] AnalyticsET::StartSession
[2016.02.13-18.30.45:302][  0]LogInit: Transaction tracking system initialized
[2016.02.13-18.30.45:335][  0]BlueprintLog: New page: Editor Load
[2016.02.13-18.30.45:401][  0]LocalizationService: Info Localization service is disabled
[2016.02.13-18.30.45:465][  0]LogConsoleResponse:Display: 
[2016.02.13-18.30.45:551][  0]LogCook:Display: Done creating registry. It took  0.00s.
[2016.02.13-18.30.45:594][  0]LogFileCache: Scanning file cache for directory 'Q:/Classes/3-2/AI/AISafari/Content/' took 0.01s
[2016.02.13-18.30.45:594][  0]SourceControl: Info Source control is disabled
[2016.02.13-18.30.45:595][  0]Cmd: MAP LOAD FILE="Q:/Classes/3-2/AI/AISafari/Content/StarterContent/Maps/Minimal_Default.umap" TEMPLATE=0 SHOWPROGRESS=1 FEATURELEVEL=3
[2016.02.13-18.30.45:595][  0]LightingResults: New page: Lighting Build
[2016.02.13-18.30.45:598][  0]MapCheck: New page: Map Check
[2016.02.13-18.30.45:598][  0]LightingResults: New page: Lighting Build
[2016.02.13-18.30.45:608][  0]LogParticles: Destroying 0 GPU particle simulations for FXSystem 0x000000EDAE58FCE0
[2016.02.13-18.30.45:830][  0]LogAIModule: Creating AISystem for world Minimal_Default
[2016.02.13-18.30.45:835][  0]LogEditorServer: Finished looking for orphan Actors (0.000 secs)
[2016.02.13-18.30.45:835][  0]Cmd: MAP CHECKDEP NOCLEARLOG
[2016.02.13-18.30.45:871][  0]MapCheck: Info Map check complete: 0 Error(s), 0 Warning(s), took 35.23ms to complete.
[2016.02.13-18.30.45:871][  0]LogFileHelpers: Loading map 'Minimal_Default' took 0.276
[2016.02.13-18.30.45:919][  0]LogWindowsTextInputMethodSystem:Display: IME system now deactivated.
[2016.02.13-18.30.46:023][  0]LogCollectionManager: Loaded 0 collections in 0.002877 seconds
[2016.02.13-18.30.46:062][  0]LogFileCache: Scanning file cache for directory 'Q:/Classes/3-2/AI/AISafari/Saved/Collections/' took 0.01s
[2016.02.13-18.30.46:062][  0]LogFileCache: Scanning file cache for directory 'Q:/Classes/3-2/AI/AISafari/Content/Developers/Ryan/Collections/' took 0.01s
[2016.02.13-18.30.46:062][  0]LogFileCache: Scanning file cache for directory 'Q:/Classes/3-2/AI/AISafari/Content/Collections/' took 0.01s
[2016.02.13-18.30.46:062][  0]LogContentBrowser: Native class hierarchy populated in 0.0064 seconds. Added 1871 classes and 336 folders.
[2016.02.13-18.30.46:079][  0]LogCollectionManager: Rebuilt the GUID cache for 0 collections in 0.000002 seconds
[2016.02.13-18.30.46:085][  0]LogContentBrowser: Native class hierarchy updated for 'WidgetCarousel' in 0.0008 seconds. Added 0 classes and 0 folders.
[2016.02.13-18.30.46:119][  0]LogContentBrowser: Native class hierarchy updated for 'AddContentDialog' in 0.0008 seconds. Added 0 classes and 0 folders.
[2016.02.13-18.30.46:123][  0]LogContentBrowser: Native class hierarchy updated for 'SceneOutliner' in 0.0008 seconds. Added 1 classes and 2 folders.
[2016.02.13-18.30.46:141][  0]LogCrashTracker: Crashtracker disabled due to settings.
[2016.02.13-18.30.46:145][  0]LogUObjectGlobals:Warning: Failed to find object 'Class None.'
[2016.02.13-18.30.46:168][  0]LogLoad: Full Startup: 6.34 seconds (BP compile: 0.04 seconds)
[2016.02.13-18.30.46:559][  0]LogContentStreaming: Texture pool size now 1000 MB
[2016.02.13-18.30.46:664][  0]LogRenderer: Reallocating scene render targets to support 1208x600 (Frame:2).
[2016.02.13-18.30.47:509][  3]LogAssetRegistry: Asset discovery search completed in 2.7366 seconds
[2016.02.13-18.30.47:509][  3]LogCollectionManager: Rebuilt the object cache for 0 collections in 0.000000 seconds (found 0 objects)
[2016.02.13-18.30.47:509][  3]LogCollectionManager: Fixed up redirectors for 0 collections in 0.000016 seconds (updated 0 objects)
[2016.02.13-18.30.49:943][132]Recompiling AISafari...
[2016.02.13-18.30.49:943][132]Launching UnrealBuildTool... [C:/Program Files (x86)/Epic Games/4.9/Engine/Binaries/DotNET/UnrealBuildTool.exe AISafari -ModuleWithSuffix AISafari 7960 Win64 Development -editorrecompile -canskiplink "Q:/Classes/3-2/AI/AISafari/AISafari.uproject" -rocket  -rocket]
[2016.02.13-18.30.49:944][132]Warning: Starting HotReload took  0.0s.
[2016.02.13-18.30.53:804][569]CompilerResultsLog: New page: Compilation - Feb 13, 2016, 8:30:53 AM
[2016.02.13-18.30.53:804][569]CompilerResultsLog: Info Creating makefile for hot reloading AISafari (modules to compile have changed)
[2016.02.13-18.30.53:804][569]CompilerResultsLog: Info Compiling game modules for hot reload
[2016.02.13-18.30.53:804][569]CompilerResultsLog: Info Target is up to date.
[2016.02.13-18.30.53:804][569]LogMainFrame: MainFrame: Module compiling took 3.875 seconds
[2016.02.13-18.31.08:022][489]LogBlueprintUserMessages: Early PlayInEditor Detection: Level '/Game/StarterContent/Maps/Minimal_Default.Minimal_Default:PersistentLevel' has LevelScriptBlueprint '/Game/StarterContent/Maps/Minimal_Default.Minimal_Default:PersistentLevel.Minimal_Default' with GeneratedClass '/Game/StarterContent/Maps/Minimal_Default.Minimal_Default_C' with ClassGeneratedBy '/Game/StarterContent/Maps/Minimal_Default.Minimal_Default:PersistentLevel.Minimal_Default'
[2016.02.13-18.31.08:022][489]LogPlayLevel: PlayLevel: No blueprints needed recompiling
[2016.02.13-18.31.08:022][489]PIE: New page: PIE session: Minimal_Default (Feb 13, 2016, 8:31:08 AM)
[2016.02.13-18.31.08:022][489]LogPlayLevel: Creating play world package: /Game/StarterContent/Maps/UEDPIE_0_Minimal_Default
[2016.02.13-18.31.08:030][489]LogPlayLevel: PIE: StaticDuplicateObject took: (0.007603s)
[2016.02.13-18.31.08:030][489]LogAIModule: Creating AISystem for world Minimal_Default
[2016.02.13-18.31.08:031][489]LogPlayLevel: PIE: World Init took: (0.000673s)
[2016.02.13-18.31.08:031][489]LogPlayLevel: PIE: Created PIE world by copying editor world from /Game/StarterContent/Maps/Minimal_Default.Minimal_Default to /Game/StarterContent/Maps/UEDPIE_0_Minimal_Default.Minimal_Default (0.008486s)
[2016.02.13-18.31.08:055][489]LogInit: XAudio2 using 'Speakers (ASUS Xonar DGX Audio Device)' : 2 channels at 44.1 kHz using 16 bits per sample (channel mask 0x3)
[2016.02.13-18.31.08:058][489]LogInit: FAudioDevice initialized.
[2016.02.13-18.31.08:105][489]LogWorld: Game class is 'AISafariGameMode'
[2016.02.13-18.31.08:107][489]LogWorld: Bringing World /Game/StarterContent/Maps/UEDPIE_0_Minimal_Default.Minimal_Default up for play (max tick rate 0) at 2016.02.13-13.31.08
[2016.02.13-18.31.08:107][489]LogActor:Warning: GameSession /Game/StarterContent/Maps/UEDPIE_0_Minimal_Default.Minimal_Default:PersistentLevel.GameSession_0 has natively added scene component(s), but none of them were set as the actor's RootComponent - picking one arbitrarily
[2016.02.13-18.31.08:107][489]LogActor:Warning: GameNetworkManager /Game/StarterContent/Maps/UEDPIE_0_Minimal_Default.Minimal_Default:PersistentLevel.GameNetworkManager_0 has natively added scene component(s), but none of them were set as the actor's RootComponent - picking one arbitrarily
[2016.02.13-18.31.08:107][489]LogWorld: Bringing up level for play took: 0.001735
[2016.02.13-18.31.08:222][489]PIE: Info Play in editor start time for /Game/StarterContent/Maps/UEDPIE_0_Minimal_Default 1.051
[2016.02.13-18.31.08:223][489]LogBlueprintUserMessages: Late PlayInEditor Detection: Level '/Game/StarterContent/Maps/Minimal_Default.Minimal_Default:PersistentLevel' has LevelScriptBlueprint '/Game/StarterContent/Maps/Minimal_Default.Minimal_Default:PersistentLevel.Minimal_Default' with GeneratedClass '/Game/StarterContent/Maps/Minimal_Default.Minimal_Default_C' with ClassGeneratedBy '/Game/StarterContent/Maps/Minimal_Default.Minimal_Default:PersistentLevel.Minimal_Default'
[2016.02.13-18.31.21:253][178]LogBlueprintUserMessages: Early EndPlayMap Detection: Level '/Game/StarterContent/Maps/Minimal_Default.Minimal_Default:PersistentLevel' has LevelScriptBlueprint '/Game/StarterContent/Maps/Minimal_Default.Minimal_Default:PersistentLevel.Minimal_Default' with GeneratedClass '/Game/StarterContent/Maps/Minimal_Default.Minimal_Default_C' with ClassGeneratedBy '/Game/StarterContent/Maps/Minimal_Default.Minimal_Default:PersistentLevel.Minimal_Default'
[2016.02.13-18.31.21:294][178]LogBlueprintUserMessages: Late EndPlayMap Detection: Level '/Game/StarterContent/Maps/Minimal_Default.Minimal_Default:PersistentLevel' has LevelScriptBlueprint '/Game/StarterContent/Maps/Minimal_Default.Minimal_Default:PersistentLevel.Minimal_Default' with GeneratedClass '/Game/StarterContent/Maps/Minimal_Default.Minimal_Default_C' with ClassGeneratedBy '/Game/StarterContent/Maps/Minimal_Default.Minimal_Default:PersistentLevel.Minimal_Default'
[2016.02.13-18.31.21:311][178]LogParticles: Destroying 0 GPU particle simulations for FXSystem 0x000000ED8A2004A0
[2016.02.13-18.31.40:757][294]LogHotReload: New module detected: UE4Editor-AISafari-9209.dll
[2016.02.13-18.31.41:433][297]LogHotReload: Starting Hot-Reload from IDE
[2016.02.13-18.31.41:511][297]LogContentBrowser: Native class hierarchy updated for 'AISafari' in 0.0009 seconds. Added 4 classes and 3 folders.
[2016.02.13-18.31.41:512][297]Warning: HotReload successful (0 functions remapped  0 scriptstructs remapped)
[2016.02.13-18.31.41:554][297]LogContentBrowser: Native class hierarchy populated in 0.0061 seconds. Added 1872 classes and 338 folders.
[2016.02.13-18.31.52:220][335]LogBlueprintUserMessages: Early PlayInEditor Detection: Level '/Game/StarterContent/Maps/Minimal_Default.Minimal_Default:PersistentLevel' has LevelScriptBlueprint '/Game/StarterContent/Maps/Minimal_Default.Minimal_Default:PersistentLevel.Minimal_Default' with GeneratedClass '/Game/StarterContent/Maps/Minimal_Default.Minimal_Default_C' with ClassGeneratedBy '/Game/StarterContent/Maps/Minimal_Default.Minimal_Default:PersistentLevel.Minimal_Default'
[2016.02.13-18.31.52:220][335]LogPlayLevel: PlayLevel: No blueprints needed recompiling
[2016.02.13-18.31.52:220][335]PIE: New page: PIE session: Minimal_Default (Feb 13, 2016, 8:31:52 AM)
[2016.02.13-18.31.52:220][335]LogPlayLevel: Creating play world package: /Game/StarterContent/Maps/UEDPIE_0_Minimal_Default
[2016.02.13-18.31.52:225][335]LogPlayLevel: PIE: StaticDuplicateObject took: (0.005082s)
[2016.02.13-18.31.52:225][335]LogAIModule: Creating AISystem for world Minimal_Default
[2016.02.13-18.31.52:225][335]LogPlayLevel: PIE: World Init took: (0.000521s)
[2016.02.13-18.31.52:226][335]LogPlayLevel: PIE: Created PIE world by copying editor world from /Game/StarterContent/Maps/Minimal_Default.Minimal_Default to /Game/StarterContent/Maps/UEDPIE_0_Minimal_Default.Minimal_Default (0.005752s)
[2016.02.13-18.31.52:242][335]LogInit: XAudio2 using 'Speakers (ASUS Xonar DGX Audio Device)' : 2 channels at 44.1 kHz using 16 bits per sample (channel mask 0x3)
[2016.02.13-18.31.52:245][335]LogInit: FAudioDevice initialized.
[2016.02.13-18.31.52:275][335]LogWorld: Game class is 'AISafariGameMode'
[2016.02.13-18.31.52:277][335]LogWorld: Bringing World /Game/StarterContent/Maps/UEDPIE_0_Minimal_Default.Minimal_Default up for play (max tick rate 0) at 2016.02.13-13.31.52
[2016.02.13-18.31.52:277][335]LogActor:Warning: GameSession /Game/StarterContent/Maps/UEDPIE_0_Minimal_Default.Minimal_Default:PersistentLevel.GameSession_1 has natively added scene component(s), but none of them were set as the actor's RootComponent - picking one arbitrarily
[2016.02.13-18.31.52:277][335]LogActor:Warning: GameNetworkManager /Game/StarterContent/Maps/UEDPIE_0_Minimal_Default.Minimal_Default:PersistentLevel.GameNetworkManager_1 has natively added scene component(s), but none of them were set as the actor's RootComponent - picking one arbitrarily
[2016.02.13-18.31.52:278][335]LogWorld: Bringing up level for play took: 0.001794
[2016.02.13-18.31.52:396][335]PIE: Info Play in editor start time for /Game/StarterContent/Maps/UEDPIE_0_Minimal_Default -0.775
[2016.02.13-18.31.52:397][335]LogBlueprintUserMessages: Late PlayInEditor Detection: Level '/Game/StarterContent/Maps/Minimal_Default.Minimal_Default:PersistentLevel' has LevelScriptBlueprint '/Game/StarterContent/Maps/Minimal_Default.Minimal_Default:PersistentLevel.Minimal_Default' with GeneratedClass '/Game/StarterContent/Maps/Minimal_Default.Minimal_Default_C' with ClassGeneratedBy '/Game/StarterContent/Maps/Minimal_Default.Minimal_Default:PersistentLevel.Minimal_Default'
[2016.02.13-18.31.57:806][448]LogBlueprintUserMessages: Early EndPlayMap Detection: Level '/Game/StarterContent/Maps/Minimal_Default.Minimal_Default:PersistentLevel' has LevelScriptBlueprint '/Game/StarterContent/Maps/Minimal_Default.Minimal_Default:PersistentLevel.Minimal_Default' with GeneratedClass '/Game/StarterContent/Maps/Minimal_Default.Minimal_Default_C' with ClassGeneratedBy '/Game/StarterContent/Maps/Minimal_Default.Minimal_Default:PersistentLevel.Minimal_Default'
[2016.02.13-18.31.57:846][448]LogBlueprintUserMessages: Late EndPlayMap Detection: Level '/Game/StarterContent/Maps/Minimal_Default.Minimal_Default:PersistentLevel' has LevelScriptBlueprint '/Game/StarterContent/Maps/Minimal_Default.Minimal_Default:PersistentLevel.Minimal_Default' with GeneratedClass '/Game/StarterContent/Maps/Minimal_Default.Minimal_Default_C' with ClassGeneratedBy '/Game/StarterContent/Maps/Minimal_Default.Minimal_Default:PersistentLevel.Minimal_Default'
[2016.02.13-18.31.57:863][448]LogParticles: Destroying 0 GPU particle simulations for FXSystem 0x000000ED9ABA89A0
[2016.02.13-18.31.58:957][574]LogBlueprintUserMessages: Early PlayInEditor Detection: Level '/Game/StarterContent/Maps/Minimal_Default.Minimal_Default:PersistentLevel' has LevelScriptBlueprint '/Game/StarterContent/Maps/Minimal_Default.Minimal_Default:PersistentLevel.Minimal_Default' with GeneratedClass '/Game/StarterContent/Maps/Minimal_Default.Minimal_Default_C' with ClassGeneratedBy '/Game/StarterContent/Maps/Minimal_Default.Minimal_Default:PersistentLevel.Minimal_Default'
[2016.02.13-18.31.58:957][574]LogPlayLevel: PlayLevel: No blueprints needed recompiling
[2016.02.13-18.31.58:957][574]PIE: New page: PIE session: Minimal_Default (Feb 13, 2016, 8:31:58 AM)
[2016.02.13-18.31.58:957][574]LogPlayLevel: Creating play world package: /Game/StarterContent/Maps/UEDPIE_0_Minimal_Default
[2016.02.13-18.31.58:962][574]LogPlayLevel: PIE: StaticDuplicateObject took: (0.005206s)
[2016.02.13-18.31.58:963][574]LogAIModule: Creating AISystem for world Minimal_Default
[2016.02.13-18.31.58:964][574]LogPlayLevel: PIE: World Init took: (0.001028s)
[2016.02.13-18.31.58:964][574]LogPlayLevel: PIE: Created PIE world by copying editor world from /Game/StarterContent/Maps/Minimal_Default.Minimal_Default to /Game/StarterContent/Maps/UEDPIE_0_Minimal_Default.Minimal_Default (0.006447s)
[2016.02.13-18.31.58:979][574]LogInit: XAudio2 using 'Speakers (ASUS Xonar DGX Audio Device)' : 2 channels at 44.1 kHz using 16 bits per sample (channel mask 0x3)
[2016.02.13-18.31.58:981][574]LogInit: FAudioDevice initialized.
[2016.02.13-18.31.59:013][574]LogWorld: Game class is 'AISafariGameMode'
[2016.02.13-18.31.59:016][574]LogWorld: Bringing World /Game/StarterContent/Maps/UEDPIE_0_Minimal_Default.Minimal_Default up for play (max tick rate 0) at 2016.02.13-13.31.59
[2016.02.13-18.31.59:016][574]LogActor:Warning: GameSession /Game/StarterContent/Maps/UEDPIE_0_Minimal_Default.Minimal_Default:PersistentLevel.GameSession_2 has natively added scene component(s), but none of them were set as the actor's RootComponent - picking one arbitrarily
[2016.02.13-18.31.59:016][574]LogActor:Warning: GameNetworkManager /Game/StarterContent/Maps/UEDPIE_0_Minimal_Default.Minimal_Default:PersistentLevel.GameNetworkManager_2 has natively added scene component(s), but none of them were set as the actor's RootComponent - picking one arbitrarily
[2016.02.13-18.31.59:016][574]LogWorld: Bringing up level for play took: 0.001905
[2016.02.13-18.31.59:128][574]PIE: Info Play in editor start time for /Game/StarterContent/Maps/UEDPIE_0_Minimal_Default -0.043
[2016.02.13-18.31.59:129][574]LogBlueprintUserMessages: Late PlayInEditor Detection: Level '/Game/StarterContent/Maps/Minimal_Default.Minimal_Default:PersistentLevel' has LevelScriptBlueprint '/Game/StarterContent/Maps/Minimal_Default.Minimal_Default:PersistentLevel.Minimal_Default' with GeneratedClass '/Game/StarterContent/Maps/Minimal_Default.Minimal_Default_C' with ClassGeneratedBy '/Game/StarterContent/Maps/Minimal_Default.Minimal_Default:PersistentLevel.Minimal_Default'
[2016.02.13-18.32.13:463][122]LogBlueprintUserMessages: Early EndPlayMap Detection: Level '/Game/StarterContent/Maps/Minimal_Default.Minimal_Default:PersistentLevel' has LevelScriptBlueprint '/Game/StarterContent/Maps/Minimal_Default.Minimal_Default:PersistentLevel.Minimal_Default' with GeneratedClass '/Game/StarterContent/Maps/Minimal_Default.Minimal_Default_C' with ClassGeneratedBy '/Game/StarterContent/Maps/Minimal_Default.Minimal_Default:PersistentLevel.Minimal_Default'
[2016.02.13-18.32.13:506][122]LogBlueprintUserMessages: Late EndPlayMap Detection: Level '/Game/StarterContent/Maps/Minimal_Default.Minimal_Default:PersistentLevel' has LevelScriptBlueprint '/Game/StarterContent/Maps/Minimal_Default.Minimal_Default:PersistentLevel.Minimal_Default' with GeneratedClass '/Game/StarterContent/Maps/Minimal_Default.Minimal_Default_C' with ClassGeneratedBy '/Game/StarterContent/Maps/Minimal_Default.Minimal_Default:PersistentLevel.Minimal_Default'
[2016.02.13-18.32.13:536][123]LogParticles: Destroying 0 GPU particle simulations for FXSystem 0x000000EE0B327F60
[2016.02.13-18.32.33:174][485]LogHotReload: New module detected: UE4Editor-AISafari-6273.dll
[2016.02.13-18.32.33:851][488]LogHotReload: Starting Hot-Reload from IDE
[2016.02.13-18.32.33:907][488]LogContentBrowser: Native class hierarchy updated for 'AISafari' in 0.0009 seconds. Added 4 classes and 3 folders.
[2016.02.13-18.32.33:908][488]Warning: HotReload successful (0 functions remapped  0 scriptstructs remapped)
[2016.02.13-18.32.33:949][488]LogContentBrowser: Native class hierarchy populated in 0.0060 seconds. Added 1872 classes and 338 folders.
[2016.02.13-18.32.37:183][497]LogBlueprintUserMessages: Early PlayInEditor Detection: Level '/Game/StarterContent/Maps/Minimal_Default.Minimal_Default:PersistentLevel' has LevelScriptBlueprint '/Game/StarterContent/Maps/Minimal_Default.Minimal_Default:PersistentLevel.Minimal_Default' with GeneratedClass '/Game/StarterContent/Maps/Minimal_Default.Minimal_Default_C' with ClassGeneratedBy '/Game/StarterContent/Maps/Minimal_Default.Minimal_Default:PersistentLevel.Minimal_Default'
[2016.02.13-18.32.37:183][497]LogPlayLevel: PlayLevel: No blueprints needed recompiling
[2016.02.13-18.32.37:183][497]PIE: New page: PIE session: Minimal_Default (Feb 13, 2016, 8:32:37 AM)
[2016.02.13-18.32.37:183][497]LogPlayLevel: Creating play world package: /Game/StarterContent/Maps/UEDPIE_0_Minimal_Default
[2016.02.13-18.32.37:188][497]LogPlayLevel: PIE: StaticDuplicateObject took: (0.004535s)
[2016.02.13-18.32.37:188][497]LogAIModule: Creating AISystem for world Minimal_Default
[2016.02.13-18.32.37:188][497]LogPlayLevel: PIE: World Init took: (0.000660s)
[2016.02.13-18.32.37:188][497]LogPlayLevel: PIE: Created PIE world by copying editor world from /Game/StarterContent/Maps/Minimal_Default.Minimal_Default to /Game/StarterContent/Maps/UEDPIE_0_Minimal_Default.Minimal_Default (0.005357s)
[2016.02.13-18.32.37:203][497]LogInit: XAudio2 using 'Speakers (ASUS Xonar DGX Audio Device)' : 2 channels at 44.1 kHz using 16 bits per sample (channel mask 0x3)
[2016.02.13-18.32.37:206][497]LogInit: FAudioDevice initialized.
[2016.02.13-18.32.37:236][497]LogWorld: Game class is 'AISafariGameMode'
[2016.02.13-18.32.37:238][497]LogWorld: Bringing World /Game/StarterContent/Maps/UEDPIE_0_Minimal_Default.Minimal_Default up for play (max tick rate 0) at 2016.02.13-13.32.37
[2016.02.13-18.32.37:238][497]LogActor:Warning: GameSession /Game/StarterContent/Maps/UEDPIE_0_Minimal_Default.Minimal_Default:PersistentLevel.GameSession_3 has natively added scene component(s), but none of them were set as the actor's RootComponent - picking one arbitrarily
[2016.02.13-18.32.37:239][497]LogActor:Warning: GameNetworkManager /Game/StarterContent/Maps/UEDPIE_0_Minimal_Default.Minimal_Default:PersistentLevel.GameNetworkManager_3 has natively added scene component(s), but none of them were set as the actor's RootComponent - picking one arbitrarily
[2016.02.13-18.32.37:239][497]LogWorld: Bringing up level for play took: 0.001644
[2016.02.13-18.32.37:348][497]PIE: Info Play in editor start time for /Game/StarterContent/Maps/UEDPIE_0_Minimal_Default 0.176
[2016.02.13-18.32.37:348][497]LogBlueprintUserMessages: Late PlayInEditor Detection: Level '/Game/StarterContent/Maps/Minimal_Default.Minimal_Default:PersistentLevel' has LevelScriptBlueprint '/Game/StarterContent/Maps/Minimal_Default.Minimal_Default:PersistentLevel.Minimal_Default' with GeneratedClass '/Game/StarterContent/Maps/Minimal_Default.Minimal_Default_C' with ClassGeneratedBy '/Game/StarterContent/Maps/Minimal_Default.Minimal_Default:PersistentLevel.Minimal_Default'
[2016.02.13-18.32.37:509][497]LogCrashTracker: 


[2016.02.13-18.32.37:509][497]LogCrashTracker: 


[2016.02.13-18.32.37:509][497]LogWindows: === Critical error: ===
Fatal error!



[2016.02.13-18.32.37:596][497]LogExit: Executing StaticShutdownAfterError
[2016.02.13-18.32.37:603][497]LogPhysics:Warning: PHYSX: ..\..\PhysX\src\NpScene.cpp (2946) 8 : PxScene::unlockWrite() called without matching call to PxScene::lockWrite(), behaviour will be undefined.
[2016.02.13-18.32.37:603][497]LogPhysics:Warning: PHYSX: ..\..\PhysX\src\NpScene.cpp (2946) 8 : PxScene::unlockWrite() called without matching call to PxScene::lockWrite(), behaviour will be undefined.
[2016.02.13-18.32.37:604][497]LogPhysics:Warning: PHYSX: ..\..\PhysX\src\NpScene.cpp (2946) 8 : PxScene::unlockWrite() called without matching call to PxScene::lockWrite(), behaviour will be undefined.
[2016.02.13-18.32.37:604][497]LogPhysics:Warning: PHYSX: ..\..\PhysX\src\NpScene.cpp (2946) 8 : PxScene::unlockWrite() called without matching call to PxScene::lockWrite(), behaviour will be undefined.
[2016.02.13-18.32.37:604][497]LogWindows: FPlatformMisc::RequestExit(1)
[2016.02.13-18.32.37:604][497]Log file closed, 02/13/16 13:32:37
