[2016.02.13-18.58.36:564][  0]Log file open, 02/13/16 13:58:36
[2016.02.13-18.58.36:564][  0]LogInit:Display: Running engine for game: AISafari
[2016.02.13-18.58.36:564][  0]LogInit:Display: RandInit(2080944527) SRandInit(2080944528).
[2016.02.13-18.58.36:564][  0]LogTaskGraph: Started task graph with 4 named threads and 7 total threads.
[2016.02.13-18.58.36:564][  0]LogStats: Stats thread started at 0.067347
[2016.02.13-18.58.36:564][  0]LogInit: Version: 4.9.2-2707645+++depot+UE4-Releases+4.9
[2016.02.13-18.58.36:564][  0]LogInit: API Version: 2672455
[2016.02.13-18.58.36:564][  0]LogInit: Compiled (64-bit): Sep 28 2015 10:25:44
[2016.02.13-18.58.36:564][  0]LogInit: Compiled with Visual C++: 18.00.21005.01
[2016.02.13-18.58.36:564][  0]LogInit: Build Configuration: Development
[2016.02.13-18.58.36:564][  0]LogInit: Branch Name: ++depot+UE4-Releases+4.9
[2016.02.13-18.58.36:564][  0]LogInit: Command line:  
[2016.02.13-18.58.36:564][  0]LogInit: Base directory: C:/Program Files (x86)/Epic Games/4.9/Engine/Binaries/Win64/
[2016.02.13-18.58.36:564][  0]LogInit: Rocket: 1
[2016.02.13-18.58.36:571][  0]LogInit: Using libcurl 7.41.0
[2016.02.13-18.58.36:571][  0]LogInit:  - built for x86_64-pc-win32
[2016.02.13-18.58.36:571][  0]LogInit:  - supports SSL with WinSSL
[2016.02.13-18.58.36:571][  0]LogInit:  - other features:
[2016.02.13-18.58.36:571][  0]LogInit:      CURL_VERSION_SSL
[2016.02.13-18.58.36:571][  0]LogInit:      CURL_VERSION_IPV6
[2016.02.13-18.58.36:571][  0]LogInit:      CURL_VERSION_ASYNCHDNS
[2016.02.13-18.58.36:571][  0]LogInit:      CURL_VERSION_LARGEFILE
[2016.02.13-18.58.36:571][  0]LogInit:      CURL_VERSION_IDN
[2016.02.13-18.58.36:571][  0]LogInit:  CurlRequestOptions (configurable via config and command line):
[2016.02.13-18.58.36:571][  0]LogInit:  - bVerifyPeer = true  - Libcurl will verify peer certificate
[2016.02.13-18.58.36:571][  0]LogInit:  - bUseHttpProxy = false  - Libcurl will NOT use HTTP proxy
[2016.02.13-18.58.36:571][  0]LogInit:  - bDontReuseConnections = false  - Libcurl will reuse connections
[2016.02.13-18.58.36:571][  0]LogInit:  - CertBundlePath = nullptr  - Libcurl will use whatever was configured at build time.
[2016.02.13-18.58.36:576][  0]LogInit: Presizing for 0 objects not considered by GC, pre-allocating 0 bytes.
[2016.02.13-18.58.36:583][  0]LogInit: Object subsystem initialized
[2016.02.13-18.58.36:584][  0]LogInit: Selected Device Profile: [Windows]
[2016.02.13-18.58.36:584][  0]LogInit: Applying CVar settings loaded from the selected device profile: [Windows]
[2016.02.13-18.58.36:591][  0]LogInit: Computer: ZEBRADESKTOP
[2016.02.13-18.58.36:591][  0]LogInit: User: Ryan
[2016.02.13-18.58.36:591][  0]LogInit: CPU Page size=4096, Cores=4
[2016.02.13-18.58.36:591][  0]LogInit: High frequency timer resolution =3.984648 MHz
[2016.02.13-18.58.36:591][  0]LogMemory: Memory total: Physical=15.9GB (16GB approx)
[2016.02.13-18.58.36:591][  0]LogMemory: Platform Memory Stats for Windows
[2016.02.13-18.58.36:591][  0]LogMemory: Process Physical Memory: 53.92 MB used, 53.92 MB peak
[2016.02.13-18.58.36:591][  0]LogMemory: Process Virtual Memory: 57.38 MB used, 57.38 MB peak
[2016.02.13-18.58.36:591][  0]LogMemory: Physical Memory: 7424.53 MB used, 16325.73 MB total
[2016.02.13-18.58.36:591][  0]LogMemory: Virtual Memory: 366.70 MB used, 134217728.00 MB total
[2016.02.13-18.58.36:619][  0]LogTextLocalizationManager: No specific translations for ('en-US') exist, so ('en') translations will be used.
[2016.02.13-18.58.37:223][  0]LogD3D11RHI: Found D3D11 adapter 0: NVIDIA GeForce GTX 780 (Feature Level 11_0)
[2016.02.13-18.58.37:223][  0]LogD3D11RHI: Adapter has 5971MB of dedicated video memory, 0MB of dedicated system memory, and 8162MB of shared system memory, 3 output[s]
[2016.02.13-18.58.37:224][  0]LogD3D11RHI: Found D3D11 adapter 1: Microsoft Basic Render Driver (Feature Level 11_0)
[2016.02.13-18.58.37:224][  0]LogD3D11RHI: Adapter has 0MB of dedicated video memory, 0MB of dedicated system memory, and 8162MB of shared system memory, 0 output[s]
[2016.02.13-18.58.37:224][  0]LogD3D11RHI: Chosen D3D11 Adapter Id = 0
[2016.02.13-18.58.38:908][  0]LogWindowsTextInputMethodSystem:Display: IME system now deactivated.
[2016.02.13-18.58.38:909][  0]LogWindowsTextInputMethodSystem:Display: IME system now deactivated.
[2016.02.13-18.58.38:910][  0]LogD3D11RHI: !Direct3DDevice
[2016.02.13-18.58.38:910][  0]LogRHI: Texture pool is 1361 MB (70% of 1945 MB)
[2016.02.13-18.58.38:924][  0]LogD3D11RHI: Async texture creation enabled
[2016.02.13-18.58.38:941][  0]LogShaderCompilers: Guid format shader working directory is 14 characters bigger than the processId version (Q:/Classes/3-2/AI/AISafari/Intermediate/Shaders/WorkingDirectory/14180/).
[2016.02.13-18.58.38:941][  0]LogShaderCompilers: Cleaned the shader compiler working directory 'Q:/Classes/3-2/AI/AISafari/Intermediate/Shaders/tmp/5C6BE3DB464589311117F686653A5695/'.
[2016.02.13-18.58.38:941][  0]LogShaderCompilers:Display: Using Local Shader Compiler.
[2016.02.13-18.58.39:676][  0]LogTemp:Display: Loaded TP AllDesktopTargetPlatform
[2016.02.13-18.58.39:680][  0]LogTemp:Display: Loaded TP WindowsClientTargetPlatform
[2016.02.13-18.58.39:684][  0]LogTemp:Display: Loaded TP WindowsNoEditorTargetPlatform
[2016.02.13-18.58.39:688][  0]LogTemp:Display: Loaded TP WindowsServerTargetPlatform
[2016.02.13-18.58.39:691][  0]LogTemp:Display: Loaded TP WindowsTargetPlatform
[2016.02.13-18.58.39:694][  0]LogTemp:Display: Loaded TP AndroidTargetPlatform
[2016.02.13-18.58.39:696][  0]LogTemp:Display: Loaded TP Android_ASTCTargetPlatform
[2016.02.13-18.58.39:699][  0]LogTemp:Display: Loaded TP Android_ATCTargetPlatform
[2016.02.13-18.58.39:701][  0]LogTemp:Display: Loaded TP Android_DXTTargetPlatform
[2016.02.13-18.58.39:703][  0]LogTemp:Display: Loaded TP Android_ETC1TargetPlatform
[2016.02.13-18.58.39:705][  0]LogTemp:Display: Loaded TP Android_ETC2TargetPlatform
[2016.02.13-18.58.39:707][  0]LogTemp:Display: Loaded TP Android_PVRTCTargetPlatform
[2016.02.13-18.58.39:708][  0]LogTemp:Display: Loaded TP HTML5TargetPlatform
[2016.02.13-18.58.39:724][  0]LogTemp:Display: Loaded TP IOSTargetPlatform
[2016.02.13-18.58.39:726][  0]LogTemp:Display: Loaded TP LinuxNoEditorTargetPlatform
[2016.02.13-18.58.39:728][  0]LogTemp:Display: Loaded TP LinuxServerTargetPlatform
[2016.02.13-18.58.39:731][  0]LogTemp:Display: Loaded TP LinuxTargetPlatform
[2016.02.13-18.58.39:731][  0]LogTargetPlatformManager:Display: Building Assets For Windows
[2016.02.13-18.58.39:794][  0]LogDerivedDataCache:Display: Max Cache Size: 512 MB
[2016.02.13-18.58.39:830][  0]LogDerivedDataCache: Loaded boot cache 0.04s 41MB C:/Users/Ryan/AppData/Local/UnrealEngine/4.9/DerivedDataCache/Boot.ddc.
[2016.02.13-18.58.39:830][  0]LogDerivedDataCache:Display: Loaded Boot cache: C:/Users/Ryan/AppData/Local/UnrealEngine/4.9/DerivedDataCache/Boot.ddc
[2016.02.13-18.58.39:830][  0]LogDerivedDataCache: FDerivedDataBackendGraph:  Pak pak cache file Q:/Classes/3-2/AI/AISafari/DerivedDataCache/DDC.ddp not found, will not use a pak cache.
[2016.02.13-18.58.39:830][  0]LogDerivedDataCache: Unable to find inner node Pak for hierarchical cache Hierarchy.
[2016.02.13-18.58.39:830][  0]LogDerivedDataCache: FDerivedDataBackendGraph:  CompressedPak pak cache file Q:/Classes/3-2/AI/AISafari/DerivedDataCache/Compressed.ddp not found, will not use a pak cache.
[2016.02.13-18.58.39:830][  0]LogDerivedDataCache: Unable to find inner node CompressedPak for hierarchical cache Hierarchy.
[2016.02.13-18.58.39:931][  0]LogDerivedDataCache:Display: Pak cache opened for reading ../../../Engine/DerivedDataCache/Compressed.ddp.
[2016.02.13-18.58.39:943][  0]LogDerivedDataCache: Using Local data cache path C:/Users/Ryan/AppData/Local/UnrealEngine/Common/DerivedDataCache: Writable
[2016.02.13-18.58.40:069][  0]LogInit: Selected Device Profile: [Windows]
[2016.02.13-18.58.40:070][  0]LogContentStreaming: Texture pool size is 0.000000MB
[2016.02.13-18.58.40:158][  0]LogMeshUtilities: No automatic mesh reduction module available
[2016.02.13-18.58.40:158][  0]LogMeshUtilities: No automatic mesh merging module available
[2016.02.13-18.58.40:331][  0]LogInit: WinSock: version 1.1 (2.2), MaxSocks=32767, MaxUdp=65467
[2016.02.13-18.58.40:806][  0]UdpMessaging: Initializing bridge on interface 0.0.0.0:0 to multicast group 230.0.0.1:6666.
[2016.02.13-18.58.40:902][  0]LogAssetRegistry: FAssetRegistry took 0.0114 seconds to start up
[2016.02.13-18.58.41:010][  0]SourceControl: Info Source control is disabled
[2016.02.13-18.58.41:017][  0]SourceControl: Info Source control is disabled
[2016.02.13-18.58.41:026][  0]SourceControl: Info Source control is disabled
[2016.02.13-18.58.41:035][  0]SourceControl: Info Source control is disabled
[2016.02.13-18.58.41:133][  0]LogLinker:Warning: Asset '../../../Engine/Plugins/Runtime/LeapMotionController/Content/LM_PassthroughMaterial.uasset' has been saved with empty engine version. The asset will be loaded but may be incompatible.
[2016.02.13-18.58.41:185][  0]LogObj: 28380 objects as part of root set at end of initial load.
[2016.02.13-18.58.41:185][  0]LogUObjectAllocator: 6046576 out of 0 bytes used by permanent object pool.
[2016.02.13-18.58.41:227][  0]LogEngine: Initializing Engine...
[2016.02.13-18.58.41:229][  0]LogHMD: Can't find Oculus library dev build: is proper Runtime installed? Version: 0.7.0.0
[2016.02.13-18.58.41:230][  0]LogHMD: SteamVR failed to initialize.  Err: 110
[2016.02.13-18.58.41:314][  0]LogAIModule: Creating AISystem for world NewWorld
[2016.02.13-18.58.41:321][  0]LogInit: XAudio2 using 'Speakers (ASUS Xonar DGX Audio Device)' : 2 channels at 44.1 kHz using 16 bits per sample (channel mask 0x3)
[2016.02.13-18.58.41:325][  0]LogInit: FAudioDevice initialized.
[2016.02.13-18.58.41:345][  0]LogDerivedDataCache: Saved boot cache 0.02s 41MB C:/Users/Ryan/AppData/Local/UnrealEngine/4.9/DerivedDataCache/Boot.ddc.
[2016.02.13-18.58.41:350][  0]LogInit: Texture streaming: Enabled
[2016.02.13-18.58.41:354][  0]LogAnalytics: Creating configured Analytics provider AnalyticsET
[2016.02.13-18.58.41:354][  0]LogAnalytics: [UEEditor.Rocket.Release] APIServer = http://et2.epicgames.com/ET2/. AppVersion = 4.9.2-2707645+++depot+UE4-Releases+4.9
[2016.02.13-18.58.41:354][  0]LogAnalytics: [UEEditor.Rocket.Release] SetUserId d1f9beca401d8fe412e57fa88e66abb9|85745c8591404a23957796735eaccf05|defee072-9da8-4f68-a06a-f65b3a6c30bf
[2016.02.13-18.58.41:354][  0]LogAnalytics: [UEEditor.Rocket.Release] AnalyticsET::StartSession
[2016.02.13-18.58.41:382][  0]LogInit: Transaction tracking system initialized
[2016.02.13-18.58.41:404][  0]BlueprintLog: New page: Editor Load
[2016.02.13-18.58.41:472][  0]LocalizationService: Info Localization service is disabled
[2016.02.13-18.58.41:537][  0]LogConsoleResponse:Display: 
[2016.02.13-18.58.41:625][  0]LogCook:Display: Done creating registry. It took  0.00s.
[2016.02.13-18.58.41:673][  0]LogFileCache: Scanning file cache for directory 'Q:/Classes/3-2/AI/AISafari/Content/' took 0.01s
[2016.02.13-18.58.41:673][  0]SourceControl: Info Source control is disabled
[2016.02.13-18.58.41:674][  0]Cmd: MAP LOAD FILE="Q:/Classes/3-2/AI/AISafari/Content/StarterContent/Maps/Minimal_Default.umap" TEMPLATE=0 SHOWPROGRESS=1 FEATURELEVEL=3
[2016.02.13-18.58.41:674][  0]LightingResults: New page: Lighting Build
[2016.02.13-18.58.41:676][  0]MapCheck: New page: Map Check
[2016.02.13-18.58.41:676][  0]LightingResults: New page: Lighting Build
[2016.02.13-18.58.41:686][  0]LogParticles: Destroying 0 GPU particle simulations for FXSystem 0x00000087907E3CE0
[2016.02.13-18.58.41:889][  0]LogAIModule: Creating AISystem for world Minimal_Default
[2016.02.13-18.58.41:894][  0]LogEditorServer: Finished looking for orphan Actors (0.000 secs)
[2016.02.13-18.58.41:894][  0]Cmd: MAP CHECKDEP NOCLEARLOG
[2016.02.13-18.58.41:930][  0]MapCheck: Info Map check complete: 0 Error(s), 0 Warning(s), took 35.643ms to complete.
[2016.02.13-18.58.41:930][  0]LogFileHelpers: Loading map 'Minimal_Default' took 0.256
[2016.02.13-18.58.41:981][  0]LogWindowsTextInputMethodSystem:Display: IME system now deactivated.
[2016.02.13-18.58.42:062][  0]LogCollectionManager: Loaded 0 collections in 0.002078 seconds
[2016.02.13-18.58.42:104][  0]LogFileCache: Scanning file cache for directory 'Q:/Classes/3-2/AI/AISafari/Saved/Collections/' took 0.01s
[2016.02.13-18.58.42:104][  0]LogFileCache: Scanning file cache for directory 'Q:/Classes/3-2/AI/AISafari/Content/Developers/Ryan/Collections/' took 0.01s
[2016.02.13-18.58.42:104][  0]LogFileCache: Scanning file cache for directory 'Q:/Classes/3-2/AI/AISafari/Content/Collections/' took 0.01s
[2016.02.13-18.58.42:104][  0]LogContentBrowser: Native class hierarchy populated in 0.0094 seconds. Added 1871 classes and 336 folders.
[2016.02.13-18.58.42:122][  0]LogCollectionManager: Rebuilt the GUID cache for 0 collections in 0.000002 seconds
[2016.02.13-18.58.42:130][  0]LogContentBrowser: Native class hierarchy updated for 'WidgetCarousel' in 0.0009 seconds. Added 0 classes and 0 folders.
[2016.02.13-18.58.42:172][  0]LogContentBrowser: Native class hierarchy updated for 'AddContentDialog' in 0.0013 seconds. Added 0 classes and 0 folders.
[2016.02.13-18.58.42:177][  0]LogContentBrowser: Native class hierarchy updated for 'SceneOutliner' in 0.0013 seconds. Added 1 classes and 2 folders.
[2016.02.13-18.58.42:195][  0]LogCrashTracker: Crashtracker disabled due to settings.
[2016.02.13-18.58.42:200][  0]LogUObjectGlobals:Warning: Failed to find object 'Class None.'
[2016.02.13-18.58.42:225][  0]LogLoad: Full Startup: 6.29 seconds (BP compile: 0.03 seconds)
[2016.02.13-18.58.42:616][  0]LogContentStreaming: Texture pool size now 1000 MB
[2016.02.13-18.58.42:729][  0]LogRenderer: Reallocating scene render targets to support 1208x600 (Frame:2).
[2016.02.13-18.58.43:243][  2]LogAssetRegistry: Asset discovery search completed in 2.3530 seconds
[2016.02.13-18.58.43:243][  2]LogCollectionManager: Rebuilt the object cache for 0 collections in 0.000001 seconds (found 0 objects)
[2016.02.13-18.58.43:243][  2]LogCollectionManager: Fixed up redirectors for 0 collections in 0.000023 seconds (updated 0 objects)
[2016.02.13-18.58.47:639][384]LogBlueprintUserMessages: Early PlayInEditor Detection: Level '/Game/StarterContent/Maps/Minimal_Default.Minimal_Default:PersistentLevel' has LevelScriptBlueprint '/Game/StarterContent/Maps/Minimal_Default.Minimal_Default:PersistentLevel.Minimal_Default' with GeneratedClass '/Game/StarterContent/Maps/Minimal_Default.Minimal_Default_C' with ClassGeneratedBy '/Game/StarterContent/Maps/Minimal_Default.Minimal_Default:PersistentLevel.Minimal_Default'
[2016.02.13-18.58.47:639][384]LogPlayLevel: PlayLevel: No blueprints needed recompiling
[2016.02.13-18.58.47:639][384]PIE: New page: PIE session: Minimal_Default (Feb 13, 2016, 8:58:47 AM)
[2016.02.13-18.58.47:640][384]LogPlayLevel: Creating play world package: /Game/StarterContent/Maps/UEDPIE_0_Minimal_Default
[2016.02.13-18.58.47:645][384]LogPlayLevel: PIE: StaticDuplicateObject took: (0.005573s)
[2016.02.13-18.58.47:646][384]LogAIModule: Creating AISystem for world Minimal_Default
[2016.02.13-18.58.47:646][384]LogPlayLevel: PIE: World Init took: (0.000745s)
[2016.02.13-18.58.47:646][384]LogPlayLevel: PIE: Created PIE world by copying editor world from /Game/StarterContent/Maps/Minimal_Default.Minimal_Default to /Game/StarterContent/Maps/UEDPIE_0_Minimal_Default.Minimal_Default (0.006540s)
[2016.02.13-18.58.47:665][384]LogInit: XAudio2 using 'Speakers (ASUS Xonar DGX Audio Device)' : 2 channels at 44.1 kHz using 16 bits per sample (channel mask 0x3)
[2016.02.13-18.58.47:667][384]LogInit: FAudioDevice initialized.
[2016.02.13-18.58.47:715][384]LogWorld: Game class is 'AISafariGameMode'
[2016.02.13-18.58.47:717][384]LogWorld: Bringing World /Game/StarterContent/Maps/UEDPIE_0_Minimal_Default.Minimal_Default up for play (max tick rate 0) at 2016.02.13-13.58.47
[2016.02.13-18.58.47:717][384]LogActor:Warning: GameSession /Game/StarterContent/Maps/UEDPIE_0_Minimal_Default.Minimal_Default:PersistentLevel.GameSession_0 has natively added scene component(s), but none of them were set as the actor's RootComponent - picking one arbitrarily
[2016.02.13-18.58.47:717][384]LogActor:Warning: GameNetworkManager /Game/StarterContent/Maps/UEDPIE_0_Minimal_Default.Minimal_Default:PersistentLevel.GameNetworkManager_0 has natively added scene component(s), but none of them were set as the actor's RootComponent - picking one arbitrarily
[2016.02.13-18.58.47:717][384]LogWorld: Bringing up level for play took: 0.001640
[2016.02.13-18.58.47:833][384]PIE: Info Play in editor start time for /Game/StarterContent/Maps/UEDPIE_0_Minimal_Default 0.662
[2016.02.13-18.58.47:833][384]LogBlueprintUserMessages: Late PlayInEditor Detection: Level '/Game/StarterContent/Maps/Minimal_Default.Minimal_Default:PersistentLevel' has LevelScriptBlueprint '/Game/StarterContent/Maps/Minimal_Default.Minimal_Default:PersistentLevel.Minimal_Default' with GeneratedClass '/Game/StarterContent/Maps/Minimal_Default.Minimal_Default_C' with ClassGeneratedBy '/Game/StarterContent/Maps/Minimal_Default.Minimal_Default:PersistentLevel.Minimal_Default'
[2016.02.13-18.58.47:981][384]LogCrashTracker: 


[2016.02.13-18.58.47:981][384]LogCrashTracker: 


[2016.02.13-18.58.47:981][384]LogWindows: === Critical error: ===
Fatal error!



[2016.02.13-18.58.48:080][384]LogExit: Executing StaticShutdownAfterError
[2016.02.13-18.58.48:086][384]LogPhysics:Warning: PHYSX: ..\..\PhysX\src\NpScene.cpp (2946) 8 : PxScene::unlockWrite() called without matching call to PxScene::lockWrite(), behaviour will be undefined.
[2016.02.13-18.58.48:086][384]LogPhysics:Warning: PHYSX: ..\..\PhysX\src\NpScene.cpp (2946) 8 : PxScene::unlockWrite() called without matching call to PxScene::lockWrite(), behaviour will be undefined.
[2016.02.13-18.58.48:086][384]LogPhysics:Warning: PHYSX: ..\..\PhysX\src\NpScene.cpp (2946) 8 : PxScene::unlockWrite() called without matching call to PxScene::lockWrite(), behaviour will be undefined.
[2016.02.13-18.58.48:086][384]LogPhysics:Warning: PHYSX: ..\..\PhysX\src\NpScene.cpp (2946) 8 : PxScene::unlockWrite() called without matching call to PxScene::lockWrite(), behaviour will be undefined.
[2016.02.13-18.58.48:086][384]LogWindows: FPlatformMisc::RequestExit(1)
[2016.02.13-18.58.48:086][384]Log file closed, 02/13/16 13:58:48
