[2016.02.13-20.20.48:469][  0]Log file open, 02/13/16 15:20:48
[2016.02.13-20.20.48:469][  0]LogInit:Display: Running engine for game: AISafari
[2016.02.13-20.20.48:469][  0]LogInit:Display: RandInit(257962762) SRandInit(257962762).
[2016.02.13-20.20.48:469][  0]LogTaskGraph: Started task graph with 4 named threads and 7 total threads.
[2016.02.13-20.20.48:469][  0]LogStats: Stats thread started at 0.069314
[2016.02.13-20.20.48:469][  0]LogInit: Version: 4.9.2-2707645+++depot+UE4-Releases+4.9
[2016.02.13-20.20.48:469][  0]LogInit: API Version: 2672455
[2016.02.13-20.20.48:469][  0]LogInit: Compiled (64-bit): Sep 28 2015 10:25:44
[2016.02.13-20.20.48:469][  0]LogInit: Compiled with Visual C++: 18.00.21005.01
[2016.02.13-20.20.48:469][  0]LogInit: Build Configuration: Development
[2016.02.13-20.20.48:469][  0]LogInit: Branch Name: ++depot+UE4-Releases+4.9
[2016.02.13-20.20.48:469][  0]LogInit: Command line:  
[2016.02.13-20.20.48:469][  0]LogInit: Base directory: C:/Program Files (x86)/Epic Games/4.9/Engine/Binaries/Win64/
[2016.02.13-20.20.48:469][  0]LogInit: Rocket: 1
[2016.02.13-20.20.48:477][  0]LogInit: Using libcurl 7.41.0
[2016.02.13-20.20.48:477][  0]LogInit:  - built for x86_64-pc-win32
[2016.02.13-20.20.48:477][  0]LogInit:  - supports SSL with WinSSL
[2016.02.13-20.20.48:477][  0]LogInit:  - other features:
[2016.02.13-20.20.48:477][  0]LogInit:      CURL_VERSION_SSL
[2016.02.13-20.20.48:477][  0]LogInit:      CURL_VERSION_IPV6
[2016.02.13-20.20.48:477][  0]LogInit:      CURL_VERSION_ASYNCHDNS
[2016.02.13-20.20.48:477][  0]LogInit:      CURL_VERSION_LARGEFILE
[2016.02.13-20.20.48:477][  0]LogInit:      CURL_VERSION_IDN
[2016.02.13-20.20.48:477][  0]LogInit:  CurlRequestOptions (configurable via config and command line):
[2016.02.13-20.20.48:477][  0]LogInit:  - bVerifyPeer = true  - Libcurl will verify peer certificate
[2016.02.13-20.20.48:477][  0]LogInit:  - bUseHttpProxy = false  - Libcurl will NOT use HTTP proxy
[2016.02.13-20.20.48:477][  0]LogInit:  - bDontReuseConnections = false  - Libcurl will reuse connections
[2016.02.13-20.20.48:477][  0]LogInit:  - CertBundlePath = nullptr  - Libcurl will use whatever was configured at build time.
[2016.02.13-20.20.48:482][  0]LogInit: Presizing for 0 objects not considered by GC, pre-allocating 0 bytes.
[2016.02.13-20.20.48:487][  0]LogInit: Object subsystem initialized
[2016.02.13-20.20.48:488][  0]LogInit: Selected Device Profile: [Windows]
[2016.02.13-20.20.48:488][  0]LogInit: Applying CVar settings loaded from the selected device profile: [Windows]
[2016.02.13-20.20.48:495][  0]LogInit: Computer: ZEBRADESKTOP
[2016.02.13-20.20.48:495][  0]LogInit: User: Ryan
[2016.02.13-20.20.48:495][  0]LogInit: CPU Page size=4096, Cores=4
[2016.02.13-20.20.48:495][  0]LogInit: High frequency timer resolution =3.984648 MHz
[2016.02.13-20.20.48:495][  0]LogMemory: Memory total: Physical=15.9GB (16GB approx)
[2016.02.13-20.20.48:495][  0]LogMemory: Platform Memory Stats for Windows
[2016.02.13-20.20.48:495][  0]LogMemory: Process Physical Memory: 53.96 MB used, 53.96 MB peak
[2016.02.13-20.20.48:495][  0]LogMemory: Process Virtual Memory: 57.48 MB used, 57.48 MB peak
[2016.02.13-20.20.48:495][  0]LogMemory: Physical Memory: 7418.09 MB used, 16325.73 MB total
[2016.02.13-20.20.48:495][  0]LogMemory: Virtual Memory: 366.70 MB used, 134217728.00 MB total
[2016.02.13-20.20.48:523][  0]LogTextLocalizationManager: No specific translations for ('en-US') exist, so ('en') translations will be used.
[2016.02.13-20.20.49:145][  0]LogD3D11RHI: Found D3D11 adapter 0: NVIDIA GeForce GTX 780 (Feature Level 11_0)
[2016.02.13-20.20.49:145][  0]LogD3D11RHI: Adapter has 5971MB of dedicated video memory, 0MB of dedicated system memory, and 8162MB of shared system memory, 3 output[s]
[2016.02.13-20.20.49:146][  0]LogD3D11RHI: Found D3D11 adapter 1: Microsoft Basic Render Driver (Feature Level 11_0)
[2016.02.13-20.20.49:146][  0]LogD3D11RHI: Adapter has 0MB of dedicated video memory, 0MB of dedicated system memory, and 8162MB of shared system memory, 0 output[s]
[2016.02.13-20.20.49:146][  0]LogD3D11RHI: Chosen D3D11 Adapter Id = 0
[2016.02.13-20.20.51:686][  0]LogWindowsTextInputMethodSystem:Display: IME system now deactivated.
[2016.02.13-20.20.51:688][  0]LogWindowsTextInputMethodSystem:Display: IME system now deactivated.
[2016.02.13-20.20.51:690][  0]LogD3D11RHI: !Direct3DDevice
[2016.02.13-20.20.51:690][  0]LogRHI: Texture pool is 1361 MB (70% of 1945 MB)
[2016.02.13-20.20.51:707][  0]LogD3D11RHI: Async texture creation enabled
[2016.02.13-20.20.51:720][  0]LogShaderCompilers: Guid format shader working directory is 14 characters bigger than the processId version (Q:/Classes/3-2/AI/AISafari/Intermediate/Shaders/WorkingDirectory/22776/).
[2016.02.13-20.20.51:720][  0]LogShaderCompilers: Cleaned the shader compiler working directory 'Q:/Classes/3-2/AI/AISafari/Intermediate/Shaders/tmp/026F6F0B4628881BAA513AB600BFFA0F/'.
[2016.02.13-20.20.51:720][  0]LogShaderCompilers:Display: Using Local Shader Compiler.
[2016.02.13-20.20.52:491][  0]LogTemp:Display: Loaded TP AllDesktopTargetPlatform
[2016.02.13-20.20.52:494][  0]LogTemp:Display: Loaded TP WindowsClientTargetPlatform
[2016.02.13-20.20.52:499][  0]LogTemp:Display: Loaded TP WindowsNoEditorTargetPlatform
[2016.02.13-20.20.52:503][  0]LogTemp:Display: Loaded TP WindowsServerTargetPlatform
[2016.02.13-20.20.52:506][  0]LogTemp:Display: Loaded TP WindowsTargetPlatform
[2016.02.13-20.20.52:508][  0]LogTemp:Display: Loaded TP AndroidTargetPlatform
[2016.02.13-20.20.52:511][  0]LogTemp:Display: Loaded TP Android_ASTCTargetPlatform
[2016.02.13-20.20.52:513][  0]LogTemp:Display: Loaded TP Android_ATCTargetPlatform
[2016.02.13-20.20.52:516][  0]LogTemp:Display: Loaded TP Android_DXTTargetPlatform
[2016.02.13-20.20.52:518][  0]LogTemp:Display: Loaded TP Android_ETC1TargetPlatform
[2016.02.13-20.20.52:520][  0]LogTemp:Display: Loaded TP Android_ETC2TargetPlatform
[2016.02.13-20.20.52:523][  0]LogTemp:Display: Loaded TP Android_PVRTCTargetPlatform
[2016.02.13-20.20.52:523][  0]LogTemp:Display: Loaded TP HTML5TargetPlatform
[2016.02.13-20.20.52:539][  0]LogTemp:Display: Loaded TP IOSTargetPlatform
[2016.02.13-20.20.52:541][  0]LogTemp:Display: Loaded TP LinuxNoEditorTargetPlatform
[2016.02.13-20.20.52:543][  0]LogTemp:Display: Loaded TP LinuxServerTargetPlatform
[2016.02.13-20.20.52:546][  0]LogTemp:Display: Loaded TP LinuxTargetPlatform
[2016.02.13-20.20.52:546][  0]LogTargetPlatformManager:Display: Building Assets For Windows
[2016.02.13-20.20.52:607][  0]LogDerivedDataCache:Display: Max Cache Size: 512 MB
[2016.02.13-20.20.52:644][  0]LogDerivedDataCache: Loaded boot cache 0.04s 41MB C:/Users/Ryan/AppData/Local/UnrealEngine/4.9/DerivedDataCache/Boot.ddc.
[2016.02.13-20.20.52:644][  0]LogDerivedDataCache:Display: Loaded Boot cache: C:/Users/Ryan/AppData/Local/UnrealEngine/4.9/DerivedDataCache/Boot.ddc
[2016.02.13-20.20.52:644][  0]LogDerivedDataCache: FDerivedDataBackendGraph:  Pak pak cache file Q:/Classes/3-2/AI/AISafari/DerivedDataCache/DDC.ddp not found, will not use a pak cache.
[2016.02.13-20.20.52:644][  0]LogDerivedDataCache: Unable to find inner node Pak for hierarchical cache Hierarchy.
[2016.02.13-20.20.52:644][  0]LogDerivedDataCache: FDerivedDataBackendGraph:  CompressedPak pak cache file Q:/Classes/3-2/AI/AISafari/DerivedDataCache/Compressed.ddp not found, will not use a pak cache.
[2016.02.13-20.20.52:644][  0]LogDerivedDataCache: Unable to find inner node CompressedPak for hierarchical cache Hierarchy.
[2016.02.13-20.20.52:743][  0]LogDerivedDataCache:Display: Pak cache opened for reading ../../../Engine/DerivedDataCache/Compressed.ddp.
[2016.02.13-20.20.52:755][  0]LogDerivedDataCache: Using Local data cache path C:/Users/Ryan/AppData/Local/UnrealEngine/Common/DerivedDataCache: Writable
[2016.02.13-20.20.52:885][  0]LogInit: Selected Device Profile: [Windows]
[2016.02.13-20.20.52:886][  0]LogContentStreaming: Texture pool size is 0.000000MB
[2016.02.13-20.20.52:969][  0]LogMeshUtilities: No automatic mesh reduction module available
[2016.02.13-20.20.52:969][  0]LogMeshUtilities: No automatic mesh merging module available
[2016.02.13-20.20.53:160][  0]LogInit: WinSock: version 1.1 (2.2), MaxSocks=32767, MaxUdp=65467
[2016.02.13-20.20.53:682][  0]UdpMessaging: Initializing bridge on interface 0.0.0.0:0 to multicast group 230.0.0.1:6666.
[2016.02.13-20.20.53:778][  0]LogAssetRegistry: FAssetRegistry took 0.0111 seconds to start up
[2016.02.13-20.20.53:891][  0]SourceControl: Info Source control is disabled
[2016.02.13-20.20.53:898][  0]SourceControl: Info Source control is disabled
[2016.02.13-20.20.53:908][  0]SourceControl: Info Source control is disabled
[2016.02.13-20.20.53:915][  0]SourceControl: Info Source control is disabled
[2016.02.13-20.20.54:013][  0]LogLinker:Warning: Asset '../../../Engine/Plugins/Runtime/LeapMotionController/Content/LM_PassthroughMaterial.uasset' has been saved with empty engine version. The asset will be loaded but may be incompatible.
[2016.02.13-20.20.54:070][  0]LogObj: 28380 objects as part of root set at end of initial load.
[2016.02.13-20.20.54:070][  0]LogUObjectAllocator: 6046576 out of 0 bytes used by permanent object pool.
[2016.02.13-20.20.54:110][  0]LogEngine: Initializing Engine...
[2016.02.13-20.20.54:112][  0]LogHMD: Can't find Oculus library dev build: is proper Runtime installed? Version: 0.7.0.0
[2016.02.13-20.20.54:112][  0]LogHMD: SteamVR failed to initialize.  Err: 110
[2016.02.13-20.20.54:199][  0]LogAIModule: Creating AISystem for world NewWorld
[2016.02.13-20.20.54:205][  0]LogInit: XAudio2 using 'Speakers (ASUS Xonar DGX Audio Device)' : 2 channels at 44.1 kHz using 16 bits per sample (channel mask 0x3)
[2016.02.13-20.20.54:209][  0]LogInit: FAudioDevice initialized.
[2016.02.13-20.20.54:228][  0]LogDerivedDataCache: Saved boot cache 0.02s 41MB C:/Users/Ryan/AppData/Local/UnrealEngine/4.9/DerivedDataCache/Boot.ddc.
[2016.02.13-20.20.54:233][  0]LogInit: Texture streaming: Enabled
[2016.02.13-20.20.54:237][  0]LogAnalytics: Creating configured Analytics provider AnalyticsET
[2016.02.13-20.20.54:237][  0]LogAnalytics: [UEEditor.Rocket.Release] APIServer = http://et2.epicgames.com/ET2/. AppVersion = 4.9.2-2707645+++depot+UE4-Releases+4.9
[2016.02.13-20.20.54:238][  0]LogAnalytics: [UEEditor.Rocket.Release] SetUserId d1f9beca401d8fe412e57fa88e66abb9|85745c8591404a23957796735eaccf05|defee072-9da8-4f68-a06a-f65b3a6c30bf
[2016.02.13-20.20.54:238][  0]LogAnalytics: [UEEditor.Rocket.Release] AnalyticsET::StartSession
[2016.02.13-20.20.54:265][  0]LogInit: Transaction tracking system initialized
[2016.02.13-20.20.54:287][  0]BlueprintLog: New page: Editor Load
[2016.02.13-20.20.54:348][  0]LocalizationService: Info Localization service is disabled
[2016.02.13-20.20.54:410][  0]LogConsoleResponse:Display: 
[2016.02.13-20.20.54:496][  0]LogCook:Display: Done creating registry. It took  0.00s.
[2016.02.13-20.20.54:542][  0]LogFileCache: Scanning file cache for directory 'Q:/Classes/3-2/AI/AISafari/Content/' took 0.01s
[2016.02.13-20.20.54:542][  0]SourceControl: Info Source control is disabled
[2016.02.13-20.20.54:542][  0]Cmd: MAP LOAD FILE="Q:/Classes/3-2/AI/AISafari/Content/StarterContent/Maps/Minimal_Default.umap" TEMPLATE=0 SHOWPROGRESS=1 FEATURELEVEL=3
[2016.02.13-20.20.54:542][  0]LightingResults: New page: Lighting Build
[2016.02.13-20.20.54:545][  0]MapCheck: New page: Map Check
[2016.02.13-20.20.54:545][  0]LightingResults: New page: Lighting Build
[2016.02.13-20.20.54:553][  0]LogParticles: Destroying 0 GPU particle simulations for FXSystem 0x000000DD3E3FFCE0
[2016.02.13-20.20.54:768][  0]LogAIModule: Creating AISystem for world Minimal_Default
[2016.02.13-20.20.54:774][  0]LogEditorServer: Finished looking for orphan Actors (0.000 secs)
[2016.02.13-20.20.54:774][  0]Cmd: MAP CHECKDEP NOCLEARLOG
[2016.02.13-20.20.54:813][  0]MapCheck: Info Map check complete: 0 Error(s), 0 Warning(s), took 38.653ms to complete.
[2016.02.13-20.20.54:814][  0]LogFileHelpers: Loading map 'Minimal_Default' took 0.271
[2016.02.13-20.20.54:854][  0]LogWindowsTextInputMethodSystem:Display: IME system now deactivated.
[2016.02.13-20.20.54:934][  0]LogCollectionManager: Loaded 0 collections in 0.001889 seconds
[2016.02.13-20.20.54:973][  0]LogFileCache: Scanning file cache for directory 'Q:/Classes/3-2/AI/AISafari/Saved/Collections/' took 0.01s
[2016.02.13-20.20.54:973][  0]LogFileCache: Scanning file cache for directory 'Q:/Classes/3-2/AI/AISafari/Content/Developers/Ryan/Collections/' took 0.01s
[2016.02.13-20.20.54:973][  0]LogFileCache: Scanning file cache for directory 'Q:/Classes/3-2/AI/AISafari/Content/Collections/' took 0.01s
[2016.02.13-20.20.54:973][  0]LogContentBrowser: Native class hierarchy populated in 0.0058 seconds. Added 1871 classes and 336 folders.
[2016.02.13-20.20.54:988][  0]LogCollectionManager: Rebuilt the GUID cache for 0 collections in 0.000003 seconds
[2016.02.13-20.20.54:997][  0]LogContentBrowser: Native class hierarchy updated for 'WidgetCarousel' in 0.0014 seconds. Added 0 classes and 0 folders.
[2016.02.13-20.20.55:034][  0]LogContentBrowser: Native class hierarchy updated for 'AddContentDialog' in 0.0014 seconds. Added 0 classes and 0 folders.
[2016.02.13-20.20.55:039][  0]LogContentBrowser: Native class hierarchy updated for 'SceneOutliner' in 0.0008 seconds. Added 1 classes and 2 folders.
[2016.02.13-20.20.55:058][  0]LogCrashTracker: Crashtracker disabled due to settings.
[2016.02.13-20.20.55:064][  0]LogUObjectGlobals:Warning: Failed to find object 'Class None.'
[2016.02.13-20.20.55:086][  0]LogLoad: Full Startup: 7.26 seconds (BP compile: 0.04 seconds)
[2016.02.13-20.20.55:476][  0]LogContentStreaming: Texture pool size now 1000 MB
[2016.02.13-20.20.55:584][  0]LogRenderer: Reallocating scene render targets to support 1208x600 (Frame:2).
[2016.02.13-20.20.56:106][  2]LogAssetRegistry: Asset discovery search completed in 2.3397 seconds
[2016.02.13-20.20.56:106][  2]LogCollectionManager: Rebuilt the object cache for 0 collections in 0.000001 seconds (found 0 objects)
[2016.02.13-20.20.56:106][  2]LogCollectionManager: Fixed up redirectors for 0 collections in 0.000021 seconds (updated 0 objects)
[2016.02.13-20.21.03:196][405]LogBlueprintUserMessages: Early PlayInEditor Detection: Level '/Game/StarterContent/Maps/Minimal_Default.Minimal_Default:PersistentLevel' has LevelScriptBlueprint '/Game/StarterContent/Maps/Minimal_Default.Minimal_Default:PersistentLevel.Minimal_Default' with GeneratedClass '/Game/StarterContent/Maps/Minimal_Default.Minimal_Default_C' with ClassGeneratedBy '/Game/StarterContent/Maps/Minimal_Default.Minimal_Default:PersistentLevel.Minimal_Default'
[2016.02.13-20.21.03:197][405]LogPlayLevel: PlayLevel: No blueprints needed recompiling
[2016.02.13-20.21.03:197][405]PIE: New page: PIE session: Minimal_Default (Feb 13, 2016, 10:21:03 AM)
[2016.02.13-20.21.03:197][405]LogPlayLevel: Creating play world package: /Game/StarterContent/Maps/UEDPIE_0_Minimal_Default
[2016.02.13-20.21.03:203][405]LogPlayLevel: PIE: StaticDuplicateObject took: (0.006394s)
[2016.02.13-20.21.03:204][405]LogAIModule: Creating AISystem for world Minimal_Default
[2016.02.13-20.21.03:204][405]LogPlayLevel: PIE: World Init took: (0.000560s)
[2016.02.13-20.21.03:204][405]LogPlayLevel: PIE: Created PIE world by copying editor world from /Game/StarterContent/Maps/Minimal_Default.Minimal_Default to /Game/StarterContent/Maps/UEDPIE_0_Minimal_Default.Minimal_Default (0.007106s)
[2016.02.13-20.21.03:221][405]LogInit: XAudio2 using 'Speakers (ASUS Xonar DGX Audio Device)' : 2 channels at 44.1 kHz using 16 bits per sample (channel mask 0x3)
[2016.02.13-20.21.03:223][405]LogInit: FAudioDevice initialized.
[2016.02.13-20.21.03:268][405]LogWorld: Game class is 'AISafariGameMode'
[2016.02.13-20.21.03:270][405]LogWorld: Bringing World /Game/StarterContent/Maps/UEDPIE_0_Minimal_Default.Minimal_Default up for play (max tick rate 0) at 2016.02.13-15.21.03
[2016.02.13-20.21.03:270][405]LogActor:Warning: GameSession /Game/StarterContent/Maps/UEDPIE_0_Minimal_Default.Minimal_Default:PersistentLevel.GameSession_0 has natively added scene component(s), but none of them were set as the actor's RootComponent - picking one arbitrarily
[2016.02.13-20.21.03:270][405]LogActor:Warning: GameNetworkManager /Game/StarterContent/Maps/UEDPIE_0_Minimal_Default.Minimal_Default:PersistentLevel.GameNetworkManager_0 has natively added scene component(s), but none of them were set as the actor's RootComponent - picking one arbitrarily
[2016.02.13-20.21.03:270][405]LogWorld: Bringing up level for play took: 0.001695
[2016.02.13-20.21.03:273][405]PIE: Info Play in editor start time for /Game/StarterContent/Maps/UEDPIE_0_Minimal_Default 0.101
[2016.02.13-20.21.03:273][405]LogBlueprintUserMessages: Late PlayInEditor Detection: Level '/Game/StarterContent/Maps/Minimal_Default.Minimal_Default:PersistentLevel' has LevelScriptBlueprint '/Game/StarterContent/Maps/Minimal_Default.Minimal_Default:PersistentLevel.Minimal_Default' with GeneratedClass '/Game/StarterContent/Maps/Minimal_Default.Minimal_Default_C' with ClassGeneratedBy '/Game/StarterContent/Maps/Minimal_Default.Minimal_Default:PersistentLevel.Minimal_Default'
[2016.02.13-20.21.05:329][645]LogBlueprintUserMessages: Early EndPlayMap Detection: Level '/Game/StarterContent/Maps/Minimal_Default.Minimal_Default:PersistentLevel' has LevelScriptBlueprint '/Game/StarterContent/Maps/Minimal_Default.Minimal_Default:PersistentLevel.Minimal_Default' with GeneratedClass '/Game/StarterContent/Maps/Minimal_Default.Minimal_Default_C' with ClassGeneratedBy '/Game/StarterContent/Maps/Minimal_Default.Minimal_Default:PersistentLevel.Minimal_Default'
[2016.02.13-20.21.05:362][645]LogBlueprintUserMessages: Late EndPlayMap Detection: Level '/Game/StarterContent/Maps/Minimal_Default.Minimal_Default:PersistentLevel' has LevelScriptBlueprint '/Game/StarterContent/Maps/Minimal_Default.Minimal_Default:PersistentLevel.Minimal_Default' with GeneratedClass '/Game/StarterContent/Maps/Minimal_Default.Minimal_Default_C' with ClassGeneratedBy '/Game/StarterContent/Maps/Minimal_Default.Minimal_Default:PersistentLevel.Minimal_Default'
[2016.02.13-20.21.05:372][645]LogParticles: Destroying 0 GPU particle simulations for FXSystem 0x000000DD1A06C540
[2016.02.13-20.21.08:702][ 37]Recompiling AISafari...
[2016.02.13-20.21.08:702][ 37]Launching UnrealBuildTool... [C:/Program Files (x86)/Epic Games/4.9/Engine/Binaries/DotNET/UnrealBuildTool.exe AISafari -ModuleWithSuffix AISafari 156 Win64 Development -editorrecompile -canskiplink "Q:/Classes/3-2/AI/AISafari/AISafari.uproject" -rocket  -rocket]
[2016.02.13-20.21.08:703][ 37]Warning: Starting HotReload took  0.0s.
[2016.02.13-20.21.12:513][470]CompilerResultsLog: New page: Compilation - Feb 13, 2016, 10:21:12 AM
[2016.02.13-20.21.12:513][470]CompilerResultsLog: Info Creating makefile for hot reloading AISafari (modules to compile have changed)
[2016.02.13-20.21.12:513][470]CompilerResultsLog: Info Compiling game modules for hot reload
[2016.02.13-20.21.12:514][470]CompilerResultsLog: Info Target is up to date.
[2016.02.13-20.21.12:514][470]LogMainFrame: MainFrame: Module compiling took 3.827 seconds
[2016.02.13-20.21.13:848][629]LogBlueprintUserMessages: Early PlayInEditor Detection: Level '/Game/StarterContent/Maps/Minimal_Default.Minimal_Default:PersistentLevel' has LevelScriptBlueprint '/Game/StarterContent/Maps/Minimal_Default.Minimal_Default:PersistentLevel.Minimal_Default' with GeneratedClass '/Game/StarterContent/Maps/Minimal_Default.Minimal_Default_C' with ClassGeneratedBy '/Game/StarterContent/Maps/Minimal_Default.Minimal_Default:PersistentLevel.Minimal_Default'
[2016.02.13-20.21.13:848][629]LogPlayLevel: PlayLevel: No blueprints needed recompiling
[2016.02.13-20.21.13:848][629]PIE: New page: PIE session: Minimal_Default (Feb 13, 2016, 10:21:13 AM)
[2016.02.13-20.21.13:848][629]LogPlayLevel: Creating play world package: /Game/StarterContent/Maps/UEDPIE_0_Minimal_Default
[2016.02.13-20.21.13:853][629]LogPlayLevel: PIE: StaticDuplicateObject took: (0.005179s)
[2016.02.13-20.21.13:853][629]LogAIModule: Creating AISystem for world Minimal_Default
[2016.02.13-20.21.13:854][629]LogPlayLevel: PIE: World Init took: (0.000509s)
[2016.02.13-20.21.13:854][629]LogPlayLevel: PIE: Created PIE world by copying editor world from /Game/StarterContent/Maps/Minimal_Default.Minimal_Default to /Game/StarterContent/Maps/UEDPIE_0_Minimal_Default.Minimal_Default (0.005834s)
[2016.02.13-20.21.13:874][629]LogInit: XAudio2 using 'Speakers (ASUS Xonar DGX Audio Device)' : 2 channels at 44.1 kHz using 16 bits per sample (channel mask 0x3)
[2016.02.13-20.21.13:877][629]LogInit: FAudioDevice initialized.
[2016.02.13-20.21.13:905][629]LogWorld: Game class is 'AISafariGameMode'
[2016.02.13-20.21.13:907][629]LogWorld: Bringing World /Game/StarterContent/Maps/UEDPIE_0_Minimal_Default.Minimal_Default up for play (max tick rate 0) at 2016.02.13-15.21.13
[2016.02.13-20.21.13:907][629]LogActor:Warning: GameSession /Game/StarterContent/Maps/UEDPIE_0_Minimal_Default.Minimal_Default:PersistentLevel.GameSession_1 has natively added scene component(s), but none of them were set as the actor's RootComponent - picking one arbitrarily
[2016.02.13-20.21.13:907][629]LogActor:Warning: GameNetworkManager /Game/StarterContent/Maps/UEDPIE_0_Minimal_Default.Minimal_Default:PersistentLevel.GameNetworkManager_1 has natively added scene component(s), but none of them were set as the actor's RootComponent - picking one arbitrarily
[2016.02.13-20.21.13:907][629]LogWorld: Bringing up level for play took: 0.001473
[2016.02.13-20.21.13:909][629]PIE: Info Play in editor start time for /Game/StarterContent/Maps/UEDPIE_0_Minimal_Default 0.738
[2016.02.13-20.21.13:910][629]LogBlueprintUserMessages: Late PlayInEditor Detection: Level '/Game/StarterContent/Maps/Minimal_Default.Minimal_Default:PersistentLevel' has LevelScriptBlueprint '/Game/StarterContent/Maps/Minimal_Default.Minimal_Default:PersistentLevel.Minimal_Default' with GeneratedClass '/Game/StarterContent/Maps/Minimal_Default.Minimal_Default_C' with ClassGeneratedBy '/Game/StarterContent/Maps/Minimal_Default.Minimal_Default:PersistentLevel.Minimal_Default'
[2016.02.13-20.21.16:348][915]LogBlueprintUserMessages: Early EndPlayMap Detection: Level '/Game/StarterContent/Maps/Minimal_Default.Minimal_Default:PersistentLevel' has LevelScriptBlueprint '/Game/StarterContent/Maps/Minimal_Default.Minimal_Default:PersistentLevel.Minimal_Default' with GeneratedClass '/Game/StarterContent/Maps/Minimal_Default.Minimal_Default_C' with ClassGeneratedBy '/Game/StarterContent/Maps/Minimal_Default.Minimal_Default:PersistentLevel.Minimal_Default'
[2016.02.13-20.21.16:377][915]LogBlueprintUserMessages: Late EndPlayMap Detection: Level '/Game/StarterContent/Maps/Minimal_Default.Minimal_Default:PersistentLevel' has LevelScriptBlueprint '/Game/StarterContent/Maps/Minimal_Default.Minimal_Default:PersistentLevel.Minimal_Default' with GeneratedClass '/Game/StarterContent/Maps/Minimal_Default.Minimal_Default_C' with ClassGeneratedBy '/Game/StarterContent/Maps/Minimal_Default.Minimal_Default:PersistentLevel.Minimal_Default'
[2016.02.13-20.21.16:395][916]LogParticles: Destroying 0 GPU particle simulations for FXSystem 0x000000DD28B0C720
[2016.02.13-20.21.32:610][186]Cmd: QUIT_EDITOR
[2016.02.13-20.21.33:264][186]LogExit: Preparing to exit.
[2016.02.13-20.21.33:718][186]LogExit: Editor shut down
[2016.02.13-20.21.33:719][186]LogExit: Transaction tracking system shut down
[2016.02.13-20.21.33:720][186]LogParticles: Destroying 0 GPU particle simulations for FXSystem 0x000000DD2B953880
[2016.02.13-20.21.33:720][186]LogParticles: Destroying 0 GPU particle simulations for FXSystem 0x000000DD39F53880
[2016.02.13-20.21.33:820][186]LogParticles: Destroying 0 GPU particle simulations for FXSystem 0x000000DD2A263240
[2016.02.13-20.21.33:820][186]LogExit: Object subsystem successfully closed.
[2016.02.13-20.21.33:840][186]LogD3D11RHI: Shutdown
[2016.02.13-20.21.33:840][186]LogD3D11RHI: CleanupD3DDevice
[2016.02.13-20.21.33:942][186]LogD3D11RHI: ~FD3D11DynamicRHI
[2016.02.13-20.21.33:955][186]LogModuleManager: Shutting down and abandoning module CrashTracker (198)
[2016.02.13-20.21.33:955][186]LogModuleManager: Shutting down and abandoning module SceneOutliner (197)
[2016.02.13-20.21.33:955][186]LogModuleManager: Shutting down and abandoning module SuperSearch (196)
[2016.02.13-20.21.33:955][186]LogModuleManager: Shutting down and abandoning module WidgetCarousel (195)
[2016.02.13-20.21.33:955][186]LogModuleManager: Shutting down and abandoning module AddContentDialog (194)
[2016.02.13-20.21.33:956][186]LogModuleManager: Shutting down and abandoning module EditorWidgets (193)
[2016.02.13-20.21.33:956][186]LogModuleManager: Shutting down and abandoning module CollectionManager (192)
[2016.02.13-20.21.33:956][186]LogModuleManager: Shutting down and abandoning module StatsViewer (191)
[2016.02.13-20.21.33:956][186]LogModuleManager: Shutting down and abandoning module FoliageEdit (190)
[2016.02.13-20.21.33:956][186]LogModuleManager: Shutting down and abandoning module LandscapeEditor (189)
[2016.02.13-20.21.33:956][186]LogModuleManager: Shutting down and abandoning module ActorPickerMode (188)
[2016.02.13-20.21.33:956][186]LogModuleManager: Shutting down and abandoning module GeometryMode (187)
[2016.02.13-20.21.33:956][186]LogModuleManager: Shutting down and abandoning module TextureAlignMode (186)
[2016.02.13-20.21.33:956][186]LogModuleManager: Shutting down and abandoning module BspMode (185)
[2016.02.13-20.21.33:956][186]LogModuleManager: Shutting down and abandoning module PlacementMode (184)
[2016.02.13-20.21.33:956][186]LogModuleManager: Shutting down and abandoning module AutomationWorker (183)
[2016.02.13-20.21.33:956][186]LogModuleManager: Shutting down and abandoning module CharacterAI (182)
[2016.02.13-20.21.33:956][186]LogModuleManager: Shutting down and abandoning module SmartSnapping (181)
[2016.02.13-20.21.33:956][186]LogModuleManager: Shutting down and abandoning module ViewportSnapping (180)
[2016.02.13-20.21.33:956][186]LogModuleManager: Shutting down and abandoning module LogVisualizer (179)
[2016.02.13-20.21.33:957][186]LogModuleManager: Shutting down and abandoning module GameProjectGeneration (178)
[2016.02.13-20.21.33:957][186]LogModuleManager: Shutting down and abandoning module IntroTutorials (177)
[2016.02.13-20.21.33:957][186]LogModuleManager: Shutting down and abandoning module EditorLiveStreaming (176)
[2016.02.13-20.21.33:957][186]LogModuleManager: Shutting down and abandoning module IOSPlatformEditor (175)
[2016.02.13-20.21.33:957][186]LogModuleManager: Shutting down and abandoning module HTML5PlatformEditor (174)
[2016.02.13-20.21.33:957][186]LogModuleManager: Shutting down and abandoning module AndroidDeviceDetection (173)
[2016.02.13-20.21.34:390][186]LogModuleManager: Shutting down and abandoning module AndroidPlatformEditor (172)
[2016.02.13-20.21.34:390][186]LogModuleManager: Shutting down and abandoning module IOSRuntimeSettings (171)
[2016.02.13-20.21.34:390][186]LogModuleManager: Shutting down and abandoning module AndroidRuntimeSettings (170)
[2016.02.13-20.21.34:390][186]LogModuleManager: Shutting down and abandoning module MergeActors (169)
[2016.02.13-20.21.34:390][186]LogModuleManager: Shutting down and abandoning module SizeMap (168)
[2016.02.13-20.21.34:390][186]LogModuleManager: Shutting down and abandoning module TreeMap (167)
[2016.02.13-20.21.34:390][186]LogModuleManager: Shutting down and abandoning module ReferenceViewer (166)
[2016.02.13-20.21.34:390][186]LogModuleManager: Shutting down and abandoning module LocalizationService (165)
[2016.02.13-20.21.34:390][186]LogModuleManager: Shutting down and abandoning module LocalizationDashboard (164)
[2016.02.13-20.21.34:390][186]LogModuleManager: Shutting down and abandoning module HardwareTargeting (163)
[2016.02.13-20.21.34:390][186]LogModuleManager: Shutting down and abandoning module DeviceProfileEditor (162)
[2016.02.13-20.21.34:390][186]LogModuleManager: Shutting down and abandoning module UndoHistory (161)
[2016.02.13-20.21.34:390][186]LogModuleManager: Shutting down and abandoning module GameplayTagsEditor (160)
[2016.02.13-20.21.34:390][186]LogModuleManager: Shutting down and abandoning module UserFeedback (159)
[2016.02.13-20.21.34:390][186]LogModuleManager: Shutting down and abandoning module XmlParser (158)
[2016.02.13-20.21.34:390][186]LogModuleManager: Shutting down and abandoning module Blutility (157)
[2016.02.13-20.21.34:390][186]LogModuleManager: Shutting down and abandoning module ProjectTargetPlatformEditor (156)
[2016.02.13-20.21.34:390][186]LogModuleManager: Shutting down and abandoning module ProjectSettingsViewer (155)
[2016.02.13-20.21.34:390][186]LogModuleManager: Shutting down and abandoning module InputBindingEditor (154)
[2016.02.13-20.21.34:390][186]LogModuleManager: Shutting down and abandoning module EditorSettingsViewer (153)
[2016.02.13-20.21.34:391][186]LogModuleManager: Shutting down and abandoning module SettingsEditor (152)
[2016.02.13-20.21.34:391][186]LogModuleManager: Shutting down and abandoning module ProjectLauncher (151)
[2016.02.13-20.21.34:391][186]LogModuleManager: Shutting down and abandoning module SessionFrontend (150)
[2016.02.13-20.21.34:391][186]LogModuleManager: Shutting down and abandoning module ProfilerClient (149)
[2016.02.13-20.21.34:391][186]LogModuleManager: Shutting down and abandoning module TargetDeviceServices (148)
[2016.02.13-20.21.34:391][186]LogModuleManager: Shutting down and abandoning module DeviceManager (147)
[2016.02.13-20.21.34:391][186]LogModuleManager: Shutting down and abandoning module AutomationController (146)
[2016.02.13-20.21.34:391][186]LogModuleManager: Shutting down and abandoning module AutomationWindow (145)
[2016.02.13-20.21.34:391][186]LogModuleManager: Shutting down and abandoning module Layers (144)
[2016.02.13-20.21.34:391][186]LogModuleManager: Shutting down and abandoning module ComponentVisualizers (143)
[2016.02.13-20.21.34:391][186]LogModuleManager: Shutting down and abandoning module DetailCustomizations (142)
[2016.02.13-20.21.34:391][186]LogModuleManager: Shutting down and abandoning module PackagesDialog (141)
[2016.02.13-20.21.34:391][186]LogModuleManager: Shutting down and abandoning module Persona (140)
[2016.02.13-20.21.34:391][186]LogModuleManager: Shutting down and abandoning module Kismet (139)
[2016.02.13-20.21.34:391][186]LogModuleManager: Shutting down and abandoning module GraphEditor (138)
[2016.02.13-20.21.34:391][186]LogModuleManager: Shutting down and abandoning module ClassViewer (137)
[2016.02.13-20.21.34:391][186]LogModuleManager: Shutting down and abandoning module Toolbox (136)
[2016.02.13-20.21.34:391][186]LogModuleManager: Shutting down and abandoning module ModuleUI (135)
[2016.02.13-20.21.34:391][186]LogModuleManager: Shutting down and abandoning module MovieSceneTools (134)
[2016.02.13-20.21.34:391][186]LogModuleManager: Shutting down and abandoning module OutputLog (133)
[2016.02.13-20.21.34:391][186]LogModuleManager: Shutting down and abandoning module GammaUI (132)
[2016.02.13-20.21.34:391][186]LogModuleManager: Shutting down and abandoning module Documentation (131)
[2016.02.13-20.21.34:391][186]LogModuleManager: Shutting down and abandoning module GameLiveStreaming (130)
[2016.02.13-20.21.34:391][186]LogModuleManager: Shutting down and abandoning module StreamingPauseRendering (129)
[2016.02.13-20.21.34:391][186]LogModuleManager: Shutting down and abandoning module AnalyticsET (128)
[2016.02.13-20.21.34:391][186]LogModuleManager: Shutting down and abandoning module Analytics (127)
[2016.02.13-20.21.34:391][186]LogModuleManager: Shutting down and abandoning module AITestSuite (126)
[2016.02.13-20.21.34:391][186]LogModuleManager: Shutting down and abandoning module GameplayDebugger (125)
[2016.02.13-20.21.34:391][186]LogModuleManager: Shutting down and abandoning module AIModule (124)
[2016.02.13-20.21.34:391][186]LogModuleManager: Shutting down and abandoning module ProfilerService (123)
[2016.02.13-20.21.34:628][186]LogModuleManager: Shutting down and abandoning module TaskGraph (122)
[2016.02.13-20.21.34:628][186]LogModuleManager: Shutting down and abandoning module SlateRemote (121)
[2016.02.13-20.21.34:628][186]LogModuleManager: Shutting down and abandoning module SteamVRController (120)
[2016.02.13-20.21.34:628][186]LogModuleManager: Shutting down and abandoning module SteamVR (119)
[2016.02.13-20.21.34:628][186]LogModuleManager: Shutting down and abandoning module ProceduralMeshComponent (118)
[2016.02.13-20.21.34:628][186]LogModuleManager: Shutting down and abandoning module OculusRift (117)
[2016.02.13-20.21.34:628][186]LogModuleManager: Shutting down and abandoning module OculusLibrary (116)
[2016.02.13-20.21.34:628][186]LogModuleManager: Shutting down and abandoning module LeapMotionController (115)
[2016.02.13-20.21.34:648][186]LogModuleManager: Shutting down and abandoning module CustomMeshComponent (114)
[2016.02.13-20.21.34:648][186]LogModuleManager: Shutting down and abandoning module CableComponent (113)
[2016.02.13-20.21.34:648][186]LogModuleManager: Shutting down and abandoning module ArchVisCharacter (112)
[2016.02.13-20.21.34:648][186]LogModuleManager: Shutting down and abandoning module MessagingDebugger (111)
[2016.02.13-20.21.34:649][186]LogModuleManager: Shutting down and abandoning module MediaPlayerEditor (110)
[2016.02.13-20.21.34:649][186]LogModuleManager: Shutting down and abandoning module HTML5Networking (109)
[2016.02.13-20.21.34:649][186]LogModuleManager: Shutting down and abandoning module SpeedTreeImporter (108)
[2016.02.13-20.21.34:649][186]LogModuleManager: Shutting down and abandoning module PluginBrowser (107)
[2016.02.13-20.21.34:649][186]LogModuleManager: Shutting down and abandoning module EpicSurvey (106)
[2016.02.13-20.21.34:649][186]LogModuleManager: Shutting down and abandoning module DesktopPlatform (105)
[2016.02.13-20.21.34:649][186]LogModuleManager: Shutting down and abandoning module VisualStudioSourceCodeAccess (104)
[2016.02.13-20.21.34:649][186]LogModuleManager: Shutting down and abandoning module UObjectPlugin (103)
[2016.02.13-20.21.34:649][186]LogModuleManager: Shutting down and abandoning module SubversionSourceControl (102)
[2016.02.13-20.21.34:649][186]LogModuleManager: Shutting down and abandoning module PerforceSourceControl (101)
[2016.02.13-20.21.34:649][186]LogModuleManager: Shutting down and abandoning module SourceControl (100)
[2016.02.13-20.21.34:649][186]LogModuleManager: Shutting down and abandoning module GitSourceControl (99)
[2016.02.13-20.21.34:649][186]LogModuleManager: Shutting down and abandoning module LightPropagationVolumeEditor (98)
[2016.02.13-20.21.34:649][186]LogModuleManager: Shutting down and abandoning module PaperTiledImporter (97)
[2016.02.13-20.21.34:649][186]LogModuleManager: Shutting down and abandoning module PaperSpriteSheetImporter (96)
[2016.02.13-20.21.34:649][186]LogModuleManager: Shutting down and abandoning module MeshPaint (95)
[2016.02.13-20.21.34:649][186]LogModuleManager: Shutting down and abandoning module SlateReflector (94)
[2016.02.13-20.21.34:649][186]LogModuleManager: Shutting down and abandoning module HotReload (93)
[2016.02.13-20.21.34:649][186]LogModuleManager: Shutting down and abandoning module MainFrame (92)
[2016.02.13-20.21.34:649][186]LogModuleManager: Shutting down and abandoning module LevelEditor (91)
[2016.02.13-20.21.34:651][186]LogModuleManager: Shutting down and abandoning module DirectoryWatcher (90)
[2016.02.13-20.21.34:651][186]LogModuleManager: Shutting down and abandoning module AssetRegistry (89)
[2016.02.13-20.21.34:754][186]LogModuleManager: Shutting down and abandoning module ContentBrowser (88)
[2016.02.13-20.21.34:755][186]LogModuleManager: Shutting down and abandoning module Paper2DEditor (87)
[2016.02.13-20.21.34:755][186]LogModuleManager: Shutting down and abandoning module AISafari (86)
[2016.02.13-20.21.34:755][186]LogModuleManager: Shutting down and abandoning module UdpMessaging (85)
[2016.02.13-20.21.34:856][186]LogModuleManager: Shutting down and abandoning module LightPropagationVolumeRuntime (84)
[2016.02.13-20.21.34:856][186]LogModuleManager: Shutting down and abandoning module Paper2D (83)
[2016.02.13-20.21.34:856][186]LogModuleManager: Shutting down and abandoning module WindowsMoviePlayer (82)
[2016.02.13-20.21.34:857][186]LogModuleManager: Shutting down and abandoning module Media (81)
[2016.02.13-20.21.34:858][186]LogModuleManager: Shutting down and abandoning module WmfMedia (80)
[2016.02.13-20.21.34:858][186]LogModuleManager: Shutting down and abandoning module OnlineBlueprintSupport (79)
[2016.02.13-20.21.34:858][186]LogModuleManager: Shutting down and abandoning module GameplayTasksEditor (78)
[2016.02.13-20.21.34:858][186]LogModuleManager: Shutting down and abandoning module PropertyEditor (77)
[2016.02.13-20.21.34:858][186]LogModuleManager: Shutting down and abandoning module BehaviorTreeEditor (76)
[2016.02.13-20.21.34:858][186]LogModuleManager: Shutting down and abandoning module FunctionalTesting (75)
[2016.02.13-20.21.34:858][186]LogModuleManager: Shutting down and abandoning module CollisionAnalyzer (74)
[2016.02.13-20.21.34:858][186]LogModuleManager: Shutting down and abandoning module WorkspaceMenuStructure (73)
[2016.02.13-20.21.34:858][186]LogModuleManager: Shutting down and abandoning module MessageLog (72)
[2016.02.13-20.21.34:858][186]LogModuleManager: Shutting down and abandoning module Sequencer (71)
[2016.02.13-20.21.34:858][186]LogModuleManager: Shutting down and abandoning module AssetTools (70)
[2016.02.13-20.21.34:858][186]LogModuleManager: Shutting down and abandoning module UMGEditor (69)
[2016.02.13-20.21.34:858][186]LogModuleManager: Shutting down and abandoning module UMG (68)
[2016.02.13-20.21.34:858][186]LogModuleManager: Shutting down and abandoning module Slate (67)
[2016.02.13-20.21.34:858][186]LogModuleManager: Shutting down and abandoning module EditorStyle (66)
[2016.02.13-20.21.34:859][186]LogModuleManager: Shutting down and abandoning module SessionServices (65)
[2016.02.13-20.21.34:859][186]LogModuleManager: Shutting down and abandoning module SourceCodeAccess (64)
[2016.02.13-20.21.34:859][186]LogModuleManager: Shutting down and abandoning module HeadMountedDisplay (63)
[2016.02.13-20.21.34:859][186]LogModuleManager: Shutting down and abandoning module XAudio2 (62)
[2016.02.13-20.21.34:859][186]LogModuleManager: Shutting down and abandoning module Networking (60)
[2016.02.13-20.21.34:859][186]LogModuleManager: Shutting down and abandoning module Core (59)
[2016.02.13-20.21.34:859][186]LogModuleManager: Shutting down and abandoning module KismetCompiler (58)
[2016.02.13-20.21.34:859][186]LogModuleManager: Shutting down and abandoning module PhysXFormats (57)
[2016.02.13-20.21.34:859][186]LogModuleManager: Shutting down and abandoning module MeshUtilities (56)
[2016.02.13-20.21.34:859][186]LogModuleManager: Shutting down and abandoning module CookingStats (55)
[2016.02.13-20.21.34:860][186]LogModuleManager: Shutting down and abandoning module DerivedDataCache (54)
[2016.02.13-20.21.35:273][186]LogDerivedDataCache: Shutdown
[2016.02.13-20.21.35:273][186]LogModuleManager: Shutting down and abandoning module ShaderFormatOpenGL (53)
[2016.02.13-20.21.35:273][186]LogModuleManager: Shutting down and abandoning module ShaderFormatD3D (52)
[2016.02.13-20.21.35:273][186]LogModuleManager: Shutting down and abandoning module MetalShaderFormat (51)
[2016.02.13-20.21.35:273][186]LogModuleManager: Shutting down and abandoning module TextureFormatUncompressed (50)
[2016.02.13-20.21.35:273][186]LogModuleManager: Shutting down and abandoning module TextureFormatPVR (49)
[2016.02.13-20.21.35:273][186]LogModuleManager: Shutting down and abandoning module TextureFormatIntelISPCTexComp (48)
[2016.02.13-20.21.35:273][186]LogModuleManager: Shutting down and abandoning module TextureFormatDXT (47)
[2016.02.13-20.21.35:273][186]LogModuleManager: Shutting down and abandoning module ImageWrapper (46)
[2016.02.13-20.21.35:273][186]LogModuleManager: Shutting down and abandoning module TextureFormatASTC (45)
[2016.02.13-20.21.35:273][186]LogModuleManager: Shutting down and abandoning module TextureFormatAndroid (44)
[2016.02.13-20.21.35:273][186]LogModuleManager: Shutting down and abandoning module AudioFormatOpus (43)
[2016.02.13-20.21.35:273][186]LogModuleManager: Shutting down and abandoning module AudioFormatOgg (42)
[2016.02.13-20.21.35:273][186]LogModuleManager: Shutting down and abandoning module AudioFormatADPCM (41)
[2016.02.13-20.21.35:273][186]LogModuleManager: Shutting down and abandoning module LinuxTargetPlatform (40)
[2016.02.13-20.21.35:273][186]LogModuleManager: Shutting down and abandoning module LinuxServerTargetPlatform (39)
[2016.02.13-20.21.35:273][186]LogModuleManager: Shutting down and abandoning module LinuxNoEditorTargetPlatform (38)
[2016.02.13-20.21.35:273][186]LogModuleManager: Shutting down and abandoning module Messaging (37)
[2016.02.13-20.21.35:273][186]LogModuleManager: Shutting down and abandoning module IOSTargetPlatform (36)
[2016.02.13-20.21.35:273][186]LogModuleManager: Shutting down and abandoning module HTML5TargetPlatform (35)
[2016.02.13-20.21.35:273][186]LogModuleManager: Shutting down and abandoning module Android_PVRTCTargetPlatform (34)
[2016.02.13-20.21.35:273][186]LogModuleManager: Shutting down and abandoning module Android_ETC2TargetPlatform (33)
[2016.02.13-20.21.35:273][186]LogModuleManager: Shutting down and abandoning module Android_ETC1TargetPlatform (32)
[2016.02.13-20.21.35:273][186]LogModuleManager: Shutting down and abandoning module Android_DXTTargetPlatform (31)
[2016.02.13-20.21.35:273][186]LogModuleManager: Shutting down and abandoning module Android_ATCTargetPlatform (30)
[2016.02.13-20.21.35:273][186]LogModuleManager: Shutting down and abandoning module Android_ASTCTargetPlatform (29)
[2016.02.13-20.21.35:273][186]LogModuleManager: Shutting down and abandoning module AndroidTargetPlatform (28)
[2016.02.13-20.21.35:273][186]LogModuleManager: Shutting down and abandoning module WindowsTargetPlatform (27)
[2016.02.13-20.21.35:273][186]LogModuleManager: Shutting down and abandoning module WindowsServerTargetPlatform (26)
[2016.02.13-20.21.35:273][186]LogModuleManager: Shutting down and abandoning module WindowsNoEditorTargetPlatform (25)
[2016.02.13-20.21.35:273][186]LogModuleManager: Shutting down and abandoning module WindowsClientTargetPlatform (24)
[2016.02.13-20.21.35:273][186]LogModuleManager: Shutting down and abandoning module AllDesktopTargetPlatform (23)
[2016.02.13-20.21.35:273][186]LogModuleManager: Shutting down and abandoning module TargetPlatform (22)
[2016.02.13-20.21.35:273][186]LogModuleManager: Shutting down and abandoning module InputCore (21)
[2016.02.13-20.21.35:273][186]LogModuleManager: Shutting down and abandoning module Settings (20)
[2016.02.13-20.21.35:274][186]LogModuleManager: Shutting down and abandoning module OnlineSubsystem (18)
[2016.02.13-20.21.35:274][186]LogModuleManager: Shutting down and abandoning module HTTP (17)
[2016.02.13-20.21.37:277][186]LogModuleManager: Shutting down and abandoning module XMPP (16)
[2016.02.13-20.21.37:277][186]LogModuleManager: Shutting down and abandoning module ExampleDeviceProfileSelector (15)
[2016.02.13-20.21.37:277][186]LogModuleManager: Shutting down and abandoning module TextureCompressor (14)
[2016.02.13-20.21.37:277][186]LogModuleManager: Shutting down and abandoning module ShaderCore (13)
[2016.02.13-20.21.37:277][186]LogModuleManager: Shutting down and abandoning module Landscape (12)
[2016.02.13-20.21.37:277][186]LogModuleManager: Shutting down and abandoning module SlateRHIRenderer (11)
[2016.02.13-20.21.37:277][186]LogModuleManager: Shutting down and abandoning module OpenGLDrv (10)
[2016.02.13-20.21.37:277][186]LogModuleManager: Shutting down and abandoning module D3D11RHI (9)
[2016.02.13-20.21.37:277][186]LogModuleManager: Shutting down and abandoning module AnimGraphRuntime (8)
[2016.02.13-20.21.37:277][186]LogModuleManager: Shutting down and abandoning module Renderer (7)
[2016.02.13-20.21.37:277][186]LogModuleManager: Shutting down and abandoning module Engine (6)
[2016.02.13-20.21.37:277][186]LogModuleManager: Shutting down and abandoning module CoreUObject (5)
[2016.02.13-20.21.37:277][186]LogModuleManager: Shutting down and abandoning module NetworkFile (4)
[2016.02.13-20.21.37:277][186]LogModuleManager: Shutting down and abandoning module StreamingFile (3)
[2016.02.13-20.21.37:277][186]LogModuleManager: Shutting down and abandoning module SandboxFile (2)
[2016.02.13-20.21.37:277][186]LogModuleManager: Shutting down and abandoning module PakFile (1)
[2016.02.13-20.21.37:278][186]LogExit: Exiting.
[2016.02.13-20.21.37:278][186]Log file closed, 02/13/16 15:21:37
