[2016.02.12-21.19.52:203][  0]Log file open, 02/12/16 16:19:52
[2016.02.12-21.19.52:203][  0]LogInit:Display: Running engine for game: AISafari
[2016.02.12-21.19.52:203][  0]LogInit:Display: RandInit(-2088581749) SRandInit(-2088581749).
[2016.02.12-21.19.52:203][  0]LogTaskGraph: Started task graph with 4 named threads and 7 total threads.
[2016.02.12-21.19.52:203][  0]LogStats: Stats thread started at 0.091316
[2016.02.12-21.19.52:203][  0]LogInit: Version: 4.9.2-2707645+++depot+UE4-Releases+4.9
[2016.02.12-21.19.52:203][  0]LogInit: API Version: 2672455
[2016.02.12-21.19.52:203][  0]LogInit: Compiled (64-bit): Sep 28 2015 10:25:44
[2016.02.12-21.19.52:203][  0]LogInit: Compiled with Visual C++: 18.00.21005.01
[2016.02.12-21.19.52:203][  0]LogInit: Build Configuration: Development
[2016.02.12-21.19.52:203][  0]LogInit: Branch Name: ++depot+UE4-Releases+4.9
[2016.02.12-21.19.52:203][  0]LogInit: Command line:  
[2016.02.12-21.19.52:203][  0]LogInit: Base directory: C:/Program Files (x86)/Epic Games/4.9/Engine/Binaries/Win64/
[2016.02.12-21.19.52:203][  0]LogInit: Rocket: 1
[2016.02.12-21.19.52:218][  0]LogInit: Using libcurl 7.41.0
[2016.02.12-21.19.52:218][  0]LogInit:  - built for x86_64-pc-win32
[2016.02.12-21.19.52:218][  0]LogInit:  - supports SSL with WinSSL
[2016.02.12-21.19.52:218][  0]LogInit:  - other features:
[2016.02.12-21.19.52:218][  0]LogInit:      CURL_VERSION_SSL
[2016.02.12-21.19.52:218][  0]LogInit:      CURL_VERSION_IPV6
[2016.02.12-21.19.52:218][  0]LogInit:      CURL_VERSION_ASYNCHDNS
[2016.02.12-21.19.52:218][  0]LogInit:      CURL_VERSION_LARGEFILE
[2016.02.12-21.19.52:218][  0]LogInit:      CURL_VERSION_IDN
[2016.02.12-21.19.52:218][  0]LogInit:  CurlRequestOptions (configurable via config and command line):
[2016.02.12-21.19.52:218][  0]LogInit:  - bVerifyPeer = true  - Libcurl will verify peer certificate
[2016.02.12-21.19.52:218][  0]LogInit:  - bUseHttpProxy = false  - Libcurl will NOT use HTTP proxy
[2016.02.12-21.19.52:218][  0]LogInit:  - bDontReuseConnections = false  - Libcurl will reuse connections
[2016.02.12-21.19.52:218][  0]LogInit:  - CertBundlePath = nullptr  - Libcurl will use whatever was configured at build time.
[2016.02.12-21.19.52:247][  0]LogInit: Presizing for 0 objects not considered by GC, pre-allocating 0 bytes.
[2016.02.12-21.19.52:252][  0]LogInit: Object subsystem initialized
[2016.02.12-21.19.52:253][  0]LogInit: Selected Device Profile: [Windows]
[2016.02.12-21.19.52:253][  0]LogInit: Applying CVar settings loaded from the selected device profile: [Windows]
[2016.02.12-21.19.52:265][  0]LogInit: Computer: ZEBRADESKTOP
[2016.02.12-21.19.52:265][  0]LogInit: User: Ryan
[2016.02.12-21.19.52:265][  0]LogInit: CPU Page size=4096, Cores=4
[2016.02.12-21.19.52:265][  0]LogInit: High frequency timer resolution =3.984652 MHz
[2016.02.12-21.19.52:265][  0]LogMemory: Memory total: Physical=15.9GB (16GB approx)
[2016.02.12-21.19.52:265][  0]LogMemory: Platform Memory Stats for Windows
[2016.02.12-21.19.52:265][  0]LogMemory: Process Physical Memory: 54.00 MB used, 54.00 MB peak
[2016.02.12-21.19.52:265][  0]LogMemory: Process Virtual Memory: 57.38 MB used, 57.38 MB peak
[2016.02.12-21.19.52:265][  0]LogMemory: Physical Memory: 6369.46 MB used, 16325.73 MB total
[2016.02.12-21.19.52:265][  0]LogMemory: Virtual Memory: 366.70 MB used, 134217728.00 MB total
[2016.02.12-21.19.52:422][  0]LogTextLocalizationManager: No specific translations for ('en-US') exist, so ('en') translations will be used.
[2016.02.12-21.19.53:049][  0]LogD3D11RHI: Found D3D11 adapter 0: NVIDIA GeForce GTX 780 (Feature Level 11_0)
[2016.02.12-21.19.53:049][  0]LogD3D11RHI: Adapter has 5971MB of dedicated video memory, 0MB of dedicated system memory, and 8162MB of shared system memory, 3 output[s]
[2016.02.12-21.19.53:050][  0]LogD3D11RHI: Found D3D11 adapter 1: Microsoft Basic Render Driver (Feature Level 11_0)
[2016.02.12-21.19.53:050][  0]LogD3D11RHI: Adapter has 0MB of dedicated video memory, 0MB of dedicated system memory, and 8162MB of shared system memory, 0 output[s]
[2016.02.12-21.19.53:051][  0]LogD3D11RHI: Chosen D3D11 Adapter Id = 0
[2016.02.12-21.19.53:058][  0]LogD3D11RHI: !Direct3DDevice
[2016.02.12-21.19.53:058][  0]LogRHI: Texture pool is 1361 MB (70% of 1945 MB)
[2016.02.12-21.19.53:070][  0]LogD3D11RHI: Async texture creation enabled
[2016.02.12-21.19.53:086][  0]LogShaderCompilers: Guid format shader working directory is 14 characters bigger than the processId version (Q:/Classes/3-2/AI/AISafari/Intermediate/Shaders/WorkingDirectory/74424/).
[2016.02.12-21.19.53:086][  0]LogShaderCompilers: Cleaned the shader compiler working directory 'Q:/Classes/3-2/AI/AISafari/Intermediate/Shaders/tmp/9C61507F4267BB4B1615CC9D48E18AEF/'.
[2016.02.12-21.19.53:086][  0]LogShaderCompilers:Display: Using Local Shader Compiler.
[2016.02.12-21.19.54:321][  0]LogTemp:Display: Loaded TP AllDesktopTargetPlatform
[2016.02.12-21.19.54:325][  0]LogTemp:Display: Loaded TP WindowsClientTargetPlatform
[2016.02.12-21.19.54:329][  0]LogTemp:Display: Loaded TP WindowsNoEditorTargetPlatform
[2016.02.12-21.19.54:332][  0]LogTemp:Display: Loaded TP WindowsServerTargetPlatform
[2016.02.12-21.19.54:336][  0]LogTemp:Display: Loaded TP WindowsTargetPlatform
[2016.02.12-21.19.54:340][  0]LogTemp:Display: Loaded TP AndroidTargetPlatform
[2016.02.12-21.19.54:342][  0]LogTemp:Display: Loaded TP Android_ASTCTargetPlatform
[2016.02.12-21.19.54:345][  0]LogTemp:Display: Loaded TP Android_ATCTargetPlatform
[2016.02.12-21.19.54:347][  0]LogTemp:Display: Loaded TP Android_DXTTargetPlatform
[2016.02.12-21.19.54:349][  0]LogTemp:Display: Loaded TP Android_ETC1TargetPlatform
[2016.02.12-21.19.54:351][  0]LogTemp:Display: Loaded TP Android_ETC2TargetPlatform
[2016.02.12-21.19.54:354][  0]LogTemp:Display: Loaded TP Android_PVRTCTargetPlatform
[2016.02.12-21.19.54:354][  0]LogTemp:Display: Loaded TP HTML5TargetPlatform
[2016.02.12-21.19.54:389][  0]LogTemp:Display: Loaded TP IOSTargetPlatform
[2016.02.12-21.19.54:391][  0]LogTemp:Display: Loaded TP LinuxNoEditorTargetPlatform
[2016.02.12-21.19.54:393][  0]LogTemp:Display: Loaded TP LinuxServerTargetPlatform
[2016.02.12-21.19.54:397][  0]LogTemp:Display: Loaded TP LinuxTargetPlatform
[2016.02.12-21.19.54:397][  0]LogTargetPlatformManager:Display: Building Assets For Windows
[2016.02.12-21.19.54:611][  0]LogDerivedDataCache:Display: Max Cache Size: 512 MB
[2016.02.12-21.19.54:723][  0]LogDerivedDataCache: Loaded boot cache 0.11s 41MB C:/Users/Ryan/AppData/Local/UnrealEngine/4.9/DerivedDataCache/Boot.ddc.
[2016.02.12-21.19.54:723][  0]LogDerivedDataCache:Display: Loaded Boot cache: C:/Users/Ryan/AppData/Local/UnrealEngine/4.9/DerivedDataCache/Boot.ddc
[2016.02.12-21.19.54:724][  0]LogDerivedDataCache: FDerivedDataBackendGraph:  Pak pak cache file Q:/Classes/3-2/AI/AISafari/DerivedDataCache/DDC.ddp not found, will not use a pak cache.
[2016.02.12-21.19.54:724][  0]LogDerivedDataCache: Unable to find inner node Pak for hierarchical cache Hierarchy.
[2016.02.12-21.19.54:724][  0]LogDerivedDataCache: FDerivedDataBackendGraph:  CompressedPak pak cache file Q:/Classes/3-2/AI/AISafari/DerivedDataCache/Compressed.ddp not found, will not use a pak cache.
[2016.02.12-21.19.54:724][  0]LogDerivedDataCache: Unable to find inner node CompressedPak for hierarchical cache Hierarchy.
[2016.02.12-21.19.54:828][  0]LogDerivedDataCache:Display: Pak cache opened for reading ../../../Engine/DerivedDataCache/Compressed.ddp.
[2016.02.12-21.19.54:840][  0]LogDerivedDataCache: Using Local data cache path C:/Users/Ryan/AppData/Local/UnrealEngine/Common/DerivedDataCache: Writable
[2016.02.12-21.19.58:299][  0]LogInit: Selected Device Profile: [Windows]
[2016.02.12-21.19.58:307][  0]LogContentStreaming: Texture pool size is 0.000000MB
[2016.02.12-21.19.58:463][  0]LogMeshUtilities: No automatic mesh reduction module available
[2016.02.12-21.19.58:463][  0]LogMeshUtilities: No automatic mesh merging module available
[2016.02.12-21.19.58:885][  0]LogInit: WinSock: version 1.1 (2.2), MaxSocks=32767, MaxUdp=65467
[2016.02.12-21.20.00:247][  0]UdpMessaging: Initializing bridge on interface 0.0.0.0:0 to multicast group 230.0.0.1:6666.
[2016.02.12-21.20.00:387][  0]LogAssetRegistry: FAssetRegistry took 0.0119 seconds to start up
[2016.02.12-21.20.00:606][  0]SourceControl: Info Source control is disabled
[2016.02.12-21.20.00:611][  0]SourceControl: Info Source control is disabled
[2016.02.12-21.20.00:621][  0]SourceControl: Info Source control is disabled
[2016.02.12-21.20.00:630][  0]SourceControl: Info Source control is disabled
[2016.02.12-21.20.00:781][  0]LogLinker:Warning: Asset '../../../Engine/Plugins/Runtime/LeapMotionController/Content/LM_PassthroughMaterial.uasset' has been saved with empty engine version. The asset will be loaded but may be incompatible.
[2016.02.12-21.20.00:867][  0]LogObj: 28380 objects as part of root set at end of initial load.
[2016.02.12-21.20.00:867][  0]LogUObjectAllocator: 6046560 out of 0 bytes used by permanent object pool.
[2016.02.12-21.20.00:947][  0]LogEngine: Initializing Engine...
[2016.02.12-21.20.00:950][  0]LogHMD: Can't find Oculus library dev build: is proper Runtime installed? Version: 0.7.0.0
[2016.02.12-21.20.00:957][  0]LogHMD: SteamVR failed to initialize.  Err: 110
[2016.02.12-21.20.01:130][  0]LogAIModule: Creating AISystem for world NewWorld
[2016.02.12-21.20.01:144][  0]LogInit: XAudio2 using 'Speakers (ASUS Xonar DGX Audio Device)' : 2 channels at 44.1 kHz using 16 bits per sample (channel mask 0x3)
[2016.02.12-21.20.01:152][  0]LogInit: FAudioDevice initialized.
[2016.02.12-21.20.01:172][  0]LogDerivedDataCache: Saved boot cache 0.02s 41MB C:/Users/Ryan/AppData/Local/UnrealEngine/4.9/DerivedDataCache/Boot.ddc.
[2016.02.12-21.20.01:177][  0]LogInit: Texture streaming: Enabled
[2016.02.12-21.20.01:181][  0]LogAnalytics: Creating configured Analytics provider AnalyticsET
[2016.02.12-21.20.01:182][  0]LogAnalytics: [UEEditor.Rocket.Release] APIServer = http://et2.epicgames.com/ET2/. AppVersion = 4.9.2-2707645+++depot+UE4-Releases+4.9
[2016.02.12-21.20.01:182][  0]LogAnalytics: [UEEditor.Rocket.Release] SetUserId d1f9beca401d8fe412e57fa88e66abb9|85745c8591404a23957796735eaccf05|defee072-9da8-4f68-a06a-f65b3a6c30bf
[2016.02.12-21.20.01:182][  0]LogAnalytics: [UEEditor.Rocket.Release] AnalyticsET::StartSession
[2016.02.12-21.20.01:219][  0]LogInit: Transaction tracking system initialized
[2016.02.12-21.20.01:257][  0]BlueprintLog: New page: Editor Load
[2016.02.12-21.20.01:420][  0]LocalizationService: Info Localization service is disabled
[2016.02.12-21.20.01:533][  0]LogConsoleResponse:Display: 
[2016.02.12-21.20.01:723][  0]LogFileCache: Scanning file cache for directory 'Q:/Classes/3-2/AI/AISafari/Content/' took 0.01s
[2016.02.12-21.20.01:723][  0]LogCook:Display: Done creating registry. It took  0.00s.
[2016.02.12-21.20.01:795][  0]SourceControl: Info Source control is disabled
[2016.02.12-21.20.01:797][  0]Cmd: MAP LOAD FILE="Q:/Classes/3-2/AI/AISafari/Content/StarterContent/Maps/Minimal_Default.umap" TEMPLATE=0 SHOWPROGRESS=1 FEATURELEVEL=3
[2016.02.12-21.20.01:864][  0]LightingResults: New page: Lighting Build
[2016.02.12-21.20.01:871][  0]MapCheck: New page: Map Check
[2016.02.12-21.20.01:871][  0]LightingResults: New page: Lighting Build
[2016.02.12-21.20.01:885][  0]LogParticles: Destroying 0 GPU particle simulations for FXSystem 0x0000002AEDD4FCE0
[2016.02.12-21.20.02:288][  0]LogAIModule: Creating AISystem for world Minimal_Default
[2016.02.12-21.20.02:313][  0]LogEditorServer: Finished looking for orphan Actors (0.000 secs)
[2016.02.12-21.20.02:314][  0]Cmd: MAP CHECKDEP NOCLEARLOG
[2016.02.12-21.20.02:343][  0]MapCheck: Info Map check complete: 0 Error(s), 0 Warning(s), took 28.24ms to complete.
[2016.02.12-21.20.02:343][  0]LogFileHelpers: Loading map 'Minimal_Default' took 0.546
[2016.02.12-21.20.02:510][  0]LogCollectionManager: Loaded 0 collections in 0.001478 seconds
[2016.02.12-21.20.02:559][  0]LogFileCache: Scanning file cache for directory 'Q:/Classes/3-2/AI/AISafari/Saved/Collections/' took 0.01s
[2016.02.12-21.20.02:559][  0]LogFileCache: Scanning file cache for directory 'Q:/Classes/3-2/AI/AISafari/Content/Developers/Ryan/Collections/' took 0.01s
[2016.02.12-21.20.02:559][  0]LogFileCache: Scanning file cache for directory 'Q:/Classes/3-2/AI/AISafari/Content/Collections/' took 0.01s
[2016.02.12-21.20.02:559][  0]LogContentBrowser: Native class hierarchy populated in 0.0085 seconds. Added 1871 classes and 336 folders.
[2016.02.12-21.20.02:587][  0]LogCollectionManager: Rebuilt the GUID cache for 0 collections in 0.000002 seconds
[2016.02.12-21.20.02:598][  0]LogContentBrowser: Native class hierarchy updated for 'WidgetCarousel' in 0.0009 seconds. Added 0 classes and 0 folders.
[2016.02.12-21.20.02:798][  0]LogContentBrowser: Native class hierarchy updated for 'AddContentDialog' in 0.0008 seconds. Added 0 classes and 0 folders.
[2016.02.12-21.20.02:805][  0]LogContentBrowser: Native class hierarchy updated for 'SceneOutliner' in 0.0009 seconds. Added 1 classes and 2 folders.
[2016.02.12-21.20.02:870][  0]LogCrashTracker: Crashtracker disabled due to settings.
[2016.02.12-21.20.02:879][  0]LogUObjectGlobals:Warning: Failed to find object 'Class None.'
[2016.02.12-21.20.02:903][  0]LogLoad: Full Startup: 11.94 seconds (BP compile: 0.07 seconds)
[2016.02.12-21.20.02:981][  0]LogContentStreaming: Texture pool size now 1000 MB
[2016.02.12-21.20.03:091][  0]LogRenderer: Reallocating scene render targets to support 1208x600 (Frame:2).
[2016.02.12-21.20.03:231][  2]LogAssetRegistry: Asset discovery search completed in 2.8547 seconds
[2016.02.12-21.20.03:231][  2]LogCollectionManager: Rebuilt the object cache for 0 collections in 0.000001 seconds (found 0 objects)
[2016.02.12-21.20.03:231][  2]LogCollectionManager: Fixed up redirectors for 0 collections in 0.000022 seconds (updated 0 objects)
[2016.02.12-21.20.48:563][250]LogEditorViewport: Clicking on Actor (LMB): BP_Sky_Sphere_C (BP_Sky_Sphere)
[2016.02.12-21.20.48:903][283]LogEditorViewport: Clicking on Actor (LMB): BP_Sky_Sphere_C (BP_Sky_Sphere)
[2016.02.12-21.20.49:858][394]LogBlueprintUserMessages: Early PlayInEditor Detection: Level '/Game/StarterContent/Maps/Minimal_Default.Minimal_Default:PersistentLevel' has LevelScriptBlueprint '/Game/StarterContent/Maps/Minimal_Default.Minimal_Default:PersistentLevel.Minimal_Default' with GeneratedClass '/Game/StarterContent/Maps/Minimal_Default.Minimal_Default_C' with ClassGeneratedBy '/Game/StarterContent/Maps/Minimal_Default.Minimal_Default:PersistentLevel.Minimal_Default'
[2016.02.12-21.20.49:858][394]LogPlayLevel: PlayLevel: No blueprints needed recompiling
[2016.02.12-21.20.49:859][394]PIE: New page: PIE session: Minimal_Default (Feb 12, 2016, 11:20:49 AM)
[2016.02.12-21.20.49:859][394]LogPlayLevel: Creating play world package: /Game/StarterContent/Maps/UEDPIE_0_Minimal_Default
[2016.02.12-21.20.49:865][394]LogPlayLevel: PIE: StaticDuplicateObject took: (0.005714s)
[2016.02.12-21.20.49:865][394]LogAIModule: Creating AISystem for world Minimal_Default
[2016.02.12-21.20.49:865][394]LogPlayLevel: PIE: World Init took: (0.000564s)
[2016.02.12-21.20.49:865][394]LogPlayLevel: PIE: Created PIE world by copying editor world from /Game/StarterContent/Maps/Minimal_Default.Minimal_Default to /Game/StarterContent/Maps/UEDPIE_0_Minimal_Default.Minimal_Default (0.006462s)
[2016.02.12-21.20.49:882][394]LogInit: XAudio2 using 'Speakers (ASUS Xonar DGX Audio Device)' : 2 channels at 44.1 kHz using 16 bits per sample (channel mask 0x3)
[2016.02.12-21.20.49:885][394]LogInit: FAudioDevice initialized.
[2016.02.12-21.20.49:933][394]LogWorld: Game class is 'AISafariGameMode'
[2016.02.12-21.20.49:936][394]LogWorld: Bringing World /Game/StarterContent/Maps/UEDPIE_0_Minimal_Default.Minimal_Default up for play (max tick rate 0) at 2016.02.12-16.20.49
[2016.02.12-21.20.49:936][394]LogActor:Warning: GameSession /Game/StarterContent/Maps/UEDPIE_0_Minimal_Default.Minimal_Default:PersistentLevel.GameSession_0 has natively added scene component(s), but none of them were set as the actor's RootComponent - picking one arbitrarily
[2016.02.12-21.20.49:936][394]LogActor:Warning: GameNetworkManager /Game/StarterContent/Maps/UEDPIE_0_Minimal_Default.Minimal_Default:PersistentLevel.GameNetworkManager_0 has natively added scene component(s), but none of them were set as the actor's RootComponent - picking one arbitrarily
[2016.02.12-21.20.49:936][394]LogWorld: Bringing up level for play took: 0.002309
[2016.02.12-21.20.49:960][394]PIE: Info Play in editor start time for /Game/StarterContent/Maps/UEDPIE_0_Minimal_Default -0.792
[2016.02.12-21.20.49:961][394]LogBlueprintUserMessages: Late PlayInEditor Detection: Level '/Game/StarterContent/Maps/Minimal_Default.Minimal_Default:PersistentLevel' has LevelScriptBlueprint '/Game/StarterContent/Maps/Minimal_Default.Minimal_Default:PersistentLevel.Minimal_Default' with GeneratedClass '/Game/StarterContent/Maps/Minimal_Default.Minimal_Default_C' with ClassGeneratedBy '/Game/StarterContent/Maps/Minimal_Default.Minimal_Default:PersistentLevel.Minimal_Default'
[2016.02.12-21.21.16:884][198]LogBlueprintUserMessages: Early EndPlayMap Detection: Level '/Game/StarterContent/Maps/Minimal_Default.Minimal_Default:PersistentLevel' has LevelScriptBlueprint '/Game/StarterContent/Maps/Minimal_Default.Minimal_Default:PersistentLevel.Minimal_Default' with GeneratedClass '/Game/StarterContent/Maps/Minimal_Default.Minimal_Default_C' with ClassGeneratedBy '/Game/StarterContent/Maps/Minimal_Default.Minimal_Default:PersistentLevel.Minimal_Default'
[2016.02.12-21.21.16:928][198]LogBlueprintUserMessages: Late EndPlayMap Detection: Level '/Game/StarterContent/Maps/Minimal_Default.Minimal_Default:PersistentLevel' has LevelScriptBlueprint '/Game/StarterContent/Maps/Minimal_Default.Minimal_Default:PersistentLevel.Minimal_Default' with GeneratedClass '/Game/StarterContent/Maps/Minimal_Default.Minimal_Default_C' with ClassGeneratedBy '/Game/StarterContent/Maps/Minimal_Default.Minimal_Default:PersistentLevel.Minimal_Default'
[2016.02.12-21.21.16:938][198]LogParticles: Destroying 0 GPU particle simulations for FXSystem 0x0000002ACAC4C540
[2016.02.12-21.21.35:880][ 19]LogVSAccessor:Warning: Visual Studio is open but could not be queried - it may be blocked by a modal operation
[2016.02.12-21.21.39:444][ 20]LogVSAccessor:Warning: Couldn't goto line number '0' in 'Q:/Classes/3-2/AI/AISafari/Source/AISafari/BaseClasses/FlockerManagerBase.h'
[2016.02.12-21.21.41:143][ 20]LogVSAccessor:Warning: Couldn't goto line number '0' in 'Q:/Classes/3-2/AI/AISafari/Source/AISafari/BaseClasses/FlockerManagerBase.cpp'
[2016.02.12-21.39.27:183][219]LogHotReload: New module detected: UE4Editor-AISafari-3512.dll
[2016.02.12-21.39.28:527][224]LogHotReload: Starting Hot-Reload from IDE
[2016.02.12-21.39.28:609][224]LogClass: Could not find existing class FlockerManagerBase in package /Script/AISafari for HotReload, assuming new class
[2016.02.12-21.39.28:930][224]LogCrashTracker: 


[2016.02.12-21.39.28:931][224]LogCrashTracker: 


[2016.02.12-21.39.28:931][224]LogWindows: === Critical error: ===
Fatal error!



[2016.02.12-21.39.29:021][224]LogExit: Executing StaticShutdownAfterError
[2016.02.12-21.39.29:034][224]LogPhysics:Warning: PHYSX: ..\..\PhysX\src\NpScene.cpp (2946) 8 : PxScene::unlockWrite() called without matching call to PxScene::lockWrite(), behaviour will be undefined.
[2016.02.12-21.39.29:034][224]LogPhysics:Warning: PHYSX: ..\..\PhysX\src\NpScene.cpp (2946) 8 : PxScene::unlockWrite() called without matching call to PxScene::lockWrite(), behaviour will be undefined.
[2016.02.12-21.39.29:034][224]LogWindows: FPlatformMisc::RequestExit(1)
[2016.02.12-21.39.29:034][224]Log file closed, 02/12/16 16:39:29
