[2016.02.13-20.16.11:805][  0]Log file open, 02/13/16 15:16:11
[2016.02.13-20.16.11:805][  0]LogInit:Display: Running engine for game: AISafari
[2016.02.13-20.16.11:805][  0]LogInit:Display: RandInit(-844313384) SRandInit(-844313383).
[2016.02.13-20.16.11:805][  0]LogTaskGraph: Started task graph with 4 named threads and 7 total threads.
[2016.02.13-20.16.11:805][  0]LogStats: Stats thread started at 0.068214
[2016.02.13-20.16.11:805][  0]LogInit: Version: 4.9.2-2707645+++depot+UE4-Releases+4.9
[2016.02.13-20.16.11:805][  0]LogInit: API Version: 2672455
[2016.02.13-20.16.11:805][  0]LogInit: Compiled (64-bit): Sep 28 2015 10:25:44
[2016.02.13-20.16.11:805][  0]LogInit: Compiled with Visual C++: 18.00.21005.01
[2016.02.13-20.16.11:805][  0]LogInit: Build Configuration: Development
[2016.02.13-20.16.11:805][  0]LogInit: Branch Name: ++depot+UE4-Releases+4.9
[2016.02.13-20.16.11:805][  0]LogInit: Command line:  
[2016.02.13-20.16.11:805][  0]LogInit: Base directory: C:/Program Files (x86)/Epic Games/4.9/Engine/Binaries/Win64/
[2016.02.13-20.16.11:805][  0]LogInit: Rocket: 1
[2016.02.13-20.16.11:817][  0]LogInit: Using libcurl 7.41.0
[2016.02.13-20.16.11:817][  0]LogInit:  - built for x86_64-pc-win32
[2016.02.13-20.16.11:817][  0]LogInit:  - supports SSL with WinSSL
[2016.02.13-20.16.11:817][  0]LogInit:  - other features:
[2016.02.13-20.16.11:817][  0]LogInit:      CURL_VERSION_SSL
[2016.02.13-20.16.11:817][  0]LogInit:      CURL_VERSION_IPV6
[2016.02.13-20.16.11:817][  0]LogInit:      CURL_VERSION_ASYNCHDNS
[2016.02.13-20.16.11:817][  0]LogInit:      CURL_VERSION_LARGEFILE
[2016.02.13-20.16.11:817][  0]LogInit:      CURL_VERSION_IDN
[2016.02.13-20.16.11:817][  0]LogInit:  CurlRequestOptions (configurable via config and command line):
[2016.02.13-20.16.11:817][  0]LogInit:  - bVerifyPeer = true  - Libcurl will verify peer certificate
[2016.02.13-20.16.11:817][  0]LogInit:  - bUseHttpProxy = false  - Libcurl will NOT use HTTP proxy
[2016.02.13-20.16.11:817][  0]LogInit:  - bDontReuseConnections = false  - Libcurl will reuse connections
[2016.02.13-20.16.11:817][  0]LogInit:  - CertBundlePath = nullptr  - Libcurl will use whatever was configured at build time.
[2016.02.13-20.16.11:824][  0]LogInit: Presizing for 0 objects not considered by GC, pre-allocating 0 bytes.
[2016.02.13-20.16.11:830][  0]LogInit: Object subsystem initialized
[2016.02.13-20.16.11:831][  0]LogInit: Selected Device Profile: [Windows]
[2016.02.13-20.16.11:831][  0]LogInit: Applying CVar settings loaded from the selected device profile: [Windows]
[2016.02.13-20.16.11:837][  0]LogInit: Computer: ZEBRADESKTOP
[2016.02.13-20.16.11:837][  0]LogInit: User: Ryan
[2016.02.13-20.16.11:837][  0]LogInit: CPU Page size=4096, Cores=4
[2016.02.13-20.16.11:837][  0]LogInit: High frequency timer resolution =3.984648 MHz
[2016.02.13-20.16.11:838][  0]LogMemory: Memory total: Physical=15.9GB (16GB approx)
[2016.02.13-20.16.11:838][  0]LogMemory: Platform Memory Stats for Windows
[2016.02.13-20.16.11:838][  0]LogMemory: Process Physical Memory: 53.94 MB used, 53.94 MB peak
[2016.02.13-20.16.11:838][  0]LogMemory: Process Virtual Memory: 57.45 MB used, 57.45 MB peak
[2016.02.13-20.16.11:838][  0]LogMemory: Physical Memory: 7684.11 MB used, 16325.73 MB total
[2016.02.13-20.16.11:838][  0]LogMemory: Virtual Memory: 366.70 MB used, 134217728.00 MB total
[2016.02.13-20.16.11:868][  0]LogTextLocalizationManager: No specific translations for ('en-US') exist, so ('en') translations will be used.
[2016.02.13-20.16.12:438][  0]LogD3D11RHI: Found D3D11 adapter 0: NVIDIA GeForce GTX 780 (Feature Level 11_0)
[2016.02.13-20.16.12:438][  0]LogD3D11RHI: Adapter has 5971MB of dedicated video memory, 0MB of dedicated system memory, and 8162MB of shared system memory, 3 output[s]
[2016.02.13-20.16.12:439][  0]LogD3D11RHI: Found D3D11 adapter 1: Microsoft Basic Render Driver (Feature Level 11_0)
[2016.02.13-20.16.12:439][  0]LogD3D11RHI: Adapter has 0MB of dedicated video memory, 0MB of dedicated system memory, and 8162MB of shared system memory, 0 output[s]
[2016.02.13-20.16.12:439][  0]LogD3D11RHI: Chosen D3D11 Adapter Id = 0
[2016.02.13-20.16.14:058][  0]LogWindowsTextInputMethodSystem:Display: IME system now deactivated.
[2016.02.13-20.16.14:059][  0]LogWindowsTextInputMethodSystem:Display: IME system now deactivated.
[2016.02.13-20.16.14:061][  0]LogD3D11RHI: !Direct3DDevice
[2016.02.13-20.16.14:061][  0]LogRHI: Texture pool is 1361 MB (70% of 1945 MB)
[2016.02.13-20.16.14:074][  0]LogD3D11RHI: Async texture creation enabled
[2016.02.13-20.16.14:090][  0]LogShaderCompilers: Guid format shader working directory is 14 characters bigger than the processId version (Q:/Classes/3-2/AI/AISafari/Intermediate/Shaders/WorkingDirectory/23012/).
[2016.02.13-20.16.14:090][  0]LogShaderCompilers: Cleaned the shader compiler working directory 'Q:/Classes/3-2/AI/AISafari/Intermediate/Shaders/tmp/C7A613164572AE94D201A9850A4222DC/'.
[2016.02.13-20.16.14:090][  0]LogShaderCompilers:Display: Using Local Shader Compiler.
[2016.02.13-20.16.14:818][  0]LogTemp:Display: Loaded TP AllDesktopTargetPlatform
[2016.02.13-20.16.14:822][  0]LogTemp:Display: Loaded TP WindowsClientTargetPlatform
[2016.02.13-20.16.14:826][  0]LogTemp:Display: Loaded TP WindowsNoEditorTargetPlatform
[2016.02.13-20.16.14:830][  0]LogTemp:Display: Loaded TP WindowsServerTargetPlatform
[2016.02.13-20.16.14:834][  0]LogTemp:Display: Loaded TP WindowsTargetPlatform
[2016.02.13-20.16.14:836][  0]LogTemp:Display: Loaded TP AndroidTargetPlatform
[2016.02.13-20.16.14:839][  0]LogTemp:Display: Loaded TP Android_ASTCTargetPlatform
[2016.02.13-20.16.14:841][  0]LogTemp:Display: Loaded TP Android_ATCTargetPlatform
[2016.02.13-20.16.14:843][  0]LogTemp:Display: Loaded TP Android_DXTTargetPlatform
[2016.02.13-20.16.14:845][  0]LogTemp:Display: Loaded TP Android_ETC1TargetPlatform
[2016.02.13-20.16.14:848][  0]LogTemp:Display: Loaded TP Android_ETC2TargetPlatform
[2016.02.13-20.16.14:850][  0]LogTemp:Display: Loaded TP Android_PVRTCTargetPlatform
[2016.02.13-20.16.14:851][  0]LogTemp:Display: Loaded TP HTML5TargetPlatform
[2016.02.13-20.16.14:867][  0]LogTemp:Display: Loaded TP IOSTargetPlatform
[2016.02.13-20.16.14:869][  0]LogTemp:Display: Loaded TP LinuxNoEditorTargetPlatform
[2016.02.13-20.16.14:871][  0]LogTemp:Display: Loaded TP LinuxServerTargetPlatform
[2016.02.13-20.16.14:873][  0]LogTemp:Display: Loaded TP LinuxTargetPlatform
[2016.02.13-20.16.14:873][  0]LogTargetPlatformManager:Display: Building Assets For Windows
[2016.02.13-20.16.14:932][  0]LogDerivedDataCache:Display: Max Cache Size: 512 MB
[2016.02.13-20.16.14:963][  0]LogDerivedDataCache: Loaded boot cache 0.03s 41MB C:/Users/Ryan/AppData/Local/UnrealEngine/4.9/DerivedDataCache/Boot.ddc.
[2016.02.13-20.16.14:964][  0]LogDerivedDataCache:Display: Loaded Boot cache: C:/Users/Ryan/AppData/Local/UnrealEngine/4.9/DerivedDataCache/Boot.ddc
[2016.02.13-20.16.14:964][  0]LogDerivedDataCache: FDerivedDataBackendGraph:  Pak pak cache file Q:/Classes/3-2/AI/AISafari/DerivedDataCache/DDC.ddp not found, will not use a pak cache.
[2016.02.13-20.16.14:964][  0]LogDerivedDataCache: Unable to find inner node Pak for hierarchical cache Hierarchy.
[2016.02.13-20.16.14:964][  0]LogDerivedDataCache: FDerivedDataBackendGraph:  CompressedPak pak cache file Q:/Classes/3-2/AI/AISafari/DerivedDataCache/Compressed.ddp not found, will not use a pak cache.
[2016.02.13-20.16.14:964][  0]LogDerivedDataCache: Unable to find inner node CompressedPak for hierarchical cache Hierarchy.
[2016.02.13-20.16.15:059][  0]LogDerivedDataCache:Display: Pak cache opened for reading ../../../Engine/DerivedDataCache/Compressed.ddp.
[2016.02.13-20.16.15:071][  0]LogDerivedDataCache: Using Local data cache path C:/Users/Ryan/AppData/Local/UnrealEngine/Common/DerivedDataCache: Writable
[2016.02.13-20.16.15:193][  0]LogInit: Selected Device Profile: [Windows]
[2016.02.13-20.16.15:194][  0]LogContentStreaming: Texture pool size is 0.000000MB
[2016.02.13-20.16.15:274][  0]LogMeshUtilities: No automatic mesh reduction module available
[2016.02.13-20.16.15:275][  0]LogMeshUtilities: No automatic mesh merging module available
[2016.02.13-20.16.15:463][  0]LogInit: WinSock: version 1.1 (2.2), MaxSocks=32767, MaxUdp=65467
[2016.02.13-20.16.15:945][  0]UdpMessaging: Initializing bridge on interface 0.0.0.0:0 to multicast group 230.0.0.1:6666.
[2016.02.13-20.16.16:046][  0]LogAssetRegistry: FAssetRegistry took 0.0113 seconds to start up
[2016.02.13-20.16.16:160][  0]SourceControl: Info Source control is disabled
[2016.02.13-20.16.16:166][  0]SourceControl: Info Source control is disabled
[2016.02.13-20.16.16:175][  0]SourceControl: Info Source control is disabled
[2016.02.13-20.16.16:186][  0]SourceControl: Info Source control is disabled
[2016.02.13-20.16.16:291][  0]LogLinker:Warning: Asset '../../../Engine/Plugins/Runtime/LeapMotionController/Content/LM_PassthroughMaterial.uasset' has been saved with empty engine version. The asset will be loaded but may be incompatible.
[2016.02.13-20.16.16:350][  0]LogObj: 28380 objects as part of root set at end of initial load.
[2016.02.13-20.16.16:350][  0]LogUObjectAllocator: 6046576 out of 0 bytes used by permanent object pool.
[2016.02.13-20.16.16:393][  0]LogEngine: Initializing Engine...
[2016.02.13-20.16.16:395][  0]LogHMD: Can't find Oculus library dev build: is proper Runtime installed? Version: 0.7.0.0
[2016.02.13-20.16.16:395][  0]LogHMD: SteamVR failed to initialize.  Err: 110
[2016.02.13-20.16.16:484][  0]LogAIModule: Creating AISystem for world NewWorld
[2016.02.13-20.16.16:490][  0]LogInit: XAudio2 using 'Speakers (ASUS Xonar DGX Audio Device)' : 2 channels at 44.1 kHz using 16 bits per sample (channel mask 0x3)
[2016.02.13-20.16.16:495][  0]LogInit: FAudioDevice initialized.
[2016.02.13-20.16.16:517][  0]LogDerivedDataCache: Saved boot cache 0.02s 41MB C:/Users/Ryan/AppData/Local/UnrealEngine/4.9/DerivedDataCache/Boot.ddc.
[2016.02.13-20.16.16:522][  0]LogInit: Texture streaming: Enabled
[2016.02.13-20.16.16:526][  0]LogAnalytics: Creating configured Analytics provider AnalyticsET
[2016.02.13-20.16.16:526][  0]LogAnalytics: [UEEditor.Rocket.Release] APIServer = http://et2.epicgames.com/ET2/. AppVersion = 4.9.2-2707645+++depot+UE4-Releases+4.9
[2016.02.13-20.16.16:527][  0]LogAnalytics: [UEEditor.Rocket.Release] SetUserId d1f9beca401d8fe412e57fa88e66abb9|85745c8591404a23957796735eaccf05|defee072-9da8-4f68-a06a-f65b3a6c30bf
[2016.02.13-20.16.16:527][  0]LogAnalytics: [UEEditor.Rocket.Release] AnalyticsET::StartSession
[2016.02.13-20.16.16:554][  0]LogInit: Transaction tracking system initialized
[2016.02.13-20.16.16:579][  0]BlueprintLog: New page: Editor Load
[2016.02.13-20.16.16:646][  0]LocalizationService: Info Localization service is disabled
[2016.02.13-20.16.16:709][  0]LogConsoleResponse:Display: 
[2016.02.13-20.16.16:797][  0]LogCook:Display: Done creating registry. It took  0.00s.
[2016.02.13-20.16.16:839][  0]LogFileCache: Scanning file cache for directory 'Q:/Classes/3-2/AI/AISafari/Content/' took 0.01s
[2016.02.13-20.16.16:839][  0]SourceControl: Info Source control is disabled
[2016.02.13-20.16.16:839][  0]Cmd: MAP LOAD FILE="Q:/Classes/3-2/AI/AISafari/Content/StarterContent/Maps/Minimal_Default.umap" TEMPLATE=0 SHOWPROGRESS=1 FEATURELEVEL=3
[2016.02.13-20.16.16:839][  0]LightingResults: New page: Lighting Build
[2016.02.13-20.16.16:842][  0]MapCheck: New page: Map Check
[2016.02.13-20.16.16:842][  0]LightingResults: New page: Lighting Build
[2016.02.13-20.16.16:851][  0]LogParticles: Destroying 0 GPU particle simulations for FXSystem 0x00000040FC3FBCE0
[2016.02.13-20.16.17:061][  0]LogAIModule: Creating AISystem for world Minimal_Default
[2016.02.13-20.16.17:067][  0]LogEditorServer: Finished looking for orphan Actors (0.000 secs)
[2016.02.13-20.16.17:067][  0]Cmd: MAP CHECKDEP NOCLEARLOG
[2016.02.13-20.16.17:102][  0]MapCheck: Info Map check complete: 0 Error(s), 0 Warning(s), took 34.116ms to complete.
[2016.02.13-20.16.17:102][  0]LogFileHelpers: Loading map 'Minimal_Default' took 0.263
[2016.02.13-20.16.17:145][  0]LogWindowsTextInputMethodSystem:Display: IME system now deactivated.
[2016.02.13-20.16.17:230][  0]LogCollectionManager: Loaded 0 collections in 0.002025 seconds
[2016.02.13-20.16.17:272][  0]LogFileCache: Scanning file cache for directory 'Q:/Classes/3-2/AI/AISafari/Saved/Collections/' took 0.01s
[2016.02.13-20.16.17:272][  0]LogFileCache: Scanning file cache for directory 'Q:/Classes/3-2/AI/AISafari/Content/Developers/Ryan/Collections/' took 0.01s
[2016.02.13-20.16.17:272][  0]LogFileCache: Scanning file cache for directory 'Q:/Classes/3-2/AI/AISafari/Content/Collections/' took 0.01s
[2016.02.13-20.16.17:272][  0]LogContentBrowser: Native class hierarchy populated in 0.0085 seconds. Added 1871 classes and 336 folders.
[2016.02.13-20.16.17:291][  0]LogCollectionManager: Rebuilt the GUID cache for 0 collections in 0.000003 seconds
[2016.02.13-20.16.17:301][  0]LogContentBrowser: Native class hierarchy updated for 'WidgetCarousel' in 0.0016 seconds. Added 0 classes and 0 folders.
[2016.02.13-20.16.17:342][  0]LogContentBrowser: Native class hierarchy updated for 'AddContentDialog' in 0.0013 seconds. Added 0 classes and 0 folders.
[2016.02.13-20.16.17:347][  0]LogContentBrowser: Native class hierarchy updated for 'SceneOutliner' in 0.0009 seconds. Added 1 classes and 2 folders.
[2016.02.13-20.16.17:365][  0]LogCrashTracker: Crashtracker disabled due to settings.
[2016.02.13-20.16.17:370][  0]LogUObjectGlobals:Warning: Failed to find object 'Class None.'
[2016.02.13-20.16.17:392][  0]LogLoad: Full Startup: 6.20 seconds (BP compile: 0.03 seconds)
[2016.02.13-20.16.17:782][  0]LogContentStreaming: Texture pool size now 1000 MB
[2016.02.13-20.16.17:889][  0]LogRenderer: Reallocating scene render targets to support 1208x600 (Frame:2).
[2016.02.13-20.16.18:412][  2]LogAssetRegistry: Asset discovery search completed in 2.3778 seconds
[2016.02.13-20.16.18:412][  2]LogCollectionManager: Rebuilt the object cache for 0 collections in 0.000001 seconds (found 0 objects)
[2016.02.13-20.16.18:412][  2]LogCollectionManager: Fixed up redirectors for 0 collections in 0.000024 seconds (updated 0 objects)
[2016.02.13-20.16.29:464][218]LogBlueprintUserMessages: Early PlayInEditor Detection: Level '/Game/StarterContent/Maps/Minimal_Default.Minimal_Default:PersistentLevel' has LevelScriptBlueprint '/Game/StarterContent/Maps/Minimal_Default.Minimal_Default:PersistentLevel.Minimal_Default' with GeneratedClass '/Game/StarterContent/Maps/Minimal_Default.Minimal_Default_C' with ClassGeneratedBy '/Game/StarterContent/Maps/Minimal_Default.Minimal_Default:PersistentLevel.Minimal_Default'
[2016.02.13-20.16.29:464][218]LogPlayLevel: PlayLevel: No blueprints needed recompiling
[2016.02.13-20.16.29:464][218]PIE: New page: PIE session: Minimal_Default (Feb 13, 2016, 10:16:29 AM)
[2016.02.13-20.16.29:464][218]LogPlayLevel: Creating play world package: /Game/StarterContent/Maps/UEDPIE_0_Minimal_Default
[2016.02.13-20.16.29:471][218]LogPlayLevel: PIE: StaticDuplicateObject took: (0.006482s)
[2016.02.13-20.16.29:471][218]LogAIModule: Creating AISystem for world Minimal_Default
[2016.02.13-20.16.29:471][218]LogPlayLevel: PIE: World Init took: (0.000645s)
[2016.02.13-20.16.29:471][218]LogPlayLevel: PIE: Created PIE world by copying editor world from /Game/StarterContent/Maps/Minimal_Default.Minimal_Default to /Game/StarterContent/Maps/UEDPIE_0_Minimal_Default.Minimal_Default (0.007310s)
[2016.02.13-20.16.29:493][218]LogInit: XAudio2 using 'Speakers (ASUS Xonar DGX Audio Device)' : 2 channels at 44.1 kHz using 16 bits per sample (channel mask 0x3)
[2016.02.13-20.16.29:497][218]LogInit: FAudioDevice initialized.
[2016.02.13-20.16.29:543][218]LogWorld: Game class is 'AISafariGameMode'
[2016.02.13-20.16.29:545][218]LogWorld: Bringing World /Game/StarterContent/Maps/UEDPIE_0_Minimal_Default.Minimal_Default up for play (max tick rate 0) at 2016.02.13-15.16.29
[2016.02.13-20.16.29:545][218]LogActor:Warning: GameSession /Game/StarterContent/Maps/UEDPIE_0_Minimal_Default.Minimal_Default:PersistentLevel.GameSession_0 has natively added scene component(s), but none of them were set as the actor's RootComponent - picking one arbitrarily
[2016.02.13-20.16.29:545][218]LogActor:Warning: GameNetworkManager /Game/StarterContent/Maps/UEDPIE_0_Minimal_Default.Minimal_Default:PersistentLevel.GameNetworkManager_0 has natively added scene component(s), but none of them were set as the actor's RootComponent - picking one arbitrarily
[2016.02.13-20.16.29:545][218]LogWorld: Bringing up level for play took: 0.001606
[2016.02.13-20.17.03:675][218]PIE: Info Play in editor start time for /Game/StarterContent/Maps/UEDPIE_0_Minimal_Default 34.503
[2016.02.13-20.17.03:675][218]LogBlueprintUserMessages: Late PlayInEditor Detection: Level '/Game/StarterContent/Maps/Minimal_Default.Minimal_Default:PersistentLevel' has LevelScriptBlueprint '/Game/StarterContent/Maps/Minimal_Default.Minimal_Default:PersistentLevel.Minimal_Default' with GeneratedClass '/Game/StarterContent/Maps/Minimal_Default.Minimal_Default_C' with ClassGeneratedBy '/Game/StarterContent/Maps/Minimal_Default.Minimal_Default:PersistentLevel.Minimal_Default'
[2016.02.13-20.17.06:996][218]LogCrashTracker: 


[2016.02.13-20.17.06:996][218]LogCrashTracker: 


[2016.02.13-20.17.06:996][218]LogWindows: === Critical error: ===
Fatal error!



