[2016.02.16-22.50.07:232][  0]Log file open, 02/16/16 17:50:07
[2016.02.16-22.50.07:232][  0]LogInit:Display: Running engine for game: AISafari
[2016.02.16-22.50.07:232][  0]LogInit:Display: RandInit(486764764) SRandInit(486764764).
[2016.02.16-22.50.07:232][  0]LogTaskGraph: Started task graph with 4 named threads and 7 total threads.
[2016.02.16-22.50.07:232][  0]LogStats: Stats thread started at 0.065874
[2016.02.16-22.50.07:232][  0]LogInit: Version: 4.9.2-2707645+++depot+UE4-Releases+4.9
[2016.02.16-22.50.07:232][  0]LogInit: API Version: 2672455
[2016.02.16-22.50.07:232][  0]LogInit: Compiled (64-bit): Sep 28 2015 10:25:44
[2016.02.16-22.50.07:232][  0]LogInit: Compiled with Visual C++: 18.00.21005.01
[2016.02.16-22.50.07:232][  0]LogInit: Build Configuration: Development
[2016.02.16-22.50.07:232][  0]LogInit: Branch Name: ++depot+UE4-Releases+4.9
[2016.02.16-22.50.07:232][  0]LogInit: Command line:  
[2016.02.16-22.50.07:232][  0]LogInit: Base directory: C:/Program Files (x86)/Epic Games/4.9/Engine/Binaries/Win64/
[2016.02.16-22.50.07:232][  0]LogInit: Rocket: 1
[2016.02.16-22.50.07:243][  0]LogInit: Using libcurl 7.41.0
[2016.02.16-22.50.07:243][  0]LogInit:  - built for x86_64-pc-win32
[2016.02.16-22.50.07:243][  0]LogInit:  - supports SSL with WinSSL
[2016.02.16-22.50.07:243][  0]LogInit:  - other features:
[2016.02.16-22.50.07:243][  0]LogInit:      CURL_VERSION_SSL
[2016.02.16-22.50.07:243][  0]LogInit:      CURL_VERSION_IPV6
[2016.02.16-22.50.07:243][  0]LogInit:      CURL_VERSION_ASYNCHDNS
[2016.02.16-22.50.07:243][  0]LogInit:      CURL_VERSION_LARGEFILE
[2016.02.16-22.50.07:243][  0]LogInit:      CURL_VERSION_IDN
[2016.02.16-22.50.07:243][  0]LogInit:  CurlRequestOptions (configurable via config and command line):
[2016.02.16-22.50.07:243][  0]LogInit:  - bVerifyPeer = true  - Libcurl will verify peer certificate
[2016.02.16-22.50.07:243][  0]LogInit:  - bUseHttpProxy = false  - Libcurl will NOT use HTTP proxy
[2016.02.16-22.50.07:243][  0]LogInit:  - bDontReuseConnections = false  - Libcurl will reuse connections
[2016.02.16-22.50.07:243][  0]LogInit:  - CertBundlePath = nullptr  - Libcurl will use whatever was configured at build time.
[2016.02.16-22.50.07:248][  0]LogInit: Presizing for 0 objects not considered by GC, pre-allocating 0 bytes.
[2016.02.16-22.50.07:252][  0]LogInit: Object subsystem initialized
[2016.02.16-22.50.07:253][  0]LogInit: Selected Device Profile: [Windows]
[2016.02.16-22.50.07:253][  0]LogInit: Applying CVar settings loaded from the selected device profile: [Windows]
[2016.02.16-22.50.07:263][  0]LogInit: Computer: ZEBRADESKTOP
[2016.02.16-22.50.07:263][  0]LogInit: User: Ryan
[2016.02.16-22.50.07:263][  0]LogInit: CPU Page size=4096, Cores=4
[2016.02.16-22.50.07:263][  0]LogInit: High frequency timer resolution =3.984654 MHz
[2016.02.16-22.50.07:263][  0]LogMemory: Memory total: Physical=15.9GB (16GB approx)
[2016.02.16-22.50.07:263][  0]LogMemory: Platform Memory Stats for Windows
[2016.02.16-22.50.07:263][  0]LogMemory: Process Physical Memory: 53.99 MB used, 53.99 MB peak
[2016.02.16-22.50.07:263][  0]LogMemory: Process Virtual Memory: 57.49 MB used, 57.49 MB peak
[2016.02.16-22.50.07:263][  0]LogMemory: Physical Memory: 7227.57 MB used, 16325.73 MB total
[2016.02.16-22.50.07:263][  0]LogMemory: Virtual Memory: 366.70 MB used, 134217728.00 MB total
[2016.02.16-22.50.07:300][  0]LogTextLocalizationManager: No specific translations for ('en-US') exist, so ('en') translations will be used.
[2016.02.16-22.50.07:853][  0]LogD3D11RHI: Found D3D11 adapter 0: NVIDIA GeForce GTX 780 (Feature Level 11_0)
[2016.02.16-22.50.07:853][  0]LogD3D11RHI: Adapter has 5971MB of dedicated video memory, 0MB of dedicated system memory, and 8162MB of shared system memory, 3 output[s]
[2016.02.16-22.50.07:854][  0]LogD3D11RHI: Found D3D11 adapter 1: Microsoft Basic Render Driver (Feature Level 11_0)
[2016.02.16-22.50.07:854][  0]LogD3D11RHI: Adapter has 0MB of dedicated video memory, 0MB of dedicated system memory, and 8162MB of shared system memory, 0 output[s]
[2016.02.16-22.50.07:854][  0]LogD3D11RHI: Chosen D3D11 Adapter Id = 0
[2016.02.16-22.50.22:778][  0]LogWindowsTextInputMethodSystem:Display: IME system now deactivated.
[2016.02.16-22.50.22:782][  0]LogD3D11RHI: !Direct3DDevice
[2016.02.16-22.50.22:782][  0]LogRHI: Texture pool is 1361 MB (70% of 1945 MB)
[2016.02.16-22.50.22:797][  0]LogD3D11RHI: Async texture creation enabled
[2016.02.16-22.50.22:817][  0]LogShaderCompilers: Guid format shader working directory is 14 characters bigger than the processId version (Q:/Classes/3-2/AI/AISafari/Intermediate/Shaders/WorkingDirectory/29840/).
[2016.02.16-22.50.22:817][  0]LogShaderCompilers: Cleaned the shader compiler working directory 'Q:/Classes/3-2/AI/AISafari/Intermediate/Shaders/tmp/7ADF0CF34FE40EB018A501865863F642/'.
[2016.02.16-22.50.22:817][  0]LogShaderCompilers:Display: Using Local Shader Compiler.
[2016.02.16-22.50.23:768][  0]LogTemp:Display: Loaded TP AllDesktopTargetPlatform
[2016.02.16-22.50.23:772][  0]LogTemp:Display: Loaded TP WindowsClientTargetPlatform
[2016.02.16-22.50.23:775][  0]LogTemp:Display: Loaded TP WindowsNoEditorTargetPlatform
[2016.02.16-22.50.23:779][  0]LogTemp:Display: Loaded TP WindowsServerTargetPlatform
[2016.02.16-22.50.23:783][  0]LogTemp:Display: Loaded TP WindowsTargetPlatform
[2016.02.16-22.50.23:787][  0]LogTemp:Display: Loaded TP AndroidTargetPlatform
[2016.02.16-22.50.23:789][  0]LogTemp:Display: Loaded TP Android_ASTCTargetPlatform
[2016.02.16-22.50.23:791][  0]LogTemp:Display: Loaded TP Android_ATCTargetPlatform
[2016.02.16-22.50.23:793][  0]LogTemp:Display: Loaded TP Android_DXTTargetPlatform
[2016.02.16-22.50.23:796][  0]LogTemp:Display: Loaded TP Android_ETC1TargetPlatform
[2016.02.16-22.50.23:798][  0]LogTemp:Display: Loaded TP Android_ETC2TargetPlatform
[2016.02.16-22.50.23:800][  0]LogTemp:Display: Loaded TP Android_PVRTCTargetPlatform
[2016.02.16-22.50.23:801][  0]LogTemp:Display: Loaded TP HTML5TargetPlatform
[2016.02.16-22.50.23:819][  0]LogTemp:Display: Loaded TP IOSTargetPlatform
[2016.02.16-22.50.23:821][  0]LogTemp:Display: Loaded TP LinuxNoEditorTargetPlatform
[2016.02.16-22.50.23:823][  0]LogTemp:Display: Loaded TP LinuxServerTargetPlatform
[2016.02.16-22.50.23:827][  0]LogTemp:Display: Loaded TP LinuxTargetPlatform
[2016.02.16-22.50.23:827][  0]LogTargetPlatformManager:Display: Building Assets For Windows
[2016.02.16-22.50.23:885][  0]LogDerivedDataCache:Display: Max Cache Size: 512 MB
[2016.02.16-22.50.24:001][  0]LogDerivedDataCache: Loaded boot cache 0.12s 41MB C:/Users/Ryan/AppData/Local/UnrealEngine/4.9/DerivedDataCache/Boot.ddc.
[2016.02.16-22.50.24:001][  0]LogDerivedDataCache:Display: Loaded Boot cache: C:/Users/Ryan/AppData/Local/UnrealEngine/4.9/DerivedDataCache/Boot.ddc
[2016.02.16-22.50.24:001][  0]LogDerivedDataCache: FDerivedDataBackendGraph:  Pak pak cache file Q:/Classes/3-2/AI/AISafari/DerivedDataCache/DDC.ddp not found, will not use a pak cache.
[2016.02.16-22.50.24:001][  0]LogDerivedDataCache: Unable to find inner node Pak for hierarchical cache Hierarchy.
[2016.02.16-22.50.24:001][  0]LogDerivedDataCache: FDerivedDataBackendGraph:  CompressedPak pak cache file Q:/Classes/3-2/AI/AISafari/DerivedDataCache/Compressed.ddp not found, will not use a pak cache.
[2016.02.16-22.50.24:001][  0]LogDerivedDataCache: Unable to find inner node CompressedPak for hierarchical cache Hierarchy.
[2016.02.16-22.50.24:111][  0]LogDerivedDataCache:Display: Pak cache opened for reading ../../../Engine/DerivedDataCache/Compressed.ddp.
[2016.02.16-22.50.24:123][  0]LogDerivedDataCache: Using Local data cache path C:/Users/Ryan/AppData/Local/UnrealEngine/Common/DerivedDataCache: Writable
[2016.02.16-22.50.25:396][  0]LogInit: Selected Device Profile: [Windows]
[2016.02.16-22.50.25:397][  0]LogContentStreaming: Texture pool size is 0.000000MB
[2016.02.16-22.50.25:481][  0]LogMeshUtilities: No automatic mesh reduction module available
[2016.02.16-22.50.25:481][  0]LogMeshUtilities: No automatic mesh merging module available
[2016.02.16-22.50.25:679][  0]LogInit: WinSock: version 1.1 (2.2), MaxSocks=32767, MaxUdp=65467
[2016.02.16-22.50.26:945][  0]UdpMessaging: Initializing bridge on interface 0.0.0.0:0 to multicast group 230.0.0.1:6666.
[2016.02.16-22.50.27:067][  0]LogAssetRegistry: FAssetRegistry took 0.0111 seconds to start up
[2016.02.16-22.50.27:181][  0]SourceControl: Info Source control is disabled
[2016.02.16-22.50.27:222][  0]SourceControl: Info Source control is disabled
[2016.02.16-22.50.27:230][  0]SourceControl: Info Source control is disabled
[2016.02.16-22.50.27:237][  0]SourceControl: Info Source control is disabled
[2016.02.16-22.50.27:355][  0]LogFileManager:Warning: DeleteFile was unable to delete 'Q:/Classes/3-2/AI/AISafari/Intermediate/CachedAssetRegistry.bin', retrying in .5s...
[2016.02.16-22.50.27:355][  0]LogLinker:Warning: Asset '../../../Engine/Plugins/Runtime/LeapMotionController/Content/LM_PassthroughMaterial.uasset' has been saved with empty engine version. The asset will be loaded but may be incompatible.
[2016.02.16-22.50.27:408][  0]LogObj: 28380 objects as part of root set at end of initial load.
[2016.02.16-22.50.27:408][  0]LogUObjectAllocator: 6046584 out of 0 bytes used by permanent object pool.
[2016.02.16-22.50.27:548][  0]LogEngine: Initializing Engine...
[2016.02.16-22.50.27:550][  0]LogHMD: Can't find Oculus library dev build: is proper Runtime installed? Version: 0.7.0.0
[2016.02.16-22.50.27:558][  0]LogHMD: SteamVR failed to initialize.  Err: 110
[2016.02.16-22.50.27:642][  0]LogAIModule: Creating AISystem for world NewWorld
[2016.02.16-22.50.27:648][  0]LogInit: XAudio2 using 'Speakers (ASUS Xonar DGX Audio Device)' : 2 channels at 44.1 kHz using 16 bits per sample (channel mask 0x3)
[2016.02.16-22.50.27:652][  0]LogInit: FAudioDevice initialized.
[2016.02.16-22.50.27:669][  0]LogDerivedDataCache: Saved boot cache 0.02s 41MB C:/Users/Ryan/AppData/Local/UnrealEngine/4.9/DerivedDataCache/Boot.ddc.
[2016.02.16-22.50.27:673][  0]LogInit: Texture streaming: Enabled
[2016.02.16-22.50.27:677][  0]LogAnalytics: Creating configured Analytics provider AnalyticsET
[2016.02.16-22.50.27:677][  0]LogAnalytics: [UEEditor.Rocket.Release] APIServer = http://et2.epicgames.com/ET2/. AppVersion = 4.9.2-2707645+++depot+UE4-Releases+4.9
[2016.02.16-22.50.27:677][  0]LogAnalytics: [UEEditor.Rocket.Release] SetUserId d1f9beca401d8fe412e57fa88e66abb9|85745c8591404a23957796735eaccf05|defee072-9da8-4f68-a06a-f65b3a6c30bf
[2016.02.16-22.50.27:677][  0]LogAnalytics: [UEEditor.Rocket.Release] AnalyticsET::StartSession
[2016.02.16-22.50.27:714][  0]LogInit: Transaction tracking system initialized
[2016.02.16-22.50.27:772][  0]LogFileManager:Warning: DeleteFile recovered during retry!
[2016.02.16-22.50.27:772][  0]BlueprintLog: New page: Editor Load
[2016.02.16-22.50.27:839][  0]LocalizationService: Info Localization service is disabled
[2016.02.16-22.50.27:909][  0]LogConsoleResponse:Display: 
[2016.02.16-22.50.27:993][  0]LogCook:Display: Done creating registry. It took  0.00s.
[2016.02.16-22.50.28:039][  0]LogFileCache: Scanning file cache for directory 'Q:/Classes/3-2/AI/AISafari/Content/' took 0.01s
[2016.02.16-22.50.28:039][  0]SourceControl: Info Source control is disabled
[2016.02.16-22.50.28:039][  0]Cmd: MAP LOAD FILE="Q:/Classes/3-2/AI/AISafari/Content/StarterContent/Maps/Minimal_Default.umap" TEMPLATE=0 SHOWPROGRESS=1 FEATURELEVEL=3
[2016.02.16-22.50.28:039][  0]LightingResults: New page: Lighting Build
[2016.02.16-22.50.28:041][  0]MapCheck: New page: Map Check
[2016.02.16-22.50.28:041][  0]LightingResults: New page: Lighting Build
[2016.02.16-22.50.28:049][  0]LogParticles: Destroying 0 GPU particle simulations for FXSystem 0x000000B7E0257CE0
[2016.02.16-22.50.28:228][  0]LogAIModule: Creating AISystem for world Minimal_Default
[2016.02.16-22.50.28:232][  0]LogEditorServer: Finished looking for orphan Actors (0.000 secs)
[2016.02.16-22.50.28:232][  0]Cmd: MAP CHECKDEP NOCLEARLOG
[2016.02.16-22.50.28:260][  0]MapCheck: Info Map check complete: 0 Error(s), 0 Warning(s), took 27.857ms to complete.
[2016.02.16-22.50.28:260][  0]LogFileHelpers: Loading map 'Minimal_Default' took 0.221
[2016.02.16-22.50.28:411][  0]LogCollectionManager: Loaded 0 collections in 0.002271 seconds
[2016.02.16-22.50.28:451][  0]LogFileCache: Scanning file cache for directory 'Q:/Classes/3-2/AI/AISafari/Saved/Collections/' took 0.01s
[2016.02.16-22.50.28:451][  0]LogFileCache: Scanning file cache for directory 'Q:/Classes/3-2/AI/AISafari/Content/Developers/Ryan/Collections/' took 0.01s
[2016.02.16-22.50.28:451][  0]LogFileCache: Scanning file cache for directory 'Q:/Classes/3-2/AI/AISafari/Content/Collections/' took 0.01s
[2016.02.16-22.50.28:451][  0]LogContentBrowser: Native class hierarchy populated in 0.0056 seconds. Added 1871 classes and 336 folders.
[2016.02.16-22.50.28:464][  0]LogCollectionManager: Rebuilt the GUID cache for 0 collections in 0.000002 seconds
[2016.02.16-22.50.28:470][  0]LogContentBrowser: Native class hierarchy updated for 'WidgetCarousel' in 0.0008 seconds. Added 0 classes and 0 folders.
[2016.02.16-22.50.28:671][  0]LogContentBrowser: Native class hierarchy updated for 'AddContentDialog' in 0.0008 seconds. Added 0 classes and 0 folders.
[2016.02.16-22.50.28:681][  0]LogContentBrowser: Native class hierarchy updated for 'SceneOutliner' in 0.0008 seconds. Added 1 classes and 2 folders.
[2016.02.16-22.50.28:712][  0]LogCrashTracker: Crashtracker disabled due to settings.
[2016.02.16-22.50.28:716][  0]LogUObjectGlobals:Warning: Failed to find object 'Class None.'
[2016.02.16-22.50.28:738][  0]LogLoad: Full Startup: 22.26 seconds (BP compile: 0.04 seconds)
[2016.02.16-22.50.29:153][  0]LogContentStreaming: Texture pool size now 1000 MB
[2016.02.16-22.50.29:243][  0]LogRenderer: Reallocating scene render targets to support 912x472 (Frame:2).
[2016.02.16-22.50.29:757][  2]LogAssetRegistry: Asset discovery search completed in 2.7010 seconds
[2016.02.16-22.50.29:757][  2]LogCollectionManager: Rebuilt the object cache for 0 collections in 0.000001 seconds (found 0 objects)
[2016.02.16-22.50.29:757][  2]LogCollectionManager: Fixed up redirectors for 0 collections in 0.000023 seconds (updated 0 objects)
[2016.02.16-22.50.53:405][ 73]LogWindowsTextInputMethodSystem:Display: IME system now deactivated.
[2016.02.16-22.50.53:478][ 73]LogRenderer: Reallocating scene render targets to support 1208x600 (Frame:12).
[2016.02.16-22.50.54:411][164]LogBlueprintUserMessages: Early PlayInEditor Detection: Level '/Game/StarterContent/Maps/Minimal_Default.Minimal_Default:PersistentLevel' has LevelScriptBlueprint '/Game/StarterContent/Maps/Minimal_Default.Minimal_Default:PersistentLevel.Minimal_Default' with GeneratedClass '/Game/StarterContent/Maps/Minimal_Default.Minimal_Default_C' with ClassGeneratedBy '/Game/StarterContent/Maps/Minimal_Default.Minimal_Default:PersistentLevel.Minimal_Default'
[2016.02.16-22.50.54:411][164]LogPlayLevel: PlayLevel: No blueprints needed recompiling
[2016.02.16-22.50.54:411][164]PIE: New page: PIE session: Minimal_Default (Feb 16, 2016, 12:50:54 PM)
[2016.02.16-22.50.54:411][164]LogPlayLevel: Creating play world package: /Game/StarterContent/Maps/UEDPIE_0_Minimal_Default
[2016.02.16-22.50.54:416][164]LogPlayLevel: PIE: StaticDuplicateObject took: (0.004998s)
[2016.02.16-22.50.54:417][164]LogAIModule: Creating AISystem for world Minimal_Default
[2016.02.16-22.50.54:417][164]LogPlayLevel: PIE: World Init took: (0.000743s)
[2016.02.16-22.50.54:417][164]LogPlayLevel: PIE: Created PIE world by copying editor world from /Game/StarterContent/Maps/Minimal_Default.Minimal_Default to /Game/StarterContent/Maps/UEDPIE_0_Minimal_Default.Minimal_Default (0.005912s)
[2016.02.16-22.50.54:435][164]LogInit: XAudio2 using 'Speakers (ASUS Xonar DGX Audio Device)' : 2 channels at 44.1 kHz using 16 bits per sample (channel mask 0x3)
[2016.02.16-22.50.54:438][164]LogInit: FAudioDevice initialized.
[2016.02.16-22.50.54:483][164]LogWorld: Game class is 'AISafariGameMode'
[2016.02.16-22.50.54:485][164]LogWorld: Bringing World /Game/StarterContent/Maps/UEDPIE_0_Minimal_Default.Minimal_Default up for play (max tick rate 0) at 2016.02.16-17.50.54
[2016.02.16-22.50.54:485][164]LogActor:Warning: GameSession /Game/StarterContent/Maps/UEDPIE_0_Minimal_Default.Minimal_Default:PersistentLevel.GameSession_0 has natively added scene component(s), but none of them were set as the actor's RootComponent - picking one arbitrarily
[2016.02.16-22.50.54:485][164]LogActor:Warning: GameNetworkManager /Game/StarterContent/Maps/UEDPIE_0_Minimal_Default.Minimal_Default:PersistentLevel.GameNetworkManager_0 has natively added scene component(s), but none of them were set as the actor's RootComponent - picking one arbitrarily
[2016.02.16-22.50.54:485][164]LogWorld: Bringing up level for play took: 0.001521
[2016.02.16-22.50.54:622][164]PIE: Info Play in editor start time for /Game/StarterContent/Maps/UEDPIE_0_Minimal_Default -0.549
[2016.02.16-22.50.54:623][164]LogBlueprintUserMessages: Late PlayInEditor Detection: Level '/Game/StarterContent/Maps/Minimal_Default.Minimal_Default:PersistentLevel' has LevelScriptBlueprint '/Game/StarterContent/Maps/Minimal_Default.Minimal_Default:PersistentLevel.Minimal_Default' with GeneratedClass '/Game/StarterContent/Maps/Minimal_Default.Minimal_Default_C' with ClassGeneratedBy '/Game/StarterContent/Maps/Minimal_Default.Minimal_Default:PersistentLevel.Minimal_Default'
[2016.02.16-22.51.06:418][472]LogBlueprintUserMessages: Early EndPlayMap Detection: Level '/Game/StarterContent/Maps/Minimal_Default.Minimal_Default:PersistentLevel' has LevelScriptBlueprint '/Game/StarterContent/Maps/Minimal_Default.Minimal_Default:PersistentLevel.Minimal_Default' with GeneratedClass '/Game/StarterContent/Maps/Minimal_Default.Minimal_Default_C' with ClassGeneratedBy '/Game/StarterContent/Maps/Minimal_Default.Minimal_Default:PersistentLevel.Minimal_Default'
[2016.02.16-22.51.06:456][472]LogBlueprintUserMessages: Late EndPlayMap Detection: Level '/Game/StarterContent/Maps/Minimal_Default.Minimal_Default:PersistentLevel' has LevelScriptBlueprint '/Game/StarterContent/Maps/Minimal_Default.Minimal_Default:PersistentLevel.Minimal_Default' with GeneratedClass '/Game/StarterContent/Maps/Minimal_Default.Minimal_Default_C' with ClassGeneratedBy '/Game/StarterContent/Maps/Minimal_Default.Minimal_Default:PersistentLevel.Minimal_Default'
[2016.02.16-22.51.06:470][472]LogParticles: Destroying 0 GPU particle simulations for FXSystem 0x000000B7BB3A0540
[2016.02.16-23.10.42:481][383]LogHotReload: New module detected: UE4Editor-AISafari-5421.dll
[2016.02.16-23.10.42:827][385]LogHotReload: Starting Hot-Reload from IDE
[2016.02.16-23.10.42:892][385]LogContentBrowser: Native class hierarchy updated for 'AISafari' in 0.0009 seconds. Added 4 classes and 3 folders.
[2016.02.16-23.10.42:893][385]Warning: HotReload successful (0 functions remapped  0 scriptstructs remapped)
[2016.02.16-23.10.42:947][385]LogContentBrowser: Native class hierarchy populated in 0.0062 seconds. Added 1872 classes and 338 folders.
[2016.02.16-23.11.07:147][457]LogHotReload: New module detected: UE4Editor-AISafari-8807.dll
[2016.02.16-23.11.07:492][459]LogHotReload: Starting Hot-Reload from IDE
[2016.02.16-23.11.07:567][459]LogContentBrowser: Native class hierarchy updated for 'AISafari' in 0.0009 seconds. Added 4 classes and 3 folders.
[2016.02.16-23.11.07:568][459]Warning: HotReload successful (0 functions remapped  0 scriptstructs remapped)
[2016.02.16-23.11.07:612][459]LogContentBrowser: Native class hierarchy populated in 0.0068 seconds. Added 1872 classes and 338 folders.
[2016.02.16-23.11.12:942][567]LogBlueprintUserMessages: Early PlayInEditor Detection: Level '/Game/StarterContent/Maps/Minimal_Default.Minimal_Default:PersistentLevel' has LevelScriptBlueprint '/Game/StarterContent/Maps/Minimal_Default.Minimal_Default:PersistentLevel.Minimal_Default' with GeneratedClass '/Game/StarterContent/Maps/Minimal_Default.Minimal_Default_C' with ClassGeneratedBy '/Game/StarterContent/Maps/Minimal_Default.Minimal_Default:PersistentLevel.Minimal_Default'
[2016.02.16-23.11.12:942][567]LogPlayLevel: PlayLevel: No blueprints needed recompiling
[2016.02.16-23.11.12:942][567]PIE: New page: PIE session: Minimal_Default (Feb 16, 2016, 1:11:12 PM)
[2016.02.16-23.11.12:942][567]LogPlayLevel: Creating play world package: /Game/StarterContent/Maps/UEDPIE_0_Minimal_Default
[2016.02.16-23.11.12:947][567]LogPlayLevel: PIE: StaticDuplicateObject took: (0.005092s)
[2016.02.16-23.11.12:948][567]LogAIModule: Creating AISystem for world Minimal_Default
[2016.02.16-23.11.12:948][567]LogPlayLevel: PIE: World Init took: (0.001046s)
[2016.02.16-23.11.12:948][567]LogPlayLevel: PIE: Created PIE world by copying editor world from /Game/StarterContent/Maps/Minimal_Default.Minimal_Default to /Game/StarterContent/Maps/UEDPIE_0_Minimal_Default.Minimal_Default (0.006288s)
[2016.02.16-23.11.12:960][567]LogInit: XAudio2 using 'Speakers (ASUS Xonar DGX Audio Device)' : 2 channels at 44.1 kHz using 16 bits per sample (channel mask 0x3)
[2016.02.16-23.11.12:963][567]LogInit: FAudioDevice initialized.
[2016.02.16-23.11.12:998][567]LogWorld: Game class is 'AISafariGameMode'
[2016.02.16-23.11.13:000][567]LogWorld: Bringing World /Game/StarterContent/Maps/UEDPIE_0_Minimal_Default.Minimal_Default up for play (max tick rate 0) at 2016.02.16-18.11.13
[2016.02.16-23.11.13:000][567]LogActor:Warning: GameSession /Game/StarterContent/Maps/UEDPIE_0_Minimal_Default.Minimal_Default:PersistentLevel.GameSession_1 has natively added scene component(s), but none of them were set as the actor's RootComponent - picking one arbitrarily
[2016.02.16-23.11.13:000][567]LogActor:Warning: GameNetworkManager /Game/StarterContent/Maps/UEDPIE_0_Minimal_Default.Minimal_Default:PersistentLevel.GameNetworkManager_1 has natively added scene component(s), but none of them were set as the actor's RootComponent - picking one arbitrarily
[2016.02.16-23.11.13:000][567]LogWorld: Bringing up level for play took: 0.001619
[2016.02.16-23.11.13:125][567]PIE: Info Play in editor start time for /Game/StarterContent/Maps/UEDPIE_0_Minimal_Default -0.046
[2016.02.16-23.11.13:125][567]LogBlueprintUserMessages: Late PlayInEditor Detection: Level '/Game/StarterContent/Maps/Minimal_Default.Minimal_Default:PersistentLevel' has LevelScriptBlueprint '/Game/StarterContent/Maps/Minimal_Default.Minimal_Default:PersistentLevel.Minimal_Default' with GeneratedClass '/Game/StarterContent/Maps/Minimal_Default.Minimal_Default_C' with ClassGeneratedBy '/Game/StarterContent/Maps/Minimal_Default.Minimal_Default:PersistentLevel.Minimal_Default'
[2016.02.16-23.11.34:432][972]LogBlueprintUserMessages: Early EndPlayMap Detection: Level '/Game/StarterContent/Maps/Minimal_Default.Minimal_Default:PersistentLevel' has LevelScriptBlueprint '/Game/StarterContent/Maps/Minimal_Default.Minimal_Default:PersistentLevel.Minimal_Default' with GeneratedClass '/Game/StarterContent/Maps/Minimal_Default.Minimal_Default_C' with ClassGeneratedBy '/Game/StarterContent/Maps/Minimal_Default.Minimal_Default:PersistentLevel.Minimal_Default'
[2016.02.16-23.11.34:469][972]LogBlueprintUserMessages: Late EndPlayMap Detection: Level '/Game/StarterContent/Maps/Minimal_Default.Minimal_Default:PersistentLevel' has LevelScriptBlueprint '/Game/StarterContent/Maps/Minimal_Default.Minimal_Default:PersistentLevel.Minimal_Default' with GeneratedClass '/Game/StarterContent/Maps/Minimal_Default.Minimal_Default_C' with ClassGeneratedBy '/Game/StarterContent/Maps/Minimal_Default.Minimal_Default:PersistentLevel.Minimal_Default'
[2016.02.16-23.11.34:483][972]LogParticles: Destroying 0 GPU particle simulations for FXSystem 0x000000B7FB0660C0
[2016.02.16-23.11.35:034][ 36]LogBlueprintUserMessages: Early PlayInEditor Detection: Level '/Game/StarterContent/Maps/Minimal_Default.Minimal_Default:PersistentLevel' has LevelScriptBlueprint '/Game/StarterContent/Maps/Minimal_Default.Minimal_Default:PersistentLevel.Minimal_Default' with GeneratedClass '/Game/StarterContent/Maps/Minimal_Default.Minimal_Default_C' with ClassGeneratedBy '/Game/StarterContent/Maps/Minimal_Default.Minimal_Default:PersistentLevel.Minimal_Default'
[2016.02.16-23.11.35:034][ 36]LogPlayLevel: PlayLevel: No blueprints needed recompiling
[2016.02.16-23.11.35:034][ 36]PIE: New page: PIE session: Minimal_Default (Feb 16, 2016, 1:11:35 PM)
[2016.02.16-23.11.35:034][ 36]LogPlayLevel: Creating play world package: /Game/StarterContent/Maps/UEDPIE_0_Minimal_Default
[2016.02.16-23.11.35:040][ 36]LogPlayLevel: PIE: StaticDuplicateObject took: (0.005138s)
[2016.02.16-23.11.35:040][ 36]LogAIModule: Creating AISystem for world Minimal_Default
[2016.02.16-23.11.35:040][ 36]LogPlayLevel: PIE: World Init took: (0.000609s)
[2016.02.16-23.11.35:040][ 36]LogPlayLevel: PIE: Created PIE world by copying editor world from /Game/StarterContent/Maps/Minimal_Default.Minimal_Default to /Game/StarterContent/Maps/UEDPIE_0_Minimal_Default.Minimal_Default (0.005886s)
[2016.02.16-23.11.35:055][ 36]LogInit: XAudio2 using 'Speakers (ASUS Xonar DGX Audio Device)' : 2 channels at 44.1 kHz using 16 bits per sample (channel mask 0x3)
[2016.02.16-23.11.35:057][ 36]LogInit: FAudioDevice initialized.
[2016.02.16-23.11.35:092][ 36]LogWorld: Game class is 'AISafariGameMode'
[2016.02.16-23.11.35:093][ 36]LogWorld: Bringing World /Game/StarterContent/Maps/UEDPIE_0_Minimal_Default.Minimal_Default up for play (max tick rate 0) at 2016.02.16-18.11.35
[2016.02.16-23.11.35:093][ 36]LogActor:Warning: GameSession /Game/StarterContent/Maps/UEDPIE_0_Minimal_Default.Minimal_Default:PersistentLevel.GameSession_2 has natively added scene component(s), but none of them were set as the actor's RootComponent - picking one arbitrarily
[2016.02.16-23.11.35:094][ 36]LogActor:Warning: GameNetworkManager /Game/StarterContent/Maps/UEDPIE_0_Minimal_Default.Minimal_Default:PersistentLevel.GameNetworkManager_2 has natively added scene component(s), but none of them were set as the actor's RootComponent - picking one arbitrarily
[2016.02.16-23.11.35:094][ 36]LogWorld: Bringing up level for play took: 0.001506
[2016.02.16-23.11.35:219][ 36]PIE: Info Play in editor start time for /Game/StarterContent/Maps/UEDPIE_0_Minimal_Default 0.047
[2016.02.16-23.11.35:219][ 36]LogBlueprintUserMessages: Late PlayInEditor Detection: Level '/Game/StarterContent/Maps/Minimal_Default.Minimal_Default:PersistentLevel' has LevelScriptBlueprint '/Game/StarterContent/Maps/Minimal_Default.Minimal_Default:PersistentLevel.Minimal_Default' with GeneratedClass '/Game/StarterContent/Maps/Minimal_Default.Minimal_Default_C' with ClassGeneratedBy '/Game/StarterContent/Maps/Minimal_Default.Minimal_Default:PersistentLevel.Minimal_Default'
[2016.02.16-23.12.18:298][625]LogBlueprintUserMessages: Early EndPlayMap Detection: Level '/Game/StarterContent/Maps/Minimal_Default.Minimal_Default:PersistentLevel' has LevelScriptBlueprint '/Game/StarterContent/Maps/Minimal_Default.Minimal_Default:PersistentLevel.Minimal_Default' with GeneratedClass '/Game/StarterContent/Maps/Minimal_Default.Minimal_Default_C' with ClassGeneratedBy '/Game/StarterContent/Maps/Minimal_Default.Minimal_Default:PersistentLevel.Minimal_Default'
[2016.02.16-23.12.18:329][625]LogBlueprintUserMessages: Late EndPlayMap Detection: Level '/Game/StarterContent/Maps/Minimal_Default.Minimal_Default:PersistentLevel' has LevelScriptBlueprint '/Game/StarterContent/Maps/Minimal_Default.Minimal_Default:PersistentLevel.Minimal_Default' with GeneratedClass '/Game/StarterContent/Maps/Minimal_Default.Minimal_Default_C' with ClassGeneratedBy '/Game/StarterContent/Maps/Minimal_Default.Minimal_Default:PersistentLevel.Minimal_Default'
[2016.02.16-23.12.18:350][625]LogParticles: Destroying 0 GPU particle simulations for FXSystem 0x000000B801FAC2C0
[2016.02.16-23.12.28:907][ 69]LogEditorViewport: Clicking on Actor (LMB): BP_Sky_Sphere_C (BP_Sky_Sphere)
[2016.02.16-23.12.30:469][199]LogWindowsTextInputMethodSystem:Display: IME system now deactivated.
[2016.02.16-23.12.30:694][200]Cmd: QUIT_EDITOR
[2016.02.16-23.12.31:299][200]LogExit: Preparing to exit.
[2016.02.16-23.12.31:548][200]LogExit: Editor shut down
[2016.02.16-23.12.31:548][200]LogExit: Transaction tracking system shut down
[2016.02.16-23.12.31:555][200]LogParticles: Destroying 0 GPU particle simulations for FXSystem 0x000000B7CE1EF880
[2016.02.16-23.12.31:555][200]LogParticles: Destroying 0 GPU particle simulations for FXSystem 0x000000B7DAECF880
[2016.02.16-23.12.31:555][200]LogParticles: Destroying 0 GPU particle simulations for FXSystem 0x000000B7CB233240
[2016.02.16-23.12.31:689][200]LogExit: Object subsystem successfully closed.
[2016.02.16-23.12.31:715][200]LogD3D11RHI: Shutdown
[2016.02.16-23.12.31:715][200]LogD3D11RHI: CleanupD3DDevice
[2016.02.16-23.12.31:789][200]LogD3D11RHI: ~FD3D11DynamicRHI
[2016.02.16-23.12.31:813][200]LogModuleManager: Shutting down and abandoning module CrashTracker (198)
[2016.02.16-23.12.31:813][200]LogModuleManager: Shutting down and abandoning module SceneOutliner (197)
[2016.02.16-23.12.31:813][200]LogModuleManager: Shutting down and abandoning module SuperSearch (196)
[2016.02.16-23.12.31:813][200]LogModuleManager: Shutting down and abandoning module WidgetCarousel (195)
[2016.02.16-23.12.31:813][200]LogModuleManager: Shutting down and abandoning module AddContentDialog (194)
[2016.02.16-23.12.31:818][200]LogModuleManager: Shutting down and abandoning module EditorWidgets (193)
[2016.02.16-23.12.31:818][200]LogModuleManager: Shutting down and abandoning module CollectionManager (192)
[2016.02.16-23.12.31:818][200]LogModuleManager: Shutting down and abandoning module StatsViewer (191)
[2016.02.16-23.12.31:819][200]LogModuleManager: Shutting down and abandoning module FoliageEdit (190)
[2016.02.16-23.12.31:819][200]LogModuleManager: Shutting down and abandoning module LandscapeEditor (189)
[2016.02.16-23.12.31:820][200]LogModuleManager: Shutting down and abandoning module ActorPickerMode (188)
[2016.02.16-23.12.31:820][200]LogModuleManager: Shutting down and abandoning module GeometryMode (187)
[2016.02.16-23.12.31:820][200]LogModuleManager: Shutting down and abandoning module TextureAlignMode (186)
[2016.02.16-23.12.31:820][200]LogModuleManager: Shutting down and abandoning module BspMode (185)
[2016.02.16-23.12.31:820][200]LogModuleManager: Shutting down and abandoning module PlacementMode (184)
[2016.02.16-23.12.31:820][200]LogModuleManager: Shutting down and abandoning module AutomationWorker (183)
[2016.02.16-23.12.31:820][200]LogModuleManager: Shutting down and abandoning module CharacterAI (182)
[2016.02.16-23.12.31:820][200]LogModuleManager: Shutting down and abandoning module SmartSnapping (181)
[2016.02.16-23.12.31:820][200]LogModuleManager: Shutting down and abandoning module ViewportSnapping (180)
[2016.02.16-23.12.31:820][200]LogModuleManager: Shutting down and abandoning module LogVisualizer (179)
[2016.02.16-23.12.31:821][200]LogModuleManager: Shutting down and abandoning module GameProjectGeneration (178)
[2016.02.16-23.12.31:821][200]LogModuleManager: Shutting down and abandoning module IntroTutorials (177)
[2016.02.16-23.12.31:822][200]LogModuleManager: Shutting down and abandoning module EditorLiveStreaming (176)
[2016.02.16-23.12.31:822][200]LogModuleManager: Shutting down and abandoning module IOSPlatformEditor (175)
[2016.02.16-23.12.31:822][200]LogModuleManager: Shutting down and abandoning module HTML5PlatformEditor (174)
[2016.02.16-23.12.31:822][200]LogModuleManager: Shutting down and abandoning module AndroidDeviceDetection (173)
[2016.02.16-23.12.32:362][200]LogModuleManager: Shutting down and abandoning module AndroidPlatformEditor (172)
[2016.02.16-23.12.32:362][200]LogModuleManager: Shutting down and abandoning module IOSRuntimeSettings (171)
[2016.02.16-23.12.32:362][200]LogModuleManager: Shutting down and abandoning module AndroidRuntimeSettings (170)
[2016.02.16-23.12.32:362][200]LogModuleManager: Shutting down and abandoning module MergeActors (169)
[2016.02.16-23.12.32:363][200]LogModuleManager: Shutting down and abandoning module SizeMap (168)
[2016.02.16-23.12.32:363][200]LogModuleManager: Shutting down and abandoning module TreeMap (167)
[2016.02.16-23.12.32:363][200]LogModuleManager: Shutting down and abandoning module ReferenceViewer (166)
[2016.02.16-23.12.32:363][200]LogModuleManager: Shutting down and abandoning module LocalizationService (165)
[2016.02.16-23.12.32:363][200]LogModuleManager: Shutting down and abandoning module LocalizationDashboard (164)
[2016.02.16-23.12.32:364][200]LogModuleManager: Shutting down and abandoning module HardwareTargeting (163)
[2016.02.16-23.12.32:364][200]LogModuleManager: Shutting down and abandoning module DeviceProfileEditor (162)
[2016.02.16-23.12.32:364][200]LogModuleManager: Shutting down and abandoning module UndoHistory (161)
[2016.02.16-23.12.32:364][200]LogModuleManager: Shutting down and abandoning module GameplayTagsEditor (160)
[2016.02.16-23.12.32:364][200]LogModuleManager: Shutting down and abandoning module UserFeedback (159)
[2016.02.16-23.12.32:364][200]LogModuleManager: Shutting down and abandoning module XmlParser (158)
[2016.02.16-23.12.32:364][200]LogModuleManager: Shutting down and abandoning module Blutility (157)
[2016.02.16-23.12.32:364][200]LogModuleManager: Shutting down and abandoning module ProjectTargetPlatformEditor (156)
[2016.02.16-23.12.32:364][200]LogModuleManager: Shutting down and abandoning module ProjectSettingsViewer (155)
[2016.02.16-23.12.32:364][200]LogModuleManager: Shutting down and abandoning module InputBindingEditor (154)
[2016.02.16-23.12.32:365][200]LogModuleManager: Shutting down and abandoning module EditorSettingsViewer (153)
[2016.02.16-23.12.32:365][200]LogModuleManager: Shutting down and abandoning module SettingsEditor (152)
[2016.02.16-23.12.32:365][200]LogModuleManager: Shutting down and abandoning module ProjectLauncher (151)
[2016.02.16-23.12.32:366][200]LogModuleManager: Shutting down and abandoning module SessionFrontend (150)
[2016.02.16-23.12.32:366][200]LogModuleManager: Shutting down and abandoning module ProfilerClient (149)
[2016.02.16-23.12.32:366][200]LogModuleManager: Shutting down and abandoning module TargetDeviceServices (148)
[2016.02.16-23.12.32:366][200]LogModuleManager: Shutting down and abandoning module DeviceManager (147)
[2016.02.16-23.12.32:367][200]LogModuleManager: Shutting down and abandoning module AutomationController (146)
[2016.02.16-23.12.32:367][200]LogModuleManager: Shutting down and abandoning module AutomationWindow (145)
[2016.02.16-23.12.32:367][200]LogModuleManager: Shutting down and abandoning module Layers (144)
[2016.02.16-23.12.32:368][200]LogModuleManager: Shutting down and abandoning module ComponentVisualizers (143)
[2016.02.16-23.12.32:368][200]LogModuleManager: Shutting down and abandoning module DetailCustomizations (142)
[2016.02.16-23.12.32:369][200]LogModuleManager: Shutting down and abandoning module PackagesDialog (141)
[2016.02.16-23.12.32:369][200]LogModuleManager: Shutting down and abandoning module Persona (140)
[2016.02.16-23.12.32:370][200]LogModuleManager: Shutting down and abandoning module Kismet (139)
[2016.02.16-23.12.32:370][200]LogModuleManager: Shutting down and abandoning module GraphEditor (138)
[2016.02.16-23.12.32:371][200]LogModuleManager: Shutting down and abandoning module ClassViewer (137)
[2016.02.16-23.12.32:371][200]LogModuleManager: Shutting down and abandoning module Toolbox (136)
[2016.02.16-23.12.32:372][200]LogModuleManager: Shutting down and abandoning module ModuleUI (135)
[2016.02.16-23.12.32:372][200]LogModuleManager: Shutting down and abandoning module MovieSceneTools (134)
[2016.02.16-23.12.32:372][200]LogModuleManager: Shutting down and abandoning module OutputLog (133)
[2016.02.16-23.12.32:372][200]LogModuleManager: Shutting down and abandoning module GammaUI (132)
[2016.02.16-23.12.32:372][200]LogModuleManager: Shutting down and abandoning module Documentation (131)
[2016.02.16-23.12.32:372][200]LogModuleManager: Shutting down and abandoning module GameLiveStreaming (130)
[2016.02.16-23.12.32:372][200]LogModuleManager: Shutting down and abandoning module StreamingPauseRendering (129)
[2016.02.16-23.12.32:372][200]LogModuleManager: Shutting down and abandoning module AnalyticsET (128)
[2016.02.16-23.12.32:372][200]LogModuleManager: Shutting down and abandoning module Analytics (127)
[2016.02.16-23.12.32:372][200]LogModuleManager: Shutting down and abandoning module AITestSuite (126)
[2016.02.16-23.12.32:373][200]LogModuleManager: Shutting down and abandoning module GameplayDebugger (125)
[2016.02.16-23.12.32:373][200]LogModuleManager: Shutting down and abandoning module AIModule (124)
[2016.02.16-23.12.32:373][200]LogModuleManager: Shutting down and abandoning module ProfilerService (123)
[2016.02.16-23.12.32:518][200]LogModuleManager: Shutting down and abandoning module TaskGraph (122)
[2016.02.16-23.12.32:519][200]LogModuleManager: Shutting down and abandoning module SlateRemote (121)
[2016.02.16-23.12.32:519][200]LogModuleManager: Shutting down and abandoning module SteamVRController (120)
[2016.02.16-23.12.32:519][200]LogModuleManager: Shutting down and abandoning module SteamVR (119)
[2016.02.16-23.12.32:519][200]LogModuleManager: Shutting down and abandoning module ProceduralMeshComponent (118)
[2016.02.16-23.12.32:519][200]LogModuleManager: Shutting down and abandoning module OculusRift (117)
[2016.02.16-23.12.32:519][200]LogModuleManager: Shutting down and abandoning module OculusLibrary (116)
[2016.02.16-23.12.32:519][200]LogModuleManager: Shutting down and abandoning module LeapMotionController (115)
[2016.02.16-23.12.32:533][200]LogModuleManager: Shutting down and abandoning module CustomMeshComponent (114)
[2016.02.16-23.12.32:534][200]LogModuleManager: Shutting down and abandoning module CableComponent (113)
[2016.02.16-23.12.32:534][200]LogModuleManager: Shutting down and abandoning module ArchVisCharacter (112)
[2016.02.16-23.12.32:534][200]LogModuleManager: Shutting down and abandoning module MessagingDebugger (111)
[2016.02.16-23.12.32:535][200]LogModuleManager: Shutting down and abandoning module MediaPlayerEditor (110)
[2016.02.16-23.12.32:535][200]LogModuleManager: Shutting down and abandoning module HTML5Networking (109)
[2016.02.16-23.12.32:535][200]LogModuleManager: Shutting down and abandoning module SpeedTreeImporter (108)
[2016.02.16-23.12.32:535][200]LogModuleManager: Shutting down and abandoning module PluginBrowser (107)
[2016.02.16-23.12.32:536][200]LogModuleManager: Shutting down and abandoning module EpicSurvey (106)
[2016.02.16-23.12.32:536][200]LogModuleManager: Shutting down and abandoning module DesktopPlatform (105)
[2016.02.16-23.12.32:536][200]LogModuleManager: Shutting down and abandoning module VisualStudioSourceCodeAccess (104)
[2016.02.16-23.12.32:536][200]LogModuleManager: Shutting down and abandoning module UObjectPlugin (103)
[2016.02.16-23.12.32:536][200]LogModuleManager: Shutting down and abandoning module SubversionSourceControl (102)
[2016.02.16-23.12.32:537][200]LogModuleManager: Shutting down and abandoning module PerforceSourceControl (101)
[2016.02.16-23.12.32:537][200]LogModuleManager: Shutting down and abandoning module SourceControl (100)
[2016.02.16-23.12.32:538][200]LogModuleManager: Shutting down and abandoning module GitSourceControl (99)
[2016.02.16-23.12.32:538][200]LogModuleManager: Shutting down and abandoning module LightPropagationVolumeEditor (98)
[2016.02.16-23.12.32:538][200]LogModuleManager: Shutting down and abandoning module PaperTiledImporter (97)
[2016.02.16-23.12.32:538][200]LogModuleManager: Shutting down and abandoning module PaperSpriteSheetImporter (96)
[2016.02.16-23.12.32:538][200]LogModuleManager: Shutting down and abandoning module MeshPaint (95)
[2016.02.16-23.12.32:538][200]LogModuleManager: Shutting down and abandoning module SlateReflector (94)
[2016.02.16-23.12.32:539][200]LogModuleManager: Shutting down and abandoning module HotReload (93)
[2016.02.16-23.12.32:539][200]LogModuleManager: Shutting down and abandoning module MainFrame (92)
[2016.02.16-23.12.32:539][200]LogModuleManager: Shutting down and abandoning module LevelEditor (91)
[2016.02.16-23.12.32:540][200]LogModuleManager: Shutting down and abandoning module DirectoryWatcher (90)
[2016.02.16-23.12.32:543][200]LogModuleManager: Shutting down and abandoning module AssetRegistry (89)
[2016.02.16-23.12.32:597][200]LogModuleManager: Shutting down and abandoning module ContentBrowser (88)
[2016.02.16-23.12.32:598][200]LogModuleManager: Shutting down and abandoning module Paper2DEditor (87)
[2016.02.16-23.12.32:599][200]LogModuleManager: Shutting down and abandoning module AISafari (86)
[2016.02.16-23.12.32:599][200]LogModuleManager: Shutting down and abandoning module UdpMessaging (85)
[2016.02.16-23.12.32:700][200]LogModuleManager: Shutting down and abandoning module LightPropagationVolumeRuntime (84)
[2016.02.16-23.12.32:700][200]LogModuleManager: Shutting down and abandoning module Paper2D (83)
[2016.02.16-23.12.32:700][200]LogModuleManager: Shutting down and abandoning module WindowsMoviePlayer (82)
[2016.02.16-23.12.32:702][200]LogModuleManager: Shutting down and abandoning module Media (81)
[2016.02.16-23.12.32:702][200]LogModuleManager: Shutting down and abandoning module WmfMedia (80)
[2016.02.16-23.12.32:702][200]LogModuleManager: Shutting down and abandoning module OnlineBlueprintSupport (79)
[2016.02.16-23.12.32:702][200]LogModuleManager: Shutting down and abandoning module GameplayTasksEditor (78)
[2016.02.16-23.12.32:702][200]LogModuleManager: Shutting down and abandoning module PropertyEditor (77)
[2016.02.16-23.12.32:702][200]LogModuleManager: Shutting down and abandoning module BehaviorTreeEditor (76)
[2016.02.16-23.12.32:703][200]LogModuleManager: Shutting down and abandoning module FunctionalTesting (75)
[2016.02.16-23.12.32:703][200]LogModuleManager: Shutting down and abandoning module CollisionAnalyzer (74)
[2016.02.16-23.12.32:704][200]LogModuleManager: Shutting down and abandoning module WorkspaceMenuStructure (73)
[2016.02.16-23.12.32:704][200]LogModuleManager: Shutting down and abandoning module MessageLog (72)
[2016.02.16-23.12.32:704][200]LogModuleManager: Shutting down and abandoning module Sequencer (71)
[2016.02.16-23.12.32:704][200]LogModuleManager: Shutting down and abandoning module AssetTools (70)
[2016.02.16-23.12.32:706][200]LogModuleManager: Shutting down and abandoning module UMGEditor (69)
[2016.02.16-23.12.32:706][200]LogModuleManager: Shutting down and abandoning module UMG (68)
[2016.02.16-23.12.32:706][200]LogModuleManager: Shutting down and abandoning module Slate (67)
[2016.02.16-23.12.32:707][200]LogModuleManager: Shutting down and abandoning module EditorStyle (66)
[2016.02.16-23.12.32:708][200]LogModuleManager: Shutting down and abandoning module SessionServices (65)
[2016.02.16-23.12.32:708][200]LogModuleManager: Shutting down and abandoning module SourceCodeAccess (64)
[2016.02.16-23.12.32:708][200]LogModuleManager: Shutting down and abandoning module HeadMountedDisplay (63)
[2016.02.16-23.12.32:708][200]LogModuleManager: Shutting down and abandoning module XAudio2 (62)
[2016.02.16-23.12.32:708][200]LogModuleManager: Shutting down and abandoning module Networking (60)
[2016.02.16-23.12.32:708][200]LogModuleManager: Shutting down and abandoning module Core (59)
[2016.02.16-23.12.32:708][200]LogModuleManager: Shutting down and abandoning module KismetCompiler (58)
[2016.02.16-23.12.32:708][200]LogModuleManager: Shutting down and abandoning module PhysXFormats (57)
[2016.02.16-23.12.32:709][200]LogModuleManager: Shutting down and abandoning module MeshUtilities (56)
[2016.02.16-23.12.32:709][200]LogModuleManager: Shutting down and abandoning module CookingStats (55)
[2016.02.16-23.12.32:709][200]LogModuleManager: Shutting down and abandoning module DerivedDataCache (54)
[2016.02.16-23.12.32:718][200]LogDerivedDataCache: Shutdown
[2016.02.16-23.12.32:718][200]LogModuleManager: Shutting down and abandoning module ShaderFormatOpenGL (53)
[2016.02.16-23.12.32:718][200]LogModuleManager: Shutting down and abandoning module ShaderFormatD3D (52)
[2016.02.16-23.12.32:718][200]LogModuleManager: Shutting down and abandoning module MetalShaderFormat (51)
[2016.02.16-23.12.32:718][200]LogModuleManager: Shutting down and abandoning module TextureFormatUncompressed (50)
[2016.02.16-23.12.32:718][200]LogModuleManager: Shutting down and abandoning module TextureFormatPVR (49)
[2016.02.16-23.12.32:718][200]LogModuleManager: Shutting down and abandoning module TextureFormatIntelISPCTexComp (48)
[2016.02.16-23.12.32:719][200]LogModuleManager: Shutting down and abandoning module TextureFormatDXT (47)
[2016.02.16-23.12.32:719][200]LogModuleManager: Shutting down and abandoning module ImageWrapper (46)
[2016.02.16-23.12.32:719][200]LogModuleManager: Shutting down and abandoning module TextureFormatASTC (45)
[2016.02.16-23.12.32:719][200]LogModuleManager: Shutting down and abandoning module TextureFormatAndroid (44)
[2016.02.16-23.12.32:719][200]LogModuleManager: Shutting down and abandoning module AudioFormatOpus (43)
[2016.02.16-23.12.32:719][200]LogModuleManager: Shutting down and abandoning module AudioFormatOgg (42)
[2016.02.16-23.12.32:719][200]LogModuleManager: Shutting down and abandoning module AudioFormatADPCM (41)
[2016.02.16-23.12.32:720][200]LogModuleManager: Shutting down and abandoning module LinuxTargetPlatform (40)
[2016.02.16-23.12.32:720][200]LogModuleManager: Shutting down and abandoning module LinuxServerTargetPlatform (39)
[2016.02.16-23.12.32:720][200]LogModuleManager: Shutting down and abandoning module LinuxNoEditorTargetPlatform (38)
[2016.02.16-23.12.32:720][200]LogModuleManager: Shutting down and abandoning module Messaging (37)
[2016.02.16-23.12.32:720][200]LogModuleManager: Shutting down and abandoning module IOSTargetPlatform (36)
[2016.02.16-23.12.32:720][200]LogModuleManager: Shutting down and abandoning module HTML5TargetPlatform (35)
[2016.02.16-23.12.32:720][200]LogModuleManager: Shutting down and abandoning module Android_PVRTCTargetPlatform (34)
[2016.02.16-23.12.32:720][200]LogModuleManager: Shutting down and abandoning module Android_ETC2TargetPlatform (33)
[2016.02.16-23.12.32:720][200]LogModuleManager: Shutting down and abandoning module Android_ETC1TargetPlatform (32)
[2016.02.16-23.12.32:721][200]LogModuleManager: Shutting down and abandoning module Android_DXTTargetPlatform (31)
[2016.02.16-23.12.32:721][200]LogModuleManager: Shutting down and abandoning module Android_ATCTargetPlatform (30)
[2016.02.16-23.12.32:721][200]LogModuleManager: Shutting down and abandoning module Android_ASTCTargetPlatform (29)
[2016.02.16-23.12.32:721][200]LogModuleManager: Shutting down and abandoning module AndroidTargetPlatform (28)
[2016.02.16-23.12.32:721][200]LogModuleManager: Shutting down and abandoning module WindowsTargetPlatform (27)
[2016.02.16-23.12.32:721][200]LogModuleManager: Shutting down and abandoning module WindowsServerTargetPlatform (26)
[2016.02.16-23.12.32:722][200]LogModuleManager: Shutting down and abandoning module WindowsNoEditorTargetPlatform (25)
[2016.02.16-23.12.32:722][200]LogModuleManager: Shutting down and abandoning module WindowsClientTargetPlatform (24)
[2016.02.16-23.12.32:722][200]LogModuleManager: Shutting down and abandoning module AllDesktopTargetPlatform (23)
[2016.02.16-23.12.32:722][200]LogModuleManager: Shutting down and abandoning module TargetPlatform (22)
[2016.02.16-23.12.32:722][200]LogModuleManager: Shutting down and abandoning module InputCore (21)
[2016.02.16-23.12.32:722][200]LogModuleManager: Shutting down and abandoning module Settings (20)
[2016.02.16-23.12.32:722][200]LogModuleManager: Shutting down and abandoning module OnlineSubsystem (18)
[2016.02.16-23.12.32:722][200]LogModuleManager: Shutting down and abandoning module HTTP (17)
[2016.02.16-23.12.34:726][200]LogModuleManager: Shutting down and abandoning module XMPP (16)
[2016.02.16-23.12.34:727][200]LogModuleManager: Shutting down and abandoning module ExampleDeviceProfileSelector (15)
[2016.02.16-23.12.34:727][200]LogModuleManager: Shutting down and abandoning module TextureCompressor (14)
[2016.02.16-23.12.34:727][200]LogModuleManager: Shutting down and abandoning module ShaderCore (13)
[2016.02.16-23.12.34:727][200]LogModuleManager: Shutting down and abandoning module Landscape (12)
[2016.02.16-23.12.34:727][200]LogModuleManager: Shutting down and abandoning module SlateRHIRenderer (11)
[2016.02.16-23.12.34:728][200]LogModuleManager: Shutting down and abandoning module OpenGLDrv (10)
[2016.02.16-23.12.34:728][200]LogModuleManager: Shutting down and abandoning module D3D11RHI (9)
[2016.02.16-23.12.34:728][200]LogModuleManager: Shutting down and abandoning module AnimGraphRuntime (8)
[2016.02.16-23.12.34:729][200]LogModuleManager: Shutting down and abandoning module Renderer (7)
[2016.02.16-23.12.34:729][200]LogModuleManager: Shutting down and abandoning module Engine (6)
[2016.02.16-23.12.34:729][200]LogModuleManager: Shutting down and abandoning module CoreUObject (5)
[2016.02.16-23.12.34:729][200]LogModuleManager: Shutting down and abandoning module NetworkFile (4)
[2016.02.16-23.12.34:729][200]LogModuleManager: Shutting down and abandoning module StreamingFile (3)
[2016.02.16-23.12.34:729][200]LogModuleManager: Shutting down and abandoning module SandboxFile (2)
[2016.02.16-23.12.34:729][200]LogModuleManager: Shutting down and abandoning module PakFile (1)
[2016.02.16-23.12.34:730][200]LogExit: Exiting.
[2016.02.16-23.12.34:733][200]Log file closed, 02/16/16 18:12:34
