[2016.02.17-01.59.18:870][  0]Log file open, 02/16/16 20:59:18
[2016.02.17-01.59.18:870][  0]LogInit:Display: Running engine for game: AISafari
[2016.02.17-01.59.18:870][  0]LogPlatformFile: Not using cached read wrapper
[2016.02.17-01.59.18:870][  0]LogInit:Display: RandInit(-257381170) SRandInit(-257381170).
[2016.02.17-01.59.18:870][  0]LogTaskGraph: Started task graph with 4 named threads and 7 total threads.
[2016.02.17-01.59.18:870][  0]LogStats: Stats thread started at 0.219120
[2016.02.17-01.59.18:870][  0]LogInit: Version: 4.10.2-2818068+++depot+UE4-Releases+4.10
[2016.02.17-01.59.18:871][  0]LogInit: API Version: 2758231
[2016.02.17-01.59.18:871][  0]LogInit: Compiled (64-bit): Jan  6 2016 17:36:42
[2016.02.17-01.59.18:871][  0]LogInit: Compiled with Visual C++: 19.00.23026.00
[2016.02.17-01.59.18:871][  0]LogInit: Build Configuration: Development
[2016.02.17-01.59.18:871][  0]LogInit: Branch Name: ++depot+UE4-Releases+4.10
[2016.02.17-01.59.18:871][  0]LogInit: Command line:  
[2016.02.17-01.59.18:871][  0]LogInit: Base directory: C:/Program Files (x86)/Epic Games/4.10/Engine/Binaries/Win64/
[2016.02.17-01.59.18:871][  0]LogInit: Rocket: 1
[2016.02.17-01.59.18:881][  0]LogInit: Using libcurl 7.41.0
[2016.02.17-01.59.18:881][  0]LogInit:  - built for x86_64-pc-win32
[2016.02.17-01.59.18:881][  0]LogInit:  - supports SSL with WinSSL
[2016.02.17-01.59.18:881][  0]LogInit:  - other features:
[2016.02.17-01.59.18:881][  0]LogInit:      CURL_VERSION_SSL
[2016.02.17-01.59.18:881][  0]LogInit:      CURL_VERSION_IPV6
[2016.02.17-01.59.18:881][  0]LogInit:      CURL_VERSION_ASYNCHDNS
[2016.02.17-01.59.18:881][  0]LogInit:      CURL_VERSION_LARGEFILE
[2016.02.17-01.59.18:881][  0]LogInit:      CURL_VERSION_IDN
[2016.02.17-01.59.18:881][  0]LogInit:  CurlRequestOptions (configurable via config and command line):
[2016.02.17-01.59.18:881][  0]LogInit:  - bVerifyPeer = true  - Libcurl will verify peer certificate
[2016.02.17-01.59.18:881][  0]LogInit:  - bUseHttpProxy = false  - Libcurl will NOT use HTTP proxy
[2016.02.17-01.59.18:881][  0]LogInit:  - bDontReuseConnections = false  - Libcurl will reuse connections
[2016.02.17-01.59.18:881][  0]LogInit:  - CertBundlePath = nullptr  - Libcurl will use whatever was configured at build time.
[2016.02.17-01.59.18:885][  0]LogInit: Presizing for 0 objects not considered by GC, pre-allocating 0 bytes.
[2016.02.17-01.59.18:889][  0]LogInit: Object subsystem initialized
[2016.02.17-01.59.18:889][  0]LogInit: Selected Device Profile: [Windows]
[2016.02.17-01.59.18:889][  0]LogInit: Applying CVar settings loaded from the selected device profile: [Windows]
[2016.02.17-01.59.18:898][  0]LogInit: Computer: ZEBRADESKTOP
[2016.02.17-01.59.18:898][  0]LogInit: User: Ryan
[2016.02.17-01.59.18:898][  0]LogInit: CPU Page size=4096, Cores=4
[2016.02.17-01.59.18:898][  0]LogInit: High frequency timer resolution =3.984658 MHz
[2016.02.17-01.59.18:898][  0]LogMemory: Memory total: Physical=15.9GB (16GB approx)
[2016.02.17-01.59.18:898][  0]LogMemory: Platform Memory Stats for Windows
[2016.02.17-01.59.18:898][  0]LogMemory: Process Physical Memory: 56.09 MB used, 56.09 MB peak
[2016.02.17-01.59.18:898][  0]LogMemory: Process Virtual Memory: 58.82 MB used, 58.82 MB peak
[2016.02.17-01.59.18:898][  0]LogMemory: Physical Memory: 8444.57 MB used, 16325.73 MB total
[2016.02.17-01.59.18:898][  0]LogMemory: Virtual Memory: 380.90 MB used, 134217728.00 MB total
[2016.02.17-01.59.18:924][  0]LogTextLocalizationManager: No specific translations for ('en-US') exist, so ('en') translations will be used.
[2016.02.17-01.59.19:267][  0]LogD3D11RHI: Found D3D11 adapter 0: NVIDIA GeForce GTX 780 (Feature Level 11_0)
[2016.02.17-01.59.19:267][  0]LogD3D11RHI: Adapter has 5971MB of dedicated video memory, 0MB of dedicated system memory, and 8162MB of shared system memory, 3 output[s]
[2016.02.17-01.59.19:268][  0]LogD3D11RHI: Found D3D11 adapter 1: Microsoft Basic Render Driver (Feature Level 11_0)
[2016.02.17-01.59.19:268][  0]LogD3D11RHI: Adapter has 0MB of dedicated video memory, 0MB of dedicated system memory, and 8162MB of shared system memory, 0 output[s]
[2016.02.17-01.59.19:268][  0]LogD3D11RHI: Chosen D3D11 Adapter Id = 0
[2016.02.17-01.59.19:272][  0]LogD3D11RHI: !Direct3DDevice
[2016.02.17-01.59.19:272][  0]LogRHI: Texture pool is 1361 MB (70% of 1945 MB)
[2016.02.17-01.59.19:286][  0]LogD3D11RHI: Async texture creation enabled
[2016.02.17-01.59.19:303][  0]LogShaderCompilers: Guid format shader working directory is 18 characters bigger than the processId version (Q:/Classes/3-2/AI/AISafari/Intermediate/Shaders/WorkingDirectory/14008/).
[2016.02.17-01.59.19:303][  0]LogShaderCompilers: Cleaned the shader compiler working directory 'C:/Users/Ryan/AppData/Local/Temp/UnrealShaderWorkingDir/134DF3A7418FE464D4EDA8AB8DF84D63/'.
[2016.02.17-01.59.19:303][  0]LogShaderCompilers:Display: Using Local Shader Compiler.
[2016.02.17-01.59.19:840][  0]LogTemp:Display: Loaded TP AllDesktopTargetPlatform
[2016.02.17-01.59.19:844][  0]LogTemp:Display: Loaded TP WindowsClientTargetPlatform
[2016.02.17-01.59.19:847][  0]LogTemp:Display: Loaded TP WindowsNoEditorTargetPlatform
[2016.02.17-01.59.19:849][  0]LogTemp:Display: Loaded TP WindowsServerTargetPlatform
[2016.02.17-01.59.19:852][  0]LogTemp:Display: Loaded TP WindowsTargetPlatform
[2016.02.17-01.59.19:853][  0]LogTemp:Display: Loaded TP AndroidTargetPlatform
[2016.02.17-01.59.19:855][  0]LogTemp:Display: Loaded TP Android_ASTCTargetPlatform
[2016.02.17-01.59.19:857][  0]LogTemp:Display: Loaded TP Android_ATCTargetPlatform
[2016.02.17-01.59.19:858][  0]LogTemp:Display: Loaded TP Android_DXTTargetPlatform
[2016.02.17-01.59.19:860][  0]LogTemp:Display: Loaded TP Android_ETC1TargetPlatform
[2016.02.17-01.59.19:862][  0]LogTemp:Display: Loaded TP Android_ETC2TargetPlatform
[2016.02.17-01.59.19:866][  0]LogTemp:Display: Loaded TP Android_MultiTargetPlatform
[2016.02.17-01.59.19:866][  0]LogTemp:Display: Loaded TP Android_PVRTCTargetPlatform
[2016.02.17-01.59.19:867][  0]LogTemp:Display: Loaded TP HTML5TargetPlatform
[2016.02.17-01.59.19:881][  0]LogTemp:Display: Loaded TP IOSTargetPlatform
[2016.02.17-01.59.19:883][  0]LogTemp:Display: Loaded TP LinuxNoEditorTargetPlatform
[2016.02.17-01.59.19:884][  0]LogTemp:Display: Loaded TP LinuxServerTargetPlatform
[2016.02.17-01.59.19:886][  0]LogTemp:Display: Loaded TP LinuxTargetPlatform
[2016.02.17-01.59.19:886][  0]LogTargetPlatformManager:Display: Building Assets For Windows
[2016.02.17-01.59.19:930][  0]LogDerivedDataCache:Display: Max Cache Size: 512 MB
[2016.02.17-01.59.19:964][  0]LogDerivedDataCache: Loaded boot cache 0.03s 41MB C:/Users/Ryan/AppData/Local/UnrealEngine/4.10/DerivedDataCache/Boot.ddc.
[2016.02.17-01.59.19:964][  0]LogDerivedDataCache:Display: Loaded Boot cache: C:/Users/Ryan/AppData/Local/UnrealEngine/4.10/DerivedDataCache/Boot.ddc
[2016.02.17-01.59.19:964][  0]LogDerivedDataCache: FDerivedDataBackendGraph:  Pak pak cache file Q:/Classes/3-2/AI/AISafari/DerivedDataCache/DDC.ddp not found, will not use a pak cache.
[2016.02.17-01.59.19:964][  0]LogDerivedDataCache: Unable to find inner node Pak for hierarchical cache Hierarchy.
[2016.02.17-01.59.19:964][  0]LogDerivedDataCache: FDerivedDataBackendGraph:  CompressedPak pak cache file Q:/Classes/3-2/AI/AISafari/DerivedDataCache/Compressed.ddp not found, will not use a pak cache.
[2016.02.17-01.59.19:964][  0]LogDerivedDataCache: Unable to find inner node CompressedPak for hierarchical cache Hierarchy.
[2016.02.17-01.59.20:002][  0]LogDerivedDataCache:Display: Pak cache opened for reading ../../../Engine/DerivedDataCache/Compressed.ddp.
[2016.02.17-01.59.20:014][  0]LogDerivedDataCache: Using Local data cache path C:/Users/Ryan/AppData/Local/UnrealEngine/Common/DerivedDataCache: Writable
[2016.02.17-01.59.20:039][  0]LogModuleManager:Warning: Found module file Q:/Classes/3-2/AI/AISafari/Binaries/Win64/UE4Editor-AISafari-1071.dll (API version 2672455), but it was incompatible with the current engine API version (2758231). This is likely a stale module that must be recompiled.
[2016.02.17-01.59.20:039][  0]LogModuleManager:Warning: Found module file Q:/Classes/3-2/AI/AISafari/Binaries/Win64/UE4Editor-AISafari-1489.dll (API version 2672455), but it was incompatible with the current engine API version (2758231). This is likely a stale module that must be recompiled.
[2016.02.17-01.59.20:039][  0]LogModuleManager:Warning: Found module file Q:/Classes/3-2/AI/AISafari/Binaries/Win64/UE4Editor-AISafari-1641.dll (API version 2672455), but it was incompatible with the current engine API version (2758231). This is likely a stale module that must be recompiled.
[2016.02.17-01.59.20:039][  0]LogModuleManager:Warning: Found module file Q:/Classes/3-2/AI/AISafari/Binaries/Win64/UE4Editor-AISafari-1694.dll (API version 2672455), but it was incompatible with the current engine API version (2758231). This is likely a stale module that must be recompiled.
[2016.02.17-01.59.20:039][  0]LogModuleManager:Warning: Found module file Q:/Classes/3-2/AI/AISafari/Binaries/Win64/UE4Editor-AISafari-3112.dll (API version 2672455), but it was incompatible with the current engine API version (2758231). This is likely a stale module that must be recompiled.
[2016.02.17-01.59.20:039][  0]LogModuleManager:Warning: Found module file Q:/Classes/3-2/AI/AISafari/Binaries/Win64/UE4Editor-AISafari-3182.dll (API version 2672455), but it was incompatible with the current engine API version (2758231). This is likely a stale module that must be recompiled.
[2016.02.17-01.59.20:039][  0]LogModuleManager:Warning: Found module file Q:/Classes/3-2/AI/AISafari/Binaries/Win64/UE4Editor-AISafari-3502.dll (API version 2672455), but it was incompatible with the current engine API version (2758231). This is likely a stale module that must be recompiled.
[2016.02.17-01.59.20:039][  0]LogModuleManager:Warning: Found module file Q:/Classes/3-2/AI/AISafari/Binaries/Win64/UE4Editor-AISafari-3693.dll (API version 2672455), but it was incompatible with the current engine API version (2758231). This is likely a stale module that must be recompiled.
[2016.02.17-01.59.20:039][  0]LogModuleManager:Warning: Found module file Q:/Classes/3-2/AI/AISafari/Binaries/Win64/UE4Editor-AISafari-3879.dll (API version 2672455), but it was incompatible with the current engine API version (2758231). This is likely a stale module that must be recompiled.
[2016.02.17-01.59.20:039][  0]LogModuleManager:Warning: Found module file Q:/Classes/3-2/AI/AISafari/Binaries/Win64/UE4Editor-AISafari-4078.dll (API version 2672455), but it was incompatible with the current engine API version (2758231). This is likely a stale module that must be recompiled.
[2016.02.17-01.59.20:039][  0]LogModuleManager:Warning: Found module file Q:/Classes/3-2/AI/AISafari/Binaries/Win64/UE4Editor-AISafari-4283.dll (API version 2672455), but it was incompatible with the current engine API version (2758231). This is likely a stale module that must be recompiled.
[2016.02.17-01.59.20:039][  0]LogModuleManager:Warning: Found module file Q:/Classes/3-2/AI/AISafari/Binaries/Win64/UE4Editor-AISafari-4944.dll (API version 2672455), but it was incompatible with the current engine API version (2758231). This is likely a stale module that must be recompiled.
[2016.02.17-01.59.20:046][  0]LogModuleManager:Warning: Found module file Q:/Classes/3-2/AI/AISafari/Binaries/Win64/UE4Editor-AISafari-5410.dll (API version 2672455), but it was incompatible with the current engine API version (2758231). This is likely a stale module that must be recompiled.
[2016.02.17-01.59.20:046][  0]LogModuleManager:Warning: Found module file Q:/Classes/3-2/AI/AISafari/Binaries/Win64/UE4Editor-AISafari-6033.dll (API version 2672455), but it was incompatible with the current engine API version (2758231). This is likely a stale module that must be recompiled.
[2016.02.17-01.59.20:046][  0]LogModuleManager:Warning: Found module file Q:/Classes/3-2/AI/AISafari/Binaries/Win64/UE4Editor-AISafari-6649.dll (API version 2672455), but it was incompatible with the current engine API version (2758231). This is likely a stale module that must be recompiled.
[2016.02.17-01.59.20:046][  0]LogModuleManager:Warning: Found module file Q:/Classes/3-2/AI/AISafari/Binaries/Win64/UE4Editor-AISafari-7900.dll (API version 2672455), but it was incompatible with the current engine API version (2758231). This is likely a stale module that must be recompiled.
[2016.02.17-01.59.20:046][  0]LogModuleManager:Warning: Found module file Q:/Classes/3-2/AI/AISafari/Binaries/Win64/UE4Editor-AISafari-8046.dll (API version 2672455), but it was incompatible with the current engine API version (2758231). This is likely a stale module that must be recompiled.
[2016.02.17-01.59.20:046][  0]LogModuleManager:Warning: Found module file Q:/Classes/3-2/AI/AISafari/Binaries/Win64/UE4Editor-AISafari-8379.dll (API version 2672455), but it was incompatible with the current engine API version (2758231). This is likely a stale module that must be recompiled.
[2016.02.17-01.59.20:046][  0]LogModuleManager:Warning: Found module file Q:/Classes/3-2/AI/AISafari/Binaries/Win64/UE4Editor-AISafari-8529.dll (API version 2672455), but it was incompatible with the current engine API version (2758231). This is likely a stale module that must be recompiled.
[2016.02.17-01.59.20:046][  0]LogModuleManager:Warning: Found module file Q:/Classes/3-2/AI/AISafari/Binaries/Win64/UE4Editor-AISafari-8767.dll (API version 2672455), but it was incompatible with the current engine API version (2758231). This is likely a stale module that must be recompiled.
[2016.02.17-01.59.20:046][  0]LogModuleManager:Warning: Found module file Q:/Classes/3-2/AI/AISafari/Binaries/Win64/UE4Editor-AISafari-8975.dll (API version 2672455), but it was incompatible with the current engine API version (2758231). This is likely a stale module that must be recompiled.
[2016.02.17-01.59.20:046][  0]LogModuleManager:Warning: Found module file Q:/Classes/3-2/AI/AISafari/Binaries/Win64/UE4Editor-AISafari-9371.dll (API version 2672455), but it was incompatible with the current engine API version (2758231). This is likely a stale module that must be recompiled.
[2016.02.17-01.59.20:140][  0]LogInit: Selected Device Profile: [Windows]
[2016.02.17-01.59.20:142][  0]LogContentStreaming: Texture pool size is 0.000000MB
[2016.02.17-01.59.20:263][  0]LogMeshUtilities: No automatic mesh reduction module available
[2016.02.17-01.59.20:263][  0]LogMeshUtilities: No automatic mesh merging module available
[2016.02.17-01.59.20:416][  0]LogInit: WinSock: version 1.1 (2.2), MaxSocks=32767, MaxUdp=65467
[2016.02.17-01.59.20:888][  0]UdpMessaging: Initializing bridge on interface 0.0.0.0:0 to multicast group 230.0.0.1:6666.
[2016.02.17-01.59.20:979][  0]LogAssetRegistry: FAssetRegistry took 0.0111 seconds to start up
[2016.02.17-01.59.21:076][  0]SourceControl: Info Source control is disabled
[2016.02.17-01.59.21:083][  0]SourceControl: Info Source control is disabled
[2016.02.17-01.59.21:088][  0]SourceControl: Info Source control is disabled
[2016.02.17-01.59.21:096][  0]SourceControl: Info Source control is disabled
[2016.02.17-01.59.21:231][  0]LogObj: 28652 objects as part of root set at end of initial load.
[2016.02.17-01.59.21:231][  0]LogUObjectAllocator: 6107520 out of 0 bytes used by permanent object pool.
[2016.02.17-01.59.21:273][  0]LogEngine: Initializing Engine...
[2016.02.17-01.59.21:276][  0]LogHMD: Can't find Oculus library dev build: is proper Runtime installed? Version: 0.8.0.0
[2016.02.17-01.59.21:276][  0]LogHMD: SteamVR failed to initialize.  Err: 110
[2016.02.17-01.59.21:369][  0]LogAIModule: Creating AISystem for world NewWorld
[2016.02.17-01.59.21:375][  0]LogInit: XAudio2 using 'Speakers (ASUS Xonar DGX Audio Device)' : 2 channels at 44.1 kHz using 16 bits per sample (channel mask 0x3)
[2016.02.17-01.59.21:379][  0]LogInit: FAudioDevice initialized.
[2016.02.17-01.59.21:401][  0]LogDerivedDataCache: Saved boot cache 0.02s 41MB C:/Users/Ryan/AppData/Local/UnrealEngine/4.10/DerivedDataCache/Boot.ddc.
[2016.02.17-01.59.21:405][  0]LogInit: Texture streaming: Enabled
[2016.02.17-01.59.21:408][  0]LogAnalytics: Creating configured Analytics provider AnalyticsET
[2016.02.17-01.59.21:408][  0]LogAnalytics: [UEEditor.Rocket.Release] APIServer = http://et2.epicgames.com/ET2/. AppVersion = 4.10.2-2818068+++depot+UE4-Releases+4.10
[2016.02.17-01.59.21:408][  0]LogAnalytics: [UEEditor.Rocket.Release] SetUserId d1f9beca401d8fe412e57fa88e66abb9|85745c8591404a23957796735eaccf05|defee072-9da8-4f68-a06a-f65b3a6c30bf
[2016.02.17-01.59.21:408][  0]LogAnalytics: [UEEditor.Rocket.Release] AnalyticsET::StartSession
[2016.02.17-01.59.21:416][  0]LogInit: Transaction tracking system initialized
[2016.02.17-01.59.21:432][  0]BlueprintLog: New page: Editor Load
[2016.02.17-01.59.21:474][  0]LocalizationService: Info Localization service is disabled
[2016.02.17-01.59.21:524][  0]LogConsoleResponse:Display: 
[2016.02.17-01.59.21:601][  0]LogCook:Display: Done creating registry. It took  0.00s.
[2016.02.17-01.59.21:629][  0]LogFileCache: Scanning file cache for directory 'Q:/Classes/3-2/AI/AISafari/Content/' took 0.01s
[2016.02.17-01.59.21:629][  0]SourceControl: Info Source control is disabled
[2016.02.17-01.59.21:629][  0]Cmd: MAP LOAD FILE="Q:/Classes/3-2/AI/AISafari/Content/StarterContent/Maps/Minimal_Default.umap" TEMPLATE=0 SHOWPROGRESS=1 FEATURELEVEL=3
[2016.02.17-01.59.21:629][  0]LightingResults: New page: Lighting Build
[2016.02.17-01.59.21:630][  0]MapCheck: New page: Map Check
[2016.02.17-01.59.21:630][  0]LightingResults: New page: Lighting Build
[2016.02.17-01.59.21:637][  0]LogParticles: Destroying 0 GPU particle simulations for FXSystem 0x0000005DF7799D00
[2016.02.17-01.59.21:800][  0]LogAIModule: Creating AISystem for world Minimal_Default
[2016.02.17-01.59.21:804][  0]LogEditorServer: Finished looking for orphan Actors (0.000 secs)
[2016.02.17-01.59.21:805][  0]Cmd: MAP CHECKDEP NOCLEARLOG
[2016.02.17-01.59.21:834][  0]MapCheck: Info Map check complete: 0 Error(s), 0 Warning(s), took 29.348ms to complete.
[2016.02.17-01.59.21:834][  0]LogFileHelpers: Loading map 'Minimal_Default' took 0.206
[2016.02.17-01.59.21:950][  0]LogCollectionManager: Loaded 0 collections in 0.000924 seconds
[2016.02.17-01.59.21:997][  0]LogFileCache: Scanning file cache for directory 'Q:/Classes/3-2/AI/AISafari/Saved/Collections/' took 0.01s
[2016.02.17-01.59.21:997][  0]LogFileCache: Scanning file cache for directory 'Q:/Classes/3-2/AI/AISafari/Content/Developers/Ryan/Collections/' took 0.01s
[2016.02.17-01.59.21:997][  0]LogFileCache: Scanning file cache for directory 'Q:/Classes/3-2/AI/AISafari/Content/Collections/' took 0.01s
[2016.02.17-01.59.21:997][  0]LogCollectionManager: Rebuilt the GUID cache for 0 collections in 0.000001 seconds
[2016.02.17-01.59.22:003][  0]LogContentBrowser: Native class hierarchy populated in 0.0056 seconds. Added 1897 classes and 341 folders.
[2016.02.17-01.59.22:007][  0]LogContentBrowser: Native class hierarchy updated for 'WidgetCarousel' in 0.0009 seconds. Added 0 classes and 0 folders.
[2016.02.17-01.59.22:031][  0]LogContentBrowser: Native class hierarchy updated for 'AddContentDialog' in 0.0008 seconds. Added 0 classes and 0 folders.
[2016.02.17-01.59.22:034][  0]LogContentBrowser: Native class hierarchy updated for 'SceneOutliner' in 0.0008 seconds. Added 1 classes and 2 folders.
[2016.02.17-01.59.22:045][  0]LogCrashTracker: Crashtracker disabled due to settings.
[2016.02.17-01.59.22:048][  0]LogUObjectGlobals:Warning: Failed to find object 'Class None.'
[2016.02.17-01.59.22:070][  0]LogLoad: Full Startup: 3.80 seconds (BP compile: 0.03 seconds)
[2016.02.17-01.59.22:081][  0]LogOcInput: Can't find Oculus library dev build: is proper Runtime installed? Version: 0.8.0.0
[2016.02.17-01.59.22:127][  0]LogContentStreaming: Texture pool size now 1000 MB
[2016.02.17-01.59.22:223][  0]LogRenderer: Reallocating scene render targets to support 1208x600 (Frame:2).
[2016.02.17-01.59.22:428][  2]LogAssetRegistry: Asset discovery search completed in 1.4595 seconds
[2016.02.17-01.59.22:428][  2]LogCollectionManager: Rebuilt the object cache for 0 collections in 0.000001 seconds (found 0 objects)
[2016.02.17-01.59.22:428][  2]LogCollectionManager: Fixed up redirectors for 0 collections in 0.000023 seconds (updated 0 objects)
[2016.02.17-01.59.25:954][417]LogBlueprintUserMessages: Early PlayInEditor Detection: Level '/Game/StarterContent/Maps/Minimal_Default.Minimal_Default:PersistentLevel' has LevelScriptBlueprint '/Game/StarterContent/Maps/Minimal_Default.Minimal_Default:PersistentLevel.Minimal_Default' with GeneratedClass '/Game/StarterContent/Maps/Minimal_Default.Minimal_Default_C' with ClassGeneratedBy '/Game/StarterContent/Maps/Minimal_Default.Minimal_Default:PersistentLevel.Minimal_Default'
[2016.02.17-01.59.25:955][417]LogPlayLevel: PlayLevel: No blueprints needed recompiling
[2016.02.17-01.59.25:955][417]PIE: New page: PIE session: Minimal_Default (Feb 16, 2016, 3:59:25 PM)
[2016.02.17-01.59.25:955][417]LogPlayLevel: Creating play world package: /Game/StarterContent/Maps/UEDPIE_0_Minimal_Default
[2016.02.17-01.59.25:960][417]LogPlayLevel: PIE: StaticDuplicateObject took: (0.005121s)
[2016.02.17-01.59.25:960][417]LogAIModule: Creating AISystem for world Minimal_Default
[2016.02.17-01.59.25:960][417]LogPlayLevel: PIE: World Init took: (0.000525s)
[2016.02.17-01.59.25:961][417]LogPlayLevel: PIE: Created PIE world by copying editor world from /Game/StarterContent/Maps/Minimal_Default.Minimal_Default to /Game/StarterContent/Maps/UEDPIE_0_Minimal_Default.Minimal_Default (0.005806s)
[2016.02.17-01.59.25:978][417]LogInit: XAudio2 using 'Speakers (ASUS Xonar DGX Audio Device)' : 2 channels at 44.1 kHz using 16 bits per sample (channel mask 0x3)
[2016.02.17-01.59.25:981][417]LogInit: FAudioDevice initialized.
[2016.02.17-01.59.26:022][417]LogWorld: Game class is 'AISafariGameMode'
[2016.02.17-01.59.26:024][417]LogWorld: Bringing World /Game/StarterContent/Maps/UEDPIE_0_Minimal_Default.Minimal_Default up for play (max tick rate 0) at 2016.02.16-20.59.26
[2016.02.17-01.59.26:024][417]LogActor:Warning: GameSession /Game/StarterContent/Maps/UEDPIE_0_Minimal_Default.Minimal_Default:PersistentLevel.GameSession_0 has natively added scene component(s), but none of them were set as the actor's RootComponent - picking one arbitrarily
[2016.02.17-01.59.26:024][417]LogActor:Warning: GameNetworkManager /Game/StarterContent/Maps/UEDPIE_0_Minimal_Default.Minimal_Default:PersistentLevel.GameNetworkManager_0 has natively added scene component(s), but none of them were set as the actor's RootComponent - picking one arbitrarily
[2016.02.17-01.59.26:024][417]LogWorld: Bringing up level for play took: 0.001556
[2016.02.17-01.59.26:161][417]PIE: Info Play in editor start time for /Game/StarterContent/Maps/UEDPIE_0_Minimal_Default 0.996
[2016.02.17-01.59.26:161][417]LogBlueprintUserMessages: Late PlayInEditor Detection: Level '/Game/StarterContent/Maps/Minimal_Default.Minimal_Default:PersistentLevel' has LevelScriptBlueprint '/Game/StarterContent/Maps/Minimal_Default.Minimal_Default:PersistentLevel.Minimal_Default' with GeneratedClass '/Game/StarterContent/Maps/Minimal_Default.Minimal_Default_C' with ClassGeneratedBy '/Game/StarterContent/Maps/Minimal_Default.Minimal_Default:PersistentLevel.Minimal_Default'
[2016.02.17-01.59.28:914][491]LogBlueprintUserMessages: Early EndPlayMap Detection: Level '/Game/StarterContent/Maps/Minimal_Default.Minimal_Default:PersistentLevel' has LevelScriptBlueprint '/Game/StarterContent/Maps/Minimal_Default.Minimal_Default:PersistentLevel.Minimal_Default' with GeneratedClass '/Game/StarterContent/Maps/Minimal_Default.Minimal_Default_C' with ClassGeneratedBy '/Game/StarterContent/Maps/Minimal_Default.Minimal_Default:PersistentLevel.Minimal_Default'
[2016.02.17-01.59.28:955][491]LogBlueprintUserMessages: Late EndPlayMap Detection: Level '/Game/StarterContent/Maps/Minimal_Default.Minimal_Default:PersistentLevel' has LevelScriptBlueprint '/Game/StarterContent/Maps/Minimal_Default.Minimal_Default:PersistentLevel.Minimal_Default' with GeneratedClass '/Game/StarterContent/Maps/Minimal_Default.Minimal_Default_C' with ClassGeneratedBy '/Game/StarterContent/Maps/Minimal_Default.Minimal_Default:PersistentLevel.Minimal_Default'
[2016.02.17-01.59.28:971][491]LogParticles: Destroying 0 GPU particle simulations for FXSystem 0x0000005DB01F85E0
[2016.02.17-01.59.30:095][611]LogWindowsTextInputMethodSystem:Display: IME system now deactivated.
[2016.02.17-01.59.30:269][612]Cmd: QUIT_EDITOR
[2016.02.17-01.59.30:453][612]LogExit: Preparing to exit.
[2016.02.17-01.59.30:928][612]LogExit: Editor shut down
[2016.02.17-01.59.30:928][612]LogExit: Transaction tracking system shut down
[2016.02.17-01.59.30:929][612]LogParticles: Destroying 0 GPU particle simulations for FXSystem 0x0000005DE4CDF2E0
[2016.02.17-01.59.30:929][612]LogParticles: Destroying 0 GPU particle simulations for FXSystem 0x0000005D82FA3880
[2016.02.17-01.59.30:929][612]LogParticles: Destroying 0 GPU particle simulations for FXSystem 0x0000005DE4E4FB00
[2016.02.17-01.59.31:019][612]LogExit: Object subsystem successfully closed.
[2016.02.17-01.59.31:035][612]LogD3D11RHI: Shutdown
[2016.02.17-01.59.31:035][612]LogD3D11RHI: CleanupD3DDevice
[2016.02.17-01.59.31:161][612]LogD3D11RHI: ~FD3D11DynamicRHI
[2016.02.17-01.59.31:173][612]LogModuleManager: Shutting down and abandoning module CrashTracker (199)
[2016.02.17-01.59.31:173][612]LogModuleManager: Shutting down and abandoning module SceneOutliner (198)
[2016.02.17-01.59.31:173][612]LogModuleManager: Shutting down and abandoning module SuperSearch (197)
[2016.02.17-01.59.31:173][612]LogModuleManager: Shutting down and abandoning module WidgetCarousel (196)
[2016.02.17-01.59.31:173][612]LogModuleManager: Shutting down and abandoning module AddContentDialog (195)
[2016.02.17-01.59.31:175][612]LogModuleManager: Shutting down and abandoning module EditorWidgets (194)
[2016.02.17-01.59.31:175][612]LogModuleManager: Shutting down and abandoning module CollectionManager (193)
[2016.02.17-01.59.31:175][612]LogModuleManager: Shutting down and abandoning module StatsViewer (192)
[2016.02.17-01.59.31:175][612]LogModuleManager: Shutting down and abandoning module FoliageEdit (191)
[2016.02.17-01.59.31:175][612]LogModuleManager: Shutting down and abandoning module LandscapeEditor (190)
[2016.02.17-01.59.31:175][612]LogModuleManager: Shutting down and abandoning module ActorPickerMode (189)
[2016.02.17-01.59.31:175][612]LogModuleManager: Shutting down and abandoning module GeometryMode (188)
[2016.02.17-01.59.31:175][612]LogModuleManager: Shutting down and abandoning module TextureAlignMode (187)
[2016.02.17-01.59.31:175][612]LogModuleManager: Shutting down and abandoning module BspMode (186)
[2016.02.17-01.59.31:175][612]LogModuleManager: Shutting down and abandoning module PlacementMode (185)
[2016.02.17-01.59.31:175][612]LogModuleManager: Shutting down and abandoning module AutomationWorker (184)
[2016.02.17-01.59.31:175][612]LogModuleManager: Shutting down and abandoning module CharacterAI (183)
[2016.02.17-01.59.31:175][612]LogModuleManager: Shutting down and abandoning module SmartSnapping (182)
[2016.02.17-01.59.31:175][612]LogModuleManager: Shutting down and abandoning module ViewportSnapping (181)
[2016.02.17-01.59.31:175][612]LogModuleManager: Shutting down and abandoning module LogVisualizer (180)
[2016.02.17-01.59.31:175][612]LogModuleManager: Shutting down and abandoning module GameProjectGeneration (179)
[2016.02.17-01.59.31:175][612]LogModuleManager: Shutting down and abandoning module IntroTutorials (178)
[2016.02.17-01.59.31:175][612]LogModuleManager: Shutting down and abandoning module EditorLiveStreaming (177)
[2016.02.17-01.59.31:175][612]LogModuleManager: Shutting down and abandoning module IOSPlatformEditor (176)
[2016.02.17-01.59.31:175][612]LogModuleManager: Shutting down and abandoning module HTML5PlatformEditor (175)
[2016.02.17-01.59.31:175][612]LogModuleManager: Shutting down and abandoning module AndroidDeviceDetection (174)
[2016.02.17-01.59.31:498][612]LogModuleManager: Shutting down and abandoning module AndroidPlatformEditor (173)
[2016.02.17-01.59.31:498][612]LogModuleManager: Shutting down and abandoning module IOSRuntimeSettings (172)
[2016.02.17-01.59.31:498][612]LogModuleManager: Shutting down and abandoning module AndroidRuntimeSettings (171)
[2016.02.17-01.59.31:498][612]LogModuleManager: Shutting down and abandoning module MergeActors (170)
[2016.02.17-01.59.31:498][612]LogModuleManager: Shutting down and abandoning module SizeMap (169)
[2016.02.17-01.59.31:498][612]LogModuleManager: Shutting down and abandoning module TreeMap (168)
[2016.02.17-01.59.31:498][612]LogModuleManager: Shutting down and abandoning module ReferenceViewer (167)
[2016.02.17-01.59.31:498][612]LogModuleManager: Shutting down and abandoning module LocalizationService (166)
[2016.02.17-01.59.31:498][612]LogModuleManager: Shutting down and abandoning module LocalizationDashboard (165)
[2016.02.17-01.59.31:498][612]LogModuleManager: Shutting down and abandoning module HardwareTargeting (164)
[2016.02.17-01.59.31:498][612]LogModuleManager: Shutting down and abandoning module DeviceProfileEditor (163)
[2016.02.17-01.59.31:498][612]LogModuleManager: Shutting down and abandoning module UndoHistory (162)
[2016.02.17-01.59.31:498][612]LogModuleManager: Shutting down and abandoning module GameplayTagsEditor (161)
[2016.02.17-01.59.31:498][612]LogModuleManager: Shutting down and abandoning module UserFeedback (160)
[2016.02.17-01.59.31:498][612]LogModuleManager: Shutting down and abandoning module XmlParser (159)
[2016.02.17-01.59.31:498][612]LogModuleManager: Shutting down and abandoning module Blutility (158)
[2016.02.17-01.59.31:498][612]LogModuleManager: Shutting down and abandoning module ProjectTargetPlatformEditor (157)
[2016.02.17-01.59.31:498][612]LogModuleManager: Shutting down and abandoning module ProjectSettingsViewer (156)
[2016.02.17-01.59.31:498][612]LogModuleManager: Shutting down and abandoning module InputBindingEditor (155)
[2016.02.17-01.59.31:499][612]LogModuleManager: Shutting down and abandoning module EditorSettingsViewer (154)
[2016.02.17-01.59.31:499][612]LogModuleManager: Shutting down and abandoning module SettingsEditor (153)
[2016.02.17-01.59.31:499][612]LogModuleManager: Shutting down and abandoning module ProjectLauncher (152)
[2016.02.17-01.59.31:499][612]LogModuleManager: Shutting down and abandoning module SessionFrontend (151)
[2016.02.17-01.59.31:499][612]LogModuleManager: Shutting down and abandoning module ProfilerClient (150)
[2016.02.17-01.59.31:499][612]LogModuleManager: Shutting down and abandoning module TargetDeviceServices (149)
[2016.02.17-01.59.31:499][612]LogModuleManager: Shutting down and abandoning module DeviceManager (148)
[2016.02.17-01.59.31:499][612]LogModuleManager: Shutting down and abandoning module AutomationController (147)
[2016.02.17-01.59.31:499][612]LogModuleManager: Shutting down and abandoning module AutomationWindow (146)
[2016.02.17-01.59.31:499][612]LogModuleManager: Shutting down and abandoning module Layers (145)
[2016.02.17-01.59.31:499][612]LogModuleManager: Shutting down and abandoning module ComponentVisualizers (144)
[2016.02.17-01.59.31:499][612]LogModuleManager: Shutting down and abandoning module DetailCustomizations (143)
[2016.02.17-01.59.31:499][612]LogModuleManager: Shutting down and abandoning module PackagesDialog (142)
[2016.02.17-01.59.31:499][612]LogModuleManager: Shutting down and abandoning module Persona (141)
[2016.02.17-01.59.31:499][612]LogModuleManager: Shutting down and abandoning module Kismet (140)
[2016.02.17-01.59.31:499][612]LogModuleManager: Shutting down and abandoning module GraphEditor (139)
[2016.02.17-01.59.31:499][612]LogModuleManager: Shutting down and abandoning module ClassViewer (138)
[2016.02.17-01.59.31:499][612]LogModuleManager: Shutting down and abandoning module Toolbox (137)
[2016.02.17-01.59.31:499][612]LogModuleManager: Shutting down and abandoning module ModuleUI (136)
[2016.02.17-01.59.31:499][612]LogModuleManager: Shutting down and abandoning module MovieSceneTools (135)
[2016.02.17-01.59.31:499][612]LogModuleManager: Shutting down and abandoning module OutputLog (134)
[2016.02.17-01.59.31:499][612]LogModuleManager: Shutting down and abandoning module GammaUI (133)
[2016.02.17-01.59.31:499][612]LogModuleManager: Shutting down and abandoning module Documentation (132)
[2016.02.17-01.59.31:499][612]LogModuleManager: Shutting down and abandoning module GameLiveStreaming (131)
[2016.02.17-01.59.31:499][612]LogModuleManager: Shutting down and abandoning module StreamingPauseRendering (130)
[2016.02.17-01.59.31:499][612]LogModuleManager: Shutting down and abandoning module AnalyticsET (129)
[2016.02.17-01.59.31:499][612]LogModuleManager: Shutting down and abandoning module Analytics (128)
[2016.02.17-01.59.31:499][612]LogModuleManager: Shutting down and abandoning module AITestSuite (127)
[2016.02.17-01.59.31:499][612]LogModuleManager: Shutting down and abandoning module GameplayDebugger (126)
[2016.02.17-01.59.31:499][612]LogModuleManager: Shutting down and abandoning module AIModule (125)
[2016.02.17-01.59.31:499][612]LogModuleManager: Shutting down and abandoning module ProfilerService (124)
[2016.02.17-01.59.31:500][612]LogModuleManager: Shutting down and abandoning module TaskGraph (123)
[2016.02.17-01.59.31:500][612]LogModuleManager: Shutting down and abandoning module SlateRemote (122)
[2016.02.17-01.59.31:500][612]LogModuleManager: Shutting down and abandoning module SteamVRController (121)
[2016.02.17-01.59.31:500][612]LogModuleManager: Shutting down and abandoning module SteamVR (120)
[2016.02.17-01.59.31:500][612]LogModuleManager: Shutting down and abandoning module ProceduralMeshComponent (119)
[2016.02.17-01.59.31:500][612]LogModuleManager: Shutting down and abandoning module OculusLibrary (118)
[2016.02.17-01.59.31:500][612]LogModuleManager: Shutting down and abandoning module OculusInput (117)
[2016.02.17-01.59.31:500][612]LogModuleManager: Shutting down and abandoning module LeapMotionController (116)
[2016.02.17-01.59.31:518][612]LogModuleManager: Shutting down and abandoning module CustomMeshComponent (115)
[2016.02.17-01.59.31:518][612]LogModuleManager: Shutting down and abandoning module CableComponent (114)
[2016.02.17-01.59.31:518][612]LogModuleManager: Shutting down and abandoning module ArchVisCharacter (113)
[2016.02.17-01.59.31:518][612]LogModuleManager: Shutting down and abandoning module MessagingDebugger (112)
[2016.02.17-01.59.31:518][612]LogModuleManager: Shutting down and abandoning module MediaPlayerEditor (111)
[2016.02.17-01.59.31:518][612]LogModuleManager: Shutting down and abandoning module HTML5Networking (110)
[2016.02.17-01.59.31:518][612]LogModuleManager: Shutting down and abandoning module SpeedTreeImporter (109)
[2016.02.17-01.59.31:518][612]LogModuleManager: Shutting down and abandoning module PluginBrowser (108)
[2016.02.17-01.59.31:518][612]LogModuleManager: Shutting down and abandoning module EpicSurvey (107)
[2016.02.17-01.59.31:518][612]LogModuleManager: Shutting down and abandoning module DesktopPlatform (106)
[2016.02.17-01.59.31:518][612]LogModuleManager: Shutting down and abandoning module VisualStudioSourceCodeAccess (105)
[2016.02.17-01.59.31:518][612]LogModuleManager: Shutting down and abandoning module UObjectPlugin (104)
[2016.02.17-01.59.31:518][612]LogModuleManager: Shutting down and abandoning module SubversionSourceControl (103)
[2016.02.17-01.59.31:518][612]LogModuleManager: Shutting down and abandoning module PerforceSourceControl (102)
[2016.02.17-01.59.31:518][612]LogModuleManager: Shutting down and abandoning module SourceControl (101)
[2016.02.17-01.59.31:518][612]LogModuleManager: Shutting down and abandoning module GitSourceControl (100)
[2016.02.17-01.59.31:518][612]LogModuleManager: Shutting down and abandoning module LightPropagationVolumeEditor (99)
[2016.02.17-01.59.31:518][612]LogModuleManager: Shutting down and abandoning module PaperTiledImporter (98)
[2016.02.17-01.59.31:518][612]LogModuleManager: Shutting down and abandoning module PaperSpriteSheetImporter (97)
[2016.02.17-01.59.31:518][612]LogModuleManager: Shutting down and abandoning module MeshPaint (96)
[2016.02.17-01.59.31:518][612]LogModuleManager: Shutting down and abandoning module SlateReflector (95)
[2016.02.17-01.59.31:518][612]LogModuleManager: Shutting down and abandoning module HotReload (94)
[2016.02.17-01.59.31:518][612]LogModuleManager: Shutting down and abandoning module MainFrame (93)
[2016.02.17-01.59.31:518][612]LogModuleManager: Shutting down and abandoning module LevelEditor (92)
[2016.02.17-01.59.31:519][612]LogModuleManager: Shutting down and abandoning module DirectoryWatcher (91)
[2016.02.17-01.59.31:519][612]LogModuleManager: Shutting down and abandoning module AssetRegistry (90)
[2016.02.17-01.59.31:613][612]LogModuleManager: Shutting down and abandoning module ContentBrowser (89)
[2016.02.17-01.59.31:614][612]LogModuleManager: Shutting down and abandoning module Paper2DEditor (88)
[2016.02.17-01.59.31:614][612]LogModuleManager: Shutting down and abandoning module AISafari (87)
[2016.02.17-01.59.31:614][612]LogModuleManager: Shutting down and abandoning module UdpMessaging (86)
[2016.02.17-01.59.31:715][612]LogModuleManager: Shutting down and abandoning module LightPropagationVolumeRuntime (85)
[2016.02.17-01.59.31:715][612]LogModuleManager: Shutting down and abandoning module Paper2D (84)
[2016.02.17-01.59.31:715][612]LogModuleManager: Shutting down and abandoning module WindowsMoviePlayer (83)
[2016.02.17-01.59.31:716][612]LogModuleManager: Shutting down and abandoning module Media (82)
[2016.02.17-01.59.31:716][612]LogModuleManager: Shutting down and abandoning module WmfMedia (81)
[2016.02.17-01.59.31:716][612]LogModuleManager: Shutting down and abandoning module OnlineBlueprintSupport (80)
[2016.02.17-01.59.31:716][612]LogModuleManager: Shutting down and abandoning module GameplayTasksEditor (79)
[2016.02.17-01.59.31:716][612]LogModuleManager: Shutting down and abandoning module PropertyEditor (78)
[2016.02.17-01.59.31:716][612]LogModuleManager: Shutting down and abandoning module BehaviorTreeEditor (77)
[2016.02.17-01.59.31:716][612]LogModuleManager: Shutting down and abandoning module FunctionalTesting (76)
[2016.02.17-01.59.31:716][612]LogModuleManager: Shutting down and abandoning module CollisionAnalyzer (75)
[2016.02.17-01.59.31:716][612]LogModuleManager: Shutting down and abandoning module WorkspaceMenuStructure (74)
[2016.02.17-01.59.31:716][612]LogModuleManager: Shutting down and abandoning module MessageLog (73)
[2016.02.17-01.59.31:716][612]LogModuleManager: Shutting down and abandoning module Sequencer (72)
[2016.02.17-01.59.31:717][612]LogModuleManager: Shutting down and abandoning module AssetTools (71)
[2016.02.17-01.59.31:717][612]LogModuleManager: Shutting down and abandoning module UMGEditor (70)
[2016.02.17-01.59.31:717][612]LogModuleManager: Shutting down and abandoning module UMG (69)
[2016.02.17-01.59.31:717][612]LogModuleManager: Shutting down and abandoning module Slate (68)
[2016.02.17-01.59.31:717][612]LogModuleManager: Shutting down and abandoning module EditorStyle (67)
[2016.02.17-01.59.31:718][612]LogModuleManager: Shutting down and abandoning module SessionServices (66)
[2016.02.17-01.59.31:718][612]LogModuleManager: Shutting down and abandoning module SourceCodeAccess (65)
[2016.02.17-01.59.31:718][612]LogModuleManager: Shutting down and abandoning module HeadMountedDisplay (64)
[2016.02.17-01.59.31:718][612]LogModuleManager: Shutting down and abandoning module XAudio2 (63)
[2016.02.17-01.59.31:718][612]LogModuleManager: Shutting down and abandoning module Networking (61)
[2016.02.17-01.59.31:718][612]LogModuleManager: Shutting down and abandoning module Core (60)
[2016.02.17-01.59.31:718][612]LogModuleManager: Shutting down and abandoning module KismetCompiler (59)
[2016.02.17-01.59.31:718][612]LogModuleManager: Shutting down and abandoning module PhysXFormats (58)
[2016.02.17-01.59.31:718][612]LogModuleManager: Shutting down and abandoning module MeshUtilities (57)
[2016.02.17-01.59.31:718][612]LogModuleManager: Shutting down and abandoning module DerivedDataCache (56)
[2016.02.17-01.59.32:013][612]LogDerivedDataCache: Shutdown
[2016.02.17-01.59.32:013][612]LogModuleManager: Shutting down and abandoning module ShaderFormatOpenGL (55)
[2016.02.17-01.59.32:013][612]LogModuleManager: Shutting down and abandoning module ShaderFormatD3D (54)
[2016.02.17-01.59.32:013][612]LogModuleManager: Shutting down and abandoning module MetalShaderFormat (53)
[2016.02.17-01.59.32:013][612]LogModuleManager: Shutting down and abandoning module TextureFormatUncompressed (52)
[2016.02.17-01.59.32:013][612]LogModuleManager: Shutting down and abandoning module TextureFormatPVR (51)
[2016.02.17-01.59.32:013][612]LogModuleManager: Shutting down and abandoning module TextureFormatIntelISPCTexComp (50)
[2016.02.17-01.59.32:013][612]LogModuleManager: Shutting down and abandoning module TextureFormatDXT (49)
[2016.02.17-01.59.32:013][612]LogModuleManager: Shutting down and abandoning module ImageWrapper (48)
[2016.02.17-01.59.32:013][612]LogModuleManager: Shutting down and abandoning module TextureFormatASTC (47)
[2016.02.17-01.59.32:013][612]LogModuleManager: Shutting down and abandoning module TextureFormatAndroid (46)
[2016.02.17-01.59.32:013][612]LogModuleManager: Shutting down and abandoning module AudioFormatOpus (45)
[2016.02.17-01.59.32:013][612]LogModuleManager: Shutting down and abandoning module AudioFormatOgg (44)
[2016.02.17-01.59.32:013][612]LogModuleManager: Shutting down and abandoning module AudioFormatADPCM (43)
[2016.02.17-01.59.32:013][612]LogModuleManager: Shutting down and abandoning module LinuxTargetPlatform (42)
[2016.02.17-01.59.32:013][612]LogModuleManager: Shutting down and abandoning module LinuxServerTargetPlatform (41)
[2016.02.17-01.59.32:013][612]LogModuleManager: Shutting down and abandoning module LinuxNoEditorTargetPlatform (40)
[2016.02.17-01.59.32:013][612]LogModuleManager: Shutting down and abandoning module Messaging (39)
[2016.02.17-01.59.32:013][612]LogModuleManager: Shutting down and abandoning module IOSTargetPlatform (38)
[2016.02.17-01.59.32:013][612]LogModuleManager: Shutting down and abandoning module HTML5TargetPlatform (37)
[2016.02.17-01.59.32:013][612]LogModuleManager: Shutting down and abandoning module Android_PVRTCTargetPlatform (36)
[2016.02.17-01.59.32:013][612]LogModuleManager: Shutting down and abandoning module Android_MultiTargetPlatform (35)
[2016.02.17-01.59.32:013][612]LogModuleManager: Shutting down and abandoning module Android_ETC2TargetPlatform (34)
[2016.02.17-01.59.32:013][612]LogModuleManager: Shutting down and abandoning module Android_ETC1TargetPlatform (33)
[2016.02.17-01.59.32:013][612]LogModuleManager: Shutting down and abandoning module Android_DXTTargetPlatform (32)
[2016.02.17-01.59.32:013][612]LogModuleManager: Shutting down and abandoning module Android_ATCTargetPlatform (31)
[2016.02.17-01.59.32:013][612]LogModuleManager: Shutting down and abandoning module Android_ASTCTargetPlatform (30)
[2016.02.17-01.59.32:013][612]LogModuleManager: Shutting down and abandoning module AndroidTargetPlatform (29)
[2016.02.17-01.59.32:013][612]LogModuleManager: Shutting down and abandoning module WindowsTargetPlatform (28)
[2016.02.17-01.59.32:013][612]LogModuleManager: Shutting down and abandoning module WindowsServerTargetPlatform (27)
[2016.02.17-01.59.32:013][612]LogModuleManager: Shutting down and abandoning module WindowsNoEditorTargetPlatform (26)
[2016.02.17-01.59.32:013][612]LogModuleManager: Shutting down and abandoning module WindowsClientTargetPlatform (25)
[2016.02.17-01.59.32:013][612]LogModuleManager: Shutting down and abandoning module AllDesktopTargetPlatform (24)
[2016.02.17-01.59.32:013][612]LogModuleManager: Shutting down and abandoning module TargetPlatform (23)
[2016.02.17-01.59.32:013][612]LogModuleManager: Shutting down and abandoning module InputCore (22)
[2016.02.17-01.59.32:013][612]LogModuleManager: Shutting down and abandoning module Settings (21)
[2016.02.17-01.59.32:013][612]LogModuleManager: Shutting down and abandoning module OnlineSubsystem (19)
[2016.02.17-01.59.32:013][612]LogModuleManager: Shutting down and abandoning module HTTP (18)
[2016.02.17-01.59.34:017][612]LogModuleManager: Shutting down and abandoning module XMPP (17)
[2016.02.17-01.59.34:017][612]LogModuleManager: Shutting down and abandoning module OculusRift (16)
[2016.02.17-01.59.34:017][612]LogModuleManager: Shutting down and abandoning module ExampleDeviceProfileSelector (15)
[2016.02.17-01.59.34:017][612]LogModuleManager: Shutting down and abandoning module TextureCompressor (14)
[2016.02.17-01.59.34:017][612]LogModuleManager: Shutting down and abandoning module ShaderCore (13)
[2016.02.17-01.59.34:017][612]LogModuleManager: Shutting down and abandoning module Landscape (12)
[2016.02.17-01.59.34:017][612]LogModuleManager: Shutting down and abandoning module SlateRHIRenderer (11)
[2016.02.17-01.59.34:017][612]LogModuleManager: Shutting down and abandoning module OpenGLDrv (10)
[2016.02.17-01.59.34:017][612]LogModuleManager: Shutting down and abandoning module D3D11RHI (9)
[2016.02.17-01.59.34:017][612]LogModuleManager: Shutting down and abandoning module AnimGraphRuntime (8)
[2016.02.17-01.59.34:017][612]LogModuleManager: Shutting down and abandoning module Renderer (7)
[2016.02.17-01.59.34:017][612]LogModuleManager: Shutting down and abandoning module Engine (6)
[2016.02.17-01.59.34:017][612]LogModuleManager: Shutting down and abandoning module CoreUObject (5)
[2016.02.17-01.59.34:017][612]LogModuleManager: Shutting down and abandoning module NetworkFile (4)
[2016.02.17-01.59.34:017][612]LogModuleManager: Shutting down and abandoning module StreamingFile (3)
[2016.02.17-01.59.34:017][612]LogModuleManager: Shutting down and abandoning module SandboxFile (2)
[2016.02.17-01.59.34:017][612]LogModuleManager: Shutting down and abandoning module PakFile (1)
[2016.02.17-01.59.34:018][612]LogExit: Exiting.
[2016.02.17-01.59.34:020][612]Log file closed, 02/16/16 20:59:34
