[2016.02.13-18.26.35:895][  0]Log file open, 02/13/16 13:26:35
[2016.02.13-18.26.35:895][  0]LogInit:Display: Running engine for game: AISafari
[2016.02.13-18.26.35:895][  0]LogInit:Display: RandInit(-1277316435) SRandInit(-1277316434).
[2016.02.13-18.26.35:895][  0]LogTaskGraph: Started task graph with 4 named threads and 7 total threads.
[2016.02.13-18.26.35:895][  0]LogStats: Stats thread started at 0.070929
[2016.02.13-18.26.35:895][  0]LogInit: Version: 4.9.2-2707645+++depot+UE4-Releases+4.9
[2016.02.13-18.26.35:895][  0]LogInit: API Version: 2672455
[2016.02.13-18.26.35:895][  0]LogInit: Compiled (64-bit): Sep 28 2015 10:25:44
[2016.02.13-18.26.35:895][  0]LogInit: Compiled with Visual C++: 18.00.21005.01
[2016.02.13-18.26.35:895][  0]LogInit: Build Configuration: Development
[2016.02.13-18.26.35:895][  0]LogInit: Branch Name: ++depot+UE4-Releases+4.9
[2016.02.13-18.26.35:895][  0]LogInit: Command line:  
[2016.02.13-18.26.35:895][  0]LogInit: Base directory: C:/Program Files (x86)/Epic Games/4.9/Engine/Binaries/Win64/
[2016.02.13-18.26.35:895][  0]LogInit: Rocket: 1
[2016.02.13-18.26.35:902][  0]LogInit: Using libcurl 7.41.0
[2016.02.13-18.26.35:902][  0]LogInit:  - built for x86_64-pc-win32
[2016.02.13-18.26.35:902][  0]LogInit:  - supports SSL with WinSSL
[2016.02.13-18.26.35:902][  0]LogInit:  - other features:
[2016.02.13-18.26.35:902][  0]LogInit:      CURL_VERSION_SSL
[2016.02.13-18.26.35:902][  0]LogInit:      CURL_VERSION_IPV6
[2016.02.13-18.26.35:902][  0]LogInit:      CURL_VERSION_ASYNCHDNS
[2016.02.13-18.26.35:902][  0]LogInit:      CURL_VERSION_LARGEFILE
[2016.02.13-18.26.35:902][  0]LogInit:      CURL_VERSION_IDN
[2016.02.13-18.26.35:902][  0]LogInit:  CurlRequestOptions (configurable via config and command line):
[2016.02.13-18.26.35:902][  0]LogInit:  - bVerifyPeer = true  - Libcurl will verify peer certificate
[2016.02.13-18.26.35:902][  0]LogInit:  - bUseHttpProxy = false  - Libcurl will NOT use HTTP proxy
[2016.02.13-18.26.35:902][  0]LogInit:  - bDontReuseConnections = false  - Libcurl will reuse connections
[2016.02.13-18.26.35:902][  0]LogInit:  - CertBundlePath = nullptr  - Libcurl will use whatever was configured at build time.
[2016.02.13-18.26.35:908][  0]LogInit: Presizing for 0 objects not considered by GC, pre-allocating 0 bytes.
[2016.02.13-18.26.35:913][  0]LogInit: Object subsystem initialized
[2016.02.13-18.26.35:914][  0]LogInit: Selected Device Profile: [Windows]
[2016.02.13-18.26.35:914][  0]LogInit: Applying CVar settings loaded from the selected device profile: [Windows]
[2016.02.13-18.26.35:920][  0]LogInit: Computer: ZEBRADESKTOP
[2016.02.13-18.26.35:920][  0]LogInit: User: Ryan
[2016.02.13-18.26.35:920][  0]LogInit: CPU Page size=4096, Cores=4
[2016.02.13-18.26.35:920][  0]LogInit: High frequency timer resolution =3.984648 MHz
[2016.02.13-18.26.35:920][  0]LogMemory: Memory total: Physical=15.9GB (16GB approx)
[2016.02.13-18.26.35:920][  0]LogMemory: Platform Memory Stats for Windows
[2016.02.13-18.26.35:920][  0]LogMemory: Process Physical Memory: 54.13 MB used, 54.13 MB peak
[2016.02.13-18.26.35:920][  0]LogMemory: Process Virtual Memory: 55.62 MB used, 55.62 MB peak
[2016.02.13-18.26.35:920][  0]LogMemory: Physical Memory: 8116.72 MB used, 16325.73 MB total
[2016.02.13-18.26.35:920][  0]LogMemory: Virtual Memory: 365.76 MB used, 134217728.00 MB total
[2016.02.13-18.26.35:949][  0]LogTextLocalizationManager: No specific translations for ('en-US') exist, so ('en') translations will be used.
[2016.02.13-18.26.36:570][  0]LogD3D11RHI: Found D3D11 adapter 0: NVIDIA GeForce GTX 780 (Feature Level 11_0)
[2016.02.13-18.26.36:571][  0]LogD3D11RHI: Adapter has 5971MB of dedicated video memory, 0MB of dedicated system memory, and 8162MB of shared system memory, 3 output[s]
[2016.02.13-18.26.36:572][  0]LogD3D11RHI: Found D3D11 adapter 1: Microsoft Basic Render Driver (Feature Level 11_0)
[2016.02.13-18.26.36:572][  0]LogD3D11RHI: Adapter has 0MB of dedicated video memory, 0MB of dedicated system memory, and 8162MB of shared system memory, 0 output[s]
[2016.02.13-18.26.36:572][  0]LogD3D11RHI: Chosen D3D11 Adapter Id = 0
[2016.02.13-18.26.38:497][  0]LogWindowsTextInputMethodSystem:Display: IME system now deactivated.
[2016.02.13-18.26.38:498][  0]LogWindowsTextInputMethodSystem:Display: IME system now deactivated.
[2016.02.13-18.26.38:500][  0]LogD3D11RHI: !Direct3DDevice
[2016.02.13-18.26.38:500][  0]LogRHI: Texture pool is 1361 MB (70% of 1945 MB)
[2016.02.13-18.26.38:513][  0]LogD3D11RHI: Async texture creation enabled
[2016.02.13-18.26.38:530][  0]LogShaderCompilers: Guid format shader working directory is 14 characters bigger than the processId version (Q:/Classes/3-2/AI/AISafari/Intermediate/Shaders/WorkingDirectory/21300/).
[2016.02.13-18.26.38:530][  0]LogShaderCompilers: Cleaned the shader compiler working directory 'Q:/Classes/3-2/AI/AISafari/Intermediate/Shaders/tmp/E7F1A1ED48B905F4ACC8DFB89C1DA8DF/'.
[2016.02.13-18.26.38:530][  0]LogShaderCompilers:Display: Using Local Shader Compiler.
[2016.02.13-18.26.39:291][  0]LogTemp:Display: Loaded TP AllDesktopTargetPlatform
[2016.02.13-18.26.39:297][  0]LogTemp:Display: Loaded TP WindowsClientTargetPlatform
[2016.02.13-18.26.39:303][  0]LogTemp:Display: Loaded TP WindowsNoEditorTargetPlatform
[2016.02.13-18.26.39:308][  0]LogTemp:Display: Loaded TP WindowsServerTargetPlatform
[2016.02.13-18.26.39:312][  0]LogTemp:Display: Loaded TP WindowsTargetPlatform
[2016.02.13-18.26.39:315][  0]LogTemp:Display: Loaded TP AndroidTargetPlatform
[2016.02.13-18.26.39:317][  0]LogTemp:Display: Loaded TP Android_ASTCTargetPlatform
[2016.02.13-18.26.39:319][  0]LogTemp:Display: Loaded TP Android_ATCTargetPlatform
[2016.02.13-18.26.39:321][  0]LogTemp:Display: Loaded TP Android_DXTTargetPlatform
[2016.02.13-18.26.39:325][  0]LogTemp:Display: Loaded TP Android_ETC1TargetPlatform
[2016.02.13-18.26.39:329][  0]LogTemp:Display: Loaded TP Android_ETC2TargetPlatform
[2016.02.13-18.26.39:331][  0]LogTemp:Display: Loaded TP Android_PVRTCTargetPlatform
[2016.02.13-18.26.39:332][  0]LogTemp:Display: Loaded TP HTML5TargetPlatform
[2016.02.13-18.26.39:348][  0]LogTemp:Display: Loaded TP IOSTargetPlatform
[2016.02.13-18.26.39:350][  0]LogTemp:Display: Loaded TP LinuxNoEditorTargetPlatform
[2016.02.13-18.26.39:352][  0]LogTemp:Display: Loaded TP LinuxServerTargetPlatform
[2016.02.13-18.26.39:355][  0]LogTemp:Display: Loaded TP LinuxTargetPlatform
[2016.02.13-18.26.39:355][  0]LogTargetPlatformManager:Display: Building Assets For Windows
[2016.02.13-18.26.39:419][  0]LogDerivedDataCache:Display: Max Cache Size: 512 MB
[2016.02.13-18.26.39:452][  0]LogDerivedDataCache: Loaded boot cache 0.03s 41MB C:/Users/Ryan/AppData/Local/UnrealEngine/4.9/DerivedDataCache/Boot.ddc.
[2016.02.13-18.26.39:452][  0]LogDerivedDataCache:Display: Loaded Boot cache: C:/Users/Ryan/AppData/Local/UnrealEngine/4.9/DerivedDataCache/Boot.ddc
[2016.02.13-18.26.39:452][  0]LogDerivedDataCache: FDerivedDataBackendGraph:  Pak pak cache file Q:/Classes/3-2/AI/AISafari/DerivedDataCache/DDC.ddp not found, will not use a pak cache.
[2016.02.13-18.26.39:452][  0]LogDerivedDataCache: Unable to find inner node Pak for hierarchical cache Hierarchy.
[2016.02.13-18.26.39:452][  0]LogDerivedDataCache: FDerivedDataBackendGraph:  CompressedPak pak cache file Q:/Classes/3-2/AI/AISafari/DerivedDataCache/Compressed.ddp not found, will not use a pak cache.
[2016.02.13-18.26.39:452][  0]LogDerivedDataCache: Unable to find inner node CompressedPak for hierarchical cache Hierarchy.
[2016.02.13-18.26.39:549][  0]LogDerivedDataCache:Display: Pak cache opened for reading ../../../Engine/DerivedDataCache/Compressed.ddp.
[2016.02.13-18.26.39:561][  0]LogDerivedDataCache: Using Local data cache path C:/Users/Ryan/AppData/Local/UnrealEngine/Common/DerivedDataCache: Writable
[2016.02.13-18.26.39:688][  0]LogInit: Selected Device Profile: [Windows]
[2016.02.13-18.26.39:690][  0]LogContentStreaming: Texture pool size is 0.000000MB
[2016.02.13-18.26.39:774][  0]LogMeshUtilities: No automatic mesh reduction module available
[2016.02.13-18.26.39:774][  0]LogMeshUtilities: No automatic mesh merging module available
[2016.02.13-18.26.39:967][  0]LogInit: WinSock: version 1.1 (2.2), MaxSocks=32767, MaxUdp=65467
[2016.02.13-18.26.40:483][  0]UdpMessaging: Initializing bridge on interface 0.0.0.0:0 to multicast group 230.0.0.1:6666.
[2016.02.13-18.26.40:577][  0]LogAssetRegistry: FAssetRegistry took 0.0107 seconds to start up
[2016.02.13-18.26.40:698][  0]SourceControl: Info Source control is disabled
[2016.02.13-18.26.40:703][  0]SourceControl: Info Source control is disabled
[2016.02.13-18.26.40:712][  0]SourceControl: Info Source control is disabled
[2016.02.13-18.26.40:722][  0]SourceControl: Info Source control is disabled
[2016.02.13-18.26.40:826][  0]LogLinker:Warning: Asset '../../../Engine/Plugins/Runtime/LeapMotionController/Content/LM_PassthroughMaterial.uasset' has been saved with empty engine version. The asset will be loaded but may be incompatible.
[2016.02.13-18.26.40:882][  0]LogObj: 28380 objects as part of root set at end of initial load.
[2016.02.13-18.26.40:882][  0]LogUObjectAllocator: 6046576 out of 0 bytes used by permanent object pool.
[2016.02.13-18.26.40:930][  0]LogEngine: Initializing Engine...
[2016.02.13-18.26.40:932][  0]LogHMD: Can't find Oculus library dev build: is proper Runtime installed? Version: 0.7.0.0
[2016.02.13-18.26.40:932][  0]LogHMD: SteamVR failed to initialize.  Err: 110
[2016.02.13-18.26.41:023][  0]LogAIModule: Creating AISystem for world NewWorld
[2016.02.13-18.26.41:030][  0]LogInit: XAudio2 using 'Speakers (ASUS Xonar DGX Audio Device)' : 2 channels at 44.1 kHz using 16 bits per sample (channel mask 0x3)
[2016.02.13-18.26.41:034][  0]LogInit: FAudioDevice initialized.
[2016.02.13-18.26.41:053][  0]LogDerivedDataCache: Saved boot cache 0.02s 41MB C:/Users/Ryan/AppData/Local/UnrealEngine/4.9/DerivedDataCache/Boot.ddc.
[2016.02.13-18.26.41:059][  0]LogInit: Texture streaming: Enabled
[2016.02.13-18.26.41:063][  0]LogAnalytics: Creating configured Analytics provider AnalyticsET
[2016.02.13-18.26.41:063][  0]LogAnalytics: [UEEditor.Rocket.Release] APIServer = http://et2.epicgames.com/ET2/. AppVersion = 4.9.2-2707645+++depot+UE4-Releases+4.9
[2016.02.13-18.26.41:063][  0]LogAnalytics: [UEEditor.Rocket.Release] SetUserId d1f9beca401d8fe412e57fa88e66abb9|85745c8591404a23957796735eaccf05|defee072-9da8-4f68-a06a-f65b3a6c30bf
[2016.02.13-18.26.41:063][  0]LogAnalytics: [UEEditor.Rocket.Release] AnalyticsET::StartSession
[2016.02.13-18.26.41:089][  0]LogInit: Transaction tracking system initialized
[2016.02.13-18.26.41:112][  0]BlueprintLog: New page: Editor Load
[2016.02.13-18.26.41:172][  0]LocalizationService: Info Localization service is disabled
[2016.02.13-18.26.41:240][  0]LogConsoleResponse:Display: 
[2016.02.13-18.26.41:331][  0]LogCook:Display: Done creating registry. It took  0.00s.
[2016.02.13-18.26.41:375][  0]LogFileCache: Scanning file cache for directory 'Q:/Classes/3-2/AI/AISafari/Content/' took 0.01s
[2016.02.13-18.26.41:375][  0]SourceControl: Info Source control is disabled
[2016.02.13-18.26.41:375][  0]Cmd: MAP LOAD FILE="Q:/Classes/3-2/AI/AISafari/Content/StarterContent/Maps/Minimal_Default.umap" TEMPLATE=0 SHOWPROGRESS=1 FEATURELEVEL=3
[2016.02.13-18.26.41:376][  0]LightingResults: New page: Lighting Build
[2016.02.13-18.26.41:378][  0]MapCheck: New page: Map Check
[2016.02.13-18.26.41:378][  0]LightingResults: New page: Lighting Build
[2016.02.13-18.26.41:387][  0]LogParticles: Destroying 0 GPU particle simulations for FXSystem 0x0000009A2184FCE0
[2016.02.13-18.26.41:593][  0]LogAIModule: Creating AISystem for world Minimal_Default
[2016.02.13-18.26.41:597][  0]LogEditorServer: Finished looking for orphan Actors (0.000 secs)
[2016.02.13-18.26.41:598][  0]Cmd: MAP CHECKDEP NOCLEARLOG
[2016.02.13-18.26.41:632][  0]MapCheck: Info Map check complete: 0 Error(s), 0 Warning(s), took 34.49ms to complete.
[2016.02.13-18.26.41:633][  0]LogFileHelpers: Loading map 'Minimal_Default' took 0.257
[2016.02.13-18.26.41:683][  0]LogWindowsTextInputMethodSystem:Display: IME system now deactivated.
[2016.02.13-18.26.41:759][  0]LogCollectionManager: Loaded 0 collections in 0.001634 seconds
[2016.02.13-18.26.41:801][  0]LogFileCache: Scanning file cache for directory 'Q:/Classes/3-2/AI/AISafari/Saved/Collections/' took 0.01s
[2016.02.13-18.26.41:801][  0]LogFileCache: Scanning file cache for directory 'Q:/Classes/3-2/AI/AISafari/Content/Developers/Ryan/Collections/' took 0.01s
[2016.02.13-18.26.41:801][  0]LogFileCache: Scanning file cache for directory 'Q:/Classes/3-2/AI/AISafari/Content/Collections/' took 0.01s
[2016.02.13-18.26.41:801][  0]LogContentBrowser: Native class hierarchy populated in 0.0093 seconds. Added 1871 classes and 336 folders.
[2016.02.13-18.26.41:819][  0]LogCollectionManager: Rebuilt the GUID cache for 0 collections in 0.000002 seconds
[2016.02.13-18.26.41:827][  0]LogContentBrowser: Native class hierarchy updated for 'WidgetCarousel' in 0.0015 seconds. Added 0 classes and 0 folders.
[2016.02.13-18.26.41:864][  0]LogContentBrowser: Native class hierarchy updated for 'AddContentDialog' in 0.0013 seconds. Added 0 classes and 0 folders.
[2016.02.13-18.26.41:869][  0]LogContentBrowser: Native class hierarchy updated for 'SceneOutliner' in 0.0013 seconds. Added 1 classes and 2 folders.
[2016.02.13-18.26.41:887][  0]LogCrashTracker: Crashtracker disabled due to settings.
[2016.02.13-18.26.41:893][  0]LogUObjectGlobals:Warning: Failed to find object 'Class None.'
[2016.02.13-18.26.41:916][  0]LogLoad: Full Startup: 6.67 seconds (BP compile: 0.03 seconds)
[2016.02.13-18.26.42:304][  0]LogContentStreaming: Texture pool size now 1000 MB
[2016.02.13-18.26.42:421][  0]LogRenderer: Reallocating scene render targets to support 1208x600 (Frame:2).
[2016.02.13-18.26.42:937][  2]LogAssetRegistry: Asset discovery search completed in 2.3716 seconds
[2016.02.13-18.26.42:937][  2]LogCollectionManager: Rebuilt the object cache for 0 collections in 0.000001 seconds (found 0 objects)
[2016.02.13-18.26.42:937][  2]LogCollectionManager: Fixed up redirectors for 0 collections in 0.000022 seconds (updated 0 objects)
[2016.02.13-18.27.15:923][101]LogHotReload: New module detected: UE4Editor-AISafari-2739.dll
[2016.02.13-18.27.16:598][104]LogHotReload: Starting Hot-Reload from IDE
[2016.02.13-18.27.16:671][104]LogContentBrowser: Native class hierarchy updated for 'AISafari' in 0.0009 seconds. Added 4 classes and 3 folders.
[2016.02.13-18.27.16:672][104]Warning: HotReload successful (0 functions remapped  0 scriptstructs remapped)
[2016.02.13-18.27.16:720][104]LogContentBrowser: Native class hierarchy populated in 0.0059 seconds. Added 1872 classes and 338 folders.
[2016.02.13-18.27.23:625][117]LogBlueprintUserMessages: Early PlayInEditor Detection: Level '/Game/StarterContent/Maps/Minimal_Default.Minimal_Default:PersistentLevel' has LevelScriptBlueprint '/Game/StarterContent/Maps/Minimal_Default.Minimal_Default:PersistentLevel.Minimal_Default' with GeneratedClass '/Game/StarterContent/Maps/Minimal_Default.Minimal_Default_C' with ClassGeneratedBy '/Game/StarterContent/Maps/Minimal_Default.Minimal_Default:PersistentLevel.Minimal_Default'
[2016.02.13-18.27.23:626][117]LogPlayLevel: PlayLevel: No blueprints needed recompiling
[2016.02.13-18.27.23:626][117]PIE: New page: PIE session: Minimal_Default (Feb 13, 2016, 8:27:23 AM)
[2016.02.13-18.27.23:626][117]LogPlayLevel: Creating play world package: /Game/StarterContent/Maps/UEDPIE_0_Minimal_Default
[2016.02.13-18.27.23:632][117]LogPlayLevel: PIE: StaticDuplicateObject took: (0.005540s)
[2016.02.13-18.27.23:632][117]LogAIModule: Creating AISystem for world Minimal_Default
[2016.02.13-18.27.23:632][117]LogPlayLevel: PIE: World Init took: (0.000492s)
[2016.02.13-18.27.23:632][117]LogPlayLevel: PIE: Created PIE world by copying editor world from /Game/StarterContent/Maps/Minimal_Default.Minimal_Default to /Game/StarterContent/Maps/UEDPIE_0_Minimal_Default.Minimal_Default (0.006179s)
[2016.02.13-18.27.23:652][117]LogInit: XAudio2 using 'Speakers (ASUS Xonar DGX Audio Device)' : 2 channels at 44.1 kHz using 16 bits per sample (channel mask 0x3)
[2016.02.13-18.27.23:656][117]LogInit: FAudioDevice initialized.
[2016.02.13-18.27.23:703][117]LogWorld: Game class is 'AISafariGameMode'
[2016.02.13-18.27.23:705][117]LogWorld: Bringing World /Game/StarterContent/Maps/UEDPIE_0_Minimal_Default.Minimal_Default up for play (max tick rate 0) at 2016.02.13-13.27.23
[2016.02.13-18.27.23:705][117]LogActor:Warning: GameSession /Game/StarterContent/Maps/UEDPIE_0_Minimal_Default.Minimal_Default:PersistentLevel.GameSession_0 has natively added scene component(s), but none of them were set as the actor's RootComponent - picking one arbitrarily
[2016.02.13-18.27.23:705][117]LogActor:Warning: GameNetworkManager /Game/StarterContent/Maps/UEDPIE_0_Minimal_Default.Minimal_Default:PersistentLevel.GameNetworkManager_0 has natively added scene component(s), but none of them were set as the actor's RootComponent - picking one arbitrarily
[2016.02.13-18.27.23:705][117]LogWorld: Bringing up level for play took: 0.001667
[2016.02.13-18.27.26:727][117]PIE: Info Play in editor start time for /Game/StarterContent/Maps/UEDPIE_0_Minimal_Default 3.555
[2016.02.13-18.27.26:728][117]LogBlueprintUserMessages: Late PlayInEditor Detection: Level '/Game/StarterContent/Maps/Minimal_Default.Minimal_Default:PersistentLevel' has LevelScriptBlueprint '/Game/StarterContent/Maps/Minimal_Default.Minimal_Default:PersistentLevel.Minimal_Default' with GeneratedClass '/Game/StarterContent/Maps/Minimal_Default.Minimal_Default_C' with ClassGeneratedBy '/Game/StarterContent/Maps/Minimal_Default.Minimal_Default:PersistentLevel.Minimal_Default'
[2016.02.13-18.27.38:846][117]LogCrashTracker: 


[2016.02.13-18.27.38:846][117]LogCrashTracker: 


[2016.02.13-18.27.38:846][117]LogWindows: === Critical error: ===
Fatal error!



[2016.02.13-18.27.38:943][117]LogExit: Executing StaticShutdownAfterError
[2016.02.13-18.27.38:951][117]LogPhysics:Warning: PHYSX: ..\..\PhysX\src\NpScene.cpp (2946) 8 : PxScene::unlockWrite() called without matching call to PxScene::lockWrite(), behaviour will be undefined.
[2016.02.13-18.27.38:951][117]LogPhysics:Warning: PHYSX: ..\..\PhysX\src\NpScene.cpp (2946) 8 : PxScene::unlockWrite() called without matching call to PxScene::lockWrite(), behaviour will be undefined.
[2016.02.13-18.27.38:951][117]LogPhysics:Warning: PHYSX: ..\..\PhysX\src\NpScene.cpp (2946) 8 : PxScene::unlockWrite() called without matching call to PxScene::lockWrite(), behaviour will be undefined.
[2016.02.13-18.27.38:951][117]LogPhysics:Warning: PHYSX: ..\..\PhysX\src\NpScene.cpp (2946) 8 : PxScene::unlockWrite() called without matching call to PxScene::lockWrite(), behaviour will be undefined.
[2016.02.13-18.27.38:951][117]LogWindows: FPlatformMisc::RequestExit(1)
[2016.02.13-18.27.38:951][117]Log file closed, 02/13/16 13:27:38
