[2016.02.13-19.00.08:317][  0]Log file open, 02/13/16 14:00:08
[2016.02.13-19.00.08:317][  0]LogInit:Display: Running engine for game: AISafari
[2016.02.13-19.00.08:317][  0]LogInit:Display: RandInit(-1848266048) SRandInit(-1848266048).
[2016.02.13-19.00.08:317][  0]LogTaskGraph: Started task graph with 4 named threads and 7 total threads.
[2016.02.13-19.00.08:317][  0]LogStats: Stats thread started at 0.066916
[2016.02.13-19.00.08:317][  0]LogInit: Version: 4.9.2-2707645+++depot+UE4-Releases+4.9
[2016.02.13-19.00.08:317][  0]LogInit: API Version: 2672455
[2016.02.13-19.00.08:317][  0]LogInit: Compiled (64-bit): Sep 28 2015 10:25:44
[2016.02.13-19.00.08:317][  0]LogInit: Compiled with Visual C++: 18.00.21005.01
[2016.02.13-19.00.08:317][  0]LogInit: Build Configuration: Development
[2016.02.13-19.00.08:317][  0]LogInit: Branch Name: ++depot+UE4-Releases+4.9
[2016.02.13-19.00.08:317][  0]LogInit: Command line:  
[2016.02.13-19.00.08:317][  0]LogInit: Base directory: C:/Program Files (x86)/Epic Games/4.9/Engine/Binaries/Win64/
[2016.02.13-19.00.08:317][  0]LogInit: Rocket: 1
[2016.02.13-19.00.08:325][  0]LogInit: Using libcurl 7.41.0
[2016.02.13-19.00.08:325][  0]LogInit:  - built for x86_64-pc-win32
[2016.02.13-19.00.08:325][  0]LogInit:  - supports SSL with WinSSL
[2016.02.13-19.00.08:325][  0]LogInit:  - other features:
[2016.02.13-19.00.08:325][  0]LogInit:      CURL_VERSION_SSL
[2016.02.13-19.00.08:325][  0]LogInit:      CURL_VERSION_IPV6
[2016.02.13-19.00.08:325][  0]LogInit:      CURL_VERSION_ASYNCHDNS
[2016.02.13-19.00.08:325][  0]LogInit:      CURL_VERSION_LARGEFILE
[2016.02.13-19.00.08:325][  0]LogInit:      CURL_VERSION_IDN
[2016.02.13-19.00.08:325][  0]LogInit:  CurlRequestOptions (configurable via config and command line):
[2016.02.13-19.00.08:325][  0]LogInit:  - bVerifyPeer = true  - Libcurl will verify peer certificate
[2016.02.13-19.00.08:325][  0]LogInit:  - bUseHttpProxy = false  - Libcurl will NOT use HTTP proxy
[2016.02.13-19.00.08:325][  0]LogInit:  - bDontReuseConnections = false  - Libcurl will reuse connections
[2016.02.13-19.00.08:325][  0]LogInit:  - CertBundlePath = nullptr  - Libcurl will use whatever was configured at build time.
[2016.02.13-19.00.08:330][  0]LogInit: Presizing for 0 objects not considered by GC, pre-allocating 0 bytes.
[2016.02.13-19.00.08:335][  0]LogInit: Object subsystem initialized
[2016.02.13-19.00.08:336][  0]LogInit: Selected Device Profile: [Windows]
[2016.02.13-19.00.08:336][  0]LogInit: Applying CVar settings loaded from the selected device profile: [Windows]
[2016.02.13-19.00.08:342][  0]LogInit: Computer: ZEBRADESKTOP
[2016.02.13-19.00.08:342][  0]LogInit: User: Ryan
[2016.02.13-19.00.08:342][  0]LogInit: CPU Page size=4096, Cores=4
[2016.02.13-19.00.08:342][  0]LogInit: High frequency timer resolution =3.984648 MHz
[2016.02.13-19.00.08:342][  0]LogMemory: Memory total: Physical=15.9GB (16GB approx)
[2016.02.13-19.00.08:342][  0]LogMemory: Platform Memory Stats for Windows
[2016.02.13-19.00.08:342][  0]LogMemory: Process Physical Memory: 53.94 MB used, 53.94 MB peak
[2016.02.13-19.00.08:342][  0]LogMemory: Process Virtual Memory: 57.41 MB used, 57.41 MB peak
[2016.02.13-19.00.08:342][  0]LogMemory: Physical Memory: 7413.19 MB used, 16325.73 MB total
[2016.02.13-19.00.08:342][  0]LogMemory: Virtual Memory: 366.70 MB used, 134217728.00 MB total
[2016.02.13-19.00.08:370][  0]LogTextLocalizationManager: No specific translations for ('en-US') exist, so ('en') translations will be used.
[2016.02.13-19.00.08:911][  0]LogD3D11RHI: Found D3D11 adapter 0: NVIDIA GeForce GTX 780 (Feature Level 11_0)
[2016.02.13-19.00.08:911][  0]LogD3D11RHI: Adapter has 5971MB of dedicated video memory, 0MB of dedicated system memory, and 8162MB of shared system memory, 3 output[s]
[2016.02.13-19.00.08:912][  0]LogD3D11RHI: Found D3D11 adapter 1: Microsoft Basic Render Driver (Feature Level 11_0)
[2016.02.13-19.00.08:912][  0]LogD3D11RHI: Adapter has 0MB of dedicated video memory, 0MB of dedicated system memory, and 8162MB of shared system memory, 0 output[s]
[2016.02.13-19.00.08:913][  0]LogD3D11RHI: Chosen D3D11 Adapter Id = 0
[2016.02.13-19.00.12:247][  0]LogWindowsTextInputMethodSystem:Display: IME system now deactivated.
[2016.02.13-19.00.12:248][  0]LogWindowsTextInputMethodSystem:Display: IME system now deactivated.
[2016.02.13-19.00.12:250][  0]LogD3D11RHI: !Direct3DDevice
[2016.02.13-19.00.12:250][  0]LogRHI: Texture pool is 1361 MB (70% of 1945 MB)
[2016.02.13-19.00.12:264][  0]LogD3D11RHI: Async texture creation enabled
[2016.02.13-19.00.12:283][  0]LogShaderCompilers: Guid format shader working directory is 14 characters bigger than the processId version (Q:/Classes/3-2/AI/AISafari/Intermediate/Shaders/WorkingDirectory/20368/).
[2016.02.13-19.00.12:283][  0]LogShaderCompilers: Cleaned the shader compiler working directory 'Q:/Classes/3-2/AI/AISafari/Intermediate/Shaders/tmp/071DBAAB45B8B2C459A20A921BE31F66/'.
[2016.02.13-19.00.12:283][  0]LogShaderCompilers:Display: Using Local Shader Compiler.
[2016.02.13-19.00.12:990][  0]LogTemp:Display: Loaded TP AllDesktopTargetPlatform
[2016.02.13-19.00.12:994][  0]LogTemp:Display: Loaded TP WindowsClientTargetPlatform
[2016.02.13-19.00.12:999][  0]LogTemp:Display: Loaded TP WindowsNoEditorTargetPlatform
[2016.02.13-19.00.13:004][  0]LogTemp:Display: Loaded TP WindowsServerTargetPlatform
[2016.02.13-19.00.13:008][  0]LogTemp:Display: Loaded TP WindowsTargetPlatform
[2016.02.13-19.00.13:010][  0]LogTemp:Display: Loaded TP AndroidTargetPlatform
[2016.02.13-19.00.13:013][  0]LogTemp:Display: Loaded TP Android_ASTCTargetPlatform
[2016.02.13-19.00.13:015][  0]LogTemp:Display: Loaded TP Android_ATCTargetPlatform
[2016.02.13-19.00.13:020][  0]LogTemp:Display: Loaded TP Android_DXTTargetPlatform
[2016.02.13-19.00.13:024][  0]LogTemp:Display: Loaded TP Android_ETC1TargetPlatform
[2016.02.13-19.00.13:026][  0]LogTemp:Display: Loaded TP Android_ETC2TargetPlatform
[2016.02.13-19.00.13:028][  0]LogTemp:Display: Loaded TP Android_PVRTCTargetPlatform
[2016.02.13-19.00.13:029][  0]LogTemp:Display: Loaded TP HTML5TargetPlatform
[2016.02.13-19.00.13:046][  0]LogTemp:Display: Loaded TP IOSTargetPlatform
[2016.02.13-19.00.13:048][  0]LogTemp:Display: Loaded TP LinuxNoEditorTargetPlatform
[2016.02.13-19.00.13:051][  0]LogTemp:Display: Loaded TP LinuxServerTargetPlatform
[2016.02.13-19.00.13:054][  0]LogTemp:Display: Loaded TP LinuxTargetPlatform
[2016.02.13-19.00.13:054][  0]LogTargetPlatformManager:Display: Building Assets For Windows
[2016.02.13-19.00.13:122][  0]LogDerivedDataCache:Display: Max Cache Size: 512 MB
[2016.02.13-19.00.13:158][  0]LogDerivedDataCache: Loaded boot cache 0.04s 41MB C:/Users/Ryan/AppData/Local/UnrealEngine/4.9/DerivedDataCache/Boot.ddc.
[2016.02.13-19.00.13:158][  0]LogDerivedDataCache:Display: Loaded Boot cache: C:/Users/Ryan/AppData/Local/UnrealEngine/4.9/DerivedDataCache/Boot.ddc
[2016.02.13-19.00.13:159][  0]LogDerivedDataCache: FDerivedDataBackendGraph:  Pak pak cache file Q:/Classes/3-2/AI/AISafari/DerivedDataCache/DDC.ddp not found, will not use a pak cache.
[2016.02.13-19.00.13:159][  0]LogDerivedDataCache: Unable to find inner node Pak for hierarchical cache Hierarchy.
[2016.02.13-19.00.13:159][  0]LogDerivedDataCache: FDerivedDataBackendGraph:  CompressedPak pak cache file Q:/Classes/3-2/AI/AISafari/DerivedDataCache/Compressed.ddp not found, will not use a pak cache.
[2016.02.13-19.00.13:159][  0]LogDerivedDataCache: Unable to find inner node CompressedPak for hierarchical cache Hierarchy.
[2016.02.13-19.00.13:265][  0]LogDerivedDataCache:Display: Pak cache opened for reading ../../../Engine/DerivedDataCache/Compressed.ddp.
[2016.02.13-19.00.13:277][  0]LogDerivedDataCache: Using Local data cache path C:/Users/Ryan/AppData/Local/UnrealEngine/Common/DerivedDataCache: Writable
[2016.02.13-19.00.13:414][  0]LogInit: Selected Device Profile: [Windows]
[2016.02.13-19.00.13:417][  0]LogContentStreaming: Texture pool size is 0.000000MB
[2016.02.13-19.00.13:532][  0]LogMeshUtilities: No automatic mesh reduction module available
[2016.02.13-19.00.13:532][  0]LogMeshUtilities: No automatic mesh merging module available
[2016.02.13-19.00.13:707][  0]LogInit: WinSock: version 1.1 (2.2), MaxSocks=32767, MaxUdp=65467
[2016.02.13-19.00.14:210][  0]UdpMessaging: Initializing bridge on interface 0.0.0.0:0 to multicast group 230.0.0.1:6666.
[2016.02.13-19.00.14:309][  0]LogAssetRegistry: FAssetRegistry took 0.0112 seconds to start up
[2016.02.13-19.00.14:422][  0]SourceControl: Info Source control is disabled
[2016.02.13-19.00.14:427][  0]SourceControl: Info Source control is disabled
[2016.02.13-19.00.14:437][  0]SourceControl: Info Source control is disabled
[2016.02.13-19.00.14:448][  0]SourceControl: Info Source control is disabled
[2016.02.13-19.00.14:557][  0]LogLinker:Warning: Asset '../../../Engine/Plugins/Runtime/LeapMotionController/Content/LM_PassthroughMaterial.uasset' has been saved with empty engine version. The asset will be loaded but may be incompatible.
[2016.02.13-19.00.14:614][  0]LogObj: 28380 objects as part of root set at end of initial load.
[2016.02.13-19.00.14:614][  0]LogUObjectAllocator: 6046576 out of 0 bytes used by permanent object pool.
[2016.02.13-19.00.14:660][  0]LogEngine: Initializing Engine...
[2016.02.13-19.00.14:661][  0]LogHMD: Can't find Oculus library dev build: is proper Runtime installed? Version: 0.7.0.0
[2016.02.13-19.00.14:662][  0]LogHMD: SteamVR failed to initialize.  Err: 110
[2016.02.13-19.00.14:755][  0]LogAIModule: Creating AISystem for world NewWorld
[2016.02.13-19.00.14:762][  0]LogInit: XAudio2 using 'Speakers (ASUS Xonar DGX Audio Device)' : 2 channels at 44.1 kHz using 16 bits per sample (channel mask 0x3)
[2016.02.13-19.00.14:769][  0]LogInit: FAudioDevice initialized.
[2016.02.13-19.00.14:794][  0]LogDerivedDataCache: Saved boot cache 0.02s 41MB C:/Users/Ryan/AppData/Local/UnrealEngine/4.9/DerivedDataCache/Boot.ddc.
[2016.02.13-19.00.14:798][  0]LogInit: Texture streaming: Enabled
[2016.02.13-19.00.14:803][  0]LogAnalytics: Creating configured Analytics provider AnalyticsET
[2016.02.13-19.00.14:803][  0]LogAnalytics: [UEEditor.Rocket.Release] APIServer = http://et2.epicgames.com/ET2/. AppVersion = 4.9.2-2707645+++depot+UE4-Releases+4.9
[2016.02.13-19.00.14:803][  0]LogAnalytics: [UEEditor.Rocket.Release] SetUserId d1f9beca401d8fe412e57fa88e66abb9|85745c8591404a23957796735eaccf05|defee072-9da8-4f68-a06a-f65b3a6c30bf
[2016.02.13-19.00.14:803][  0]LogAnalytics: [UEEditor.Rocket.Release] AnalyticsET::StartSession
[2016.02.13-19.00.14:829][  0]LogInit: Transaction tracking system initialized
[2016.02.13-19.00.14:856][  0]BlueprintLog: New page: Editor Load
[2016.02.13-19.00.14:930][  0]LocalizationService: Info Localization service is disabled
[2016.02.13-19.00.14:998][  0]LogConsoleResponse:Display: 
[2016.02.13-19.00.15:086][  0]LogCook:Display: Done creating registry. It took  0.00s.
[2016.02.13-19.00.15:129][  0]LogFileCache: Scanning file cache for directory 'Q:/Classes/3-2/AI/AISafari/Content/' took 0.01s
[2016.02.13-19.00.15:129][  0]SourceControl: Info Source control is disabled
[2016.02.13-19.00.15:129][  0]Cmd: MAP LOAD FILE="Q:/Classes/3-2/AI/AISafari/Content/StarterContent/Maps/Minimal_Default.umap" TEMPLATE=0 SHOWPROGRESS=1 FEATURELEVEL=3
[2016.02.13-19.00.15:130][  0]LightingResults: New page: Lighting Build
[2016.02.13-19.00.15:132][  0]MapCheck: New page: Map Check
[2016.02.13-19.00.15:132][  0]LightingResults: New page: Lighting Build
[2016.02.13-19.00.15:141][  0]LogParticles: Destroying 0 GPU particle simulations for FXSystem 0x0000002CC6CE7CE0
[2016.02.13-19.00.15:350][  0]LogAIModule: Creating AISystem for world Minimal_Default
[2016.02.13-19.00.15:356][  0]LogEditorServer: Finished looking for orphan Actors (0.000 secs)
[2016.02.13-19.00.15:356][  0]Cmd: MAP CHECKDEP NOCLEARLOG
[2016.02.13-19.00.15:394][  0]MapCheck: Info Map check complete: 0 Error(s), 0 Warning(s), took 37.509ms to complete.
[2016.02.13-19.00.15:394][  0]LogFileHelpers: Loading map 'Minimal_Default' took 0.264
[2016.02.13-19.00.15:438][  0]LogWindowsTextInputMethodSystem:Display: IME system now deactivated.
[2016.02.13-19.00.15:526][  0]LogCollectionManager: Loaded 0 collections in 0.002515 seconds
[2016.02.13-19.00.15:567][  0]LogFileCache: Scanning file cache for directory 'Q:/Classes/3-2/AI/AISafari/Saved/Collections/' took 0.01s
[2016.02.13-19.00.15:567][  0]LogFileCache: Scanning file cache for directory 'Q:/Classes/3-2/AI/AISafari/Content/Developers/Ryan/Collections/' took 0.01s
[2016.02.13-19.00.15:567][  0]LogFileCache: Scanning file cache for directory 'Q:/Classes/3-2/AI/AISafari/Content/Collections/' took 0.01s
[2016.02.13-19.00.15:567][  0]LogContentBrowser: Native class hierarchy populated in 0.0078 seconds. Added 1871 classes and 336 folders.
[2016.02.13-19.00.15:584][  0]LogCollectionManager: Rebuilt the GUID cache for 0 collections in 0.000003 seconds
[2016.02.13-19.00.15:592][  0]LogContentBrowser: Native class hierarchy updated for 'WidgetCarousel' in 0.0013 seconds. Added 0 classes and 0 folders.
[2016.02.13-19.00.15:634][  0]LogContentBrowser: Native class hierarchy updated for 'AddContentDialog' in 0.0009 seconds. Added 0 classes and 0 folders.
[2016.02.13-19.00.15:639][  0]LogContentBrowser: Native class hierarchy updated for 'SceneOutliner' in 0.0012 seconds. Added 1 classes and 2 folders.
[2016.02.13-19.00.15:658][  0]LogCrashTracker: Crashtracker disabled due to settings.
[2016.02.13-19.00.15:664][  0]LogUObjectGlobals:Warning: Failed to find object 'Class None.'
[2016.02.13-19.00.15:687][  0]LogLoad: Full Startup: 7.96 seconds (BP compile: 0.03 seconds)
[2016.02.13-19.00.16:074][  0]LogContentStreaming: Texture pool size now 1000 MB
[2016.02.13-19.00.16:188][  0]LogRenderer: Reallocating scene render targets to support 1208x600 (Frame:2).
[2016.02.13-19.00.16:708][  2]LogAssetRegistry: Asset discovery search completed in 2.4103 seconds
[2016.02.13-19.00.16:708][  2]LogCollectionManager: Rebuilt the object cache for 0 collections in 0.000001 seconds (found 0 objects)
[2016.02.13-19.00.16:708][  2]LogCollectionManager: Fixed up redirectors for 0 collections in 0.000023 seconds (updated 0 objects)
[2016.02.13-19.01.49:361][280]LogHotReload: New module detected: UE4Editor-AISafari-3425.dll
[2016.02.13-19.01.50:038][283]LogHotReload: Starting Hot-Reload from IDE
[2016.02.13-19.01.50:139][283]LogContentBrowser: Native class hierarchy updated for 'AISafari' in 0.0011 seconds. Added 4 classes and 3 folders.
[2016.02.13-19.01.50:140][283]Warning: HotReload successful (0 functions remapped  0 scriptstructs remapped)
[2016.02.13-19.01.50:188][283]LogContentBrowser: Native class hierarchy populated in 0.0080 seconds. Added 1872 classes and 338 folders.
[2016.02.13-19.02.39:695][431]LogHotReload: New module detected: UE4Editor-AISafari-8998.dll
[2016.02.13-19.02.40:038][433]LogHotReload: Starting Hot-Reload from IDE
[2016.02.13-19.02.40:096][433]LogContentBrowser: Native class hierarchy updated for 'AISafari' in 0.0009 seconds. Added 4 classes and 3 folders.
[2016.02.13-19.02.40:097][433]Warning: HotReload successful (0 functions remapped  0 scriptstructs remapped)
[2016.02.13-19.02.40:140][433]LogContentBrowser: Native class hierarchy populated in 0.0067 seconds. Added 1872 classes and 338 folders.
[2016.02.13-19.03.12:694][530]LogHotReload: New module detected: UE4Editor-AISafari-9966.dll
[2016.02.13-19.03.13:370][533]LogHotReload: Starting Hot-Reload from IDE
[2016.02.13-19.03.13:440][533]LogContentBrowser: Native class hierarchy updated for 'AISafari' in 0.0009 seconds. Added 4 classes and 3 folders.
[2016.02.13-19.03.13:441][533]Warning: HotReload successful (0 functions remapped  0 scriptstructs remapped)
[2016.02.13-19.03.13:494][533]LogContentBrowser: Native class hierarchy populated in 0.0064 seconds. Added 1872 classes and 338 folders.
[2016.02.13-19.04.57:361][844]LogHotReload: New module detected: UE4Editor-AISafari-8767.dll
[2016.02.13-19.04.58:042][847]LogHotReload: Starting Hot-Reload from IDE
[2016.02.13-19.04.58:098][847]LogContentBrowser: Native class hierarchy updated for 'AISafari' in 0.0009 seconds. Added 4 classes and 3 folders.
[2016.02.13-19.04.58:099][847]Warning: HotReload successful (0 functions remapped  0 scriptstructs remapped)
[2016.02.13-19.04.58:148][847]LogContentBrowser: Native class hierarchy populated in 0.0060 seconds. Added 1872 classes and 338 folders.
[2016.02.13-19.05.19:694][911]LogHotReload: New module detected: UE4Editor-AISafari-5056.dll
[2016.02.13-19.05.20:039][913]LogHotReload: Starting Hot-Reload from IDE
[2016.02.13-19.05.20:104][913]LogContentBrowser: Native class hierarchy updated for 'AISafari' in 0.0013 seconds. Added 4 classes and 3 folders.
[2016.02.13-19.05.20:106][913]Warning: HotReload successful (0 functions remapped  0 scriptstructs remapped)
[2016.02.13-19.05.20:148][913]LogContentBrowser: Native class hierarchy populated in 0.0060 seconds. Added 1872 classes and 338 folders.
[2016.02.13-19.06.47:029][173]LogHotReload: New module detected: UE4Editor-AISafari-1562.dll
[2016.02.13-19.06.47:704][176]LogHotReload: Starting Hot-Reload from IDE
[2016.02.13-19.06.47:805][176]LogContentBrowser: Native class hierarchy updated for 'AISafari' in 0.0011 seconds. Added 4 classes and 3 folders.
[2016.02.13-19.06.47:807][176]Warning: HotReload successful (0 functions remapped  0 scriptstructs remapped)
[2016.02.13-19.06.47:865][176]LogContentBrowser: Native class hierarchy populated in 0.0114 seconds. Added 1872 classes and 338 folders.
[2016.02.13-19.09.17:032][623]LogHotReload: New module detected: UE4Editor-AISafari-6776.dll
[2016.02.13-19.09.17:709][626]LogHotReload: Starting Hot-Reload from IDE
[2016.02.13-19.09.17:758][626]LogContentBrowser: Native class hierarchy updated for 'AISafari' in 0.0014 seconds. Added 4 classes and 3 folders.
[2016.02.13-19.09.17:759][626]Warning: HotReload successful (0 functions remapped  0 scriptstructs remapped)
[2016.02.13-19.09.17:808][626]LogContentBrowser: Native class hierarchy populated in 0.0080 seconds. Added 1872 classes and 338 folders.
[2016.02.13-19.09.58:699][748]LogHotReload: New module detected: UE4Editor-AISafari-349.dll
[2016.02.13-19.09.59:377][751]LogHotReload: Starting Hot-Reload from IDE
[2016.02.13-19.09.59:432][751]LogContentBrowser: Native class hierarchy updated for 'AISafari' in 0.0011 seconds. Added 4 classes and 3 folders.
[2016.02.13-19.09.59:434][751]Warning: HotReload successful (0 functions remapped  0 scriptstructs remapped)
[2016.02.13-19.09.59:491][751]LogContentBrowser: Native class hierarchy populated in 0.0077 seconds. Added 1872 classes and 338 folders.
[2016.02.13-19.10.20:034][812]LogHotReload: New module detected: UE4Editor-AISafari-3517.dll
[2016.02.13-19.10.20:714][815]LogHotReload: Starting Hot-Reload from IDE
[2016.02.13-19.10.20:837][815]LogContentBrowser: Native class hierarchy updated for 'AISafari' in 0.0014 seconds. Added 4 classes and 3 folders.
[2016.02.13-19.10.20:838][815]Warning: HotReload successful (0 functions remapped  0 scriptstructs remapped)
[2016.02.13-19.10.20:897][815]LogContentBrowser: Native class hierarchy populated in 0.0099 seconds. Added 1872 classes and 338 folders.
[2016.02.13-19.11.08:368][957]LogHotReload: New module detected: UE4Editor-AISafari-6716.dll
[2016.02.13-19.11.09:043][960]LogHotReload: Starting Hot-Reload from IDE
[2016.02.13-19.11.09:113][960]LogContentBrowser: Native class hierarchy updated for 'AISafari' in 0.0009 seconds. Added 4 classes and 3 folders.
[2016.02.13-19.11.09:114][960]Warning: HotReload successful (0 functions remapped  0 scriptstructs remapped)
[2016.02.13-19.11.09:164][960]LogContentBrowser: Native class hierarchy populated in 0.0082 seconds. Added 1872 classes and 338 folders.
[2016.02.13-19.11.44:035][ 64]LogHotReload: New module detected: UE4Editor-AISafari-6298.dll
[2016.02.13-19.11.44:712][ 67]LogHotReload: Starting Hot-Reload from IDE
[2016.02.13-19.11.44:777][ 67]LogContentBrowser: Native class hierarchy updated for 'AISafari' in 0.0013 seconds. Added 4 classes and 3 folders.
[2016.02.13-19.11.44:779][ 67]Warning: HotReload successful (0 functions remapped  0 scriptstructs remapped)
[2016.02.13-19.11.44:825][ 67]LogContentBrowser: Native class hierarchy populated in 0.0066 seconds. Added 1872 classes and 338 folders.
[2016.02.13-19.12.32:036][208]LogHotReload: New module detected: UE4Editor-AISafari-8572.dll
[2016.02.13-19.12.32:382][210]LogHotReload: Starting Hot-Reload from IDE
[2016.02.13-19.12.32:458][210]LogContentBrowser: Native class hierarchy updated for 'AISafari' in 0.0010 seconds. Added 4 classes and 3 folders.
[2016.02.13-19.12.32:460][210]Warning: HotReload successful (0 functions remapped  0 scriptstructs remapped)
[2016.02.13-19.12.32:507][210]LogContentBrowser: Native class hierarchy populated in 0.0066 seconds. Added 1872 classes and 338 folders.
[2016.02.13-19.14.36:711][582]LogHotReload: New module detected: UE4Editor-AISafari-7211.dll
[2016.02.13-19.14.37:386][585]LogHotReload: Starting Hot-Reload from IDE
[2016.02.13-19.14.37:445][585]LogContentBrowser: Native class hierarchy updated for 'AISafari' in 0.0009 seconds. Added 4 classes and 3 folders.
[2016.02.13-19.14.37:446][585]Warning: HotReload successful (0 functions remapped  0 scriptstructs remapped)
[2016.02.13-19.14.37:498][585]LogContentBrowser: Native class hierarchy populated in 0.0067 seconds. Added 1872 classes and 338 folders.
[2016.02.13-19.21.32:714][830]LogHotReload: New module detected: UE4Editor-AISafari-3282.dll
[2016.02.13-19.21.33:389][833]LogHotReload: Starting Hot-Reload from IDE
[2016.02.13-19.21.33:485][833]LogContentBrowser: Native class hierarchy updated for 'AISafari' in 0.0017 seconds. Added 4 classes and 3 folders.
[2016.02.13-19.21.33:486][833]Warning: HotReload successful (0 functions remapped  0 scriptstructs remapped)
[2016.02.13-19.21.33:551][833]LogContentBrowser: Native class hierarchy populated in 0.0089 seconds. Added 1872 classes and 338 folders.
[2016.02.13-19.28.47:379][134]LogHotReload: New module detected: UE4Editor-AISafari-6198.dll
[2016.02.13-19.28.47:723][136]LogHotReload: Starting Hot-Reload from IDE
[2016.02.13-19.28.47:794][136]LogContentBrowser: Native class hierarchy updated for 'AISafari' in 0.0010 seconds. Added 4 classes and 3 folders.
[2016.02.13-19.28.47:795][136]Warning: HotReload successful (0 functions remapped  0 scriptstructs remapped)
[2016.02.13-19.28.47:851][136]LogContentBrowser: Native class hierarchy populated in 0.0098 seconds. Added 1872 classes and 338 folders.
[2016.02.13-19.29.27:131][592]Cmd: QUIT_EDITOR
[2016.02.13-19.29.27:305][592]LogExit: Preparing to exit.
[2016.02.13-19.29.28:026][592]LogExit: Editor shut down
[2016.02.13-19.29.28:027][592]LogExit: Transaction tracking system shut down
[2016.02.13-19.29.28:031][592]LogParticles: Destroying 0 GPU particle simulations for FXSystem 0x0000002CB44AF740
[2016.02.13-19.29.28:167][592]LogParticles: Destroying 0 GPU particle simulations for FXSystem 0x0000002CC2D47880
[2016.02.13-19.29.28:168][592]LogParticles: Destroying 0 GPU particle simulations for FXSystem 0x0000002CC2AD7240
[2016.02.13-19.29.28:168][592]LogExit: Object subsystem successfully closed.
[2016.02.13-19.29.28:181][592]LogD3D11RHI: Shutdown
[2016.02.13-19.29.28:181][592]LogD3D11RHI: CleanupD3DDevice
[2016.02.13-19.29.28:269][592]LogD3D11RHI: ~FD3D11DynamicRHI
[2016.02.13-19.29.28:295][592]LogModuleManager: Shutting down and abandoning module CrashTracker (198)
[2016.02.13-19.29.28:295][592]LogModuleManager: Shutting down and abandoning module SceneOutliner (197)
[2016.02.13-19.29.28:295][592]LogModuleManager: Shutting down and abandoning module SuperSearch (196)
[2016.02.13-19.29.28:295][592]LogModuleManager: Shutting down and abandoning module WidgetCarousel (195)
[2016.02.13-19.29.28:295][592]LogModuleManager: Shutting down and abandoning module AddContentDialog (194)
[2016.02.13-19.29.28:301][592]LogModuleManager: Shutting down and abandoning module EditorWidgets (193)
[2016.02.13-19.29.28:301][592]LogModuleManager: Shutting down and abandoning module CollectionManager (192)
[2016.02.13-19.29.28:301][592]LogModuleManager: Shutting down and abandoning module StatsViewer (191)
[2016.02.13-19.29.28:302][592]LogModuleManager: Shutting down and abandoning module FoliageEdit (190)
[2016.02.13-19.29.28:302][592]LogModuleManager: Shutting down and abandoning module LandscapeEditor (189)
[2016.02.13-19.29.28:303][592]LogModuleManager: Shutting down and abandoning module ActorPickerMode (188)
[2016.02.13-19.29.28:303][592]LogModuleManager: Shutting down and abandoning module GeometryMode (187)
[2016.02.13-19.29.28:303][592]LogModuleManager: Shutting down and abandoning module TextureAlignMode (186)
[2016.02.13-19.29.28:303][592]LogModuleManager: Shutting down and abandoning module BspMode (185)
[2016.02.13-19.29.28:303][592]LogModuleManager: Shutting down and abandoning module PlacementMode (184)
[2016.02.13-19.29.28:303][592]LogModuleManager: Shutting down and abandoning module AutomationWorker (183)
[2016.02.13-19.29.28:303][592]LogModuleManager: Shutting down and abandoning module CharacterAI (182)
[2016.02.13-19.29.28:303][592]LogModuleManager: Shutting down and abandoning module SmartSnapping (181)
[2016.02.13-19.29.28:304][592]LogModuleManager: Shutting down and abandoning module ViewportSnapping (180)
[2016.02.13-19.29.28:304][592]LogModuleManager: Shutting down and abandoning module LogVisualizer (179)
[2016.02.13-19.29.28:304][592]LogModuleManager: Shutting down and abandoning module GameProjectGeneration (178)
[2016.02.13-19.29.28:304][592]LogModuleManager: Shutting down and abandoning module IntroTutorials (177)
[2016.02.13-19.29.28:305][592]LogModuleManager: Shutting down and abandoning module EditorLiveStreaming (176)
[2016.02.13-19.29.28:305][592]LogModuleManager: Shutting down and abandoning module IOSPlatformEditor (175)
[2016.02.13-19.29.28:306][592]LogModuleManager: Shutting down and abandoning module HTML5PlatformEditor (174)
[2016.02.13-19.29.28:306][592]LogModuleManager: Shutting down and abandoning module AndroidDeviceDetection (173)
[2016.02.13-19.29.28:620][592]LogModuleManager: Shutting down and abandoning module AndroidPlatformEditor (172)
[2016.02.13-19.29.28:620][592]LogModuleManager: Shutting down and abandoning module IOSRuntimeSettings (171)
[2016.02.13-19.29.28:620][592]LogModuleManager: Shutting down and abandoning module AndroidRuntimeSettings (170)
[2016.02.13-19.29.28:620][592]LogModuleManager: Shutting down and abandoning module MergeActors (169)
[2016.02.13-19.29.28:620][592]LogModuleManager: Shutting down and abandoning module SizeMap (168)
[2016.02.13-19.29.28:620][592]LogModuleManager: Shutting down and abandoning module TreeMap (167)
[2016.02.13-19.29.28:620][592]LogModuleManager: Shutting down and abandoning module ReferenceViewer (166)
[2016.02.13-19.29.28:620][592]LogModuleManager: Shutting down and abandoning module LocalizationService (165)
[2016.02.13-19.29.28:621][592]LogModuleManager: Shutting down and abandoning module LocalizationDashboard (164)
[2016.02.13-19.29.28:621][592]LogModuleManager: Shutting down and abandoning module HardwareTargeting (163)
[2016.02.13-19.29.28:621][592]LogModuleManager: Shutting down and abandoning module DeviceProfileEditor (162)
[2016.02.13-19.29.28:621][592]LogModuleManager: Shutting down and abandoning module UndoHistory (161)
[2016.02.13-19.29.28:621][592]LogModuleManager: Shutting down and abandoning module GameplayTagsEditor (160)
[2016.02.13-19.29.28:621][592]LogModuleManager: Shutting down and abandoning module UserFeedback (159)
[2016.02.13-19.29.28:621][592]LogModuleManager: Shutting down and abandoning module XmlParser (158)
[2016.02.13-19.29.28:621][592]LogModuleManager: Shutting down and abandoning module Blutility (157)
[2016.02.13-19.29.28:621][592]LogModuleManager: Shutting down and abandoning module ProjectTargetPlatformEditor (156)
[2016.02.13-19.29.28:622][592]LogModuleManager: Shutting down and abandoning module ProjectSettingsViewer (155)
[2016.02.13-19.29.28:622][592]LogModuleManager: Shutting down and abandoning module InputBindingEditor (154)
[2016.02.13-19.29.28:622][592]LogModuleManager: Shutting down and abandoning module EditorSettingsViewer (153)
[2016.02.13-19.29.28:622][592]LogModuleManager: Shutting down and abandoning module SettingsEditor (152)
[2016.02.13-19.29.28:623][592]LogModuleManager: Shutting down and abandoning module ProjectLauncher (151)
[2016.02.13-19.29.28:623][592]LogModuleManager: Shutting down and abandoning module SessionFrontend (150)
[2016.02.13-19.29.28:623][592]LogModuleManager: Shutting down and abandoning module ProfilerClient (149)
[2016.02.13-19.29.28:624][592]LogModuleManager: Shutting down and abandoning module TargetDeviceServices (148)
[2016.02.13-19.29.28:624][592]LogModuleManager: Shutting down and abandoning module DeviceManager (147)
[2016.02.13-19.29.28:624][592]LogModuleManager: Shutting down and abandoning module AutomationController (146)
[2016.02.13-19.29.28:625][592]LogModuleManager: Shutting down and abandoning module AutomationWindow (145)
[2016.02.13-19.29.28:625][592]LogModuleManager: Shutting down and abandoning module Layers (144)
[2016.02.13-19.29.28:626][592]LogModuleManager: Shutting down and abandoning module ComponentVisualizers (143)
[2016.02.13-19.29.28:626][592]LogModuleManager: Shutting down and abandoning module DetailCustomizations (142)
[2016.02.13-19.29.28:627][592]LogModuleManager: Shutting down and abandoning module PackagesDialog (141)
[2016.02.13-19.29.28:627][592]LogModuleManager: Shutting down and abandoning module Persona (140)
[2016.02.13-19.29.28:628][592]LogModuleManager: Shutting down and abandoning module Kismet (139)
[2016.02.13-19.29.28:628][592]LogModuleManager: Shutting down and abandoning module GraphEditor (138)
[2016.02.13-19.29.28:628][592]LogModuleManager: Shutting down and abandoning module ClassViewer (137)
[2016.02.13-19.29.28:629][592]LogModuleManager: Shutting down and abandoning module Toolbox (136)
[2016.02.13-19.29.28:629][592]LogModuleManager: Shutting down and abandoning module ModuleUI (135)
[2016.02.13-19.29.28:629][592]LogModuleManager: Shutting down and abandoning module MovieSceneTools (134)
[2016.02.13-19.29.28:629][592]LogModuleManager: Shutting down and abandoning module OutputLog (133)
[2016.02.13-19.29.28:629][592]LogModuleManager: Shutting down and abandoning module GammaUI (132)
[2016.02.13-19.29.28:629][592]LogModuleManager: Shutting down and abandoning module Documentation (131)
[2016.02.13-19.29.28:629][592]LogModuleManager: Shutting down and abandoning module GameLiveStreaming (130)
[2016.02.13-19.29.28:629][592]LogModuleManager: Shutting down and abandoning module StreamingPauseRendering (129)
[2016.02.13-19.29.28:629][592]LogModuleManager: Shutting down and abandoning module AnalyticsET (128)
[2016.02.13-19.29.28:629][592]LogModuleManager: Shutting down and abandoning module Analytics (127)
[2016.02.13-19.29.28:629][592]LogModuleManager: Shutting down and abandoning module AITestSuite (126)
[2016.02.13-19.29.28:630][592]LogModuleManager: Shutting down and abandoning module GameplayDebugger (125)
[2016.02.13-19.29.28:630][592]LogModuleManager: Shutting down and abandoning module AIModule (124)
[2016.02.13-19.29.28:630][592]LogModuleManager: Shutting down and abandoning module ProfilerService (123)
[2016.02.13-19.29.28:822][592]LogModuleManager: Shutting down and abandoning module TaskGraph (122)
[2016.02.13-19.29.28:823][592]LogModuleManager: Shutting down and abandoning module SlateRemote (121)
[2016.02.13-19.29.28:823][592]LogModuleManager: Shutting down and abandoning module SteamVRController (120)
[2016.02.13-19.29.28:823][592]LogModuleManager: Shutting down and abandoning module SteamVR (119)
[2016.02.13-19.29.28:823][592]LogModuleManager: Shutting down and abandoning module ProceduralMeshComponent (118)
[2016.02.13-19.29.28:823][592]LogModuleManager: Shutting down and abandoning module OculusRift (117)
[2016.02.13-19.29.28:823][592]LogModuleManager: Shutting down and abandoning module OculusLibrary (116)
[2016.02.13-19.29.28:823][592]LogModuleManager: Shutting down and abandoning module LeapMotionController (115)
[2016.02.13-19.29.28:839][592]LogModuleManager: Shutting down and abandoning module CustomMeshComponent (114)
[2016.02.13-19.29.28:839][592]LogModuleManager: Shutting down and abandoning module CableComponent (113)
[2016.02.13-19.29.28:839][592]LogModuleManager: Shutting down and abandoning module ArchVisCharacter (112)
[2016.02.13-19.29.28:839][592]LogModuleManager: Shutting down and abandoning module MessagingDebugger (111)
[2016.02.13-19.29.28:840][592]LogModuleManager: Shutting down and abandoning module MediaPlayerEditor (110)
[2016.02.13-19.29.28:841][592]LogModuleManager: Shutting down and abandoning module HTML5Networking (109)
[2016.02.13-19.29.28:841][592]LogModuleManager: Shutting down and abandoning module SpeedTreeImporter (108)
[2016.02.13-19.29.28:841][592]LogModuleManager: Shutting down and abandoning module PluginBrowser (107)
[2016.02.13-19.29.28:841][592]LogModuleManager: Shutting down and abandoning module EpicSurvey (106)
[2016.02.13-19.29.28:841][592]LogModuleManager: Shutting down and abandoning module DesktopPlatform (105)
[2016.02.13-19.29.28:842][592]LogModuleManager: Shutting down and abandoning module VisualStudioSourceCodeAccess (104)
[2016.02.13-19.29.28:842][592]LogModuleManager: Shutting down and abandoning module UObjectPlugin (103)
[2016.02.13-19.29.28:842][592]LogModuleManager: Shutting down and abandoning module SubversionSourceControl (102)
[2016.02.13-19.29.28:842][592]LogModuleManager: Shutting down and abandoning module PerforceSourceControl (101)
[2016.02.13-19.29.28:843][592]LogModuleManager: Shutting down and abandoning module SourceControl (100)
[2016.02.13-19.29.28:843][592]LogModuleManager: Shutting down and abandoning module GitSourceControl (99)
[2016.02.13-19.29.28:844][592]LogModuleManager: Shutting down and abandoning module LightPropagationVolumeEditor (98)
[2016.02.13-19.29.28:844][592]LogModuleManager: Shutting down and abandoning module PaperTiledImporter (97)
[2016.02.13-19.29.28:844][592]LogModuleManager: Shutting down and abandoning module PaperSpriteSheetImporter (96)
[2016.02.13-19.29.28:844][592]LogModuleManager: Shutting down and abandoning module MeshPaint (95)
[2016.02.13-19.29.28:844][592]LogModuleManager: Shutting down and abandoning module SlateReflector (94)
[2016.02.13-19.29.28:845][592]LogModuleManager: Shutting down and abandoning module HotReload (93)
[2016.02.13-19.29.28:845][592]LogModuleManager: Shutting down and abandoning module MainFrame (92)
[2016.02.13-19.29.28:845][592]LogModuleManager: Shutting down and abandoning module LevelEditor (91)
[2016.02.13-19.29.28:846][592]LogModuleManager: Shutting down and abandoning module DirectoryWatcher (90)
[2016.02.13-19.29.28:850][592]LogModuleManager: Shutting down and abandoning module AssetRegistry (89)
[2016.02.13-19.29.28:917][592]LogModuleManager: Shutting down and abandoning module ContentBrowser (88)
[2016.02.13-19.29.28:918][592]LogModuleManager: Shutting down and abandoning module Paper2DEditor (87)
[2016.02.13-19.29.28:919][592]LogModuleManager: Shutting down and abandoning module AISafari (86)
[2016.02.13-19.29.28:919][592]LogModuleManager: Shutting down and abandoning module UdpMessaging (85)
[2016.02.13-19.29.29:020][592]LogModuleManager: Shutting down and abandoning module LightPropagationVolumeRuntime (84)
[2016.02.13-19.29.29:020][592]LogModuleManager: Shutting down and abandoning module Paper2D (83)
[2016.02.13-19.29.29:020][592]LogModuleManager: Shutting down and abandoning module WindowsMoviePlayer (82)
[2016.02.13-19.29.29:022][592]LogModuleManager: Shutting down and abandoning module Media (81)
[2016.02.13-19.29.29:022][592]LogModuleManager: Shutting down and abandoning module WmfMedia (80)
[2016.02.13-19.29.29:023][592]LogModuleManager: Shutting down and abandoning module OnlineBlueprintSupport (79)
[2016.02.13-19.29.29:023][592]LogModuleManager: Shutting down and abandoning module GameplayTasksEditor (78)
[2016.02.13-19.29.29:023][592]LogModuleManager: Shutting down and abandoning module PropertyEditor (77)
[2016.02.13-19.29.29:023][592]LogModuleManager: Shutting down and abandoning module BehaviorTreeEditor (76)
[2016.02.13-19.29.29:023][592]LogModuleManager: Shutting down and abandoning module FunctionalTesting (75)
[2016.02.13-19.29.29:023][592]LogModuleManager: Shutting down and abandoning module CollisionAnalyzer (74)
[2016.02.13-19.29.29:024][592]LogModuleManager: Shutting down and abandoning module WorkspaceMenuStructure (73)
[2016.02.13-19.29.29:024][592]LogModuleManager: Shutting down and abandoning module MessageLog (72)
[2016.02.13-19.29.29:024][592]LogModuleManager: Shutting down and abandoning module Sequencer (71)
[2016.02.13-19.29.29:025][592]LogModuleManager: Shutting down and abandoning module AssetTools (70)
[2016.02.13-19.29.29:026][592]LogModuleManager: Shutting down and abandoning module UMGEditor (69)
[2016.02.13-19.29.29:027][592]LogModuleManager: Shutting down and abandoning module UMG (68)
[2016.02.13-19.29.29:027][592]LogModuleManager: Shutting down and abandoning module Slate (67)
[2016.02.13-19.29.29:027][592]LogModuleManager: Shutting down and abandoning module EditorStyle (66)
[2016.02.13-19.29.29:029][592]LogModuleManager: Shutting down and abandoning module SessionServices (65)
[2016.02.13-19.29.29:029][592]LogModuleManager: Shutting down and abandoning module SourceCodeAccess (64)
[2016.02.13-19.29.29:029][592]LogModuleManager: Shutting down and abandoning module HeadMountedDisplay (63)
[2016.02.13-19.29.29:029][592]LogModuleManager: Shutting down and abandoning module XAudio2 (62)
[2016.02.13-19.29.29:029][592]LogModuleManager: Shutting down and abandoning module Networking (60)
[2016.02.13-19.29.29:029][592]LogModuleManager: Shutting down and abandoning module Core (59)
[2016.02.13-19.29.29:029][592]LogModuleManager: Shutting down and abandoning module KismetCompiler (58)
[2016.02.13-19.29.29:029][592]LogModuleManager: Shutting down and abandoning module PhysXFormats (57)
[2016.02.13-19.29.29:029][592]LogModuleManager: Shutting down and abandoning module MeshUtilities (56)
[2016.02.13-19.29.29:029][592]LogModuleManager: Shutting down and abandoning module CookingStats (55)
[2016.02.13-19.29.29:030][592]LogModuleManager: Shutting down and abandoning module DerivedDataCache (54)
[2016.02.13-19.29.29:064][592]LogDerivedDataCache: Shutdown
[2016.02.13-19.29.29:064][592]LogModuleManager: Shutting down and abandoning module ShaderFormatOpenGL (53)
[2016.02.13-19.29.29:064][592]LogModuleManager: Shutting down and abandoning module ShaderFormatD3D (52)
[2016.02.13-19.29.29:064][592]LogModuleManager: Shutting down and abandoning module MetalShaderFormat (51)
[2016.02.13-19.29.29:064][592]LogModuleManager: Shutting down and abandoning module TextureFormatUncompressed (50)
[2016.02.13-19.29.29:064][592]LogModuleManager: Shutting down and abandoning module TextureFormatPVR (49)
[2016.02.13-19.29.29:064][592]LogModuleManager: Shutting down and abandoning module TextureFormatIntelISPCTexComp (48)
[2016.02.13-19.29.29:064][592]LogModuleManager: Shutting down and abandoning module TextureFormatDXT (47)
[2016.02.13-19.29.29:064][592]LogModuleManager: Shutting down and abandoning module ImageWrapper (46)
[2016.02.13-19.29.29:064][592]LogModuleManager: Shutting down and abandoning module TextureFormatASTC (45)
[2016.02.13-19.29.29:064][592]LogModuleManager: Shutting down and abandoning module TextureFormatAndroid (44)
[2016.02.13-19.29.29:064][592]LogModuleManager: Shutting down and abandoning module AudioFormatOpus (43)
[2016.02.13-19.29.29:065][592]LogModuleManager: Shutting down and abandoning module AudioFormatOgg (42)
[2016.02.13-19.29.29:065][592]LogModuleManager: Shutting down and abandoning module AudioFormatADPCM (41)
[2016.02.13-19.29.29:065][592]LogModuleManager: Shutting down and abandoning module LinuxTargetPlatform (40)
[2016.02.13-19.29.29:065][592]LogModuleManager: Shutting down and abandoning module LinuxServerTargetPlatform (39)
[2016.02.13-19.29.29:065][592]LogModuleManager: Shutting down and abandoning module LinuxNoEditorTargetPlatform (38)
[2016.02.13-19.29.29:065][592]LogModuleManager: Shutting down and abandoning module Messaging (37)
[2016.02.13-19.29.29:065][592]LogModuleManager: Shutting down and abandoning module IOSTargetPlatform (36)
[2016.02.13-19.29.29:065][592]LogModuleManager: Shutting down and abandoning module HTML5TargetPlatform (35)
[2016.02.13-19.29.29:065][592]LogModuleManager: Shutting down and abandoning module Android_PVRTCTargetPlatform (34)
[2016.02.13-19.29.29:065][592]LogModuleManager: Shutting down and abandoning module Android_ETC2TargetPlatform (33)
[2016.02.13-19.29.29:066][592]LogModuleManager: Shutting down and abandoning module Android_ETC1TargetPlatform (32)
[2016.02.13-19.29.29:066][592]LogModuleManager: Shutting down and abandoning module Android_DXTTargetPlatform (31)
[2016.02.13-19.29.29:066][592]LogModuleManager: Shutting down and abandoning module Android_ATCTargetPlatform (30)
[2016.02.13-19.29.29:066][592]LogModuleManager: Shutting down and abandoning module Android_ASTCTargetPlatform (29)
[2016.02.13-19.29.29:066][592]LogModuleManager: Shutting down and abandoning module AndroidTargetPlatform (28)
[2016.02.13-19.29.29:067][592]LogModuleManager: Shutting down and abandoning module WindowsTargetPlatform (27)
[2016.02.13-19.29.29:067][592]LogModuleManager: Shutting down and abandoning module WindowsServerTargetPlatform (26)
[2016.02.13-19.29.29:067][592]LogModuleManager: Shutting down and abandoning module WindowsNoEditorTargetPlatform (25)
[2016.02.13-19.29.29:067][592]LogModuleManager: Shutting down and abandoning module WindowsClientTargetPlatform (24)
[2016.02.13-19.29.29:067][592]LogModuleManager: Shutting down and abandoning module AllDesktopTargetPlatform (23)
[2016.02.13-19.29.29:067][592]LogModuleManager: Shutting down and abandoning module TargetPlatform (22)
[2016.02.13-19.29.29:067][592]LogModuleManager: Shutting down and abandoning module InputCore (21)
[2016.02.13-19.29.29:067][592]LogModuleManager: Shutting down and abandoning module Settings (20)
[2016.02.13-19.29.29:068][592]LogModuleManager: Shutting down and abandoning module OnlineSubsystem (18)
[2016.02.13-19.29.29:068][592]LogModuleManager: Shutting down and abandoning module HTTP (17)
[2016.02.13-19.29.31:070][592]LogModuleManager: Shutting down and abandoning module XMPP (16)
[2016.02.13-19.29.31:071][592]LogModuleManager: Shutting down and abandoning module ExampleDeviceProfileSelector (15)
[2016.02.13-19.29.31:071][592]LogModuleManager: Shutting down and abandoning module TextureCompressor (14)
[2016.02.13-19.29.31:071][592]LogModuleManager: Shutting down and abandoning module ShaderCore (13)
[2016.02.13-19.29.31:071][592]LogModuleManager: Shutting down and abandoning module Landscape (12)
[2016.02.13-19.29.31:071][592]LogModuleManager: Shutting down and abandoning module SlateRHIRenderer (11)
[2016.02.13-19.29.31:074][592]LogModuleManager: Shutting down and abandoning module OpenGLDrv (10)
[2016.02.13-19.29.31:074][592]LogModuleManager: Shutting down and abandoning module D3D11RHI (9)
[2016.02.13-19.29.31:074][592]LogModuleManager: Shutting down and abandoning module AnimGraphRuntime (8)
[2016.02.13-19.29.31:074][592]LogModuleManager: Shutting down and abandoning module Renderer (7)
[2016.02.13-19.29.31:074][592]LogModuleManager: Shutting down and abandoning module Engine (6)
[2016.02.13-19.29.31:075][592]LogModuleManager: Shutting down and abandoning module CoreUObject (5)
[2016.02.13-19.29.31:075][592]LogModuleManager: Shutting down and abandoning module NetworkFile (4)
[2016.02.13-19.29.31:075][592]LogModuleManager: Shutting down and abandoning module StreamingFile (3)
[2016.02.13-19.29.31:075][592]LogModuleManager: Shutting down and abandoning module SandboxFile (2)
[2016.02.13-19.29.31:075][592]LogModuleManager: Shutting down and abandoning module PakFile (1)
[2016.02.13-19.29.31:076][592]LogExit: Exiting.
[2016.02.13-19.29.31:079][592]Log file closed, 02/13/16 14:29:31
