[2016.02.16-02.05.11:448][  0]Log file open, 02/15/16 21:05:11
[2016.02.16-02.05.11:448][  0]LogInit:Display: Running engine for game: AISafari
[2016.02.16-02.05.11:448][  0]LogInit:Display: RandInit(1776984828) SRandInit(1776984828).
[2016.02.16-02.05.11:448][  0]LogTaskGraph: Started task graph with 4 named threads and 7 total threads.
[2016.02.16-02.05.11:448][  0]LogStats: Stats thread started at 0.066216
[2016.02.16-02.05.11:448][  0]LogInit: Version: 4.9.2-2707645+++depot+UE4-Releases+4.9
[2016.02.16-02.05.11:448][  0]LogInit: API Version: 2672455
[2016.02.16-02.05.11:448][  0]LogInit: Compiled (64-bit): Sep 28 2015 10:25:44
[2016.02.16-02.05.11:448][  0]LogInit: Compiled with Visual C++: 18.00.21005.01
[2016.02.16-02.05.11:448][  0]LogInit: Build Configuration: Development
[2016.02.16-02.05.11:448][  0]LogInit: Branch Name: ++depot+UE4-Releases+4.9
[2016.02.16-02.05.11:448][  0]LogInit: Command line:  
[2016.02.16-02.05.11:448][  0]LogInit: Base directory: C:/Program Files (x86)/Epic Games/4.9/Engine/Binaries/Win64/
[2016.02.16-02.05.11:448][  0]LogInit: Rocket: 1
[2016.02.16-02.05.11:458][  0]LogInit: Using libcurl 7.41.0
[2016.02.16-02.05.11:458][  0]LogInit:  - built for x86_64-pc-win32
[2016.02.16-02.05.11:458][  0]LogInit:  - supports SSL with WinSSL
[2016.02.16-02.05.11:458][  0]LogInit:  - other features:
[2016.02.16-02.05.11:458][  0]LogInit:      CURL_VERSION_SSL
[2016.02.16-02.05.11:458][  0]LogInit:      CURL_VERSION_IPV6
[2016.02.16-02.05.11:458][  0]LogInit:      CURL_VERSION_ASYNCHDNS
[2016.02.16-02.05.11:458][  0]LogInit:      CURL_VERSION_LARGEFILE
[2016.02.16-02.05.11:458][  0]LogInit:      CURL_VERSION_IDN
[2016.02.16-02.05.11:458][  0]LogInit:  CurlRequestOptions (configurable via config and command line):
[2016.02.16-02.05.11:458][  0]LogInit:  - bVerifyPeer = true  - Libcurl will verify peer certificate
[2016.02.16-02.05.11:458][  0]LogInit:  - bUseHttpProxy = false  - Libcurl will NOT use HTTP proxy
[2016.02.16-02.05.11:458][  0]LogInit:  - bDontReuseConnections = false  - Libcurl will reuse connections
[2016.02.16-02.05.11:458][  0]LogInit:  - CertBundlePath = nullptr  - Libcurl will use whatever was configured at build time.
[2016.02.16-02.05.11:463][  0]LogInit: Presizing for 0 objects not considered by GC, pre-allocating 0 bytes.
[2016.02.16-02.05.11:468][  0]LogInit: Object subsystem initialized
[2016.02.16-02.05.11:469][  0]LogInit: Selected Device Profile: [Windows]
[2016.02.16-02.05.11:469][  0]LogInit: Applying CVar settings loaded from the selected device profile: [Windows]
[2016.02.16-02.05.11:475][  0]LogInit: Computer: ZEBRADESKTOP
[2016.02.16-02.05.11:475][  0]LogInit: User: Ryan
[2016.02.16-02.05.11:475][  0]LogInit: CPU Page size=4096, Cores=4
[2016.02.16-02.05.11:475][  0]LogInit: High frequency timer resolution =3.984648 MHz
[2016.02.16-02.05.11:475][  0]LogMemory: Memory total: Physical=15.9GB (16GB approx)
[2016.02.16-02.05.11:475][  0]LogMemory: Platform Memory Stats for Windows
[2016.02.16-02.05.11:475][  0]LogMemory: Process Physical Memory: 53.91 MB used, 53.91 MB peak
[2016.02.16-02.05.11:475][  0]LogMemory: Process Virtual Memory: 57.39 MB used, 57.39 MB peak
[2016.02.16-02.05.11:475][  0]LogMemory: Physical Memory: 6921.39 MB used, 16325.73 MB total
[2016.02.16-02.05.11:475][  0]LogMemory: Virtual Memory: 366.70 MB used, 134217728.00 MB total
[2016.02.16-02.05.11:502][  0]LogTextLocalizationManager: No specific translations for ('en-US') exist, so ('en') translations will be used.
[2016.02.16-02.05.12:101][  0]LogD3D11RHI: Found D3D11 adapter 0: NVIDIA GeForce GTX 780 (Feature Level 11_0)
[2016.02.16-02.05.12:101][  0]LogD3D11RHI: Adapter has 5971MB of dedicated video memory, 0MB of dedicated system memory, and 8162MB of shared system memory, 3 output[s]
[2016.02.16-02.05.12:103][  0]LogD3D11RHI: Found D3D11 adapter 1: Microsoft Basic Render Driver (Feature Level 11_0)
[2016.02.16-02.05.12:103][  0]LogD3D11RHI: Adapter has 0MB of dedicated video memory, 0MB of dedicated system memory, and 8162MB of shared system memory, 0 output[s]
[2016.02.16-02.05.12:103][  0]LogD3D11RHI: Chosen D3D11 Adapter Id = 0
[2016.02.16-02.05.12:108][  0]LogD3D11RHI: !Direct3DDevice
[2016.02.16-02.05.12:108][  0]LogRHI: Texture pool is 1361 MB (70% of 1945 MB)
[2016.02.16-02.05.12:121][  0]LogD3D11RHI: Async texture creation enabled
[2016.02.16-02.05.12:132][  0]LogShaderCompilers: Guid format shader working directory is 14 characters bigger than the processId version (Q:/Classes/3-2/AI/AISafari/Intermediate/Shaders/WorkingDirectory/30320/).
[2016.02.16-02.05.12:132][  0]LogShaderCompilers: Cleaned the shader compiler working directory 'Q:/Classes/3-2/AI/AISafari/Intermediate/Shaders/tmp/EE9161C24730D22D900CAC8032F7DEE3/'.
[2016.02.16-02.05.12:133][  0]LogShaderCompilers:Display: Using Local Shader Compiler.
[2016.02.16-02.05.12:854][  0]LogTemp:Display: Loaded TP AllDesktopTargetPlatform
[2016.02.16-02.05.12:859][  0]LogTemp:Display: Loaded TP WindowsClientTargetPlatform
[2016.02.16-02.05.12:863][  0]LogTemp:Display: Loaded TP WindowsNoEditorTargetPlatform
[2016.02.16-02.05.12:867][  0]LogTemp:Display: Loaded TP WindowsServerTargetPlatform
[2016.02.16-02.05.12:871][  0]LogTemp:Display: Loaded TP WindowsTargetPlatform
[2016.02.16-02.05.12:873][  0]LogTemp:Display: Loaded TP AndroidTargetPlatform
[2016.02.16-02.05.12:876][  0]LogTemp:Display: Loaded TP Android_ASTCTargetPlatform
[2016.02.16-02.05.12:878][  0]LogTemp:Display: Loaded TP Android_ATCTargetPlatform
[2016.02.16-02.05.12:880][  0]LogTemp:Display: Loaded TP Android_DXTTargetPlatform
[2016.02.16-02.05.12:882][  0]LogTemp:Display: Loaded TP Android_ETC1TargetPlatform
[2016.02.16-02.05.12:885][  0]LogTemp:Display: Loaded TP Android_ETC2TargetPlatform
[2016.02.16-02.05.12:889][  0]LogTemp:Display: Loaded TP Android_PVRTCTargetPlatform
[2016.02.16-02.05.12:889][  0]LogTemp:Display: Loaded TP HTML5TargetPlatform
[2016.02.16-02.05.12:907][  0]LogTemp:Display: Loaded TP IOSTargetPlatform
[2016.02.16-02.05.12:909][  0]LogTemp:Display: Loaded TP LinuxNoEditorTargetPlatform
[2016.02.16-02.05.12:911][  0]LogTemp:Display: Loaded TP LinuxServerTargetPlatform
[2016.02.16-02.05.12:914][  0]LogTemp:Display: Loaded TP LinuxTargetPlatform
[2016.02.16-02.05.12:914][  0]LogTargetPlatformManager:Display: Building Assets For Windows
[2016.02.16-02.05.12:980][  0]LogDerivedDataCache:Display: Max Cache Size: 512 MB
[2016.02.16-02.05.13:019][  0]LogDerivedDataCache: Loaded boot cache 0.04s 41MB C:/Users/Ryan/AppData/Local/UnrealEngine/4.9/DerivedDataCache/Boot.ddc.
[2016.02.16-02.05.13:019][  0]LogDerivedDataCache:Display: Loaded Boot cache: C:/Users/Ryan/AppData/Local/UnrealEngine/4.9/DerivedDataCache/Boot.ddc
[2016.02.16-02.05.13:019][  0]LogDerivedDataCache: FDerivedDataBackendGraph:  Pak pak cache file Q:/Classes/3-2/AI/AISafari/DerivedDataCache/DDC.ddp not found, will not use a pak cache.
[2016.02.16-02.05.13:019][  0]LogDerivedDataCache: Unable to find inner node Pak for hierarchical cache Hierarchy.
[2016.02.16-02.05.13:019][  0]LogDerivedDataCache: FDerivedDataBackendGraph:  CompressedPak pak cache file Q:/Classes/3-2/AI/AISafari/DerivedDataCache/Compressed.ddp not found, will not use a pak cache.
[2016.02.16-02.05.13:019][  0]LogDerivedDataCache: Unable to find inner node CompressedPak for hierarchical cache Hierarchy.
[2016.02.16-02.05.13:119][  0]LogDerivedDataCache:Display: Pak cache opened for reading ../../../Engine/DerivedDataCache/Compressed.ddp.
[2016.02.16-02.05.13:130][  0]LogDerivedDataCache: Using Local data cache path C:/Users/Ryan/AppData/Local/UnrealEngine/Common/DerivedDataCache: Writable
[2016.02.16-02.05.13:258][  0]LogInit: Selected Device Profile: [Windows]
[2016.02.16-02.05.13:259][  0]LogContentStreaming: Texture pool size is 0.000000MB
[2016.02.16-02.05.13:347][  0]LogMeshUtilities: No automatic mesh reduction module available
[2016.02.16-02.05.13:347][  0]LogMeshUtilities: No automatic mesh merging module available
[2016.02.16-02.05.13:518][  0]LogInit: WinSock: version 1.1 (2.2), MaxSocks=32767, MaxUdp=65467
[2016.02.16-02.05.14:004][  0]UdpMessaging: Initializing bridge on interface 0.0.0.0:0 to multicast group 230.0.0.1:6666.
[2016.02.16-02.05.14:100][  0]LogAssetRegistry: FAssetRegistry took 0.0106 seconds to start up
[2016.02.16-02.05.14:209][  0]SourceControl: Info Source control is disabled
[2016.02.16-02.05.14:215][  0]SourceControl: Info Source control is disabled
[2016.02.16-02.05.14:223][  0]SourceControl: Info Source control is disabled
[2016.02.16-02.05.14:229][  0]SourceControl: Info Source control is disabled
[2016.02.16-02.05.14:322][  0]LogLinker:Warning: Asset '../../../Engine/Plugins/Runtime/LeapMotionController/Content/LM_PassthroughMaterial.uasset' has been saved with empty engine version. The asset will be loaded but may be incompatible.
[2016.02.16-02.05.14:373][  0]LogObj: 28380 objects as part of root set at end of initial load.
[2016.02.16-02.05.14:373][  0]LogUObjectAllocator: 6046584 out of 0 bytes used by permanent object pool.
[2016.02.16-02.05.14:416][  0]LogEngine: Initializing Engine...
[2016.02.16-02.05.14:417][  0]LogHMD: Can't find Oculus library dev build: is proper Runtime installed? Version: 0.7.0.0
[2016.02.16-02.05.14:418][  0]LogHMD: SteamVR failed to initialize.  Err: 110
[2016.02.16-02.05.14:502][  0]LogAIModule: Creating AISystem for world NewWorld
[2016.02.16-02.05.14:509][  0]LogInit: XAudio2 using 'Speakers (ASUS Xonar DGX Audio Device)' : 2 channels at 44.1 kHz using 16 bits per sample (channel mask 0x3)
[2016.02.16-02.05.14:513][  0]LogInit: FAudioDevice initialized.
[2016.02.16-02.05.14:530][  0]LogDerivedDataCache: Saved boot cache 0.02s 41MB C:/Users/Ryan/AppData/Local/UnrealEngine/4.9/DerivedDataCache/Boot.ddc.
[2016.02.16-02.05.14:535][  0]LogInit: Texture streaming: Enabled
[2016.02.16-02.05.14:539][  0]LogAnalytics: Creating configured Analytics provider AnalyticsET
[2016.02.16-02.05.14:539][  0]LogAnalytics: [UEEditor.Rocket.Release] APIServer = http://et2.epicgames.com/ET2/. AppVersion = 4.9.2-2707645+++depot+UE4-Releases+4.9
[2016.02.16-02.05.14:539][  0]LogAnalytics: [UEEditor.Rocket.Release] SetUserId d1f9beca401d8fe412e57fa88e66abb9|85745c8591404a23957796735eaccf05|defee072-9da8-4f68-a06a-f65b3a6c30bf
[2016.02.16-02.05.14:539][  0]LogAnalytics: [UEEditor.Rocket.Release] AnalyticsET::StartSession
[2016.02.16-02.05.14:566][  0]LogInit: Transaction tracking system initialized
[2016.02.16-02.05.14:586][  0]BlueprintLog: New page: Editor Load
[2016.02.16-02.05.14:642][  0]LocalizationService: Info Localization service is disabled
[2016.02.16-02.05.14:703][  0]LogConsoleResponse:Display: 
[2016.02.16-02.05.14:789][  0]LogCook:Display: Done creating registry. It took  0.00s.
[2016.02.16-02.05.14:832][  0]LogFileCache: Scanning file cache for directory 'Q:/Classes/3-2/AI/AISafari/Content/' took 0.01s
[2016.02.16-02.05.14:832][  0]SourceControl: Info Source control is disabled
[2016.02.16-02.05.14:832][  0]Cmd: MAP LOAD FILE="Q:/Classes/3-2/AI/AISafari/Content/StarterContent/Maps/Minimal_Default.umap" TEMPLATE=0 SHOWPROGRESS=1 FEATURELEVEL=3
[2016.02.16-02.05.14:835][  0]LightingResults: New page: Lighting Build
[2016.02.16-02.05.14:838][  0]MapCheck: New page: Map Check
[2016.02.16-02.05.14:838][  0]LightingResults: New page: Lighting Build
[2016.02.16-02.05.14:846][  0]LogParticles: Destroying 0 GPU particle simulations for FXSystem 0x0000008C984F7CE0
[2016.02.16-02.05.15:042][  0]LogAIModule: Creating AISystem for world Minimal_Default
[2016.02.16-02.05.15:047][  0]LogEditorServer: Finished looking for orphan Actors (0.000 secs)
[2016.02.16-02.05.15:048][  0]Cmd: MAP CHECKDEP NOCLEARLOG
[2016.02.16-02.05.15:083][  0]MapCheck: Info Map check complete: 0 Error(s), 0 Warning(s), took 35.359ms to complete.
[2016.02.16-02.05.15:083][  0]LogFileHelpers: Loading map 'Minimal_Default' took 0.251
[2016.02.16-02.05.15:210][  0]LogCollectionManager: Loaded 0 collections in 0.001862 seconds
[2016.02.16-02.05.15:250][  0]LogFileCache: Scanning file cache for directory 'Q:/Classes/3-2/AI/AISafari/Saved/Collections/' took 0.01s
[2016.02.16-02.05.15:250][  0]LogFileCache: Scanning file cache for directory 'Q:/Classes/3-2/AI/AISafari/Content/Developers/Ryan/Collections/' took 0.01s
[2016.02.16-02.05.15:250][  0]LogFileCache: Scanning file cache for directory 'Q:/Classes/3-2/AI/AISafari/Content/Collections/' took 0.01s
[2016.02.16-02.05.15:250][  0]LogContentBrowser: Native class hierarchy populated in 0.0071 seconds. Added 1871 classes and 336 folders.
[2016.02.16-02.05.15:269][  0]LogCollectionManager: Rebuilt the GUID cache for 0 collections in 0.000003 seconds
[2016.02.16-02.05.15:278][  0]LogContentBrowser: Native class hierarchy updated for 'WidgetCarousel' in 0.0010 seconds. Added 0 classes and 0 folders.
[2016.02.16-02.05.15:317][  0]LogContentBrowser: Native class hierarchy updated for 'AddContentDialog' in 0.0015 seconds. Added 0 classes and 0 folders.
[2016.02.16-02.05.15:322][  0]LogContentBrowser: Native class hierarchy updated for 'SceneOutliner' in 0.0012 seconds. Added 1 classes and 2 folders.
[2016.02.16-02.05.15:338][  0]LogCrashTracker: Crashtracker disabled due to settings.
[2016.02.16-02.05.15:342][  0]LogUObjectGlobals:Warning: Failed to find object 'Class None.'
[2016.02.16-02.05.15:364][  0]LogLoad: Full Startup: 4.50 seconds (BP compile: 0.03 seconds)
[2016.02.16-02.05.15:423][  0]LogContentStreaming: Texture pool size now 1000 MB
[2016.02.16-02.05.15:522][  0]LogRenderer: Reallocating scene render targets to support 1208x600 (Frame:2).
[2016.02.16-02.05.15:697][  2]LogAssetRegistry: Asset discovery search completed in 1.6081 seconds
[2016.02.16-02.05.15:697][  2]LogCollectionManager: Rebuilt the object cache for 0 collections in 0.000001 seconds (found 0 objects)
[2016.02.16-02.05.15:697][  2]LogCollectionManager: Fixed up redirectors for 0 collections in 0.000017 seconds (updated 0 objects)
[2016.02.16-02.05.43:856][383]LogBlueprintUserMessages: Early PlayInEditor Detection: Level '/Game/StarterContent/Maps/Minimal_Default.Minimal_Default:PersistentLevel' has LevelScriptBlueprint '/Game/StarterContent/Maps/Minimal_Default.Minimal_Default:PersistentLevel.Minimal_Default' with GeneratedClass '/Game/StarterContent/Maps/Minimal_Default.Minimal_Default_C' with ClassGeneratedBy '/Game/StarterContent/Maps/Minimal_Default.Minimal_Default:PersistentLevel.Minimal_Default'
[2016.02.16-02.05.43:856][383]LogPlayLevel: PlayLevel: No blueprints needed recompiling
[2016.02.16-02.05.43:856][383]PIE: New page: PIE session: Minimal_Default (Feb 15, 2016, 4:05:43 PM)
[2016.02.16-02.05.43:856][383]LogPlayLevel: Creating play world package: /Game/StarterContent/Maps/UEDPIE_0_Minimal_Default
[2016.02.16-02.05.43:861][383]LogPlayLevel: PIE: StaticDuplicateObject took: (0.005267s)
[2016.02.16-02.05.43:862][383]LogAIModule: Creating AISystem for world Minimal_Default
[2016.02.16-02.05.43:862][383]LogPlayLevel: PIE: World Init took: (0.000610s)
[2016.02.16-02.05.43:862][383]LogPlayLevel: PIE: Created PIE world by copying editor world from /Game/StarterContent/Maps/Minimal_Default.Minimal_Default to /Game/StarterContent/Maps/UEDPIE_0_Minimal_Default.Minimal_Default (0.006043s)
[2016.02.16-02.05.43:881][383]LogInit: XAudio2 using 'Speakers (ASUS Xonar DGX Audio Device)' : 2 channels at 44.1 kHz using 16 bits per sample (channel mask 0x3)
[2016.02.16-02.05.43:885][383]LogInit: FAudioDevice initialized.
[2016.02.16-02.05.43:928][383]LogWorld: Game class is 'AISafariGameMode'
[2016.02.16-02.05.43:930][383]LogWorld: Bringing World /Game/StarterContent/Maps/UEDPIE_0_Minimal_Default.Minimal_Default up for play (max tick rate 0) at 2016.02.15-21.05.43
[2016.02.16-02.05.43:930][383]LogActor:Warning: GameSession /Game/StarterContent/Maps/UEDPIE_0_Minimal_Default.Minimal_Default:PersistentLevel.GameSession_0 has natively added scene component(s), but none of them were set as the actor's RootComponent - picking one arbitrarily
[2016.02.16-02.05.43:930][383]LogActor:Warning: GameNetworkManager /Game/StarterContent/Maps/UEDPIE_0_Minimal_Default.Minimal_Default:PersistentLevel.GameNetworkManager_0 has natively added scene component(s), but none of them were set as the actor's RootComponent - picking one arbitrarily
[2016.02.16-02.05.43:931][383]LogWorld: Bringing up level for play took: 0.001594
[2016.02.16-02.05.44:277][383]PIE: Info Play in editor start time for /Game/StarterContent/Maps/UEDPIE_0_Minimal_Default 1.104
[2016.02.16-02.05.44:277][383]LogBlueprintUserMessages: Late PlayInEditor Detection: Level '/Game/StarterContent/Maps/Minimal_Default.Minimal_Default:PersistentLevel' has LevelScriptBlueprint '/Game/StarterContent/Maps/Minimal_Default.Minimal_Default:PersistentLevel.Minimal_Default' with GeneratedClass '/Game/StarterContent/Maps/Minimal_Default.Minimal_Default_C' with ClassGeneratedBy '/Game/StarterContent/Maps/Minimal_Default.Minimal_Default:PersistentLevel.Minimal_Default'
[2016.02.16-02.05.44:424][383]LogCrashTracker: 


[2016.02.16-02.05.44:424][383]LogCrashTracker: 


[2016.02.16-02.05.44:424][383]LogWindows: === Critical error: ===
Fatal error!



