[2016.02.11-18.42.09:667][  0]Log file open, 02/11/16 13:42:09
[2016.02.11-18.42.09:667][  0]LogInit:Display: Running engine for game: AISafari
[2016.02.11-18.42.09:667][  0]LogInit:Display: RandInit(-436835368) SRandInit(-436835367).
[2016.02.11-18.42.09:667][  0]LogTaskGraph: Started task graph with 4 named threads and 5 total threads.
[2016.02.11-18.42.09:667][  0]LogStats: Stats thread started at 0.068334
[2016.02.11-18.42.09:667][  0]LogInit: Version: 4.9.2-2707645+++depot+UE4-Releases+4.9
[2016.02.11-18.42.09:667][  0]LogInit: API Version: 2672455
[2016.02.11-18.42.09:668][  0]LogInit: Compiled (64-bit): Sep 28 2015 10:25:44
[2016.02.11-18.42.09:668][  0]LogInit: Compiled with Visual C++: 18.00.21005.01
[2016.02.11-18.42.09:668][  0]LogInit: Build Configuration: Development
[2016.02.11-18.42.09:668][  0]LogInit: Branch Name: ++depot+UE4-Releases+4.9
[2016.02.11-18.42.09:668][  0]LogInit: Command line:  
[2016.02.11-18.42.09:668][  0]LogInit: Base directory: C:/Program Files (x86)/Epic Games/4.9/Engine/Binaries/Win64/
[2016.02.11-18.42.09:668][  0]LogInit: Rocket: 1
[2016.02.11-18.42.09:680][  0]LogInit: Using libcurl 7.41.0
[2016.02.11-18.42.09:680][  0]LogInit:  - built for x86_64-pc-win32
[2016.02.11-18.42.09:680][  0]LogInit:  - supports SSL with WinSSL
[2016.02.11-18.42.09:680][  0]LogInit:  - other features:
[2016.02.11-18.42.09:680][  0]LogInit:      CURL_VERSION_SSL
[2016.02.11-18.42.09:680][  0]LogInit:      CURL_VERSION_IPV6
[2016.02.11-18.42.09:680][  0]LogInit:      CURL_VERSION_ASYNCHDNS
[2016.02.11-18.42.09:680][  0]LogInit:      CURL_VERSION_LARGEFILE
[2016.02.11-18.42.09:680][  0]LogInit:      CURL_VERSION_IDN
[2016.02.11-18.42.09:680][  0]LogInit:  CurlRequestOptions (configurable via config and command line):
[2016.02.11-18.42.09:680][  0]LogInit:  - bVerifyPeer = true  - Libcurl will verify peer certificate
[2016.02.11-18.42.09:680][  0]LogInit:  - bUseHttpProxy = false  - Libcurl will NOT use HTTP proxy
[2016.02.11-18.42.09:680][  0]LogInit:  - bDontReuseConnections = false  - Libcurl will reuse connections
[2016.02.11-18.42.09:680][  0]LogInit:  - CertBundlePath = nullptr  - Libcurl will use whatever was configured at build time.
[2016.02.11-18.42.09:694][  0]LogInit: Presizing for 0 objects not considered by GC, pre-allocating 0 bytes.
[2016.02.11-18.42.09:709][  0]LogInit: Object subsystem initialized
[2016.02.11-18.42.09:712][  0]LogInit: Selected Device Profile: [Windows]
[2016.02.11-18.42.09:712][  0]LogInit: Applying CVar settings loaded from the selected device profile: [Windows]
[2016.02.11-18.42.09:730][  0]LogInit: Computer: GDD-19
[2016.02.11-18.42.09:730][  0]LogInit: User: jrp3024
[2016.02.11-18.42.09:730][  0]LogInit: CPU Page size=4096, Cores=2
[2016.02.11-18.42.09:730][  0]LogInit: High frequency timer resolution =3.263301 MHz
[2016.02.11-18.42.09:730][  0]LogMemory: Memory total: Physical=12.0GB (12GB approx)
[2016.02.11-18.42.09:730][  0]LogMemory: Platform Memory Stats for Windows
[2016.02.11-18.42.09:730][  0]LogMemory: Process Physical Memory: 53.83 MB used, 53.83 MB peak
[2016.02.11-18.42.09:730][  0]LogMemory: Process Virtual Memory: 57.28 MB used, 57.28 MB peak
[2016.02.11-18.42.09:730][  0]LogMemory: Physical Memory: 5187.48 MB used, 12278.92 MB total
[2016.02.11-18.42.09:730][  0]LogMemory: Virtual Memory: 365.56 MB used, 134217728.00 MB total
[2016.02.11-18.42.09:782][  0]LogTextLocalizationManager: No specific translations for ('en-US') exist, so ('en') translations will be used.
[2016.02.11-18.42.10:871][  0]LogD3D11RHI: Found D3D11 adapter 0: NVIDIA GeForce GTX 590 (Feature Level 11_0)
[2016.02.11-18.42.10:871][  0]LogD3D11RHI: Adapter has 1483MB of dedicated video memory, 0MB of dedicated system memory, and 2560MB of shared system memory, 2 output[s]
[2016.02.11-18.42.10:872][  0]LogD3D11RHI: Found D3D11 adapter 1: Microsoft Basic Render Driver (Feature Level 11_0)
[2016.02.11-18.42.10:872][  0]LogD3D11RHI: Adapter has 0MB of dedicated video memory, 0MB of dedicated system memory, and 6139MB of shared system memory, 0 output[s]
[2016.02.11-18.42.10:872][  0]LogD3D11RHI: Chosen D3D11 Adapter Id = 0
[2016.02.11-18.42.10:877][  0]LogD3D11RHI: !Direct3DDevice
[2016.02.11-18.42.10:878][  0]LogRHI: Texture pool is 1038 MB (70% of 1483 MB)
[2016.02.11-18.42.10:898][  0]LogD3D11RHI: Async texture creation enabled
[2016.02.11-18.42.10:920][  0]LogShaderCompilers: Guid format shader working directory is 16 characters bigger than the processId version (D:/Users/jrp3024/AI-Safari/AISafari/Intermediate/Shaders/WorkingDirectory/812/).
[2016.02.11-18.42.10:920][  0]LogShaderCompilers: Cleaned the shader compiler working directory 'D:/Users/jrp3024/AI-Safari/AISafari/Intermediate/Shaders/tmp/203E3F0945CB1541F39CD3BFB733D956/'.
[2016.02.11-18.42.10:920][  0]LogShaderCompilers:Display: Using Local Shader Compiler.
[2016.02.11-18.42.12:784][  0]LogTemp:Display: Loaded TP AllDesktopTargetPlatform
[2016.02.11-18.42.12:790][  0]LogTemp:Display: Loaded TP WindowsClientTargetPlatform
[2016.02.11-18.42.12:796][  0]LogTemp:Display: Loaded TP WindowsNoEditorTargetPlatform
[2016.02.11-18.42.12:802][  0]LogTemp:Display: Loaded TP WindowsServerTargetPlatform
[2016.02.11-18.42.12:807][  0]LogTemp:Display: Loaded TP WindowsTargetPlatform
[2016.02.11-18.42.12:811][  0]LogTemp:Display: Loaded TP AndroidTargetPlatform
[2016.02.11-18.42.12:815][  0]LogTemp:Display: Loaded TP Android_ASTCTargetPlatform
[2016.02.11-18.42.12:819][  0]LogTemp:Display: Loaded TP Android_ATCTargetPlatform
[2016.02.11-18.42.12:823][  0]LogTemp:Display: Loaded TP Android_DXTTargetPlatform
[2016.02.11-18.42.12:828][  0]LogTemp:Display: Loaded TP Android_ETC1TargetPlatform
[2016.02.11-18.42.12:833][  0]LogTemp:Display: Loaded TP Android_ETC2TargetPlatform
[2016.02.11-18.42.12:837][  0]LogTemp:Display: Loaded TP Android_PVRTCTargetPlatform
[2016.02.11-18.42.12:838][  0]LogTemp:Display: Loaded TP HTML5TargetPlatform
[2016.02.11-18.42.12:856][  0]LogTemp:Display: Loaded TP IOSTargetPlatform
[2016.02.11-18.42.12:859][  0]LogTemp:Display: Loaded TP LinuxNoEditorTargetPlatform
[2016.02.11-18.42.12:863][  0]LogTemp:Display: Loaded TP LinuxServerTargetPlatform
[2016.02.11-18.42.12:867][  0]LogTemp:Display: Loaded TP LinuxTargetPlatform
[2016.02.11-18.42.12:867][  0]LogTargetPlatformManager:Display: Building Assets For Windows
[2016.02.11-18.42.12:966][  0]LogDerivedDataCache:Display: Max Cache Size: 512 MB
[2016.02.11-18.42.13:836][  0]LogDerivedDataCache: Loaded boot cache 0.87s 41MB D:/Users/jrp3024/AppData/Local/UnrealEngine/4.9/DerivedDataCache/Boot.ddc.
[2016.02.11-18.42.13:836][  0]LogDerivedDataCache:Display: Loaded Boot cache: D:/Users/jrp3024/AppData/Local/UnrealEngine/4.9/DerivedDataCache/Boot.ddc
[2016.02.11-18.42.13:836][  0]LogDerivedDataCache: FDerivedDataBackendGraph:  Pak pak cache file D:/Users/jrp3024/AI-Safari/AISafari/DerivedDataCache/DDC.ddp not found, will not use a pak cache.
[2016.02.11-18.42.13:836][  0]LogDerivedDataCache: Unable to find inner node Pak for hierarchical cache Hierarchy.
[2016.02.11-18.42.13:836][  0]LogDerivedDataCache: FDerivedDataBackendGraph:  CompressedPak pak cache file D:/Users/jrp3024/AI-Safari/AISafari/DerivedDataCache/Compressed.ddp not found, will not use a pak cache.
[2016.02.11-18.42.13:836][  0]LogDerivedDataCache: Unable to find inner node CompressedPak for hierarchical cache Hierarchy.
[2016.02.11-18.42.13:981][  0]LogDerivedDataCache:Display: Pak cache opened for reading ../../../Engine/DerivedDataCache/Compressed.ddp.
[2016.02.11-18.42.13:993][  0]LogDerivedDataCache: Using Local data cache path D:/Users/jrp3024/AppData/Local/UnrealEngine/Common/DerivedDataCache: Writable
[2016.02.11-18.42.14:205][  0]LogInit: Selected Device Profile: [Windows]
[2016.02.11-18.42.14:209][  0]LogContentStreaming: Texture pool size is 0.000000MB
[2016.02.11-18.42.14:344][  0]LogMeshUtilities: No automatic mesh reduction module available
[2016.02.11-18.42.14:344][  0]LogMeshUtilities: No automatic mesh merging module available
[2016.02.11-18.42.14:656][  0]LogInit: WinSock: version 1.1 (2.2), MaxSocks=32767, MaxUdp=65467
[2016.02.11-18.42.20:005][  0]UdpMessaging: Initializing bridge on interface 0.0.0.0:0 to multicast group 230.0.0.1:6666.
[2016.02.11-18.42.20:164][  0]LogAssetRegistry: FAssetRegistry took 0.0113 seconds to start up
[2016.02.11-18.42.20:365][  0]SourceControl: Info Source control is disabled
[2016.02.11-18.42.20:443][  0]SourceControl: Info Source control is disabled
[2016.02.11-18.42.20:458][  0]SourceControl: Info Source control is disabled
[2016.02.11-18.42.20:471][  0]SourceControl: Info Source control is disabled
[2016.02.11-18.42.20:701][  0]LogLinker:Warning: Asset '../../../Engine/Plugins/Runtime/LeapMotionController/Content/LM_PassthroughMaterial.uasset' has been saved with empty engine version. The asset will be loaded but may be incompatible.
[2016.02.11-18.42.20:796][  0]LogObj: 28380 objects as part of root set at end of initial load.
[2016.02.11-18.42.20:796][  0]LogUObjectAllocator: 6046544 out of 0 bytes used by permanent object pool.
[2016.02.11-18.42.20:862][  0]LogEngine: Initializing Engine...
[2016.02.11-18.42.20:865][  0]LogHMD: Can't find Oculus library dev build: is proper Runtime installed? Version: 0.7.0.0
[2016.02.11-18.42.20:865][  0]LogHMD: SteamVR failed to initialize.  Err: 110
[2016.02.11-18.42.21:014][  0]LogAIModule: Creating AISystem for world NewWorld
[2016.02.11-18.42.21:023][  0]LogInit: XAudio2 using 'Digital Audio (HDMI) (High Definition Audio Device)' : 2 channels at 44.1 kHz using 16 bits per sample (channel mask 0x3)
[2016.02.11-18.42.21:041][  0]LogInit: FAudioDevice initialized.
[2016.02.11-18.42.21:072][  0]LogDerivedDataCache: Saved boot cache 0.03s 41MB D:/Users/jrp3024/AppData/Local/UnrealEngine/4.9/DerivedDataCache/Boot.ddc.
[2016.02.11-18.42.21:080][  0]LogInit: Texture streaming: Enabled
[2016.02.11-18.42.21:086][  0]LogAnalytics: Creating configured Analytics provider AnalyticsET
[2016.02.11-18.42.21:086][  0]LogAnalytics: [UEEditor.Rocket.Release] APIServer = http://et2.epicgames.com/ET2/. AppVersion = 4.9.2-2707645+++depot+UE4-Releases+4.9
[2016.02.11-18.42.21:087][  0]LogAnalytics: [UEEditor.Rocket.Release] SetUserId a54304d74028bc44ccc745a47838cd09|85745c8591404a23957796735eaccf05|28f313b4-5acb-499d-8f9f-e1729882657c
[2016.02.11-18.42.21:087][  0]LogAnalytics: [UEEditor.Rocket.Release] AnalyticsET::StartSession
[2016.02.11-18.42.21:115][  0]LogInit: Transaction tracking system initialized
[2016.02.11-18.42.21:146][  0]BlueprintLog: New page: Editor Load
[2016.02.11-18.42.21:261][  0]LocalizationService: Info Localization service is disabled
[2016.02.11-18.42.22:029][  0]LogConsoleResponse:Display: 
[2016.02.11-18.42.22:186][  0]LogCook:Display: Done creating registry. It took  0.00s.
[2016.02.11-18.42.22:294][  0]LogFileCache: Scanning file cache for directory 'D:/Users/jrp3024/AI-Safari/AISafari/Content/' took 0.01s
[2016.02.11-18.42.22:302][  0]SourceControl: Info Source control is disabled
[2016.02.11-18.42.22:302][  0]Cmd: MAP LOAD FILE="D:/Users/jrp3024/AI-Safari/AISafari/Content/StarterContent/Maps/Minimal_Default.umap" TEMPLATE=0 SHOWPROGRESS=1 FEATURELEVEL=3
[2016.02.11-18.42.22:303][  0]LightingResults: New page: Lighting Build
[2016.02.11-18.42.22:306][  0]MapCheck: New page: Map Check
[2016.02.11-18.42.22:306][  0]LightingResults: New page: Lighting Build
[2016.02.11-18.42.22:325][  0]LogParticles: Destroying 0 GPU particle simulations for FXSystem 0x000000442C393420
[2016.02.11-18.42.22:737][  0]LogAIModule: Creating AISystem for world Minimal_Default
[2016.02.11-18.42.22:745][  0]LogEditorServer: Finished looking for orphan Actors (0.000 secs)
[2016.02.11-18.42.22:745][  0]Cmd: MAP CHECKDEP NOCLEARLOG
[2016.02.11-18.42.22:827][  0]MapCheck: Info Map check complete: 0 Error(s), 0 Warning(s), took 81.664ms to complete.
[2016.02.11-18.42.22:827][  0]LogFileHelpers: Loading map 'Minimal_Default' took 0.525
[2016.02.11-18.42.23:042][  0]LogCollectionManager: Loaded 0 collections in 0.003002 seconds
[2016.02.11-18.42.23:086][  0]LogFileCache: Scanning file cache for directory 'D:/Users/jrp3024/AI-Safari/AISafari/Saved/Collections/' took 0.01s
[2016.02.11-18.42.23:086][  0]LogFileCache: Scanning file cache for directory 'D:/Users/jrp3024/AI-Safari/AISafari/Content/Developers/jrp3024/Collections/' took 0.01s
[2016.02.11-18.42.23:086][  0]LogFileCache: Scanning file cache for directory 'D:/Users/jrp3024/AI-Safari/AISafari/Content/Collections/' took 0.01s
[2016.02.11-18.42.23:086][  0]LogContentBrowser: Native class hierarchy populated in 0.0106 seconds. Added 1871 classes and 336 folders.
[2016.02.11-18.42.23:094][  0]LogCollectionManager: Rebuilt the GUID cache for 0 collections in 0.000002 seconds
[2016.02.11-18.42.23:103][  0]LogContentBrowser: Native class hierarchy updated for 'WidgetCarousel' in 0.0018 seconds. Added 0 classes and 0 folders.
[2016.02.11-18.42.23:509][  0]LogContentBrowser: Native class hierarchy updated for 'AddContentDialog' in 0.0021 seconds. Added 0 classes and 0 folders.
[2016.02.11-18.42.23:518][  0]LogContentBrowser: Native class hierarchy updated for 'SceneOutliner' in 0.0025 seconds. Added 1 classes and 2 folders.
[2016.02.11-18.42.23:542][  0]LogCrashTracker: Crashtracker disabled due to settings.
[2016.02.11-18.42.23:557][  0]LogUObjectGlobals:Warning: Failed to find object 'Class None.'
[2016.02.11-18.42.23:581][  0]LogLoad: Full Startup: 14.93 seconds (BP compile: 0.10 seconds)
[2016.02.11-18.42.23:684][  0]LogContentStreaming: Texture pool size now 1000 MB
[2016.02.11-18.42.23:841][  0]LogRenderer: Reallocating scene render targets to support 1208x576 (Frame:2).
[2016.02.11-18.42.24:246][  5]LogAssetRegistry: Asset discovery search completed in 4.0940 seconds
[2016.02.11-18.42.24:246][  5]LogCollectionManager: Rebuilt the object cache for 0 collections in 0.000001 seconds (found 0 objects)
[2016.02.11-18.42.24:246][  5]LogCollectionManager: Fixed up redirectors for 0 collections in 0.000178 seconds (updated 0 objects)
[2016.02.11-18.42.44:511][404]LogVSAccessor:Warning: Visual Studio is open but could not be queried - it may be blocked by a modal operation
[2016.02.11-18.42.45:841][405]LogVSAccessor:Warning: Couldn't goto line number '0' in 'D:/Users/jrp3024/AI-Safari/AISafari/Source/AISafari/BaseClasses/FlockerManagerBase.h'
[2016.02.11-18.42.45:953][405]LogVSAccessor:Warning: Couldn't goto line number '0' in 'D:/Users/jrp3024/AI-Safari/AISafari/Source/AISafari/BaseClasses/FlockerManagerBase.cpp'
[2016.02.11-18.43.26:208][762]Recompiling AISafari...
[2016.02.11-18.43.26:208][762]Launching UnrealBuildTool... [C:/Program Files (x86)/Epic Games/4.9/Engine/Binaries/DotNET/UnrealBuildTool.exe AISafari -ModuleWithSuffix AISafari 1648 Win64 Development -editorrecompile -canskiplink "D:/Users/jrp3024/AI-Safari/AISafari/AISafari.uproject" -rocket  -rocket]
[2016.02.11-18.43.26:210][762]Warning: Starting HotReload took  0.1s.
[2016.02.11-18.44.59:151][ 73]CompilerResultsLog: New page: Compilation - Feb 11, 2016, 8:44:59 AM
[2016.02.11-18.44.59:151][ 73]CompilerResultsLog: Info Creating makefile for hot reloading AISafari (no existing makefile)
[2016.02.11-18.44.59:151][ 73]CompilerResultsLog: Info Compiling game modules for hot reload
[2016.02.11-18.44.59:151][ 73]LogMainFrame: MainFrame: Module compiling took 92.948 seconds
[2016.02.11-18.44.59:151][ 73]Warning: HotReload failed, recompile failed
[2016.02.11-18.49.00:700][829]LogHotReload: New module detected: UE4Editor-AISafari-9020.dll
[2016.02.11-18.49.01:714][833]LogHotReload: Starting Hot-Reload from IDE
[2016.02.11-18.49.01:874][833]LogClass: Could not find existing class AutoAgent in package /Script/AISafari for HotReload, assuming new class
[2016.02.11-18.49.01:874][833]LogClass: Could not find existing class FlockerBase in package /Script/AISafari for HotReload, assuming new class
[2016.02.11-18.49.01:882][833]LogHotReload: Re-instancing AutoAgent after hot-reload.
[2016.02.11-18.49.01:921][833]LogHotReload: Re-instancing FlockerBase after hot-reload.
[2016.02.11-18.49.02:048][833]LogContentBrowser: Native class hierarchy updated for 'AISafari' in 0.0029 seconds. Added 4 classes and 3 folders.
[2016.02.11-18.49.02:050][833]Warning: HotReload successful (0 functions remapped  0 scriptstructs remapped)
[2016.02.11-18.49.02:154][833]LogContentBrowser: Native class hierarchy populated in 0.0137 seconds. Added 1872 classes and 338 folders.
[2016.02.11-18.49.04:747][851]LogWindowsTextInputMethodSystem:Display: IME system now deactivated.
[2016.02.11-18.49.05:113][852]Cmd: QUIT_EDITOR
[2016.02.11-18.49.05:522][852]LogExit: Preparing to exit.
[2016.02.11-18.49.06:473][852]LogExit: Editor shut down
[2016.02.11-18.49.06:473][852]LogExit: Transaction tracking system shut down
[2016.02.11-18.49.06:475][852]LogParticles: Destroying 0 GPU particle simulations for FXSystem 0x000000441A39EE80
[2016.02.11-18.49.06:475][852]LogParticles: Destroying 0 GPU particle simulations for FXSystem 0x000000442832BE20
[2016.02.11-18.49.06:642][852]LogExit: Object subsystem successfully closed.
[2016.02.11-18.49.06:651][852]LogD3D11RHI: Shutdown
[2016.02.11-18.49.06:651][852]LogD3D11RHI: CleanupD3DDevice
[2016.02.11-18.49.06:823][852]LogD3D11RHI: ~FD3D11DynamicRHI
[2016.02.11-18.49.06:855][852]LogModuleManager: Shutting down and abandoning module CrashTracker (198)
[2016.02.11-18.49.06:855][852]LogModuleManager: Shutting down and abandoning module SceneOutliner (197)
[2016.02.11-18.49.06:855][852]LogModuleManager: Shutting down and abandoning module SuperSearch (196)
[2016.02.11-18.49.06:855][852]LogModuleManager: Shutting down and abandoning module WidgetCarousel (195)
[2016.02.11-18.49.06:855][852]LogModuleManager: Shutting down and abandoning module AddContentDialog (194)
[2016.02.11-18.49.06:856][852]LogModuleManager: Shutting down and abandoning module EditorWidgets (193)
[2016.02.11-18.49.06:856][852]LogModuleManager: Shutting down and abandoning module CollectionManager (192)
[2016.02.11-18.49.06:856][852]LogModuleManager: Shutting down and abandoning module StatsViewer (191)
[2016.02.11-18.49.06:856][852]LogModuleManager: Shutting down and abandoning module FoliageEdit (190)
[2016.02.11-18.49.06:856][852]LogModuleManager: Shutting down and abandoning module LandscapeEditor (189)
[2016.02.11-18.49.06:856][852]LogModuleManager: Shutting down and abandoning module ActorPickerMode (188)
[2016.02.11-18.49.06:856][852]LogModuleManager: Shutting down and abandoning module GeometryMode (187)
[2016.02.11-18.49.06:856][852]LogModuleManager: Shutting down and abandoning module TextureAlignMode (186)
[2016.02.11-18.49.06:856][852]LogModuleManager: Shutting down and abandoning module BspMode (185)
[2016.02.11-18.49.06:856][852]LogModuleManager: Shutting down and abandoning module PlacementMode (184)
[2016.02.11-18.49.06:856][852]LogModuleManager: Shutting down and abandoning module AutomationWorker (183)
[2016.02.11-18.49.06:856][852]LogModuleManager: Shutting down and abandoning module CharacterAI (182)
[2016.02.11-18.49.06:856][852]LogModuleManager: Shutting down and abandoning module SmartSnapping (181)
[2016.02.11-18.49.06:856][852]LogModuleManager: Shutting down and abandoning module ViewportSnapping (180)
[2016.02.11-18.49.06:856][852]LogModuleManager: Shutting down and abandoning module LogVisualizer (179)
[2016.02.11-18.49.06:857][852]LogModuleManager: Shutting down and abandoning module GameProjectGeneration (178)
[2016.02.11-18.49.06:857][852]LogModuleManager: Shutting down and abandoning module IntroTutorials (177)
[2016.02.11-18.49.06:857][852]LogModuleManager: Shutting down and abandoning module EditorLiveStreaming (176)
[2016.02.11-18.49.06:857][852]LogModuleManager: Shutting down and abandoning module IOSPlatformEditor (175)
[2016.02.11-18.49.06:857][852]LogModuleManager: Shutting down and abandoning module HTML5PlatformEditor (174)
[2016.02.11-18.49.06:857][852]LogModuleManager: Shutting down and abandoning module AndroidDeviceDetection (173)
[2016.02.11-18.49.07:503][852]LogModuleManager: Shutting down and abandoning module AndroidPlatformEditor (172)
[2016.02.11-18.49.07:503][852]LogModuleManager: Shutting down and abandoning module IOSRuntimeSettings (171)
[2016.02.11-18.49.07:503][852]LogModuleManager: Shutting down and abandoning module AndroidRuntimeSettings (170)
[2016.02.11-18.49.07:504][852]LogModuleManager: Shutting down and abandoning module MergeActors (169)
[2016.02.11-18.49.07:504][852]LogModuleManager: Shutting down and abandoning module SizeMap (168)
[2016.02.11-18.49.07:504][852]LogModuleManager: Shutting down and abandoning module TreeMap (167)
[2016.02.11-18.49.07:504][852]LogModuleManager: Shutting down and abandoning module ReferenceViewer (166)
[2016.02.11-18.49.07:504][852]LogModuleManager: Shutting down and abandoning module LocalizationService (165)
[2016.02.11-18.49.07:504][852]LogModuleManager: Shutting down and abandoning module LocalizationDashboard (164)
[2016.02.11-18.49.07:504][852]LogModuleManager: Shutting down and abandoning module HardwareTargeting (163)
[2016.02.11-18.49.07:504][852]LogModuleManager: Shutting down and abandoning module DeviceProfileEditor (162)
[2016.02.11-18.49.07:504][852]LogModuleManager: Shutting down and abandoning module UndoHistory (161)
[2016.02.11-18.49.07:504][852]LogModuleManager: Shutting down and abandoning module GameplayTagsEditor (160)
[2016.02.11-18.49.07:504][852]LogModuleManager: Shutting down and abandoning module UserFeedback (159)
[2016.02.11-18.49.07:504][852]LogModuleManager: Shutting down and abandoning module XmlParser (158)
[2016.02.11-18.49.07:504][852]LogModuleManager: Shutting down and abandoning module Blutility (157)
[2016.02.11-18.49.07:504][852]LogModuleManager: Shutting down and abandoning module ProjectTargetPlatformEditor (156)
[2016.02.11-18.49.07:504][852]LogModuleManager: Shutting down and abandoning module ProjectSettingsViewer (155)
[2016.02.11-18.49.07:504][852]LogModuleManager: Shutting down and abandoning module InputBindingEditor (154)
[2016.02.11-18.49.07:504][852]LogModuleManager: Shutting down and abandoning module EditorSettingsViewer (153)
[2016.02.11-18.49.07:504][852]LogModuleManager: Shutting down and abandoning module SettingsEditor (152)
[2016.02.11-18.49.07:504][852]LogModuleManager: Shutting down and abandoning module ProjectLauncher (151)
[2016.02.11-18.49.07:504][852]LogModuleManager: Shutting down and abandoning module SessionFrontend (150)
[2016.02.11-18.49.07:504][852]LogModuleManager: Shutting down and abandoning module ProfilerClient (149)
[2016.02.11-18.49.07:504][852]LogModuleManager: Shutting down and abandoning module TargetDeviceServices (148)
[2016.02.11-18.49.07:504][852]LogModuleManager: Shutting down and abandoning module DeviceManager (147)
[2016.02.11-18.49.07:505][852]LogModuleManager: Shutting down and abandoning module AutomationController (146)
[2016.02.11-18.49.07:505][852]LogModuleManager: Shutting down and abandoning module AutomationWindow (145)
[2016.02.11-18.49.07:505][852]LogModuleManager: Shutting down and abandoning module Layers (144)
[2016.02.11-18.49.07:505][852]LogModuleManager: Shutting down and abandoning module ComponentVisualizers (143)
[2016.02.11-18.49.07:505][852]LogModuleManager: Shutting down and abandoning module DetailCustomizations (142)
[2016.02.11-18.49.07:505][852]LogModuleManager: Shutting down and abandoning module PackagesDialog (141)
[2016.02.11-18.49.07:505][852]LogModuleManager: Shutting down and abandoning module Persona (140)
[2016.02.11-18.49.07:505][852]LogModuleManager: Shutting down and abandoning module Kismet (139)
[2016.02.11-18.49.07:505][852]LogModuleManager: Shutting down and abandoning module GraphEditor (138)
[2016.02.11-18.49.07:505][852]LogModuleManager: Shutting down and abandoning module ClassViewer (137)
[2016.02.11-18.49.07:505][852]LogModuleManager: Shutting down and abandoning module Toolbox (136)
[2016.02.11-18.49.07:505][852]LogModuleManager: Shutting down and abandoning module ModuleUI (135)
[2016.02.11-18.49.07:505][852]LogModuleManager: Shutting down and abandoning module MovieSceneTools (134)
[2016.02.11-18.49.07:505][852]LogModuleManager: Shutting down and abandoning module OutputLog (133)
[2016.02.11-18.49.07:505][852]LogModuleManager: Shutting down and abandoning module GammaUI (132)
[2016.02.11-18.49.07:505][852]LogModuleManager: Shutting down and abandoning module Documentation (131)
[2016.02.11-18.49.07:505][852]LogModuleManager: Shutting down and abandoning module GameLiveStreaming (130)
[2016.02.11-18.49.07:505][852]LogModuleManager: Shutting down and abandoning module StreamingPauseRendering (129)
[2016.02.11-18.49.07:505][852]LogModuleManager: Shutting down and abandoning module AnalyticsET (128)
[2016.02.11-18.49.07:505][852]LogModuleManager: Shutting down and abandoning module Analytics (127)
[2016.02.11-18.49.07:505][852]LogModuleManager: Shutting down and abandoning module AITestSuite (126)
[2016.02.11-18.49.07:505][852]LogModuleManager: Shutting down and abandoning module GameplayDebugger (125)
[2016.02.11-18.49.07:505][852]LogModuleManager: Shutting down and abandoning module AIModule (124)
[2016.02.11-18.49.07:505][852]LogModuleManager: Shutting down and abandoning module ProfilerService (123)
[2016.02.11-18.49.07:750][852]LogModuleManager: Shutting down and abandoning module TaskGraph (122)
[2016.02.11-18.49.07:750][852]LogModuleManager: Shutting down and abandoning module SlateRemote (121)
[2016.02.11-18.49.07:750][852]LogModuleManager: Shutting down and abandoning module SteamVRController (120)
[2016.02.11-18.49.07:750][852]LogModuleManager: Shutting down and abandoning module SteamVR (119)
[2016.02.11-18.49.07:750][852]LogModuleManager: Shutting down and abandoning module ProceduralMeshComponent (118)
[2016.02.11-18.49.07:750][852]LogModuleManager: Shutting down and abandoning module OculusRift (117)
[2016.02.11-18.49.07:750][852]LogModuleManager: Shutting down and abandoning module OculusLibrary (116)
[2016.02.11-18.49.07:750][852]LogModuleManager: Shutting down and abandoning module LeapMotionController (115)
[2016.02.11-18.49.07:765][852]LogModuleManager: Shutting down and abandoning module CustomMeshComponent (114)
[2016.02.11-18.49.07:765][852]LogModuleManager: Shutting down and abandoning module CableComponent (113)
[2016.02.11-18.49.07:765][852]LogModuleManager: Shutting down and abandoning module ArchVisCharacter (112)
[2016.02.11-18.49.07:765][852]LogModuleManager: Shutting down and abandoning module MessagingDebugger (111)
[2016.02.11-18.49.07:765][852]LogModuleManager: Shutting down and abandoning module MediaPlayerEditor (110)
[2016.02.11-18.49.07:765][852]LogModuleManager: Shutting down and abandoning module HTML5Networking (109)
[2016.02.11-18.49.07:765][852]LogModuleManager: Shutting down and abandoning module SpeedTreeImporter (108)
[2016.02.11-18.49.07:765][852]LogModuleManager: Shutting down and abandoning module PluginBrowser (107)
[2016.02.11-18.49.07:765][852]LogModuleManager: Shutting down and abandoning module EpicSurvey (106)
[2016.02.11-18.49.07:765][852]LogModuleManager: Shutting down and abandoning module DesktopPlatform (105)
[2016.02.11-18.49.07:765][852]LogModuleManager: Shutting down and abandoning module VisualStudioSourceCodeAccess (104)
[2016.02.11-18.49.07:765][852]LogModuleManager: Shutting down and abandoning module UObjectPlugin (103)
[2016.02.11-18.49.07:765][852]LogModuleManager: Shutting down and abandoning module SubversionSourceControl (102)
[2016.02.11-18.49.07:765][852]LogModuleManager: Shutting down and abandoning module PerforceSourceControl (101)
[2016.02.11-18.49.07:765][852]LogModuleManager: Shutting down and abandoning module SourceControl (100)
[2016.02.11-18.49.07:765][852]LogModuleManager: Shutting down and abandoning module GitSourceControl (99)
[2016.02.11-18.49.07:765][852]LogModuleManager: Shutting down and abandoning module LightPropagationVolumeEditor (98)
[2016.02.11-18.49.07:765][852]LogModuleManager: Shutting down and abandoning module PaperTiledImporter (97)
[2016.02.11-18.49.07:765][852]LogModuleManager: Shutting down and abandoning module PaperSpriteSheetImporter (96)
[2016.02.11-18.49.07:765][852]LogModuleManager: Shutting down and abandoning module MeshPaint (95)
[2016.02.11-18.49.07:765][852]LogModuleManager: Shutting down and abandoning module SlateReflector (94)
[2016.02.11-18.49.07:765][852]LogModuleManager: Shutting down and abandoning module HotReload (93)
[2016.02.11-18.49.07:765][852]LogModuleManager: Shutting down and abandoning module MainFrame (92)
[2016.02.11-18.49.07:765][852]LogModuleManager: Shutting down and abandoning module LevelEditor (91)
[2016.02.11-18.49.07:767][852]LogModuleManager: Shutting down and abandoning module DirectoryWatcher (90)
[2016.02.11-18.49.07:768][852]LogModuleManager: Shutting down and abandoning module AssetRegistry (89)
[2016.02.11-18.49.07:888][852]LogModuleManager: Shutting down and abandoning module ContentBrowser (88)
[2016.02.11-18.49.07:889][852]LogModuleManager: Shutting down and abandoning module Paper2DEditor (87)
[2016.02.11-18.49.07:889][852]LogModuleManager: Shutting down and abandoning module AISafari (86)
[2016.02.11-18.49.07:889][852]LogModuleManager: Shutting down and abandoning module UdpMessaging (85)
[2016.02.11-18.49.07:990][852]LogModuleManager: Shutting down and abandoning module LightPropagationVolumeRuntime (84)
[2016.02.11-18.49.07:990][852]LogModuleManager: Shutting down and abandoning module Paper2D (83)
[2016.02.11-18.49.07:990][852]LogModuleManager: Shutting down and abandoning module WindowsMoviePlayer (82)
[2016.02.11-18.49.07:992][852]LogModuleManager: Shutting down and abandoning module Media (81)
[2016.02.11-18.49.07:992][852]LogModuleManager: Shutting down and abandoning module WmfMedia (80)
[2016.02.11-18.49.07:992][852]LogModuleManager: Shutting down and abandoning module OnlineBlueprintSupport (79)
[2016.02.11-18.49.07:992][852]LogModuleManager: Shutting down and abandoning module GameplayTasksEditor (78)
[2016.02.11-18.49.07:992][852]LogModuleManager: Shutting down and abandoning module PropertyEditor (77)
[2016.02.11-18.49.07:992][852]LogModuleManager: Shutting down and abandoning module BehaviorTreeEditor (76)
[2016.02.11-18.49.07:992][852]LogModuleManager: Shutting down and abandoning module FunctionalTesting (75)
[2016.02.11-18.49.07:992][852]LogModuleManager: Shutting down and abandoning module CollisionAnalyzer (74)
[2016.02.11-18.49.07:992][852]LogModuleManager: Shutting down and abandoning module WorkspaceMenuStructure (73)
[2016.02.11-18.49.07:992][852]LogModuleManager: Shutting down and abandoning module MessageLog (72)
[2016.02.11-18.49.07:992][852]LogModuleManager: Shutting down and abandoning module Sequencer (71)
[2016.02.11-18.49.07:992][852]LogModuleManager: Shutting down and abandoning module AssetTools (70)
[2016.02.11-18.49.07:992][852]LogModuleManager: Shutting down and abandoning module UMGEditor (69)
[2016.02.11-18.49.07:992][852]LogModuleManager: Shutting down and abandoning module UMG (68)
[2016.02.11-18.49.07:992][852]LogModuleManager: Shutting down and abandoning module Slate (67)
[2016.02.11-18.49.07:992][852]LogModuleManager: Shutting down and abandoning module EditorStyle (66)
[2016.02.11-18.49.07:995][852]LogModuleManager: Shutting down and abandoning module SessionServices (65)
[2016.02.11-18.49.07:995][852]LogModuleManager: Shutting down and abandoning module SourceCodeAccess (64)
[2016.02.11-18.49.07:995][852]LogModuleManager: Shutting down and abandoning module HeadMountedDisplay (63)
[2016.02.11-18.49.07:995][852]LogModuleManager: Shutting down and abandoning module XAudio2 (62)
[2016.02.11-18.49.07:995][852]LogModuleManager: Shutting down and abandoning module Networking (60)
[2016.02.11-18.49.07:995][852]LogModuleManager: Shutting down and abandoning module Core (59)
[2016.02.11-18.49.07:995][852]LogModuleManager: Shutting down and abandoning module KismetCompiler (58)
[2016.02.11-18.49.07:995][852]LogModuleManager: Shutting down and abandoning module PhysXFormats (57)
[2016.02.11-18.49.07:995][852]LogModuleManager: Shutting down and abandoning module MeshUtilities (56)
[2016.02.11-18.49.07:995][852]LogModuleManager: Shutting down and abandoning module CookingStats (55)
[2016.02.11-18.49.07:995][852]LogModuleManager: Shutting down and abandoning module DerivedDataCache (54)
[2016.02.11-18.49.08:024][852]LogDerivedDataCache: Shutdown
[2016.02.11-18.49.08:024][852]LogModuleManager: Shutting down and abandoning module ShaderFormatOpenGL (53)
[2016.02.11-18.49.08:024][852]LogModuleManager: Shutting down and abandoning module ShaderFormatD3D (52)
[2016.02.11-18.49.08:024][852]LogModuleManager: Shutting down and abandoning module MetalShaderFormat (51)
[2016.02.11-18.49.08:024][852]LogModuleManager: Shutting down and abandoning module TextureFormatUncompressed (50)
[2016.02.11-18.49.08:024][852]LogModuleManager: Shutting down and abandoning module TextureFormatPVR (49)
[2016.02.11-18.49.08:024][852]LogModuleManager: Shutting down and abandoning module TextureFormatIntelISPCTexComp (48)
[2016.02.11-18.49.08:024][852]LogModuleManager: Shutting down and abandoning module TextureFormatDXT (47)
[2016.02.11-18.49.08:024][852]LogModuleManager: Shutting down and abandoning module ImageWrapper (46)
[2016.02.11-18.49.08:024][852]LogModuleManager: Shutting down and abandoning module TextureFormatASTC (45)
[2016.02.11-18.49.08:024][852]LogModuleManager: Shutting down and abandoning module TextureFormatAndroid (44)
[2016.02.11-18.49.08:024][852]LogModuleManager: Shutting down and abandoning module AudioFormatOpus (43)
[2016.02.11-18.49.08:024][852]LogModuleManager: Shutting down and abandoning module AudioFormatOgg (42)
[2016.02.11-18.49.08:024][852]LogModuleManager: Shutting down and abandoning module AudioFormatADPCM (41)
[2016.02.11-18.49.08:024][852]LogModuleManager: Shutting down and abandoning module LinuxTargetPlatform (40)
[2016.02.11-18.49.08:024][852]LogModuleManager: Shutting down and abandoning module LinuxServerTargetPlatform (39)
[2016.02.11-18.49.08:024][852]LogModuleManager: Shutting down and abandoning module LinuxNoEditorTargetPlatform (38)
[2016.02.11-18.49.08:024][852]LogModuleManager: Shutting down and abandoning module Messaging (37)
[2016.02.11-18.49.08:024][852]LogModuleManager: Shutting down and abandoning module IOSTargetPlatform (36)
[2016.02.11-18.49.08:024][852]LogModuleManager: Shutting down and abandoning module HTML5TargetPlatform (35)
[2016.02.11-18.49.08:024][852]LogModuleManager: Shutting down and abandoning module Android_PVRTCTargetPlatform (34)
[2016.02.11-18.49.08:024][852]LogModuleManager: Shutting down and abandoning module Android_ETC2TargetPlatform (33)
[2016.02.11-18.49.08:024][852]LogModuleManager: Shutting down and abandoning module Android_ETC1TargetPlatform (32)
[2016.02.11-18.49.08:024][852]LogModuleManager: Shutting down and abandoning module Android_DXTTargetPlatform (31)
[2016.02.11-18.49.08:024][852]LogModuleManager: Shutting down and abandoning module Android_ATCTargetPlatform (30)
[2016.02.11-18.49.08:024][852]LogModuleManager: Shutting down and abandoning module Android_ASTCTargetPlatform (29)
[2016.02.11-18.49.08:024][852]LogModuleManager: Shutting down and abandoning module AndroidTargetPlatform (28)
[2016.02.11-18.49.08:024][852]LogModuleManager: Shutting down and abandoning module WindowsTargetPlatform (27)
[2016.02.11-18.49.08:024][852]LogModuleManager: Shutting down and abandoning module WindowsServerTargetPlatform (26)
[2016.02.11-18.49.08:024][852]LogModuleManager: Shutting down and abandoning module WindowsNoEditorTargetPlatform (25)
[2016.02.11-18.49.08:024][852]LogModuleManager: Shutting down and abandoning module WindowsClientTargetPlatform (24)
[2016.02.11-18.49.08:024][852]LogModuleManager: Shutting down and abandoning module AllDesktopTargetPlatform (23)
[2016.02.11-18.49.08:024][852]LogModuleManager: Shutting down and abandoning module TargetPlatform (22)
[2016.02.11-18.49.08:024][852]LogModuleManager: Shutting down and abandoning module InputCore (21)
[2016.02.11-18.49.08:024][852]LogModuleManager: Shutting down and abandoning module Settings (20)
[2016.02.11-18.49.08:024][852]LogModuleManager: Shutting down and abandoning module OnlineSubsystem (18)
[2016.02.11-18.49.08:024][852]LogModuleManager: Shutting down and abandoning module HTTP (17)
[2016.02.11-18.49.09:025][852]LogModuleManager: Shutting down and abandoning module XMPP (16)
[2016.02.11-18.49.09:025][852]LogModuleManager: Shutting down and abandoning module ExampleDeviceProfileSelector (15)
[2016.02.11-18.49.09:025][852]LogModuleManager: Shutting down and abandoning module TextureCompressor (14)
[2016.02.11-18.49.09:025][852]LogModuleManager: Shutting down and abandoning module ShaderCore (13)
[2016.02.11-18.49.09:025][852]LogModuleManager: Shutting down and abandoning module Landscape (12)
[2016.02.11-18.49.09:025][852]LogModuleManager: Shutting down and abandoning module SlateRHIRenderer (11)
[2016.02.11-18.49.09:026][852]LogModuleManager: Shutting down and abandoning module OpenGLDrv (10)
[2016.02.11-18.49.09:026][852]LogModuleManager: Shutting down and abandoning module D3D11RHI (9)
[2016.02.11-18.49.09:026][852]LogModuleManager: Shutting down and abandoning module AnimGraphRuntime (8)
[2016.02.11-18.49.09:026][852]LogModuleManager: Shutting down and abandoning module Renderer (7)
[2016.02.11-18.49.09:026][852]LogModuleManager: Shutting down and abandoning module Engine (6)
[2016.02.11-18.49.09:026][852]LogModuleManager: Shutting down and abandoning module CoreUObject (5)
[2016.02.11-18.49.09:026][852]LogModuleManager: Shutting down and abandoning module NetworkFile (4)
[2016.02.11-18.49.09:026][852]LogModuleManager: Shutting down and abandoning module StreamingFile (3)
[2016.02.11-18.49.09:026][852]LogModuleManager: Shutting down and abandoning module SandboxFile (2)
[2016.02.11-18.49.09:026][852]LogModuleManager: Shutting down and abandoning module PakFile (1)
[2016.02.11-18.49.09:027][852]LogExit: Exiting.
[2016.02.11-18.49.09:042][852]Log file closed, 02/11/16 13:49:09
