[2016.02.14-17.59.37:278][  0]Log file open, 02/14/16 12:59:37
[2016.02.14-17.59.37:278][  0]LogInit:Display: Running engine for game: AISafari
[2016.02.14-17.59.37:278][  0]LogInit:Display: RandInit(-1419649674) SRandInit(-1419649674).
[2016.02.14-17.59.37:278][  0]LogTaskGraph: Started task graph with 4 named threads and 7 total threads.
[2016.02.14-17.59.37:278][  0]LogStats: Stats thread started at 0.077951
[2016.02.14-17.59.37:278][  0]LogInit: Version: 4.9.2-2707645+++depot+UE4-Releases+4.9
[2016.02.14-17.59.37:278][  0]LogInit: API Version: 2672455
[2016.02.14-17.59.37:278][  0]LogInit: Compiled (64-bit): Sep 28 2015 10:25:44
[2016.02.14-17.59.37:278][  0]LogInit: Compiled with Visual C++: 18.00.21005.01
[2016.02.14-17.59.37:278][  0]LogInit: Build Configuration: Development
[2016.02.14-17.59.37:278][  0]LogInit: Branch Name: ++depot+UE4-Releases+4.9
[2016.02.14-17.59.37:278][  0]LogInit: Command line:  
[2016.02.14-17.59.37:278][  0]LogInit: Base directory: C:/Program Files (x86)/Epic Games/4.9/Engine/Binaries/Win64/
[2016.02.14-17.59.37:278][  0]LogInit: Rocket: 1
[2016.02.14-17.59.37:287][  0]LogInit: Using libcurl 7.41.0
[2016.02.14-17.59.37:287][  0]LogInit:  - built for x86_64-pc-win32
[2016.02.14-17.59.37:287][  0]LogInit:  - supports SSL with WinSSL
[2016.02.14-17.59.37:287][  0]LogInit:  - other features:
[2016.02.14-17.59.37:287][  0]LogInit:      CURL_VERSION_SSL
[2016.02.14-17.59.37:287][  0]LogInit:      CURL_VERSION_IPV6
[2016.02.14-17.59.37:287][  0]LogInit:      CURL_VERSION_ASYNCHDNS
[2016.02.14-17.59.37:287][  0]LogInit:      CURL_VERSION_LARGEFILE
[2016.02.14-17.59.37:287][  0]LogInit:      CURL_VERSION_IDN
[2016.02.14-17.59.37:287][  0]LogInit:  CurlRequestOptions (configurable via config and command line):
[2016.02.14-17.59.37:287][  0]LogInit:  - bVerifyPeer = true  - Libcurl will verify peer certificate
[2016.02.14-17.59.37:287][  0]LogInit:  - bUseHttpProxy = false  - Libcurl will NOT use HTTP proxy
[2016.02.14-17.59.37:287][  0]LogInit:  - bDontReuseConnections = false  - Libcurl will reuse connections
[2016.02.14-17.59.37:287][  0]LogInit:  - CertBundlePath = nullptr  - Libcurl will use whatever was configured at build time.
[2016.02.14-17.59.37:292][  0]LogInit: Presizing for 0 objects not considered by GC, pre-allocating 0 bytes.
[2016.02.14-17.59.37:297][  0]LogInit: Object subsystem initialized
[2016.02.14-17.59.37:298][  0]LogInit: Selected Device Profile: [Windows]
[2016.02.14-17.59.37:298][  0]LogInit: Applying CVar settings loaded from the selected device profile: [Windows]
[2016.02.14-17.59.37:304][  0]LogInit: Computer: ZEBRADESKTOP
[2016.02.14-17.59.37:304][  0]LogInit: User: Ryan
[2016.02.14-17.59.37:304][  0]LogInit: CPU Page size=4096, Cores=4
[2016.02.14-17.59.37:304][  0]LogInit: High frequency timer resolution =3.984648 MHz
[2016.02.14-17.59.37:304][  0]LogMemory: Memory total: Physical=15.9GB (16GB approx)
[2016.02.14-17.59.37:304][  0]LogMemory: Platform Memory Stats for Windows
[2016.02.14-17.59.37:304][  0]LogMemory: Process Physical Memory: 53.91 MB used, 53.91 MB peak
[2016.02.14-17.59.37:304][  0]LogMemory: Process Virtual Memory: 57.38 MB used, 57.38 MB peak
[2016.02.14-17.59.37:304][  0]LogMemory: Physical Memory: 6988.23 MB used, 16325.73 MB total
[2016.02.14-17.59.37:304][  0]LogMemory: Virtual Memory: 366.70 MB used, 134217728.00 MB total
[2016.02.14-17.59.37:332][  0]LogTextLocalizationManager: No specific translations for ('en-US') exist, so ('en') translations will be used.
[2016.02.14-17.59.37:905][  0]LogD3D11RHI: Found D3D11 adapter 0: NVIDIA GeForce GTX 780 (Feature Level 11_0)
[2016.02.14-17.59.37:905][  0]LogD3D11RHI: Adapter has 5971MB of dedicated video memory, 0MB of dedicated system memory, and 8162MB of shared system memory, 3 output[s]
[2016.02.14-17.59.37:906][  0]LogD3D11RHI: Found D3D11 adapter 1: Microsoft Basic Render Driver (Feature Level 11_0)
[2016.02.14-17.59.37:906][  0]LogD3D11RHI: Adapter has 0MB of dedicated video memory, 0MB of dedicated system memory, and 8162MB of shared system memory, 0 output[s]
[2016.02.14-17.59.37:906][  0]LogD3D11RHI: Chosen D3D11 Adapter Id = 0
[2016.02.14-17.59.37:911][  0]LogD3D11RHI: !Direct3DDevice
[2016.02.14-17.59.37:911][  0]LogRHI: Texture pool is 1361 MB (70% of 1945 MB)
[2016.02.14-17.59.37:924][  0]LogD3D11RHI: Async texture creation enabled
[2016.02.14-17.59.37:941][  0]LogShaderCompilers: Guid format shader working directory is 14 characters bigger than the processId version (Q:/Classes/3-2/AI/AISafari/Intermediate/Shaders/WorkingDirectory/13860/).
[2016.02.14-17.59.37:941][  0]LogShaderCompilers: Cleaned the shader compiler working directory 'Q:/Classes/3-2/AI/AISafari/Intermediate/Shaders/tmp/87160F35455DAA2404BA5BA093B9D5BC/'.
[2016.02.14-17.59.37:941][  0]LogShaderCompilers:Display: Using Local Shader Compiler.
[2016.02.14-17.59.38:670][  0]LogTemp:Display: Loaded TP AllDesktopTargetPlatform
[2016.02.14-17.59.38:673][  0]LogTemp:Display: Loaded TP WindowsClientTargetPlatform
[2016.02.14-17.59.38:677][  0]LogTemp:Display: Loaded TP WindowsNoEditorTargetPlatform
[2016.02.14-17.59.38:682][  0]LogTemp:Display: Loaded TP WindowsServerTargetPlatform
[2016.02.14-17.59.38:686][  0]LogTemp:Display: Loaded TP WindowsTargetPlatform
[2016.02.14-17.59.38:688][  0]LogTemp:Display: Loaded TP AndroidTargetPlatform
[2016.02.14-17.59.38:691][  0]LogTemp:Display: Loaded TP Android_ASTCTargetPlatform
[2016.02.14-17.59.38:693][  0]LogTemp:Display: Loaded TP Android_ATCTargetPlatform
[2016.02.14-17.59.38:695][  0]LogTemp:Display: Loaded TP Android_DXTTargetPlatform
[2016.02.14-17.59.38:698][  0]LogTemp:Display: Loaded TP Android_ETC1TargetPlatform
[2016.02.14-17.59.38:701][  0]LogTemp:Display: Loaded TP Android_ETC2TargetPlatform
[2016.02.14-17.59.38:703][  0]LogTemp:Display: Loaded TP Android_PVRTCTargetPlatform
[2016.02.14-17.59.38:704][  0]LogTemp:Display: Loaded TP HTML5TargetPlatform
[2016.02.14-17.59.38:720][  0]LogTemp:Display: Loaded TP IOSTargetPlatform
[2016.02.14-17.59.38:722][  0]LogTemp:Display: Loaded TP LinuxNoEditorTargetPlatform
[2016.02.14-17.59.38:724][  0]LogTemp:Display: Loaded TP LinuxServerTargetPlatform
[2016.02.14-17.59.38:727][  0]LogTemp:Display: Loaded TP LinuxTargetPlatform
[2016.02.14-17.59.38:727][  0]LogTargetPlatformManager:Display: Building Assets For Windows
[2016.02.14-17.59.38:793][  0]LogDerivedDataCache:Display: Max Cache Size: 512 MB
[2016.02.14-17.59.38:828][  0]LogDerivedDataCache: Loaded boot cache 0.04s 41MB C:/Users/Ryan/AppData/Local/UnrealEngine/4.9/DerivedDataCache/Boot.ddc.
[2016.02.14-17.59.38:828][  0]LogDerivedDataCache:Display: Loaded Boot cache: C:/Users/Ryan/AppData/Local/UnrealEngine/4.9/DerivedDataCache/Boot.ddc
[2016.02.14-17.59.38:828][  0]LogDerivedDataCache: FDerivedDataBackendGraph:  Pak pak cache file Q:/Classes/3-2/AI/AISafari/DerivedDataCache/DDC.ddp not found, will not use a pak cache.
[2016.02.14-17.59.38:828][  0]LogDerivedDataCache: Unable to find inner node Pak for hierarchical cache Hierarchy.
[2016.02.14-17.59.38:828][  0]LogDerivedDataCache: FDerivedDataBackendGraph:  CompressedPak pak cache file Q:/Classes/3-2/AI/AISafari/DerivedDataCache/Compressed.ddp not found, will not use a pak cache.
[2016.02.14-17.59.38:828][  0]LogDerivedDataCache: Unable to find inner node CompressedPak for hierarchical cache Hierarchy.
[2016.02.14-17.59.38:932][  0]LogDerivedDataCache:Display: Pak cache opened for reading ../../../Engine/DerivedDataCache/Compressed.ddp.
[2016.02.14-17.59.38:944][  0]LogDerivedDataCache: Using Local data cache path C:/Users/Ryan/AppData/Local/UnrealEngine/Common/DerivedDataCache: Writable
[2016.02.14-17.59.39:068][  0]LogInit: Selected Device Profile: [Windows]
[2016.02.14-17.59.39:070][  0]LogContentStreaming: Texture pool size is 0.000000MB
[2016.02.14-17.59.39:158][  0]LogMeshUtilities: No automatic mesh reduction module available
[2016.02.14-17.59.39:158][  0]LogMeshUtilities: No automatic mesh merging module available
[2016.02.14-17.59.39:342][  0]LogInit: WinSock: version 1.1 (2.2), MaxSocks=32767, MaxUdp=65467
[2016.02.14-17.59.39:842][  0]UdpMessaging: Initializing bridge on interface 0.0.0.0:0 to multicast group 230.0.0.1:6666.
[2016.02.14-17.59.39:938][  0]LogAssetRegistry: FAssetRegistry took 0.0106 seconds to start up
[2016.02.14-17.59.40:088][  0]SourceControl: Info Source control is disabled
[2016.02.14-17.59.40:094][  0]SourceControl: Info Source control is disabled
[2016.02.14-17.59.40:101][  0]SourceControl: Info Source control is disabled
[2016.02.14-17.59.40:108][  0]SourceControl: Info Source control is disabled
[2016.02.14-17.59.40:209][  0]LogLinker:Warning: Asset '../../../Engine/Plugins/Runtime/LeapMotionController/Content/LM_PassthroughMaterial.uasset' has been saved with empty engine version. The asset will be loaded but may be incompatible.
[2016.02.14-17.59.40:265][  0]LogObj: 28380 objects as part of root set at end of initial load.
[2016.02.14-17.59.40:265][  0]LogUObjectAllocator: 6046584 out of 0 bytes used by permanent object pool.
[2016.02.14-17.59.40:309][  0]LogEngine: Initializing Engine...
[2016.02.14-17.59.40:310][  0]LogHMD: Can't find Oculus library dev build: is proper Runtime installed? Version: 0.7.0.0
[2016.02.14-17.59.40:311][  0]LogHMD: SteamVR failed to initialize.  Err: 110
[2016.02.14-17.59.40:400][  0]LogAIModule: Creating AISystem for world NewWorld
[2016.02.14-17.59.40:405][  0]LogInit: XAudio2 using 'Speakers (ASUS Xonar DGX Audio Device)' : 2 channels at 44.1 kHz using 16 bits per sample (channel mask 0x3)
[2016.02.14-17.59.40:410][  0]LogInit: FAudioDevice initialized.
[2016.02.14-17.59.40:431][  0]LogDerivedDataCache: Saved boot cache 0.02s 41MB C:/Users/Ryan/AppData/Local/UnrealEngine/4.9/DerivedDataCache/Boot.ddc.
[2016.02.14-17.59.40:436][  0]LogInit: Texture streaming: Enabled
[2016.02.14-17.59.40:441][  0]LogAnalytics: Creating configured Analytics provider AnalyticsET
[2016.02.14-17.59.40:441][  0]LogAnalytics: [UEEditor.Rocket.Release] APIServer = http://et2.epicgames.com/ET2/. AppVersion = 4.9.2-2707645+++depot+UE4-Releases+4.9
[2016.02.14-17.59.40:441][  0]LogAnalytics: [UEEditor.Rocket.Release] SetUserId d1f9beca401d8fe412e57fa88e66abb9|85745c8591404a23957796735eaccf05|defee072-9da8-4f68-a06a-f65b3a6c30bf
[2016.02.14-17.59.40:441][  0]LogAnalytics: [UEEditor.Rocket.Release] AnalyticsET::StartSession
[2016.02.14-17.59.40:468][  0]LogInit: Transaction tracking system initialized
[2016.02.14-17.59.40:492][  0]BlueprintLog: New page: Editor Load
[2016.02.14-17.59.40:548][  0]LocalizationService: Info Localization service is disabled
[2016.02.14-17.59.40:611][  0]LogConsoleResponse:Display: 
[2016.02.14-17.59.40:708][  0]LogCook:Display: Done creating registry. It took  0.00s.
[2016.02.14-17.59.40:752][  0]LogFileCache: Scanning file cache for directory 'Q:/Classes/3-2/AI/AISafari/Content/' took 0.01s
[2016.02.14-17.59.40:752][  0]SourceControl: Info Source control is disabled
[2016.02.14-17.59.40:752][  0]Cmd: MAP LOAD FILE="Q:/Classes/3-2/AI/AISafari/Content/StarterContent/Maps/Minimal_Default.umap" TEMPLATE=0 SHOWPROGRESS=1 FEATURELEVEL=3
[2016.02.14-17.59.40:753][  0]LightingResults: New page: Lighting Build
[2016.02.14-17.59.40:755][  0]MapCheck: New page: Map Check
[2016.02.14-17.59.40:755][  0]LightingResults: New page: Lighting Build
[2016.02.14-17.59.40:766][  0]LogParticles: Destroying 0 GPU particle simulations for FXSystem 0x000000EDBE34FCE0
[2016.02.14-17.59.40:971][  0]LogAIModule: Creating AISystem for world Minimal_Default
[2016.02.14-17.59.40:977][  0]LogEditorServer: Finished looking for orphan Actors (0.000 secs)
[2016.02.14-17.59.40:978][  0]Cmd: MAP CHECKDEP NOCLEARLOG
[2016.02.14-17.59.41:015][  0]MapCheck: Info Map check complete: 0 Error(s), 0 Warning(s), took 37.269ms to complete.
[2016.02.14-17.59.41:015][  0]LogFileHelpers: Loading map 'Minimal_Default' took 0.263
[2016.02.14-17.59.41:140][  0]LogCollectionManager: Loaded 0 collections in 0.001774 seconds
[2016.02.14-17.59.41:178][  0]LogFileCache: Scanning file cache for directory 'Q:/Classes/3-2/AI/AISafari/Saved/Collections/' took 0.01s
[2016.02.14-17.59.41:178][  0]LogFileCache: Scanning file cache for directory 'Q:/Classes/3-2/AI/AISafari/Content/Developers/Ryan/Collections/' took 0.01s
[2016.02.14-17.59.41:178][  0]LogFileCache: Scanning file cache for directory 'Q:/Classes/3-2/AI/AISafari/Content/Collections/' took 0.01s
[2016.02.14-17.59.41:178][  0]LogContentBrowser: Native class hierarchy populated in 0.0061 seconds. Added 1871 classes and 336 folders.
[2016.02.14-17.59.41:194][  0]LogCollectionManager: Rebuilt the GUID cache for 0 collections in 0.000002 seconds
[2016.02.14-17.59.41:203][  0]LogContentBrowser: Native class hierarchy updated for 'WidgetCarousel' in 0.0013 seconds. Added 0 classes and 0 folders.
[2016.02.14-17.59.41:233][  0]LogContentBrowser: Native class hierarchy updated for 'AddContentDialog' in 0.0008 seconds. Added 0 classes and 0 folders.
[2016.02.14-17.59.41:236][  0]LogContentBrowser: Native class hierarchy updated for 'SceneOutliner' in 0.0008 seconds. Added 1 classes and 2 folders.
[2016.02.14-17.59.41:251][  0]LogCrashTracker: Crashtracker disabled due to settings.
[2016.02.14-17.59.41:256][  0]LogUObjectGlobals:Warning: Failed to find object 'Class None.'
[2016.02.14-17.59.41:278][  0]LogLoad: Full Startup: 4.64 seconds (BP compile: 0.04 seconds)
[2016.02.14-17.59.41:336][  0]LogContentStreaming: Texture pool size now 1000 MB
[2016.02.14-17.59.41:442][  0]LogRenderer: Reallocating scene render targets to support 1208x600 (Frame:2).
[2016.02.14-17.59.41:586][  3]LogAssetRegistry: Asset discovery search completed in 1.6591 seconds
[2016.02.14-17.59.41:586][  3]LogCollectionManager: Rebuilt the object cache for 0 collections in 0.000001 seconds (found 0 objects)
[2016.02.14-17.59.41:586][  3]LogCollectionManager: Fixed up redirectors for 0 collections in 0.000020 seconds (updated 0 objects)
[2016.02.14-18.00.07:453][753]LogHotReload: New module detected: UE4Editor-AISafari-9182.dll
[2016.02.14-18.00.08:127][756]LogHotReload: Starting Hot-Reload from IDE
[2016.02.14-18.00.08:190][756]LogContentBrowser: Native class hierarchy updated for 'AISafari' in 0.0010 seconds. Added 4 classes and 3 folders.
[2016.02.14-18.00.08:191][756]Warning: HotReload successful (0 functions remapped  0 scriptstructs remapped)
[2016.02.14-18.00.08:233][756]LogContentBrowser: Native class hierarchy populated in 0.0061 seconds. Added 1872 classes and 338 folders.
[2016.02.14-18.00.10:720][853]LogBlueprintUserMessages: Early PlayInEditor Detection: Level '/Game/StarterContent/Maps/Minimal_Default.Minimal_Default:PersistentLevel' has LevelScriptBlueprint '/Game/StarterContent/Maps/Minimal_Default.Minimal_Default:PersistentLevel.Minimal_Default' with GeneratedClass '/Game/StarterContent/Maps/Minimal_Default.Minimal_Default_C' with ClassGeneratedBy '/Game/StarterContent/Maps/Minimal_Default.Minimal_Default:PersistentLevel.Minimal_Default'
[2016.02.14-18.00.10:720][853]LogPlayLevel: PlayLevel: No blueprints needed recompiling
[2016.02.14-18.00.10:720][853]PIE: New page: PIE session: Minimal_Default (Feb 14, 2016, 8:00:10 AM)
[2016.02.14-18.00.10:720][853]LogPlayLevel: Creating play world package: /Game/StarterContent/Maps/UEDPIE_0_Minimal_Default
[2016.02.14-18.00.10:726][853]LogPlayLevel: PIE: StaticDuplicateObject took: (0.006215s)
[2016.02.14-18.00.10:727][853]LogAIModule: Creating AISystem for world Minimal_Default
[2016.02.14-18.00.10:727][853]LogPlayLevel: PIE: World Init took: (0.000686s)
[2016.02.14-18.00.10:727][853]LogPlayLevel: PIE: Created PIE world by copying editor world from /Game/StarterContent/Maps/Minimal_Default.Minimal_Default to /Game/StarterContent/Maps/UEDPIE_0_Minimal_Default.Minimal_Default (0.007063s)
[2016.02.14-18.00.10:741][853]LogInit: XAudio2 using 'Speakers (ASUS Xonar DGX Audio Device)' : 2 channels at 44.1 kHz using 16 bits per sample (channel mask 0x3)
[2016.02.14-18.00.10:743][853]LogInit: FAudioDevice initialized.
[2016.02.14-18.00.10:790][853]LogWorld: Game class is 'AISafariGameMode'
[2016.02.14-18.00.10:792][853]LogWorld: Bringing World /Game/StarterContent/Maps/UEDPIE_0_Minimal_Default.Minimal_Default up for play (max tick rate 0) at 2016.02.14-13.00.10
[2016.02.14-18.00.10:792][853]LogActor:Warning: GameSession /Game/StarterContent/Maps/UEDPIE_0_Minimal_Default.Minimal_Default:PersistentLevel.GameSession_0 has natively added scene component(s), but none of them were set as the actor's RootComponent - picking one arbitrarily
[2016.02.14-18.00.10:792][853]LogActor:Warning: GameNetworkManager /Game/StarterContent/Maps/UEDPIE_0_Minimal_Default.Minimal_Default:PersistentLevel.GameNetworkManager_0 has natively added scene component(s), but none of them were set as the actor's RootComponent - picking one arbitrarily
[2016.02.14-18.00.10:792][853]LogWorld: Bringing up level for play took: 0.001647
[2016.02.14-18.00.10:843][853]PIE: Info Play in editor start time for /Game/StarterContent/Maps/UEDPIE_0_Minimal_Default 0.678
[2016.02.14-18.00.10:843][853]LogBlueprintUserMessages: Late PlayInEditor Detection: Level '/Game/StarterContent/Maps/Minimal_Default.Minimal_Default:PersistentLevel' has LevelScriptBlueprint '/Game/StarterContent/Maps/Minimal_Default.Minimal_Default:PersistentLevel.Minimal_Default' with GeneratedClass '/Game/StarterContent/Maps/Minimal_Default.Minimal_Default_C' with ClassGeneratedBy '/Game/StarterContent/Maps/Minimal_Default.Minimal_Default:PersistentLevel.Minimal_Default'
[2016.02.14-18.00.10:993][853]LogCrashTracker: 


[2016.02.14-18.00.10:993][853]LogCrashTracker: 


[2016.02.14-18.00.10:993][853]LogWindows: === Critical error: ===
Fatal error!



[2016.02.14-18.00.11:083][853]LogExit: Executing StaticShutdownAfterError
[2016.02.14-18.00.11:089][853]LogPhysics:Warning: PHYSX: ..\..\PhysX\src\NpScene.cpp (2946) 8 : PxScene::unlockWrite() called without matching call to PxScene::lockWrite(), behaviour will be undefined.
[2016.02.14-18.00.11:090][853]LogPhysics:Warning: PHYSX: ..\..\PhysX\src\NpScene.cpp (2946) 8 : PxScene::unlockWrite() called without matching call to PxScene::lockWrite(), behaviour will be undefined.
[2016.02.14-18.00.11:090][853]LogPhysics:Warning: PHYSX: ..\..\PhysX\src\NpScene.cpp (2946) 8 : PxScene::unlockWrite() called without matching call to PxScene::lockWrite(), behaviour will be undefined.
[2016.02.14-18.00.11:090][853]LogPhysics:Warning: PHYSX: ..\..\PhysX\src\NpScene.cpp (2946) 8 : PxScene::unlockWrite() called without matching call to PxScene::lockWrite(), behaviour will be undefined.
[2016.02.14-18.00.11:090][853]LogWindows: FPlatformMisc::RequestExit(1)
[2016.02.14-18.00.11:090][853]Log file closed, 02/14/16 13:00:11
