[2016.02.16-23.12.44:451][  0]Log file open, 02/16/16 18:12:44
[2016.02.16-23.12.44:451][  0]LogInit:Display: Running engine for game: AISafari
[2016.02.16-23.12.44:451][  0]LogInit:Display: RandInit(1600063086) SRandInit(1600063086).
[2016.02.16-23.12.44:451][  0]LogTaskGraph: Started task graph with 4 named threads and 7 total threads.
[2016.02.16-23.12.44:451][  0]LogStats: Stats thread started at 0.068409
[2016.02.16-23.12.44:451][  0]LogInit: Version: 4.9.2-2707645+++depot+UE4-Releases+4.9
[2016.02.16-23.12.44:451][  0]LogInit: API Version: 2672455
[2016.02.16-23.12.44:451][  0]LogInit: Compiled (64-bit): Sep 28 2015 10:25:44
[2016.02.16-23.12.44:451][  0]LogInit: Compiled with Visual C++: 18.00.21005.01
[2016.02.16-23.12.44:451][  0]LogInit: Build Configuration: Development
[2016.02.16-23.12.44:451][  0]LogInit: Branch Name: ++depot+UE4-Releases+4.9
[2016.02.16-23.12.44:451][  0]LogInit: Command line:  
[2016.02.16-23.12.44:451][  0]LogInit: Base directory: C:/Program Files (x86)/Epic Games/4.9/Engine/Binaries/Win64/
[2016.02.16-23.12.44:451][  0]LogInit: Rocket: 1
[2016.02.16-23.12.44:462][  0]LogInit: Using libcurl 7.41.0
[2016.02.16-23.12.44:462][  0]LogInit:  - built for x86_64-pc-win32
[2016.02.16-23.12.44:462][  0]LogInit:  - supports SSL with WinSSL
[2016.02.16-23.12.44:462][  0]LogInit:  - other features:
[2016.02.16-23.12.44:462][  0]LogInit:      CURL_VERSION_SSL
[2016.02.16-23.12.44:462][  0]LogInit:      CURL_VERSION_IPV6
[2016.02.16-23.12.44:462][  0]LogInit:      CURL_VERSION_ASYNCHDNS
[2016.02.16-23.12.44:462][  0]LogInit:      CURL_VERSION_LARGEFILE
[2016.02.16-23.12.44:462][  0]LogInit:      CURL_VERSION_IDN
[2016.02.16-23.12.44:462][  0]LogInit:  CurlRequestOptions (configurable via config and command line):
[2016.02.16-23.12.44:462][  0]LogInit:  - bVerifyPeer = true  - Libcurl will verify peer certificate
[2016.02.16-23.12.44:462][  0]LogInit:  - bUseHttpProxy = false  - Libcurl will NOT use HTTP proxy
[2016.02.16-23.12.44:462][  0]LogInit:  - bDontReuseConnections = false  - Libcurl will reuse connections
[2016.02.16-23.12.44:462][  0]LogInit:  - CertBundlePath = nullptr  - Libcurl will use whatever was configured at build time.
[2016.02.16-23.12.44:468][  0]LogInit: Presizing for 0 objects not considered by GC, pre-allocating 0 bytes.
[2016.02.16-23.12.44:473][  0]LogInit: Object subsystem initialized
[2016.02.16-23.12.44:474][  0]LogInit: Selected Device Profile: [Windows]
[2016.02.16-23.12.44:474][  0]LogInit: Applying CVar settings loaded from the selected device profile: [Windows]
[2016.02.16-23.12.44:485][  0]LogInit: Computer: ZEBRADESKTOP
[2016.02.16-23.12.44:485][  0]LogInit: User: Ryan
[2016.02.16-23.12.44:485][  0]LogInit: CPU Page size=4096, Cores=4
[2016.02.16-23.12.44:485][  0]LogInit: High frequency timer resolution =3.984654 MHz
[2016.02.16-23.12.44:485][  0]LogMemory: Memory total: Physical=15.9GB (16GB approx)
[2016.02.16-23.12.44:485][  0]LogMemory: Platform Memory Stats for Windows
[2016.02.16-23.12.44:485][  0]LogMemory: Process Physical Memory: 54.86 MB used, 54.86 MB peak
[2016.02.16-23.12.44:485][  0]LogMemory: Process Virtual Memory: 57.46 MB used, 57.46 MB peak
[2016.02.16-23.12.44:485][  0]LogMemory: Physical Memory: 7363.54 MB used, 16325.73 MB total
[2016.02.16-23.12.44:485][  0]LogMemory: Virtual Memory: 367.16 MB used, 134217728.00 MB total
[2016.02.16-23.12.44:532][  0]LogTextLocalizationManager: No specific translations for ('en-US') exist, so ('en') translations will be used.
[2016.02.16-23.12.45:088][  0]LogD3D11RHI: Found D3D11 adapter 0: NVIDIA GeForce GTX 780 (Feature Level 11_0)
[2016.02.16-23.12.45:088][  0]LogD3D11RHI: Adapter has 5971MB of dedicated video memory, 0MB of dedicated system memory, and 8162MB of shared system memory, 3 output[s]
[2016.02.16-23.12.45:089][  0]LogD3D11RHI: Found D3D11 adapter 1: Microsoft Basic Render Driver (Feature Level 11_0)
[2016.02.16-23.12.45:089][  0]LogD3D11RHI: Adapter has 0MB of dedicated video memory, 0MB of dedicated system memory, and 8162MB of shared system memory, 0 output[s]
[2016.02.16-23.12.45:089][  0]LogD3D11RHI: Chosen D3D11 Adapter Id = 0
[2016.02.16-23.12.47:103][  0]LogWindowsTextInputMethodSystem:Display: IME system now deactivated.
[2016.02.16-23.12.47:106][  0]LogD3D11RHI: !Direct3DDevice
[2016.02.16-23.12.47:106][  0]LogRHI: Texture pool is 1361 MB (70% of 1945 MB)
[2016.02.16-23.12.47:118][  0]LogD3D11RHI: Async texture creation enabled
[2016.02.16-23.12.47:135][  0]LogShaderCompilers: Guid format shader working directory is 14 characters bigger than the processId version (Q:/Classes/3-2/AI/AISafari/Intermediate/Shaders/WorkingDirectory/13948/).
[2016.02.16-23.12.47:135][  0]LogShaderCompilers: Cleaned the shader compiler working directory 'Q:/Classes/3-2/AI/AISafari/Intermediate/Shaders/tmp/46B0F33A47B784F74A4517915B171AAA/'.
[2016.02.16-23.12.47:135][  0]LogShaderCompilers:Display: Using Local Shader Compiler.
[2016.02.16-23.12.48:068][  0]LogTemp:Display: Loaded TP AllDesktopTargetPlatform
[2016.02.16-23.12.48:072][  0]LogTemp:Display: Loaded TP WindowsClientTargetPlatform
[2016.02.16-23.12.48:075][  0]LogTemp:Display: Loaded TP WindowsNoEditorTargetPlatform
[2016.02.16-23.12.48:079][  0]LogTemp:Display: Loaded TP WindowsServerTargetPlatform
[2016.02.16-23.12.48:083][  0]LogTemp:Display: Loaded TP WindowsTargetPlatform
[2016.02.16-23.12.48:086][  0]LogTemp:Display: Loaded TP AndroidTargetPlatform
[2016.02.16-23.12.48:089][  0]LogTemp:Display: Loaded TP Android_ASTCTargetPlatform
[2016.02.16-23.12.48:091][  0]LogTemp:Display: Loaded TP Android_ATCTargetPlatform
[2016.02.16-23.12.48:093][  0]LogTemp:Display: Loaded TP Android_DXTTargetPlatform
[2016.02.16-23.12.48:095][  0]LogTemp:Display: Loaded TP Android_ETC1TargetPlatform
[2016.02.16-23.12.48:098][  0]LogTemp:Display: Loaded TP Android_ETC2TargetPlatform
[2016.02.16-23.12.48:100][  0]LogTemp:Display: Loaded TP Android_PVRTCTargetPlatform
[2016.02.16-23.12.48:100][  0]LogTemp:Display: Loaded TP HTML5TargetPlatform
[2016.02.16-23.12.48:118][  0]LogTemp:Display: Loaded TP IOSTargetPlatform
[2016.02.16-23.12.48:120][  0]LogTemp:Display: Loaded TP LinuxNoEditorTargetPlatform
[2016.02.16-23.12.48:123][  0]LogTemp:Display: Loaded TP LinuxServerTargetPlatform
[2016.02.16-23.12.48:127][  0]LogTemp:Display: Loaded TP LinuxTargetPlatform
[2016.02.16-23.12.48:127][  0]LogTargetPlatformManager:Display: Building Assets For Windows
[2016.02.16-23.12.48:185][  0]LogDerivedDataCache:Display: Max Cache Size: 512 MB
[2016.02.16-23.12.48:299][  0]LogDerivedDataCache: Loaded boot cache 0.11s 41MB C:/Users/Ryan/AppData/Local/UnrealEngine/4.9/DerivedDataCache/Boot.ddc.
[2016.02.16-23.12.48:299][  0]LogDerivedDataCache:Display: Loaded Boot cache: C:/Users/Ryan/AppData/Local/UnrealEngine/4.9/DerivedDataCache/Boot.ddc
[2016.02.16-23.12.48:299][  0]LogDerivedDataCache: FDerivedDataBackendGraph:  Pak pak cache file Q:/Classes/3-2/AI/AISafari/DerivedDataCache/DDC.ddp not found, will not use a pak cache.
[2016.02.16-23.12.48:299][  0]LogDerivedDataCache: Unable to find inner node Pak for hierarchical cache Hierarchy.
[2016.02.16-23.12.48:299][  0]LogDerivedDataCache: FDerivedDataBackendGraph:  CompressedPak pak cache file Q:/Classes/3-2/AI/AISafari/DerivedDataCache/Compressed.ddp not found, will not use a pak cache.
[2016.02.16-23.12.48:299][  0]LogDerivedDataCache: Unable to find inner node CompressedPak for hierarchical cache Hierarchy.
[2016.02.16-23.12.48:399][  0]LogDerivedDataCache:Display: Pak cache opened for reading ../../../Engine/DerivedDataCache/Compressed.ddp.
[2016.02.16-23.12.48:411][  0]LogDerivedDataCache: Using Local data cache path C:/Users/Ryan/AppData/Local/UnrealEngine/Common/DerivedDataCache: Writable
[2016.02.16-23.12.49:825][  0]LogInit: Selected Device Profile: [Windows]
[2016.02.16-23.12.49:826][  0]LogContentStreaming: Texture pool size is 0.000000MB
[2016.02.16-23.12.49:909][  0]LogMeshUtilities: No automatic mesh reduction module available
[2016.02.16-23.12.49:909][  0]LogMeshUtilities: No automatic mesh merging module available
[2016.02.16-23.12.50:104][  0]LogInit: WinSock: version 1.1 (2.2), MaxSocks=32767, MaxUdp=65467
[2016.02.16-23.12.51:243][  0]UdpMessaging: Initializing bridge on interface 0.0.0.0:0 to multicast group 230.0.0.1:6666.
[2016.02.16-23.12.51:357][  0]LogAssetRegistry: FAssetRegistry took 0.0107 seconds to start up
[2016.02.16-23.12.51:480][  0]SourceControl: Info Source control is disabled
[2016.02.16-23.12.51:487][  0]SourceControl: Info Source control is disabled
[2016.02.16-23.12.51:495][  0]SourceControl: Info Source control is disabled
[2016.02.16-23.12.51:503][  0]SourceControl: Info Source control is disabled
[2016.02.16-23.12.51:623][  0]LogLinker:Warning: Asset '../../../Engine/Plugins/Runtime/LeapMotionController/Content/LM_PassthroughMaterial.uasset' has been saved with empty engine version. The asset will be loaded but may be incompatible.
[2016.02.16-23.12.51:678][  0]LogObj: 28380 objects as part of root set at end of initial load.
[2016.02.16-23.12.51:678][  0]LogUObjectAllocator: 6046584 out of 0 bytes used by permanent object pool.
[2016.02.16-23.12.51:723][  0]LogEngine: Initializing Engine...
[2016.02.16-23.12.51:725][  0]LogHMD: Can't find Oculus library dev build: is proper Runtime installed? Version: 0.7.0.0
[2016.02.16-23.12.51:735][  0]LogHMD: SteamVR failed to initialize.  Err: 110
[2016.02.16-23.12.51:821][  0]LogAIModule: Creating AISystem for world NewWorld
[2016.02.16-23.12.51:829][  0]LogInit: XAudio2 using 'Speakers (ASUS Xonar DGX Audio Device)' : 2 channels at 44.1 kHz using 16 bits per sample (channel mask 0x3)
[2016.02.16-23.12.51:834][  0]LogInit: FAudioDevice initialized.
[2016.02.16-23.12.51:851][  0]LogDerivedDataCache: Saved boot cache 0.02s 41MB C:/Users/Ryan/AppData/Local/UnrealEngine/4.9/DerivedDataCache/Boot.ddc.
[2016.02.16-23.12.51:855][  0]LogInit: Texture streaming: Enabled
[2016.02.16-23.12.51:860][  0]LogAnalytics: Creating configured Analytics provider AnalyticsET
[2016.02.16-23.12.51:860][  0]LogAnalytics: [UEEditor.Rocket.Release] APIServer = http://et2.epicgames.com/ET2/. AppVersion = 4.9.2-2707645+++depot+UE4-Releases+4.9
[2016.02.16-23.12.51:860][  0]LogAnalytics: [UEEditor.Rocket.Release] SetUserId d1f9beca401d8fe412e57fa88e66abb9|85745c8591404a23957796735eaccf05|defee072-9da8-4f68-a06a-f65b3a6c30bf
[2016.02.16-23.12.51:860][  0]LogAnalytics: [UEEditor.Rocket.Release] AnalyticsET::StartSession
[2016.02.16-23.12.51:891][  0]LogInit: Transaction tracking system initialized
[2016.02.16-23.12.51:913][  0]BlueprintLog: New page: Editor Load
[2016.02.16-23.12.51:983][  0]LocalizationService: Info Localization service is disabled
[2016.02.16-23.12.52:062][  0]LogConsoleResponse:Display: 
[2016.02.16-23.12.52:145][  0]LogCook:Display: Done creating registry. It took  0.00s.
[2016.02.16-23.12.52:200][  0]LogFileCache: Scanning file cache for directory 'Q:/Classes/3-2/AI/AISafari/Content/' took 0.01s
[2016.02.16-23.12.52:200][  0]SourceControl: Info Source control is disabled
[2016.02.16-23.12.52:200][  0]Cmd: MAP LOAD FILE="Q:/Classes/3-2/AI/AISafari/Content/StarterContent/Maps/Minimal_Default.umap" TEMPLATE=0 SHOWPROGRESS=1 FEATURELEVEL=3
[2016.02.16-23.12.52:201][  0]LightingResults: New page: Lighting Build
[2016.02.16-23.12.52:204][  0]MapCheck: New page: Map Check
[2016.02.16-23.12.52:204][  0]LightingResults: New page: Lighting Build
[2016.02.16-23.12.52:211][  0]LogParticles: Destroying 0 GPU particle simulations for FXSystem 0x0000001A3FBF3CE0
[2016.02.16-23.12.52:412][  0]LogAIModule: Creating AISystem for world Minimal_Default
[2016.02.16-23.12.52:419][  0]LogEditorServer: Finished looking for orphan Actors (0.000 secs)
[2016.02.16-23.12.52:419][  0]Cmd: MAP CHECKDEP NOCLEARLOG
[2016.02.16-23.12.52:450][  0]MapCheck: Info Map check complete: 0 Error(s), 0 Warning(s), took 30.58ms to complete.
[2016.02.16-23.12.52:450][  0]LogFileHelpers: Loading map 'Minimal_Default' took 0.249
[2016.02.16-23.12.52:584][  0]LogCollectionManager: Loaded 0 collections in 0.001804 seconds
[2016.02.16-23.12.52:623][  0]LogFileCache: Scanning file cache for directory 'Q:/Classes/3-2/AI/AISafari/Saved/Collections/' took 0.01s
[2016.02.16-23.12.52:623][  0]LogFileCache: Scanning file cache for directory 'Q:/Classes/3-2/AI/AISafari/Content/Developers/Ryan/Collections/' took 0.01s
[2016.02.16-23.12.52:623][  0]LogFileCache: Scanning file cache for directory 'Q:/Classes/3-2/AI/AISafari/Content/Collections/' took 0.01s
[2016.02.16-23.12.52:623][  0]LogContentBrowser: Native class hierarchy populated in 0.0056 seconds. Added 1871 classes and 336 folders.
[2016.02.16-23.12.52:639][  0]LogCollectionManager: Rebuilt the GUID cache for 0 collections in 0.000002 seconds
[2016.02.16-23.12.52:648][  0]LogContentBrowser: Native class hierarchy updated for 'WidgetCarousel' in 0.0013 seconds. Added 0 classes and 0 folders.
[2016.02.16-23.12.52:825][  0]LogContentBrowser: Native class hierarchy updated for 'AddContentDialog' in 0.0012 seconds. Added 0 classes and 0 folders.
[2016.02.16-23.12.52:831][  0]LogContentBrowser: Native class hierarchy updated for 'SceneOutliner' in 0.0008 seconds. Added 1 classes and 2 folders.
[2016.02.16-23.12.52:849][  0]LogCrashTracker: Crashtracker disabled due to settings.
[2016.02.16-23.12.52:854][  0]LogUObjectGlobals:Warning: Failed to find object 'Class None.'
[2016.02.16-23.12.52:877][  0]LogLoad: Full Startup: 9.12 seconds (BP compile: 0.04 seconds)
[2016.02.16-23.12.52:885][  0]LogWindowsTextInputMethodSystem:Display: IME system now deactivated.
[2016.02.16-23.12.52:966][  0]LogContentStreaming: Texture pool size now 1000 MB
[2016.02.16-23.12.53:062][  0]LogRenderer: Reallocating scene render targets to support 1208x600 (Frame:2).
[2016.02.16-23.12.53:241][  2]LogAssetRegistry: Asset discovery search completed in 1.8948 seconds
[2016.02.16-23.12.53:241][  2]LogCollectionManager: Rebuilt the object cache for 0 collections in 0.000001 seconds (found 0 objects)
[2016.02.16-23.12.53:241][  2]LogCollectionManager: Fixed up redirectors for 0 collections in 0.000016 seconds (updated 0 objects)
[2016.02.16-23.13.07:804][881]LogBlueprintUserMessages: Early PlayInEditor Detection: Level '/Game/StarterContent/Maps/Minimal_Default.Minimal_Default:PersistentLevel' has LevelScriptBlueprint '/Game/StarterContent/Maps/Minimal_Default.Minimal_Default:PersistentLevel.Minimal_Default' with GeneratedClass '/Game/StarterContent/Maps/Minimal_Default.Minimal_Default_C' with ClassGeneratedBy '/Game/StarterContent/Maps/Minimal_Default.Minimal_Default:PersistentLevel.Minimal_Default'
[2016.02.16-23.13.07:804][881]LogPlayLevel: PlayLevel: No blueprints needed recompiling
[2016.02.16-23.13.07:805][881]PIE: New page: PIE session: Minimal_Default (Feb 16, 2016, 1:13:07 PM)
[2016.02.16-23.13.07:805][881]LogPlayLevel: Creating play world package: /Game/StarterContent/Maps/UEDPIE_0_Minimal_Default
[2016.02.16-23.13.07:814][881]LogPlayLevel: PIE: StaticDuplicateObject took: (0.008302s)
[2016.02.16-23.13.07:814][881]LogAIModule: Creating AISystem for world Minimal_Default
[2016.02.16-23.13.07:815][881]LogPlayLevel: PIE: World Init took: (0.000741s)
[2016.02.16-23.13.07:815][881]LogPlayLevel: PIE: Created PIE world by copying editor world from /Game/StarterContent/Maps/Minimal_Default.Minimal_Default to /Game/StarterContent/Maps/UEDPIE_0_Minimal_Default.Minimal_Default (0.009288s)
[2016.02.16-23.13.07:842][881]LogInit: XAudio2 using 'Speakers (ASUS Xonar DGX Audio Device)' : 2 channels at 44.1 kHz using 16 bits per sample (channel mask 0x3)
[2016.02.16-23.13.07:845][881]LogInit: FAudioDevice initialized.
[2016.02.16-23.13.07:895][881]LogWorld: Game class is 'AISafariGameMode'
[2016.02.16-23.13.07:898][881]LogWorld: Bringing World /Game/StarterContent/Maps/UEDPIE_0_Minimal_Default.Minimal_Default up for play (max tick rate 0) at 2016.02.16-18.13.07
[2016.02.16-23.13.07:898][881]LogActor:Warning: GameSession /Game/StarterContent/Maps/UEDPIE_0_Minimal_Default.Minimal_Default:PersistentLevel.GameSession_0 has natively added scene component(s), but none of them were set as the actor's RootComponent - picking one arbitrarily
[2016.02.16-23.13.07:898][881]LogActor:Warning: GameNetworkManager /Game/StarterContent/Maps/UEDPIE_0_Minimal_Default.Minimal_Default:PersistentLevel.GameNetworkManager_0 has natively added scene component(s), but none of them were set as the actor's RootComponent - picking one arbitrarily
[2016.02.16-23.13.07:898][881]LogWorld: Bringing up level for play took: 0.001665
[2016.02.16-23.13.08:054][881]PIE: Info Play in editor start time for /Game/StarterContent/Maps/UEDPIE_0_Minimal_Default 0.882
[2016.02.16-23.13.08:055][881]LogBlueprintUserMessages: Late PlayInEditor Detection: Level '/Game/StarterContent/Maps/Minimal_Default.Minimal_Default:PersistentLevel' has LevelScriptBlueprint '/Game/StarterContent/Maps/Minimal_Default.Minimal_Default:PersistentLevel.Minimal_Default' with GeneratedClass '/Game/StarterContent/Maps/Minimal_Default.Minimal_Default_C' with ClassGeneratedBy '/Game/StarterContent/Maps/Minimal_Default.Minimal_Default:PersistentLevel.Minimal_Default'
[2016.02.16-23.13.10:894][931]LogBlueprintUserMessages: Early EndPlayMap Detection: Level '/Game/StarterContent/Maps/Minimal_Default.Minimal_Default:PersistentLevel' has LevelScriptBlueprint '/Game/StarterContent/Maps/Minimal_Default.Minimal_Default:PersistentLevel.Minimal_Default' with GeneratedClass '/Game/StarterContent/Maps/Minimal_Default.Minimal_Default_C' with ClassGeneratedBy '/Game/StarterContent/Maps/Minimal_Default.Minimal_Default:PersistentLevel.Minimal_Default'
[2016.02.16-23.13.10:936][931]LogBlueprintUserMessages: Late EndPlayMap Detection: Level '/Game/StarterContent/Maps/Minimal_Default.Minimal_Default:PersistentLevel' has LevelScriptBlueprint '/Game/StarterContent/Maps/Minimal_Default.Minimal_Default:PersistentLevel.Minimal_Default' with GeneratedClass '/Game/StarterContent/Maps/Minimal_Default.Minimal_Default_C' with ClassGeneratedBy '/Game/StarterContent/Maps/Minimal_Default.Minimal_Default:PersistentLevel.Minimal_Default'
[2016.02.16-23.13.10:954][931]LogParticles: Destroying 0 GPU particle simulations for FXSystem 0x0000001A73910540
[2016.02.16-23.13.12:755][ 72]LogBlueprintUserMessages: Early PlayInEditor Detection: Level '/Game/StarterContent/Maps/Minimal_Default.Minimal_Default:PersistentLevel' has LevelScriptBlueprint '/Game/StarterContent/Maps/Minimal_Default.Minimal_Default:PersistentLevel.Minimal_Default' with GeneratedClass '/Game/StarterContent/Maps/Minimal_Default.Minimal_Default_C' with ClassGeneratedBy '/Game/StarterContent/Maps/Minimal_Default.Minimal_Default:PersistentLevel.Minimal_Default'
[2016.02.16-23.13.12:755][ 72]LogPlayLevel: PlayLevel: No blueprints needed recompiling
[2016.02.16-23.13.12:755][ 72]PIE: New page: PIE session: Minimal_Default (Feb 16, 2016, 1:13:12 PM)
[2016.02.16-23.13.12:755][ 72]LogPlayLevel: Creating play world package: /Game/StarterContent/Maps/UEDPIE_0_Minimal_Default
[2016.02.16-23.13.12:760][ 72]LogPlayLevel: PIE: StaticDuplicateObject took: (0.005219s)
[2016.02.16-23.13.12:761][ 72]LogAIModule: Creating AISystem for world Minimal_Default
[2016.02.16-23.13.12:761][ 72]LogPlayLevel: PIE: World Init took: (0.000730s)
[2016.02.16-23.13.12:761][ 72]LogPlayLevel: PIE: Created PIE world by copying editor world from /Game/StarterContent/Maps/Minimal_Default.Minimal_Default to /Game/StarterContent/Maps/UEDPIE_0_Minimal_Default.Minimal_Default (0.006111s)
[2016.02.16-23.13.12:775][ 72]LogInit: XAudio2 using 'Speakers (ASUS Xonar DGX Audio Device)' : 2 channels at 44.1 kHz using 16 bits per sample (channel mask 0x3)
[2016.02.16-23.13.12:777][ 72]LogInit: FAudioDevice initialized.
[2016.02.16-23.13.12:811][ 72]LogWorld: Game class is 'AISafariGameMode'
[2016.02.16-23.13.12:813][ 72]LogWorld: Bringing World /Game/StarterContent/Maps/UEDPIE_0_Minimal_Default.Minimal_Default up for play (max tick rate 0) at 2016.02.16-18.13.12
[2016.02.16-23.13.12:814][ 72]LogActor:Warning: GameSession /Game/StarterContent/Maps/UEDPIE_0_Minimal_Default.Minimal_Default:PersistentLevel.GameSession_1 has natively added scene component(s), but none of them were set as the actor's RootComponent - picking one arbitrarily
[2016.02.16-23.13.12:814][ 72]LogActor:Warning: GameNetworkManager /Game/StarterContent/Maps/UEDPIE_0_Minimal_Default.Minimal_Default:PersistentLevel.GameNetworkManager_1 has natively added scene component(s), but none of them were set as the actor's RootComponent - picking one arbitrarily
[2016.02.16-23.13.12:814][ 72]LogWorld: Bringing up level for play took: 0.002119
[2016.02.16-23.13.12:957][ 72]PIE: Info Play in editor start time for /Game/StarterContent/Maps/UEDPIE_0_Minimal_Default -0.215
[2016.02.16-23.13.12:957][ 72]LogBlueprintUserMessages: Late PlayInEditor Detection: Level '/Game/StarterContent/Maps/Minimal_Default.Minimal_Default:PersistentLevel' has LevelScriptBlueprint '/Game/StarterContent/Maps/Minimal_Default.Minimal_Default:PersistentLevel.Minimal_Default' with GeneratedClass '/Game/StarterContent/Maps/Minimal_Default.Minimal_Default_C' with ClassGeneratedBy '/Game/StarterContent/Maps/Minimal_Default.Minimal_Default:PersistentLevel.Minimal_Default'
[2016.02.16-23.14.20:046][398]LogBlueprintUserMessages: Early EndPlayMap Detection: Level '/Game/StarterContent/Maps/Minimal_Default.Minimal_Default:PersistentLevel' has LevelScriptBlueprint '/Game/StarterContent/Maps/Minimal_Default.Minimal_Default:PersistentLevel.Minimal_Default' with GeneratedClass '/Game/StarterContent/Maps/Minimal_Default.Minimal_Default_C' with ClassGeneratedBy '/Game/StarterContent/Maps/Minimal_Default.Minimal_Default:PersistentLevel.Minimal_Default'
[2016.02.16-23.14.20:085][398]LogBlueprintUserMessages: Late EndPlayMap Detection: Level '/Game/StarterContent/Maps/Minimal_Default.Minimal_Default:PersistentLevel' has LevelScriptBlueprint '/Game/StarterContent/Maps/Minimal_Default.Minimal_Default:PersistentLevel.Minimal_Default' with GeneratedClass '/Game/StarterContent/Maps/Minimal_Default.Minimal_Default_C' with ClassGeneratedBy '/Game/StarterContent/Maps/Minimal_Default.Minimal_Default:PersistentLevel.Minimal_Default'
[2016.02.16-23.14.20:107][398]LogParticles: Destroying 0 GPU particle simulations for FXSystem 0x0000001A0A6C9E40
[2016.02.16-23.14.46:471][880]LogBlueprintUserMessages: Early PlayInEditor Detection: Level '/Game/StarterContent/Maps/Minimal_Default.Minimal_Default:PersistentLevel' has LevelScriptBlueprint '/Game/StarterContent/Maps/Minimal_Default.Minimal_Default:PersistentLevel.Minimal_Default' with GeneratedClass '/Game/StarterContent/Maps/Minimal_Default.Minimal_Default_C' with ClassGeneratedBy '/Game/StarterContent/Maps/Minimal_Default.Minimal_Default:PersistentLevel.Minimal_Default'
[2016.02.16-23.14.46:471][880]LogPlayLevel: PlayLevel: No blueprints needed recompiling
[2016.02.16-23.14.46:471][880]PIE: New page: PIE session: Minimal_Default (Feb 16, 2016, 1:14:46 PM)
[2016.02.16-23.14.46:471][880]LogPlayLevel: Creating play world package: /Game/StarterContent/Maps/UEDPIE_0_Minimal_Default
[2016.02.16-23.14.46:476][880]LogPlayLevel: PIE: StaticDuplicateObject took: (0.004561s)
[2016.02.16-23.14.46:476][880]LogAIModule: Creating AISystem for world Minimal_Default
[2016.02.16-23.14.46:477][880]LogPlayLevel: PIE: World Init took: (0.000563s)
[2016.02.16-23.14.46:477][880]LogPlayLevel: PIE: Created PIE world by copying editor world from /Game/StarterContent/Maps/Minimal_Default.Minimal_Default to /Game/StarterContent/Maps/UEDPIE_0_Minimal_Default.Minimal_Default (0.005273s)
[2016.02.16-23.14.46:491][880]LogInit: XAudio2 using 'Speakers (ASUS Xonar DGX Audio Device)' : 2 channels at 44.1 kHz using 16 bits per sample (channel mask 0x3)
[2016.02.16-23.14.46:493][880]LogInit: FAudioDevice initialized.
[2016.02.16-23.14.46:522][880]LogWorld: Game class is 'AISafariGameMode'
[2016.02.16-23.14.46:524][880]LogWorld: Bringing World /Game/StarterContent/Maps/UEDPIE_0_Minimal_Default.Minimal_Default up for play (max tick rate 0) at 2016.02.16-18.14.46
[2016.02.16-23.14.46:524][880]LogActor:Warning: GameSession /Game/StarterContent/Maps/UEDPIE_0_Minimal_Default.Minimal_Default:PersistentLevel.GameSession_2 has natively added scene component(s), but none of them were set as the actor's RootComponent - picking one arbitrarily
[2016.02.16-23.14.46:524][880]LogActor:Warning: GameNetworkManager /Game/StarterContent/Maps/UEDPIE_0_Minimal_Default.Minimal_Default:PersistentLevel.GameNetworkManager_2 has natively added scene component(s), but none of them were set as the actor's RootComponent - picking one arbitrarily
[2016.02.16-23.14.46:524][880]LogWorld: Bringing up level for play took: 0.001514
[2016.02.16-23.14.46:653][880]PIE: Info Play in editor start time for /Game/StarterContent/Maps/UEDPIE_0_Minimal_Default -0.518
[2016.02.16-23.14.46:654][880]LogBlueprintUserMessages: Late PlayInEditor Detection: Level '/Game/StarterContent/Maps/Minimal_Default.Minimal_Default:PersistentLevel' has LevelScriptBlueprint '/Game/StarterContent/Maps/Minimal_Default.Minimal_Default:PersistentLevel.Minimal_Default' with GeneratedClass '/Game/StarterContent/Maps/Minimal_Default.Minimal_Default_C' with ClassGeneratedBy '/Game/StarterContent/Maps/Minimal_Default.Minimal_Default:PersistentLevel.Minimal_Default'
[2016.02.16-23.15.07:835][557]LogBlueprintUserMessages: Early EndPlayMap Detection: Level '/Game/StarterContent/Maps/Minimal_Default.Minimal_Default:PersistentLevel' has LevelScriptBlueprint '/Game/StarterContent/Maps/Minimal_Default.Minimal_Default:PersistentLevel.Minimal_Default' with GeneratedClass '/Game/StarterContent/Maps/Minimal_Default.Minimal_Default_C' with ClassGeneratedBy '/Game/StarterContent/Maps/Minimal_Default.Minimal_Default:PersistentLevel.Minimal_Default'
[2016.02.16-23.15.07:871][557]LogBlueprintUserMessages: Late EndPlayMap Detection: Level '/Game/StarterContent/Maps/Minimal_Default.Minimal_Default:PersistentLevel' has LevelScriptBlueprint '/Game/StarterContent/Maps/Minimal_Default.Minimal_Default:PersistentLevel.Minimal_Default' with GeneratedClass '/Game/StarterContent/Maps/Minimal_Default.Minimal_Default_C' with ClassGeneratedBy '/Game/StarterContent/Maps/Minimal_Default.Minimal_Default:PersistentLevel.Minimal_Default'
[2016.02.16-23.15.07:886][557]LogParticles: Destroying 0 GPU particle simulations for FXSystem 0x0000001A2CFEC9A0
[2016.02.16-23.15.16:996][606]LogEditorViewport: Clicking on Actor (LMB): BP_FlockerManagerBase_C (BP_FlockerManagerBase)
[2016.02.16-23.15.22:035][204]LogBlueprintUserMessages: Early PlayInEditor Detection: Level '/Game/StarterContent/Maps/Minimal_Default.Minimal_Default:PersistentLevel' has LevelScriptBlueprint '/Game/StarterContent/Maps/Minimal_Default.Minimal_Default:PersistentLevel.Minimal_Default' with GeneratedClass '/Game/StarterContent/Maps/Minimal_Default.Minimal_Default_C' with ClassGeneratedBy '/Game/StarterContent/Maps/Minimal_Default.Minimal_Default:PersistentLevel.Minimal_Default'
[2016.02.16-23.15.22:035][204]LogPlayLevel: PlayLevel: No blueprints needed recompiling
[2016.02.16-23.15.22:035][204]PIE: New page: PIE session: Minimal_Default (Feb 16, 2016, 1:15:22 PM)
[2016.02.16-23.15.22:035][204]LogPlayLevel: Creating play world package: /Game/StarterContent/Maps/UEDPIE_0_Minimal_Default
[2016.02.16-23.15.22:039][204]LogPlayLevel: PIE: StaticDuplicateObject took: (0.004104s)
[2016.02.16-23.15.22:040][204]LogAIModule: Creating AISystem for world Minimal_Default
[2016.02.16-23.15.22:040][204]LogPlayLevel: PIE: World Init took: (0.000460s)
[2016.02.16-23.15.22:040][204]LogPlayLevel: PIE: Created PIE world by copying editor world from /Game/StarterContent/Maps/Minimal_Default.Minimal_Default to /Game/StarterContent/Maps/UEDPIE_0_Minimal_Default.Minimal_Default (0.004714s)
[2016.02.16-23.15.22:055][204]LogInit: XAudio2 using 'Speakers (ASUS Xonar DGX Audio Device)' : 2 channels at 44.1 kHz using 16 bits per sample (channel mask 0x3)
[2016.02.16-23.15.22:057][204]LogInit: FAudioDevice initialized.
[2016.02.16-23.15.22:086][204]LogWorld: Game class is 'AISafariGameMode'
[2016.02.16-23.15.22:088][204]LogWorld: Bringing World /Game/StarterContent/Maps/UEDPIE_0_Minimal_Default.Minimal_Default up for play (max tick rate 0) at 2016.02.16-18.15.22
[2016.02.16-23.15.22:088][204]LogActor:Warning: GameSession /Game/StarterContent/Maps/UEDPIE_0_Minimal_Default.Minimal_Default:PersistentLevel.GameSession_3 has natively added scene component(s), but none of them were set as the actor's RootComponent - picking one arbitrarily
[2016.02.16-23.15.22:088][204]LogActor:Warning: GameNetworkManager /Game/StarterContent/Maps/UEDPIE_0_Minimal_Default.Minimal_Default:PersistentLevel.GameNetworkManager_3 has natively added scene component(s), but none of them were set as the actor's RootComponent - picking one arbitrarily
[2016.02.16-23.15.22:088][204]LogWorld: Bringing up level for play took: 0.001469
[2016.02.16-23.15.22:173][204]PIE: Info Play in editor start time for /Game/StarterContent/Maps/UEDPIE_0_Minimal_Default 1.002
[2016.02.16-23.15.22:173][204]LogBlueprintUserMessages: Late PlayInEditor Detection: Level '/Game/StarterContent/Maps/Minimal_Default.Minimal_Default:PersistentLevel' has LevelScriptBlueprint '/Game/StarterContent/Maps/Minimal_Default.Minimal_Default:PersistentLevel.Minimal_Default' with GeneratedClass '/Game/StarterContent/Maps/Minimal_Default.Minimal_Default_C' with ClassGeneratedBy '/Game/StarterContent/Maps/Minimal_Default.Minimal_Default:PersistentLevel.Minimal_Default'
[2016.02.16-23.15.36:049][845]LogBlueprintUserMessages: Early EndPlayMap Detection: Level '/Game/StarterContent/Maps/Minimal_Default.Minimal_Default:PersistentLevel' has LevelScriptBlueprint '/Game/StarterContent/Maps/Minimal_Default.Minimal_Default:PersistentLevel.Minimal_Default' with GeneratedClass '/Game/StarterContent/Maps/Minimal_Default.Minimal_Default_C' with ClassGeneratedBy '/Game/StarterContent/Maps/Minimal_Default.Minimal_Default:PersistentLevel.Minimal_Default'
[2016.02.16-23.15.36:090][845]LogBlueprintUserMessages: Late EndPlayMap Detection: Level '/Game/StarterContent/Maps/Minimal_Default.Minimal_Default:PersistentLevel' has LevelScriptBlueprint '/Game/StarterContent/Maps/Minimal_Default.Minimal_Default:PersistentLevel.Minimal_Default' with GeneratedClass '/Game/StarterContent/Maps/Minimal_Default.Minimal_Default_C' with ClassGeneratedBy '/Game/StarterContent/Maps/Minimal_Default.Minimal_Default:PersistentLevel.Minimal_Default'
[2016.02.16-23.15.36:109][845]LogParticles: Destroying 0 GPU particle simulations for FXSystem 0x0000001A04DC1C60
[2016.02.16-23.15.40:681][384]LogBlueprintUserMessages: Early PlayInEditor Detection: Level '/Game/StarterContent/Maps/Minimal_Default.Minimal_Default:PersistentLevel' has LevelScriptBlueprint '/Game/StarterContent/Maps/Minimal_Default.Minimal_Default:PersistentLevel.Minimal_Default' with GeneratedClass '/Game/StarterContent/Maps/Minimal_Default.Minimal_Default_C' with ClassGeneratedBy '/Game/StarterContent/Maps/Minimal_Default.Minimal_Default:PersistentLevel.Minimal_Default'
[2016.02.16-23.15.40:681][384]LogPlayLevel: PlayLevel: No blueprints needed recompiling
[2016.02.16-23.15.40:681][384]PIE: New page: PIE session: Minimal_Default (Feb 16, 2016, 1:15:40 PM)
[2016.02.16-23.15.40:681][384]LogPlayLevel: Creating play world package: /Game/StarterContent/Maps/UEDPIE_0_Minimal_Default
[2016.02.16-23.15.40:686][384]LogPlayLevel: PIE: StaticDuplicateObject took: (0.004561s)
[2016.02.16-23.15.40:686][384]LogAIModule: Creating AISystem for world Minimal_Default
[2016.02.16-23.15.40:686][384]LogPlayLevel: PIE: World Init took: (0.000541s)
[2016.02.16-23.15.40:686][384]LogPlayLevel: PIE: Created PIE world by copying editor world from /Game/StarterContent/Maps/Minimal_Default.Minimal_Default to /Game/StarterContent/Maps/UEDPIE_0_Minimal_Default.Minimal_Default (0.005250s)
[2016.02.16-23.15.40:701][384]LogInit: XAudio2 using 'Speakers (ASUS Xonar DGX Audio Device)' : 2 channels at 44.1 kHz using 16 bits per sample (channel mask 0x3)
[2016.02.16-23.15.40:703][384]LogInit: FAudioDevice initialized.
[2016.02.16-23.15.40:735][384]LogWorld: Game class is 'AISafariGameMode'
[2016.02.16-23.15.40:737][384]LogWorld: Bringing World /Game/StarterContent/Maps/UEDPIE_0_Minimal_Default.Minimal_Default up for play (max tick rate 0) at 2016.02.16-18.15.40
[2016.02.16-23.15.40:737][384]LogActor:Warning: GameSession /Game/StarterContent/Maps/UEDPIE_0_Minimal_Default.Minimal_Default:PersistentLevel.GameSession_4 has natively added scene component(s), but none of them were set as the actor's RootComponent - picking one arbitrarily
[2016.02.16-23.15.40:737][384]LogActor:Warning: GameNetworkManager /Game/StarterContent/Maps/UEDPIE_0_Minimal_Default.Minimal_Default:PersistentLevel.GameNetworkManager_4 has natively added scene component(s), but none of them were set as the actor's RootComponent - picking one arbitrarily
[2016.02.16-23.15.40:737][384]LogWorld: Bringing up level for play took: 0.001470
[2016.02.16-23.15.40:959][384]PIE: Info Play in editor start time for /Game/StarterContent/Maps/UEDPIE_0_Minimal_Default -0.213
[2016.02.16-23.15.40:959][384]LogBlueprintUserMessages: Late PlayInEditor Detection: Level '/Game/StarterContent/Maps/Minimal_Default.Minimal_Default:PersistentLevel' has LevelScriptBlueprint '/Game/StarterContent/Maps/Minimal_Default.Minimal_Default:PersistentLevel.Minimal_Default' with GeneratedClass '/Game/StarterContent/Maps/Minimal_Default.Minimal_Default_C' with ClassGeneratedBy '/Game/StarterContent/Maps/Minimal_Default.Minimal_Default:PersistentLevel.Minimal_Default'
[2016.02.16-23.16.12:786][968]LogBlueprintUserMessages: Early EndPlayMap Detection: Level '/Game/StarterContent/Maps/Minimal_Default.Minimal_Default:PersistentLevel' has LevelScriptBlueprint '/Game/StarterContent/Maps/Minimal_Default.Minimal_Default:PersistentLevel.Minimal_Default' with GeneratedClass '/Game/StarterContent/Maps/Minimal_Default.Minimal_Default_C' with ClassGeneratedBy '/Game/StarterContent/Maps/Minimal_Default.Minimal_Default:PersistentLevel.Minimal_Default'
[2016.02.16-23.16.12:833][968]LogBlueprintUserMessages: Late EndPlayMap Detection: Level '/Game/StarterContent/Maps/Minimal_Default.Minimal_Default:PersistentLevel' has LevelScriptBlueprint '/Game/StarterContent/Maps/Minimal_Default.Minimal_Default:PersistentLevel.Minimal_Default' with GeneratedClass '/Game/StarterContent/Maps/Minimal_Default.Minimal_Default_C' with ClassGeneratedBy '/Game/StarterContent/Maps/Minimal_Default.Minimal_Default:PersistentLevel.Minimal_Default'
[2016.02.16-23.16.12:852][968]LogParticles: Destroying 0 GPU particle simulations for FXSystem 0x0000001A0A6CA520
[2016.02.16-23.16.19:321][731]LogBlueprintUserMessages: Early PlayInEditor Detection: Level '/Game/StarterContent/Maps/Minimal_Default.Minimal_Default:PersistentLevel' has LevelScriptBlueprint '/Game/StarterContent/Maps/Minimal_Default.Minimal_Default:PersistentLevel.Minimal_Default' with GeneratedClass '/Game/StarterContent/Maps/Minimal_Default.Minimal_Default_C' with ClassGeneratedBy '/Game/StarterContent/Maps/Minimal_Default.Minimal_Default:PersistentLevel.Minimal_Default'
[2016.02.16-23.16.19:321][731]LogPlayLevel: PlayLevel: No blueprints needed recompiling
[2016.02.16-23.16.19:321][731]PIE: New page: PIE session: Minimal_Default (Feb 16, 2016, 1:16:19 PM)
[2016.02.16-23.16.19:321][731]LogPlayLevel: Creating play world package: /Game/StarterContent/Maps/UEDPIE_0_Minimal_Default
[2016.02.16-23.16.19:326][731]LogPlayLevel: PIE: StaticDuplicateObject took: (0.004875s)
[2016.02.16-23.16.19:326][731]LogAIModule: Creating AISystem for world Minimal_Default
[2016.02.16-23.16.19:327][731]LogPlayLevel: PIE: World Init took: (0.000560s)
[2016.02.16-23.16.19:327][731]LogPlayLevel: PIE: Created PIE world by copying editor world from /Game/StarterContent/Maps/Minimal_Default.Minimal_Default to /Game/StarterContent/Maps/UEDPIE_0_Minimal_Default.Minimal_Default (0.005606s)
[2016.02.16-23.16.19:341][731]LogInit: XAudio2 using 'Speakers (ASUS Xonar DGX Audio Device)' : 2 channels at 44.1 kHz using 16 bits per sample (channel mask 0x3)
[2016.02.16-23.16.19:344][731]LogInit: FAudioDevice initialized.
[2016.02.16-23.16.19:378][731]LogWorld: Game class is 'AISafariGameMode'
[2016.02.16-23.16.19:380][731]LogWorld: Bringing World /Game/StarterContent/Maps/UEDPIE_0_Minimal_Default.Minimal_Default up for play (max tick rate 0) at 2016.02.16-18.16.19
[2016.02.16-23.16.19:380][731]LogActor:Warning: GameSession /Game/StarterContent/Maps/UEDPIE_0_Minimal_Default.Minimal_Default:PersistentLevel.GameSession_5 has natively added scene component(s), but none of them were set as the actor's RootComponent - picking one arbitrarily
[2016.02.16-23.16.19:380][731]LogActor:Warning: GameNetworkManager /Game/StarterContent/Maps/UEDPIE_0_Minimal_Default.Minimal_Default:PersistentLevel.GameNetworkManager_5 has natively added scene component(s), but none of them were set as the actor's RootComponent - picking one arbitrarily
[2016.02.16-23.16.19:380][731]LogWorld: Bringing up level for play took: 0.001749
[2016.02.16-23.16.19:549][731]PIE: Info Play in editor start time for /Game/StarterContent/Maps/UEDPIE_0_Minimal_Default 0.377
[2016.02.16-23.16.19:549][731]LogBlueprintUserMessages: Late PlayInEditor Detection: Level '/Game/StarterContent/Maps/Minimal_Default.Minimal_Default:PersistentLevel' has LevelScriptBlueprint '/Game/StarterContent/Maps/Minimal_Default.Minimal_Default:PersistentLevel.Minimal_Default' with GeneratedClass '/Game/StarterContent/Maps/Minimal_Default.Minimal_Default_C' with ClassGeneratedBy '/Game/StarterContent/Maps/Minimal_Default.Minimal_Default:PersistentLevel.Minimal_Default'
[2016.02.16-23.16.34:524][ 33]LogBlueprintUserMessages: Early EndPlayMap Detection: Level '/Game/StarterContent/Maps/Minimal_Default.Minimal_Default:PersistentLevel' has LevelScriptBlueprint '/Game/StarterContent/Maps/Minimal_Default.Minimal_Default:PersistentLevel.Minimal_Default' with GeneratedClass '/Game/StarterContent/Maps/Minimal_Default.Minimal_Default_C' with ClassGeneratedBy '/Game/StarterContent/Maps/Minimal_Default.Minimal_Default:PersistentLevel.Minimal_Default'
[2016.02.16-23.16.34:568][ 33]LogBlueprintUserMessages: Late EndPlayMap Detection: Level '/Game/StarterContent/Maps/Minimal_Default.Minimal_Default:PersistentLevel' has LevelScriptBlueprint '/Game/StarterContent/Maps/Minimal_Default.Minimal_Default:PersistentLevel.Minimal_Default' with GeneratedClass '/Game/StarterContent/Maps/Minimal_Default.Minimal_Default_C' with ClassGeneratedBy '/Game/StarterContent/Maps/Minimal_Default.Minimal_Default:PersistentLevel.Minimal_Default'
[2016.02.16-23.16.34:591][ 33]LogParticles: Destroying 0 GPU particle simulations for FXSystem 0x0000001A1584BD80
[2016.02.16-23.16.44:320][183]LogBlueprintUserMessages: Early PlayInEditor Detection: Level '/Game/StarterContent/Maps/Minimal_Default.Minimal_Default:PersistentLevel' has LevelScriptBlueprint '/Game/StarterContent/Maps/Minimal_Default.Minimal_Default:PersistentLevel.Minimal_Default' with GeneratedClass '/Game/StarterContent/Maps/Minimal_Default.Minimal_Default_C' with ClassGeneratedBy '/Game/StarterContent/Maps/Minimal_Default.Minimal_Default:PersistentLevel.Minimal_Default'
[2016.02.16-23.16.44:320][183]LogPlayLevel: PlayLevel: No blueprints needed recompiling
[2016.02.16-23.16.44:320][183]PIE: New page: PIE session: Minimal_Default (Feb 16, 2016, 1:16:44 PM)
[2016.02.16-23.16.44:320][183]LogPlayLevel: Creating play world package: /Game/StarterContent/Maps/UEDPIE_0_Minimal_Default
[2016.02.16-23.16.44:325][183]LogPlayLevel: PIE: StaticDuplicateObject took: (0.004876s)
[2016.02.16-23.16.44:325][183]LogAIModule: Creating AISystem for world Minimal_Default
[2016.02.16-23.16.44:326][183]LogPlayLevel: PIE: World Init took: (0.000597s)
[2016.02.16-23.16.44:326][183]LogPlayLevel: PIE: Created PIE world by copying editor world from /Game/StarterContent/Maps/Minimal_Default.Minimal_Default to /Game/StarterContent/Maps/UEDPIE_0_Minimal_Default.Minimal_Default (0.005653s)
[2016.02.16-23.16.44:342][183]LogInit: XAudio2 using 'Speakers (ASUS Xonar DGX Audio Device)' : 2 channels at 44.1 kHz using 16 bits per sample (channel mask 0x3)
[2016.02.16-23.16.44:344][183]LogInit: FAudioDevice initialized.
[2016.02.16-23.16.44:377][183]LogWorld: Game class is 'AISafariGameMode'
[2016.02.16-23.16.44:379][183]LogWorld: Bringing World /Game/StarterContent/Maps/UEDPIE_0_Minimal_Default.Minimal_Default up for play (max tick rate 0) at 2016.02.16-18.16.44
[2016.02.16-23.16.44:379][183]LogActor:Warning: GameSession /Game/StarterContent/Maps/UEDPIE_0_Minimal_Default.Minimal_Default:PersistentLevel.GameSession_6 has natively added scene component(s), but none of them were set as the actor's RootComponent - picking one arbitrarily
[2016.02.16-23.16.44:380][183]LogActor:Warning: GameNetworkManager /Game/StarterContent/Maps/UEDPIE_0_Minimal_Default.Minimal_Default:PersistentLevel.GameNetworkManager_6 has natively added scene component(s), but none of them were set as the actor's RootComponent - picking one arbitrarily
[2016.02.16-23.16.44:380][183]LogWorld: Bringing up level for play took: 0.001789
[2016.02.16-23.16.44:510][183]PIE: Info Play in editor start time for /Game/StarterContent/Maps/UEDPIE_0_Minimal_Default -0.662
[2016.02.16-23.16.44:510][183]LogBlueprintUserMessages: Late PlayInEditor Detection: Level '/Game/StarterContent/Maps/Minimal_Default.Minimal_Default:PersistentLevel' has LevelScriptBlueprint '/Game/StarterContent/Maps/Minimal_Default.Minimal_Default:PersistentLevel.Minimal_Default' with GeneratedClass '/Game/StarterContent/Maps/Minimal_Default.Minimal_Default_C' with ClassGeneratedBy '/Game/StarterContent/Maps/Minimal_Default.Minimal_Default:PersistentLevel.Minimal_Default'
[2016.02.16-23.17.41:203][ 37]LogBlueprintUserMessages: Early EndPlayMap Detection: Level '/Game/StarterContent/Maps/Minimal_Default.Minimal_Default:PersistentLevel' has LevelScriptBlueprint '/Game/StarterContent/Maps/Minimal_Default.Minimal_Default:PersistentLevel.Minimal_Default' with GeneratedClass '/Game/StarterContent/Maps/Minimal_Default.Minimal_Default_C' with ClassGeneratedBy '/Game/StarterContent/Maps/Minimal_Default.Minimal_Default:PersistentLevel.Minimal_Default'
[2016.02.16-23.17.41:248][ 37]LogBlueprintUserMessages: Late EndPlayMap Detection: Level '/Game/StarterContent/Maps/Minimal_Default.Minimal_Default:PersistentLevel' has LevelScriptBlueprint '/Game/StarterContent/Maps/Minimal_Default.Minimal_Default:PersistentLevel.Minimal_Default' with GeneratedClass '/Game/StarterContent/Maps/Minimal_Default.Minimal_Default_C' with ClassGeneratedBy '/Game/StarterContent/Maps/Minimal_Default.Minimal_Default:PersistentLevel.Minimal_Default'
[2016.02.16-23.17.41:272][ 37]LogParticles: Destroying 0 GPU particle simulations for FXSystem 0x0000001A87A877E0
[2016.02.16-23.17.42:487][164]LogLinker:Warning: Asset '../../../Engine/Content/ArtTools/RenderToTexture/Macros/RenderToTextureMacros.uasset' has been saved with empty engine version. The asset will be loaded but may be incompatible.
[2016.02.16-23.17.42:893][164]LogContentBrowser: Native class hierarchy updated for 'BlueprintGraph' in 0.0012 seconds. Added 107 classes and 0 folders.
[2016.02.16-23.17.50:864][ 23]BlueprintLog: New page: Compile BP_FlockerBase
[2016.02.16-23.17.50:918][ 23]BlueprintEditorCompileResults: Info [0307.17] Compile of BP_FlockerBase successful! [in 53 ms]
[2016.02.16-23.17.53:968][186]LogBlueprintUserMessages: Early PlayInEditor Detection: Level '/Game/StarterContent/Maps/Minimal_Default.Minimal_Default:PersistentLevel' has LevelScriptBlueprint '/Game/StarterContent/Maps/Minimal_Default.Minimal_Default:PersistentLevel.Minimal_Default' with GeneratedClass '/Game/StarterContent/Maps/Minimal_Default.Minimal_Default_C' with ClassGeneratedBy '/Game/StarterContent/Maps/Minimal_Default.Minimal_Default:PersistentLevel.Minimal_Default'
[2016.02.16-23.17.53:968][186]LogPlayLevel: PlayLevel: No blueprints needed recompiling
[2016.02.16-23.17.53:968][186]PIE: New page: PIE session: Minimal_Default (Feb 16, 2016, 1:17:53 PM)
[2016.02.16-23.17.53:968][186]LogPlayLevel: Creating play world package: /Game/StarterContent/Maps/UEDPIE_0_Minimal_Default
[2016.02.16-23.17.53:974][186]LogPlayLevel: PIE: StaticDuplicateObject took: (0.005854s)
[2016.02.16-23.17.53:975][186]LogAIModule: Creating AISystem for world Minimal_Default
[2016.02.16-23.17.53:975][186]LogPlayLevel: PIE: World Init took: (0.000803s)
[2016.02.16-23.17.53:975][186]LogPlayLevel: PIE: Created PIE world by copying editor world from /Game/StarterContent/Maps/Minimal_Default.Minimal_Default to /Game/StarterContent/Maps/UEDPIE_0_Minimal_Default.Minimal_Default (0.006922s)
[2016.02.16-23.17.54:003][186]LogInit: XAudio2 using 'Speakers (ASUS Xonar DGX Audio Device)' : 2 channels at 44.1 kHz using 16 bits per sample (channel mask 0x3)
[2016.02.16-23.17.54:005][186]LogInit: FAudioDevice initialized.
[2016.02.16-23.17.54:040][186]LogWorld: Game class is 'AISafariGameMode'
[2016.02.16-23.17.54:042][186]LogWorld: Bringing World /Game/StarterContent/Maps/UEDPIE_0_Minimal_Default.Minimal_Default up for play (max tick rate 0) at 2016.02.16-18.17.54
[2016.02.16-23.17.54:042][186]LogActor:Warning: GameSession /Game/StarterContent/Maps/UEDPIE_0_Minimal_Default.Minimal_Default:PersistentLevel.GameSession_7 has natively added scene component(s), but none of them were set as the actor's RootComponent - picking one arbitrarily
[2016.02.16-23.17.54:042][186]LogActor:Warning: GameNetworkManager /Game/StarterContent/Maps/UEDPIE_0_Minimal_Default.Minimal_Default:PersistentLevel.GameNetworkManager_7 has natively added scene component(s), but none of them were set as the actor's RootComponent - picking one arbitrarily
[2016.02.16-23.17.54:042][186]LogWorld: Bringing up level for play took: 0.001690
[2016.02.16-23.17.54:173][186]PIE: Info Play in editor start time for /Game/StarterContent/Maps/UEDPIE_0_Minimal_Default 1.001
[2016.02.16-23.17.54:173][186]LogBlueprintUserMessages: Late PlayInEditor Detection: Level '/Game/StarterContent/Maps/Minimal_Default.Minimal_Default:PersistentLevel' has LevelScriptBlueprint '/Game/StarterContent/Maps/Minimal_Default.Minimal_Default:PersistentLevel.Minimal_Default' with GeneratedClass '/Game/StarterContent/Maps/Minimal_Default.Minimal_Default_C' with ClassGeneratedBy '/Game/StarterContent/Maps/Minimal_Default.Minimal_Default:PersistentLevel.Minimal_Default'
[2016.02.16-23.18.36:069][520]LogBlueprintUserMessages: Early EndPlayMap Detection: Level '/Game/StarterContent/Maps/Minimal_Default.Minimal_Default:PersistentLevel' has LevelScriptBlueprint '/Game/StarterContent/Maps/Minimal_Default.Minimal_Default:PersistentLevel.Minimal_Default' with GeneratedClass '/Game/StarterContent/Maps/Minimal_Default.Minimal_Default_C' with ClassGeneratedBy '/Game/StarterContent/Maps/Minimal_Default.Minimal_Default:PersistentLevel.Minimal_Default'
[2016.02.16-23.18.36:112][520]LogBlueprintUserMessages: Late EndPlayMap Detection: Level '/Game/StarterContent/Maps/Minimal_Default.Minimal_Default:PersistentLevel' has LevelScriptBlueprint '/Game/StarterContent/Maps/Minimal_Default.Minimal_Default:PersistentLevel.Minimal_Default' with GeneratedClass '/Game/StarterContent/Maps/Minimal_Default.Minimal_Default_C' with ClassGeneratedBy '/Game/StarterContent/Maps/Minimal_Default.Minimal_Default:PersistentLevel.Minimal_Default'
[2016.02.16-23.18.36:136][520]LogParticles: Destroying 0 GPU particle simulations for FXSystem 0x0000001AB12439C0
[2016.02.16-23.27.05:483][765]LogSavePackage: Save=57.350025ms
[2016.02.16-23.27.05:483][765]LogSavePackage: Moving 'Q:/Classes/3-2/AI/AISafari/Saved/Minimal_Default_Auto1B2566FCB409384E12453D0A4644926DE.tmp' to 'Q:/Classes/3-2/AI/AISafari/Saved/Autosaves/Game/StarterContent/Maps/Minimal_Default_Auto1.umap'
[2016.02.16-23.27.05:483][765]LogSavePackage: Total save time: 63.064195ms
[2016.02.16-23.27.05:483][765]LogSavePackage:Warning: Finished SavePackage Q:/Classes/3-2/AI/AISafari/Saved/Autosaves/Game/StarterContent/Maps/Minimal_Default_Auto1.umap
[2016.02.16-23.27.05:486][765]LogFileHelpers: Editor autosave (incl. sublevels) for '/Game/StarterContent/Maps/Minimal_Default' took 0.093
[2016.02.16-23.27.05:486][765]LogFileHelpers: Editor autosave (incl. sublevels) for all levels took 0.093
[2016.02.16-23.27.05:491][765]OBJ SavePackage: Generating thumbnails for [1] asset(s) in package [/Game/AgentBlueprints/BP_FlockerBase] ([1] browsable assets)...
[2016.02.16-23.27.05:510][765]OBJ SavePackage:     Rendered thumbnail for [Blueprint /Game/AgentBlueprints/BP_FlockerBase.BP_FlockerBase]
[2016.02.16-23.27.05:510][765]OBJ SavePackage: Finished generating thumbnails for package [/Game/AgentBlueprints/BP_FlockerBase]
[2016.02.16-23.27.05:510][765]Cmd: OBJ SAVEPACKAGE PACKAGE="/Game/AgentBlueprints/BP_FlockerBase" FILE="Q:/Classes/3-2/AI/AISafari/Saved/Autosaves/Game/AgentBlueprints/BP_FlockerBase_Auto1.uasset" SILENT=false AUTOSAVING=true
[2016.02.16-23.27.05:528][765]LogSavePackage: Save=13.302535ms
[2016.02.16-23.27.05:528][765]LogSavePackage: Moving 'Q:/Classes/3-2/AI/AISafari/Saved/BP_FlockerBase_Auto1B94D9D964F944F64C3A27BBCABB1C43A.tmp' to 'Q:/Classes/3-2/AI/AISafari/Saved/Autosaves/Game/AgentBlueprints/BP_FlockerBase_Auto1.uasset'
[2016.02.16-23.27.05:528][765]LogSavePackage: Total save time: 17.575428ms
[2016.02.16-23.27.05:528][765]LogSavePackage:Warning: Finished SavePackage Q:/Classes/3-2/AI/AISafari/Saved/Autosaves/Game/AgentBlueprints/BP_FlockerBase_Auto1.uasset
[2016.02.16-23.27.05:528][765]LogFileHelpers: Auto-saving content packages took 0.041
[2016.02.16-23.40.52:349][252]LogBlueprintUserMessages: Early PlayInEditor Detection: Level '/Game/StarterContent/Maps/Minimal_Default.Minimal_Default:PersistentLevel' has LevelScriptBlueprint '/Game/StarterContent/Maps/Minimal_Default.Minimal_Default:PersistentLevel.Minimal_Default' with GeneratedClass '/Game/StarterContent/Maps/Minimal_Default.Minimal_Default_C' with ClassGeneratedBy '/Game/StarterContent/Maps/Minimal_Default.Minimal_Default:PersistentLevel.Minimal_Default'
[2016.02.16-23.40.52:349][252]LogPlayLevel: PlayLevel: No blueprints needed recompiling
[2016.02.16-23.40.52:349][252]PIE: New page: PIE session: Minimal_Default (Feb 16, 2016, 1:40:52 PM)
[2016.02.16-23.40.52:349][252]LogPlayLevel: Creating play world package: /Game/StarterContent/Maps/UEDPIE_0_Minimal_Default
[2016.02.16-23.40.52:354][252]LogPlayLevel: PIE: StaticDuplicateObject took: (0.006204s)
[2016.02.16-23.40.52:355][252]LogAIModule: Creating AISystem for world Minimal_Default
[2016.02.16-23.40.52:355][252]LogPlayLevel: PIE: World Init took: (0.000883s)
[2016.02.16-23.40.52:356][252]LogPlayLevel: PIE: Created PIE world by copying editor world from /Game/StarterContent/Maps/Minimal_Default.Minimal_Default to /Game/StarterContent/Maps/UEDPIE_0_Minimal_Default.Minimal_Default (0.007267s)
[2016.02.16-23.40.52:382][252]LogInit: XAudio2 using 'Speakers (ASUS Xonar DGX Audio Device)' : 2 channels at 44.1 kHz using 16 bits per sample (channel mask 0x3)
[2016.02.16-23.40.52:385][252]LogInit: FAudioDevice initialized.
[2016.02.16-23.40.52:415][252]LogWorld: Game class is 'AISafariGameMode'
[2016.02.16-23.40.52:417][252]LogWorld: Bringing World /Game/StarterContent/Maps/UEDPIE_0_Minimal_Default.Minimal_Default up for play (max tick rate 0) at 2016.02.16-18.40.52
[2016.02.16-23.40.52:417][252]LogActor:Warning: GameSession /Game/StarterContent/Maps/UEDPIE_0_Minimal_Default.Minimal_Default:PersistentLevel.GameSession_8 has natively added scene component(s), but none of them were set as the actor's RootComponent - picking one arbitrarily
[2016.02.16-23.40.52:417][252]LogActor:Warning: GameNetworkManager /Game/StarterContent/Maps/UEDPIE_0_Minimal_Default.Minimal_Default:PersistentLevel.GameNetworkManager_8 has natively added scene component(s), but none of them were set as the actor's RootComponent - picking one arbitrarily
[2016.02.16-23.40.52:417][252]LogWorld: Bringing up level for play took: 0.001624
[2016.02.16-23.40.52:549][252]PIE: Info Play in editor start time for /Game/StarterContent/Maps/UEDPIE_0_Minimal_Default -0.623
[2016.02.16-23.40.52:549][252]LogBlueprintUserMessages: Late PlayInEditor Detection: Level '/Game/StarterContent/Maps/Minimal_Default.Minimal_Default:PersistentLevel' has LevelScriptBlueprint '/Game/StarterContent/Maps/Minimal_Default.Minimal_Default:PersistentLevel.Minimal_Default' with GeneratedClass '/Game/StarterContent/Maps/Minimal_Default.Minimal_Default_C' with ClassGeneratedBy '/Game/StarterContent/Maps/Minimal_Default.Minimal_Default:PersistentLevel.Minimal_Default'
[2016.02.16-23.41.02:318][163]LogProfilerClient: Subscribe Session: DC3C09DE4C1C2A225E5C04842C91763A
[2016.02.16-23.41.02:327][163]LogProfilerService: Subscribe Session: DC3C09DE4C1C2A225E5C04842C91763A, Instance: BC3ED8C84659A62A9B5BFF82F5F363CC
[2016.02.16-23.41.02:434][164]LogContentBrowser: Native class hierarchy updated for 'Cascade' in 0.0009 seconds. Added 2 classes and 2 folders.
[2016.02.16-23.49.49:569][782]LogBlueprintUserMessages: Early EndPlayMap Detection: Level '/Game/StarterContent/Maps/Minimal_Default.Minimal_Default:PersistentLevel' has LevelScriptBlueprint '/Game/StarterContent/Maps/Minimal_Default.Minimal_Default:PersistentLevel.Minimal_Default' with GeneratedClass '/Game/StarterContent/Maps/Minimal_Default.Minimal_Default_C' with ClassGeneratedBy '/Game/StarterContent/Maps/Minimal_Default.Minimal_Default:PersistentLevel.Minimal_Default'
[2016.02.16-23.49.49:612][782]LogBlueprintUserMessages: Late EndPlayMap Detection: Level '/Game/StarterContent/Maps/Minimal_Default.Minimal_Default:PersistentLevel' has LevelScriptBlueprint '/Game/StarterContent/Maps/Minimal_Default.Minimal_Default:PersistentLevel.Minimal_Default' with GeneratedClass '/Game/StarterContent/Maps/Minimal_Default.Minimal_Default_C' with ClassGeneratedBy '/Game/StarterContent/Maps/Minimal_Default.Minimal_Default:PersistentLevel.Minimal_Default'
[2016.02.16-23.49.49:636][782]LogParticles: Destroying 0 GPU particle simulations for FXSystem 0x0000001A12906AC0
[2016.02.16-23.53.35:904][825]LogBlueprintUserMessages: Early PlayInEditor Detection: Level '/Game/StarterContent/Maps/Minimal_Default.Minimal_Default:PersistentLevel' has LevelScriptBlueprint '/Game/StarterContent/Maps/Minimal_Default.Minimal_Default:PersistentLevel.Minimal_Default' with GeneratedClass '/Game/StarterContent/Maps/Minimal_Default.Minimal_Default_C' with ClassGeneratedBy '/Game/StarterContent/Maps/Minimal_Default.Minimal_Default:PersistentLevel.Minimal_Default'
[2016.02.16-23.53.35:904][825]LogPlayLevel: PlayLevel: No blueprints needed recompiling
[2016.02.16-23.53.35:904][825]PIE: New page: PIE session: Minimal_Default (Feb 16, 2016, 1:53:35 PM)
[2016.02.16-23.53.35:904][825]LogPlayLevel: Creating play world package: /Game/StarterContent/Maps/UEDPIE_0_Minimal_Default
[2016.02.16-23.53.35:910][825]LogPlayLevel: PIE: StaticDuplicateObject took: (0.005616s)
[2016.02.16-23.53.35:911][825]LogAIModule: Creating AISystem for world Minimal_Default
[2016.02.16-23.53.35:911][825]LogPlayLevel: PIE: World Init took: (0.000858s)
[2016.02.16-23.53.35:911][825]LogPlayLevel: PIE: Created PIE world by copying editor world from /Game/StarterContent/Maps/Minimal_Default.Minimal_Default to /Game/StarterContent/Maps/UEDPIE_0_Minimal_Default.Minimal_Default (0.006663s)
[2016.02.16-23.53.35:936][825]LogInit: XAudio2 using 'Speakers (ASUS Xonar DGX Audio Device)' : 2 channels at 44.1 kHz using 16 bits per sample (channel mask 0x3)
[2016.02.16-23.53.35:939][825]LogInit: FAudioDevice initialized.
[2016.02.16-23.53.35:970][825]LogWorld: Game class is 'AISafariGameMode'
[2016.02.16-23.53.35:972][825]LogWorld: Bringing World /Game/StarterContent/Maps/UEDPIE_0_Minimal_Default.Minimal_Default up for play (max tick rate 0) at 2016.02.16-18.53.35
[2016.02.16-23.53.35:972][825]LogActor:Warning: GameSession /Game/StarterContent/Maps/UEDPIE_0_Minimal_Default.Minimal_Default:PersistentLevel.GameSession_9 has natively added scene component(s), but none of them were set as the actor's RootComponent - picking one arbitrarily
[2016.02.16-23.53.35:973][825]LogActor:Warning: GameNetworkManager /Game/StarterContent/Maps/UEDPIE_0_Minimal_Default.Minimal_Default:PersistentLevel.GameNetworkManager_9 has natively added scene component(s), but none of them were set as the actor's RootComponent - picking one arbitrarily
[2016.02.16-23.53.35:973][825]LogWorld: Bringing up level for play took: 0.001618
[2016.02.16-23.53.36:155][825]PIE: Info Play in editor start time for /Game/StarterContent/Maps/UEDPIE_0_Minimal_Default 0.984
[2016.02.16-23.53.36:155][825]LogBlueprintUserMessages: Late PlayInEditor Detection: Level '/Game/StarterContent/Maps/Minimal_Default.Minimal_Default:PersistentLevel' has LevelScriptBlueprint '/Game/StarterContent/Maps/Minimal_Default.Minimal_Default:PersistentLevel.Minimal_Default' with GeneratedClass '/Game/StarterContent/Maps/Minimal_Default.Minimal_Default_C' with ClassGeneratedBy '/Game/StarterContent/Maps/Minimal_Default.Minimal_Default:PersistentLevel.Minimal_Default'
[2016.02.16-23.53.39:145][ 84]LogBlueprintUserMessages: Early EndPlayMap Detection: Level '/Game/StarterContent/Maps/Minimal_Default.Minimal_Default:PersistentLevel' has LevelScriptBlueprint '/Game/StarterContent/Maps/Minimal_Default.Minimal_Default:PersistentLevel.Minimal_Default' with GeneratedClass '/Game/StarterContent/Maps/Minimal_Default.Minimal_Default_C' with ClassGeneratedBy '/Game/StarterContent/Maps/Minimal_Default.Minimal_Default:PersistentLevel.Minimal_Default'
[2016.02.16-23.53.39:189][ 84]LogBlueprintUserMessages: Late EndPlayMap Detection: Level '/Game/StarterContent/Maps/Minimal_Default.Minimal_Default:PersistentLevel' has LevelScriptBlueprint '/Game/StarterContent/Maps/Minimal_Default.Minimal_Default:PersistentLevel.Minimal_Default' with GeneratedClass '/Game/StarterContent/Maps/Minimal_Default.Minimal_Default_C' with ClassGeneratedBy '/Game/StarterContent/Maps/Minimal_Default.Minimal_Default:PersistentLevel.Minimal_Default'
[2016.02.16-23.53.39:221][ 84]LogParticles: Destroying 0 GPU particle simulations for FXSystem 0x0000001B96DEE160
[2016.02.16-23.53.40:284][202]LogBlueprintUserMessages: Early PlayInEditor Detection: Level '/Game/StarterContent/Maps/Minimal_Default.Minimal_Default:PersistentLevel' has LevelScriptBlueprint '/Game/StarterContent/Maps/Minimal_Default.Minimal_Default:PersistentLevel.Minimal_Default' with GeneratedClass '/Game/StarterContent/Maps/Minimal_Default.Minimal_Default_C' with ClassGeneratedBy '/Game/StarterContent/Maps/Minimal_Default.Minimal_Default:PersistentLevel.Minimal_Default'
[2016.02.16-23.53.40:284][202]LogPlayLevel: PlayLevel: No blueprints needed recompiling
[2016.02.16-23.53.40:284][202]PIE: New page: PIE session: Minimal_Default (Feb 16, 2016, 1:53:40 PM)
[2016.02.16-23.53.40:284][202]LogPlayLevel: Creating play world package: /Game/StarterContent/Maps/UEDPIE_0_Minimal_Default
[2016.02.16-23.53.40:289][202]LogPlayLevel: PIE: StaticDuplicateObject took: (0.004848s)
[2016.02.16-23.53.40:289][202]LogAIModule: Creating AISystem for world Minimal_Default
[2016.02.16-23.53.40:290][202]LogPlayLevel: PIE: World Init took: (0.000585s)
[2016.02.16-23.53.40:290][202]LogPlayLevel: PIE: Created PIE world by copying editor world from /Game/StarterContent/Maps/Minimal_Default.Minimal_Default to /Game/StarterContent/Maps/UEDPIE_0_Minimal_Default.Minimal_Default (0.005591s)
[2016.02.16-23.53.40:314][202]LogInit: XAudio2 using 'Speakers (ASUS Xonar DGX Audio Device)' : 2 channels at 44.1 kHz using 16 bits per sample (channel mask 0x3)
[2016.02.16-23.53.40:316][202]LogInit: FAudioDevice initialized.
[2016.02.16-23.53.40:345][202]LogWorld: Game class is 'AISafariGameMode'
[2016.02.16-23.53.40:347][202]LogWorld: Bringing World /Game/StarterContent/Maps/UEDPIE_0_Minimal_Default.Minimal_Default up for play (max tick rate 0) at 2016.02.16-18.53.40
[2016.02.16-23.53.40:347][202]LogActor:Warning: GameSession /Game/StarterContent/Maps/UEDPIE_0_Minimal_Default.Minimal_Default:PersistentLevel.GameSession_10 has natively added scene component(s), but none of them were set as the actor's RootComponent - picking one arbitrarily
[2016.02.16-23.53.40:347][202]LogActor:Warning: GameNetworkManager /Game/StarterContent/Maps/UEDPIE_0_Minimal_Default.Minimal_Default:PersistentLevel.GameNetworkManager_10 has natively added scene component(s), but none of them were set as the actor's RootComponent - picking one arbitrarily
[2016.02.16-23.53.40:348][202]LogWorld: Bringing up level for play took: 0.001544
[2016.02.16-23.53.40:536][202]PIE: Info Play in editor start time for /Game/StarterContent/Maps/UEDPIE_0_Minimal_Default -0.635
[2016.02.16-23.53.40:536][202]LogBlueprintUserMessages: Late PlayInEditor Detection: Level '/Game/StarterContent/Maps/Minimal_Default.Minimal_Default:PersistentLevel' has LevelScriptBlueprint '/Game/StarterContent/Maps/Minimal_Default.Minimal_Default:PersistentLevel.Minimal_Default' with GeneratedClass '/Game/StarterContent/Maps/Minimal_Default.Minimal_Default_C' with ClassGeneratedBy '/Game/StarterContent/Maps/Minimal_Default.Minimal_Default:PersistentLevel.Minimal_Default'
[2016.02.16-23.53.44:271][279]LogBlueprintUserMessages: Early EndPlayMap Detection: Level '/Game/StarterContent/Maps/Minimal_Default.Minimal_Default:PersistentLevel' has LevelScriptBlueprint '/Game/StarterContent/Maps/Minimal_Default.Minimal_Default:PersistentLevel.Minimal_Default' with GeneratedClass '/Game/StarterContent/Maps/Minimal_Default.Minimal_Default_C' with ClassGeneratedBy '/Game/StarterContent/Maps/Minimal_Default.Minimal_Default:PersistentLevel.Minimal_Default'
[2016.02.16-23.53.44:313][279]LogBlueprintUserMessages: Late EndPlayMap Detection: Level '/Game/StarterContent/Maps/Minimal_Default.Minimal_Default:PersistentLevel' has LevelScriptBlueprint '/Game/StarterContent/Maps/Minimal_Default.Minimal_Default:PersistentLevel.Minimal_Default' with GeneratedClass '/Game/StarterContent/Maps/Minimal_Default.Minimal_Default_C' with ClassGeneratedBy '/Game/StarterContent/Maps/Minimal_Default.Minimal_Default:PersistentLevel.Minimal_Default'
[2016.02.16-23.53.44:345][279]LogParticles: Destroying 0 GPU particle simulations for FXSystem 0x0000001AE9A53F60
[2016.02.16-23.53.55:940][243]LogProfilerClient: Subscribe Session: 00000000000000000000000000000000
[2016.02.16-23.53.55:941][243]LogProfilerClient: Subscribe Session: 00000000000000000000000000000000
[2016.02.16-23.53.55:950][244]LogProfilerService: Unsubscribe Session: DC3C09DE4C1C2A225E5C04842C91763A, Instance: BC3ED8C84659A62A9B5BFF82F5F363CC
[2016.02.16-23.53.58:150][494]LogBlueprintUserMessages: Early PlayInEditor Detection: Level '/Game/StarterContent/Maps/Minimal_Default.Minimal_Default:PersistentLevel' has LevelScriptBlueprint '/Game/StarterContent/Maps/Minimal_Default.Minimal_Default:PersistentLevel.Minimal_Default' with GeneratedClass '/Game/StarterContent/Maps/Minimal_Default.Minimal_Default_C' with ClassGeneratedBy '/Game/StarterContent/Maps/Minimal_Default.Minimal_Default:PersistentLevel.Minimal_Default'
[2016.02.16-23.53.58:150][494]LogPlayLevel: PlayLevel: No blueprints needed recompiling
[2016.02.16-23.53.58:150][494]PIE: New page: PIE session: Minimal_Default (Feb 16, 2016, 1:53:58 PM)
[2016.02.16-23.53.58:150][494]LogPlayLevel: Creating play world package: /Game/StarterContent/Maps/UEDPIE_0_Minimal_Default
[2016.02.16-23.53.58:155][494]LogPlayLevel: PIE: StaticDuplicateObject took: (0.004275s)
[2016.02.16-23.53.58:155][494]LogAIModule: Creating AISystem for world Minimal_Default
[2016.02.16-23.53.58:155][494]LogPlayLevel: PIE: World Init took: (0.000610s)
[2016.02.16-23.53.58:155][494]LogPlayLevel: PIE: Created PIE world by copying editor world from /Game/StarterContent/Maps/Minimal_Default.Minimal_Default to /Game/StarterContent/Maps/UEDPIE_0_Minimal_Default.Minimal_Default (0.005043s)
[2016.02.16-23.53.58:181][494]LogInit: XAudio2 using 'Speakers (ASUS Xonar DGX Audio Device)' : 2 channels at 44.1 kHz using 16 bits per sample (channel mask 0x3)
[2016.02.16-23.53.58:183][494]LogInit: FAudioDevice initialized.
[2016.02.16-23.53.58:213][494]LogWorld: Game class is 'AISafariGameMode'
[2016.02.16-23.53.58:215][494]LogWorld: Bringing World /Game/StarterContent/Maps/UEDPIE_0_Minimal_Default.Minimal_Default up for play (max tick rate 0) at 2016.02.16-18.53.58
[2016.02.16-23.53.58:215][494]LogActor:Warning: GameSession /Game/StarterContent/Maps/UEDPIE_0_Minimal_Default.Minimal_Default:PersistentLevel.GameSession_11 has natively added scene component(s), but none of them were set as the actor's RootComponent - picking one arbitrarily
[2016.02.16-23.53.58:215][494]LogActor:Warning: GameNetworkManager /Game/StarterContent/Maps/UEDPIE_0_Minimal_Default.Minimal_Default:PersistentLevel.GameNetworkManager_11 has natively added scene component(s), but none of them were set as the actor's RootComponent - picking one arbitrarily
[2016.02.16-23.53.58:215][494]LogWorld: Bringing up level for play took: 0.001423
[2016.02.16-23.53.58:339][494]PIE: Info Play in editor start time for /Game/StarterContent/Maps/UEDPIE_0_Minimal_Default 1.168
[2016.02.16-23.53.58:339][494]LogBlueprintUserMessages: Late PlayInEditor Detection: Level '/Game/StarterContent/Maps/Minimal_Default.Minimal_Default:PersistentLevel' has LevelScriptBlueprint '/Game/StarterContent/Maps/Minimal_Default.Minimal_Default:PersistentLevel.Minimal_Default' with GeneratedClass '/Game/StarterContent/Maps/Minimal_Default.Minimal_Default_C' with ClassGeneratedBy '/Game/StarterContent/Maps/Minimal_Default.Minimal_Default:PersistentLevel.Minimal_Default'
[2016.02.16-23.54.10:861][863]LogBlueprintUserMessages: Early EndPlayMap Detection: Level '/Game/StarterContent/Maps/Minimal_Default.Minimal_Default:PersistentLevel' has LevelScriptBlueprint '/Game/StarterContent/Maps/Minimal_Default.Minimal_Default:PersistentLevel.Minimal_Default' with GeneratedClass '/Game/StarterContent/Maps/Minimal_Default.Minimal_Default_C' with ClassGeneratedBy '/Game/StarterContent/Maps/Minimal_Default.Minimal_Default:PersistentLevel.Minimal_Default'
[2016.02.16-23.54.10:904][863]LogBlueprintUserMessages: Late EndPlayMap Detection: Level '/Game/StarterContent/Maps/Minimal_Default.Minimal_Default:PersistentLevel' has LevelScriptBlueprint '/Game/StarterContent/Maps/Minimal_Default.Minimal_Default:PersistentLevel.Minimal_Default' with GeneratedClass '/Game/StarterContent/Maps/Minimal_Default.Minimal_Default_C' with ClassGeneratedBy '/Game/StarterContent/Maps/Minimal_Default.Minimal_Default:PersistentLevel.Minimal_Default'
[2016.02.16-23.54.10:935][863]LogParticles: Destroying 0 GPU particle simulations for FXSystem 0x0000001ACF569A80
[2016.02.16-23.54.21:523][840]LogVSAccessor:Warning: Visual Studio is open but could not be queried - it may be blocked by a modal operation
[2016.02.16-23.54.23:862][841]LogVSAccessor:Warning: Couldn't goto line number '0' in 'Q:/Classes/3-2/AI/AISafari/Source/AISafari/BaseClasses/FlockerManagerBase.h'
[2016.02.16-23.54.24:095][841]LogVSAccessor:Warning: Couldn't goto line number '0' in 'Q:/Classes/3-2/AI/AISafari/Source/AISafari/BaseClasses/FlockerManagerBase.cpp'
[2016.02.17-00.06.41:114][ 53]LogHotReload: New module detected: UE4Editor-AISafari-3909.dll
[2016.02.17-00.06.41:791][ 56]LogHotReload: Starting Hot-Reload from IDE
[2016.02.17-00.06.41:879][ 56]LogContentBrowser: Native class hierarchy updated for 'AISafari' in 0.0010 seconds. Added 4 classes and 3 folders.
[2016.02.17-00.06.41:882][ 56]Warning: HotReload successful (0 functions remapped  0 scriptstructs remapped)
[2016.02.17-00.06.42:265][ 56]LogContentBrowser: Native class hierarchy populated in 0.0087 seconds. Added 1874 classes and 340 folders.
[2016.02.17-00.07.59:277][356]LogBlueprintUserMessages: Early PlayInEditor Detection: Level '/Game/StarterContent/Maps/Minimal_Default.Minimal_Default:PersistentLevel' has LevelScriptBlueprint '/Game/StarterContent/Maps/Minimal_Default.Minimal_Default:PersistentLevel.Minimal_Default' with GeneratedClass '/Game/StarterContent/Maps/Minimal_Default.Minimal_Default_C' with ClassGeneratedBy '/Game/StarterContent/Maps/Minimal_Default.Minimal_Default:PersistentLevel.Minimal_Default'
[2016.02.17-00.07.59:277][356]LogPlayLevel: PlayLevel: No blueprints needed recompiling
[2016.02.17-00.07.59:277][356]PIE: New page: PIE session: Minimal_Default (Feb 16, 2016, 2:07:59 PM)
[2016.02.17-00.07.59:277][356]LogPlayLevel: Creating play world package: /Game/StarterContent/Maps/UEDPIE_0_Minimal_Default
[2016.02.17-00.07.59:284][356]LogPlayLevel: PIE: StaticDuplicateObject took: (0.006432s)
[2016.02.17-00.07.59:285][356]LogAIModule: Creating AISystem for world Minimal_Default
[2016.02.17-00.07.59:285][356]LogPlayLevel: PIE: World Init took: (0.001418s)
[2016.02.17-00.07.59:285][356]LogPlayLevel: PIE: Created PIE world by copying editor world from /Game/StarterContent/Maps/Minimal_Default.Minimal_Default to /Game/StarterContent/Maps/UEDPIE_0_Minimal_Default.Minimal_Default (0.008060s)
[2016.02.17-00.07.59:355][356]LogInit: XAudio2 using 'Speakers (ASUS Xonar DGX Audio Device)' : 2 channels at 44.1 kHz using 16 bits per sample (channel mask 0x3)
[2016.02.17-00.07.59:358][356]LogInit: FAudioDevice initialized.
[2016.02.17-00.07.59:387][356]LogWorld: Game class is 'AISafariGameMode'
[2016.02.17-00.07.59:389][356]LogWorld: Bringing World /Game/StarterContent/Maps/UEDPIE_0_Minimal_Default.Minimal_Default up for play (max tick rate 0) at 2016.02.16-19.07.59
[2016.02.17-00.07.59:389][356]LogActor:Warning: GameSession /Game/StarterContent/Maps/UEDPIE_0_Minimal_Default.Minimal_Default:PersistentLevel.GameSession_12 has natively added scene component(s), but none of them were set as the actor's RootComponent - picking one arbitrarily
[2016.02.17-00.07.59:390][356]LogActor:Warning: GameNetworkManager /Game/StarterContent/Maps/UEDPIE_0_Minimal_Default.Minimal_Default:PersistentLevel.GameNetworkManager_12 has natively added scene component(s), but none of them were set as the actor's RootComponent - picking one arbitrarily
[2016.02.17-00.07.59:390][356]LogWorld: Bringing up level for play took: 0.001603
[2016.02.17-00.07.59:513][356]PIE: Info Play in editor start time for /Game/StarterContent/Maps/UEDPIE_0_Minimal_Default 0.342
[2016.02.17-00.07.59:514][356]LogBlueprintUserMessages: Late PlayInEditor Detection: Level '/Game/StarterContent/Maps/Minimal_Default.Minimal_Default:PersistentLevel' has LevelScriptBlueprint '/Game/StarterContent/Maps/Minimal_Default.Minimal_Default:PersistentLevel.Minimal_Default' with GeneratedClass '/Game/StarterContent/Maps/Minimal_Default.Minimal_Default_C' with ClassGeneratedBy '/Game/StarterContent/Maps/Minimal_Default.Minimal_Default:PersistentLevel.Minimal_Default'
[2016.02.17-00.07.59:878][356]LogCrashTracker: 


[2016.02.17-00.07.59:879][356]LogCrashTracker: 


[2016.02.17-00.07.59:879][356]LogWindows: === Critical error: ===
Fatal error!



[2016.02.17-00.07.59:979][356]LogExit: Executing StaticShutdownAfterError
[2016.02.17-00.07.59:995][356]LogPhysics:Warning: PHYSX: ..\..\PhysX\src\NpScene.cpp (2946) 8 : PxScene::unlockWrite() called without matching call to PxScene::lockWrite(), behaviour will be undefined.
[2016.02.17-00.07.59:996][356]LogPhysics:Warning: PHYSX: ..\..\PhysX\src\NpScene.cpp (2946) 8 : PxScene::unlockWrite() called without matching call to PxScene::lockWrite(), behaviour will be undefined.
[2016.02.17-00.07.59:997][356]LogPhysics:Warning: PHYSX: ..\..\PhysX\src\NpScene.cpp (2946) 8 : PxScene::unlockWrite() called without matching call to PxScene::lockWrite(), behaviour will be undefined.
[2016.02.17-00.07.59:999][356]LogPhysics:Warning: PHYSX: ..\..\PhysX\src\NpScene.cpp (2946) 8 : PxScene::unlockWrite() called without matching call to PxScene::lockWrite(), behaviour will be undefined.
[2016.02.17-00.07.59:999][356]LogPhysics:Warning: PHYSX: ..\..\PhysX\src\NpScene.cpp (2946) 8 : PxScene::unlockWrite() called without matching call to PxScene::lockWrite(), behaviour will be undefined.
[2016.02.17-00.07.59:999][356]LogPhysics:Warning: PHYSX: ..\..\PhysX\src\NpScene.cpp (2946) 8 : PxScene::unlockWrite() called without matching call to PxScene::lockWrite(), behaviour will be undefined.
[2016.02.17-00.07.59:999][356]LogWindows: FPlatformMisc::RequestExit(1)
[2016.02.17-00.07.59:999][356]Log file closed, 02/16/16 19:07:59
