[2016.02.13-22.31.24:802][  0]Log file open, 02/13/16 17:31:24
[2016.02.13-22.31.24:802][  0]LogInit:Display: Running engine for game: AISafari
[2016.02.13-22.31.24:802][  0]LogInit:Display: RandInit(1418435742) SRandInit(1418435742).
[2016.02.13-22.31.24:802][  0]LogTaskGraph: Started task graph with 4 named threads and 7 total threads.
[2016.02.13-22.31.24:802][  0]LogStats: Stats thread started at 0.072181
[2016.02.13-22.31.24:802][  0]LogInit: Version: 4.9.2-2707645+++depot+UE4-Releases+4.9
[2016.02.13-22.31.24:802][  0]LogInit: API Version: 2672455
[2016.02.13-22.31.24:802][  0]LogInit: Compiled (64-bit): Sep 28 2015 10:25:44
[2016.02.13-22.31.24:802][  0]LogInit: Compiled with Visual C++: 18.00.21005.01
[2016.02.13-22.31.24:802][  0]LogInit: Build Configuration: Development
[2016.02.13-22.31.24:802][  0]LogInit: Branch Name: ++depot+UE4-Releases+4.9
[2016.02.13-22.31.24:802][  0]LogInit: Command line:  
[2016.02.13-22.31.24:802][  0]LogInit: Base directory: C:/Program Files (x86)/Epic Games/4.9/Engine/Binaries/Win64/
[2016.02.13-22.31.24:802][  0]LogInit: Rocket: 1
[2016.02.13-22.31.24:810][  0]LogInit: Using libcurl 7.41.0
[2016.02.13-22.31.24:810][  0]LogInit:  - built for x86_64-pc-win32
[2016.02.13-22.31.24:810][  0]LogInit:  - supports SSL with WinSSL
[2016.02.13-22.31.24:810][  0]LogInit:  - other features:
[2016.02.13-22.31.24:810][  0]LogInit:      CURL_VERSION_SSL
[2016.02.13-22.31.24:810][  0]LogInit:      CURL_VERSION_IPV6
[2016.02.13-22.31.24:810][  0]LogInit:      CURL_VERSION_ASYNCHDNS
[2016.02.13-22.31.24:810][  0]LogInit:      CURL_VERSION_LARGEFILE
[2016.02.13-22.31.24:810][  0]LogInit:      CURL_VERSION_IDN
[2016.02.13-22.31.24:810][  0]LogInit:  CurlRequestOptions (configurable via config and command line):
[2016.02.13-22.31.24:810][  0]LogInit:  - bVerifyPeer = true  - Libcurl will verify peer certificate
[2016.02.13-22.31.24:810][  0]LogInit:  - bUseHttpProxy = false  - Libcurl will NOT use HTTP proxy
[2016.02.13-22.31.24:810][  0]LogInit:  - bDontReuseConnections = false  - Libcurl will reuse connections
[2016.02.13-22.31.24:810][  0]LogInit:  - CertBundlePath = nullptr  - Libcurl will use whatever was configured at build time.
[2016.02.13-22.31.24:815][  0]LogInit: Presizing for 0 objects not considered by GC, pre-allocating 0 bytes.
[2016.02.13-22.31.24:820][  0]LogInit: Object subsystem initialized
[2016.02.13-22.31.24:821][  0]LogInit: Selected Device Profile: [Windows]
[2016.02.13-22.31.24:821][  0]LogInit: Applying CVar settings loaded from the selected device profile: [Windows]
[2016.02.13-22.31.24:827][  0]LogInit: Computer: ZEBRADESKTOP
[2016.02.13-22.31.24:827][  0]LogInit: User: Ryan
[2016.02.13-22.31.24:827][  0]LogInit: CPU Page size=4096, Cores=4
[2016.02.13-22.31.24:827][  0]LogInit: High frequency timer resolution =3.984648 MHz
[2016.02.13-22.31.24:827][  0]LogMemory: Memory total: Physical=15.9GB (16GB approx)
[2016.02.13-22.31.24:827][  0]LogMemory: Platform Memory Stats for Windows
[2016.02.13-22.31.24:827][  0]LogMemory: Process Physical Memory: 53.94 MB used, 53.94 MB peak
[2016.02.13-22.31.24:827][  0]LogMemory: Process Virtual Memory: 55.46 MB used, 55.46 MB peak
[2016.02.13-22.31.24:827][  0]LogMemory: Physical Memory: 4858.33 MB used, 16325.73 MB total
[2016.02.13-22.31.24:827][  0]LogMemory: Virtual Memory: 364.76 MB used, 134217728.00 MB total
[2016.02.13-22.31.24:855][  0]LogTextLocalizationManager: No specific translations for ('en-US') exist, so ('en') translations will be used.
[2016.02.13-22.31.25:442][  0]LogD3D11RHI: Found D3D11 adapter 0: NVIDIA GeForce GTX 780 (Feature Level 11_0)
[2016.02.13-22.31.25:442][  0]LogD3D11RHI: Adapter has 5971MB of dedicated video memory, 0MB of dedicated system memory, and 8162MB of shared system memory, 3 output[s]
[2016.02.13-22.31.25:443][  0]LogD3D11RHI: Found D3D11 adapter 1: Microsoft Basic Render Driver (Feature Level 11_0)
[2016.02.13-22.31.25:443][  0]LogD3D11RHI: Adapter has 0MB of dedicated video memory, 0MB of dedicated system memory, and 8162MB of shared system memory, 0 output[s]
[2016.02.13-22.31.25:443][  0]LogD3D11RHI: Chosen D3D11 Adapter Id = 0
[2016.02.13-22.31.25:461][  0]LogD3D11RHI: !Direct3DDevice
[2016.02.13-22.31.25:461][  0]LogRHI: Texture pool is 1361 MB (70% of 1945 MB)
[2016.02.13-22.31.25:490][  0]LogD3D11RHI: Async texture creation enabled
[2016.02.13-22.31.25:501][  0]LogShaderCompilers: Guid format shader working directory is 14 characters bigger than the processId version (Q:/Classes/3-2/AI/AISafari/Intermediate/Shaders/WorkingDirectory/31532/).
[2016.02.13-22.31.25:501][  0]LogShaderCompilers: Cleaned the shader compiler working directory 'Q:/Classes/3-2/AI/AISafari/Intermediate/Shaders/tmp/BADCC8AB493701D63211D9AD66822E39/'.
[2016.02.13-22.31.25:501][  0]LogShaderCompilers:Display: Using Local Shader Compiler.
[2016.02.13-22.31.26:177][  0]LogTemp:Display: Loaded TP AllDesktopTargetPlatform
[2016.02.13-22.31.26:181][  0]LogTemp:Display: Loaded TP WindowsClientTargetPlatform
[2016.02.13-22.31.26:185][  0]LogTemp:Display: Loaded TP WindowsNoEditorTargetPlatform
[2016.02.13-22.31.26:188][  0]LogTemp:Display: Loaded TP WindowsServerTargetPlatform
[2016.02.13-22.31.26:192][  0]LogTemp:Display: Loaded TP WindowsTargetPlatform
[2016.02.13-22.31.26:194][  0]LogTemp:Display: Loaded TP AndroidTargetPlatform
[2016.02.13-22.31.26:196][  0]LogTemp:Display: Loaded TP Android_ASTCTargetPlatform
[2016.02.13-22.31.26:199][  0]LogTemp:Display: Loaded TP Android_ATCTargetPlatform
[2016.02.13-22.31.26:201][  0]LogTemp:Display: Loaded TP Android_DXTTargetPlatform
[2016.02.13-22.31.26:203][  0]LogTemp:Display: Loaded TP Android_ETC1TargetPlatform
[2016.02.13-22.31.26:205][  0]LogTemp:Display: Loaded TP Android_ETC2TargetPlatform
[2016.02.13-22.31.26:207][  0]LogTemp:Display: Loaded TP Android_PVRTCTargetPlatform
[2016.02.13-22.31.26:208][  0]LogTemp:Display: Loaded TP HTML5TargetPlatform
[2016.02.13-22.31.26:223][  0]LogTemp:Display: Loaded TP IOSTargetPlatform
[2016.02.13-22.31.26:225][  0]LogTemp:Display: Loaded TP LinuxNoEditorTargetPlatform
[2016.02.13-22.31.26:227][  0]LogTemp:Display: Loaded TP LinuxServerTargetPlatform
[2016.02.13-22.31.26:229][  0]LogTemp:Display: Loaded TP LinuxTargetPlatform
[2016.02.13-22.31.26:229][  0]LogTargetPlatformManager:Display: Building Assets For Windows
[2016.02.13-22.31.26:288][  0]LogDerivedDataCache:Display: Max Cache Size: 512 MB
[2016.02.13-22.31.26:321][  0]LogDerivedDataCache: Loaded boot cache 0.03s 41MB C:/Users/Ryan/AppData/Local/UnrealEngine/4.9/DerivedDataCache/Boot.ddc.
[2016.02.13-22.31.26:321][  0]LogDerivedDataCache:Display: Loaded Boot cache: C:/Users/Ryan/AppData/Local/UnrealEngine/4.9/DerivedDataCache/Boot.ddc
[2016.02.13-22.31.26:321][  0]LogDerivedDataCache: FDerivedDataBackendGraph:  Pak pak cache file Q:/Classes/3-2/AI/AISafari/DerivedDataCache/DDC.ddp not found, will not use a pak cache.
[2016.02.13-22.31.26:321][  0]LogDerivedDataCache: Unable to find inner node Pak for hierarchical cache Hierarchy.
[2016.02.13-22.31.26:321][  0]LogDerivedDataCache: FDerivedDataBackendGraph:  CompressedPak pak cache file Q:/Classes/3-2/AI/AISafari/DerivedDataCache/Compressed.ddp not found, will not use a pak cache.
[2016.02.13-22.31.26:321][  0]LogDerivedDataCache: Unable to find inner node CompressedPak for hierarchical cache Hierarchy.
[2016.02.13-22.31.26:415][  0]LogDerivedDataCache:Display: Pak cache opened for reading ../../../Engine/DerivedDataCache/Compressed.ddp.
[2016.02.13-22.31.26:427][  0]LogDerivedDataCache: Using Local data cache path C:/Users/Ryan/AppData/Local/UnrealEngine/Common/DerivedDataCache: Writable
[2016.02.13-22.31.26:552][  0]LogInit: Selected Device Profile: [Windows]
[2016.02.13-22.31.26:553][  0]LogContentStreaming: Texture pool size is 0.000000MB
[2016.02.13-22.31.26:632][  0]LogMeshUtilities: No automatic mesh reduction module available
[2016.02.13-22.31.26:632][  0]LogMeshUtilities: No automatic mesh merging module available
[2016.02.13-22.31.26:800][  0]LogInit: WinSock: version 1.1 (2.2), MaxSocks=32767, MaxUdp=65467
[2016.02.13-22.31.27:280][  0]UdpMessaging: Initializing bridge on interface 0.0.0.0:0 to multicast group 230.0.0.1:6666.
[2016.02.13-22.31.27:375][  0]LogAssetRegistry: FAssetRegistry took 0.0111 seconds to start up
[2016.02.13-22.31.27:480][  0]SourceControl: Info Source control is disabled
[2016.02.13-22.31.27:485][  0]SourceControl: Info Source control is disabled
[2016.02.13-22.31.27:492][  0]SourceControl: Info Source control is disabled
[2016.02.13-22.31.27:500][  0]SourceControl: Info Source control is disabled
[2016.02.13-22.31.27:590][  0]LogLinker:Warning: Asset '../../../Engine/Plugins/Runtime/LeapMotionController/Content/LM_PassthroughMaterial.uasset' has been saved with empty engine version. The asset will be loaded but may be incompatible.
[2016.02.13-22.31.27:639][  0]LogObj: 28380 objects as part of root set at end of initial load.
[2016.02.13-22.31.27:640][  0]LogUObjectAllocator: 6046584 out of 0 bytes used by permanent object pool.
[2016.02.13-22.31.27:681][  0]LogEngine: Initializing Engine...
[2016.02.13-22.31.27:682][  0]LogHMD: Can't find Oculus library dev build: is proper Runtime installed? Version: 0.7.0.0
[2016.02.13-22.31.27:683][  0]LogHMD: SteamVR failed to initialize.  Err: 110
[2016.02.13-22.31.27:763][  0]LogAIModule: Creating AISystem for world NewWorld
[2016.02.13-22.31.27:769][  0]LogInit: XAudio2 using 'Speakers (ASUS Xonar DGX Audio Device)' : 2 channels at 44.1 kHz using 16 bits per sample (channel mask 0x3)
[2016.02.13-22.31.27:773][  0]LogInit: FAudioDevice initialized.
[2016.02.13-22.31.27:790][  0]LogDerivedDataCache: Saved boot cache 0.02s 41MB C:/Users/Ryan/AppData/Local/UnrealEngine/4.9/DerivedDataCache/Boot.ddc.
[2016.02.13-22.31.27:794][  0]LogInit: Texture streaming: Enabled
[2016.02.13-22.31.27:799][  0]LogAnalytics: Creating configured Analytics provider AnalyticsET
[2016.02.13-22.31.27:799][  0]LogAnalytics: [UEEditor.Rocket.Release] APIServer = http://et2.epicgames.com/ET2/. AppVersion = 4.9.2-2707645+++depot+UE4-Releases+4.9
[2016.02.13-22.31.27:799][  0]LogAnalytics: [UEEditor.Rocket.Release] SetUserId d1f9beca401d8fe412e57fa88e66abb9|85745c8591404a23957796735eaccf05|defee072-9da8-4f68-a06a-f65b3a6c30bf
[2016.02.13-22.31.27:799][  0]LogAnalytics: [UEEditor.Rocket.Release] AnalyticsET::StartSession
[2016.02.13-22.31.27:823][  0]LogInit: Transaction tracking system initialized
[2016.02.13-22.31.27:844][  0]BlueprintLog: New page: Editor Load
[2016.02.13-22.31.27:898][  0]LocalizationService: Info Localization service is disabled
[2016.02.13-22.31.27:957][  0]LogConsoleResponse:Display: 
[2016.02.13-22.31.28:032][  0]LogCook:Display: Done creating registry. It took  0.00s.
[2016.02.13-22.31.28:073][  0]LogFileCache: Scanning file cache for directory 'Q:/Classes/3-2/AI/AISafari/Content/' took 0.01s
[2016.02.13-22.31.28:073][  0]SourceControl: Info Source control is disabled
[2016.02.13-22.31.28:073][  0]Cmd: MAP LOAD FILE="Q:/Classes/3-2/AI/AISafari/Content/StarterContent/Maps/Minimal_Default.umap" TEMPLATE=0 SHOWPROGRESS=1 FEATURELEVEL=3
[2016.02.13-22.31.28:073][  0]LightingResults: New page: Lighting Build
[2016.02.13-22.31.28:075][  0]MapCheck: New page: Map Check
[2016.02.13-22.31.28:075][  0]LightingResults: New page: Lighting Build
[2016.02.13-22.31.28:083][  0]LogParticles: Destroying 0 GPU particle simulations for FXSystem 0x00000084CD3F7CE0
[2016.02.13-22.31.28:255][  0]LogAIModule: Creating AISystem for world Minimal_Default
[2016.02.13-22.31.28:260][  0]LogEditorServer: Finished looking for orphan Actors (0.000 secs)
[2016.02.13-22.31.28:261][  0]Cmd: MAP CHECKDEP NOCLEARLOG
[2016.02.13-22.31.28:299][  0]MapCheck: Info Map check complete: 0 Error(s), 0 Warning(s), took 38.237ms to complete.
[2016.02.13-22.31.28:299][  0]LogFileHelpers: Loading map 'Minimal_Default' took 0.226
[2016.02.13-22.31.28:425][  0]LogCollectionManager: Loaded 0 collections in 0.001441 seconds
[2016.02.13-22.31.28:465][  0]LogFileCache: Scanning file cache for directory 'Q:/Classes/3-2/AI/AISafari/Saved/Collections/' took 0.01s
[2016.02.13-22.31.28:465][  0]LogFileCache: Scanning file cache for directory 'Q:/Classes/3-2/AI/AISafari/Content/Developers/Ryan/Collections/' took 0.01s
[2016.02.13-22.31.28:465][  0]LogFileCache: Scanning file cache for directory 'Q:/Classes/3-2/AI/AISafari/Content/Collections/' took 0.01s
[2016.02.13-22.31.28:465][  0]LogContentBrowser: Native class hierarchy populated in 0.0058 seconds. Added 1871 classes and 336 folders.
[2016.02.13-22.31.28:479][  0]LogCollectionManager: Rebuilt the GUID cache for 0 collections in 0.000002 seconds
[2016.02.13-22.31.28:487][  0]LogContentBrowser: Native class hierarchy updated for 'WidgetCarousel' in 0.0015 seconds. Added 0 classes and 0 folders.
[2016.02.13-22.31.28:516][  0]LogContentBrowser: Native class hierarchy updated for 'AddContentDialog' in 0.0009 seconds. Added 0 classes and 0 folders.
[2016.02.13-22.31.28:520][  0]LogContentBrowser: Native class hierarchy updated for 'SceneOutliner' in 0.0008 seconds. Added 1 classes and 2 folders.
[2016.02.13-22.31.28:535][  0]LogCrashTracker: Crashtracker disabled due to settings.
[2016.02.13-22.31.28:540][  0]LogUObjectGlobals:Warning: Failed to find object 'Class None.'
[2016.02.13-22.31.28:562][  0]LogLoad: Full Startup: 4.35 seconds (BP compile: 0.03 seconds)
[2016.02.13-22.31.28:612][  0]LogContentStreaming: Texture pool size now 1000 MB
[2016.02.13-22.31.28:709][  0]LogRenderer: Reallocating scene render targets to support 1208x600 (Frame:2).
[2016.02.13-22.31.28:835][  2]LogAssetRegistry: Asset discovery search completed in 1.4710 seconds
[2016.02.13-22.31.28:835][  2]LogCollectionManager: Rebuilt the object cache for 0 collections in 0.000001 seconds (found 0 objects)
[2016.02.13-22.31.28:835][  2]LogCollectionManager: Fixed up redirectors for 0 collections in 0.000015 seconds (updated 0 objects)
[2016.02.13-22.31.46:280][235]LogBlueprintUserMessages: Early PlayInEditor Detection: Level '/Game/StarterContent/Maps/Minimal_Default.Minimal_Default:PersistentLevel' has LevelScriptBlueprint '/Game/StarterContent/Maps/Minimal_Default.Minimal_Default:PersistentLevel.Minimal_Default' with GeneratedClass '/Game/StarterContent/Maps/Minimal_Default.Minimal_Default_C' with ClassGeneratedBy '/Game/StarterContent/Maps/Minimal_Default.Minimal_Default:PersistentLevel.Minimal_Default'
[2016.02.13-22.31.46:281][235]LogPlayLevel: PlayLevel: No blueprints needed recompiling
[2016.02.13-22.31.46:281][235]PIE: New page: PIE session: Minimal_Default (Feb 13, 2016, 12:31:46 PM)
[2016.02.13-22.31.46:281][235]LogPlayLevel: Creating play world package: /Game/StarterContent/Maps/UEDPIE_0_Minimal_Default
[2016.02.13-22.31.46:286][235]LogPlayLevel: PIE: StaticDuplicateObject took: (0.005551s)
[2016.02.13-22.31.46:287][235]LogAIModule: Creating AISystem for world Minimal_Default
[2016.02.13-22.31.46:287][235]LogPlayLevel: PIE: World Init took: (0.000551s)
[2016.02.13-22.31.46:287][235]LogPlayLevel: PIE: Created PIE world by copying editor world from /Game/StarterContent/Maps/Minimal_Default.Minimal_Default to /Game/StarterContent/Maps/UEDPIE_0_Minimal_Default.Minimal_Default (0.006331s)
[2016.02.13-22.31.46:305][235]LogInit: XAudio2 using 'Speakers (ASUS Xonar DGX Audio Device)' : 2 channels at 44.1 kHz using 16 bits per sample (channel mask 0x3)
[2016.02.13-22.31.46:307][235]LogInit: FAudioDevice initialized.
[2016.02.13-22.31.46:350][235]LogWorld: Game class is 'AISafariGameMode'
[2016.02.13-22.31.46:352][235]LogWorld: Bringing World /Game/StarterContent/Maps/UEDPIE_0_Minimal_Default.Minimal_Default up for play (max tick rate 0) at 2016.02.13-17.31.46
[2016.02.13-22.31.46:352][235]LogActor:Warning: GameSession /Game/StarterContent/Maps/UEDPIE_0_Minimal_Default.Minimal_Default:PersistentLevel.GameSession_0 has natively added scene component(s), but none of them were set as the actor's RootComponent - picking one arbitrarily
[2016.02.13-22.31.46:352][235]LogActor:Warning: GameNetworkManager /Game/StarterContent/Maps/UEDPIE_0_Minimal_Default.Minimal_Default:PersistentLevel.GameNetworkManager_0 has natively added scene component(s), but none of them were set as the actor's RootComponent - picking one arbitrarily
[2016.02.13-22.31.46:352][235]LogWorld: Bringing up level for play took: 0.001570
[2016.02.13-22.31.46:481][235]PIE: Info Play in editor start time for /Game/StarterContent/Maps/UEDPIE_0_Minimal_Default -0.691
[2016.02.13-22.31.46:481][235]LogBlueprintUserMessages: Late PlayInEditor Detection: Level '/Game/StarterContent/Maps/Minimal_Default.Minimal_Default:PersistentLevel' has LevelScriptBlueprint '/Game/StarterContent/Maps/Minimal_Default.Minimal_Default:PersistentLevel.Minimal_Default' with GeneratedClass '/Game/StarterContent/Maps/Minimal_Default.Minimal_Default_C' with ClassGeneratedBy '/Game/StarterContent/Maps/Minimal_Default.Minimal_Default:PersistentLevel.Minimal_Default'
[2016.02.13-22.31.54:589][268]LogBlueprintUserMessages: Early EndPlayMap Detection: Level '/Game/StarterContent/Maps/Minimal_Default.Minimal_Default:PersistentLevel' has LevelScriptBlueprint '/Game/StarterContent/Maps/Minimal_Default.Minimal_Default:PersistentLevel.Minimal_Default' with GeneratedClass '/Game/StarterContent/Maps/Minimal_Default.Minimal_Default_C' with ClassGeneratedBy '/Game/StarterContent/Maps/Minimal_Default.Minimal_Default:PersistentLevel.Minimal_Default'
[2016.02.13-22.31.54:627][268]LogBlueprintUserMessages: Late EndPlayMap Detection: Level '/Game/StarterContent/Maps/Minimal_Default.Minimal_Default:PersistentLevel' has LevelScriptBlueprint '/Game/StarterContent/Maps/Minimal_Default.Minimal_Default:PersistentLevel.Minimal_Default' with GeneratedClass '/Game/StarterContent/Maps/Minimal_Default.Minimal_Default_C' with ClassGeneratedBy '/Game/StarterContent/Maps/Minimal_Default.Minimal_Default:PersistentLevel.Minimal_Default'
[2016.02.13-22.31.54:638][268]LogParticles: Destroying 0 GPU particle simulations for FXSystem 0x00000084EB8AF1A0
[2016.02.13-22.31.55:771][390]LogWindowsTextInputMethodSystem:Display: IME system now deactivated.
[2016.02.13-22.31.55:979][391]Cmd: QUIT_EDITOR
[2016.02.13-22.31.56:900][391]LogExit: Preparing to exit.
[2016.02.13-22.31.57:381][391]LogExit: Editor shut down
[2016.02.13-22.31.57:381][391]LogExit: Transaction tracking system shut down
[2016.02.13-22.31.57:382][391]LogParticles: Destroying 0 GPU particle simulations for FXSystem 0x00000084B7D3B7E0
[2016.02.13-22.31.57:382][391]LogParticles: Destroying 0 GPU particle simulations for FXSystem 0x00000084B9E9B880
[2016.02.13-22.31.57:382][391]LogParticles: Destroying 0 GPU particle simulations for FXSystem 0x00000084B8023240
[2016.02.13-22.31.57:464][391]LogExit: Object subsystem successfully closed.
[2016.02.13-22.31.57:480][391]LogD3D11RHI: Shutdown
[2016.02.13-22.31.57:480][391]LogD3D11RHI: CleanupD3DDevice
[2016.02.13-22.31.57:596][391]LogD3D11RHI: ~FD3D11DynamicRHI
[2016.02.13-22.31.57:607][391]LogModuleManager: Shutting down and abandoning module CrashTracker (198)
[2016.02.13-22.31.57:607][391]LogModuleManager: Shutting down and abandoning module SceneOutliner (197)
[2016.02.13-22.31.57:607][391]LogModuleManager: Shutting down and abandoning module SuperSearch (196)
[2016.02.13-22.31.57:607][391]LogModuleManager: Shutting down and abandoning module WidgetCarousel (195)
[2016.02.13-22.31.57:607][391]LogModuleManager: Shutting down and abandoning module AddContentDialog (194)
[2016.02.13-22.31.57:608][391]LogModuleManager: Shutting down and abandoning module EditorWidgets (193)
[2016.02.13-22.31.57:608][391]LogModuleManager: Shutting down and abandoning module CollectionManager (192)
[2016.02.13-22.31.57:608][391]LogModuleManager: Shutting down and abandoning module StatsViewer (191)
[2016.02.13-22.31.57:608][391]LogModuleManager: Shutting down and abandoning module FoliageEdit (190)
[2016.02.13-22.31.57:608][391]LogModuleManager: Shutting down and abandoning module LandscapeEditor (189)
[2016.02.13-22.31.57:608][391]LogModuleManager: Shutting down and abandoning module ActorPickerMode (188)
[2016.02.13-22.31.57:608][391]LogModuleManager: Shutting down and abandoning module GeometryMode (187)
[2016.02.13-22.31.57:608][391]LogModuleManager: Shutting down and abandoning module TextureAlignMode (186)
[2016.02.13-22.31.57:608][391]LogModuleManager: Shutting down and abandoning module BspMode (185)
[2016.02.13-22.31.57:608][391]LogModuleManager: Shutting down and abandoning module PlacementMode (184)
[2016.02.13-22.31.57:608][391]LogModuleManager: Shutting down and abandoning module AutomationWorker (183)
[2016.02.13-22.31.57:608][391]LogModuleManager: Shutting down and abandoning module CharacterAI (182)
[2016.02.13-22.31.57:608][391]LogModuleManager: Shutting down and abandoning module SmartSnapping (181)
[2016.02.13-22.31.57:608][391]LogModuleManager: Shutting down and abandoning module ViewportSnapping (180)
[2016.02.13-22.31.57:608][391]LogModuleManager: Shutting down and abandoning module LogVisualizer (179)
[2016.02.13-22.31.57:608][391]LogModuleManager: Shutting down and abandoning module GameProjectGeneration (178)
[2016.02.13-22.31.57:608][391]LogModuleManager: Shutting down and abandoning module IntroTutorials (177)
[2016.02.13-22.31.57:608][391]LogModuleManager: Shutting down and abandoning module EditorLiveStreaming (176)
[2016.02.13-22.31.57:608][391]LogModuleManager: Shutting down and abandoning module IOSPlatformEditor (175)
[2016.02.13-22.31.57:608][391]LogModuleManager: Shutting down and abandoning module HTML5PlatformEditor (174)
[2016.02.13-22.31.57:608][391]LogModuleManager: Shutting down and abandoning module AndroidDeviceDetection (173)
[2016.02.13-22.31.57:933][391]LogModuleManager: Shutting down and abandoning module AndroidPlatformEditor (172)
[2016.02.13-22.31.57:933][391]LogModuleManager: Shutting down and abandoning module IOSRuntimeSettings (171)
[2016.02.13-22.31.57:933][391]LogModuleManager: Shutting down and abandoning module AndroidRuntimeSettings (170)
[2016.02.13-22.31.57:933][391]LogModuleManager: Shutting down and abandoning module MergeActors (169)
[2016.02.13-22.31.57:933][391]LogModuleManager: Shutting down and abandoning module SizeMap (168)
[2016.02.13-22.31.57:933][391]LogModuleManager: Shutting down and abandoning module TreeMap (167)
[2016.02.13-22.31.57:933][391]LogModuleManager: Shutting down and abandoning module ReferenceViewer (166)
[2016.02.13-22.31.57:933][391]LogModuleManager: Shutting down and abandoning module LocalizationService (165)
[2016.02.13-22.31.57:933][391]LogModuleManager: Shutting down and abandoning module LocalizationDashboard (164)
[2016.02.13-22.31.57:933][391]LogModuleManager: Shutting down and abandoning module HardwareTargeting (163)
[2016.02.13-22.31.57:933][391]LogModuleManager: Shutting down and abandoning module DeviceProfileEditor (162)
[2016.02.13-22.31.57:933][391]LogModuleManager: Shutting down and abandoning module UndoHistory (161)
[2016.02.13-22.31.57:933][391]LogModuleManager: Shutting down and abandoning module GameplayTagsEditor (160)
[2016.02.13-22.31.57:933][391]LogModuleManager: Shutting down and abandoning module UserFeedback (159)
[2016.02.13-22.31.57:933][391]LogModuleManager: Shutting down and abandoning module XmlParser (158)
[2016.02.13-22.31.57:933][391]LogModuleManager: Shutting down and abandoning module Blutility (157)
[2016.02.13-22.31.57:933][391]LogModuleManager: Shutting down and abandoning module ProjectTargetPlatformEditor (156)
[2016.02.13-22.31.57:933][391]LogModuleManager: Shutting down and abandoning module ProjectSettingsViewer (155)
[2016.02.13-22.31.57:933][391]LogModuleManager: Shutting down and abandoning module InputBindingEditor (154)
[2016.02.13-22.31.57:933][391]LogModuleManager: Shutting down and abandoning module EditorSettingsViewer (153)
[2016.02.13-22.31.57:933][391]LogModuleManager: Shutting down and abandoning module SettingsEditor (152)
[2016.02.13-22.31.57:933][391]LogModuleManager: Shutting down and abandoning module ProjectLauncher (151)
[2016.02.13-22.31.57:933][391]LogModuleManager: Shutting down and abandoning module SessionFrontend (150)
[2016.02.13-22.31.57:933][391]LogModuleManager: Shutting down and abandoning module ProfilerClient (149)
[2016.02.13-22.31.57:933][391]LogModuleManager: Shutting down and abandoning module TargetDeviceServices (148)
[2016.02.13-22.31.57:933][391]LogModuleManager: Shutting down and abandoning module DeviceManager (147)
[2016.02.13-22.31.57:933][391]LogModuleManager: Shutting down and abandoning module AutomationController (146)
[2016.02.13-22.31.57:933][391]LogModuleManager: Shutting down and abandoning module AutomationWindow (145)
[2016.02.13-22.31.57:933][391]LogModuleManager: Shutting down and abandoning module Layers (144)
[2016.02.13-22.31.57:933][391]LogModuleManager: Shutting down and abandoning module ComponentVisualizers (143)
[2016.02.13-22.31.57:933][391]LogModuleManager: Shutting down and abandoning module DetailCustomizations (142)
[2016.02.13-22.31.57:933][391]LogModuleManager: Shutting down and abandoning module PackagesDialog (141)
[2016.02.13-22.31.57:933][391]LogModuleManager: Shutting down and abandoning module Persona (140)
[2016.02.13-22.31.57:933][391]LogModuleManager: Shutting down and abandoning module Kismet (139)
[2016.02.13-22.31.57:933][391]LogModuleManager: Shutting down and abandoning module GraphEditor (138)
[2016.02.13-22.31.57:933][391]LogModuleManager: Shutting down and abandoning module ClassViewer (137)
[2016.02.13-22.31.57:933][391]LogModuleManager: Shutting down and abandoning module Toolbox (136)
[2016.02.13-22.31.57:933][391]LogModuleManager: Shutting down and abandoning module ModuleUI (135)
[2016.02.13-22.31.57:933][391]LogModuleManager: Shutting down and abandoning module MovieSceneTools (134)
[2016.02.13-22.31.57:933][391]LogModuleManager: Shutting down and abandoning module OutputLog (133)
[2016.02.13-22.31.57:933][391]LogModuleManager: Shutting down and abandoning module GammaUI (132)
[2016.02.13-22.31.57:933][391]LogModuleManager: Shutting down and abandoning module Documentation (131)
[2016.02.13-22.31.57:933][391]LogModuleManager: Shutting down and abandoning module GameLiveStreaming (130)
[2016.02.13-22.31.57:933][391]LogModuleManager: Shutting down and abandoning module StreamingPauseRendering (129)
[2016.02.13-22.31.57:933][391]LogModuleManager: Shutting down and abandoning module AnalyticsET (128)
[2016.02.13-22.31.57:934][391]LogModuleManager: Shutting down and abandoning module Analytics (127)
[2016.02.13-22.31.57:934][391]LogModuleManager: Shutting down and abandoning module AITestSuite (126)
[2016.02.13-22.31.57:934][391]LogModuleManager: Shutting down and abandoning module GameplayDebugger (125)
[2016.02.13-22.31.57:934][391]LogModuleManager: Shutting down and abandoning module AIModule (124)
[2016.02.13-22.31.57:934][391]LogModuleManager: Shutting down and abandoning module ProfilerService (123)
[2016.02.13-22.31.58:174][391]LogModuleManager: Shutting down and abandoning module TaskGraph (122)
[2016.02.13-22.31.58:174][391]LogModuleManager: Shutting down and abandoning module SlateRemote (121)
[2016.02.13-22.31.58:174][391]LogModuleManager: Shutting down and abandoning module SteamVRController (120)
[2016.02.13-22.31.58:174][391]LogModuleManager: Shutting down and abandoning module SteamVR (119)
[2016.02.13-22.31.58:174][391]LogModuleManager: Shutting down and abandoning module ProceduralMeshComponent (118)
[2016.02.13-22.31.58:174][391]LogModuleManager: Shutting down and abandoning module OculusRift (117)
[2016.02.13-22.31.58:174][391]LogModuleManager: Shutting down and abandoning module OculusLibrary (116)
[2016.02.13-22.31.58:174][391]LogModuleManager: Shutting down and abandoning module LeapMotionController (115)
[2016.02.13-22.31.58:190][391]LogModuleManager: Shutting down and abandoning module CustomMeshComponent (114)
[2016.02.13-22.31.58:190][391]LogModuleManager: Shutting down and abandoning module CableComponent (113)
[2016.02.13-22.31.58:190][391]LogModuleManager: Shutting down and abandoning module ArchVisCharacter (112)
[2016.02.13-22.31.58:190][391]LogModuleManager: Shutting down and abandoning module MessagingDebugger (111)
[2016.02.13-22.31.58:190][391]LogModuleManager: Shutting down and abandoning module MediaPlayerEditor (110)
[2016.02.13-22.31.58:190][391]LogModuleManager: Shutting down and abandoning module HTML5Networking (109)
[2016.02.13-22.31.58:190][391]LogModuleManager: Shutting down and abandoning module SpeedTreeImporter (108)
[2016.02.13-22.31.58:190][391]LogModuleManager: Shutting down and abandoning module PluginBrowser (107)
[2016.02.13-22.31.58:190][391]LogModuleManager: Shutting down and abandoning module EpicSurvey (106)
[2016.02.13-22.31.58:190][391]LogModuleManager: Shutting down and abandoning module DesktopPlatform (105)
[2016.02.13-22.31.58:190][391]LogModuleManager: Shutting down and abandoning module VisualStudioSourceCodeAccess (104)
[2016.02.13-22.31.58:190][391]LogModuleManager: Shutting down and abandoning module UObjectPlugin (103)
[2016.02.13-22.31.58:190][391]LogModuleManager: Shutting down and abandoning module SubversionSourceControl (102)
[2016.02.13-22.31.58:190][391]LogModuleManager: Shutting down and abandoning module PerforceSourceControl (101)
[2016.02.13-22.31.58:190][391]LogModuleManager: Shutting down and abandoning module SourceControl (100)
[2016.02.13-22.31.58:190][391]LogModuleManager: Shutting down and abandoning module GitSourceControl (99)
[2016.02.13-22.31.58:190][391]LogModuleManager: Shutting down and abandoning module LightPropagationVolumeEditor (98)
[2016.02.13-22.31.58:190][391]LogModuleManager: Shutting down and abandoning module PaperTiledImporter (97)
[2016.02.13-22.31.58:190][391]LogModuleManager: Shutting down and abandoning module PaperSpriteSheetImporter (96)
[2016.02.13-22.31.58:190][391]LogModuleManager: Shutting down and abandoning module MeshPaint (95)
[2016.02.13-22.31.58:190][391]LogModuleManager: Shutting down and abandoning module SlateReflector (94)
[2016.02.13-22.31.58:190][391]LogModuleManager: Shutting down and abandoning module HotReload (93)
[2016.02.13-22.31.58:190][391]LogModuleManager: Shutting down and abandoning module MainFrame (92)
[2016.02.13-22.31.58:190][391]LogModuleManager: Shutting down and abandoning module LevelEditor (91)
[2016.02.13-22.31.58:191][391]LogModuleManager: Shutting down and abandoning module DirectoryWatcher (90)
[2016.02.13-22.31.58:191][391]LogModuleManager: Shutting down and abandoning module AssetRegistry (89)
[2016.02.13-22.31.58:304][391]LogModuleManager: Shutting down and abandoning module ContentBrowser (88)
[2016.02.13-22.31.58:304][391]LogModuleManager: Shutting down and abandoning module Paper2DEditor (87)
[2016.02.13-22.31.58:304][391]LogModuleManager: Shutting down and abandoning module AISafari (86)
[2016.02.13-22.31.58:304][391]LogModuleManager: Shutting down and abandoning module UdpMessaging (85)
[2016.02.13-22.31.58:404][391]LogModuleManager: Shutting down and abandoning module LightPropagationVolumeRuntime (84)
[2016.02.13-22.31.58:404][391]LogModuleManager: Shutting down and abandoning module Paper2D (83)
[2016.02.13-22.31.58:404][391]LogModuleManager: Shutting down and abandoning module WindowsMoviePlayer (82)
[2016.02.13-22.31.58:406][391]LogModuleManager: Shutting down and abandoning module Media (81)
[2016.02.13-22.31.58:406][391]LogModuleManager: Shutting down and abandoning module WmfMedia (80)
[2016.02.13-22.31.58:406][391]LogModuleManager: Shutting down and abandoning module OnlineBlueprintSupport (79)
[2016.02.13-22.31.58:406][391]LogModuleManager: Shutting down and abandoning module GameplayTasksEditor (78)
[2016.02.13-22.31.58:406][391]LogModuleManager: Shutting down and abandoning module PropertyEditor (77)
[2016.02.13-22.31.58:406][391]LogModuleManager: Shutting down and abandoning module BehaviorTreeEditor (76)
[2016.02.13-22.31.58:406][391]LogModuleManager: Shutting down and abandoning module FunctionalTesting (75)
[2016.02.13-22.31.58:406][391]LogModuleManager: Shutting down and abandoning module CollisionAnalyzer (74)
[2016.02.13-22.31.58:406][391]LogModuleManager: Shutting down and abandoning module WorkspaceMenuStructure (73)
[2016.02.13-22.31.58:406][391]LogModuleManager: Shutting down and abandoning module MessageLog (72)
[2016.02.13-22.31.58:406][391]LogModuleManager: Shutting down and abandoning module Sequencer (71)
[2016.02.13-22.31.58:406][391]LogModuleManager: Shutting down and abandoning module AssetTools (70)
[2016.02.13-22.31.58:406][391]LogModuleManager: Shutting down and abandoning module UMGEditor (69)
[2016.02.13-22.31.58:406][391]LogModuleManager: Shutting down and abandoning module UMG (68)
[2016.02.13-22.31.58:406][391]LogModuleManager: Shutting down and abandoning module Slate (67)
[2016.02.13-22.31.58:406][391]LogModuleManager: Shutting down and abandoning module EditorStyle (66)
[2016.02.13-22.31.58:408][391]LogModuleManager: Shutting down and abandoning module SessionServices (65)
[2016.02.13-22.31.58:408][391]LogModuleManager: Shutting down and abandoning module SourceCodeAccess (64)
[2016.02.13-22.31.58:408][391]LogModuleManager: Shutting down and abandoning module HeadMountedDisplay (63)
[2016.02.13-22.31.58:408][391]LogModuleManager: Shutting down and abandoning module XAudio2 (62)
[2016.02.13-22.31.58:408][391]LogModuleManager: Shutting down and abandoning module Networking (60)
[2016.02.13-22.31.58:408][391]LogModuleManager: Shutting down and abandoning module Core (59)
[2016.02.13-22.31.58:408][391]LogModuleManager: Shutting down and abandoning module KismetCompiler (58)
[2016.02.13-22.31.58:408][391]LogModuleManager: Shutting down and abandoning module PhysXFormats (57)
[2016.02.13-22.31.58:408][391]LogModuleManager: Shutting down and abandoning module MeshUtilities (56)
[2016.02.13-22.31.58:408][391]LogModuleManager: Shutting down and abandoning module CookingStats (55)
[2016.02.13-22.31.58:408][391]LogModuleManager: Shutting down and abandoning module DerivedDataCache (54)
[2016.02.13-22.31.58:434][391]LogDerivedDataCache: Shutdown
[2016.02.13-22.31.58:434][391]LogModuleManager: Shutting down and abandoning module ShaderFormatOpenGL (53)
[2016.02.13-22.31.58:434][391]LogModuleManager: Shutting down and abandoning module ShaderFormatD3D (52)
[2016.02.13-22.31.58:434][391]LogModuleManager: Shutting down and abandoning module MetalShaderFormat (51)
[2016.02.13-22.31.58:434][391]LogModuleManager: Shutting down and abandoning module TextureFormatUncompressed (50)
[2016.02.13-22.31.58:434][391]LogModuleManager: Shutting down and abandoning module TextureFormatPVR (49)
[2016.02.13-22.31.58:434][391]LogModuleManager: Shutting down and abandoning module TextureFormatIntelISPCTexComp (48)
[2016.02.13-22.31.58:434][391]LogModuleManager: Shutting down and abandoning module TextureFormatDXT (47)
[2016.02.13-22.31.58:434][391]LogModuleManager: Shutting down and abandoning module ImageWrapper (46)
[2016.02.13-22.31.58:434][391]LogModuleManager: Shutting down and abandoning module TextureFormatASTC (45)
[2016.02.13-22.31.58:434][391]LogModuleManager: Shutting down and abandoning module TextureFormatAndroid (44)
[2016.02.13-22.31.58:434][391]LogModuleManager: Shutting down and abandoning module AudioFormatOpus (43)
[2016.02.13-22.31.58:434][391]LogModuleManager: Shutting down and abandoning module AudioFormatOgg (42)
[2016.02.13-22.31.58:434][391]LogModuleManager: Shutting down and abandoning module AudioFormatADPCM (41)
[2016.02.13-22.31.58:434][391]LogModuleManager: Shutting down and abandoning module LinuxTargetPlatform (40)
[2016.02.13-22.31.58:434][391]LogModuleManager: Shutting down and abandoning module LinuxServerTargetPlatform (39)
[2016.02.13-22.31.58:434][391]LogModuleManager: Shutting down and abandoning module LinuxNoEditorTargetPlatform (38)
[2016.02.13-22.31.58:434][391]LogModuleManager: Shutting down and abandoning module Messaging (37)
[2016.02.13-22.31.58:434][391]LogModuleManager: Shutting down and abandoning module IOSTargetPlatform (36)
[2016.02.13-22.31.58:434][391]LogModuleManager: Shutting down and abandoning module HTML5TargetPlatform (35)
[2016.02.13-22.31.58:434][391]LogModuleManager: Shutting down and abandoning module Android_PVRTCTargetPlatform (34)
[2016.02.13-22.31.58:434][391]LogModuleManager: Shutting down and abandoning module Android_ETC2TargetPlatform (33)
[2016.02.13-22.31.58:434][391]LogModuleManager: Shutting down and abandoning module Android_ETC1TargetPlatform (32)
[2016.02.13-22.31.58:434][391]LogModuleManager: Shutting down and abandoning module Android_DXTTargetPlatform (31)
[2016.02.13-22.31.58:434][391]LogModuleManager: Shutting down and abandoning module Android_ATCTargetPlatform (30)
[2016.02.13-22.31.58:434][391]LogModuleManager: Shutting down and abandoning module Android_ASTCTargetPlatform (29)
[2016.02.13-22.31.58:434][391]LogModuleManager: Shutting down and abandoning module AndroidTargetPlatform (28)
[2016.02.13-22.31.58:434][391]LogModuleManager: Shutting down and abandoning module WindowsTargetPlatform (27)
[2016.02.13-22.31.58:434][391]LogModuleManager: Shutting down and abandoning module WindowsServerTargetPlatform (26)
[2016.02.13-22.31.58:434][391]LogModuleManager: Shutting down and abandoning module WindowsNoEditorTargetPlatform (25)
[2016.02.13-22.31.58:434][391]LogModuleManager: Shutting down and abandoning module WindowsClientTargetPlatform (24)
[2016.02.13-22.31.58:434][391]LogModuleManager: Shutting down and abandoning module AllDesktopTargetPlatform (23)
[2016.02.13-22.31.58:434][391]LogModuleManager: Shutting down and abandoning module TargetPlatform (22)
[2016.02.13-22.31.58:434][391]LogModuleManager: Shutting down and abandoning module InputCore (21)
[2016.02.13-22.31.58:434][391]LogModuleManager: Shutting down and abandoning module Settings (20)
[2016.02.13-22.31.58:434][391]LogModuleManager: Shutting down and abandoning module OnlineSubsystem (18)
[2016.02.13-22.31.58:434][391]LogModuleManager: Shutting down and abandoning module HTTP (17)
[2016.02.13-22.32.00:437][391]LogModuleManager: Shutting down and abandoning module XMPP (16)
[2016.02.13-22.32.00:437][391]LogModuleManager: Shutting down and abandoning module ExampleDeviceProfileSelector (15)
[2016.02.13-22.32.00:437][391]LogModuleManager: Shutting down and abandoning module TextureCompressor (14)
[2016.02.13-22.32.00:437][391]LogModuleManager: Shutting down and abandoning module ShaderCore (13)
[2016.02.13-22.32.00:437][391]LogModuleManager: Shutting down and abandoning module Landscape (12)
[2016.02.13-22.32.00:437][391]LogModuleManager: Shutting down and abandoning module SlateRHIRenderer (11)
[2016.02.13-22.32.00:437][391]LogModuleManager: Shutting down and abandoning module OpenGLDrv (10)
[2016.02.13-22.32.00:437][391]LogModuleManager: Shutting down and abandoning module D3D11RHI (9)
[2016.02.13-22.32.00:437][391]LogModuleManager: Shutting down and abandoning module AnimGraphRuntime (8)
[2016.02.13-22.32.00:437][391]LogModuleManager: Shutting down and abandoning module Renderer (7)
[2016.02.13-22.32.00:437][391]LogModuleManager: Shutting down and abandoning module Engine (6)
[2016.02.13-22.32.00:437][391]LogModuleManager: Shutting down and abandoning module CoreUObject (5)
[2016.02.13-22.32.00:437][391]LogModuleManager: Shutting down and abandoning module NetworkFile (4)
[2016.02.13-22.32.00:437][391]LogModuleManager: Shutting down and abandoning module StreamingFile (3)
[2016.02.13-22.32.00:437][391]LogModuleManager: Shutting down and abandoning module SandboxFile (2)
[2016.02.13-22.32.00:437][391]LogModuleManager: Shutting down and abandoning module PakFile (1)
[2016.02.13-22.32.00:438][391]LogExit: Exiting.
[2016.02.13-22.32.00:440][391]Log file closed, 02/13/16 17:32:00
