[2016.02.15-21.57.41:304][  0]Log file open, 02/15/16 16:57:41
[2016.02.15-21.57.41:304][  0]LogInit:Display: Running engine for game: AISafari
[2016.02.15-21.57.41:304][  0]LogInit:Display: RandInit(-1561083955) SRandInit(-1561083955).
[2016.02.15-21.57.41:304][  0]LogTaskGraph: Started task graph with 4 named threads and 7 total threads.
[2016.02.15-21.57.41:304][  0]LogStats: Stats thread started at 0.066191
[2016.02.15-21.57.41:304][  0]LogInit: Version: 4.9.2-2707645+++depot+UE4-Releases+4.9
[2016.02.15-21.57.41:304][  0]LogInit: API Version: 2672455
[2016.02.15-21.57.41:304][  0]LogInit: Compiled (64-bit): Sep 28 2015 10:25:44
[2016.02.15-21.57.41:304][  0]LogInit: Compiled with Visual C++: 18.00.21005.01
[2016.02.15-21.57.41:304][  0]LogInit: Build Configuration: Development
[2016.02.15-21.57.41:304][  0]LogInit: Branch Name: ++depot+UE4-Releases+4.9
[2016.02.15-21.57.41:304][  0]LogInit: Command line:  
[2016.02.15-21.57.41:304][  0]LogInit: Base directory: C:/Program Files (x86)/Epic Games/4.9/Engine/Binaries/Win64/
[2016.02.15-21.57.41:304][  0]LogInit: Rocket: 1
[2016.02.15-21.57.41:314][  0]LogInit: Using libcurl 7.41.0
[2016.02.15-21.57.41:314][  0]LogInit:  - built for x86_64-pc-win32
[2016.02.15-21.57.41:314][  0]LogInit:  - supports SSL with WinSSL
[2016.02.15-21.57.41:314][  0]LogInit:  - other features:
[2016.02.15-21.57.41:314][  0]LogInit:      CURL_VERSION_SSL
[2016.02.15-21.57.41:314][  0]LogInit:      CURL_VERSION_IPV6
[2016.02.15-21.57.41:314][  0]LogInit:      CURL_VERSION_ASYNCHDNS
[2016.02.15-21.57.41:314][  0]LogInit:      CURL_VERSION_LARGEFILE
[2016.02.15-21.57.41:314][  0]LogInit:      CURL_VERSION_IDN
[2016.02.15-21.57.41:314][  0]LogInit:  CurlRequestOptions (configurable via config and command line):
[2016.02.15-21.57.41:314][  0]LogInit:  - bVerifyPeer = true  - Libcurl will verify peer certificate
[2016.02.15-21.57.41:314][  0]LogInit:  - bUseHttpProxy = false  - Libcurl will NOT use HTTP proxy
[2016.02.15-21.57.41:314][  0]LogInit:  - bDontReuseConnections = false  - Libcurl will reuse connections
[2016.02.15-21.57.41:314][  0]LogInit:  - CertBundlePath = nullptr  - Libcurl will use whatever was configured at build time.
[2016.02.15-21.57.41:319][  0]LogInit: Presizing for 0 objects not considered by GC, pre-allocating 0 bytes.
[2016.02.15-21.57.41:324][  0]LogInit: Object subsystem initialized
[2016.02.15-21.57.41:325][  0]LogInit: Selected Device Profile: [Windows]
[2016.02.15-21.57.41:325][  0]LogInit: Applying CVar settings loaded from the selected device profile: [Windows]
[2016.02.15-21.57.41:330][  0]LogInit: Computer: ZEBRADESKTOP
[2016.02.15-21.57.41:330][  0]LogInit: User: Ryan
[2016.02.15-21.57.41:330][  0]LogInit: CPU Page size=4096, Cores=4
[2016.02.15-21.57.41:330][  0]LogInit: High frequency timer resolution =3.984648 MHz
[2016.02.15-21.57.41:331][  0]LogMemory: Memory total: Physical=15.9GB (16GB approx)
[2016.02.15-21.57.41:331][  0]LogMemory: Platform Memory Stats for Windows
[2016.02.15-21.57.41:331][  0]LogMemory: Process Physical Memory: 53.92 MB used, 53.92 MB peak
[2016.02.15-21.57.41:331][  0]LogMemory: Process Virtual Memory: 57.43 MB used, 57.43 MB peak
[2016.02.15-21.57.41:331][  0]LogMemory: Physical Memory: 6464.11 MB used, 16325.73 MB total
[2016.02.15-21.57.41:331][  0]LogMemory: Virtual Memory: 366.70 MB used, 134217728.00 MB total
[2016.02.15-21.57.41:356][  0]LogTextLocalizationManager: No specific translations for ('en-US') exist, so ('en') translations will be used.
[2016.02.15-21.57.41:887][  0]LogD3D11RHI: Found D3D11 adapter 0: NVIDIA GeForce GTX 780 (Feature Level 11_0)
[2016.02.15-21.57.41:887][  0]LogD3D11RHI: Adapter has 5971MB of dedicated video memory, 0MB of dedicated system memory, and 8162MB of shared system memory, 3 output[s]
[2016.02.15-21.57.41:888][  0]LogD3D11RHI: Found D3D11 adapter 1: Microsoft Basic Render Driver (Feature Level 11_0)
[2016.02.15-21.57.41:888][  0]LogD3D11RHI: Adapter has 0MB of dedicated video memory, 0MB of dedicated system memory, and 8162MB of shared system memory, 0 output[s]
[2016.02.15-21.57.41:888][  0]LogD3D11RHI: Chosen D3D11 Adapter Id = 0
[2016.02.15-21.57.41:893][  0]LogD3D11RHI: !Direct3DDevice
[2016.02.15-21.57.41:893][  0]LogRHI: Texture pool is 1361 MB (70% of 1945 MB)
[2016.02.15-21.57.41:905][  0]LogD3D11RHI: Async texture creation enabled
[2016.02.15-21.57.41:921][  0]LogShaderCompilers: Guid format shader working directory is 14 characters bigger than the processId version (Q:/Classes/3-2/AI/AISafari/Intermediate/Shaders/WorkingDirectory/28604/).
[2016.02.15-21.57.41:921][  0]LogShaderCompilers: Cleaned the shader compiler working directory 'Q:/Classes/3-2/AI/AISafari/Intermediate/Shaders/tmp/4B3C177D4922ED8676C03996FEC4B5EA/'.
[2016.02.15-21.57.41:921][  0]LogShaderCompilers:Display: Using Local Shader Compiler.
[2016.02.15-21.57.42:611][  0]LogTemp:Display: Loaded TP AllDesktopTargetPlatform
[2016.02.15-21.57.42:615][  0]LogTemp:Display: Loaded TP WindowsClientTargetPlatform
[2016.02.15-21.57.42:619][  0]LogTemp:Display: Loaded TP WindowsNoEditorTargetPlatform
[2016.02.15-21.57.42:623][  0]LogTemp:Display: Loaded TP WindowsServerTargetPlatform
[2016.02.15-21.57.42:626][  0]LogTemp:Display: Loaded TP WindowsTargetPlatform
[2016.02.15-21.57.42:628][  0]LogTemp:Display: Loaded TP AndroidTargetPlatform
[2016.02.15-21.57.42:631][  0]LogTemp:Display: Loaded TP Android_ASTCTargetPlatform
[2016.02.15-21.57.42:633][  0]LogTemp:Display: Loaded TP Android_ATCTargetPlatform
[2016.02.15-21.57.42:635][  0]LogTemp:Display: Loaded TP Android_DXTTargetPlatform
[2016.02.15-21.57.42:637][  0]LogTemp:Display: Loaded TP Android_ETC1TargetPlatform
[2016.02.15-21.57.42:639][  0]LogTemp:Display: Loaded TP Android_ETC2TargetPlatform
[2016.02.15-21.57.42:641][  0]LogTemp:Display: Loaded TP Android_PVRTCTargetPlatform
[2016.02.15-21.57.42:642][  0]LogTemp:Display: Loaded TP HTML5TargetPlatform
[2016.02.15-21.57.42:658][  0]LogTemp:Display: Loaded TP IOSTargetPlatform
[2016.02.15-21.57.42:660][  0]LogTemp:Display: Loaded TP LinuxNoEditorTargetPlatform
[2016.02.15-21.57.42:662][  0]LogTemp:Display: Loaded TP LinuxServerTargetPlatform
[2016.02.15-21.57.42:664][  0]LogTemp:Display: Loaded TP LinuxTargetPlatform
[2016.02.15-21.57.42:664][  0]LogTargetPlatformManager:Display: Building Assets For Windows
[2016.02.15-21.57.42:721][  0]LogDerivedDataCache:Display: Max Cache Size: 512 MB
[2016.02.15-21.57.42:752][  0]LogDerivedDataCache: Loaded boot cache 0.03s 41MB C:/Users/Ryan/AppData/Local/UnrealEngine/4.9/DerivedDataCache/Boot.ddc.
[2016.02.15-21.57.42:752][  0]LogDerivedDataCache:Display: Loaded Boot cache: C:/Users/Ryan/AppData/Local/UnrealEngine/4.9/DerivedDataCache/Boot.ddc
[2016.02.15-21.57.42:752][  0]LogDerivedDataCache: FDerivedDataBackendGraph:  Pak pak cache file Q:/Classes/3-2/AI/AISafari/DerivedDataCache/DDC.ddp not found, will not use a pak cache.
[2016.02.15-21.57.42:752][  0]LogDerivedDataCache: Unable to find inner node Pak for hierarchical cache Hierarchy.
[2016.02.15-21.57.42:752][  0]LogDerivedDataCache: FDerivedDataBackendGraph:  CompressedPak pak cache file Q:/Classes/3-2/AI/AISafari/DerivedDataCache/Compressed.ddp not found, will not use a pak cache.
[2016.02.15-21.57.42:752][  0]LogDerivedDataCache: Unable to find inner node CompressedPak for hierarchical cache Hierarchy.
[2016.02.15-21.57.42:847][  0]LogDerivedDataCache:Display: Pak cache opened for reading ../../../Engine/DerivedDataCache/Compressed.ddp.
[2016.02.15-21.57.42:859][  0]LogDerivedDataCache: Using Local data cache path C:/Users/Ryan/AppData/Local/UnrealEngine/Common/DerivedDataCache: Writable
[2016.02.15-21.57.42:973][  0]LogInit: Selected Device Profile: [Windows]
[2016.02.15-21.57.42:975][  0]LogContentStreaming: Texture pool size is 0.000000MB
[2016.02.15-21.57.43:053][  0]LogMeshUtilities: No automatic mesh reduction module available
[2016.02.15-21.57.43:053][  0]LogMeshUtilities: No automatic mesh merging module available
[2016.02.15-21.57.43:216][  0]LogInit: WinSock: version 1.1 (2.2), MaxSocks=32767, MaxUdp=65467
[2016.02.15-21.57.43:688][  0]UdpMessaging: Initializing bridge on interface 0.0.0.0:0 to multicast group 230.0.0.1:6666.
[2016.02.15-21.57.43:783][  0]LogAssetRegistry: FAssetRegistry took 0.0110 seconds to start up
[2016.02.15-21.57.43:887][  0]SourceControl: Info Source control is disabled
[2016.02.15-21.57.43:893][  0]SourceControl: Info Source control is disabled
[2016.02.15-21.57.43:900][  0]SourceControl: Info Source control is disabled
[2016.02.15-21.57.43:908][  0]SourceControl: Info Source control is disabled
[2016.02.15-21.57.43:997][  0]LogLinker:Warning: Asset '../../../Engine/Plugins/Runtime/LeapMotionController/Content/LM_PassthroughMaterial.uasset' has been saved with empty engine version. The asset will be loaded but may be incompatible.
[2016.02.15-21.57.44:052][  0]LogObj: 28380 objects as part of root set at end of initial load.
[2016.02.15-21.57.44:052][  0]LogUObjectAllocator: 6046584 out of 0 bytes used by permanent object pool.
[2016.02.15-21.57.44:092][  0]LogEngine: Initializing Engine...
[2016.02.15-21.57.44:094][  0]LogHMD: Can't find Oculus library dev build: is proper Runtime installed? Version: 0.7.0.0
[2016.02.15-21.57.44:094][  0]LogHMD: SteamVR failed to initialize.  Err: 110
[2016.02.15-21.57.44:175][  0]LogAIModule: Creating AISystem for world NewWorld
[2016.02.15-21.57.44:181][  0]LogInit: XAudio2 using 'Speakers (ASUS Xonar DGX Audio Device)' : 2 channels at 44.1 kHz using 16 bits per sample (channel mask 0x3)
[2016.02.15-21.57.44:184][  0]LogInit: FAudioDevice initialized.
[2016.02.15-21.57.44:202][  0]LogDerivedDataCache: Saved boot cache 0.02s 41MB C:/Users/Ryan/AppData/Local/UnrealEngine/4.9/DerivedDataCache/Boot.ddc.
[2016.02.15-21.57.44:205][  0]LogInit: Texture streaming: Enabled
[2016.02.15-21.57.44:209][  0]LogAnalytics: Creating configured Analytics provider AnalyticsET
[2016.02.15-21.57.44:209][  0]LogAnalytics: [UEEditor.Rocket.Release] APIServer = http://et2.epicgames.com/ET2/. AppVersion = 4.9.2-2707645+++depot+UE4-Releases+4.9
[2016.02.15-21.57.44:209][  0]LogAnalytics: [UEEditor.Rocket.Release] SetUserId d1f9beca401d8fe412e57fa88e66abb9|85745c8591404a23957796735eaccf05|defee072-9da8-4f68-a06a-f65b3a6c30bf
[2016.02.15-21.57.44:210][  0]LogAnalytics: [UEEditor.Rocket.Release] AnalyticsET::StartSession
[2016.02.15-21.57.44:234][  0]LogInit: Transaction tracking system initialized
[2016.02.15-21.57.44:254][  0]BlueprintLog: New page: Editor Load
[2016.02.15-21.57.44:308][  0]LocalizationService: Info Localization service is disabled
[2016.02.15-21.57.44:366][  0]LogConsoleResponse:Display: 
[2016.02.15-21.57.44:447][  0]LogCook:Display: Done creating registry. It took  0.00s.
[2016.02.15-21.57.44:491][  0]LogFileCache: Scanning file cache for directory 'Q:/Classes/3-2/AI/AISafari/Content/' took 0.01s
[2016.02.15-21.57.44:491][  0]SourceControl: Info Source control is disabled
[2016.02.15-21.57.44:491][  0]Cmd: MAP LOAD FILE="Q:/Classes/3-2/AI/AISafari/Content/StarterContent/Maps/Minimal_Default.umap" TEMPLATE=0 SHOWPROGRESS=1 FEATURELEVEL=3
[2016.02.15-21.57.44:491][  0]LightingResults: New page: Lighting Build
[2016.02.15-21.57.44:493][  0]MapCheck: New page: Map Check
[2016.02.15-21.57.44:493][  0]LightingResults: New page: Lighting Build
[2016.02.15-21.57.44:503][  0]LogParticles: Destroying 0 GPU particle simulations for FXSystem 0x000000CD13C3FCE0
[2016.02.15-21.57.44:689][  0]LogAIModule: Creating AISystem for world Minimal_Default
[2016.02.15-21.57.44:694][  0]LogEditorServer: Finished looking for orphan Actors (0.000 secs)
[2016.02.15-21.57.44:695][  0]Cmd: MAP CHECKDEP NOCLEARLOG
[2016.02.15-21.57.44:730][  0]MapCheck: Info Map check complete: 0 Error(s), 0 Warning(s), took 35.034ms to complete.
[2016.02.15-21.57.44:730][  0]LogFileHelpers: Loading map 'Minimal_Default' took 0.239
[2016.02.15-21.57.44:850][  0]LogCollectionManager: Loaded 0 collections in 0.001694 seconds
[2016.02.15-21.57.44:889][  0]LogFileCache: Scanning file cache for directory 'Q:/Classes/3-2/AI/AISafari/Saved/Collections/' took 0.01s
[2016.02.15-21.57.44:889][  0]LogFileCache: Scanning file cache for directory 'Q:/Classes/3-2/AI/AISafari/Content/Developers/Ryan/Collections/' took 0.01s
[2016.02.15-21.57.44:889][  0]LogFileCache: Scanning file cache for directory 'Q:/Classes/3-2/AI/AISafari/Content/Collections/' took 0.01s
[2016.02.15-21.57.44:889][  0]LogContentBrowser: Native class hierarchy populated in 0.0058 seconds. Added 1871 classes and 336 folders.
[2016.02.15-21.57.44:904][  0]LogCollectionManager: Rebuilt the GUID cache for 0 collections in 0.000004 seconds
[2016.02.15-21.57.44:910][  0]LogContentBrowser: Native class hierarchy updated for 'WidgetCarousel' in 0.0008 seconds. Added 0 classes and 0 folders.
[2016.02.15-21.57.44:942][  0]LogContentBrowser: Native class hierarchy updated for 'AddContentDialog' in 0.0008 seconds. Added 0 classes and 0 folders.
[2016.02.15-21.57.44:946][  0]LogContentBrowser: Native class hierarchy updated for 'SceneOutliner' in 0.0008 seconds. Added 1 classes and 2 folders.
[2016.02.15-21.57.44:960][  0]LogCrashTracker: Crashtracker disabled due to settings.
[2016.02.15-21.57.44:964][  0]LogUObjectGlobals:Warning: Failed to find object 'Class None.'
[2016.02.15-21.57.44:986][  0]LogLoad: Full Startup: 4.28 seconds (BP compile: 0.03 seconds)
[2016.02.15-21.57.45:368][  0]LogContentStreaming: Texture pool size now 1000 MB
[2016.02.15-21.57.45:467][  0]LogRenderer: Reallocating scene render targets to support 1208x600 (Frame:2).
[2016.02.15-21.57.46:002][  2]LogAssetRegistry: Asset discovery search completed in 2.2298 seconds
[2016.02.15-21.57.46:002][  2]LogCollectionManager: Rebuilt the object cache for 0 collections in 0.000001 seconds (found 0 objects)
[2016.02.15-21.57.46:002][  2]LogCollectionManager: Fixed up redirectors for 0 collections in 0.000018 seconds (updated 0 objects)
[2016.02.15-21.57.49:930][ 82]LogEditorViewport: Clicking on Actor (LMB): BP_FlockerManagerBase_C (BP_FlockerManagerBase)
[2016.02.15-21.57.54:994][683]LogBlueprintUserMessages: Early PlayInEditor Detection: Level '/Game/StarterContent/Maps/Minimal_Default.Minimal_Default:PersistentLevel' has LevelScriptBlueprint '/Game/StarterContent/Maps/Minimal_Default.Minimal_Default:PersistentLevel.Minimal_Default' with GeneratedClass '/Game/StarterContent/Maps/Minimal_Default.Minimal_Default_C' with ClassGeneratedBy '/Game/StarterContent/Maps/Minimal_Default.Minimal_Default:PersistentLevel.Minimal_Default'
[2016.02.15-21.57.54:994][683]LogPlayLevel: PlayLevel: No blueprints needed recompiling
[2016.02.15-21.57.54:994][683]PIE: New page: PIE session: Minimal_Default (Feb 15, 2016, 11:57:54 AM)
[2016.02.15-21.57.54:994][683]LogPlayLevel: Creating play world package: /Game/StarterContent/Maps/UEDPIE_0_Minimal_Default
[2016.02.15-21.57.55:000][683]LogPlayLevel: PIE: StaticDuplicateObject took: (0.005228s)
[2016.02.15-21.57.55:000][683]LogAIModule: Creating AISystem for world Minimal_Default
[2016.02.15-21.57.55:000][683]LogPlayLevel: PIE: World Init took: (0.000571s)
[2016.02.15-21.57.55:000][683]LogPlayLevel: PIE: Created PIE world by copying editor world from /Game/StarterContent/Maps/Minimal_Default.Minimal_Default to /Game/StarterContent/Maps/UEDPIE_0_Minimal_Default.Minimal_Default (0.005955s)
[2016.02.15-21.57.55:017][683]LogInit: XAudio2 using 'Speakers (ASUS Xonar DGX Audio Device)' : 2 channels at 44.1 kHz using 16 bits per sample (channel mask 0x3)
[2016.02.15-21.57.55:019][683]LogInit: FAudioDevice initialized.
[2016.02.15-21.57.55:066][683]LogWorld: Game class is 'AISafariGameMode'
[2016.02.15-21.57.55:068][683]LogWorld: Bringing World /Game/StarterContent/Maps/UEDPIE_0_Minimal_Default.Minimal_Default up for play (max tick rate 0) at 2016.02.15-16.57.55
[2016.02.15-21.57.55:068][683]LogActor:Warning: GameSession /Game/StarterContent/Maps/UEDPIE_0_Minimal_Default.Minimal_Default:PersistentLevel.GameSession_0 has natively added scene component(s), but none of them were set as the actor's RootComponent - picking one arbitrarily
[2016.02.15-21.57.55:068][683]LogActor:Warning: GameNetworkManager /Game/StarterContent/Maps/UEDPIE_0_Minimal_Default.Minimal_Default:PersistentLevel.GameNetworkManager_0 has natively added scene component(s), but none of them were set as the actor's RootComponent - picking one arbitrarily
[2016.02.15-21.57.55:068][683]LogWorld: Bringing up level for play took: 0.001702
[2016.02.15-21.57.55:072][683]PIE: Info Play in editor start time for /Game/StarterContent/Maps/UEDPIE_0_Minimal_Default -0.101
[2016.02.15-21.57.55:072][683]LogBlueprintUserMessages: Late PlayInEditor Detection: Level '/Game/StarterContent/Maps/Minimal_Default.Minimal_Default:PersistentLevel' has LevelScriptBlueprint '/Game/StarterContent/Maps/Minimal_Default.Minimal_Default:PersistentLevel.Minimal_Default' with GeneratedClass '/Game/StarterContent/Maps/Minimal_Default.Minimal_Default_C' with ClassGeneratedBy '/Game/StarterContent/Maps/Minimal_Default.Minimal_Default:PersistentLevel.Minimal_Default'
[2016.02.15-21.57.55:202][683]LogCrashTracker: 


[2016.02.15-21.57.55:202][683]LogCrashTracker: 


[2016.02.15-21.57.55:202][683]LogWindows: === Critical error: ===
Fatal error!



[2016.02.15-21.57.55:284][683]LogExit: Executing StaticShutdownAfterError
[2016.02.15-21.57.55:287][683]LogPhysics:Warning: PHYSX: ..\..\PhysX\src\NpScene.cpp (2946) 8 : PxScene::unlockWrite() called without matching call to PxScene::lockWrite(), behaviour will be undefined.
[2016.02.15-21.57.55:287][683]LogPhysics:Warning: PHYSX: ..\..\PhysX\src\NpScene.cpp (2946) 8 : PxScene::unlockWrite() called without matching call to PxScene::lockWrite(), behaviour will be undefined.
[2016.02.15-21.57.55:287][683]LogPhysics:Warning: PHYSX: ..\..\PhysX\src\NpScene.cpp (2946) 8 : PxScene::unlockWrite() called without matching call to PxScene::lockWrite(), behaviour will be undefined.
[2016.02.15-21.57.55:287][683]LogPhysics:Warning: PHYSX: ..\..\PhysX\src\NpScene.cpp (2946) 8 : PxScene::unlockWrite() called without matching call to PxScene::lockWrite(), behaviour will be undefined.
[2016.02.15-21.57.55:287][683]LogWindows: FPlatformMisc::RequestExit(1)
[2016.02.15-21.57.55:287][683]Log file closed, 02/15/16 16:57:55
