[2016.02.17-01.52.45:171][  0]Log file open, 02/16/16 20:52:45
[2016.02.17-01.52.45:171][  0]LogInit:Display: Running engine for game: AISafari
[2016.02.17-01.52.45:171][  0]LogPlatformFile: Not using cached read wrapper
[2016.02.17-01.52.45:171][  0]LogInit:Display: RandInit(-1826458524) SRandInit(-1826458523).
[2016.02.17-01.52.45:171][  0]LogTaskGraph: Started task graph with 4 named threads and 7 total threads.
[2016.02.17-01.52.45:171][  0]LogStats: Stats thread started at 0.069013
[2016.02.17-01.52.45:171][  0]LogInit: Version: 4.10.2-2818068+++depot+UE4-Releases+4.10
[2016.02.17-01.52.45:171][  0]LogInit: API Version: 2758231
[2016.02.17-01.52.45:171][  0]LogInit: Compiled (64-bit): Jan  6 2016 17:36:42
[2016.02.17-01.52.45:171][  0]LogInit: Compiled with Visual C++: 19.00.23026.00
[2016.02.17-01.52.45:171][  0]LogInit: Build Configuration: Development
[2016.02.17-01.52.45:171][  0]LogInit: Branch Name: ++depot+UE4-Releases+4.10
[2016.02.17-01.52.45:171][  0]LogInit: Command line: 
[2016.02.17-01.52.45:171][  0]LogInit: Base directory: C:/Program Files (x86)/Epic Games/4.10/Engine/Binaries/Win64/
[2016.02.17-01.52.45:171][  0]LogInit: Rocket: 1
[2016.02.17-01.52.45:176][  0]LogInit: Using libcurl 7.41.0
[2016.02.17-01.52.45:176][  0]LogInit:  - built for x86_64-pc-win32
[2016.02.17-01.52.45:176][  0]LogInit:  - supports SSL with WinSSL
[2016.02.17-01.52.45:176][  0]LogInit:  - other features:
[2016.02.17-01.52.45:176][  0]LogInit:      CURL_VERSION_SSL
[2016.02.17-01.52.45:176][  0]LogInit:      CURL_VERSION_IPV6
[2016.02.17-01.52.45:176][  0]LogInit:      CURL_VERSION_ASYNCHDNS
[2016.02.17-01.52.45:176][  0]LogInit:      CURL_VERSION_LARGEFILE
[2016.02.17-01.52.45:176][  0]LogInit:      CURL_VERSION_IDN
[2016.02.17-01.52.45:176][  0]LogInit:  CurlRequestOptions (configurable via config and command line):
[2016.02.17-01.52.45:176][  0]LogInit:  - bVerifyPeer = true  - Libcurl will verify peer certificate
[2016.02.17-01.52.45:176][  0]LogInit:  - bUseHttpProxy = false  - Libcurl will NOT use HTTP proxy
[2016.02.17-01.52.45:176][  0]LogInit:  - bDontReuseConnections = false  - Libcurl will reuse connections
[2016.02.17-01.52.45:176][  0]LogInit:  - CertBundlePath = nullptr  - Libcurl will use whatever was configured at build time.
[2016.02.17-01.52.45:180][  0]LogInit: Presizing for 0 objects not considered by GC, pre-allocating 0 bytes.
[2016.02.17-01.52.45:184][  0]LogInit: Object subsystem initialized
[2016.02.17-01.52.45:184][  0]LogInit: Selected Device Profile: [Windows]
[2016.02.17-01.52.45:184][  0]LogInit: Applying CVar settings loaded from the selected device profile: [Windows]
[2016.02.17-01.52.45:189][  0]LogInit: Computer: ZEBRADESKTOP
[2016.02.17-01.52.45:189][  0]LogInit: User: Ryan
[2016.02.17-01.52.45:189][  0]LogInit: CPU Page size=4096, Cores=4
[2016.02.17-01.52.45:189][  0]LogInit: High frequency timer resolution =3.984658 MHz
[2016.02.17-01.52.45:190][  0]LogMemory: Memory total: Physical=15.9GB (16GB approx)
[2016.02.17-01.52.45:190][  0]LogMemory: Platform Memory Stats for Windows
[2016.02.17-01.52.45:190][  0]LogMemory: Process Physical Memory: 58.02 MB used, 58.02 MB peak
[2016.02.17-01.52.45:190][  0]LogMemory: Process Virtual Memory: 58.86 MB used, 58.86 MB peak
[2016.02.17-01.52.45:190][  0]LogMemory: Physical Memory: 6422.57 MB used, 16325.73 MB total
[2016.02.17-01.52.45:190][  0]LogMemory: Virtual Memory: 382.37 MB used, 134217728.00 MB total
[2016.02.17-01.52.45:218][  0]LogTextLocalizationManager: No specific translations for ('en-US') exist, so ('en') translations will be used.
[2016.02.17-01.52.45:608][  0]LogD3D11RHI: Found D3D11 adapter 0: NVIDIA GeForce GTX 780 (Feature Level 11_0)
[2016.02.17-01.52.45:608][  0]LogD3D11RHI: Adapter has 5971MB of dedicated video memory, 0MB of dedicated system memory, and 8162MB of shared system memory, 3 output[s]
[2016.02.17-01.52.45:609][  0]LogD3D11RHI: Found D3D11 adapter 1: Microsoft Basic Render Driver (Feature Level 11_0)
[2016.02.17-01.52.45:609][  0]LogD3D11RHI: Adapter has 0MB of dedicated video memory, 0MB of dedicated system memory, and 8162MB of shared system memory, 0 output[s]
[2016.02.17-01.52.45:610][  0]LogD3D11RHI: Chosen D3D11 Adapter Id = 0
[2016.02.17-01.52.45:614][  0]LogD3D11RHI: !Direct3DDevice
[2016.02.17-01.52.45:614][  0]LogRHI: Texture pool is 1361 MB (70% of 1945 MB)
[2016.02.17-01.52.45:628][  0]LogD3D11RHI: Async texture creation enabled
[2016.02.17-01.52.45:647][  0]LogShaderCompilers: Guid format shader working directory is 13 characters bigger than the processId version (Q:/Classes/3-2/AI/AISafari 4.10/Intermediate/Shaders/WorkingDirectory/12324/).
[2016.02.17-01.52.45:647][  0]LogShaderCompilers: Cleaned the shader compiler working directory 'C:/Users/Ryan/AppData/Local/Temp/UnrealShaderWorkingDir/85D5E3C842CB2EB2C10D7C97DD0C55EA/'.
[2016.02.17-01.52.45:647][  0]LogShaderCompilers:Display: Using Local Shader Compiler.
[2016.02.17-01.52.46:197][  0]LogTemp:Display: Loaded TP AllDesktopTargetPlatform
[2016.02.17-01.52.46:200][  0]LogTemp:Display: Loaded TP WindowsClientTargetPlatform
[2016.02.17-01.52.46:202][  0]LogTemp:Display: Loaded TP WindowsNoEditorTargetPlatform
[2016.02.17-01.52.46:205][  0]LogTemp:Display: Loaded TP WindowsServerTargetPlatform
[2016.02.17-01.52.46:208][  0]LogTemp:Display: Loaded TP WindowsTargetPlatform
[2016.02.17-01.52.46:211][  0]LogTemp:Display: Loaded TP AndroidTargetPlatform
[2016.02.17-01.52.46:212][  0]LogTemp:Display: Loaded TP Android_ASTCTargetPlatform
[2016.02.17-01.52.46:214][  0]LogTemp:Display: Loaded TP Android_ATCTargetPlatform
[2016.02.17-01.52.46:216][  0]LogTemp:Display: Loaded TP Android_DXTTargetPlatform
[2016.02.17-01.52.46:218][  0]LogTemp:Display: Loaded TP Android_ETC1TargetPlatform
[2016.02.17-01.52.46:220][  0]LogTemp:Display: Loaded TP Android_ETC2TargetPlatform
[2016.02.17-01.52.46:223][  0]LogTemp:Display: Loaded TP Android_MultiTargetPlatform
[2016.02.17-01.52.46:223][  0]LogTemp:Display: Loaded TP Android_PVRTCTargetPlatform
[2016.02.17-01.52.46:224][  0]LogTemp:Display: Loaded TP HTML5TargetPlatform
[2016.02.17-01.52.46:240][  0]LogTemp:Display: Loaded TP IOSTargetPlatform
[2016.02.17-01.52.46:243][  0]LogTemp:Display: Loaded TP LinuxNoEditorTargetPlatform
[2016.02.17-01.52.46:245][  0]LogTemp:Display: Loaded TP LinuxServerTargetPlatform
[2016.02.17-01.52.46:248][  0]LogTemp:Display: Loaded TP LinuxTargetPlatform
[2016.02.17-01.52.46:248][  0]LogTargetPlatformManager:Display: Building Assets For Windows
[2016.02.17-01.52.46:291][  0]LogDerivedDataCache:Display: Max Cache Size: 512 MB
[2016.02.17-01.52.46:330][  0]LogDerivedDataCache: Loaded boot cache 0.04s 41MB C:/Users/Ryan/AppData/Local/UnrealEngine/4.10/DerivedDataCache/Boot.ddc.
[2016.02.17-01.52.46:330][  0]LogDerivedDataCache:Display: Loaded Boot cache: C:/Users/Ryan/AppData/Local/UnrealEngine/4.10/DerivedDataCache/Boot.ddc
[2016.02.17-01.52.46:330][  0]LogDerivedDataCache: FDerivedDataBackendGraph:  Pak pak cache file Q:/Classes/3-2/AI/AISafari 4.10/DerivedDataCache/DDC.ddp not found, will not use a pak cache.
[2016.02.17-01.52.46:330][  0]LogDerivedDataCache: Unable to find inner node Pak for hierarchical cache Hierarchy.
[2016.02.17-01.52.46:330][  0]LogDerivedDataCache: FDerivedDataBackendGraph:  CompressedPak pak cache file Q:/Classes/3-2/AI/AISafari 4.10/DerivedDataCache/Compressed.ddp not found, will not use a pak cache.
[2016.02.17-01.52.46:330][  0]LogDerivedDataCache: Unable to find inner node CompressedPak for hierarchical cache Hierarchy.
[2016.02.17-01.52.46:369][  0]LogDerivedDataCache:Display: Pak cache opened for reading ../../../Engine/DerivedDataCache/Compressed.ddp.
[2016.02.17-01.52.46:380][  0]LogDerivedDataCache: Using Local data cache path C:/Users/Ryan/AppData/Local/UnrealEngine/Common/DerivedDataCache: Writable
[2016.02.17-01.52.46:503][  0]LogInit: Selected Device Profile: [Windows]
[2016.02.17-01.52.46:504][  0]LogContentStreaming: Texture pool size is 0.000000MB
[2016.02.17-01.52.46:578][  0]LogMeshUtilities: No automatic mesh reduction module available
[2016.02.17-01.52.46:578][  0]LogMeshUtilities: No automatic mesh merging module available
[2016.02.17-01.52.46:740][  0]LogInit: WinSock: version 1.1 (2.2), MaxSocks=32767, MaxUdp=65467
[2016.02.17-01.52.47:228][  0]UdpMessaging: Initializing bridge on interface 0.0.0.0:0 to multicast group 230.0.0.1:6666.
[2016.02.17-01.52.47:323][  0]LogAssetRegistry: FAssetRegistry took 0.0112 seconds to start up
[2016.02.17-01.52.47:425][  0]SourceControl: Info Source control is disabled
[2016.02.17-01.52.47:434][  0]SourceControl: Info Source control is disabled
[2016.02.17-01.52.47:443][  0]SourceControl: Info Source control is disabled
[2016.02.17-01.52.47:449][  0]SourceControl: Info Source control is disabled
[2016.02.17-01.52.47:592][  0]LogObj: 28652 objects as part of root set at end of initial load.
[2016.02.17-01.52.47:592][  0]LogUObjectAllocator: 6107528 out of 0 bytes used by permanent object pool.
[2016.02.17-01.52.47:635][  0]LogEngine: Initializing Engine...
[2016.02.17-01.52.47:637][  0]LogHMD: Can't find Oculus library dev build: is proper Runtime installed? Version: 0.8.0.0
[2016.02.17-01.52.47:637][  0]LogHMD: SteamVR failed to initialize.  Err: 110
[2016.02.17-01.52.47:721][  0]LogAIModule: Creating AISystem for world NewWorld
[2016.02.17-01.52.47:728][  0]LogInit: XAudio2 using 'Speakers (ASUS Xonar DGX Audio Device)' : 2 channels at 44.1 kHz using 16 bits per sample (channel mask 0x3)
[2016.02.17-01.52.47:732][  0]LogInit: FAudioDevice initialized.
[2016.02.17-01.52.47:752][  0]LogDerivedDataCache: Saved boot cache 0.02s 41MB C:/Users/Ryan/AppData/Local/UnrealEngine/4.10/DerivedDataCache/Boot.ddc.
[2016.02.17-01.52.47:755][  0]LogInit: Texture streaming: Enabled
[2016.02.17-01.52.47:760][  0]LogAnalytics: Creating configured Analytics provider AnalyticsET
[2016.02.17-01.52.47:760][  0]LogAnalytics: [UEEditor.Rocket.Release] APIServer = http://et2.epicgames.com/ET2/. AppVersion = 4.10.2-2818068+++depot+UE4-Releases+4.10
[2016.02.17-01.52.47:760][  0]LogAnalytics: [UEEditor.Rocket.Release] SetUserId d1f9beca401d8fe412e57fa88e66abb9|85745c8591404a23957796735eaccf05|defee072-9da8-4f68-a06a-f65b3a6c30bf
[2016.02.17-01.52.47:760][  0]LogAnalytics: [UEEditor.Rocket.Release] AnalyticsET::StartSession
[2016.02.17-01.52.47:768][  0]LogInit: Transaction tracking system initialized
[2016.02.17-01.52.47:781][  0]BlueprintLog: New page: Editor Load
[2016.02.17-01.52.47:820][  0]LocalizationService: Info Localization service is disabled
[2016.02.17-01.52.47:870][  0]LogConsoleResponse:Display: 
[2016.02.17-01.52.47:948][  0]LogCook:Display: Done creating registry. It took  0.00s.
[2016.02.17-01.52.47:978][  0]LogFileCache: Scanning file cache for directory 'Q:/Classes/3-2/AI/AISafari 4.10/Content/' took 0.01s
[2016.02.17-01.52.47:978][  0]SourceControl: Info Source control is disabled
[2016.02.17-01.52.47:978][  0]Cmd: MAP LOAD FILE="Q:/Classes/3-2/AI/AISafari 4.10/Content/StarterContent/Maps/Minimal_Default.umap" TEMPLATE=0 SHOWPROGRESS=1 FEATURELEVEL=3
[2016.02.17-01.52.47:978][  0]LightingResults: New page: Lighting Build
[2016.02.17-01.52.47:980][  0]MapCheck: New page: Map Check
[2016.02.17-01.52.47:980][  0]LightingResults: New page: Lighting Build
[2016.02.17-01.52.47:987][  0]LogParticles: Destroying 0 GPU particle simulations for FXSystem 0x000000E56FD49620
[2016.02.17-01.52.48:150][  0]LogAIModule: Creating AISystem for world Minimal_Default
[2016.02.17-01.52.48:155][  0]LogEditorServer: Finished looking for orphan Actors (0.000 secs)
[2016.02.17-01.52.48:155][  0]Cmd: MAP CHECKDEP NOCLEARLOG
[2016.02.17-01.52.48:186][  0]MapCheck:Warning: Warning AudioComponent0 AudioComponent /Game/StarterContent/Maps/Minimal_Default.Minimal_Default:PersistentLevel.Starter_Background_Cue_2.AudioComponent0 : Externally referenced 
[2016.02.17-01.52.48:186][  0]MapCheck: Info Map check complete: 0 Error(s), 1 Warning(s), took 31.296ms to complete.
[2016.02.17-01.52.48:223][  0]LogFileHelpers: Loading map 'Minimal_Default' took 0.245
[2016.02.17-01.52.48:351][  0]LogCollectionManager: Loaded 0 collections in 0.000766 seconds
[2016.02.17-01.52.48:399][  0]LogFileCache: Scanning file cache for directory 'Q:/Classes/3-2/AI/AISafari 4.10/Saved/Collections/' took 0.01s
[2016.02.17-01.52.48:399][  0]LogFileCache: Scanning file cache for directory 'Q:/Classes/3-2/AI/AISafari 4.10/Content/Developers/Ryan/Collections/' took 0.01s
[2016.02.17-01.52.48:399][  0]LogFileCache: Scanning file cache for directory 'Q:/Classes/3-2/AI/AISafari 4.10/Content/Collections/' took 0.01s
[2016.02.17-01.52.48:399][  0]LogCollectionManager: Rebuilt the GUID cache for 0 collections in 0.000001 seconds
[2016.02.17-01.52.48:404][  0]LogContentBrowser: Native class hierarchy populated in 0.0056 seconds. Added 1897 classes and 341 folders.
[2016.02.17-01.52.48:411][  0]LogContentBrowser: Native class hierarchy updated for 'WidgetCarousel' in 0.0009 seconds. Added 0 classes and 0 folders.
[2016.02.17-01.52.48:546][  0]LogContentBrowser: Native class hierarchy updated for 'AddContentDialog' in 0.0008 seconds. Added 0 classes and 0 folders.
[2016.02.17-01.52.48:549][  0]LogContentBrowser: Native class hierarchy updated for 'SceneOutliner' in 0.0008 seconds. Added 1 classes and 2 folders.
[2016.02.17-01.52.48:562][  0]LogCrashTracker: Crashtracker disabled due to settings.
[2016.02.17-01.52.48:567][  0]LogUObjectGlobals:Warning: Failed to find object 'Class None.'
[2016.02.17-01.52.48:590][  0]LogLoad: Full Startup: 3.95 seconds (BP compile: 0.03 seconds)
[2016.02.17-01.52.48:600][  0]LogOcInput: Can't find Oculus library dev build: is proper Runtime installed? Version: 0.8.0.0
[2016.02.17-01.52.48:672][  0]LogContentStreaming: Texture pool size now 1000 MB
[2016.02.17-01.52.48:774][  0]LogRenderer: Reallocating scene render targets to support 1208x600 (Frame:2).
[2016.02.17-01.52.49:028][  3]LogAssetRegistry: Asset discovery search completed in 1.7161 seconds
[2016.02.17-01.52.49:028][  3]LogCollectionManager: Rebuilt the object cache for 0 collections in 0.000001 seconds (found 0 objects)
[2016.02.17-01.52.49:028][  3]LogCollectionManager: Fixed up redirectors for 0 collections in 0.000023 seconds (updated 0 objects)
[2016.02.17-01.52.52:879][445]LogBlueprintUserMessages: Early PlayInEditor Detection: Level '/Game/StarterContent/Maps/Minimal_Default.Minimal_Default:PersistentLevel' has LevelScriptBlueprint '/Game/StarterContent/Maps/Minimal_Default.Minimal_Default:PersistentLevel.Minimal_Default' with GeneratedClass '/Game/StarterContent/Maps/Minimal_Default.Minimal_Default_C' with ClassGeneratedBy '/Game/StarterContent/Maps/Minimal_Default.Minimal_Default:PersistentLevel.Minimal_Default'
[2016.02.17-01.52.52:879][445]LogPlayLevel: PlayLevel: No blueprints needed recompiling
[2016.02.17-01.52.52:880][445]PIE: New page: PIE session: Minimal_Default (Feb 16, 2016, 3:52:52 PM)
[2016.02.17-01.52.52:880][445]LogPlayLevel: Creating play world package: /Game/StarterContent/Maps/UEDPIE_0_Minimal_Default
[2016.02.17-01.52.52:885][445]LogPlayLevel: PIE: StaticDuplicateObject took: (0.005155s)
[2016.02.17-01.52.52:885][445]LogAIModule: Creating AISystem for world Minimal_Default
[2016.02.17-01.52.52:886][445]LogPlayLevel: PIE: World Init took: (0.000508s)
[2016.02.17-01.52.52:886][445]LogPlayLevel: PIE: Created PIE world by copying editor world from /Game/StarterContent/Maps/Minimal_Default.Minimal_Default to /Game/StarterContent/Maps/UEDPIE_0_Minimal_Default.Minimal_Default (0.005843s)
[2016.02.17-01.52.52:903][445]LogInit: XAudio2 using 'Speakers (ASUS Xonar DGX Audio Device)' : 2 channels at 44.1 kHz using 16 bits per sample (channel mask 0x3)
[2016.02.17-01.52.52:906][445]LogInit: FAudioDevice initialized.
[2016.02.17-01.52.52:985][445]LogWorld: Game class is 'AISafariGameMode'
[2016.02.17-01.52.52:990][445]LogWorld: Bringing World /Game/StarterContent/Maps/UEDPIE_0_Minimal_Default.Minimal_Default up for play (max tick rate 0) at 2016.02.16-20.52.52
[2016.02.17-01.52.52:990][445]LogActor:Warning: GameSession /Game/StarterContent/Maps/UEDPIE_0_Minimal_Default.Minimal_Default:PersistentLevel.GameSession_0 has natively added scene component(s), but none of them were set as the actor's RootComponent - picking one arbitrarily
[2016.02.17-01.52.52:990][445]LogActor:Warning: GameNetworkManager /Game/StarterContent/Maps/UEDPIE_0_Minimal_Default.Minimal_Default:PersistentLevel.GameNetworkManager_0 has natively added scene component(s), but none of them were set as the actor's RootComponent - picking one arbitrarily
[2016.02.17-01.52.52:991][445]LogWorld: Bringing up level for play took: 0.002235
[2016.02.17-01.52.53:155][445]PIE: Info Play in editor start time for /Game/StarterContent/Maps/UEDPIE_0_Minimal_Default -0.01
[2016.02.17-01.52.53:155][445]LogBlueprintUserMessages: Late PlayInEditor Detection: Level '/Game/StarterContent/Maps/Minimal_Default.Minimal_Default:PersistentLevel' has LevelScriptBlueprint '/Game/StarterContent/Maps/Minimal_Default.Minimal_Default:PersistentLevel.Minimal_Default' with GeneratedClass '/Game/StarterContent/Maps/Minimal_Default.Minimal_Default_C' with ClassGeneratedBy '/Game/StarterContent/Maps/Minimal_Default.Minimal_Default:PersistentLevel.Minimal_Default'
[2016.02.17-01.52.57:736][561]LogBlueprintUserMessages: Early EndPlayMap Detection: Level '/Game/StarterContent/Maps/Minimal_Default.Minimal_Default:PersistentLevel' has LevelScriptBlueprint '/Game/StarterContent/Maps/Minimal_Default.Minimal_Default:PersistentLevel.Minimal_Default' with GeneratedClass '/Game/StarterContent/Maps/Minimal_Default.Minimal_Default_C' with ClassGeneratedBy '/Game/StarterContent/Maps/Minimal_Default.Minimal_Default:PersistentLevel.Minimal_Default'
[2016.02.17-01.52.57:818][561]LogBlueprintUserMessages: Late EndPlayMap Detection: Level '/Game/StarterContent/Maps/Minimal_Default.Minimal_Default:PersistentLevel' has LevelScriptBlueprint '/Game/StarterContent/Maps/Minimal_Default.Minimal_Default:PersistentLevel.Minimal_Default' with GeneratedClass '/Game/StarterContent/Maps/Minimal_Default.Minimal_Default_C' with ClassGeneratedBy '/Game/StarterContent/Maps/Minimal_Default.Minimal_Default:PersistentLevel.Minimal_Default'
[2016.02.17-01.52.57:836][561]LogParticles: Destroying 0 GPU particle simulations for FXSystem 0x000000E57AB2A0C0
[2016.02.17-01.53.23:587][728]LogVSAccessor:Warning: Couldn't goto line number '0' in 'Q:/Classes/3-2/AI/AISafari 4.10/Source/AISafari/BaseClasses/FlockerManagerBase.h'
[2016.02.17-01.53.23:689][728]LogVSAccessor:Warning: Couldn't goto line number '0' in 'Q:/Classes/3-2/AI/AISafari 4.10/Source/AISafari/BaseClasses/FlockerManagerBase.cpp'
[2016.02.17-01.55.18:233][156]LogBlueprintUserMessages: Early PlayInEditor Detection: Level '/Game/StarterContent/Maps/Minimal_Default.Minimal_Default:PersistentLevel' has LevelScriptBlueprint '/Game/StarterContent/Maps/Minimal_Default.Minimal_Default:PersistentLevel.Minimal_Default' with GeneratedClass '/Game/StarterContent/Maps/Minimal_Default.Minimal_Default_C' with ClassGeneratedBy '/Game/StarterContent/Maps/Minimal_Default.Minimal_Default:PersistentLevel.Minimal_Default'
[2016.02.17-01.55.18:233][156]LogPlayLevel: PlayLevel: No blueprints needed recompiling
[2016.02.17-01.55.18:233][156]PIE: New page: PIE session: Minimal_Default (Feb 16, 2016, 3:55:18 PM)
[2016.02.17-01.55.18:233][156]LogPlayLevel: Creating play world package: /Game/StarterContent/Maps/UEDPIE_0_Minimal_Default
[2016.02.17-01.55.18:241][156]LogPlayLevel: PIE: StaticDuplicateObject took: (0.007348s)
[2016.02.17-01.55.18:241][156]LogAIModule: Creating AISystem for world Minimal_Default
[2016.02.17-01.55.18:241][156]LogPlayLevel: PIE: World Init took: (0.000694s)
[2016.02.17-01.55.18:242][156]LogPlayLevel: PIE: Created PIE world by copying editor world from /Game/StarterContent/Maps/Minimal_Default.Minimal_Default to /Game/StarterContent/Maps/UEDPIE_0_Minimal_Default.Minimal_Default (0.008254s)
[2016.02.17-01.55.18:263][156]LogInit: XAudio2 using 'Speakers (ASUS Xonar DGX Audio Device)' : 2 channels at 44.1 kHz using 16 bits per sample (channel mask 0x3)
[2016.02.17-01.55.18:268][156]LogInit: FAudioDevice initialized.
[2016.02.17-01.55.18:312][156]LogWorld: Game class is 'AISafariGameMode'
[2016.02.17-01.55.18:314][156]LogWorld: Bringing World /Game/StarterContent/Maps/UEDPIE_0_Minimal_Default.Minimal_Default up for play (max tick rate 0) at 2016.02.16-20.55.18
[2016.02.17-01.55.18:314][156]LogActor:Warning: GameSession /Game/StarterContent/Maps/UEDPIE_0_Minimal_Default.Minimal_Default:PersistentLevel.GameSession_1 has natively added scene component(s), but none of them were set as the actor's RootComponent - picking one arbitrarily
[2016.02.17-01.55.18:315][156]LogActor:Warning: GameNetworkManager /Game/StarterContent/Maps/UEDPIE_0_Minimal_Default.Minimal_Default:PersistentLevel.GameNetworkManager_1 has natively added scene component(s), but none of them were set as the actor's RootComponent - picking one arbitrarily
[2016.02.17-01.55.18:315][156]LogWorld: Bringing up level for play took: 0.001847
[2016.02.17-01.55.18:516][156]PIE: Info Play in editor start time for /Game/StarterContent/Maps/UEDPIE_0_Minimal_Default -0.649
[2016.02.17-01.55.18:516][156]LogBlueprintUserMessages: Late PlayInEditor Detection: Level '/Game/StarterContent/Maps/Minimal_Default.Minimal_Default:PersistentLevel' has LevelScriptBlueprint '/Game/StarterContent/Maps/Minimal_Default.Minimal_Default:PersistentLevel.Minimal_Default' with GeneratedClass '/Game/StarterContent/Maps/Minimal_Default.Minimal_Default_C' with ClassGeneratedBy '/Game/StarterContent/Maps/Minimal_Default.Minimal_Default:PersistentLevel.Minimal_Default'
[2016.02.17-01.55.21:328][219]LogBlueprintUserMessages: Early EndPlayMap Detection: Level '/Game/StarterContent/Maps/Minimal_Default.Minimal_Default:PersistentLevel' has LevelScriptBlueprint '/Game/StarterContent/Maps/Minimal_Default.Minimal_Default:PersistentLevel.Minimal_Default' with GeneratedClass '/Game/StarterContent/Maps/Minimal_Default.Minimal_Default_C' with ClassGeneratedBy '/Game/StarterContent/Maps/Minimal_Default.Minimal_Default:PersistentLevel.Minimal_Default'
[2016.02.17-01.55.21:421][219]LogBlueprintUserMessages: Late EndPlayMap Detection: Level '/Game/StarterContent/Maps/Minimal_Default.Minimal_Default:PersistentLevel' has LevelScriptBlueprint '/Game/StarterContent/Maps/Minimal_Default.Minimal_Default:PersistentLevel.Minimal_Default' with GeneratedClass '/Game/StarterContent/Maps/Minimal_Default.Minimal_Default_C' with ClassGeneratedBy '/Game/StarterContent/Maps/Minimal_Default.Minimal_Default:PersistentLevel.Minimal_Default'
[2016.02.17-01.55.21:447][219]LogParticles: Destroying 0 GPU particle simulations for FXSystem 0x000000E56C4E5120
[2016.02.17-01.55.30:839][668]LogBlueprintUserMessages: Early PlayInEditor Detection: Level '/Game/StarterContent/Maps/Minimal_Default.Minimal_Default:PersistentLevel' has LevelScriptBlueprint '/Game/StarterContent/Maps/Minimal_Default.Minimal_Default:PersistentLevel.Minimal_Default' with GeneratedClass '/Game/StarterContent/Maps/Minimal_Default.Minimal_Default_C' with ClassGeneratedBy '/Game/StarterContent/Maps/Minimal_Default.Minimal_Default:PersistentLevel.Minimal_Default'
[2016.02.17-01.55.30:839][668]LogPlayLevel: PlayLevel: No blueprints needed recompiling
[2016.02.17-01.55.30:839][668]PIE: New page: PIE session: Minimal_Default (Feb 16, 2016, 3:55:30 PM)
[2016.02.17-01.55.30:839][668]LogPlayLevel: Creating play world package: /Game/StarterContent/Maps/UEDPIE_0_Minimal_Default
[2016.02.17-01.55.30:844][668]LogPlayLevel: PIE: StaticDuplicateObject took: (0.005048s)
[2016.02.17-01.55.30:845][668]LogAIModule: Creating AISystem for world Minimal_Default
[2016.02.17-01.55.30:845][668]LogPlayLevel: PIE: World Init took: (0.000579s)
[2016.02.17-01.55.30:845][668]LogPlayLevel: PIE: Created PIE world by copying editor world from /Game/StarterContent/Maps/Minimal_Default.Minimal_Default to /Game/StarterContent/Maps/UEDPIE_0_Minimal_Default.Minimal_Default (0.005816s)
[2016.02.17-01.55.30:862][668]LogInit: XAudio2 using 'Speakers (ASUS Xonar DGX Audio Device)' : 2 channels at 44.1 kHz using 16 bits per sample (channel mask 0x3)
[2016.02.17-01.55.30:865][668]LogInit: FAudioDevice initialized.
[2016.02.17-01.55.30:897][668]LogWorld: Game class is 'AISafariGameMode'
[2016.02.17-01.55.30:899][668]LogWorld: Bringing World /Game/StarterContent/Maps/UEDPIE_0_Minimal_Default.Minimal_Default up for play (max tick rate 0) at 2016.02.16-20.55.30
[2016.02.17-01.55.30:899][668]LogActor:Warning: GameSession /Game/StarterContent/Maps/UEDPIE_0_Minimal_Default.Minimal_Default:PersistentLevel.GameSession_2 has natively added scene component(s), but none of them were set as the actor's RootComponent - picking one arbitrarily
[2016.02.17-01.55.30:899][668]LogActor:Warning: GameNetworkManager /Game/StarterContent/Maps/UEDPIE_0_Minimal_Default.Minimal_Default:PersistentLevel.GameNetworkManager_2 has natively added scene component(s), but none of them were set as the actor's RootComponent - picking one arbitrarily
[2016.02.17-01.55.30:899][668]LogWorld: Bringing up level for play took: 0.001453
[2016.02.17-01.55.31:073][668]PIE: Info Play in editor start time for /Game/StarterContent/Maps/UEDPIE_0_Minimal_Default -0.092
[2016.02.17-01.55.31:074][668]LogBlueprintUserMessages: Late PlayInEditor Detection: Level '/Game/StarterContent/Maps/Minimal_Default.Minimal_Default:PersistentLevel' has LevelScriptBlueprint '/Game/StarterContent/Maps/Minimal_Default.Minimal_Default:PersistentLevel.Minimal_Default' with GeneratedClass '/Game/StarterContent/Maps/Minimal_Default.Minimal_Default_C' with ClassGeneratedBy '/Game/StarterContent/Maps/Minimal_Default.Minimal_Default:PersistentLevel.Minimal_Default'
[2016.02.17-01.55.46:873][674]LogBlueprintUserMessages: Early EndPlayMap Detection: Level '/Game/StarterContent/Maps/Minimal_Default.Minimal_Default:PersistentLevel' has LevelScriptBlueprint '/Game/StarterContent/Maps/Minimal_Default.Minimal_Default:PersistentLevel.Minimal_Default' with GeneratedClass '/Game/StarterContent/Maps/Minimal_Default.Minimal_Default_C' with ClassGeneratedBy '/Game/StarterContent/Maps/Minimal_Default.Minimal_Default:PersistentLevel.Minimal_Default'
[2016.02.17-01.55.46:930][674]LogBlueprintUserMessages: Late EndPlayMap Detection: Level '/Game/StarterContent/Maps/Minimal_Default.Minimal_Default:PersistentLevel' has LevelScriptBlueprint '/Game/StarterContent/Maps/Minimal_Default.Minimal_Default:PersistentLevel.Minimal_Default' with GeneratedClass '/Game/StarterContent/Maps/Minimal_Default.Minimal_Default_C' with ClassGeneratedBy '/Game/StarterContent/Maps/Minimal_Default.Minimal_Default:PersistentLevel.Minimal_Default'
[2016.02.17-01.55.46:958][674]LogParticles: Destroying 0 GPU particle simulations for FXSystem 0x000000E52BA4EA20
[2016.02.17-01.56.13:441][ 76]LogHotReload: New module detected: UE4Editor-AISafari-5076.dll
[2016.02.17-01.56.13:785][ 78]LogHotReload: Starting Hot-Reload from IDE
[2016.02.17-01.56.13:888][ 78]LogContentBrowser: Native class hierarchy updated for 'AISafari' in 0.0016 seconds. Added 4 classes and 3 folders.
[2016.02.17-01.56.13:891][ 78]Warning: HotReload successful (0 functions remapped  0 scriptstructs remapped)
[2016.02.17-01.56.13:960][ 78]LogContentBrowser: Native class hierarchy populated in 0.0074 seconds. Added 1898 classes and 343 folders.
[2016.02.17-01.56.16:150][165]LogBlueprintUserMessages: Early PlayInEditor Detection: Level '/Game/StarterContent/Maps/Minimal_Default.Minimal_Default:PersistentLevel' has LevelScriptBlueprint '/Game/StarterContent/Maps/Minimal_Default.Minimal_Default:PersistentLevel.Minimal_Default' with GeneratedClass '/Game/StarterContent/Maps/Minimal_Default.Minimal_Default_C' with ClassGeneratedBy '/Game/StarterContent/Maps/Minimal_Default.Minimal_Default:PersistentLevel.Minimal_Default'
[2016.02.17-01.56.16:150][165]LogPlayLevel: PlayLevel: No blueprints needed recompiling
[2016.02.17-01.56.16:150][165]PIE: New page: PIE session: Minimal_Default (Feb 16, 2016, 3:56:16 PM)
[2016.02.17-01.56.16:150][165]LogPlayLevel: Creating play world package: /Game/StarterContent/Maps/UEDPIE_0_Minimal_Default
[2016.02.17-01.56.16:157][165]LogPlayLevel: PIE: StaticDuplicateObject took: (0.007311s)
[2016.02.17-01.56.16:158][165]LogAIModule: Creating AISystem for world Minimal_Default
[2016.02.17-01.56.16:158][165]LogPlayLevel: PIE: World Init took: (0.000782s)
[2016.02.17-01.56.16:158][165]LogPlayLevel: PIE: Created PIE world by copying editor world from /Game/StarterContent/Maps/Minimal_Default.Minimal_Default to /Game/StarterContent/Maps/UEDPIE_0_Minimal_Default.Minimal_Default (0.008346s)
[2016.02.17-01.56.16:183][165]LogInit: XAudio2 using 'Speakers (ASUS Xonar DGX Audio Device)' : 2 channels at 44.1 kHz using 16 bits per sample (channel mask 0x3)
[2016.02.17-01.56.16:187][165]LogInit: FAudioDevice initialized.
[2016.02.17-01.56.16:231][165]LogWorld: Game class is 'AISafariGameMode'
[2016.02.17-01.56.16:233][165]LogWorld: Bringing World /Game/StarterContent/Maps/UEDPIE_0_Minimal_Default.Minimal_Default up for play (max tick rate 0) at 2016.02.16-20.56.16
[2016.02.17-01.56.16:234][165]LogActor:Warning: GameSession /Game/StarterContent/Maps/UEDPIE_0_Minimal_Default.Minimal_Default:PersistentLevel.GameSession_3 has natively added scene component(s), but none of them were set as the actor's RootComponent - picking one arbitrarily
[2016.02.17-01.56.16:234][165]LogActor:Warning: GameNetworkManager /Game/StarterContent/Maps/UEDPIE_0_Minimal_Default.Minimal_Default:PersistentLevel.GameNetworkManager_3 has natively added scene component(s), but none of them were set as the actor's RootComponent - picking one arbitrarily
[2016.02.17-01.56.16:234][165]LogWorld: Bringing up level for play took: 0.002769
[2016.02.17-01.56.16:449][165]PIE: Info Play in editor start time for /Game/StarterContent/Maps/UEDPIE_0_Minimal_Default 1.284
[2016.02.17-01.56.16:450][165]LogBlueprintUserMessages: Late PlayInEditor Detection: Level '/Game/StarterContent/Maps/Minimal_Default.Minimal_Default:PersistentLevel' has LevelScriptBlueprint '/Game/StarterContent/Maps/Minimal_Default.Minimal_Default:PersistentLevel.Minimal_Default' with GeneratedClass '/Game/StarterContent/Maps/Minimal_Default.Minimal_Default_C' with ClassGeneratedBy '/Game/StarterContent/Maps/Minimal_Default.Minimal_Default:PersistentLevel.Minimal_Default'
[2016.02.17-01.56.23:683][272]LogBlueprintUserMessages: Early EndPlayMap Detection: Level '/Game/StarterContent/Maps/Minimal_Default.Minimal_Default:PersistentLevel' has LevelScriptBlueprint '/Game/StarterContent/Maps/Minimal_Default.Minimal_Default:PersistentLevel.Minimal_Default' with GeneratedClass '/Game/StarterContent/Maps/Minimal_Default.Minimal_Default_C' with ClassGeneratedBy '/Game/StarterContent/Maps/Minimal_Default.Minimal_Default:PersistentLevel.Minimal_Default'
[2016.02.17-01.56.23:754][272]LogBlueprintUserMessages: Late EndPlayMap Detection: Level '/Game/StarterContent/Maps/Minimal_Default.Minimal_Default:PersistentLevel' has LevelScriptBlueprint '/Game/StarterContent/Maps/Minimal_Default.Minimal_Default:PersistentLevel.Minimal_Default' with GeneratedClass '/Game/StarterContent/Maps/Minimal_Default.Minimal_Default_C' with ClassGeneratedBy '/Game/StarterContent/Maps/Minimal_Default.Minimal_Default:PersistentLevel.Minimal_Default'
[2016.02.17-01.56.23:781][272]LogParticles: Destroying 0 GPU particle simulations for FXSystem 0x000000E5318037E0
[2016.02.17-01.56.29:157][898]LogLinker:Warning: Asset '../../../Engine/Content/ArtTools/RenderToTexture/Macros/RenderToTextureMacros.uasset' has been saved with empty engine version. The asset will be loaded but may be incompatible.
[2016.02.17-01.56.29:504][898]LogContentBrowser: Native class hierarchy updated for 'BlueprintGraph' in 0.0011 seconds. Added 107 classes and 0 folders.
[2016.02.17-01.56.39:219][774]BlueprintLog: New page: Compile BP_FlockerBase
[2016.02.17-01.56.39:281][774]BlueprintEditorCompileResults: Info [0234.64] Compile of BP_FlockerBase successful! [in 61 ms]
[2016.02.17-01.56.40:851][935]Cmd: OBJ SAVEPACKAGE PACKAGE="/Game/AgentBlueprints/BP_FlockerBase" FILE="Q:/Classes/3-2/AI/AISafari 4.10/Content/AgentBlueprints/BP_FlockerBase.uasset" SILENT=true
[2016.02.17-01.56.40:895][935]LogSavePackage: Save=37.325661ms
[2016.02.17-01.56.40:896][935]LogSavePackage: Moving 'Q:/Classes/3-2/AI/AISafari 4.10/Saved/BP_FlockerBase9D0DE0614DEA352F5B95B785FF61E9F4.tmp' to 'Q:/Classes/3-2/AI/AISafari 4.10/Content/AgentBlueprints/BP_FlockerBase.uasset'
[2016.02.17-01.56.40:899][935]LogSavePackage: Total save time: 46.255663ms
[2016.02.17-01.56.40:899][935]LogSavePackage:Display: Finished SavePackage Q:/Classes/3-2/AI/AISafari 4.10/Content/AgentBlueprints/BP_FlockerBase.uasset
[2016.02.17-01.56.42:865][160]LogBlueprintUserMessages: Early PlayInEditor Detection: Level '/Game/StarterContent/Maps/Minimal_Default.Minimal_Default:PersistentLevel' has LevelScriptBlueprint '/Game/StarterContent/Maps/Minimal_Default.Minimal_Default:PersistentLevel.Minimal_Default' with GeneratedClass '/Game/StarterContent/Maps/Minimal_Default.Minimal_Default_C' with ClassGeneratedBy '/Game/StarterContent/Maps/Minimal_Default.Minimal_Default:PersistentLevel.Minimal_Default'
[2016.02.17-01.56.42:865][160]LogPlayLevel: PlayLevel: No blueprints needed recompiling
[2016.02.17-01.56.42:865][160]PIE: New page: PIE session: Minimal_Default (Feb 16, 2016, 3:56:42 PM)
[2016.02.17-01.56.42:865][160]LogPlayLevel: Creating play world package: /Game/StarterContent/Maps/UEDPIE_0_Minimal_Default
[2016.02.17-01.56.42:871][160]LogPlayLevel: PIE: StaticDuplicateObject took: (0.006233s)
[2016.02.17-01.56.42:871][160]LogAIModule: Creating AISystem for world Minimal_Default
[2016.02.17-01.56.42:871][160]LogPlayLevel: PIE: World Init took: (0.000520s)
[2016.02.17-01.56.42:872][160]LogPlayLevel: PIE: Created PIE world by copying editor world from /Game/StarterContent/Maps/Minimal_Default.Minimal_Default to /Game/StarterContent/Maps/UEDPIE_0_Minimal_Default.Minimal_Default (0.006930s)
[2016.02.17-01.56.42:896][160]LogInit: XAudio2 using 'Speakers (ASUS Xonar DGX Audio Device)' : 2 channels at 44.1 kHz using 16 bits per sample (channel mask 0x3)
[2016.02.17-01.56.42:899][160]LogInit: FAudioDevice initialized.
[2016.02.17-01.56.42:933][160]LogWorld: Game class is 'AISafariGameMode'
[2016.02.17-01.56.42:935][160]LogWorld: Bringing World /Game/StarterContent/Maps/UEDPIE_0_Minimal_Default.Minimal_Default up for play (max tick rate 0) at 2016.02.16-20.56.42
[2016.02.17-01.56.42:935][160]LogActor:Warning: GameSession /Game/StarterContent/Maps/UEDPIE_0_Minimal_Default.Minimal_Default:PersistentLevel.GameSession_4 has natively added scene component(s), but none of them were set as the actor's RootComponent - picking one arbitrarily
[2016.02.17-01.56.42:936][160]LogActor:Warning: GameNetworkManager /Game/StarterContent/Maps/UEDPIE_0_Minimal_Default.Minimal_Default:PersistentLevel.GameNetworkManager_4 has natively added scene component(s), but none of them were set as the actor's RootComponent - picking one arbitrarily
[2016.02.17-01.56.42:936][160]LogWorld: Bringing up level for play took: 0.001815
[2016.02.17-01.56.43:110][160]PIE: Info Play in editor start time for /Game/StarterContent/Maps/UEDPIE_0_Minimal_Default -0.054
[2016.02.17-01.56.43:110][160]LogBlueprintUserMessages: Late PlayInEditor Detection: Level '/Game/StarterContent/Maps/Minimal_Default.Minimal_Default:PersistentLevel' has LevelScriptBlueprint '/Game/StarterContent/Maps/Minimal_Default.Minimal_Default:PersistentLevel.Minimal_Default' with GeneratedClass '/Game/StarterContent/Maps/Minimal_Default.Minimal_Default_C' with ClassGeneratedBy '/Game/StarterContent/Maps/Minimal_Default.Minimal_Default:PersistentLevel.Minimal_Default'
[2016.02.17-01.57.18:240][970]LogBlueprintUserMessages: Early EndPlayMap Detection: Level '/Game/StarterContent/Maps/Minimal_Default.Minimal_Default:PersistentLevel' has LevelScriptBlueprint '/Game/StarterContent/Maps/Minimal_Default.Minimal_Default:PersistentLevel.Minimal_Default' with GeneratedClass '/Game/StarterContent/Maps/Minimal_Default.Minimal_Default_C' with ClassGeneratedBy '/Game/StarterContent/Maps/Minimal_Default.Minimal_Default:PersistentLevel.Minimal_Default'
[2016.02.17-01.57.18:283][970]LogBlueprintUserMessages: Late EndPlayMap Detection: Level '/Game/StarterContent/Maps/Minimal_Default.Minimal_Default:PersistentLevel' has LevelScriptBlueprint '/Game/StarterContent/Maps/Minimal_Default.Minimal_Default:PersistentLevel.Minimal_Default' with GeneratedClass '/Game/StarterContent/Maps/Minimal_Default.Minimal_Default_C' with ClassGeneratedBy '/Game/StarterContent/Maps/Minimal_Default.Minimal_Default:PersistentLevel.Minimal_Default'
[2016.02.17-01.57.18:323][970]LogParticles: Destroying 0 GPU particle simulations for FXSystem 0x000000E54841B880
[2016.02.17-01.57.27:380][918]Cmd: CAMERA ALIGN ACTIVEVIEWPORTONLY
[2016.02.17-01.57.36:403][839]LogBlueprintUserMessages: Early PlayInEditor Detection: Level '/Game/StarterContent/Maps/Minimal_Default.Minimal_Default:PersistentLevel' has LevelScriptBlueprint '/Game/StarterContent/Maps/Minimal_Default.Minimal_Default:PersistentLevel.Minimal_Default' with GeneratedClass '/Game/StarterContent/Maps/Minimal_Default.Minimal_Default_C' with ClassGeneratedBy '/Game/StarterContent/Maps/Minimal_Default.Minimal_Default:PersistentLevel.Minimal_Default'
[2016.02.17-01.57.36:403][839]LogPlayLevel: PlayLevel: No blueprints needed recompiling
[2016.02.17-01.57.36:403][839]PIE: New page: PIE session: Minimal_Default (Feb 16, 2016, 3:57:36 PM)
[2016.02.17-01.57.36:403][839]LogPlayLevel: Creating play world package: /Game/StarterContent/Maps/UEDPIE_0_Minimal_Default
[2016.02.17-01.57.36:408][839]LogPlayLevel: PIE: StaticDuplicateObject took: (0.004549s)
[2016.02.17-01.57.36:408][839]LogAIModule: Creating AISystem for world Minimal_Default
[2016.02.17-01.57.36:408][839]LogPlayLevel: PIE: World Init took: (0.000444s)
[2016.02.17-01.57.36:408][839]LogPlayLevel: PIE: Created PIE world by copying editor world from /Game/StarterContent/Maps/Minimal_Default.Minimal_Default to /Game/StarterContent/Maps/UEDPIE_0_Minimal_Default.Minimal_Default (0.005141s)
[2016.02.17-01.57.36:435][839]LogInit: XAudio2 using 'Speakers (ASUS Xonar DGX Audio Device)' : 2 channels at 44.1 kHz using 16 bits per sample (channel mask 0x3)
[2016.02.17-01.57.36:438][839]LogInit: FAudioDevice initialized.
[2016.02.17-01.57.36:476][839]LogWorld: Game class is 'AISafariGameMode'
[2016.02.17-01.57.36:478][839]LogWorld: Bringing World /Game/StarterContent/Maps/UEDPIE_0_Minimal_Default.Minimal_Default up for play (max tick rate 0) at 2016.02.16-20.57.36
[2016.02.17-01.57.36:478][839]LogActor:Warning: GameSession /Game/StarterContent/Maps/UEDPIE_0_Minimal_Default.Minimal_Default:PersistentLevel.GameSession_5 has natively added scene component(s), but none of them were set as the actor's RootComponent - picking one arbitrarily
[2016.02.17-01.57.36:478][839]LogActor:Warning: GameNetworkManager /Game/StarterContent/Maps/UEDPIE_0_Minimal_Default.Minimal_Default:PersistentLevel.GameNetworkManager_5 has natively added scene component(s), but none of them were set as the actor's RootComponent - picking one arbitrarily
[2016.02.17-01.57.36:478][839]LogWorld: Bringing up level for play took: 0.001319
[2016.02.17-01.57.36:617][839]PIE: Info Play in editor start time for /Game/StarterContent/Maps/UEDPIE_0_Minimal_Default -0.548
[2016.02.17-01.57.36:617][839]LogBlueprintUserMessages: Late PlayInEditor Detection: Level '/Game/StarterContent/Maps/Minimal_Default.Minimal_Default:PersistentLevel' has LevelScriptBlueprint '/Game/StarterContent/Maps/Minimal_Default.Minimal_Default:PersistentLevel.Minimal_Default' with GeneratedClass '/Game/StarterContent/Maps/Minimal_Default.Minimal_Default_C' with ClassGeneratedBy '/Game/StarterContent/Maps/Minimal_Default.Minimal_Default:PersistentLevel.Minimal_Default'
[2016.02.17-01.57.44:578][ 97]LogBlueprintUserMessages: Early EndPlayMap Detection: Level '/Game/StarterContent/Maps/Minimal_Default.Minimal_Default:PersistentLevel' has LevelScriptBlueprint '/Game/StarterContent/Maps/Minimal_Default.Minimal_Default:PersistentLevel.Minimal_Default' with GeneratedClass '/Game/StarterContent/Maps/Minimal_Default.Minimal_Default_C' with ClassGeneratedBy '/Game/StarterContent/Maps/Minimal_Default.Minimal_Default:PersistentLevel.Minimal_Default'
[2016.02.17-01.57.44:619][ 97]LogBlueprintUserMessages: Late EndPlayMap Detection: Level '/Game/StarterContent/Maps/Minimal_Default.Minimal_Default:PersistentLevel' has LevelScriptBlueprint '/Game/StarterContent/Maps/Minimal_Default.Minimal_Default:PersistentLevel.Minimal_Default' with GeneratedClass '/Game/StarterContent/Maps/Minimal_Default.Minimal_Default_C' with ClassGeneratedBy '/Game/StarterContent/Maps/Minimal_Default.Minimal_Default:PersistentLevel.Minimal_Default'
[2016.02.17-01.57.44:651][ 97]LogParticles: Destroying 0 GPU particle simulations for FXSystem 0x000000E5484A5620
[2016.02.17-01.57.53:394][340]LogSavePackage: Save=43.621311ms
[2016.02.17-01.57.53:394][340]LogSavePackage: Moving 'Q:/Classes/3-2/AI/AISafari 4.10/Saved/Minimal_DefaultC074862B418A93ED616BA783C440685B.tmp' to 'Q:/Classes/3-2/AI/AISafari 4.10/Content/StarterContent/Maps/Minimal_Default.umap'
[2016.02.17-01.57.53:396][340]LogSavePackage: Total save time: 48.636548ms
[2016.02.17-01.57.53:396][340]LogSavePackage:Display: Finished SavePackage Q:/Classes/3-2/AI/AISafari 4.10/Content/StarterContent/Maps/Minimal_Default.umap
[2016.02.17-01.57.53:411][340]LogFileHelpers: Saving map 'Minimal_Default' took 6.629
[2016.02.17-01.57.55:362][570]LogParticles: Destroying 0 GPU particle simulations for FXSystem 0x000000E51DDCCB80
[2016.02.17-01.57.55:401][570]LogWindowsTextInputMethodSystem:Display: IME system now deactivated.
[2016.02.17-01.57.55:580][571]Cmd: QUIT_EDITOR
[2016.02.17-01.57.56:355][571]LogExit: Preparing to exit.
[2016.02.17-01.57.57:562][571]LogExit: Editor shut down
[2016.02.17-01.57.57:563][571]LogExit: Transaction tracking system shut down
[2016.02.17-01.57.57:564][571]LogParticles: Destroying 0 GPU particle simulations for FXSystem 0x000000E55B18ED40
[2016.02.17-01.57.57:564][571]LogParticles: Destroying 0 GPU particle simulations for FXSystem 0x000000E57E286E80
[2016.02.17-01.57.57:564][571]LogParticles: Destroying 0 GPU particle simulations for FXSystem 0x000000E57DF4FCE0
[2016.02.17-01.57.57:685][571]LogExit: Object subsystem successfully closed.
[2016.02.17-01.57.57:691][571]LogD3D11RHI: Shutdown
[2016.02.17-01.57.57:691][571]LogD3D11RHI: CleanupD3DDevice
[2016.02.17-01.57.57:788][571]LogD3D11RHI: ~FD3D11DynamicRHI
[2016.02.17-01.57.57:798][571]LogModuleManager: Shutting down and abandoning module CookingStats (201)
[2016.02.17-01.57.57:798][571]LogModuleManager: Shutting down and abandoning module BlueprintGraph (200)
[2016.02.17-01.57.57:798][571]LogModuleManager: Shutting down and abandoning module CrashTracker (199)
[2016.02.17-01.57.57:798][571]LogModuleManager: Shutting down and abandoning module SceneOutliner (198)
[2016.02.17-01.57.57:798][571]LogModuleManager: Shutting down and abandoning module SuperSearch (197)
[2016.02.17-01.57.57:798][571]LogModuleManager: Shutting down and abandoning module WidgetCarousel (196)
[2016.02.17-01.57.57:798][571]LogModuleManager: Shutting down and abandoning module AddContentDialog (195)
[2016.02.17-01.57.57:799][571]LogModuleManager: Shutting down and abandoning module EditorWidgets (194)
[2016.02.17-01.57.57:799][571]LogModuleManager: Shutting down and abandoning module CollectionManager (193)
[2016.02.17-01.57.57:799][571]LogModuleManager: Shutting down and abandoning module StatsViewer (192)
[2016.02.17-01.57.57:799][571]LogModuleManager: Shutting down and abandoning module FoliageEdit (191)
[2016.02.17-01.57.57:799][571]LogModuleManager: Shutting down and abandoning module LandscapeEditor (190)
[2016.02.17-01.57.57:799][571]LogModuleManager: Shutting down and abandoning module ActorPickerMode (189)
[2016.02.17-01.57.57:799][571]LogModuleManager: Shutting down and abandoning module GeometryMode (188)
[2016.02.17-01.57.57:799][571]LogModuleManager: Shutting down and abandoning module TextureAlignMode (187)
[2016.02.17-01.57.57:799][571]LogModuleManager: Shutting down and abandoning module BspMode (186)
[2016.02.17-01.57.57:799][571]LogModuleManager: Shutting down and abandoning module PlacementMode (185)
[2016.02.17-01.57.57:799][571]LogModuleManager: Shutting down and abandoning module AutomationWorker (184)
[2016.02.17-01.57.57:799][571]LogModuleManager: Shutting down and abandoning module CharacterAI (183)
[2016.02.17-01.57.57:799][571]LogModuleManager: Shutting down and abandoning module SmartSnapping (182)
[2016.02.17-01.57.57:799][571]LogModuleManager: Shutting down and abandoning module ViewportSnapping (181)
[2016.02.17-01.57.57:799][571]LogModuleManager: Shutting down and abandoning module LogVisualizer (180)
[2016.02.17-01.57.57:799][571]LogModuleManager: Shutting down and abandoning module GameProjectGeneration (179)
[2016.02.17-01.57.57:799][571]LogModuleManager: Shutting down and abandoning module IntroTutorials (178)
[2016.02.17-01.57.57:799][571]LogModuleManager: Shutting down and abandoning module EditorLiveStreaming (177)
[2016.02.17-01.57.57:799][571]LogModuleManager: Shutting down and abandoning module IOSPlatformEditor (176)
[2016.02.17-01.57.57:799][571]LogModuleManager: Shutting down and abandoning module HTML5PlatformEditor (175)
[2016.02.17-01.57.57:799][571]LogModuleManager: Shutting down and abandoning module AndroidDeviceDetection (174)
[2016.02.17-01.57.58:456][571]LogModuleManager: Shutting down and abandoning module AndroidPlatformEditor (173)
[2016.02.17-01.57.58:456][571]LogModuleManager: Shutting down and abandoning module IOSRuntimeSettings (172)
[2016.02.17-01.57.58:456][571]LogModuleManager: Shutting down and abandoning module AndroidRuntimeSettings (171)
[2016.02.17-01.57.58:456][571]LogModuleManager: Shutting down and abandoning module MergeActors (170)
[2016.02.17-01.57.58:456][571]LogModuleManager: Shutting down and abandoning module SizeMap (169)
[2016.02.17-01.57.58:456][571]LogModuleManager: Shutting down and abandoning module TreeMap (168)
[2016.02.17-01.57.58:456][571]LogModuleManager: Shutting down and abandoning module ReferenceViewer (167)
[2016.02.17-01.57.58:456][571]LogModuleManager: Shutting down and abandoning module LocalizationService (166)
[2016.02.17-01.57.58:456][571]LogModuleManager: Shutting down and abandoning module LocalizationDashboard (165)
[2016.02.17-01.57.58:456][571]LogModuleManager: Shutting down and abandoning module HardwareTargeting (164)
[2016.02.17-01.57.58:456][571]LogModuleManager: Shutting down and abandoning module DeviceProfileEditor (163)
[2016.02.17-01.57.58:456][571]LogModuleManager: Shutting down and abandoning module UndoHistory (162)
[2016.02.17-01.57.58:456][571]LogModuleManager: Shutting down and abandoning module GameplayTagsEditor (161)
[2016.02.17-01.57.58:456][571]LogModuleManager: Shutting down and abandoning module UserFeedback (160)
[2016.02.17-01.57.58:456][571]LogModuleManager: Shutting down and abandoning module XmlParser (159)
[2016.02.17-01.57.58:456][571]LogModuleManager: Shutting down and abandoning module Blutility (158)
[2016.02.17-01.57.58:456][571]LogModuleManager: Shutting down and abandoning module ProjectTargetPlatformEditor (157)
[2016.02.17-01.57.58:456][571]LogModuleManager: Shutting down and abandoning module ProjectSettingsViewer (156)
[2016.02.17-01.57.58:456][571]LogModuleManager: Shutting down and abandoning module InputBindingEditor (155)
[2016.02.17-01.57.58:456][571]LogModuleManager: Shutting down and abandoning module EditorSettingsViewer (154)
[2016.02.17-01.57.58:456][571]LogModuleManager: Shutting down and abandoning module SettingsEditor (153)
[2016.02.17-01.57.58:456][571]LogModuleManager: Shutting down and abandoning module ProjectLauncher (152)
[2016.02.17-01.57.58:456][571]LogModuleManager: Shutting down and abandoning module SessionFrontend (151)
[2016.02.17-01.57.58:456][571]LogModuleManager: Shutting down and abandoning module ProfilerClient (150)
[2016.02.17-01.57.58:456][571]LogModuleManager: Shutting down and abandoning module TargetDeviceServices (149)
[2016.02.17-01.57.58:456][571]LogModuleManager: Shutting down and abandoning module DeviceManager (148)
[2016.02.17-01.57.58:456][571]LogModuleManager: Shutting down and abandoning module AutomationController (147)
[2016.02.17-01.57.58:456][571]LogModuleManager: Shutting down and abandoning module AutomationWindow (146)
[2016.02.17-01.57.58:456][571]LogModuleManager: Shutting down and abandoning module Layers (145)
[2016.02.17-01.57.58:456][571]LogModuleManager: Shutting down and abandoning module ComponentVisualizers (144)
[2016.02.17-01.57.58:456][571]LogModuleManager: Shutting down and abandoning module DetailCustomizations (143)
[2016.02.17-01.57.58:456][571]LogModuleManager: Shutting down and abandoning module PackagesDialog (142)
[2016.02.17-01.57.58:457][571]LogModuleManager: Shutting down and abandoning module Persona (141)
[2016.02.17-01.57.58:457][571]LogModuleManager: Shutting down and abandoning module Kismet (140)
[2016.02.17-01.57.58:457][571]LogModuleManager: Shutting down and abandoning module GraphEditor (139)
[2016.02.17-01.57.58:457][571]LogModuleManager: Shutting down and abandoning module ClassViewer (138)
[2016.02.17-01.57.58:457][571]LogModuleManager: Shutting down and abandoning module Toolbox (137)
[2016.02.17-01.57.58:457][571]LogModuleManager: Shutting down and abandoning module ModuleUI (136)
[2016.02.17-01.57.58:457][571]LogModuleManager: Shutting down and abandoning module MovieSceneTools (135)
[2016.02.17-01.57.58:457][571]LogModuleManager: Shutting down and abandoning module OutputLog (134)
[2016.02.17-01.57.58:457][571]LogModuleManager: Shutting down and abandoning module GammaUI (133)
[2016.02.17-01.57.58:457][571]LogModuleManager: Shutting down and abandoning module Documentation (132)
[2016.02.17-01.57.58:457][571]LogModuleManager: Shutting down and abandoning module GameLiveStreaming (131)
[2016.02.17-01.57.58:457][571]LogModuleManager: Shutting down and abandoning module StreamingPauseRendering (130)
[2016.02.17-01.57.58:457][571]LogModuleManager: Shutting down and abandoning module AnalyticsET (129)
[2016.02.17-01.57.58:457][571]LogModuleManager: Shutting down and abandoning module Analytics (128)
[2016.02.17-01.57.58:457][571]LogModuleManager: Shutting down and abandoning module AITestSuite (127)
[2016.02.17-01.57.58:457][571]LogModuleManager: Shutting down and abandoning module GameplayDebugger (126)
[2016.02.17-01.57.58:457][571]LogModuleManager: Shutting down and abandoning module AIModule (125)
[2016.02.17-01.57.58:457][571]LogModuleManager: Shutting down and abandoning module ProfilerService (124)
[2016.02.17-01.57.58:602][571]LogModuleManager: Shutting down and abandoning module TaskGraph (123)
[2016.02.17-01.57.58:602][571]LogModuleManager: Shutting down and abandoning module SlateRemote (122)
[2016.02.17-01.57.58:602][571]LogModuleManager: Shutting down and abandoning module SteamVRController (121)
[2016.02.17-01.57.58:602][571]LogModuleManager: Shutting down and abandoning module SteamVR (120)
[2016.02.17-01.57.58:602][571]LogModuleManager: Shutting down and abandoning module ProceduralMeshComponent (119)
[2016.02.17-01.57.58:602][571]LogModuleManager: Shutting down and abandoning module OculusLibrary (118)
[2016.02.17-01.57.58:602][571]LogModuleManager: Shutting down and abandoning module OculusInput (117)
[2016.02.17-01.57.58:602][571]LogModuleManager: Shutting down and abandoning module LeapMotionController (116)
[2016.02.17-01.57.58:621][571]LogModuleManager: Shutting down and abandoning module CustomMeshComponent (115)
[2016.02.17-01.57.58:621][571]LogModuleManager: Shutting down and abandoning module CableComponent (114)
[2016.02.17-01.57.58:621][571]LogModuleManager: Shutting down and abandoning module ArchVisCharacter (113)
[2016.02.17-01.57.58:621][571]LogModuleManager: Shutting down and abandoning module MessagingDebugger (112)
[2016.02.17-01.57.58:621][571]LogModuleManager: Shutting down and abandoning module MediaPlayerEditor (111)
[2016.02.17-01.57.58:621][571]LogModuleManager: Shutting down and abandoning module HTML5Networking (110)
[2016.02.17-01.57.58:621][571]LogModuleManager: Shutting down and abandoning module SpeedTreeImporter (109)
[2016.02.17-01.57.58:621][571]LogModuleManager: Shutting down and abandoning module PluginBrowser (108)
[2016.02.17-01.57.58:621][571]LogModuleManager: Shutting down and abandoning module EpicSurvey (107)
[2016.02.17-01.57.58:621][571]LogModuleManager: Shutting down and abandoning module DesktopPlatform (106)
[2016.02.17-01.57.58:621][571]LogModuleManager: Shutting down and abandoning module VisualStudioSourceCodeAccess (105)
[2016.02.17-01.57.58:621][571]LogModuleManager: Shutting down and abandoning module UObjectPlugin (104)
[2016.02.17-01.57.58:621][571]LogModuleManager: Shutting down and abandoning module SubversionSourceControl (103)
[2016.02.17-01.57.58:621][571]LogModuleManager: Shutting down and abandoning module PerforceSourceControl (102)
[2016.02.17-01.57.58:621][571]LogModuleManager: Shutting down and abandoning module SourceControl (101)
[2016.02.17-01.57.58:621][571]LogModuleManager: Shutting down and abandoning module GitSourceControl (100)
[2016.02.17-01.57.58:621][571]LogModuleManager: Shutting down and abandoning module LightPropagationVolumeEditor (99)
[2016.02.17-01.57.58:621][571]LogModuleManager: Shutting down and abandoning module PaperTiledImporter (98)
[2016.02.17-01.57.58:621][571]LogModuleManager: Shutting down and abandoning module PaperSpriteSheetImporter (97)
[2016.02.17-01.57.58:621][571]LogModuleManager: Shutting down and abandoning module MeshPaint (96)
[2016.02.17-01.57.58:621][571]LogModuleManager: Shutting down and abandoning module SlateReflector (95)
[2016.02.17-01.57.58:621][571]LogModuleManager: Shutting down and abandoning module HotReload (94)
[2016.02.17-01.57.58:621][571]LogModuleManager: Shutting down and abandoning module MainFrame (93)
[2016.02.17-01.57.58:621][571]LogModuleManager: Shutting down and abandoning module LevelEditor (92)
[2016.02.17-01.57.58:622][571]LogModuleManager: Shutting down and abandoning module DirectoryWatcher (91)
[2016.02.17-01.57.58:622][571]LogModuleManager: Shutting down and abandoning module AssetRegistry (90)
[2016.02.17-01.57.58:666][571]LogModuleManager: Shutting down and abandoning module ContentBrowser (89)
[2016.02.17-01.57.58:667][571]LogModuleManager: Shutting down and abandoning module Paper2DEditor (88)
[2016.02.17-01.57.58:667][571]LogModuleManager: Shutting down and abandoning module AISafari (87)
[2016.02.17-01.57.58:667][571]LogModuleManager: Shutting down and abandoning module UdpMessaging (86)
[2016.02.17-01.57.58:768][571]LogModuleManager: Shutting down and abandoning module LightPropagationVolumeRuntime (85)
[2016.02.17-01.57.58:768][571]LogModuleManager: Shutting down and abandoning module Paper2D (84)
[2016.02.17-01.57.58:768][571]LogModuleManager: Shutting down and abandoning module WindowsMoviePlayer (83)
[2016.02.17-01.57.58:769][571]LogModuleManager: Shutting down and abandoning module Media (82)
[2016.02.17-01.57.58:769][571]LogModuleManager: Shutting down and abandoning module WmfMedia (81)
[2016.02.17-01.57.58:769][571]LogModuleManager: Shutting down and abandoning module OnlineBlueprintSupport (80)
[2016.02.17-01.57.58:769][571]LogModuleManager: Shutting down and abandoning module GameplayTasksEditor (79)
[2016.02.17-01.57.58:769][571]LogModuleManager: Shutting down and abandoning module PropertyEditor (78)
[2016.02.17-01.57.58:770][571]LogModuleManager: Shutting down and abandoning module BehaviorTreeEditor (77)
[2016.02.17-01.57.58:770][571]LogModuleManager: Shutting down and abandoning module FunctionalTesting (76)
[2016.02.17-01.57.58:770][571]LogModuleManager: Shutting down and abandoning module CollisionAnalyzer (75)
[2016.02.17-01.57.58:770][571]LogModuleManager: Shutting down and abandoning module WorkspaceMenuStructure (74)
[2016.02.17-01.57.58:770][571]LogModuleManager: Shutting down and abandoning module MessageLog (73)
[2016.02.17-01.57.58:770][571]LogModuleManager: Shutting down and abandoning module Sequencer (72)
[2016.02.17-01.57.58:770][571]LogModuleManager: Shutting down and abandoning module AssetTools (71)
[2016.02.17-01.57.58:770][571]LogModuleManager: Shutting down and abandoning module UMGEditor (70)
[2016.02.17-01.57.58:770][571]LogModuleManager: Shutting down and abandoning module UMG (69)
[2016.02.17-01.57.58:770][571]LogModuleManager: Shutting down and abandoning module Slate (68)
[2016.02.17-01.57.58:770][571]LogModuleManager: Shutting down and abandoning module EditorStyle (67)
[2016.02.17-01.57.58:771][571]LogModuleManager: Shutting down and abandoning module SessionServices (66)
[2016.02.17-01.57.58:771][571]LogModuleManager: Shutting down and abandoning module SourceCodeAccess (65)
[2016.02.17-01.57.58:771][571]LogModuleManager: Shutting down and abandoning module HeadMountedDisplay (64)
[2016.02.17-01.57.58:771][571]LogModuleManager: Shutting down and abandoning module XAudio2 (63)
[2016.02.17-01.57.58:771][571]LogModuleManager: Shutting down and abandoning module Networking (61)
[2016.02.17-01.57.58:771][571]LogModuleManager: Shutting down and abandoning module Core (60)
[2016.02.17-01.57.58:771][571]LogModuleManager: Shutting down and abandoning module KismetCompiler (59)
[2016.02.17-01.57.58:771][571]LogModuleManager: Shutting down and abandoning module PhysXFormats (58)
[2016.02.17-01.57.58:771][571]LogModuleManager: Shutting down and abandoning module MeshUtilities (57)
[2016.02.17-01.57.58:771][571]LogModuleManager: Shutting down and abandoning module DerivedDataCache (56)
[2016.02.17-01.57.58:864][571]LogDerivedDataCache: Shutdown
[2016.02.17-01.57.58:864][571]LogModuleManager: Shutting down and abandoning module ShaderFormatOpenGL (55)
[2016.02.17-01.57.58:864][571]LogModuleManager: Shutting down and abandoning module ShaderFormatD3D (54)
[2016.02.17-01.57.58:864][571]LogModuleManager: Shutting down and abandoning module MetalShaderFormat (53)
[2016.02.17-01.57.58:864][571]LogModuleManager: Shutting down and abandoning module TextureFormatUncompressed (52)
[2016.02.17-01.57.58:864][571]LogModuleManager: Shutting down and abandoning module TextureFormatPVR (51)
[2016.02.17-01.57.58:864][571]LogModuleManager: Shutting down and abandoning module TextureFormatIntelISPCTexComp (50)
[2016.02.17-01.57.58:864][571]LogModuleManager: Shutting down and abandoning module TextureFormatDXT (49)
[2016.02.17-01.57.58:864][571]LogModuleManager: Shutting down and abandoning module ImageWrapper (48)
[2016.02.17-01.57.58:864][571]LogModuleManager: Shutting down and abandoning module TextureFormatASTC (47)
[2016.02.17-01.57.58:864][571]LogModuleManager: Shutting down and abandoning module TextureFormatAndroid (46)
[2016.02.17-01.57.58:864][571]LogModuleManager: Shutting down and abandoning module AudioFormatOpus (45)
[2016.02.17-01.57.58:864][571]LogModuleManager: Shutting down and abandoning module AudioFormatOgg (44)
[2016.02.17-01.57.58:864][571]LogModuleManager: Shutting down and abandoning module AudioFormatADPCM (43)
[2016.02.17-01.57.58:864][571]LogModuleManager: Shutting down and abandoning module LinuxTargetPlatform (42)
[2016.02.17-01.57.58:864][571]LogModuleManager: Shutting down and abandoning module LinuxServerTargetPlatform (41)
[2016.02.17-01.57.58:864][571]LogModuleManager: Shutting down and abandoning module LinuxNoEditorTargetPlatform (40)
[2016.02.17-01.57.58:864][571]LogModuleManager: Shutting down and abandoning module Messaging (39)
[2016.02.17-01.57.58:864][571]LogModuleManager: Shutting down and abandoning module IOSTargetPlatform (38)
[2016.02.17-01.57.58:864][571]LogModuleManager: Shutting down and abandoning module HTML5TargetPlatform (37)
[2016.02.17-01.57.58:864][571]LogModuleManager: Shutting down and abandoning module Android_PVRTCTargetPlatform (36)
[2016.02.17-01.57.58:864][571]LogModuleManager: Shutting down and abandoning module Android_MultiTargetPlatform (35)
[2016.02.17-01.57.58:864][571]LogModuleManager: Shutting down and abandoning module Android_ETC2TargetPlatform (34)
[2016.02.17-01.57.58:864][571]LogModuleManager: Shutting down and abandoning module Android_ETC1TargetPlatform (33)
[2016.02.17-01.57.58:864][571]LogModuleManager: Shutting down and abandoning module Android_DXTTargetPlatform (32)
[2016.02.17-01.57.58:864][571]LogModuleManager: Shutting down and abandoning module Android_ATCTargetPlatform (31)
[2016.02.17-01.57.58:864][571]LogModuleManager: Shutting down and abandoning module Android_ASTCTargetPlatform (30)
[2016.02.17-01.57.58:864][571]LogModuleManager: Shutting down and abandoning module AndroidTargetPlatform (29)
[2016.02.17-01.57.58:864][571]LogModuleManager: Shutting down and abandoning module WindowsTargetPlatform (28)
[2016.02.17-01.57.58:864][571]LogModuleManager: Shutting down and abandoning module WindowsServerTargetPlatform (27)
[2016.02.17-01.57.58:864][571]LogModuleManager: Shutting down and abandoning module WindowsNoEditorTargetPlatform (26)
[2016.02.17-01.57.58:864][571]LogModuleManager: Shutting down and abandoning module WindowsClientTargetPlatform (25)
[2016.02.17-01.57.58:864][571]LogModuleManager: Shutting down and abandoning module AllDesktopTargetPlatform (24)
[2016.02.17-01.57.58:864][571]LogModuleManager: Shutting down and abandoning module TargetPlatform (23)
[2016.02.17-01.57.58:864][571]LogModuleManager: Shutting down and abandoning module InputCore (22)
[2016.02.17-01.57.58:864][571]LogModuleManager: Shutting down and abandoning module Settings (21)
[2016.02.17-01.57.58:864][571]LogModuleManager: Shutting down and abandoning module OnlineSubsystem (19)
[2016.02.17-01.57.58:864][571]LogModuleManager: Shutting down and abandoning module HTTP (18)
[2016.02.17-01.57.59:867][571]LogModuleManager: Shutting down and abandoning module XMPP (17)
[2016.02.17-01.57.59:867][571]LogModuleManager: Shutting down and abandoning module OculusRift (16)
[2016.02.17-01.57.59:867][571]LogModuleManager: Shutting down and abandoning module ExampleDeviceProfileSelector (15)
[2016.02.17-01.57.59:867][571]LogModuleManager: Shutting down and abandoning module TextureCompressor (14)
[2016.02.17-01.57.59:867][571]LogModuleManager: Shutting down and abandoning module ShaderCore (13)
[2016.02.17-01.57.59:867][571]LogModuleManager: Shutting down and abandoning module Landscape (12)
[2016.02.17-01.57.59:867][571]LogModuleManager: Shutting down and abandoning module SlateRHIRenderer (11)
[2016.02.17-01.57.59:867][571]LogModuleManager: Shutting down and abandoning module OpenGLDrv (10)
[2016.02.17-01.57.59:867][571]LogModuleManager: Shutting down and abandoning module D3D11RHI (9)
[2016.02.17-01.57.59:867][571]LogModuleManager: Shutting down and abandoning module AnimGraphRuntime (8)
[2016.02.17-01.57.59:867][571]LogModuleManager: Shutting down and abandoning module Renderer (7)
[2016.02.17-01.57.59:867][571]LogModuleManager: Shutting down and abandoning module Engine (6)
[2016.02.17-01.57.59:867][571]LogModuleManager: Shutting down and abandoning module CoreUObject (5)
[2016.02.17-01.57.59:867][571]LogModuleManager: Shutting down and abandoning module NetworkFile (4)
[2016.02.17-01.57.59:867][571]LogModuleManager: Shutting down and abandoning module StreamingFile (3)
[2016.02.17-01.57.59:867][571]LogModuleManager: Shutting down and abandoning module SandboxFile (2)
[2016.02.17-01.57.59:867][571]LogModuleManager: Shutting down and abandoning module PakFile (1)
[2016.02.17-01.57.59:868][571]LogExit: Exiting.
[2016.02.17-01.57.59:875][571]Log file closed, 02/16/16 20:57:59
