[2016.02.16-02.09.35:298][  0]Log file open, 02/15/16 21:09:35
[2016.02.16-02.09.35:298][  0]LogInit:Display: Running engine for game: AISafari
[2016.02.16-02.09.35:298][  0]LogInit:Display: RandInit(-1466863932) SRandInit(-1466863931).
[2016.02.16-02.09.35:298][  0]LogTaskGraph: Started task graph with 4 named threads and 7 total threads.
[2016.02.16-02.09.35:298][  0]LogStats: Stats thread started at 0.072545
[2016.02.16-02.09.35:298][  0]LogInit: Version: 4.9.2-2707645+++depot+UE4-Releases+4.9
[2016.02.16-02.09.35:298][  0]LogInit: API Version: 2672455
[2016.02.16-02.09.35:298][  0]LogInit: Compiled (64-bit): Sep 28 2015 10:25:44
[2016.02.16-02.09.35:298][  0]LogInit: Compiled with Visual C++: 18.00.21005.01
[2016.02.16-02.09.35:298][  0]LogInit: Build Configuration: Development
[2016.02.16-02.09.35:298][  0]LogInit: Branch Name: ++depot+UE4-Releases+4.9
[2016.02.16-02.09.35:298][  0]LogInit: Command line:  
[2016.02.16-02.09.35:298][  0]LogInit: Base directory: C:/Program Files (x86)/Epic Games/4.9/Engine/Binaries/Win64/
[2016.02.16-02.09.35:298][  0]LogInit: Rocket: 1
[2016.02.16-02.09.35:309][  0]LogInit: Using libcurl 7.41.0
[2016.02.16-02.09.35:309][  0]LogInit:  - built for x86_64-pc-win32
[2016.02.16-02.09.35:309][  0]LogInit:  - supports SSL with WinSSL
[2016.02.16-02.09.35:309][  0]LogInit:  - other features:
[2016.02.16-02.09.35:309][  0]LogInit:      CURL_VERSION_SSL
[2016.02.16-02.09.35:309][  0]LogInit:      CURL_VERSION_IPV6
[2016.02.16-02.09.35:309][  0]LogInit:      CURL_VERSION_ASYNCHDNS
[2016.02.16-02.09.35:309][  0]LogInit:      CURL_VERSION_LARGEFILE
[2016.02.16-02.09.35:309][  0]LogInit:      CURL_VERSION_IDN
[2016.02.16-02.09.35:309][  0]LogInit:  CurlRequestOptions (configurable via config and command line):
[2016.02.16-02.09.35:309][  0]LogInit:  - bVerifyPeer = true  - Libcurl will verify peer certificate
[2016.02.16-02.09.35:309][  0]LogInit:  - bUseHttpProxy = false  - Libcurl will NOT use HTTP proxy
[2016.02.16-02.09.35:309][  0]LogInit:  - bDontReuseConnections = false  - Libcurl will reuse connections
[2016.02.16-02.09.35:309][  0]LogInit:  - CertBundlePath = nullptr  - Libcurl will use whatever was configured at build time.
[2016.02.16-02.09.35:315][  0]LogInit: Presizing for 0 objects not considered by GC, pre-allocating 0 bytes.
[2016.02.16-02.09.35:320][  0]LogInit: Object subsystem initialized
[2016.02.16-02.09.35:321][  0]LogInit: Selected Device Profile: [Windows]
[2016.02.16-02.09.35:321][  0]LogInit: Applying CVar settings loaded from the selected device profile: [Windows]
[2016.02.16-02.09.35:328][  0]LogInit: Computer: ZEBRADESKTOP
[2016.02.16-02.09.35:328][  0]LogInit: User: Ryan
[2016.02.16-02.09.35:328][  0]LogInit: CPU Page size=4096, Cores=4
[2016.02.16-02.09.35:328][  0]LogInit: High frequency timer resolution =3.984648 MHz
[2016.02.16-02.09.35:328][  0]LogMemory: Memory total: Physical=15.9GB (16GB approx)
[2016.02.16-02.09.35:328][  0]LogMemory: Platform Memory Stats for Windows
[2016.02.16-02.09.35:328][  0]LogMemory: Process Physical Memory: 53.92 MB used, 53.92 MB peak
[2016.02.16-02.09.35:328][  0]LogMemory: Process Virtual Memory: 57.42 MB used, 57.42 MB peak
[2016.02.16-02.09.35:328][  0]LogMemory: Physical Memory: 7040.00 MB used, 16325.73 MB total
[2016.02.16-02.09.35:328][  0]LogMemory: Virtual Memory: 366.70 MB used, 134217728.00 MB total
[2016.02.16-02.09.35:354][  0]LogTextLocalizationManager: No specific translations for ('en-US') exist, so ('en') translations will be used.
[2016.02.16-02.09.35:935][  0]LogD3D11RHI: Found D3D11 adapter 0: NVIDIA GeForce GTX 780 (Feature Level 11_0)
[2016.02.16-02.09.35:935][  0]LogD3D11RHI: Adapter has 5971MB of dedicated video memory, 0MB of dedicated system memory, and 8162MB of shared system memory, 3 output[s]
[2016.02.16-02.09.35:936][  0]LogD3D11RHI: Found D3D11 adapter 1: Microsoft Basic Render Driver (Feature Level 11_0)
[2016.02.16-02.09.35:936][  0]LogD3D11RHI: Adapter has 0MB of dedicated video memory, 0MB of dedicated system memory, and 8162MB of shared system memory, 0 output[s]
[2016.02.16-02.09.35:936][  0]LogD3D11RHI: Chosen D3D11 Adapter Id = 0
[2016.02.16-02.09.35:942][  0]LogD3D11RHI: !Direct3DDevice
[2016.02.16-02.09.35:942][  0]LogRHI: Texture pool is 1361 MB (70% of 1945 MB)
[2016.02.16-02.09.35:956][  0]LogD3D11RHI: Async texture creation enabled
[2016.02.16-02.09.35:973][  0]LogShaderCompilers: Guid format shader working directory is 14 characters bigger than the processId version (Q:/Classes/3-2/AI/AISafari/Intermediate/Shaders/WorkingDirectory/30260/).
[2016.02.16-02.09.35:974][  0]LogShaderCompilers: Cleaned the shader compiler working directory 'Q:/Classes/3-2/AI/AISafari/Intermediate/Shaders/tmp/37A514B745624D5588200AA243A1825F/'.
[2016.02.16-02.09.35:974][  0]LogShaderCompilers:Display: Using Local Shader Compiler.
[2016.02.16-02.09.36:695][  0]LogTemp:Display: Loaded TP AllDesktopTargetPlatform
[2016.02.16-02.09.36:699][  0]LogTemp:Display: Loaded TP WindowsClientTargetPlatform
[2016.02.16-02.09.36:704][  0]LogTemp:Display: Loaded TP WindowsNoEditorTargetPlatform
[2016.02.16-02.09.36:708][  0]LogTemp:Display: Loaded TP WindowsServerTargetPlatform
[2016.02.16-02.09.36:712][  0]LogTemp:Display: Loaded TP WindowsTargetPlatform
[2016.02.16-02.09.36:715][  0]LogTemp:Display: Loaded TP AndroidTargetPlatform
[2016.02.16-02.09.36:717][  0]LogTemp:Display: Loaded TP Android_ASTCTargetPlatform
[2016.02.16-02.09.36:719][  0]LogTemp:Display: Loaded TP Android_ATCTargetPlatform
[2016.02.16-02.09.36:722][  0]LogTemp:Display: Loaded TP Android_DXTTargetPlatform
[2016.02.16-02.09.36:725][  0]LogTemp:Display: Loaded TP Android_ETC1TargetPlatform
[2016.02.16-02.09.36:727][  0]LogTemp:Display: Loaded TP Android_ETC2TargetPlatform
[2016.02.16-02.09.36:729][  0]LogTemp:Display: Loaded TP Android_PVRTCTargetPlatform
[2016.02.16-02.09.36:730][  0]LogTemp:Display: Loaded TP HTML5TargetPlatform
[2016.02.16-02.09.36:745][  0]LogTemp:Display: Loaded TP IOSTargetPlatform
[2016.02.16-02.09.36:747][  0]LogTemp:Display: Loaded TP LinuxNoEditorTargetPlatform
[2016.02.16-02.09.36:751][  0]LogTemp:Display: Loaded TP LinuxServerTargetPlatform
[2016.02.16-02.09.36:755][  0]LogTemp:Display: Loaded TP LinuxTargetPlatform
[2016.02.16-02.09.36:755][  0]LogTargetPlatformManager:Display: Building Assets For Windows
[2016.02.16-02.09.36:815][  0]LogDerivedDataCache:Display: Max Cache Size: 512 MB
[2016.02.16-02.09.36:848][  0]LogDerivedDataCache: Loaded boot cache 0.03s 41MB C:/Users/Ryan/AppData/Local/UnrealEngine/4.9/DerivedDataCache/Boot.ddc.
[2016.02.16-02.09.36:848][  0]LogDerivedDataCache:Display: Loaded Boot cache: C:/Users/Ryan/AppData/Local/UnrealEngine/4.9/DerivedDataCache/Boot.ddc
[2016.02.16-02.09.36:848][  0]LogDerivedDataCache: FDerivedDataBackendGraph:  Pak pak cache file Q:/Classes/3-2/AI/AISafari/DerivedDataCache/DDC.ddp not found, will not use a pak cache.
[2016.02.16-02.09.36:848][  0]LogDerivedDataCache: Unable to find inner node Pak for hierarchical cache Hierarchy.
[2016.02.16-02.09.36:848][  0]LogDerivedDataCache: FDerivedDataBackendGraph:  CompressedPak pak cache file Q:/Classes/3-2/AI/AISafari/DerivedDataCache/Compressed.ddp not found, will not use a pak cache.
[2016.02.16-02.09.36:848][  0]LogDerivedDataCache: Unable to find inner node CompressedPak for hierarchical cache Hierarchy.
[2016.02.16-02.09.36:945][  0]LogDerivedDataCache:Display: Pak cache opened for reading ../../../Engine/DerivedDataCache/Compressed.ddp.
[2016.02.16-02.09.36:956][  0]LogDerivedDataCache: Using Local data cache path C:/Users/Ryan/AppData/Local/UnrealEngine/Common/DerivedDataCache: Writable
[2016.02.16-02.09.37:074][  0]LogInit: Selected Device Profile: [Windows]
[2016.02.16-02.09.37:076][  0]LogContentStreaming: Texture pool size is 0.000000MB
[2016.02.16-02.09.37:154][  0]LogMeshUtilities: No automatic mesh reduction module available
[2016.02.16-02.09.37:154][  0]LogMeshUtilities: No automatic mesh merging module available
[2016.02.16-02.09.37:325][  0]LogInit: WinSock: version 1.1 (2.2), MaxSocks=32767, MaxUdp=65467
[2016.02.16-02.09.37:817][  0]UdpMessaging: Initializing bridge on interface 0.0.0.0:0 to multicast group 230.0.0.1:6666.
[2016.02.16-02.09.37:910][  0]LogAssetRegistry: FAssetRegistry took 0.0110 seconds to start up
[2016.02.16-02.09.38:017][  0]SourceControl: Info Source control is disabled
[2016.02.16-02.09.38:023][  0]SourceControl: Info Source control is disabled
[2016.02.16-02.09.38:032][  0]SourceControl: Info Source control is disabled
[2016.02.16-02.09.38:039][  0]SourceControl: Info Source control is disabled
[2016.02.16-02.09.38:131][  0]LogLinker:Warning: Asset '../../../Engine/Plugins/Runtime/LeapMotionController/Content/LM_PassthroughMaterial.uasset' has been saved with empty engine version. The asset will be loaded but may be incompatible.
[2016.02.16-02.09.38:181][  0]LogObj: 28380 objects as part of root set at end of initial load.
[2016.02.16-02.09.38:181][  0]LogUObjectAllocator: 6046584 out of 0 bytes used by permanent object pool.
[2016.02.16-02.09.38:223][  0]LogEngine: Initializing Engine...
[2016.02.16-02.09.38:225][  0]LogHMD: Can't find Oculus library dev build: is proper Runtime installed? Version: 0.7.0.0
[2016.02.16-02.09.38:225][  0]LogHMD: SteamVR failed to initialize.  Err: 110
[2016.02.16-02.09.38:309][  0]LogAIModule: Creating AISystem for world NewWorld
[2016.02.16-02.09.38:315][  0]LogInit: XAudio2 using 'Speakers (ASUS Xonar DGX Audio Device)' : 2 channels at 44.1 kHz using 16 bits per sample (channel mask 0x3)
[2016.02.16-02.09.38:319][  0]LogInit: FAudioDevice initialized.
[2016.02.16-02.09.38:337][  0]LogDerivedDataCache: Saved boot cache 0.02s 41MB C:/Users/Ryan/AppData/Local/UnrealEngine/4.9/DerivedDataCache/Boot.ddc.
[2016.02.16-02.09.38:341][  0]LogInit: Texture streaming: Enabled
[2016.02.16-02.09.38:345][  0]LogAnalytics: Creating configured Analytics provider AnalyticsET
[2016.02.16-02.09.38:345][  0]LogAnalytics: [UEEditor.Rocket.Release] APIServer = http://et2.epicgames.com/ET2/. AppVersion = 4.9.2-2707645+++depot+UE4-Releases+4.9
[2016.02.16-02.09.38:345][  0]LogAnalytics: [UEEditor.Rocket.Release] SetUserId d1f9beca401d8fe412e57fa88e66abb9|85745c8591404a23957796735eaccf05|defee072-9da8-4f68-a06a-f65b3a6c30bf
[2016.02.16-02.09.38:345][  0]LogAnalytics: [UEEditor.Rocket.Release] AnalyticsET::StartSession
[2016.02.16-02.09.38:370][  0]LogInit: Transaction tracking system initialized
[2016.02.16-02.09.38:391][  0]BlueprintLog: New page: Editor Load
[2016.02.16-02.09.38:445][  0]LocalizationService: Info Localization service is disabled
[2016.02.16-02.09.38:506][  0]LogConsoleResponse:Display: 
[2016.02.16-02.09.38:586][  0]LogCook:Display: Done creating registry. It took  0.00s.
[2016.02.16-02.09.38:624][  0]LogFileCache: Scanning file cache for directory 'Q:/Classes/3-2/AI/AISafari/Content/' took 0.01s
[2016.02.16-02.09.38:625][  0]SourceControl: Info Source control is disabled
[2016.02.16-02.09.38:625][  0]Cmd: MAP LOAD FILE="Q:/Classes/3-2/AI/AISafari/Content/StarterContent/Maps/Minimal_Default.umap" TEMPLATE=0 SHOWPROGRESS=1 FEATURELEVEL=3
[2016.02.16-02.09.38:625][  0]LightingResults: New page: Lighting Build
[2016.02.16-02.09.38:627][  0]MapCheck: New page: Map Check
[2016.02.16-02.09.38:627][  0]LightingResults: New page: Lighting Build
[2016.02.16-02.09.38:638][  0]LogParticles: Destroying 0 GPU particle simulations for FXSystem 0x000000287D397CE0
[2016.02.16-02.09.38:852][  0]LogAIModule: Creating AISystem for world Minimal_Default
[2016.02.16-02.09.38:857][  0]LogEditorServer: Finished looking for orphan Actors (0.000 secs)
[2016.02.16-02.09.38:857][  0]Cmd: MAP CHECKDEP NOCLEARLOG
[2016.02.16-02.09.38:893][  0]MapCheck: Info Map check complete: 0 Error(s), 0 Warning(s), took 35.779ms to complete.
[2016.02.16-02.09.38:893][  0]LogFileHelpers: Loading map 'Minimal_Default' took 0.268
[2016.02.16-02.09.39:005][  0]LogCollectionManager: Loaded 0 collections in 0.001688 seconds
[2016.02.16-02.09.39:043][  0]LogFileCache: Scanning file cache for directory 'Q:/Classes/3-2/AI/AISafari/Saved/Collections/' took 0.01s
[2016.02.16-02.09.39:043][  0]LogFileCache: Scanning file cache for directory 'Q:/Classes/3-2/AI/AISafari/Content/Developers/Ryan/Collections/' took 0.01s
[2016.02.16-02.09.39:043][  0]LogFileCache: Scanning file cache for directory 'Q:/Classes/3-2/AI/AISafari/Content/Collections/' took 0.01s
[2016.02.16-02.09.39:043][  0]LogContentBrowser: Native class hierarchy populated in 0.0062 seconds. Added 1871 classes and 336 folders.
[2016.02.16-02.09.39:058][  0]LogCollectionManager: Rebuilt the GUID cache for 0 collections in 0.000002 seconds
[2016.02.16-02.09.39:066][  0]LogContentBrowser: Native class hierarchy updated for 'WidgetCarousel' in 0.0010 seconds. Added 0 classes and 0 folders.
[2016.02.16-02.09.39:095][  0]LogContentBrowser: Native class hierarchy updated for 'AddContentDialog' in 0.0013 seconds. Added 0 classes and 0 folders.
[2016.02.16-02.09.39:100][  0]LogContentBrowser: Native class hierarchy updated for 'SceneOutliner' in 0.0008 seconds. Added 1 classes and 2 folders.
[2016.02.16-02.09.39:114][  0]LogCrashTracker: Crashtracker disabled due to settings.
[2016.02.16-02.09.39:118][  0]LogUObjectGlobals:Warning: Failed to find object 'Class None.'
[2016.02.16-02.09.39:141][  0]LogLoad: Full Startup: 4.49 seconds (BP compile: 0.03 seconds)
[2016.02.16-02.09.39:196][  0]LogContentStreaming: Texture pool size now 1000 MB
[2016.02.16-02.09.39:283][  0]LogRenderer: Reallocating scene render targets to support 1208x600 (Frame:2).
[2016.02.16-02.09.39:453][  2]LogAssetRegistry: Asset discovery search completed in 1.5541 seconds
[2016.02.16-02.09.39:453][  2]LogCollectionManager: Rebuilt the object cache for 0 collections in 0.000000 seconds (found 0 objects)
[2016.02.16-02.09.39:453][  2]LogCollectionManager: Fixed up redirectors for 0 collections in 0.000014 seconds (updated 0 objects)
[2016.02.16-02.09.50:217][737]LogEditorViewport: Clicking on Actor (LMB): BP_Sky_Sphere_C (BP_Sky_Sphere)
[2016.02.16-02.09.51:679][902]LogBlueprintUserMessages: Early PlayInEditor Detection: Level '/Game/StarterContent/Maps/Minimal_Default.Minimal_Default:PersistentLevel' has LevelScriptBlueprint '/Game/StarterContent/Maps/Minimal_Default.Minimal_Default:PersistentLevel.Minimal_Default' with GeneratedClass '/Game/StarterContent/Maps/Minimal_Default.Minimal_Default_C' with ClassGeneratedBy '/Game/StarterContent/Maps/Minimal_Default.Minimal_Default:PersistentLevel.Minimal_Default'
[2016.02.16-02.09.51:679][902]LogPlayLevel: PlayLevel: No blueprints needed recompiling
[2016.02.16-02.09.51:679][902]PIE: New page: PIE session: Minimal_Default (Feb 15, 2016, 4:09:51 PM)
[2016.02.16-02.09.51:679][902]LogPlayLevel: Creating play world package: /Game/StarterContent/Maps/UEDPIE_0_Minimal_Default
[2016.02.16-02.09.51:684][902]LogPlayLevel: PIE: StaticDuplicateObject took: (0.004908s)
[2016.02.16-02.09.51:684][902]LogAIModule: Creating AISystem for world Minimal_Default
[2016.02.16-02.09.51:685][902]LogPlayLevel: PIE: World Init took: (0.000773s)
[2016.02.16-02.09.51:685][902]LogPlayLevel: PIE: Created PIE world by copying editor world from /Game/StarterContent/Maps/Minimal_Default.Minimal_Default to /Game/StarterContent/Maps/UEDPIE_0_Minimal_Default.Minimal_Default (0.005839s)
[2016.02.16-02.09.51:704][902]LogInit: XAudio2 using 'Speakers (ASUS Xonar DGX Audio Device)' : 2 channels at 44.1 kHz using 16 bits per sample (channel mask 0x3)
[2016.02.16-02.09.51:707][902]LogInit: FAudioDevice initialized.
[2016.02.16-02.09.51:753][902]LogWorld: Game class is 'AISafariGameMode'
[2016.02.16-02.09.51:755][902]LogWorld: Bringing World /Game/StarterContent/Maps/UEDPIE_0_Minimal_Default.Minimal_Default up for play (max tick rate 0) at 2016.02.15-21.09.51
[2016.02.16-02.09.51:755][902]LogActor:Warning: GameSession /Game/StarterContent/Maps/UEDPIE_0_Minimal_Default.Minimal_Default:PersistentLevel.GameSession_0 has natively added scene component(s), but none of them were set as the actor's RootComponent - picking one arbitrarily
[2016.02.16-02.09.51:755][902]LogActor:Warning: GameNetworkManager /Game/StarterContent/Maps/UEDPIE_0_Minimal_Default.Minimal_Default:PersistentLevel.GameNetworkManager_0 has natively added scene component(s), but none of them were set as the actor's RootComponent - picking one arbitrarily
[2016.02.16-02.09.51:755][902]LogWorld: Bringing up level for play took: 0.001543
[2016.02.16-02.09.52:110][902]PIE: Info Play in editor start time for /Game/StarterContent/Maps/UEDPIE_0_Minimal_Default 0.937
[2016.02.16-02.09.52:111][902]LogBlueprintUserMessages: Late PlayInEditor Detection: Level '/Game/StarterContent/Maps/Minimal_Default.Minimal_Default:PersistentLevel' has LevelScriptBlueprint '/Game/StarterContent/Maps/Minimal_Default.Minimal_Default:PersistentLevel.Minimal_Default' with GeneratedClass '/Game/StarterContent/Maps/Minimal_Default.Minimal_Default_C' with ClassGeneratedBy '/Game/StarterContent/Maps/Minimal_Default.Minimal_Default:PersistentLevel.Minimal_Default'
[2016.02.16-02.10.10:325][902]LogCrashTracker: 


[2016.02.16-02.10.10:325][902]LogCrashTracker: 


[2016.02.16-02.10.10:325][902]LogWindows: === Critical error: ===
Fatal error!



[2016.02.16-02.10.10:417][902]LogExit: Executing StaticShutdownAfterError
[2016.02.16-02.10.10:436][902]LogPhysics:Warning: PHYSX: ..\..\PhysX\src\NpScene.cpp (2946) 8 : PxScene::unlockWrite() called without matching call to PxScene::lockWrite(), behaviour will be undefined.
[2016.02.16-02.10.10:436][902]LogPhysics:Warning: PHYSX: ..\..\PhysX\src\NpScene.cpp (2946) 8 : PxScene::unlockWrite() called without matching call to PxScene::lockWrite(), behaviour will be undefined.
[2016.02.16-02.10.10:436][902]LogPhysics:Warning: PHYSX: ..\..\PhysX\src\NpScene.cpp (2946) 8 : PxScene::unlockWrite() called without matching call to PxScene::lockWrite(), behaviour will be undefined.
[2016.02.16-02.10.10:437][902]LogPhysics:Warning: PHYSX: ..\..\PhysX\src\NpScene.cpp (2946) 8 : PxScene::unlockWrite() called without matching call to PxScene::lockWrite(), behaviour will be undefined.
[2016.02.16-02.10.10:437][902]LogWindows: FPlatformMisc::RequestExit(1)
[2016.02.16-02.10.10:437][902]Log file closed, 02/15/16 21:10:10
