[2016.02.15-20.43.57:334][  0]Log file open, 02/15/16 15:43:57
[2016.02.15-20.43.57:334][  0]LogInit:Display: Running engine for game: AISafari
[2016.02.15-20.43.57:334][  0]LogInit:Display: RandInit(-2011369819) SRandInit(-2011369819).
[2016.02.15-20.43.57:334][  0]LogTaskGraph: Started task graph with 4 named threads and 7 total threads.
[2016.02.15-20.43.57:334][  0]LogStats: Stats thread started at 0.123127
[2016.02.15-20.43.57:334][  0]LogInit: Version: 4.9.2-2707645+++depot+UE4-Releases+4.9
[2016.02.15-20.43.57:334][  0]LogInit: API Version: 2672455
[2016.02.15-20.43.57:334][  0]LogInit: Compiled (64-bit): Sep 28 2015 10:25:44
[2016.02.15-20.43.57:334][  0]LogInit: Compiled with Visual C++: 18.00.21005.01
[2016.02.15-20.43.57:334][  0]LogInit: Build Configuration: Development
[2016.02.15-20.43.57:334][  0]LogInit: Branch Name: ++depot+UE4-Releases+4.9
[2016.02.15-20.43.57:334][  0]LogInit: Command line:  
[2016.02.15-20.43.57:334][  0]LogInit: Base directory: C:/Program Files (x86)/Epic Games/4.9/Engine/Binaries/Win64/
[2016.02.15-20.43.57:334][  0]LogInit: Rocket: 1
[2016.02.15-20.43.57:402][  0]LogInit: Using libcurl 7.41.0
[2016.02.15-20.43.57:402][  0]LogInit:  - built for x86_64-pc-win32
[2016.02.15-20.43.57:402][  0]LogInit:  - supports SSL with WinSSL
[2016.02.15-20.43.57:402][  0]LogInit:  - other features:
[2016.02.15-20.43.57:402][  0]LogInit:      CURL_VERSION_SSL
[2016.02.15-20.43.57:402][  0]LogInit:      CURL_VERSION_IPV6
[2016.02.15-20.43.57:402][  0]LogInit:      CURL_VERSION_ASYNCHDNS
[2016.02.15-20.43.57:402][  0]LogInit:      CURL_VERSION_LARGEFILE
[2016.02.15-20.43.57:402][  0]LogInit:      CURL_VERSION_IDN
[2016.02.15-20.43.57:403][  0]LogInit:  CurlRequestOptions (configurable via config and command line):
[2016.02.15-20.43.57:403][  0]LogInit:  - bVerifyPeer = true  - Libcurl will verify peer certificate
[2016.02.15-20.43.57:403][  0]LogInit:  - bUseHttpProxy = false  - Libcurl will NOT use HTTP proxy
[2016.02.15-20.43.57:403][  0]LogInit:  - bDontReuseConnections = false  - Libcurl will reuse connections
[2016.02.15-20.43.57:403][  0]LogInit:  - CertBundlePath = nullptr  - Libcurl will use whatever was configured at build time.
[2016.02.15-20.43.57:428][  0]LogInit: Presizing for 0 objects not considered by GC, pre-allocating 0 bytes.
[2016.02.15-20.43.57:433][  0]LogInit: Object subsystem initialized
[2016.02.15-20.43.57:434][  0]LogInit: Selected Device Profile: [Windows]
[2016.02.15-20.43.57:434][  0]LogInit: Applying CVar settings loaded from the selected device profile: [Windows]
[2016.02.15-20.43.57:445][  0]LogInit: Computer: ZEBRADESKTOP
[2016.02.15-20.43.57:445][  0]LogInit: User: Ryan
[2016.02.15-20.43.57:445][  0]LogInit: CPU Page size=4096, Cores=4
[2016.02.15-20.43.57:445][  0]LogInit: High frequency timer resolution =3.984648 MHz
[2016.02.15-20.43.57:445][  0]LogMemory: Memory total: Physical=15.9GB (16GB approx)
[2016.02.15-20.43.57:445][  0]LogMemory: Platform Memory Stats for Windows
[2016.02.15-20.43.57:445][  0]LogMemory: Process Physical Memory: 53.92 MB used, 53.92 MB peak
[2016.02.15-20.43.57:445][  0]LogMemory: Process Virtual Memory: 55.43 MB used, 55.43 MB peak
[2016.02.15-20.43.57:445][  0]LogMemory: Physical Memory: 5172.79 MB used, 16325.73 MB total
[2016.02.15-20.43.57:445][  0]LogMemory: Virtual Memory: 364.76 MB used, 134217728.00 MB total
[2016.02.15-20.43.57:580][  0]LogTextLocalizationManager: No specific translations for ('en-US') exist, so ('en') translations will be used.
[2016.02.15-20.43.58:191][  0]LogD3D11RHI: Found D3D11 adapter 0: NVIDIA GeForce GTX 780 (Feature Level 11_0)
[2016.02.15-20.43.58:191][  0]LogD3D11RHI: Adapter has 5971MB of dedicated video memory, 0MB of dedicated system memory, and 8162MB of shared system memory, 3 output[s]
[2016.02.15-20.43.58:192][  0]LogD3D11RHI: Found D3D11 adapter 1: Microsoft Basic Render Driver (Feature Level 11_0)
[2016.02.15-20.43.58:192][  0]LogD3D11RHI: Adapter has 0MB of dedicated video memory, 0MB of dedicated system memory, and 8162MB of shared system memory, 0 output[s]
[2016.02.15-20.43.58:192][  0]LogD3D11RHI: Chosen D3D11 Adapter Id = 0
[2016.02.15-20.43.58:196][  0]LogD3D11RHI: !Direct3DDevice
[2016.02.15-20.43.58:196][  0]LogRHI: Texture pool is 1361 MB (70% of 1945 MB)
[2016.02.15-20.43.58:208][  0]LogD3D11RHI: Async texture creation enabled
[2016.02.15-20.43.58:225][  0]LogShaderCompilers: Guid format shader working directory is 14 characters bigger than the processId version (Q:/Classes/3-2/AI/AISafari/Intermediate/Shaders/WorkingDirectory/20292/).
[2016.02.15-20.43.58:225][  0]LogShaderCompilers: Cleaned the shader compiler working directory 'Q:/Classes/3-2/AI/AISafari/Intermediate/Shaders/tmp/DB377B834E9C6592C24AE6BF07C5A40A/'.
[2016.02.15-20.43.58:225][  0]LogShaderCompilers:Display: Using Local Shader Compiler.
[2016.02.15-20.43.59:580][  0]LogTemp:Display: Loaded TP AllDesktopTargetPlatform
[2016.02.15-20.43.59:584][  0]LogTemp:Display: Loaded TP WindowsClientTargetPlatform
[2016.02.15-20.43.59:587][  0]LogTemp:Display: Loaded TP WindowsNoEditorTargetPlatform
[2016.02.15-20.43.59:591][  0]LogTemp:Display: Loaded TP WindowsServerTargetPlatform
[2016.02.15-20.43.59:594][  0]LogTemp:Display: Loaded TP WindowsTargetPlatform
[2016.02.15-20.43.59:598][  0]LogTemp:Display: Loaded TP AndroidTargetPlatform
[2016.02.15-20.43.59:600][  0]LogTemp:Display: Loaded TP Android_ASTCTargetPlatform
[2016.02.15-20.43.59:602][  0]LogTemp:Display: Loaded TP Android_ATCTargetPlatform
[2016.02.15-20.43.59:604][  0]LogTemp:Display: Loaded TP Android_DXTTargetPlatform
[2016.02.15-20.43.59:606][  0]LogTemp:Display: Loaded TP Android_ETC1TargetPlatform
[2016.02.15-20.43.59:608][  0]LogTemp:Display: Loaded TP Android_ETC2TargetPlatform
[2016.02.15-20.43.59:611][  0]LogTemp:Display: Loaded TP Android_PVRTCTargetPlatform
[2016.02.15-20.43.59:611][  0]LogTemp:Display: Loaded TP HTML5TargetPlatform
[2016.02.15-20.43.59:644][  0]LogTemp:Display: Loaded TP IOSTargetPlatform
[2016.02.15-20.43.59:646][  0]LogTemp:Display: Loaded TP LinuxNoEditorTargetPlatform
[2016.02.15-20.43.59:648][  0]LogTemp:Display: Loaded TP LinuxServerTargetPlatform
[2016.02.15-20.43.59:652][  0]LogTemp:Display: Loaded TP LinuxTargetPlatform
[2016.02.15-20.43.59:652][  0]LogTargetPlatformManager:Display: Building Assets For Windows
[2016.02.15-20.43.59:857][  0]LogDerivedDataCache:Display: Max Cache Size: 512 MB
[2016.02.15-20.43.59:971][  0]LogDerivedDataCache: Loaded boot cache 0.11s 41MB C:/Users/Ryan/AppData/Local/UnrealEngine/4.9/DerivedDataCache/Boot.ddc.
[2016.02.15-20.43.59:971][  0]LogDerivedDataCache:Display: Loaded Boot cache: C:/Users/Ryan/AppData/Local/UnrealEngine/4.9/DerivedDataCache/Boot.ddc
[2016.02.15-20.43.59:972][  0]LogDerivedDataCache: FDerivedDataBackendGraph:  Pak pak cache file Q:/Classes/3-2/AI/AISafari/DerivedDataCache/DDC.ddp not found, will not use a pak cache.
[2016.02.15-20.43.59:972][  0]LogDerivedDataCache: Unable to find inner node Pak for hierarchical cache Hierarchy.
[2016.02.15-20.43.59:972][  0]LogDerivedDataCache: FDerivedDataBackendGraph:  CompressedPak pak cache file Q:/Classes/3-2/AI/AISafari/DerivedDataCache/Compressed.ddp not found, will not use a pak cache.
[2016.02.15-20.43.59:972][  0]LogDerivedDataCache: Unable to find inner node CompressedPak for hierarchical cache Hierarchy.
[2016.02.15-20.44.00:081][  0]LogDerivedDataCache:Display: Pak cache opened for reading ../../../Engine/DerivedDataCache/Compressed.ddp.
[2016.02.15-20.44.00:099][  0]LogDerivedDataCache: Using Local data cache path C:/Users/Ryan/AppData/Local/UnrealEngine/Common/DerivedDataCache: Writable
[2016.02.15-20.44.02:291][  0]LogInit: Selected Device Profile: [Windows]
[2016.02.15-20.44.02:300][  0]LogContentStreaming: Texture pool size is 0.000000MB
[2016.02.15-20.44.02:465][  0]LogMeshUtilities: No automatic mesh reduction module available
[2016.02.15-20.44.02:465][  0]LogMeshUtilities: No automatic mesh merging module available
[2016.02.15-20.44.02:878][  0]LogInit: WinSock: version 1.1 (2.2), MaxSocks=32767, MaxUdp=65467
[2016.02.15-20.44.04:268][  0]UdpMessaging: Initializing bridge on interface 0.0.0.0:0 to multicast group 230.0.0.1:6666.
[2016.02.15-20.44.04:408][  0]LogAssetRegistry: FAssetRegistry took 0.0125 seconds to start up
[2016.02.15-20.44.04:768][  0]SourceControl: Info Source control is disabled
[2016.02.15-20.44.04:806][  0]SourceControl: Info Source control is disabled
[2016.02.15-20.44.04:816][  0]SourceControl: Info Source control is disabled
[2016.02.15-20.44.04:826][  0]SourceControl: Info Source control is disabled
[2016.02.15-20.44.04:996][  0]LogLinker:Warning: Asset '../../../Engine/Plugins/Runtime/LeapMotionController/Content/LM_PassthroughMaterial.uasset' has been saved with empty engine version. The asset will be loaded but may be incompatible.
[2016.02.15-20.44.05:082][  0]LogObj: 28380 objects as part of root set at end of initial load.
[2016.02.15-20.44.05:082][  0]LogUObjectAllocator: 6046584 out of 0 bytes used by permanent object pool.
[2016.02.15-20.44.05:161][  0]LogEngine: Initializing Engine...
[2016.02.15-20.44.05:164][  0]LogHMD: Can't find Oculus library dev build: is proper Runtime installed? Version: 0.7.0.0
[2016.02.15-20.44.05:172][  0]LogHMD: SteamVR failed to initialize.  Err: 110
[2016.02.15-20.44.05:341][  0]LogAIModule: Creating AISystem for world NewWorld
[2016.02.15-20.44.05:354][  0]LogInit: XAudio2 using 'Speakers (ASUS Xonar DGX Audio Device)' : 2 channels at 44.1 kHz using 16 bits per sample (channel mask 0x3)
[2016.02.15-20.44.05:360][  0]LogInit: FAudioDevice initialized.
[2016.02.15-20.44.05:378][  0]LogDerivedDataCache: Saved boot cache 0.02s 41MB C:/Users/Ryan/AppData/Local/UnrealEngine/4.9/DerivedDataCache/Boot.ddc.
[2016.02.15-20.44.05:382][  0]LogInit: Texture streaming: Enabled
[2016.02.15-20.44.05:388][  0]LogAnalytics: Creating configured Analytics provider AnalyticsET
[2016.02.15-20.44.05:389][  0]LogAnalytics: [UEEditor.Rocket.Release] APIServer = http://et2.epicgames.com/ET2/. AppVersion = 4.9.2-2707645+++depot+UE4-Releases+4.9
[2016.02.15-20.44.05:389][  0]LogAnalytics: [UEEditor.Rocket.Release] SetUserId d1f9beca401d8fe412e57fa88e66abb9|85745c8591404a23957796735eaccf05|defee072-9da8-4f68-a06a-f65b3a6c30bf
[2016.02.15-20.44.05:389][  0]LogAnalytics: [UEEditor.Rocket.Release] AnalyticsET::StartSession
[2016.02.15-20.44.05:431][  0]LogInit: Transaction tracking system initialized
[2016.02.15-20.44.05:467][  0]BlueprintLog: New page: Editor Load
[2016.02.15-20.44.05:606][  0]LocalizationService: Info Localization service is disabled
[2016.02.15-20.44.05:724][  0]LogConsoleResponse:Display: 
[2016.02.15-20.44.05:945][  0]LogFileCache: Scanning file cache for directory 'Q:/Classes/3-2/AI/AISafari/Content/' took 0.01s
[2016.02.15-20.44.05:945][  0]LogCook:Display: Done creating registry. It took  0.00s.
[2016.02.15-20.44.06:042][  0]SourceControl: Info Source control is disabled
[2016.02.15-20.44.06:045][  0]Cmd: MAP LOAD FILE="Q:/Classes/3-2/AI/AISafari/Content/StarterContent/Maps/Minimal_Default.umap" TEMPLATE=0 SHOWPROGRESS=1 FEATURELEVEL=3
[2016.02.15-20.44.06:083][  0]LightingResults: New page: Lighting Build
[2016.02.15-20.44.06:097][  0]MapCheck: New page: Map Check
[2016.02.15-20.44.06:097][  0]LightingResults: New page: Lighting Build
[2016.02.15-20.44.06:126][  0]LogParticles: Destroying 0 GPU particle simulations for FXSystem 0x000000E1D2253CE0
[2016.02.15-20.44.06:549][  0]LogAIModule: Creating AISystem for world Minimal_Default
[2016.02.15-20.44.06:585][  0]LogEditorServer: Finished looking for orphan Actors (0.000 secs)
[2016.02.15-20.44.06:591][  0]Cmd: MAP CHECKDEP NOCLEARLOG
[2016.02.15-20.44.06:621][  0]MapCheck: Info Map check complete: 0 Error(s), 0 Warning(s), took 30.308ms to complete.
[2016.02.15-20.44.06:621][  0]LogFileHelpers: Loading map 'Minimal_Default' took 0.578
[2016.02.15-20.44.06:882][  0]LogCollectionManager: Loaded 0 collections in 0.001638 seconds
[2016.02.15-20.44.06:928][  0]LogFileCache: Scanning file cache for directory 'Q:/Classes/3-2/AI/AISafari/Saved/Collections/' took 0.01s
[2016.02.15-20.44.06:928][  0]LogFileCache: Scanning file cache for directory 'Q:/Classes/3-2/AI/AISafari/Content/Developers/Ryan/Collections/' took 0.01s
[2016.02.15-20.44.06:928][  0]LogFileCache: Scanning file cache for directory 'Q:/Classes/3-2/AI/AISafari/Content/Collections/' took 0.01s
[2016.02.15-20.44.06:928][  0]LogContentBrowser: Native class hierarchy populated in 0.0096 seconds. Added 1871 classes and 336 folders.
[2016.02.15-20.44.06:949][  0]LogCollectionManager: Rebuilt the GUID cache for 0 collections in 0.000002 seconds
[2016.02.15-20.44.06:958][  0]LogContentBrowser: Native class hierarchy updated for 'WidgetCarousel' in 0.0008 seconds. Added 0 classes and 0 folders.
[2016.02.15-20.44.07:151][  0]LogContentBrowser: Native class hierarchy updated for 'AddContentDialog' in 0.0008 seconds. Added 0 classes and 0 folders.
[2016.02.15-20.44.07:161][  0]LogContentBrowser: Native class hierarchy updated for 'SceneOutliner' in 0.0009 seconds. Added 1 classes and 2 folders.
[2016.02.15-20.44.07:228][  0]LogCrashTracker: Crashtracker disabled due to settings.
[2016.02.15-20.44.07:248][  0]LogUObjectGlobals:Warning: Failed to find object 'Class None.'
[2016.02.15-20.44.07:272][  0]LogLoad: Full Startup: 11.14 seconds (BP compile: 0.07 seconds)
[2016.02.15-20.44.07:374][  0]LogContentStreaming: Texture pool size now 1000 MB
[2016.02.15-20.44.07:512][  0]LogRenderer: Reallocating scene render targets to support 1208x600 (Frame:2).
[2016.02.15-20.44.07:647][  2]LogAssetRegistry: Asset discovery search completed in 3.2508 seconds
[2016.02.15-20.44.07:647][  2]LogCollectionManager: Rebuilt the object cache for 0 collections in 0.000001 seconds (found 0 objects)
[2016.02.15-20.44.07:647][  2]LogCollectionManager: Fixed up redirectors for 0 collections in 0.000350 seconds (updated 0 objects)
[2016.02.15-21.23.33:900][226]LogBlueprintUserMessages: Early PlayInEditor Detection: Level '/Game/StarterContent/Maps/Minimal_Default.Minimal_Default:PersistentLevel' has LevelScriptBlueprint '/Game/StarterContent/Maps/Minimal_Default.Minimal_Default:PersistentLevel.Minimal_Default' with GeneratedClass '/Game/StarterContent/Maps/Minimal_Default.Minimal_Default_C' with ClassGeneratedBy '/Game/StarterContent/Maps/Minimal_Default.Minimal_Default:PersistentLevel.Minimal_Default'
[2016.02.15-21.23.33:900][226]LogPlayLevel: PlayLevel: No blueprints needed recompiling
[2016.02.15-21.23.33:902][226]PIE: New page: PIE session: Minimal_Default (Feb 15, 2016, 11:23:33 AM)
[2016.02.15-21.23.33:903][226]LogPlayLevel: Creating play world package: /Game/StarterContent/Maps/UEDPIE_0_Minimal_Default
[2016.02.15-21.23.33:912][226]LogPlayLevel: PIE: StaticDuplicateObject took: (0.009098s)
[2016.02.15-21.23.33:913][226]LogAIModule: Creating AISystem for world Minimal_Default
[2016.02.15-21.23.33:913][226]LogPlayLevel: PIE: World Init took: (0.001373s)
[2016.02.15-21.23.33:914][226]LogPlayLevel: PIE: Created PIE world by copying editor world from /Game/StarterContent/Maps/Minimal_Default.Minimal_Default to /Game/StarterContent/Maps/UEDPIE_0_Minimal_Default.Minimal_Default (0.011069s)
[2016.02.15-21.23.33:936][226]LogInit: XAudio2 using 'Speakers (ASUS Xonar DGX Audio Device)' : 2 channels at 44.1 kHz using 16 bits per sample (channel mask 0x3)
[2016.02.15-21.23.33:939][226]LogInit: FAudioDevice initialized.
[2016.02.15-21.23.33:996][226]LogWorld: Game class is 'AISafariGameMode'
[2016.02.15-21.23.34:004][226]LogWorld: Bringing World /Game/StarterContent/Maps/UEDPIE_0_Minimal_Default.Minimal_Default up for play (max tick rate 0) at 2016.02.15-16.23.34
[2016.02.15-21.23.34:004][226]LogActor:Warning: GameSession /Game/StarterContent/Maps/UEDPIE_0_Minimal_Default.Minimal_Default:PersistentLevel.GameSession_0 has natively added scene component(s), but none of them were set as the actor's RootComponent - picking one arbitrarily
[2016.02.15-21.23.34:005][226]LogActor:Warning: GameNetworkManager /Game/StarterContent/Maps/UEDPIE_0_Minimal_Default.Minimal_Default:PersistentLevel.GameNetworkManager_0 has natively added scene component(s), but none of them were set as the actor's RootComponent - picking one arbitrarily
[2016.02.15-21.23.34:007][226]LogWorld: Bringing up level for play took: 0.005330
[2016.02.15-21.23.39:327][226]PIE: Info Play in editor start time for /Game/StarterContent/Maps/UEDPIE_0_Minimal_Default 6.154
[2016.02.15-21.23.39:327][226]LogBlueprintUserMessages: Late PlayInEditor Detection: Level '/Game/StarterContent/Maps/Minimal_Default.Minimal_Default:PersistentLevel' has LevelScriptBlueprint '/Game/StarterContent/Maps/Minimal_Default.Minimal_Default:PersistentLevel.Minimal_Default' with GeneratedClass '/Game/StarterContent/Maps/Minimal_Default.Minimal_Default_C' with ClassGeneratedBy '/Game/StarterContent/Maps/Minimal_Default.Minimal_Default:PersistentLevel.Minimal_Default'
[2016.02.15-21.23.57:055][213]LogBlueprintUserMessages: Early EndPlayMap Detection: Level '/Game/StarterContent/Maps/Minimal_Default.Minimal_Default:PersistentLevel' has LevelScriptBlueprint '/Game/StarterContent/Maps/Minimal_Default.Minimal_Default:PersistentLevel.Minimal_Default' with GeneratedClass '/Game/StarterContent/Maps/Minimal_Default.Minimal_Default_C' with ClassGeneratedBy '/Game/StarterContent/Maps/Minimal_Default.Minimal_Default:PersistentLevel.Minimal_Default'
[2016.02.15-21.23.57:096][213]LogBlueprintUserMessages: Late EndPlayMap Detection: Level '/Game/StarterContent/Maps/Minimal_Default.Minimal_Default:PersistentLevel' has LevelScriptBlueprint '/Game/StarterContent/Maps/Minimal_Default.Minimal_Default:PersistentLevel.Minimal_Default' with GeneratedClass '/Game/StarterContent/Maps/Minimal_Default.Minimal_Default_C' with ClassGeneratedBy '/Game/StarterContent/Maps/Minimal_Default.Minimal_Default:PersistentLevel.Minimal_Default'
[2016.02.15-21.23.57:107][213]LogParticles: Destroying 0 GPU particle simulations for FXSystem 0x000000E1AED905E0
[2016.02.15-21.24.09:485][907]LogVSAccessor:Warning: Visual Studio is open but could not be queried - it may be blocked by a modal operation
[2016.02.15-21.24.12:324][908]LogVSAccessor:Warning: Couldn't goto line number '0' in 'Q:/Classes/3-2/AI/AISafari/Source/AISafari/BaseClasses/FlockerManagerBase.h'
[2016.02.15-21.24.14:704][908]LogVSAccessor:Warning: Couldn't goto line number '0' in 'Q:/Classes/3-2/AI/AISafari/Source/AISafari/BaseClasses/FlockerManagerBase.cpp'
[2016.02.15-21.24.31:368][187]LogBlueprintUserMessages: Early PlayInEditor Detection: Level '/Game/StarterContent/Maps/Minimal_Default.Minimal_Default:PersistentLevel' has LevelScriptBlueprint '/Game/StarterContent/Maps/Minimal_Default.Minimal_Default:PersistentLevel.Minimal_Default' with GeneratedClass '/Game/StarterContent/Maps/Minimal_Default.Minimal_Default_C' with ClassGeneratedBy '/Game/StarterContent/Maps/Minimal_Default.Minimal_Default:PersistentLevel.Minimal_Default'
[2016.02.15-21.24.31:368][187]LogPlayLevel: PlayLevel: No blueprints needed recompiling
[2016.02.15-21.24.31:368][187]PIE: New page: PIE session: Minimal_Default (Feb 15, 2016, 11:24:31 AM)
[2016.02.15-21.24.31:368][187]LogPlayLevel: Creating play world package: /Game/StarterContent/Maps/UEDPIE_0_Minimal_Default
[2016.02.15-21.24.31:374][187]LogPlayLevel: PIE: StaticDuplicateObject took: (0.006128s)
[2016.02.15-21.24.31:375][187]LogAIModule: Creating AISystem for world Minimal_Default
[2016.02.15-21.24.31:375][187]LogPlayLevel: PIE: World Init took: (0.000749s)
[2016.02.15-21.24.31:375][187]LogPlayLevel: PIE: Created PIE world by copying editor world from /Game/StarterContent/Maps/Minimal_Default.Minimal_Default to /Game/StarterContent/Maps/UEDPIE_0_Minimal_Default.Minimal_Default (0.007102s)
[2016.02.15-21.24.31:391][187]LogInit: XAudio2 using 'Speakers (ASUS Xonar DGX Audio Device)' : 2 channels at 44.1 kHz using 16 bits per sample (channel mask 0x3)
[2016.02.15-21.24.31:394][187]LogInit: FAudioDevice initialized.
[2016.02.15-21.24.31:426][187]LogWorld: Game class is 'AISafariGameMode'
[2016.02.15-21.24.31:428][187]LogWorld: Bringing World /Game/StarterContent/Maps/UEDPIE_0_Minimal_Default.Minimal_Default up for play (max tick rate 0) at 2016.02.15-16.24.31
[2016.02.15-21.24.31:428][187]LogActor:Warning: GameSession /Game/StarterContent/Maps/UEDPIE_0_Minimal_Default.Minimal_Default:PersistentLevel.GameSession_1 has natively added scene component(s), but none of them were set as the actor's RootComponent - picking one arbitrarily
[2016.02.15-21.24.31:428][187]LogActor:Warning: GameNetworkManager /Game/StarterContent/Maps/UEDPIE_0_Minimal_Default.Minimal_Default:PersistentLevel.GameNetworkManager_1 has natively added scene component(s), but none of them were set as the actor's RootComponent - picking one arbitrarily
[2016.02.15-21.24.31:429][187]LogWorld: Bringing up level for play took: 0.001669
[2016.02.15-21.24.31:435][187]PIE: Info Play in editor start time for /Game/StarterContent/Maps/UEDPIE_0_Minimal_Default 0.261
[2016.02.15-21.24.31:435][187]LogBlueprintUserMessages: Late PlayInEditor Detection: Level '/Game/StarterContent/Maps/Minimal_Default.Minimal_Default:PersistentLevel' has LevelScriptBlueprint '/Game/StarterContent/Maps/Minimal_Default.Minimal_Default:PersistentLevel.Minimal_Default' with GeneratedClass '/Game/StarterContent/Maps/Minimal_Default.Minimal_Default_C' with ClassGeneratedBy '/Game/StarterContent/Maps/Minimal_Default.Minimal_Default:PersistentLevel.Minimal_Default'
[2016.02.15-21.24.33:579][439]LogBlueprintUserMessages: Early EndPlayMap Detection: Level '/Game/StarterContent/Maps/Minimal_Default.Minimal_Default:PersistentLevel' has LevelScriptBlueprint '/Game/StarterContent/Maps/Minimal_Default.Minimal_Default:PersistentLevel.Minimal_Default' with GeneratedClass '/Game/StarterContent/Maps/Minimal_Default.Minimal_Default_C' with ClassGeneratedBy '/Game/StarterContent/Maps/Minimal_Default.Minimal_Default:PersistentLevel.Minimal_Default'
[2016.02.15-21.24.33:611][439]LogBlueprintUserMessages: Late EndPlayMap Detection: Level '/Game/StarterContent/Maps/Minimal_Default.Minimal_Default:PersistentLevel' has LevelScriptBlueprint '/Game/StarterContent/Maps/Minimal_Default.Minimal_Default:PersistentLevel.Minimal_Default' with GeneratedClass '/Game/StarterContent/Maps/Minimal_Default.Minimal_Default_C' with ClassGeneratedBy '/Game/StarterContent/Maps/Minimal_Default.Minimal_Default:PersistentLevel.Minimal_Default'
[2016.02.15-21.24.33:631][440]LogParticles: Destroying 0 GPU particle simulations for FXSystem 0x000000E1BC293D80
[2016.02.15-21.24.34:446][532]LogBlueprintUserMessages: Early PlayInEditor Detection: Level '/Game/StarterContent/Maps/Minimal_Default.Minimal_Default:PersistentLevel' has LevelScriptBlueprint '/Game/StarterContent/Maps/Minimal_Default.Minimal_Default:PersistentLevel.Minimal_Default' with GeneratedClass '/Game/StarterContent/Maps/Minimal_Default.Minimal_Default_C' with ClassGeneratedBy '/Game/StarterContent/Maps/Minimal_Default.Minimal_Default:PersistentLevel.Minimal_Default'
[2016.02.15-21.24.34:447][532]LogPlayLevel: PlayLevel: No blueprints needed recompiling
[2016.02.15-21.24.34:447][532]PIE: New page: PIE session: Minimal_Default (Feb 15, 2016, 11:24:34 AM)
[2016.02.15-21.24.34:447][532]LogPlayLevel: Creating play world package: /Game/StarterContent/Maps/UEDPIE_0_Minimal_Default
[2016.02.15-21.24.34:451][532]LogPlayLevel: PIE: StaticDuplicateObject took: (0.004489s)
[2016.02.15-21.24.34:452][532]LogAIModule: Creating AISystem for world Minimal_Default
[2016.02.15-21.24.34:452][532]LogPlayLevel: PIE: World Init took: (0.000494s)
[2016.02.15-21.24.34:452][532]LogPlayLevel: PIE: Created PIE world by copying editor world from /Game/StarterContent/Maps/Minimal_Default.Minimal_Default to /Game/StarterContent/Maps/UEDPIE_0_Minimal_Default.Minimal_Default (0.005135s)
[2016.02.15-21.24.34:466][532]LogInit: XAudio2 using 'Speakers (ASUS Xonar DGX Audio Device)' : 2 channels at 44.1 kHz using 16 bits per sample (channel mask 0x3)
[2016.02.15-21.24.34:469][532]LogInit: FAudioDevice initialized.
[2016.02.15-21.24.34:499][532]LogWorld: Game class is 'AISafariGameMode'
[2016.02.15-21.24.34:501][532]LogWorld: Bringing World /Game/StarterContent/Maps/UEDPIE_0_Minimal_Default.Minimal_Default up for play (max tick rate 0) at 2016.02.15-16.24.34
[2016.02.15-21.24.34:501][532]LogActor:Warning: GameSession /Game/StarterContent/Maps/UEDPIE_0_Minimal_Default.Minimal_Default:PersistentLevel.GameSession_2 has natively added scene component(s), but none of them were set as the actor's RootComponent - picking one arbitrarily
[2016.02.15-21.24.34:501][532]LogActor:Warning: GameNetworkManager /Game/StarterContent/Maps/UEDPIE_0_Minimal_Default.Minimal_Default:PersistentLevel.GameNetworkManager_2 has natively added scene component(s), but none of them were set as the actor's RootComponent - picking one arbitrarily
[2016.02.15-21.24.34:502][532]LogWorld: Bringing up level for play took: 0.001638
[2016.02.15-21.24.34:507][532]PIE: Info Play in editor start time for /Game/StarterContent/Maps/UEDPIE_0_Minimal_Default -0.666
[2016.02.15-21.24.34:508][532]LogBlueprintUserMessages: Late PlayInEditor Detection: Level '/Game/StarterContent/Maps/Minimal_Default.Minimal_Default:PersistentLevel' has LevelScriptBlueprint '/Game/StarterContent/Maps/Minimal_Default.Minimal_Default:PersistentLevel.Minimal_Default' with GeneratedClass '/Game/StarterContent/Maps/Minimal_Default.Minimal_Default_C' with ClassGeneratedBy '/Game/StarterContent/Maps/Minimal_Default.Minimal_Default:PersistentLevel.Minimal_Default'
[2016.02.15-21.24.55:338][  4]LogBlueprintUserMessages: Early EndPlayMap Detection: Level '/Game/StarterContent/Maps/Minimal_Default.Minimal_Default:PersistentLevel' has LevelScriptBlueprint '/Game/StarterContent/Maps/Minimal_Default.Minimal_Default:PersistentLevel.Minimal_Default' with GeneratedClass '/Game/StarterContent/Maps/Minimal_Default.Minimal_Default_C' with ClassGeneratedBy '/Game/StarterContent/Maps/Minimal_Default.Minimal_Default:PersistentLevel.Minimal_Default'
[2016.02.15-21.24.55:365][  4]LogBlueprintUserMessages: Late EndPlayMap Detection: Level '/Game/StarterContent/Maps/Minimal_Default.Minimal_Default:PersistentLevel' has LevelScriptBlueprint '/Game/StarterContent/Maps/Minimal_Default.Minimal_Default:PersistentLevel.Minimal_Default' with GeneratedClass '/Game/StarterContent/Maps/Minimal_Default.Minimal_Default_C' with ClassGeneratedBy '/Game/StarterContent/Maps/Minimal_Default.Minimal_Default:PersistentLevel.Minimal_Default'
[2016.02.15-21.24.55:383][  5]LogParticles: Destroying 0 GPU particle simulations for FXSystem 0x000000E1BC61C5E0
[2016.02.15-21.28.13:343][824]LogHotReload: New module detected: UE4Editor-AISafari-5356.dll
[2016.02.15-21.28.14:693][829]LogHotReload: Starting Hot-Reload from IDE
[2016.02.15-21.28.14:750][829]LogContentBrowser: Native class hierarchy updated for 'AISafari' in 0.0009 seconds. Added 4 classes and 3 folders.
[2016.02.15-21.28.14:751][829]Warning: HotReload successful (0 functions remapped  0 scriptstructs remapped)
[2016.02.15-21.28.14:800][829]LogContentBrowser: Native class hierarchy populated in 0.0062 seconds. Added 1872 classes and 338 folders.
[2016.02.15-21.28.57:433][990]LogBlueprintUserMessages: Early PlayInEditor Detection: Level '/Game/StarterContent/Maps/Minimal_Default.Minimal_Default:PersistentLevel' has LevelScriptBlueprint '/Game/StarterContent/Maps/Minimal_Default.Minimal_Default:PersistentLevel.Minimal_Default' with GeneratedClass '/Game/StarterContent/Maps/Minimal_Default.Minimal_Default_C' with ClassGeneratedBy '/Game/StarterContent/Maps/Minimal_Default.Minimal_Default:PersistentLevel.Minimal_Default'
[2016.02.15-21.28.57:433][990]LogPlayLevel: PlayLevel: No blueprints needed recompiling
[2016.02.15-21.28.57:434][990]PIE: New page: PIE session: Minimal_Default (Feb 15, 2016, 11:28:57 AM)
[2016.02.15-21.28.57:434][990]LogPlayLevel: Creating play world package: /Game/StarterContent/Maps/UEDPIE_0_Minimal_Default
[2016.02.15-21.28.57:439][990]LogPlayLevel: PIE: StaticDuplicateObject took: (0.004922s)
[2016.02.15-21.28.57:439][990]LogAIModule: Creating AISystem for world Minimal_Default
[2016.02.15-21.28.57:439][990]LogPlayLevel: PIE: World Init took: (0.000688s)
[2016.02.15-21.28.57:439][990]LogPlayLevel: PIE: Created PIE world by copying editor world from /Game/StarterContent/Maps/Minimal_Default.Minimal_Default to /Game/StarterContent/Maps/UEDPIE_0_Minimal_Default.Minimal_Default (0.005751s)
[2016.02.15-21.28.57:452][990]LogInit: XAudio2 using 'Speakers (ASUS Xonar DGX Audio Device)' : 2 channels at 44.1 kHz using 16 bits per sample (channel mask 0x3)
[2016.02.15-21.28.57:455][990]LogInit: FAudioDevice initialized.
[2016.02.15-21.28.57:485][990]LogWorld: Game class is 'AISafariGameMode'
[2016.02.15-21.28.57:487][990]LogWorld: Bringing World /Game/StarterContent/Maps/UEDPIE_0_Minimal_Default.Minimal_Default up for play (max tick rate 0) at 2016.02.15-16.28.57
[2016.02.15-21.28.57:487][990]LogActor:Warning: GameSession /Game/StarterContent/Maps/UEDPIE_0_Minimal_Default.Minimal_Default:PersistentLevel.GameSession_3 has natively added scene component(s), but none of them were set as the actor's RootComponent - picking one arbitrarily
[2016.02.15-21.28.57:487][990]LogActor:Warning: GameNetworkManager /Game/StarterContent/Maps/UEDPIE_0_Minimal_Default.Minimal_Default:PersistentLevel.GameNetworkManager_3 has natively added scene component(s), but none of them were set as the actor's RootComponent - picking one arbitrarily
[2016.02.15-21.28.57:488][990]LogWorld: Bringing up level for play took: 0.001530
[2016.02.15-21.28.57:493][990]PIE: Info Play in editor start time for /Game/StarterContent/Maps/UEDPIE_0_Minimal_Default 0.32
[2016.02.15-21.28.57:494][990]LogBlueprintUserMessages: Late PlayInEditor Detection: Level '/Game/StarterContent/Maps/Minimal_Default.Minimal_Default:PersistentLevel' has LevelScriptBlueprint '/Game/StarterContent/Maps/Minimal_Default.Minimal_Default:PersistentLevel.Minimal_Default' with GeneratedClass '/Game/StarterContent/Maps/Minimal_Default.Minimal_Default_C' with ClassGeneratedBy '/Game/StarterContent/Maps/Minimal_Default.Minimal_Default:PersistentLevel.Minimal_Default'
[2016.02.15-21.29.12:915][819]LogBlueprintUserMessages: Early EndPlayMap Detection: Level '/Game/StarterContent/Maps/Minimal_Default.Minimal_Default:PersistentLevel' has LevelScriptBlueprint '/Game/StarterContent/Maps/Minimal_Default.Minimal_Default:PersistentLevel.Minimal_Default' with GeneratedClass '/Game/StarterContent/Maps/Minimal_Default.Minimal_Default_C' with ClassGeneratedBy '/Game/StarterContent/Maps/Minimal_Default.Minimal_Default:PersistentLevel.Minimal_Default'
[2016.02.15-21.29.12:943][819]LogBlueprintUserMessages: Late EndPlayMap Detection: Level '/Game/StarterContent/Maps/Minimal_Default.Minimal_Default:PersistentLevel' has LevelScriptBlueprint '/Game/StarterContent/Maps/Minimal_Default.Minimal_Default:PersistentLevel.Minimal_Default' with GeneratedClass '/Game/StarterContent/Maps/Minimal_Default.Minimal_Default_C' with ClassGeneratedBy '/Game/StarterContent/Maps/Minimal_Default.Minimal_Default:PersistentLevel.Minimal_Default'
[2016.02.15-21.29.12:951][819]LogParticles: Destroying 0 GPU particle simulations for FXSystem 0x000000E1BC260FE0
[2016.02.15-21.29.14:040][946]LogEditorViewport: Clicking on Actor (LMB): BP_FlockerManagerBase_C (BP_FlockerManagerBase)
[2016.02.15-21.29.18:229][425]LogBlueprintUserMessages: Early PlayInEditor Detection: Level '/Game/StarterContent/Maps/Minimal_Default.Minimal_Default:PersistentLevel' has LevelScriptBlueprint '/Game/StarterContent/Maps/Minimal_Default.Minimal_Default:PersistentLevel.Minimal_Default' with GeneratedClass '/Game/StarterContent/Maps/Minimal_Default.Minimal_Default_C' with ClassGeneratedBy '/Game/StarterContent/Maps/Minimal_Default.Minimal_Default:PersistentLevel.Minimal_Default'
[2016.02.15-21.29.18:229][425]LogPlayLevel: PlayLevel: No blueprints needed recompiling
[2016.02.15-21.29.18:229][425]PIE: New page: PIE session: Minimal_Default (Feb 15, 2016, 11:29:18 AM)
[2016.02.15-21.29.18:229][425]LogPlayLevel: Creating play world package: /Game/StarterContent/Maps/UEDPIE_0_Minimal_Default
[2016.02.15-21.29.18:234][425]LogPlayLevel: PIE: StaticDuplicateObject took: (0.004862s)
[2016.02.15-21.29.18:234][425]LogAIModule: Creating AISystem for world Minimal_Default
[2016.02.15-21.29.18:234][425]LogPlayLevel: PIE: World Init took: (0.000533s)
[2016.02.15-21.29.18:234][425]LogPlayLevel: PIE: Created PIE world by copying editor world from /Game/StarterContent/Maps/Minimal_Default.Minimal_Default to /Game/StarterContent/Maps/UEDPIE_0_Minimal_Default.Minimal_Default (0.005535s)
[2016.02.15-21.29.18:248][425]LogInit: XAudio2 using 'Speakers (ASUS Xonar DGX Audio Device)' : 2 channels at 44.1 kHz using 16 bits per sample (channel mask 0x3)
[2016.02.15-21.29.18:250][425]LogInit: FAudioDevice initialized.
[2016.02.15-21.29.18:282][425]LogWorld: Game class is 'AISafariGameMode'
[2016.02.15-21.29.18:284][425]LogWorld: Bringing World /Game/StarterContent/Maps/UEDPIE_0_Minimal_Default.Minimal_Default up for play (max tick rate 0) at 2016.02.15-16.29.18
[2016.02.15-21.29.18:284][425]LogActor:Warning: GameSession /Game/StarterContent/Maps/UEDPIE_0_Minimal_Default.Minimal_Default:PersistentLevel.GameSession_4 has natively added scene component(s), but none of them were set as the actor's RootComponent - picking one arbitrarily
[2016.02.15-21.29.18:284][425]LogActor:Warning: GameNetworkManager /Game/StarterContent/Maps/UEDPIE_0_Minimal_Default.Minimal_Default:PersistentLevel.GameNetworkManager_4 has natively added scene component(s), but none of them were set as the actor's RootComponent - picking one arbitrarily
[2016.02.15-21.29.18:284][425]LogWorld: Bringing up level for play took: 0.001513
[2016.02.15-21.29.18:293][425]PIE: Info Play in editor start time for /Game/StarterContent/Maps/UEDPIE_0_Minimal_Default -0.88
[2016.02.15-21.29.18:293][425]LogBlueprintUserMessages: Late PlayInEditor Detection: Level '/Game/StarterContent/Maps/Minimal_Default.Minimal_Default:PersistentLevel' has LevelScriptBlueprint '/Game/StarterContent/Maps/Minimal_Default.Minimal_Default:PersistentLevel.Minimal_Default' with GeneratedClass '/Game/StarterContent/Maps/Minimal_Default.Minimal_Default_C' with ClassGeneratedBy '/Game/StarterContent/Maps/Minimal_Default.Minimal_Default:PersistentLevel.Minimal_Default'
[2016.02.15-21.29.26:602][416]LogBlueprintUserMessages: Early EndPlayMap Detection: Level '/Game/StarterContent/Maps/Minimal_Default.Minimal_Default:PersistentLevel' has LevelScriptBlueprint '/Game/StarterContent/Maps/Minimal_Default.Minimal_Default:PersistentLevel.Minimal_Default' with GeneratedClass '/Game/StarterContent/Maps/Minimal_Default.Minimal_Default_C' with ClassGeneratedBy '/Game/StarterContent/Maps/Minimal_Default.Minimal_Default:PersistentLevel.Minimal_Default'
[2016.02.15-21.29.26:633][416]LogBlueprintUserMessages: Late EndPlayMap Detection: Level '/Game/StarterContent/Maps/Minimal_Default.Minimal_Default:PersistentLevel' has LevelScriptBlueprint '/Game/StarterContent/Maps/Minimal_Default.Minimal_Default:PersistentLevel.Minimal_Default' with GeneratedClass '/Game/StarterContent/Maps/Minimal_Default.Minimal_Default_C' with ClassGeneratedBy '/Game/StarterContent/Maps/Minimal_Default.Minimal_Default:PersistentLevel.Minimal_Default'
[2016.02.15-21.29.26:657][417]LogParticles: Destroying 0 GPU particle simulations for FXSystem 0x000000E1810440E0
[2016.02.15-21.30.08:294][140]LogBlueprintUserMessages: Early PlayInEditor Detection: Level '/Game/StarterContent/Maps/Minimal_Default.Minimal_Default:PersistentLevel' has LevelScriptBlueprint '/Game/StarterContent/Maps/Minimal_Default.Minimal_Default:PersistentLevel.Minimal_Default' with GeneratedClass '/Game/StarterContent/Maps/Minimal_Default.Minimal_Default_C' with ClassGeneratedBy '/Game/StarterContent/Maps/Minimal_Default.Minimal_Default:PersistentLevel.Minimal_Default'
[2016.02.15-21.30.08:295][140]LogPlayLevel: PlayLevel: No blueprints needed recompiling
[2016.02.15-21.30.08:295][140]PIE: New page: PIE session: Minimal_Default (Feb 15, 2016, 11:30:08 AM)
[2016.02.15-21.30.08:295][140]LogPlayLevel: Creating play world package: /Game/StarterContent/Maps/UEDPIE_0_Minimal_Default
[2016.02.15-21.30.08:301][140]LogPlayLevel: PIE: StaticDuplicateObject took: (0.006131s)
[2016.02.15-21.30.08:301][140]LogAIModule: Creating AISystem for world Minimal_Default
[2016.02.15-21.30.08:302][140]LogPlayLevel: PIE: World Init took: (0.000669s)
[2016.02.15-21.30.08:302][140]LogPlayLevel: PIE: Created PIE world by copying editor world from /Game/StarterContent/Maps/Minimal_Default.Minimal_Default to /Game/StarterContent/Maps/UEDPIE_0_Minimal_Default.Minimal_Default (0.006980s)
[2016.02.15-21.30.08:319][140]LogInit: XAudio2 using 'Speakers (ASUS Xonar DGX Audio Device)' : 2 channels at 44.1 kHz using 16 bits per sample (channel mask 0x3)
[2016.02.15-21.30.08:323][140]LogInit: FAudioDevice initialized.
[2016.02.15-21.30.08:359][140]LogWorld: Game class is 'AISafariGameMode'
[2016.02.15-21.30.08:362][140]LogWorld: Bringing World /Game/StarterContent/Maps/UEDPIE_0_Minimal_Default.Minimal_Default up for play (max tick rate 0) at 2016.02.15-16.30.08
[2016.02.15-21.30.08:362][140]LogActor:Warning: GameSession /Game/StarterContent/Maps/UEDPIE_0_Minimal_Default.Minimal_Default:PersistentLevel.GameSession_5 has natively added scene component(s), but none of them were set as the actor's RootComponent - picking one arbitrarily
[2016.02.15-21.30.08:362][140]LogActor:Warning: GameNetworkManager /Game/StarterContent/Maps/UEDPIE_0_Minimal_Default.Minimal_Default:PersistentLevel.GameNetworkManager_5 has natively added scene component(s), but none of them were set as the actor's RootComponent - picking one arbitrarily
[2016.02.15-21.30.08:362][140]LogWorld: Bringing up level for play took: 0.002417
[2016.02.15-21.30.12:852][140]PIE: Info Play in editor start time for /Game/StarterContent/Maps/UEDPIE_0_Minimal_Default 3.679
[2016.02.15-21.30.12:853][140]LogBlueprintUserMessages: Late PlayInEditor Detection: Level '/Game/StarterContent/Maps/Minimal_Default.Minimal_Default:PersistentLevel' has LevelScriptBlueprint '/Game/StarterContent/Maps/Minimal_Default.Minimal_Default:PersistentLevel.Minimal_Default' with GeneratedClass '/Game/StarterContent/Maps/Minimal_Default.Minimal_Default_C' with ClassGeneratedBy '/Game/StarterContent/Maps/Minimal_Default.Minimal_Default:PersistentLevel.Minimal_Default'
[2016.02.15-21.30.17:367][199]LogBlueprintUserMessages: Early EndPlayMap Detection: Level '/Game/StarterContent/Maps/Minimal_Default.Minimal_Default:PersistentLevel' has LevelScriptBlueprint '/Game/StarterContent/Maps/Minimal_Default.Minimal_Default:PersistentLevel.Minimal_Default' with GeneratedClass '/Game/StarterContent/Maps/Minimal_Default.Minimal_Default_C' with ClassGeneratedBy '/Game/StarterContent/Maps/Minimal_Default.Minimal_Default:PersistentLevel.Minimal_Default'
[2016.02.15-21.30.17:401][199]LogBlueprintUserMessages: Late EndPlayMap Detection: Level '/Game/StarterContent/Maps/Minimal_Default.Minimal_Default:PersistentLevel' has LevelScriptBlueprint '/Game/StarterContent/Maps/Minimal_Default.Minimal_Default:PersistentLevel.Minimal_Default' with GeneratedClass '/Game/StarterContent/Maps/Minimal_Default.Minimal_Default_C' with ClassGeneratedBy '/Game/StarterContent/Maps/Minimal_Default.Minimal_Default:PersistentLevel.Minimal_Default'
[2016.02.15-21.30.17:428][200]LogParticles: Destroying 0 GPU particle simulations for FXSystem 0x000000E1BE4D45E0
[2016.02.15-21.30.25:659][481]LogHotReload: New module detected: UE4Editor-AISafari-6747.dll
[2016.02.15-21.30.26:336][484]LogHotReload: Starting Hot-Reload from IDE
[2016.02.15-21.30.26:396][484]LogContentBrowser: Native class hierarchy updated for 'AISafari' in 0.0009 seconds. Added 4 classes and 3 folders.
[2016.02.15-21.30.26:397][484]Warning: HotReload successful (0 functions remapped  0 scriptstructs remapped)
[2016.02.15-21.30.26:449][484]LogContentBrowser: Native class hierarchy populated in 0.0107 seconds. Added 1872 classes and 338 folders.
[2016.02.15-21.30.43:774][605]LogBlueprintUserMessages: Early PlayInEditor Detection: Level '/Game/StarterContent/Maps/Minimal_Default.Minimal_Default:PersistentLevel' has LevelScriptBlueprint '/Game/StarterContent/Maps/Minimal_Default.Minimal_Default:PersistentLevel.Minimal_Default' with GeneratedClass '/Game/StarterContent/Maps/Minimal_Default.Minimal_Default_C' with ClassGeneratedBy '/Game/StarterContent/Maps/Minimal_Default.Minimal_Default:PersistentLevel.Minimal_Default'
[2016.02.15-21.30.43:774][605]LogPlayLevel: PlayLevel: No blueprints needed recompiling
[2016.02.15-21.30.43:774][605]PIE: New page: PIE session: Minimal_Default (Feb 15, 2016, 11:30:43 AM)
[2016.02.15-21.30.43:774][605]LogPlayLevel: Creating play world package: /Game/StarterContent/Maps/UEDPIE_0_Minimal_Default
[2016.02.15-21.30.43:779][605]LogPlayLevel: PIE: StaticDuplicateObject took: (0.005034s)
[2016.02.15-21.30.43:780][605]LogAIModule: Creating AISystem for world Minimal_Default
[2016.02.15-21.30.43:780][605]LogPlayLevel: PIE: World Init took: (0.000735s)
[2016.02.15-21.30.43:780][605]LogPlayLevel: PIE: Created PIE world by copying editor world from /Game/StarterContent/Maps/Minimal_Default.Minimal_Default to /Game/StarterContent/Maps/UEDPIE_0_Minimal_Default.Minimal_Default (0.005943s)
[2016.02.15-21.30.43:794][605]LogInit: XAudio2 using 'Speakers (ASUS Xonar DGX Audio Device)' : 2 channels at 44.1 kHz using 16 bits per sample (channel mask 0x3)
[2016.02.15-21.30.43:797][605]LogInit: FAudioDevice initialized.
[2016.02.15-21.30.43:836][605]LogWorld: Game class is 'AISafariGameMode'
[2016.02.15-21.30.43:837][605]LogWorld: Bringing World /Game/StarterContent/Maps/UEDPIE_0_Minimal_Default.Minimal_Default up for play (max tick rate 0) at 2016.02.15-16.30.43
[2016.02.15-21.30.43:837][605]LogActor:Warning: GameSession /Game/StarterContent/Maps/UEDPIE_0_Minimal_Default.Minimal_Default:PersistentLevel.GameSession_6 has natively added scene component(s), but none of them were set as the actor's RootComponent - picking one arbitrarily
[2016.02.15-21.30.43:838][605]LogActor:Warning: GameNetworkManager /Game/StarterContent/Maps/UEDPIE_0_Minimal_Default.Minimal_Default:PersistentLevel.GameNetworkManager_6 has natively added scene component(s), but none of them were set as the actor's RootComponent - picking one arbitrarily
[2016.02.15-21.30.43:838][605]LogWorld: Bringing up level for play took: 0.001474
[2016.02.15-21.32.11:262][605]PIE: Info Play in editor start time for /Game/StarterContent/Maps/UEDPIE_0_Minimal_Default 88.089
[2016.02.15-21.32.11:262][605]LogBlueprintUserMessages: Late PlayInEditor Detection: Level '/Game/StarterContent/Maps/Minimal_Default.Minimal_Default:PersistentLevel' has LevelScriptBlueprint '/Game/StarterContent/Maps/Minimal_Default.Minimal_Default:PersistentLevel.Minimal_Default' with GeneratedClass '/Game/StarterContent/Maps/Minimal_Default.Minimal_Default_C' with ClassGeneratedBy '/Game/StarterContent/Maps/Minimal_Default.Minimal_Default:PersistentLevel.Minimal_Default'
[2016.02.15-21.32.11:701][605]LogCrashTracker: 


[2016.02.15-21.32.11:702][605]LogCrashTracker: 


[2016.02.15-21.32.11:702][605]LogWindows: === Critical error: ===
Fatal error!



[2016.02.15-21.32.11:807][605]LogExit: Executing StaticShutdownAfterError
[2016.02.15-21.32.11:825][605]LogPhysics:Warning: PHYSX: ..\..\PhysX\src\NpScene.cpp (2946) 8 : PxScene::unlockWrite() called without matching call to PxScene::lockWrite(), behaviour will be undefined.
[2016.02.15-21.32.11:825][605]LogPhysics:Warning: PHYSX: ..\..\PhysX\src\NpScene.cpp (2946) 8 : PxScene::unlockWrite() called without matching call to PxScene::lockWrite(), behaviour will be undefined.
[2016.02.15-21.32.11:825][605]LogPhysics:Warning: PHYSX: ..\..\PhysX\src\NpScene.cpp (2946) 8 : PxScene::unlockWrite() called without matching call to PxScene::lockWrite(), behaviour will be undefined.
[2016.02.15-21.32.11:825][605]LogPhysics:Warning: PHYSX: ..\..\PhysX\src\NpScene.cpp (2946) 8 : PxScene::unlockWrite() called without matching call to PxScene::lockWrite(), behaviour will be undefined.
[2016.02.15-21.32.11:826][605]LogWindows: FPlatformMisc::RequestExit(1)
[2016.02.15-21.32.11:826][605]Log file closed, 02/15/16 16:32:11
