[2016.02.12-21.56.04:944][  0]Log file open, 02/12/16 16:56:04
[2016.02.12-21.56.04:944][  0]LogInit:Display: Running engine for game: AISafari
[2016.02.12-21.56.04:944][  0]LogInit:Display: RandInit(-2018465602) SRandInit(-2018465602).
[2016.02.12-21.56.04:944][  0]LogTaskGraph: Started task graph with 4 named threads and 7 total threads.
[2016.02.12-21.56.04:944][  0]LogStats: Stats thread started at 0.070238
[2016.02.12-21.56.04:944][  0]LogInit: Version: 4.9.2-2707645+++depot+UE4-Releases+4.9
[2016.02.12-21.56.04:944][  0]LogInit: API Version: 2672455
[2016.02.12-21.56.04:944][  0]LogInit: Compiled (64-bit): Sep 28 2015 10:25:44
[2016.02.12-21.56.04:944][  0]LogInit: Compiled with Visual C++: 18.00.21005.01
[2016.02.12-21.56.04:944][  0]LogInit: Build Configuration: Development
[2016.02.12-21.56.04:944][  0]LogInit: Branch Name: ++depot+UE4-Releases+4.9
[2016.02.12-21.56.04:944][  0]LogInit: Command line:  
[2016.02.12-21.56.04:944][  0]LogInit: Base directory: C:/Program Files (x86)/Epic Games/4.9/Engine/Binaries/Win64/
[2016.02.12-21.56.04:944][  0]LogInit: Rocket: 1
[2016.02.12-21.56.04:950][  0]LogInit: Using libcurl 7.41.0
[2016.02.12-21.56.04:950][  0]LogInit:  - built for x86_64-pc-win32
[2016.02.12-21.56.04:950][  0]LogInit:  - supports SSL with WinSSL
[2016.02.12-21.56.04:950][  0]LogInit:  - other features:
[2016.02.12-21.56.04:950][  0]LogInit:      CURL_VERSION_SSL
[2016.02.12-21.56.04:950][  0]LogInit:      CURL_VERSION_IPV6
[2016.02.12-21.56.04:950][  0]LogInit:      CURL_VERSION_ASYNCHDNS
[2016.02.12-21.56.04:950][  0]LogInit:      CURL_VERSION_LARGEFILE
[2016.02.12-21.56.04:951][  0]LogInit:      CURL_VERSION_IDN
[2016.02.12-21.56.04:951][  0]LogInit:  CurlRequestOptions (configurable via config and command line):
[2016.02.12-21.56.04:951][  0]LogInit:  - bVerifyPeer = true  - Libcurl will verify peer certificate
[2016.02.12-21.56.04:951][  0]LogInit:  - bUseHttpProxy = false  - Libcurl will NOT use HTTP proxy
[2016.02.12-21.56.04:951][  0]LogInit:  - bDontReuseConnections = false  - Libcurl will reuse connections
[2016.02.12-21.56.04:951][  0]LogInit:  - CertBundlePath = nullptr  - Libcurl will use whatever was configured at build time.
[2016.02.12-21.56.04:955][  0]LogInit: Presizing for 0 objects not considered by GC, pre-allocating 0 bytes.
[2016.02.12-21.56.04:960][  0]LogInit: Object subsystem initialized
[2016.02.12-21.56.04:961][  0]LogInit: Selected Device Profile: [Windows]
[2016.02.12-21.56.04:961][  0]LogInit: Applying CVar settings loaded from the selected device profile: [Windows]
[2016.02.12-21.56.04:967][  0]LogInit: Computer: ZEBRADESKTOP
[2016.02.12-21.56.04:967][  0]LogInit: User: Ryan
[2016.02.12-21.56.04:967][  0]LogInit: CPU Page size=4096, Cores=4
[2016.02.12-21.56.04:967][  0]LogInit: High frequency timer resolution =3.984652 MHz
[2016.02.12-21.56.04:967][  0]LogMemory: Memory total: Physical=15.9GB (16GB approx)
[2016.02.12-21.56.04:967][  0]LogMemory: Platform Memory Stats for Windows
[2016.02.12-21.56.04:967][  0]LogMemory: Process Physical Memory: 54.00 MB used, 54.00 MB peak
[2016.02.12-21.56.04:967][  0]LogMemory: Process Virtual Memory: 57.44 MB used, 57.44 MB peak
[2016.02.12-21.56.04:967][  0]LogMemory: Physical Memory: 9389.45 MB used, 16325.73 MB total
[2016.02.12-21.56.04:967][  0]LogMemory: Virtual Memory: 366.70 MB used, 134217728.00 MB total
[2016.02.12-21.56.04:992][  0]LogTextLocalizationManager: No specific translations for ('en-US') exist, so ('en') translations will be used.
[2016.02.12-21.56.05:551][  0]LogD3D11RHI: Found D3D11 adapter 0: NVIDIA GeForce GTX 780 (Feature Level 11_0)
[2016.02.12-21.56.05:551][  0]LogD3D11RHI: Adapter has 5971MB of dedicated video memory, 0MB of dedicated system memory, and 8162MB of shared system memory, 3 output[s]
[2016.02.12-21.56.05:553][  0]LogD3D11RHI: Found D3D11 adapter 1: Microsoft Basic Render Driver (Feature Level 11_0)
[2016.02.12-21.56.05:553][  0]LogD3D11RHI: Adapter has 0MB of dedicated video memory, 0MB of dedicated system memory, and 8162MB of shared system memory, 0 output[s]
[2016.02.12-21.56.05:553][  0]LogD3D11RHI: Chosen D3D11 Adapter Id = 0
[2016.02.12-21.56.05:562][  0]LogD3D11RHI: !Direct3DDevice
[2016.02.12-21.56.05:562][  0]LogRHI: Texture pool is 1361 MB (70% of 1945 MB)
[2016.02.12-21.56.05:574][  0]LogD3D11RHI: Async texture creation enabled
[2016.02.12-21.56.05:591][  0]LogShaderCompilers: Guid format shader working directory is 14 characters bigger than the processId version (Q:/Classes/3-2/AI/AISafari/Intermediate/Shaders/WorkingDirectory/78904/).
[2016.02.12-21.56.05:591][  0]LogShaderCompilers: Cleaned the shader compiler working directory 'Q:/Classes/3-2/AI/AISafari/Intermediate/Shaders/tmp/054DDB1C4181B649D792EA9D575AE2DB/'.
[2016.02.12-21.56.05:591][  0]LogShaderCompilers:Display: Using Local Shader Compiler.
[2016.02.12-21.56.06:321][  0]LogTemp:Display: Loaded TP AllDesktopTargetPlatform
[2016.02.12-21.56.06:324][  0]LogTemp:Display: Loaded TP WindowsClientTargetPlatform
[2016.02.12-21.56.06:328][  0]LogTemp:Display: Loaded TP WindowsNoEditorTargetPlatform
[2016.02.12-21.56.06:332][  0]LogTemp:Display: Loaded TP WindowsServerTargetPlatform
[2016.02.12-21.56.06:335][  0]LogTemp:Display: Loaded TP WindowsTargetPlatform
[2016.02.12-21.56.06:338][  0]LogTemp:Display: Loaded TP AndroidTargetPlatform
[2016.02.12-21.56.06:340][  0]LogTemp:Display: Loaded TP Android_ASTCTargetPlatform
[2016.02.12-21.56.06:342][  0]LogTemp:Display: Loaded TP Android_ATCTargetPlatform
[2016.02.12-21.56.06:344][  0]LogTemp:Display: Loaded TP Android_DXTTargetPlatform
[2016.02.12-21.56.06:347][  0]LogTemp:Display: Loaded TP Android_ETC1TargetPlatform
[2016.02.12-21.56.06:349][  0]LogTemp:Display: Loaded TP Android_ETC2TargetPlatform
[2016.02.12-21.56.06:351][  0]LogTemp:Display: Loaded TP Android_PVRTCTargetPlatform
[2016.02.12-21.56.06:352][  0]LogTemp:Display: Loaded TP HTML5TargetPlatform
[2016.02.12-21.56.06:367][  0]LogTemp:Display: Loaded TP IOSTargetPlatform
[2016.02.12-21.56.06:369][  0]LogTemp:Display: Loaded TP LinuxNoEditorTargetPlatform
[2016.02.12-21.56.06:371][  0]LogTemp:Display: Loaded TP LinuxServerTargetPlatform
[2016.02.12-21.56.06:373][  0]LogTemp:Display: Loaded TP LinuxTargetPlatform
[2016.02.12-21.56.06:373][  0]LogTargetPlatformManager:Display: Building Assets For Windows
[2016.02.12-21.56.06:433][  0]LogDerivedDataCache:Display: Max Cache Size: 512 MB
[2016.02.12-21.56.06:466][  0]LogDerivedDataCache: Loaded boot cache 0.03s 41MB C:/Users/Ryan/AppData/Local/UnrealEngine/4.9/DerivedDataCache/Boot.ddc.
[2016.02.12-21.56.06:466][  0]LogDerivedDataCache:Display: Loaded Boot cache: C:/Users/Ryan/AppData/Local/UnrealEngine/4.9/DerivedDataCache/Boot.ddc
[2016.02.12-21.56.06:466][  0]LogDerivedDataCache: FDerivedDataBackendGraph:  Pak pak cache file Q:/Classes/3-2/AI/AISafari/DerivedDataCache/DDC.ddp not found, will not use a pak cache.
[2016.02.12-21.56.06:466][  0]LogDerivedDataCache: Unable to find inner node Pak for hierarchical cache Hierarchy.
[2016.02.12-21.56.06:466][  0]LogDerivedDataCache: FDerivedDataBackendGraph:  CompressedPak pak cache file Q:/Classes/3-2/AI/AISafari/DerivedDataCache/Compressed.ddp not found, will not use a pak cache.
[2016.02.12-21.56.06:466][  0]LogDerivedDataCache: Unable to find inner node CompressedPak for hierarchical cache Hierarchy.
[2016.02.12-21.56.06:567][  0]LogDerivedDataCache:Display: Pak cache opened for reading ../../../Engine/DerivedDataCache/Compressed.ddp.
[2016.02.12-21.56.06:578][  0]LogDerivedDataCache: Using Local data cache path C:/Users/Ryan/AppData/Local/UnrealEngine/Common/DerivedDataCache: Writable
[2016.02.12-21.56.06:695][  0]LogInit: Selected Device Profile: [Windows]
[2016.02.12-21.56.06:698][  0]LogContentStreaming: Texture pool size is 0.000000MB
[2016.02.12-21.56.06:778][  0]LogMeshUtilities: No automatic mesh reduction module available
[2016.02.12-21.56.06:778][  0]LogMeshUtilities: No automatic mesh merging module available
[2016.02.12-21.56.06:952][  0]LogInit: WinSock: version 1.1 (2.2), MaxSocks=32767, MaxUdp=65467
[2016.02.12-21.56.07:445][  0]UdpMessaging: Initializing bridge on interface 0.0.0.0:0 to multicast group 230.0.0.1:6666.
[2016.02.12-21.56.07:543][  0]LogAssetRegistry: FAssetRegistry took 0.0105 seconds to start up
[2016.02.12-21.56.07:656][  0]SourceControl: Info Source control is disabled
[2016.02.12-21.56.07:662][  0]SourceControl: Info Source control is disabled
[2016.02.12-21.56.07:671][  0]SourceControl: Info Source control is disabled
[2016.02.12-21.56.07:678][  0]SourceControl: Info Source control is disabled
[2016.02.12-21.56.07:775][  0]LogLinker:Warning: Asset '../../../Engine/Plugins/Runtime/LeapMotionController/Content/LM_PassthroughMaterial.uasset' has been saved with empty engine version. The asset will be loaded but may be incompatible.
[2016.02.12-21.56.07:833][  0]LogObj: 28380 objects as part of root set at end of initial load.
[2016.02.12-21.56.07:833][  0]LogUObjectAllocator: 6046576 out of 0 bytes used by permanent object pool.
[2016.02.12-21.56.07:875][  0]LogEngine: Initializing Engine...
[2016.02.12-21.56.07:877][  0]LogHMD: Can't find Oculus library dev build: is proper Runtime installed? Version: 0.7.0.0
[2016.02.12-21.56.07:878][  0]LogHMD: SteamVR failed to initialize.  Err: 110
[2016.02.12-21.56.07:958][  0]LogAIModule: Creating AISystem for world NewWorld
[2016.02.12-21.56.07:965][  0]LogInit: XAudio2 using 'Speakers (ASUS Xonar DGX Audio Device)' : 2 channels at 44.1 kHz using 16 bits per sample (channel mask 0x3)
[2016.02.12-21.56.07:969][  0]LogInit: FAudioDevice initialized.
[2016.02.12-21.56.07:986][  0]LogDerivedDataCache: Saved boot cache 0.02s 41MB C:/Users/Ryan/AppData/Local/UnrealEngine/4.9/DerivedDataCache/Boot.ddc.
[2016.02.12-21.56.07:990][  0]LogInit: Texture streaming: Enabled
[2016.02.12-21.56.07:994][  0]LogAnalytics: Creating configured Analytics provider AnalyticsET
[2016.02.12-21.56.07:994][  0]LogAnalytics: [UEEditor.Rocket.Release] APIServer = http://et2.epicgames.com/ET2/. AppVersion = 4.9.2-2707645+++depot+UE4-Releases+4.9
[2016.02.12-21.56.07:994][  0]LogAnalytics: [UEEditor.Rocket.Release] SetUserId d1f9beca401d8fe412e57fa88e66abb9|85745c8591404a23957796735eaccf05|defee072-9da8-4f68-a06a-f65b3a6c30bf
[2016.02.12-21.56.07:995][  0]LogAnalytics: [UEEditor.Rocket.Release] AnalyticsET::StartSession
[2016.02.12-21.56.08:032][  0]LogInit: Transaction tracking system initialized
[2016.02.12-21.56.08:053][  0]BlueprintLog: New page: Editor Load
[2016.02.12-21.56.08:113][  0]LocalizationService: Info Localization service is disabled
[2016.02.12-21.56.08:184][  0]LogConsoleResponse:Display: 
[2016.02.12-21.56.08:273][  0]LogCook:Display: Done creating registry. It took  0.00s.
[2016.02.12-21.56.08:313][  0]LogFileCache: Scanning file cache for directory 'Q:/Classes/3-2/AI/AISafari/Content/' took 0.01s
[2016.02.12-21.56.08:313][  0]SourceControl: Info Source control is disabled
[2016.02.12-21.56.08:313][  0]Cmd: MAP LOAD FILE="Q:/Classes/3-2/AI/AISafari/Content/StarterContent/Maps/Minimal_Default.umap" TEMPLATE=0 SHOWPROGRESS=1 FEATURELEVEL=3
[2016.02.12-21.56.08:313][  0]LightingResults: New page: Lighting Build
[2016.02.12-21.56.08:316][  0]MapCheck: New page: Map Check
[2016.02.12-21.56.08:316][  0]LightingResults: New page: Lighting Build
[2016.02.12-21.56.08:327][  0]LogParticles: Destroying 0 GPU particle simulations for FXSystem 0x0000001055867CE0
[2016.02.12-21.56.08:538][  0]LogAIModule: Creating AISystem for world Minimal_Default
[2016.02.12-21.56.08:543][  0]LogEditorServer: Finished looking for orphan Actors (0.000 secs)
[2016.02.12-21.56.08:544][  0]Cmd: MAP CHECKDEP NOCLEARLOG
[2016.02.12-21.56.08:583][  0]MapCheck: Info Map check complete: 0 Error(s), 0 Warning(s), took 39.097ms to complete.
[2016.02.12-21.56.08:583][  0]LogFileHelpers: Loading map 'Minimal_Default' took 0.270
[2016.02.12-21.56.08:705][  0]LogCollectionManager: Loaded 0 collections in 0.001986 seconds
[2016.02.12-21.56.08:743][  0]LogFileCache: Scanning file cache for directory 'Q:/Classes/3-2/AI/AISafari/Saved/Collections/' took 0.01s
[2016.02.12-21.56.08:743][  0]LogFileCache: Scanning file cache for directory 'Q:/Classes/3-2/AI/AISafari/Content/Developers/Ryan/Collections/' took 0.01s
[2016.02.12-21.56.08:743][  0]LogFileCache: Scanning file cache for directory 'Q:/Classes/3-2/AI/AISafari/Content/Collections/' took 0.01s
[2016.02.12-21.56.08:743][  0]LogContentBrowser: Native class hierarchy populated in 0.0060 seconds. Added 1871 classes and 336 folders.
[2016.02.12-21.56.08:759][  0]LogCollectionManager: Rebuilt the GUID cache for 0 collections in 0.000002 seconds
[2016.02.12-21.56.08:767][  0]LogContentBrowser: Native class hierarchy updated for 'WidgetCarousel' in 0.0008 seconds. Added 0 classes and 0 folders.
[2016.02.12-21.56.08:795][  0]LogContentBrowser: Native class hierarchy updated for 'AddContentDialog' in 0.0009 seconds. Added 0 classes and 0 folders.
[2016.02.12-21.56.08:799][  0]LogContentBrowser: Native class hierarchy updated for 'SceneOutliner' in 0.0008 seconds. Added 1 classes and 2 folders.
[2016.02.12-21.56.08:814][  0]LogCrashTracker: Crashtracker disabled due to settings.
[2016.02.12-21.56.08:818][  0]LogUObjectGlobals:Warning: Failed to find object 'Class None.'
[2016.02.12-21.56.08:839][  0]LogLoad: Full Startup: 4.50 seconds (BP compile: 0.04 seconds)
[2016.02.12-21.56.08:890][  0]LogContentStreaming: Texture pool size now 1000 MB
[2016.02.12-21.56.08:987][  0]LogRenderer: Reallocating scene render targets to support 1208x600 (Frame:2).
[2016.02.12-21.56.09:122][  2]LogAssetRegistry: Asset discovery search completed in 1.5896 seconds
[2016.02.12-21.56.09:122][  2]LogCollectionManager: Rebuilt the object cache for 0 collections in 0.000001 seconds (found 0 objects)
[2016.02.12-21.56.09:122][  2]LogCollectionManager: Fixed up redirectors for 0 collections in 0.000020 seconds (updated 0 objects)
[2016.02.12-21.56.19:601][ 49]LogHotReload: New module detected: UE4Editor-AISafari-6439.dll
[2016.02.12-21.56.20:278][ 52]LogHotReload: Starting Hot-Reload from IDE
[2016.02.12-21.56.20:351][ 52]LogContentBrowser: Native class hierarchy updated for 'AISafari' in 0.0009 seconds. Added 4 classes and 3 folders.
[2016.02.12-21.56.20:352][ 52]Warning: HotReload successful (0 functions remapped  0 scriptstructs remapped)
[2016.02.12-21.56.20:405][ 52]LogContentBrowser: Native class hierarchy populated in 0.0098 seconds. Added 1872 classes and 338 folders.
[2016.02.12-21.56.27:697][ 68]LogBlueprintUserMessages: Early PlayInEditor Detection: Level '/Game/StarterContent/Maps/Minimal_Default.Minimal_Default:PersistentLevel' has LevelScriptBlueprint '/Game/StarterContent/Maps/Minimal_Default.Minimal_Default:PersistentLevel.Minimal_Default' with GeneratedClass '/Game/StarterContent/Maps/Minimal_Default.Minimal_Default_C' with ClassGeneratedBy '/Game/StarterContent/Maps/Minimal_Default.Minimal_Default:PersistentLevel.Minimal_Default'
[2016.02.12-21.56.27:697][ 68]LogPlayLevel: PlayLevel: No blueprints needed recompiling
[2016.02.12-21.56.27:697][ 68]PIE: New page: PIE session: Minimal_Default (Feb 12, 2016, 11:56:27 AM)
[2016.02.12-21.56.27:697][ 68]LogPlayLevel: Creating play world package: /Game/StarterContent/Maps/UEDPIE_0_Minimal_Default
[2016.02.12-21.56.27:703][ 68]LogPlayLevel: PIE: StaticDuplicateObject took: (0.005114s)
[2016.02.12-21.56.27:703][ 68]LogAIModule: Creating AISystem for world Minimal_Default
[2016.02.12-21.56.27:703][ 68]LogPlayLevel: PIE: World Init took: (0.000578s)
[2016.02.12-21.56.27:703][ 68]LogPlayLevel: PIE: Created PIE world by copying editor world from /Game/StarterContent/Maps/Minimal_Default.Minimal_Default to /Game/StarterContent/Maps/UEDPIE_0_Minimal_Default.Minimal_Default (0.005841s)
[2016.02.12-21.56.27:718][ 68]LogInit: XAudio2 using 'Speakers (ASUS Xonar DGX Audio Device)' : 2 channels at 44.1 kHz using 16 bits per sample (channel mask 0x3)
[2016.02.12-21.56.27:720][ 68]LogInit: FAudioDevice initialized.
[2016.02.12-21.56.27:769][ 68]LogWorld: Game class is 'AISafariGameMode'
[2016.02.12-21.56.27:771][ 68]LogWorld: Bringing World /Game/StarterContent/Maps/UEDPIE_0_Minimal_Default.Minimal_Default up for play (max tick rate 0) at 2016.02.12-16.56.27
[2016.02.12-21.56.27:771][ 68]LogActor:Warning: GameSession /Game/StarterContent/Maps/UEDPIE_0_Minimal_Default.Minimal_Default:PersistentLevel.GameSession_0 has natively added scene component(s), but none of them were set as the actor's RootComponent - picking one arbitrarily
[2016.02.12-21.56.27:771][ 68]LogActor:Warning: GameNetworkManager /Game/StarterContent/Maps/UEDPIE_0_Minimal_Default.Minimal_Default:PersistentLevel.GameNetworkManager_0 has natively added scene component(s), but none of them were set as the actor's RootComponent - picking one arbitrarily
[2016.02.12-21.56.27:771][ 68]LogWorld: Bringing up level for play took: 0.001729
[2016.02.12-21.56.27:793][ 68]PIE: Info Play in editor start time for /Game/StarterContent/Maps/UEDPIE_0_Minimal_Default 1.041
[2016.02.12-21.56.27:793][ 68]LogBlueprintUserMessages: Late PlayInEditor Detection: Level '/Game/StarterContent/Maps/Minimal_Default.Minimal_Default:PersistentLevel' has LevelScriptBlueprint '/Game/StarterContent/Maps/Minimal_Default.Minimal_Default:PersistentLevel.Minimal_Default' with GeneratedClass '/Game/StarterContent/Maps/Minimal_Default.Minimal_Default_C' with ClassGeneratedBy '/Game/StarterContent/Maps/Minimal_Default.Minimal_Default:PersistentLevel.Minimal_Default'
[2016.02.12-21.56.29:697][243]LogBlueprintUserMessages: Early EndPlayMap Detection: Level '/Game/StarterContent/Maps/Minimal_Default.Minimal_Default:PersistentLevel' has LevelScriptBlueprint '/Game/StarterContent/Maps/Minimal_Default.Minimal_Default:PersistentLevel.Minimal_Default' with GeneratedClass '/Game/StarterContent/Maps/Minimal_Default.Minimal_Default_C' with ClassGeneratedBy '/Game/StarterContent/Maps/Minimal_Default.Minimal_Default:PersistentLevel.Minimal_Default'
[2016.02.12-21.56.29:736][243]LogBlueprintUserMessages: Late EndPlayMap Detection: Level '/Game/StarterContent/Maps/Minimal_Default.Minimal_Default:PersistentLevel' has LevelScriptBlueprint '/Game/StarterContent/Maps/Minimal_Default.Minimal_Default:PersistentLevel.Minimal_Default' with GeneratedClass '/Game/StarterContent/Maps/Minimal_Default.Minimal_Default_C' with ClassGeneratedBy '/Game/StarterContent/Maps/Minimal_Default.Minimal_Default:PersistentLevel.Minimal_Default'
[2016.02.12-21.56.29:757][244]LogParticles: Destroying 0 GPU particle simulations for FXSystem 0x000000103FB9D800
[2016.02.12-21.56.32:938][616]LogBlueprintUserMessages: Early PlayInEditor Detection: Level '/Game/StarterContent/Maps/Minimal_Default.Minimal_Default:PersistentLevel' has LevelScriptBlueprint '/Game/StarterContent/Maps/Minimal_Default.Minimal_Default:PersistentLevel.Minimal_Default' with GeneratedClass '/Game/StarterContent/Maps/Minimal_Default.Minimal_Default_C' with ClassGeneratedBy '/Game/StarterContent/Maps/Minimal_Default.Minimal_Default:PersistentLevel.Minimal_Default'
[2016.02.12-21.56.32:938][616]LogPlayLevel: PlayLevel: No blueprints needed recompiling
[2016.02.12-21.56.32:938][616]PIE: New page: PIE session: Minimal_Default (Feb 12, 2016, 11:56:32 AM)
[2016.02.12-21.56.32:938][616]LogPlayLevel: Creating play world package: /Game/StarterContent/Maps/UEDPIE_0_Minimal_Default
[2016.02.12-21.56.32:943][616]LogPlayLevel: PIE: StaticDuplicateObject took: (0.004244s)
[2016.02.12-21.56.32:943][616]LogAIModule: Creating AISystem for world Minimal_Default
[2016.02.12-21.56.32:944][616]LogPlayLevel: PIE: World Init took: (0.000812s)
[2016.02.12-21.56.32:944][616]LogPlayLevel: PIE: Created PIE world by copying editor world from /Game/StarterContent/Maps/Minimal_Default.Minimal_Default to /Game/StarterContent/Maps/UEDPIE_0_Minimal_Default.Minimal_Default (0.005233s)
[2016.02.12-21.56.32:957][616]LogInit: XAudio2 using 'Speakers (ASUS Xonar DGX Audio Device)' : 2 channels at 44.1 kHz using 16 bits per sample (channel mask 0x3)
[2016.02.12-21.56.32:961][616]LogInit: FAudioDevice initialized.
[2016.02.12-21.56.32:992][616]LogWorld: Game class is 'AISafariGameMode'
[2016.02.12-21.56.32:994][616]LogWorld: Bringing World /Game/StarterContent/Maps/UEDPIE_0_Minimal_Default.Minimal_Default up for play (max tick rate 0) at 2016.02.12-16.56.32
[2016.02.12-21.56.32:995][616]LogActor:Warning: GameSession /Game/StarterContent/Maps/UEDPIE_0_Minimal_Default.Minimal_Default:PersistentLevel.GameSession_1 has natively added scene component(s), but none of them were set as the actor's RootComponent - picking one arbitrarily
[2016.02.12-21.56.32:995][616]LogActor:Warning: GameNetworkManager /Game/StarterContent/Maps/UEDPIE_0_Minimal_Default.Minimal_Default:PersistentLevel.GameNetworkManager_1 has natively added scene component(s), but none of them were set as the actor's RootComponent - picking one arbitrarily
[2016.02.12-21.56.32:995][616]LogWorld: Bringing up level for play took: 0.001621
[2016.02.12-21.56.33:015][616]PIE: Info Play in editor start time for /Game/StarterContent/Maps/UEDPIE_0_Minimal_Default 0.263
[2016.02.12-21.56.33:015][616]LogBlueprintUserMessages: Late PlayInEditor Detection: Level '/Game/StarterContent/Maps/Minimal_Default.Minimal_Default:PersistentLevel' has LevelScriptBlueprint '/Game/StarterContent/Maps/Minimal_Default.Minimal_Default:PersistentLevel.Minimal_Default' with GeneratedClass '/Game/StarterContent/Maps/Minimal_Default.Minimal_Default_C' with ClassGeneratedBy '/Game/StarterContent/Maps/Minimal_Default.Minimal_Default:PersistentLevel.Minimal_Default'
[2016.02.12-21.56.34:128][736]LogBlueprintUserMessages: Early EndPlayMap Detection: Level '/Game/StarterContent/Maps/Minimal_Default.Minimal_Default:PersistentLevel' has LevelScriptBlueprint '/Game/StarterContent/Maps/Minimal_Default.Minimal_Default:PersistentLevel.Minimal_Default' with GeneratedClass '/Game/StarterContent/Maps/Minimal_Default.Minimal_Default_C' with ClassGeneratedBy '/Game/StarterContent/Maps/Minimal_Default.Minimal_Default:PersistentLevel.Minimal_Default'
[2016.02.12-21.56.34:161][736]LogBlueprintUserMessages: Late EndPlayMap Detection: Level '/Game/StarterContent/Maps/Minimal_Default.Minimal_Default:PersistentLevel' has LevelScriptBlueprint '/Game/StarterContent/Maps/Minimal_Default.Minimal_Default:PersistentLevel.Minimal_Default' with GeneratedClass '/Game/StarterContent/Maps/Minimal_Default.Minimal_Default_C' with ClassGeneratedBy '/Game/StarterContent/Maps/Minimal_Default.Minimal_Default:PersistentLevel.Minimal_Default'
[2016.02.12-21.56.34:180][737]LogParticles: Destroying 0 GPU particle simulations for FXSystem 0x000000106141E7A0
[2016.02.12-21.56.45:475][ 15]LogBlueprintUserMessages: Early PlayInEditor Detection: Level '/Game/StarterContent/Maps/Minimal_Default.Minimal_Default:PersistentLevel' has LevelScriptBlueprint '/Game/StarterContent/Maps/Minimal_Default.Minimal_Default:PersistentLevel.Minimal_Default' with GeneratedClass '/Game/StarterContent/Maps/Minimal_Default.Minimal_Default_C' with ClassGeneratedBy '/Game/StarterContent/Maps/Minimal_Default.Minimal_Default:PersistentLevel.Minimal_Default'
[2016.02.12-21.56.45:475][ 15]LogPlayLevel: PlayLevel: No blueprints needed recompiling
[2016.02.12-21.56.45:476][ 15]PIE: New page: PIE session: Minimal_Default (Feb 12, 2016, 11:56:45 AM)
[2016.02.12-21.56.45:476][ 15]LogPlayLevel: Creating play world package: /Game/StarterContent/Maps/UEDPIE_0_Minimal_Default
[2016.02.12-21.56.45:481][ 15]LogPlayLevel: PIE: StaticDuplicateObject took: (0.005571s)
[2016.02.12-21.56.45:482][ 15]LogAIModule: Creating AISystem for world Minimal_Default
[2016.02.12-21.56.45:482][ 15]LogPlayLevel: PIE: World Init took: (0.000599s)
[2016.02.12-21.56.45:482][ 15]LogPlayLevel: PIE: Created PIE world by copying editor world from /Game/StarterContent/Maps/Minimal_Default.Minimal_Default to /Game/StarterContent/Maps/UEDPIE_0_Minimal_Default.Minimal_Default (0.006345s)
[2016.02.12-21.56.45:498][ 15]LogInit: XAudio2 using 'Speakers (ASUS Xonar DGX Audio Device)' : 2 channels at 44.1 kHz using 16 bits per sample (channel mask 0x3)
[2016.02.12-21.56.45:501][ 15]LogInit: FAudioDevice initialized.
[2016.02.12-21.56.45:534][ 15]LogWorld: Game class is 'AISafariGameMode'
[2016.02.12-21.56.45:536][ 15]LogWorld: Bringing World /Game/StarterContent/Maps/UEDPIE_0_Minimal_Default.Minimal_Default up for play (max tick rate 0) at 2016.02.12-16.56.45
[2016.02.12-21.56.45:536][ 15]LogActor:Warning: GameSession /Game/StarterContent/Maps/UEDPIE_0_Minimal_Default.Minimal_Default:PersistentLevel.GameSession_2 has natively added scene component(s), but none of them were set as the actor's RootComponent - picking one arbitrarily
[2016.02.12-21.56.45:536][ 15]LogActor:Warning: GameNetworkManager /Game/StarterContent/Maps/UEDPIE_0_Minimal_Default.Minimal_Default:PersistentLevel.GameNetworkManager_2 has natively added scene component(s), but none of them were set as the actor's RootComponent - picking one arbitrarily
[2016.02.12-21.56.45:537][ 15]LogWorld: Bringing up level for play took: 0.001596
[2016.02.12-21.56.45:560][ 15]PIE: Info Play in editor start time for /Game/StarterContent/Maps/UEDPIE_0_Minimal_Default 0.808
[2016.02.12-21.56.45:560][ 15]LogBlueprintUserMessages: Late PlayInEditor Detection: Level '/Game/StarterContent/Maps/Minimal_Default.Minimal_Default:PersistentLevel' has LevelScriptBlueprint '/Game/StarterContent/Maps/Minimal_Default.Minimal_Default:PersistentLevel.Minimal_Default' with GeneratedClass '/Game/StarterContent/Maps/Minimal_Default.Minimal_Default_C' with ClassGeneratedBy '/Game/StarterContent/Maps/Minimal_Default.Minimal_Default:PersistentLevel.Minimal_Default'
[2016.02.12-21.56.48:301][316]LogBlueprintUserMessages: Early EndPlayMap Detection: Level '/Game/StarterContent/Maps/Minimal_Default.Minimal_Default:PersistentLevel' has LevelScriptBlueprint '/Game/StarterContent/Maps/Minimal_Default.Minimal_Default:PersistentLevel.Minimal_Default' with GeneratedClass '/Game/StarterContent/Maps/Minimal_Default.Minimal_Default_C' with ClassGeneratedBy '/Game/StarterContent/Maps/Minimal_Default.Minimal_Default:PersistentLevel.Minimal_Default'
[2016.02.12-21.56.48:339][316]LogBlueprintUserMessages: Late EndPlayMap Detection: Level '/Game/StarterContent/Maps/Minimal_Default.Minimal_Default:PersistentLevel' has LevelScriptBlueprint '/Game/StarterContent/Maps/Minimal_Default.Minimal_Default:PersistentLevel.Minimal_Default' with GeneratedClass '/Game/StarterContent/Maps/Minimal_Default.Minimal_Default_C' with ClassGeneratedBy '/Game/StarterContent/Maps/Minimal_Default.Minimal_Default:PersistentLevel.Minimal_Default'
[2016.02.12-21.56.48:359][317]LogParticles: Destroying 0 GPU particle simulations for FXSystem 0x000000103FB9C0E0
[2016.02.12-21.57.12:395][ 73]LogBlueprintUserMessages: Early PlayInEditor Detection: Level '/Game/StarterContent/Maps/Minimal_Default.Minimal_Default:PersistentLevel' has LevelScriptBlueprint '/Game/StarterContent/Maps/Minimal_Default.Minimal_Default:PersistentLevel.Minimal_Default' with GeneratedClass '/Game/StarterContent/Maps/Minimal_Default.Minimal_Default_C' with ClassGeneratedBy '/Game/StarterContent/Maps/Minimal_Default.Minimal_Default:PersistentLevel.Minimal_Default'
[2016.02.12-21.57.12:395][ 73]LogPlayLevel: PlayLevel: No blueprints needed recompiling
[2016.02.12-21.57.12:395][ 73]PIE: New page: PIE session: Minimal_Default (Feb 12, 2016, 11:57:12 AM)
[2016.02.12-21.57.12:395][ 73]LogPlayLevel: Creating play world package: /Game/StarterContent/Maps/UEDPIE_0_Minimal_Default
[2016.02.12-21.57.12:400][ 73]LogPlayLevel: PIE: StaticDuplicateObject took: (0.004600s)
[2016.02.12-21.57.12:400][ 73]LogAIModule: Creating AISystem for world Minimal_Default
[2016.02.12-21.57.12:401][ 73]LogPlayLevel: PIE: World Init took: (0.000622s)
[2016.02.12-21.57.12:401][ 73]LogPlayLevel: PIE: Created PIE world by copying editor world from /Game/StarterContent/Maps/Minimal_Default.Minimal_Default to /Game/StarterContent/Maps/UEDPIE_0_Minimal_Default.Minimal_Default (0.005384s)
[2016.02.12-21.57.12:415][ 73]LogInit: XAudio2 using 'Speakers (ASUS Xonar DGX Audio Device)' : 2 channels at 44.1 kHz using 16 bits per sample (channel mask 0x3)
[2016.02.12-21.57.12:418][ 73]LogInit: FAudioDevice initialized.
[2016.02.12-21.57.12:449][ 73]LogWorld: Game class is 'AISafariGameMode'
[2016.02.12-21.57.12:451][ 73]LogWorld: Bringing World /Game/StarterContent/Maps/UEDPIE_0_Minimal_Default.Minimal_Default up for play (max tick rate 0) at 2016.02.12-16.57.12
[2016.02.12-21.57.12:451][ 73]LogActor:Warning: GameSession /Game/StarterContent/Maps/UEDPIE_0_Minimal_Default.Minimal_Default:PersistentLevel.GameSession_3 has natively added scene component(s), but none of them were set as the actor's RootComponent - picking one arbitrarily
[2016.02.12-21.57.12:451][ 73]LogActor:Warning: GameNetworkManager /Game/StarterContent/Maps/UEDPIE_0_Minimal_Default.Minimal_Default:PersistentLevel.GameNetworkManager_3 has natively added scene component(s), but none of them were set as the actor's RootComponent - picking one arbitrarily
[2016.02.12-21.57.12:451][ 73]LogWorld: Bringing up level for play took: 0.001524
[2016.02.12-21.57.12:472][ 73]PIE: Info Play in editor start time for /Game/StarterContent/Maps/UEDPIE_0_Minimal_Default -0.28
[2016.02.12-21.57.12:473][ 73]LogBlueprintUserMessages: Late PlayInEditor Detection: Level '/Game/StarterContent/Maps/Minimal_Default.Minimal_Default:PersistentLevel' has LevelScriptBlueprint '/Game/StarterContent/Maps/Minimal_Default.Minimal_Default:PersistentLevel.Minimal_Default' with GeneratedClass '/Game/StarterContent/Maps/Minimal_Default.Minimal_Default_C' with ClassGeneratedBy '/Game/StarterContent/Maps/Minimal_Default.Minimal_Default:PersistentLevel.Minimal_Default'
[2016.02.12-21.57.15:347][287]LogBlueprintUserMessages: Early EndPlayMap Detection: Level '/Game/StarterContent/Maps/Minimal_Default.Minimal_Default:PersistentLevel' has LevelScriptBlueprint '/Game/StarterContent/Maps/Minimal_Default.Minimal_Default:PersistentLevel.Minimal_Default' with GeneratedClass '/Game/StarterContent/Maps/Minimal_Default.Minimal_Default_C' with ClassGeneratedBy '/Game/StarterContent/Maps/Minimal_Default.Minimal_Default:PersistentLevel.Minimal_Default'
[2016.02.12-21.57.15:393][287]LogBlueprintUserMessages: Late EndPlayMap Detection: Level '/Game/StarterContent/Maps/Minimal_Default.Minimal_Default:PersistentLevel' has LevelScriptBlueprint '/Game/StarterContent/Maps/Minimal_Default.Minimal_Default:PersistentLevel.Minimal_Default' with GeneratedClass '/Game/StarterContent/Maps/Minimal_Default.Minimal_Default_C' with ClassGeneratedBy '/Game/StarterContent/Maps/Minimal_Default.Minimal_Default:PersistentLevel.Minimal_Default'
[2016.02.12-21.57.15:412][288]LogParticles: Destroying 0 GPU particle simulations for FXSystem 0x000000102B75A2A0
[2016.02.12-21.57.37:243][585]LogHotReload: New module detected: UE4Editor-AISafari-684.dll
[2016.02.12-21.57.37:920][588]LogHotReload: Starting Hot-Reload from IDE
[2016.02.12-21.57.37:974][588]LogContentBrowser: Native class hierarchy updated for 'AISafari' in 0.0009 seconds. Added 4 classes and 3 folders.
[2016.02.12-21.57.37:975][588]Warning: HotReload successful (0 functions remapped  0 scriptstructs remapped)
[2016.02.12-21.57.38:019][588]LogContentBrowser: Native class hierarchy populated in 0.0064 seconds. Added 1872 classes and 338 folders.
[2016.02.12-21.57.46:066][606]LogBlueprintUserMessages: Early PlayInEditor Detection: Level '/Game/StarterContent/Maps/Minimal_Default.Minimal_Default:PersistentLevel' has LevelScriptBlueprint '/Game/StarterContent/Maps/Minimal_Default.Minimal_Default:PersistentLevel.Minimal_Default' with GeneratedClass '/Game/StarterContent/Maps/Minimal_Default.Minimal_Default_C' with ClassGeneratedBy '/Game/StarterContent/Maps/Minimal_Default.Minimal_Default:PersistentLevel.Minimal_Default'
[2016.02.12-21.57.46:066][606]LogPlayLevel: PlayLevel: No blueprints needed recompiling
[2016.02.12-21.57.46:066][606]PIE: New page: PIE session: Minimal_Default (Feb 12, 2016, 11:57:46 AM)
[2016.02.12-21.57.46:066][606]LogPlayLevel: Creating play world package: /Game/StarterContent/Maps/UEDPIE_0_Minimal_Default
[2016.02.12-21.57.46:071][606]LogPlayLevel: PIE: StaticDuplicateObject took: (0.004789s)
[2016.02.12-21.57.46:072][606]LogAIModule: Creating AISystem for world Minimal_Default
[2016.02.12-21.57.46:072][606]LogPlayLevel: PIE: World Init took: (0.000606s)
[2016.02.12-21.57.46:072][606]LogPlayLevel: PIE: Created PIE world by copying editor world from /Game/StarterContent/Maps/Minimal_Default.Minimal_Default to /Game/StarterContent/Maps/UEDPIE_0_Minimal_Default.Minimal_Default (0.005649s)
[2016.02.12-21.57.46:086][606]LogInit: XAudio2 using 'Speakers (ASUS Xonar DGX Audio Device)' : 2 channels at 44.1 kHz using 16 bits per sample (channel mask 0x3)
[2016.02.12-21.57.46:089][606]LogInit: FAudioDevice initialized.
[2016.02.12-21.57.46:126][606]LogWorld: Game class is 'AISafariGameMode'
[2016.02.12-21.57.46:128][606]LogWorld: Bringing World /Game/StarterContent/Maps/UEDPIE_0_Minimal_Default.Minimal_Default up for play (max tick rate 0) at 2016.02.12-16.57.46
[2016.02.12-21.57.46:128][606]LogActor:Warning: GameSession /Game/StarterContent/Maps/UEDPIE_0_Minimal_Default.Minimal_Default:PersistentLevel.GameSession_4 has natively added scene component(s), but none of them were set as the actor's RootComponent - picking one arbitrarily
[2016.02.12-21.57.46:128][606]LogActor:Warning: GameNetworkManager /Game/StarterContent/Maps/UEDPIE_0_Minimal_Default.Minimal_Default:PersistentLevel.GameNetworkManager_4 has natively added scene component(s), but none of them were set as the actor's RootComponent - picking one arbitrarily
[2016.02.12-21.57.46:128][606]LogWorld: Bringing up level for play took: 0.001544
[2016.02.12-21.58.05:708][606]PIE: Info Play in editor start time for /Game/StarterContent/Maps/UEDPIE_0_Minimal_Default 18.956
[2016.02.12-21.58.05:708][606]LogBlueprintUserMessages: Late PlayInEditor Detection: Level '/Game/StarterContent/Maps/Minimal_Default.Minimal_Default:PersistentLevel' has LevelScriptBlueprint '/Game/StarterContent/Maps/Minimal_Default.Minimal_Default:PersistentLevel.Minimal_Default' with GeneratedClass '/Game/StarterContent/Maps/Minimal_Default.Minimal_Default_C' with ClassGeneratedBy '/Game/StarterContent/Maps/Minimal_Default.Minimal_Default:PersistentLevel.Minimal_Default'
[2016.02.12-21.58.08:609][704]LogBlueprintUserMessages: Early EndPlayMap Detection: Level '/Game/StarterContent/Maps/Minimal_Default.Minimal_Default:PersistentLevel' has LevelScriptBlueprint '/Game/StarterContent/Maps/Minimal_Default.Minimal_Default:PersistentLevel.Minimal_Default' with GeneratedClass '/Game/StarterContent/Maps/Minimal_Default.Minimal_Default_C' with ClassGeneratedBy '/Game/StarterContent/Maps/Minimal_Default.Minimal_Default:PersistentLevel.Minimal_Default'
[2016.02.12-21.58.08:666][704]LogBlueprintUserMessages: Late EndPlayMap Detection: Level '/Game/StarterContent/Maps/Minimal_Default.Minimal_Default:PersistentLevel' has LevelScriptBlueprint '/Game/StarterContent/Maps/Minimal_Default.Minimal_Default:PersistentLevel.Minimal_Default' with GeneratedClass '/Game/StarterContent/Maps/Minimal_Default.Minimal_Default_C' with ClassGeneratedBy '/Game/StarterContent/Maps/Minimal_Default.Minimal_Default:PersistentLevel.Minimal_Default'
[2016.02.12-21.58.08:676][704]LogParticles: Destroying 0 GPU particle simulations for FXSystem 0x000000102BC15A80
[2016.02.12-21.58.30:618][ 72]LogHotReload: New module detected: UE4Editor-AISafari-4894.dll
[2016.02.12-21.58.31:295][ 75]LogHotReload: Starting Hot-Reload from IDE
[2016.02.12-21.58.31:344][ 75]LogContentBrowser: Native class hierarchy updated for 'AISafari' in 0.0010 seconds. Added 4 classes and 3 folders.
[2016.02.12-21.58.31:345][ 75]Warning: HotReload successful (0 functions remapped  0 scriptstructs remapped)
[2016.02.12-21.58.31:386][ 75]LogContentBrowser: Native class hierarchy populated in 0.0059 seconds. Added 1872 classes and 338 folders.
[2016.02.12-21.58.46:063][113]LogBlueprintUserMessages: Early PlayInEditor Detection: Level '/Game/StarterContent/Maps/Minimal_Default.Minimal_Default:PersistentLevel' has LevelScriptBlueprint '/Game/StarterContent/Maps/Minimal_Default.Minimal_Default:PersistentLevel.Minimal_Default' with GeneratedClass '/Game/StarterContent/Maps/Minimal_Default.Minimal_Default_C' with ClassGeneratedBy '/Game/StarterContent/Maps/Minimal_Default.Minimal_Default:PersistentLevel.Minimal_Default'
[2016.02.12-21.58.46:063][113]LogPlayLevel: PlayLevel: No blueprints needed recompiling
[2016.02.12-21.58.46:063][113]PIE: New page: PIE session: Minimal_Default (Feb 12, 2016, 11:58:46 AM)
[2016.02.12-21.58.46:063][113]LogPlayLevel: Creating play world package: /Game/StarterContent/Maps/UEDPIE_0_Minimal_Default
[2016.02.12-21.58.46:067][113]LogPlayLevel: PIE: StaticDuplicateObject took: (0.004403s)
[2016.02.12-21.58.46:068][113]LogAIModule: Creating AISystem for world Minimal_Default
[2016.02.12-21.58.46:068][113]LogPlayLevel: PIE: World Init took: (0.000553s)
[2016.02.12-21.58.46:068][113]LogPlayLevel: PIE: Created PIE world by copying editor world from /Game/StarterContent/Maps/Minimal_Default.Minimal_Default to /Game/StarterContent/Maps/UEDPIE_0_Minimal_Default.Minimal_Default (0.005242s)
[2016.02.12-21.58.46:083][113]LogInit: XAudio2 using 'Speakers (ASUS Xonar DGX Audio Device)' : 2 channels at 44.1 kHz using 16 bits per sample (channel mask 0x3)
[2016.02.12-21.58.46:086][113]LogInit: FAudioDevice initialized.
[2016.02.12-21.58.46:116][113]LogWorld: Game class is 'AISafariGameMode'
[2016.02.12-21.58.46:118][113]LogWorld: Bringing World /Game/StarterContent/Maps/UEDPIE_0_Minimal_Default.Minimal_Default up for play (max tick rate 0) at 2016.02.12-16.58.46
[2016.02.12-21.58.46:118][113]LogActor:Warning: GameSession /Game/StarterContent/Maps/UEDPIE_0_Minimal_Default.Minimal_Default:PersistentLevel.GameSession_5 has natively added scene component(s), but none of them were set as the actor's RootComponent - picking one arbitrarily
[2016.02.12-21.58.46:118][113]LogActor:Warning: GameNetworkManager /Game/StarterContent/Maps/UEDPIE_0_Minimal_Default.Minimal_Default:PersistentLevel.GameNetworkManager_5 has natively added scene component(s), but none of them were set as the actor's RootComponent - picking one arbitrarily
[2016.02.12-21.58.46:118][113]LogWorld: Bringing up level for play took: 0.001499
[2016.02.12-21.58.46:139][113]PIE: Info Play in editor start time for /Game/StarterContent/Maps/UEDPIE_0_Minimal_Default -0.613
[2016.02.12-21.58.46:139][113]LogBlueprintUserMessages: Late PlayInEditor Detection: Level '/Game/StarterContent/Maps/Minimal_Default.Minimal_Default:PersistentLevel' has LevelScriptBlueprint '/Game/StarterContent/Maps/Minimal_Default.Minimal_Default:PersistentLevel.Minimal_Default' with GeneratedClass '/Game/StarterContent/Maps/Minimal_Default.Minimal_Default_C' with ClassGeneratedBy '/Game/StarterContent/Maps/Minimal_Default.Minimal_Default:PersistentLevel.Minimal_Default'
[2016.02.12-21.58.48:503][309]LogBlueprintUserMessages: Early EndPlayMap Detection: Level '/Game/StarterContent/Maps/Minimal_Default.Minimal_Default:PersistentLevel' has LevelScriptBlueprint '/Game/StarterContent/Maps/Minimal_Default.Minimal_Default:PersistentLevel.Minimal_Default' with GeneratedClass '/Game/StarterContent/Maps/Minimal_Default.Minimal_Default_C' with ClassGeneratedBy '/Game/StarterContent/Maps/Minimal_Default.Minimal_Default:PersistentLevel.Minimal_Default'
[2016.02.12-21.58.48:549][309]LogBlueprintUserMessages: Late EndPlayMap Detection: Level '/Game/StarterContent/Maps/Minimal_Default.Minimal_Default:PersistentLevel' has LevelScriptBlueprint '/Game/StarterContent/Maps/Minimal_Default.Minimal_Default:PersistentLevel.Minimal_Default' with GeneratedClass '/Game/StarterContent/Maps/Minimal_Default.Minimal_Default_C' with ClassGeneratedBy '/Game/StarterContent/Maps/Minimal_Default.Minimal_Default:PersistentLevel.Minimal_Default'
[2016.02.12-21.58.48:560][309]LogParticles: Destroying 0 GPU particle simulations for FXSystem 0x000000102501B7E0
[2016.02.12-21.59.07:082][527]LogBlueprintUserMessages: Early PlayInEditor Detection: Level '/Game/StarterContent/Maps/Minimal_Default.Minimal_Default:PersistentLevel' has LevelScriptBlueprint '/Game/StarterContent/Maps/Minimal_Default.Minimal_Default:PersistentLevel.Minimal_Default' with GeneratedClass '/Game/StarterContent/Maps/Minimal_Default.Minimal_Default_C' with ClassGeneratedBy '/Game/StarterContent/Maps/Minimal_Default.Minimal_Default:PersistentLevel.Minimal_Default'
[2016.02.12-21.59.07:082][527]LogPlayLevel: PlayLevel: No blueprints needed recompiling
[2016.02.12-21.59.07:082][527]PIE: New page: PIE session: Minimal_Default (Feb 12, 2016, 11:59:07 AM)
[2016.02.12-21.59.07:082][527]LogPlayLevel: Creating play world package: /Game/StarterContent/Maps/UEDPIE_0_Minimal_Default
[2016.02.12-21.59.07:087][527]LogPlayLevel: PIE: StaticDuplicateObject took: (0.004836s)
[2016.02.12-21.59.07:087][527]LogAIModule: Creating AISystem for world Minimal_Default
[2016.02.12-21.59.07:088][527]LogPlayLevel: PIE: World Init took: (0.000546s)
[2016.02.12-21.59.07:088][527]LogPlayLevel: PIE: Created PIE world by copying editor world from /Game/StarterContent/Maps/Minimal_Default.Minimal_Default to /Game/StarterContent/Maps/UEDPIE_0_Minimal_Default.Minimal_Default (0.005541s)
[2016.02.12-21.59.07:103][527]LogInit: XAudio2 using 'Speakers (ASUS Xonar DGX Audio Device)' : 2 channels at 44.1 kHz using 16 bits per sample (channel mask 0x3)
[2016.02.12-21.59.07:106][527]LogInit: FAudioDevice initialized.
[2016.02.12-21.59.07:141][527]LogWorld: Game class is 'AISafariGameMode'
[2016.02.12-21.59.07:143][527]LogWorld: Bringing World /Game/StarterContent/Maps/UEDPIE_0_Minimal_Default.Minimal_Default up for play (max tick rate 0) at 2016.02.12-16.59.07
[2016.02.12-21.59.07:143][527]LogActor:Warning: GameSession /Game/StarterContent/Maps/UEDPIE_0_Minimal_Default.Minimal_Default:PersistentLevel.GameSession_6 has natively added scene component(s), but none of them were set as the actor's RootComponent - picking one arbitrarily
[2016.02.12-21.59.07:143][527]LogActor:Warning: GameNetworkManager /Game/StarterContent/Maps/UEDPIE_0_Minimal_Default.Minimal_Default:PersistentLevel.GameNetworkManager_6 has natively added scene component(s), but none of them were set as the actor's RootComponent - picking one arbitrarily
[2016.02.12-21.59.07:144][527]LogWorld: Bringing up level for play took: 0.001494
[2016.02.12-21.59.07:164][527]PIE: Info Play in editor start time for /Game/StarterContent/Maps/UEDPIE_0_Minimal_Default 0.412
[2016.02.12-21.59.07:164][527]LogBlueprintUserMessages: Late PlayInEditor Detection: Level '/Game/StarterContent/Maps/Minimal_Default.Minimal_Default:PersistentLevel' has LevelScriptBlueprint '/Game/StarterContent/Maps/Minimal_Default.Minimal_Default:PersistentLevel.Minimal_Default' with GeneratedClass '/Game/StarterContent/Maps/Minimal_Default.Minimal_Default_C' with ClassGeneratedBy '/Game/StarterContent/Maps/Minimal_Default.Minimal_Default:PersistentLevel.Minimal_Default'
[2016.02.12-21.59.08:468][673]LogBlueprintUserMessages: Early EndPlayMap Detection: Level '/Game/StarterContent/Maps/Minimal_Default.Minimal_Default:PersistentLevel' has LevelScriptBlueprint '/Game/StarterContent/Maps/Minimal_Default.Minimal_Default:PersistentLevel.Minimal_Default' with GeneratedClass '/Game/StarterContent/Maps/Minimal_Default.Minimal_Default_C' with ClassGeneratedBy '/Game/StarterContent/Maps/Minimal_Default.Minimal_Default:PersistentLevel.Minimal_Default'
[2016.02.12-21.59.08:503][673]LogBlueprintUserMessages: Late EndPlayMap Detection: Level '/Game/StarterContent/Maps/Minimal_Default.Minimal_Default:PersistentLevel' has LevelScriptBlueprint '/Game/StarterContent/Maps/Minimal_Default.Minimal_Default:PersistentLevel.Minimal_Default' with GeneratedClass '/Game/StarterContent/Maps/Minimal_Default.Minimal_Default_C' with ClassGeneratedBy '/Game/StarterContent/Maps/Minimal_Default.Minimal_Default:PersistentLevel.Minimal_Default'
[2016.02.12-21.59.08:522][674]LogParticles: Destroying 0 GPU particle simulations for FXSystem 0x00000010250544A0
[2016.02.12-21.59.41:737][915]LogHotReload: New module detected: UE4Editor-AISafari-6701.dll
[2016.02.12-21.59.42:414][918]LogHotReload: Starting Hot-Reload from IDE
[2016.02.12-21.59.42:453][918]LogContentBrowser: Native class hierarchy updated for 'AISafari' in 0.0009 seconds. Added 4 classes and 3 folders.
[2016.02.12-21.59.42:454][918]Warning: HotReload successful (0 functions remapped  0 scriptstructs remapped)
[2016.02.12-21.59.42:495][918]LogContentBrowser: Native class hierarchy populated in 0.0060 seconds. Added 1872 classes and 338 folders.
[2016.02.12-22.00.05:242][988]LogBlueprintUserMessages: Early PlayInEditor Detection: Level '/Game/StarterContent/Maps/Minimal_Default.Minimal_Default:PersistentLevel' has LevelScriptBlueprint '/Game/StarterContent/Maps/Minimal_Default.Minimal_Default:PersistentLevel.Minimal_Default' with GeneratedClass '/Game/StarterContent/Maps/Minimal_Default.Minimal_Default_C' with ClassGeneratedBy '/Game/StarterContent/Maps/Minimal_Default.Minimal_Default:PersistentLevel.Minimal_Default'
[2016.02.12-22.00.05:242][988]LogPlayLevel: PlayLevel: No blueprints needed recompiling
[2016.02.12-22.00.05:242][988]PIE: New page: PIE session: Minimal_Default (Feb 12, 2016, 12:00:05 PM)
[2016.02.12-22.00.05:242][988]LogPlayLevel: Creating play world package: /Game/StarterContent/Maps/UEDPIE_0_Minimal_Default
[2016.02.12-22.00.05:247][988]LogPlayLevel: PIE: StaticDuplicateObject took: (0.005465s)
[2016.02.12-22.00.05:248][988]LogAIModule: Creating AISystem for world Minimal_Default
[2016.02.12-22.00.05:248][988]LogPlayLevel: PIE: World Init took: (0.000773s)
[2016.02.12-22.00.05:248][988]LogPlayLevel: PIE: Created PIE world by copying editor world from /Game/StarterContent/Maps/Minimal_Default.Minimal_Default to /Game/StarterContent/Maps/UEDPIE_0_Minimal_Default.Minimal_Default (0.006412s)
[2016.02.12-22.00.05:262][988]LogInit: XAudio2 using 'Speakers (ASUS Xonar DGX Audio Device)' : 2 channels at 44.1 kHz using 16 bits per sample (channel mask 0x3)
[2016.02.12-22.00.05:265][988]LogInit: FAudioDevice initialized.
[2016.02.12-22.00.05:304][988]LogWorld: Game class is 'AISafariGameMode'
[2016.02.12-22.00.05:306][988]LogWorld: Bringing World /Game/StarterContent/Maps/UEDPIE_0_Minimal_Default.Minimal_Default up for play (max tick rate 0) at 2016.02.12-17.00.05
[2016.02.12-22.00.05:306][988]LogActor:Warning: GameSession /Game/StarterContent/Maps/UEDPIE_0_Minimal_Default.Minimal_Default:PersistentLevel.GameSession_7 has natively added scene component(s), but none of them were set as the actor's RootComponent - picking one arbitrarily
[2016.02.12-22.00.05:306][988]LogActor:Warning: GameNetworkManager /Game/StarterContent/Maps/UEDPIE_0_Minimal_Default.Minimal_Default:PersistentLevel.GameNetworkManager_7 has natively added scene component(s), but none of them were set as the actor's RootComponent - picking one arbitrarily
[2016.02.12-22.00.05:306][988]LogWorld: Bringing up level for play took: 0.001476
[2016.02.12-22.00.05:329][988]PIE: Info Play in editor start time for /Game/StarterContent/Maps/UEDPIE_0_Minimal_Default 0.576
[2016.02.12-22.00.05:329][988]LogBlueprintUserMessages: Late PlayInEditor Detection: Level '/Game/StarterContent/Maps/Minimal_Default.Minimal_Default:PersistentLevel' has LevelScriptBlueprint '/Game/StarterContent/Maps/Minimal_Default.Minimal_Default:PersistentLevel.Minimal_Default' with GeneratedClass '/Game/StarterContent/Maps/Minimal_Default.Minimal_Default_C' with ClassGeneratedBy '/Game/StarterContent/Maps/Minimal_Default.Minimal_Default:PersistentLevel.Minimal_Default'
[2016.02.12-22.00.09:669][297]LogBlueprintUserMessages: Early EndPlayMap Detection: Level '/Game/StarterContent/Maps/Minimal_Default.Minimal_Default:PersistentLevel' has LevelScriptBlueprint '/Game/StarterContent/Maps/Minimal_Default.Minimal_Default:PersistentLevel.Minimal_Default' with GeneratedClass '/Game/StarterContent/Maps/Minimal_Default.Minimal_Default_C' with ClassGeneratedBy '/Game/StarterContent/Maps/Minimal_Default.Minimal_Default:PersistentLevel.Minimal_Default'
[2016.02.12-22.00.09:701][297]LogBlueprintUserMessages: Late EndPlayMap Detection: Level '/Game/StarterContent/Maps/Minimal_Default.Minimal_Default:PersistentLevel' has LevelScriptBlueprint '/Game/StarterContent/Maps/Minimal_Default.Minimal_Default:PersistentLevel.Minimal_Default' with GeneratedClass '/Game/StarterContent/Maps/Minimal_Default.Minimal_Default_C' with ClassGeneratedBy '/Game/StarterContent/Maps/Minimal_Default.Minimal_Default:PersistentLevel.Minimal_Default'
[2016.02.12-22.00.09:711][297]LogParticles: Destroying 0 GPU particle simulations for FXSystem 0x00000010250456C0
[2016.02.12-22.00.23:860][529]LogBlueprintUserMessages: Early PlayInEditor Detection: Level '/Game/StarterContent/Maps/Minimal_Default.Minimal_Default:PersistentLevel' has LevelScriptBlueprint '/Game/StarterContent/Maps/Minimal_Default.Minimal_Default:PersistentLevel.Minimal_Default' with GeneratedClass '/Game/StarterContent/Maps/Minimal_Default.Minimal_Default_C' with ClassGeneratedBy '/Game/StarterContent/Maps/Minimal_Default.Minimal_Default:PersistentLevel.Minimal_Default'
[2016.02.12-22.00.23:861][529]LogPlayLevel: PlayLevel: No blueprints needed recompiling
[2016.02.12-22.00.23:861][529]PIE: New page: PIE session: Minimal_Default (Feb 12, 2016, 12:00:23 PM)
[2016.02.12-22.00.23:861][529]LogPlayLevel: Creating play world package: /Game/StarterContent/Maps/UEDPIE_0_Minimal_Default
[2016.02.12-22.00.23:865][529]LogPlayLevel: PIE: StaticDuplicateObject took: (0.004244s)
[2016.02.12-22.00.23:866][529]LogAIModule: Creating AISystem for world Minimal_Default
[2016.02.12-22.00.23:866][529]LogPlayLevel: PIE: World Init took: (0.000618s)
[2016.02.12-22.00.23:866][529]LogPlayLevel: PIE: Created PIE world by copying editor world from /Game/StarterContent/Maps/Minimal_Default.Minimal_Default to /Game/StarterContent/Maps/UEDPIE_0_Minimal_Default.Minimal_Default (0.005023s)
[2016.02.12-22.00.23:879][529]LogInit: XAudio2 using 'Speakers (ASUS Xonar DGX Audio Device)' : 2 channels at 44.1 kHz using 16 bits per sample (channel mask 0x3)
[2016.02.12-22.00.23:882][529]LogInit: FAudioDevice initialized.
[2016.02.12-22.00.23:914][529]LogWorld: Game class is 'AISafariGameMode'
[2016.02.12-22.00.23:916][529]LogWorld: Bringing World /Game/StarterContent/Maps/UEDPIE_0_Minimal_Default.Minimal_Default up for play (max tick rate 0) at 2016.02.12-17.00.23
[2016.02.12-22.00.23:916][529]LogActor:Warning: GameSession /Game/StarterContent/Maps/UEDPIE_0_Minimal_Default.Minimal_Default:PersistentLevel.GameSession_8 has natively added scene component(s), but none of them were set as the actor's RootComponent - picking one arbitrarily
[2016.02.12-22.00.23:916][529]LogActor:Warning: GameNetworkManager /Game/StarterContent/Maps/UEDPIE_0_Minimal_Default.Minimal_Default:PersistentLevel.GameNetworkManager_8 has natively added scene component(s), but none of them were set as the actor's RootComponent - picking one arbitrarily
[2016.02.12-22.00.23:916][529]LogWorld: Bringing up level for play took: 0.001477
[2016.02.12-22.02.35:927][529]PIE: Info Play in editor start time for /Game/StarterContent/Maps/UEDPIE_0_Minimal_Default 131.175
[2016.02.12-22.02.35:927][529]LogBlueprintUserMessages: Late PlayInEditor Detection: Level '/Game/StarterContent/Maps/Minimal_Default.Minimal_Default:PersistentLevel' has LevelScriptBlueprint '/Game/StarterContent/Maps/Minimal_Default.Minimal_Default:PersistentLevel.Minimal_Default' with GeneratedClass '/Game/StarterContent/Maps/Minimal_Default.Minimal_Default_C' with ClassGeneratedBy '/Game/StarterContent/Maps/Minimal_Default.Minimal_Default:PersistentLevel.Minimal_Default'
[2016.02.12-22.02.37:895][613]LogBlueprintUserMessages: Early EndPlayMap Detection: Level '/Game/StarterContent/Maps/Minimal_Default.Minimal_Default:PersistentLevel' has LevelScriptBlueprint '/Game/StarterContent/Maps/Minimal_Default.Minimal_Default:PersistentLevel.Minimal_Default' with GeneratedClass '/Game/StarterContent/Maps/Minimal_Default.Minimal_Default_C' with ClassGeneratedBy '/Game/StarterContent/Maps/Minimal_Default.Minimal_Default:PersistentLevel.Minimal_Default'
[2016.02.12-22.02.37:929][613]LogBlueprintUserMessages: Late EndPlayMap Detection: Level '/Game/StarterContent/Maps/Minimal_Default.Minimal_Default:PersistentLevel' has LevelScriptBlueprint '/Game/StarterContent/Maps/Minimal_Default.Minimal_Default:PersistentLevel.Minimal_Default' with GeneratedClass '/Game/StarterContent/Maps/Minimal_Default.Minimal_Default_C' with ClassGeneratedBy '/Game/StarterContent/Maps/Minimal_Default.Minimal_Default:PersistentLevel.Minimal_Default'
[2016.02.12-22.02.37:947][614]LogParticles: Destroying 0 GPU particle simulations for FXSystem 0x000000102BC14900
[2016.02.12-22.02.41:846][ 79]LogBlueprintUserMessages: Early PlayInEditor Detection: Level '/Game/StarterContent/Maps/Minimal_Default.Minimal_Default:PersistentLevel' has LevelScriptBlueprint '/Game/StarterContent/Maps/Minimal_Default.Minimal_Default:PersistentLevel.Minimal_Default' with GeneratedClass '/Game/StarterContent/Maps/Minimal_Default.Minimal_Default_C' with ClassGeneratedBy '/Game/StarterContent/Maps/Minimal_Default.Minimal_Default:PersistentLevel.Minimal_Default'
[2016.02.12-22.02.41:846][ 79]LogPlayLevel: PlayLevel: No blueprints needed recompiling
[2016.02.12-22.02.41:846][ 79]PIE: New page: PIE session: Minimal_Default (Feb 12, 2016, 12:02:41 PM)
[2016.02.12-22.02.41:846][ 79]LogPlayLevel: Creating play world package: /Game/StarterContent/Maps/UEDPIE_0_Minimal_Default
[2016.02.12-22.02.41:851][ 79]LogPlayLevel: PIE: StaticDuplicateObject took: (0.004440s)
[2016.02.12-22.02.41:851][ 79]LogAIModule: Creating AISystem for world Minimal_Default
[2016.02.12-22.02.41:851][ 79]LogPlayLevel: PIE: World Init took: (0.000626s)
[2016.02.12-22.02.41:851][ 79]LogPlayLevel: PIE: Created PIE world by copying editor world from /Game/StarterContent/Maps/Minimal_Default.Minimal_Default to /Game/StarterContent/Maps/UEDPIE_0_Minimal_Default.Minimal_Default (0.005257s)
[2016.02.12-22.02.41:866][ 79]LogInit: XAudio2 using 'Speakers (ASUS Xonar DGX Audio Device)' : 2 channels at 44.1 kHz using 16 bits per sample (channel mask 0x3)
[2016.02.12-22.02.41:869][ 79]LogInit: FAudioDevice initialized.
[2016.02.12-22.02.41:900][ 79]LogWorld: Game class is 'AISafariGameMode'
[2016.02.12-22.02.41:902][ 79]LogWorld: Bringing World /Game/StarterContent/Maps/UEDPIE_0_Minimal_Default.Minimal_Default up for play (max tick rate 0) at 2016.02.12-17.02.41
[2016.02.12-22.02.41:902][ 79]LogActor:Warning: GameSession /Game/StarterContent/Maps/UEDPIE_0_Minimal_Default.Minimal_Default:PersistentLevel.GameSession_9 has natively added scene component(s), but none of them were set as the actor's RootComponent - picking one arbitrarily
[2016.02.12-22.02.41:902][ 79]LogActor:Warning: GameNetworkManager /Game/StarterContent/Maps/UEDPIE_0_Minimal_Default.Minimal_Default:PersistentLevel.GameNetworkManager_9 has natively added scene component(s), but none of them were set as the actor's RootComponent - picking one arbitrarily
[2016.02.12-22.02.41:902][ 79]LogWorld: Bringing up level for play took: 0.001588
[2016.02.12-22.04.29:730][ 79]PIE: Info Play in editor start time for /Game/StarterContent/Maps/UEDPIE_0_Minimal_Default 106.978
[2016.02.12-22.04.29:730][ 79]LogBlueprintUserMessages: Late PlayInEditor Detection: Level '/Game/StarterContent/Maps/Minimal_Default.Minimal_Default:PersistentLevel' has LevelScriptBlueprint '/Game/StarterContent/Maps/Minimal_Default.Minimal_Default:PersistentLevel.Minimal_Default' with GeneratedClass '/Game/StarterContent/Maps/Minimal_Default.Minimal_Default_C' with ClassGeneratedBy '/Game/StarterContent/Maps/Minimal_Default.Minimal_Default:PersistentLevel.Minimal_Default'
[2016.02.12-22.04.32:920][122]LogBlueprintUserMessages: Early EndPlayMap Detection: Level '/Game/StarterContent/Maps/Minimal_Default.Minimal_Default:PersistentLevel' has LevelScriptBlueprint '/Game/StarterContent/Maps/Minimal_Default.Minimal_Default:PersistentLevel.Minimal_Default' with GeneratedClass '/Game/StarterContent/Maps/Minimal_Default.Minimal_Default_C' with ClassGeneratedBy '/Game/StarterContent/Maps/Minimal_Default.Minimal_Default:PersistentLevel.Minimal_Default'
[2016.02.12-22.04.32:952][122]LogBlueprintUserMessages: Late EndPlayMap Detection: Level '/Game/StarterContent/Maps/Minimal_Default.Minimal_Default:PersistentLevel' has LevelScriptBlueprint '/Game/StarterContent/Maps/Minimal_Default.Minimal_Default:PersistentLevel.Minimal_Default' with GeneratedClass '/Game/StarterContent/Maps/Minimal_Default.Minimal_Default_C' with ClassGeneratedBy '/Game/StarterContent/Maps/Minimal_Default.Minimal_Default:PersistentLevel.Minimal_Default'
[2016.02.12-22.04.32:969][123]LogParticles: Destroying 0 GPU particle simulations for FXSystem 0x0000001025044360
[2016.02.12-22.06.55:357][139]LogBlueprintUserMessages: Early PlayInEditor Detection: Level '/Game/StarterContent/Maps/Minimal_Default.Minimal_Default:PersistentLevel' has LevelScriptBlueprint '/Game/StarterContent/Maps/Minimal_Default.Minimal_Default:PersistentLevel.Minimal_Default' with GeneratedClass '/Game/StarterContent/Maps/Minimal_Default.Minimal_Default_C' with ClassGeneratedBy '/Game/StarterContent/Maps/Minimal_Default.Minimal_Default:PersistentLevel.Minimal_Default'
[2016.02.12-22.06.55:357][139]LogPlayLevel: PlayLevel: No blueprints needed recompiling
[2016.02.12-22.06.55:357][139]PIE: New page: PIE session: Minimal_Default (Feb 12, 2016, 12:06:55 PM)
[2016.02.12-22.06.55:357][139]LogPlayLevel: Creating play world package: /Game/StarterContent/Maps/UEDPIE_0_Minimal_Default
[2016.02.12-22.06.55:362][139]LogPlayLevel: PIE: StaticDuplicateObject took: (0.005242s)
[2016.02.12-22.06.55:363][139]LogAIModule: Creating AISystem for world Minimal_Default
[2016.02.12-22.06.55:363][139]LogPlayLevel: PIE: World Init took: (0.000695s)
[2016.02.12-22.06.55:363][139]LogPlayLevel: PIE: Created PIE world by copying editor world from /Game/StarterContent/Maps/Minimal_Default.Minimal_Default to /Game/StarterContent/Maps/UEDPIE_0_Minimal_Default.Minimal_Default (0.006356s)
[2016.02.12-22.06.55:377][139]LogInit: XAudio2 using 'Speakers (ASUS Xonar DGX Audio Device)' : 2 channels at 44.1 kHz using 16 bits per sample (channel mask 0x3)
[2016.02.12-22.06.55:380][139]LogInit: FAudioDevice initialized.
[2016.02.12-22.06.55:417][139]LogWorld: Game class is 'AISafariGameMode'
[2016.02.12-22.06.55:419][139]LogWorld: Bringing World /Game/StarterContent/Maps/UEDPIE_0_Minimal_Default.Minimal_Default up for play (max tick rate 0) at 2016.02.12-17.06.55
[2016.02.12-22.06.55:419][139]LogActor:Warning: GameSession /Game/StarterContent/Maps/UEDPIE_0_Minimal_Default.Minimal_Default:PersistentLevel.GameSession_10 has natively added scene component(s), but none of them were set as the actor's RootComponent - picking one arbitrarily
[2016.02.12-22.06.55:419][139]LogActor:Warning: GameNetworkManager /Game/StarterContent/Maps/UEDPIE_0_Minimal_Default.Minimal_Default:PersistentLevel.GameNetworkManager_10 has natively added scene component(s), but none of them were set as the actor's RootComponent - picking one arbitrarily
[2016.02.12-22.06.55:419][139]LogWorld: Bringing up level for play took: 0.001511
[2016.02.12-22.07.12:086][139]PIE: Info Play in editor start time for /Game/StarterContent/Maps/UEDPIE_0_Minimal_Default 17.334
[2016.02.12-22.07.12:087][139]LogBlueprintUserMessages: Late PlayInEditor Detection: Level '/Game/StarterContent/Maps/Minimal_Default.Minimal_Default:PersistentLevel' has LevelScriptBlueprint '/Game/StarterContent/Maps/Minimal_Default.Minimal_Default:PersistentLevel.Minimal_Default' with GeneratedClass '/Game/StarterContent/Maps/Minimal_Default.Minimal_Default_C' with ClassGeneratedBy '/Game/StarterContent/Maps/Minimal_Default.Minimal_Default:PersistentLevel.Minimal_Default'
[2016.02.12-22.07.15:442][150]LogBlueprintUserMessages: Early EndPlayMap Detection: Level '/Game/StarterContent/Maps/Minimal_Default.Minimal_Default:PersistentLevel' has LevelScriptBlueprint '/Game/StarterContent/Maps/Minimal_Default.Minimal_Default:PersistentLevel.Minimal_Default' with GeneratedClass '/Game/StarterContent/Maps/Minimal_Default.Minimal_Default_C' with ClassGeneratedBy '/Game/StarterContent/Maps/Minimal_Default.Minimal_Default:PersistentLevel.Minimal_Default'
[2016.02.12-22.07.15:477][150]LogBlueprintUserMessages: Late EndPlayMap Detection: Level '/Game/StarterContent/Maps/Minimal_Default.Minimal_Default:PersistentLevel' has LevelScriptBlueprint '/Game/StarterContent/Maps/Minimal_Default.Minimal_Default:PersistentLevel.Minimal_Default' with GeneratedClass '/Game/StarterContent/Maps/Minimal_Default.Minimal_Default_C' with ClassGeneratedBy '/Game/StarterContent/Maps/Minimal_Default.Minimal_Default:PersistentLevel.Minimal_Default'
[2016.02.12-22.07.15:494][151]LogParticles: Destroying 0 GPU particle simulations for FXSystem 0x000000101FAEAE80
[2016.02.12-22.07.27:905][648]LogHotReload: New module detected: UE4Editor-AISafari-8628.dll
[2016.02.12-22.07.28:581][651]LogHotReload: Starting Hot-Reload from IDE
[2016.02.12-22.07.28:642][651]LogContentBrowser: Native class hierarchy updated for 'AISafari' in 0.0009 seconds. Added 4 classes and 3 folders.
[2016.02.12-22.07.28:642][651]Warning: HotReload successful (0 functions remapped  0 scriptstructs remapped)
[2016.02.12-22.07.28:685][651]LogContentBrowser: Native class hierarchy populated in 0.0059 seconds. Added 1872 classes and 338 folders.
[2016.02.12-22.07.42:879][690]LogBlueprintUserMessages: Early PlayInEditor Detection: Level '/Game/StarterContent/Maps/Minimal_Default.Minimal_Default:PersistentLevel' has LevelScriptBlueprint '/Game/StarterContent/Maps/Minimal_Default.Minimal_Default:PersistentLevel.Minimal_Default' with GeneratedClass '/Game/StarterContent/Maps/Minimal_Default.Minimal_Default_C' with ClassGeneratedBy '/Game/StarterContent/Maps/Minimal_Default.Minimal_Default:PersistentLevel.Minimal_Default'
[2016.02.12-22.07.42:879][690]LogPlayLevel: PlayLevel: No blueprints needed recompiling
[2016.02.12-22.07.42:879][690]PIE: New page: PIE session: Minimal_Default (Feb 12, 2016, 12:07:42 PM)
[2016.02.12-22.07.42:879][690]LogPlayLevel: Creating play world package: /Game/StarterContent/Maps/UEDPIE_0_Minimal_Default
[2016.02.12-22.07.42:885][690]LogPlayLevel: PIE: StaticDuplicateObject took: (0.005109s)
[2016.02.12-22.07.42:885][690]LogAIModule: Creating AISystem for world Minimal_Default
[2016.02.12-22.07.42:885][690]LogPlayLevel: PIE: World Init took: (0.000671s)
[2016.02.12-22.07.42:885][690]LogPlayLevel: PIE: Created PIE world by copying editor world from /Game/StarterContent/Maps/Minimal_Default.Minimal_Default to /Game/StarterContent/Maps/UEDPIE_0_Minimal_Default.Minimal_Default (0.005959s)
[2016.02.12-22.07.42:899][690]LogInit: XAudio2 using 'Speakers (ASUS Xonar DGX Audio Device)' : 2 channels at 44.1 kHz using 16 bits per sample (channel mask 0x3)
[2016.02.12-22.07.42:901][690]LogInit: FAudioDevice initialized.
[2016.02.12-22.07.42:937][690]LogWorld: Game class is 'AISafariGameMode'
[2016.02.12-22.07.42:939][690]LogWorld: Bringing World /Game/StarterContent/Maps/UEDPIE_0_Minimal_Default.Minimal_Default up for play (max tick rate 0) at 2016.02.12-17.07.42
[2016.02.12-22.07.42:939][690]LogActor:Warning: GameSession /Game/StarterContent/Maps/UEDPIE_0_Minimal_Default.Minimal_Default:PersistentLevel.GameSession_11 has natively added scene component(s), but none of them were set as the actor's RootComponent - picking one arbitrarily
[2016.02.12-22.07.42:939][690]LogActor:Warning: GameNetworkManager /Game/StarterContent/Maps/UEDPIE_0_Minimal_Default.Minimal_Default:PersistentLevel.GameNetworkManager_11 has natively added scene component(s), but none of them were set as the actor's RootComponent - picking one arbitrarily
[2016.02.12-22.07.42:939][690]LogWorld: Bringing up level for play took: 0.001512
[2016.02.12-22.09.29:285][690]PIE: Info Play in editor start time for /Game/StarterContent/Maps/UEDPIE_0_Minimal_Default 106.534
[2016.02.12-22.09.29:285][690]LogBlueprintUserMessages: Late PlayInEditor Detection: Level '/Game/StarterContent/Maps/Minimal_Default.Minimal_Default:PersistentLevel' has LevelScriptBlueprint '/Game/StarterContent/Maps/Minimal_Default.Minimal_Default:PersistentLevel.Minimal_Default' with GeneratedClass '/Game/StarterContent/Maps/Minimal_Default.Minimal_Default_C' with ClassGeneratedBy '/Game/StarterContent/Maps/Minimal_Default.Minimal_Default:PersistentLevel.Minimal_Default'
[2016.02.12-22.09.38:577][ 62]LogBlueprintUserMessages: Early EndPlayMap Detection: Level '/Game/StarterContent/Maps/Minimal_Default.Minimal_Default:PersistentLevel' has LevelScriptBlueprint '/Game/StarterContent/Maps/Minimal_Default.Minimal_Default:PersistentLevel.Minimal_Default' with GeneratedClass '/Game/StarterContent/Maps/Minimal_Default.Minimal_Default_C' with ClassGeneratedBy '/Game/StarterContent/Maps/Minimal_Default.Minimal_Default:PersistentLevel.Minimal_Default'
[2016.02.12-22.09.38:611][ 62]LogBlueprintUserMessages: Late EndPlayMap Detection: Level '/Game/StarterContent/Maps/Minimal_Default.Minimal_Default:PersistentLevel' has LevelScriptBlueprint '/Game/StarterContent/Maps/Minimal_Default.Minimal_Default:PersistentLevel.Minimal_Default' with GeneratedClass '/Game/StarterContent/Maps/Minimal_Default.Minimal_Default_C' with ClassGeneratedBy '/Game/StarterContent/Maps/Minimal_Default.Minimal_Default:PersistentLevel.Minimal_Default'
[2016.02.12-22.09.38:620][ 62]LogParticles: Destroying 0 GPU particle simulations for FXSystem 0x000000102BA100E0
[2016.02.12-22.11.31:282][911]LogWindowsTextInputMethodSystem:Display: IME system now deactivated.
[2016.02.12-22.11.31:514][912]Cmd: QUIT_EDITOR
[2016.02.12-22.11.32:391][912]LogExit: Preparing to exit.
[2016.02.12-22.11.33:503][912]LogExit: Editor shut down
[2016.02.12-22.11.33:504][912]LogExit: Transaction tracking system shut down
[2016.02.12-22.11.33:508][912]LogParticles: Destroying 0 GPU particle simulations for FXSystem 0x00000010442837E0
[2016.02.12-22.11.33:509][912]LogParticles: Destroying 0 GPU particle simulations for FXSystem 0x00000010423A7880
[2016.02.12-22.11.33:655][912]LogParticles: Destroying 0 GPU particle simulations for FXSystem 0x0000001042C5F600
[2016.02.12-22.11.33:655][912]LogExit: Object subsystem successfully closed.
[2016.02.12-22.11.33:675][912]LogD3D11RHI: Shutdown
[2016.02.12-22.11.33:675][912]LogD3D11RHI: CleanupD3DDevice
[2016.02.12-22.11.33:800][912]LogD3D11RHI: ~FD3D11DynamicRHI
[2016.02.12-22.11.33:825][912]LogModuleManager: Shutting down and abandoning module CrashTracker (198)
[2016.02.12-22.11.33:825][912]LogModuleManager: Shutting down and abandoning module SceneOutliner (197)
[2016.02.12-22.11.33:825][912]LogModuleManager: Shutting down and abandoning module SuperSearch (196)
[2016.02.12-22.11.33:825][912]LogModuleManager: Shutting down and abandoning module WidgetCarousel (195)
[2016.02.12-22.11.33:825][912]LogModuleManager: Shutting down and abandoning module AddContentDialog (194)
[2016.02.12-22.11.33:830][912]LogModuleManager: Shutting down and abandoning module EditorWidgets (193)
[2016.02.12-22.11.33:830][912]LogModuleManager: Shutting down and abandoning module CollectionManager (192)
[2016.02.12-22.11.33:831][912]LogModuleManager: Shutting down and abandoning module StatsViewer (191)
[2016.02.12-22.11.33:832][912]LogModuleManager: Shutting down and abandoning module FoliageEdit (190)
[2016.02.12-22.11.33:832][912]LogModuleManager: Shutting down and abandoning module LandscapeEditor (189)
[2016.02.12-22.11.33:833][912]LogModuleManager: Shutting down and abandoning module ActorPickerMode (188)
[2016.02.12-22.11.33:833][912]LogModuleManager: Shutting down and abandoning module GeometryMode (187)
[2016.02.12-22.11.33:833][912]LogModuleManager: Shutting down and abandoning module TextureAlignMode (186)
[2016.02.12-22.11.33:833][912]LogModuleManager: Shutting down and abandoning module BspMode (185)
[2016.02.12-22.11.33:833][912]LogModuleManager: Shutting down and abandoning module PlacementMode (184)
[2016.02.12-22.11.33:833][912]LogModuleManager: Shutting down and abandoning module AutomationWorker (183)
[2016.02.12-22.11.33:833][912]LogModuleManager: Shutting down and abandoning module CharacterAI (182)
[2016.02.12-22.11.33:833][912]LogModuleManager: Shutting down and abandoning module SmartSnapping (181)
[2016.02.12-22.11.33:833][912]LogModuleManager: Shutting down and abandoning module ViewportSnapping (180)
[2016.02.12-22.11.33:833][912]LogModuleManager: Shutting down and abandoning module LogVisualizer (179)
[2016.02.12-22.11.33:834][912]LogModuleManager: Shutting down and abandoning module GameProjectGeneration (178)
[2016.02.12-22.11.33:834][912]LogModuleManager: Shutting down and abandoning module IntroTutorials (177)
[2016.02.12-22.11.33:835][912]LogModuleManager: Shutting down and abandoning module EditorLiveStreaming (176)
[2016.02.12-22.11.33:835][912]LogModuleManager: Shutting down and abandoning module IOSPlatformEditor (175)
[2016.02.12-22.11.33:835][912]LogModuleManager: Shutting down and abandoning module HTML5PlatformEditor (174)
[2016.02.12-22.11.33:835][912]LogModuleManager: Shutting down and abandoning module AndroidDeviceDetection (173)
[2016.02.12-22.11.34:323][912]LogModuleManager: Shutting down and abandoning module AndroidPlatformEditor (172)
[2016.02.12-22.11.34:323][912]LogModuleManager: Shutting down and abandoning module IOSRuntimeSettings (171)
[2016.02.12-22.11.34:323][912]LogModuleManager: Shutting down and abandoning module AndroidRuntimeSettings (170)
[2016.02.12-22.11.34:323][912]LogModuleManager: Shutting down and abandoning module MergeActors (169)
[2016.02.12-22.11.34:323][912]LogModuleManager: Shutting down and abandoning module SizeMap (168)
[2016.02.12-22.11.34:323][912]LogModuleManager: Shutting down and abandoning module TreeMap (167)
[2016.02.12-22.11.34:323][912]LogModuleManager: Shutting down and abandoning module ReferenceViewer (166)
[2016.02.12-22.11.34:323][912]LogModuleManager: Shutting down and abandoning module LocalizationService (165)
[2016.02.12-22.11.34:324][912]LogModuleManager: Shutting down and abandoning module LocalizationDashboard (164)
[2016.02.12-22.11.34:324][912]LogModuleManager: Shutting down and abandoning module HardwareTargeting (163)
[2016.02.12-22.11.34:324][912]LogModuleManager: Shutting down and abandoning module DeviceProfileEditor (162)
[2016.02.12-22.11.34:324][912]LogModuleManager: Shutting down and abandoning module UndoHistory (161)
[2016.02.12-22.11.34:324][912]LogModuleManager: Shutting down and abandoning module GameplayTagsEditor (160)
[2016.02.12-22.11.34:324][912]LogModuleManager: Shutting down and abandoning module UserFeedback (159)
[2016.02.12-22.11.34:324][912]LogModuleManager: Shutting down and abandoning module XmlParser (158)
[2016.02.12-22.11.34:324][912]LogModuleManager: Shutting down and abandoning module Blutility (157)
[2016.02.12-22.11.34:324][912]LogModuleManager: Shutting down and abandoning module ProjectTargetPlatformEditor (156)
[2016.02.12-22.11.34:325][912]LogModuleManager: Shutting down and abandoning module ProjectSettingsViewer (155)
[2016.02.12-22.11.34:325][912]LogModuleManager: Shutting down and abandoning module InputBindingEditor (154)
[2016.02.12-22.11.34:325][912]LogModuleManager: Shutting down and abandoning module EditorSettingsViewer (153)
[2016.02.12-22.11.34:325][912]LogModuleManager: Shutting down and abandoning module SettingsEditor (152)
[2016.02.12-22.11.34:326][912]LogModuleManager: Shutting down and abandoning module ProjectLauncher (151)
[2016.02.12-22.11.34:326][912]LogModuleManager: Shutting down and abandoning module SessionFrontend (150)
[2016.02.12-22.11.34:326][912]LogModuleManager: Shutting down and abandoning module ProfilerClient (149)
[2016.02.12-22.11.34:326][912]LogModuleManager: Shutting down and abandoning module TargetDeviceServices (148)
[2016.02.12-22.11.34:326][912]LogModuleManager: Shutting down and abandoning module DeviceManager (147)
[2016.02.12-22.11.34:327][912]LogModuleManager: Shutting down and abandoning module AutomationController (146)
[2016.02.12-22.11.34:327][912]LogModuleManager: Shutting down and abandoning module AutomationWindow (145)
[2016.02.12-22.11.34:328][912]LogModuleManager: Shutting down and abandoning module Layers (144)
[2016.02.12-22.11.34:329][912]LogModuleManager: Shutting down and abandoning module ComponentVisualizers (143)
[2016.02.12-22.11.34:329][912]LogModuleManager: Shutting down and abandoning module DetailCustomizations (142)
[2016.02.12-22.11.34:329][912]LogModuleManager: Shutting down and abandoning module PackagesDialog (141)
[2016.02.12-22.11.34:330][912]LogModuleManager: Shutting down and abandoning module Persona (140)
[2016.02.12-22.11.34:331][912]LogModuleManager: Shutting down and abandoning module Kismet (139)
[2016.02.12-22.11.34:331][912]LogModuleManager: Shutting down and abandoning module GraphEditor (138)
[2016.02.12-22.11.34:332][912]LogModuleManager: Shutting down and abandoning module ClassViewer (137)
[2016.02.12-22.11.34:333][912]LogModuleManager: Shutting down and abandoning module Toolbox (136)
[2016.02.12-22.11.34:333][912]LogModuleManager: Shutting down and abandoning module ModuleUI (135)
[2016.02.12-22.11.34:333][912]LogModuleManager: Shutting down and abandoning module MovieSceneTools (134)
[2016.02.12-22.11.34:333][912]LogModuleManager: Shutting down and abandoning module OutputLog (133)
[2016.02.12-22.11.34:333][912]LogModuleManager: Shutting down and abandoning module GammaUI (132)
[2016.02.12-22.11.34:333][912]LogModuleManager: Shutting down and abandoning module Documentation (131)
[2016.02.12-22.11.34:333][912]LogModuleManager: Shutting down and abandoning module GameLiveStreaming (130)
[2016.02.12-22.11.34:333][912]LogModuleManager: Shutting down and abandoning module StreamingPauseRendering (129)
[2016.02.12-22.11.34:333][912]LogModuleManager: Shutting down and abandoning module AnalyticsET (128)
[2016.02.12-22.11.34:333][912]LogModuleManager: Shutting down and abandoning module Analytics (127)
[2016.02.12-22.11.34:333][912]LogModuleManager: Shutting down and abandoning module AITestSuite (126)
[2016.02.12-22.11.34:334][912]LogModuleManager: Shutting down and abandoning module GameplayDebugger (125)
[2016.02.12-22.11.34:334][912]LogModuleManager: Shutting down and abandoning module AIModule (124)
[2016.02.12-22.11.34:334][912]LogModuleManager: Shutting down and abandoning module ProfilerService (123)
[2016.02.12-22.11.34:356][912]LogModuleManager: Shutting down and abandoning module TaskGraph (122)
[2016.02.12-22.11.34:357][912]LogModuleManager: Shutting down and abandoning module SlateRemote (121)
[2016.02.12-22.11.34:357][912]LogModuleManager: Shutting down and abandoning module SteamVRController (120)
[2016.02.12-22.11.34:357][912]LogModuleManager: Shutting down and abandoning module SteamVR (119)
[2016.02.12-22.11.34:357][912]LogModuleManager: Shutting down and abandoning module ProceduralMeshComponent (118)
[2016.02.12-22.11.34:357][912]LogModuleManager: Shutting down and abandoning module OculusRift (117)
[2016.02.12-22.11.34:357][912]LogModuleManager: Shutting down and abandoning module OculusLibrary (116)
[2016.02.12-22.11.34:357][912]LogModuleManager: Shutting down and abandoning module LeapMotionController (115)
[2016.02.12-22.11.34:378][912]LogModuleManager: Shutting down and abandoning module CustomMeshComponent (114)
[2016.02.12-22.11.34:378][912]LogModuleManager: Shutting down and abandoning module CableComponent (113)
[2016.02.12-22.11.34:378][912]LogModuleManager: Shutting down and abandoning module ArchVisCharacter (112)
[2016.02.12-22.11.34:378][912]LogModuleManager: Shutting down and abandoning module MessagingDebugger (111)
[2016.02.12-22.11.34:379][912]LogModuleManager: Shutting down and abandoning module MediaPlayerEditor (110)
[2016.02.12-22.11.34:380][912]LogModuleManager: Shutting down and abandoning module HTML5Networking (109)
[2016.02.12-22.11.34:380][912]LogModuleManager: Shutting down and abandoning module SpeedTreeImporter (108)
[2016.02.12-22.11.34:380][912]LogModuleManager: Shutting down and abandoning module PluginBrowser (107)
[2016.02.12-22.11.34:380][912]LogModuleManager: Shutting down and abandoning module EpicSurvey (106)
[2016.02.12-22.11.34:380][912]LogModuleManager: Shutting down and abandoning module DesktopPlatform (105)
[2016.02.12-22.11.34:381][912]LogModuleManager: Shutting down and abandoning module VisualStudioSourceCodeAccess (104)
[2016.02.12-22.11.34:381][912]LogModuleManager: Shutting down and abandoning module UObjectPlugin (103)
[2016.02.12-22.11.34:381][912]LogModuleManager: Shutting down and abandoning module SubversionSourceControl (102)
[2016.02.12-22.11.34:381][912]LogModuleManager: Shutting down and abandoning module PerforceSourceControl (101)
[2016.02.12-22.11.34:382][912]LogModuleManager: Shutting down and abandoning module SourceControl (100)
[2016.02.12-22.11.34:382][912]LogModuleManager: Shutting down and abandoning module GitSourceControl (99)
[2016.02.12-22.11.34:383][912]LogModuleManager: Shutting down and abandoning module LightPropagationVolumeEditor (98)
[2016.02.12-22.11.34:383][912]LogModuleManager: Shutting down and abandoning module PaperTiledImporter (97)
[2016.02.12-22.11.34:383][912]LogModuleManager: Shutting down and abandoning module PaperSpriteSheetImporter (96)
[2016.02.12-22.11.34:383][912]LogModuleManager: Shutting down and abandoning module MeshPaint (95)
[2016.02.12-22.11.34:383][912]LogModuleManager: Shutting down and abandoning module SlateReflector (94)
[2016.02.12-22.11.34:384][912]LogModuleManager: Shutting down and abandoning module HotReload (93)
[2016.02.12-22.11.34:384][912]LogModuleManager: Shutting down and abandoning module MainFrame (92)
[2016.02.12-22.11.34:384][912]LogModuleManager: Shutting down and abandoning module LevelEditor (91)
[2016.02.12-22.11.34:385][912]LogModuleManager: Shutting down and abandoning module DirectoryWatcher (90)
[2016.02.12-22.11.34:389][912]LogModuleManager: Shutting down and abandoning module AssetRegistry (89)
[2016.02.12-22.11.34:472][912]LogModuleManager: Shutting down and abandoning module ContentBrowser (88)
[2016.02.12-22.11.34:473][912]LogModuleManager: Shutting down and abandoning module Paper2DEditor (87)
[2016.02.12-22.11.34:474][912]LogModuleManager: Shutting down and abandoning module AISafari (86)
[2016.02.12-22.11.34:474][912]LogModuleManager: Shutting down and abandoning module UdpMessaging (85)
[2016.02.12-22.11.34:575][912]LogModuleManager: Shutting down and abandoning module LightPropagationVolumeRuntime (84)
[2016.02.12-22.11.34:575][912]LogModuleManager: Shutting down and abandoning module Paper2D (83)
[2016.02.12-22.11.34:575][912]LogModuleManager: Shutting down and abandoning module WindowsMoviePlayer (82)
[2016.02.12-22.11.34:578][912]LogModuleManager: Shutting down and abandoning module Media (81)
[2016.02.12-22.11.34:578][912]LogModuleManager: Shutting down and abandoning module WmfMedia (80)
[2016.02.12-22.11.34:578][912]LogModuleManager: Shutting down and abandoning module OnlineBlueprintSupport (79)
[2016.02.12-22.11.34:578][912]LogModuleManager: Shutting down and abandoning module GameplayTasksEditor (78)
[2016.02.12-22.11.34:578][912]LogModuleManager: Shutting down and abandoning module PropertyEditor (77)
[2016.02.12-22.11.34:578][912]LogModuleManager: Shutting down and abandoning module BehaviorTreeEditor (76)
[2016.02.12-22.11.34:579][912]LogModuleManager: Shutting down and abandoning module FunctionalTesting (75)
[2016.02.12-22.11.34:579][912]LogModuleManager: Shutting down and abandoning module CollisionAnalyzer (74)
[2016.02.12-22.11.34:580][912]LogModuleManager: Shutting down and abandoning module WorkspaceMenuStructure (73)
[2016.02.12-22.11.34:580][912]LogModuleManager: Shutting down and abandoning module MessageLog (72)
[2016.02.12-22.11.34:580][912]LogModuleManager: Shutting down and abandoning module Sequencer (71)
[2016.02.12-22.11.34:581][912]LogModuleManager: Shutting down and abandoning module AssetTools (70)
[2016.02.12-22.11.34:582][912]LogModuleManager: Shutting down and abandoning module UMGEditor (69)
[2016.02.12-22.11.34:583][912]LogModuleManager: Shutting down and abandoning module UMG (68)
[2016.02.12-22.11.34:583][912]LogModuleManager: Shutting down and abandoning module Slate (67)
[2016.02.12-22.11.34:583][912]LogModuleManager: Shutting down and abandoning module EditorStyle (66)
[2016.02.12-22.11.34:585][912]LogModuleManager: Shutting down and abandoning module SessionServices (65)
[2016.02.12-22.11.34:585][912]LogModuleManager: Shutting down and abandoning module SourceCodeAccess (64)
[2016.02.12-22.11.34:585][912]LogModuleManager: Shutting down and abandoning module HeadMountedDisplay (63)
[2016.02.12-22.11.34:585][912]LogModuleManager: Shutting down and abandoning module XAudio2 (62)
[2016.02.12-22.11.34:585][912]LogModuleManager: Shutting down and abandoning module Networking (60)
[2016.02.12-22.11.34:585][912]LogModuleManager: Shutting down and abandoning module Core (59)
[2016.02.12-22.11.34:585][912]LogModuleManager: Shutting down and abandoning module KismetCompiler (58)
[2016.02.12-22.11.34:585][912]LogModuleManager: Shutting down and abandoning module PhysXFormats (57)
[2016.02.12-22.11.34:585][912]LogModuleManager: Shutting down and abandoning module MeshUtilities (56)
[2016.02.12-22.11.34:585][912]LogModuleManager: Shutting down and abandoning module CookingStats (55)
[2016.02.12-22.11.34:586][912]LogModuleManager: Shutting down and abandoning module DerivedDataCache (54)
[2016.02.12-22.11.34:660][912]LogDerivedDataCache: Shutdown
[2016.02.12-22.11.34:660][912]LogModuleManager: Shutting down and abandoning module ShaderFormatOpenGL (53)
[2016.02.12-22.11.34:665][912]LogModuleManager: Shutting down and abandoning module ShaderFormatD3D (52)
[2016.02.12-22.11.34:665][912]LogModuleManager: Shutting down and abandoning module MetalShaderFormat (51)
[2016.02.12-22.11.34:666][912]LogModuleManager: Shutting down and abandoning module TextureFormatUncompressed (50)
[2016.02.12-22.11.34:666][912]LogModuleManager: Shutting down and abandoning module TextureFormatPVR (49)
[2016.02.12-22.11.34:666][912]LogModuleManager: Shutting down and abandoning module TextureFormatIntelISPCTexComp (48)
[2016.02.12-22.11.34:666][912]LogModuleManager: Shutting down and abandoning module TextureFormatDXT (47)
[2016.02.12-22.11.34:666][912]LogModuleManager: Shutting down and abandoning module ImageWrapper (46)
[2016.02.12-22.11.34:666][912]LogModuleManager: Shutting down and abandoning module TextureFormatASTC (45)
[2016.02.12-22.11.34:666][912]LogModuleManager: Shutting down and abandoning module TextureFormatAndroid (44)
[2016.02.12-22.11.34:666][912]LogModuleManager: Shutting down and abandoning module AudioFormatOpus (43)
[2016.02.12-22.11.34:666][912]LogModuleManager: Shutting down and abandoning module AudioFormatOgg (42)
[2016.02.12-22.11.34:666][912]LogModuleManager: Shutting down and abandoning module AudioFormatADPCM (41)
[2016.02.12-22.11.34:666][912]LogModuleManager: Shutting down and abandoning module LinuxTargetPlatform (40)
[2016.02.12-22.11.34:666][912]LogModuleManager: Shutting down and abandoning module LinuxServerTargetPlatform (39)
[2016.02.12-22.11.34:666][912]LogModuleManager: Shutting down and abandoning module LinuxNoEditorTargetPlatform (38)
[2016.02.12-22.11.34:666][912]LogModuleManager: Shutting down and abandoning module Messaging (37)
[2016.02.12-22.11.34:667][912]LogModuleManager: Shutting down and abandoning module IOSTargetPlatform (36)
[2016.02.12-22.11.34:667][912]LogModuleManager: Shutting down and abandoning module HTML5TargetPlatform (35)
[2016.02.12-22.11.34:667][912]LogModuleManager: Shutting down and abandoning module Android_PVRTCTargetPlatform (34)
[2016.02.12-22.11.34:667][912]LogModuleManager: Shutting down and abandoning module Android_ETC2TargetPlatform (33)
[2016.02.12-22.11.34:667][912]LogModuleManager: Shutting down and abandoning module Android_ETC1TargetPlatform (32)
[2016.02.12-22.11.34:667][912]LogModuleManager: Shutting down and abandoning module Android_DXTTargetPlatform (31)
[2016.02.12-22.11.34:667][912]LogModuleManager: Shutting down and abandoning module Android_ATCTargetPlatform (30)
[2016.02.12-22.11.34:668][912]LogModuleManager: Shutting down and abandoning module Android_ASTCTargetPlatform (29)
[2016.02.12-22.11.34:668][912]LogModuleManager: Shutting down and abandoning module AndroidTargetPlatform (28)
[2016.02.12-22.11.34:668][912]LogModuleManager: Shutting down and abandoning module WindowsTargetPlatform (27)
[2016.02.12-22.11.34:668][912]LogModuleManager: Shutting down and abandoning module WindowsServerTargetPlatform (26)
[2016.02.12-22.11.34:668][912]LogModuleManager: Shutting down and abandoning module WindowsNoEditorTargetPlatform (25)
[2016.02.12-22.11.34:669][912]LogModuleManager: Shutting down and abandoning module WindowsClientTargetPlatform (24)
[2016.02.12-22.11.34:669][912]LogModuleManager: Shutting down and abandoning module AllDesktopTargetPlatform (23)
[2016.02.12-22.11.34:669][912]LogModuleManager: Shutting down and abandoning module TargetPlatform (22)
[2016.02.12-22.11.34:669][912]LogModuleManager: Shutting down and abandoning module InputCore (21)
[2016.02.12-22.11.34:669][912]LogModuleManager: Shutting down and abandoning module Settings (20)
[2016.02.12-22.11.34:669][912]LogModuleManager: Shutting down and abandoning module OnlineSubsystem (18)
[2016.02.12-22.11.34:669][912]LogModuleManager: Shutting down and abandoning module HTTP (17)
[2016.02.12-22.11.36:673][912]LogModuleManager: Shutting down and abandoning module XMPP (16)
[2016.02.12-22.11.36:674][912]LogModuleManager: Shutting down and abandoning module ExampleDeviceProfileSelector (15)
[2016.02.12-22.11.36:674][912]LogModuleManager: Shutting down and abandoning module TextureCompressor (14)
[2016.02.12-22.11.36:674][912]LogModuleManager: Shutting down and abandoning module ShaderCore (13)
[2016.02.12-22.11.36:674][912]LogModuleManager: Shutting down and abandoning module Landscape (12)
[2016.02.12-22.11.36:674][912]LogModuleManager: Shutting down and abandoning module SlateRHIRenderer (11)
[2016.02.12-22.11.36:677][912]LogModuleManager: Shutting down and abandoning module OpenGLDrv (10)
[2016.02.12-22.11.36:677][912]LogModuleManager: Shutting down and abandoning module D3D11RHI (9)
[2016.02.12-22.11.36:677][912]LogModuleManager: Shutting down and abandoning module AnimGraphRuntime (8)
[2016.02.12-22.11.36:678][912]LogModuleManager: Shutting down and abandoning module Renderer (7)
[2016.02.12-22.11.36:678][912]LogModuleManager: Shutting down and abandoning module Engine (6)
[2016.02.12-22.11.36:678][912]LogModuleManager: Shutting down and abandoning module CoreUObject (5)
[2016.02.12-22.11.36:678][912]LogModuleManager: Shutting down and abandoning module NetworkFile (4)
[2016.02.12-22.11.36:678][912]LogModuleManager: Shutting down and abandoning module StreamingFile (3)
[2016.02.12-22.11.36:678][912]LogModuleManager: Shutting down and abandoning module SandboxFile (2)
[2016.02.12-22.11.36:678][912]LogModuleManager: Shutting down and abandoning module PakFile (1)
[2016.02.12-22.11.36:679][912]LogExit: Exiting.
[2016.02.12-22.11.36:684][912]Log file closed, 02/12/16 17:11:36
