[2016.02.13-18.34.38:772][  0]Log file open, 02/13/16 13:34:38
[2016.02.13-18.34.38:772][  0]LogInit:Display: Running engine for game: AISafari
[2016.02.13-18.34.38:772][  0]LogInit:Display: RandInit(647012924) SRandInit(647012924).
[2016.02.13-18.34.38:772][  0]LogTaskGraph: Started task graph with 4 named threads and 7 total threads.
[2016.02.13-18.34.38:772][  0]LogStats: Stats thread started at 0.067292
[2016.02.13-18.34.38:772][  0]LogInit: Version: 4.9.2-2707645+++depot+UE4-Releases+4.9
[2016.02.13-18.34.38:772][  0]LogInit: API Version: 2672455
[2016.02.13-18.34.38:772][  0]LogInit: Compiled (64-bit): Sep 28 2015 10:25:44
[2016.02.13-18.34.38:772][  0]LogInit: Compiled with Visual C++: 18.00.21005.01
[2016.02.13-18.34.38:772][  0]LogInit: Build Configuration: Development
[2016.02.13-18.34.38:772][  0]LogInit: Branch Name: ++depot+UE4-Releases+4.9
[2016.02.13-18.34.38:772][  0]LogInit: Command line:  
[2016.02.13-18.34.38:772][  0]LogInit: Base directory: C:/Program Files (x86)/Epic Games/4.9/Engine/Binaries/Win64/
[2016.02.13-18.34.38:772][  0]LogInit: Rocket: 1
[2016.02.13-18.34.38:779][  0]LogInit: Using libcurl 7.41.0
[2016.02.13-18.34.38:779][  0]LogInit:  - built for x86_64-pc-win32
[2016.02.13-18.34.38:779][  0]LogInit:  - supports SSL with WinSSL
[2016.02.13-18.34.38:779][  0]LogInit:  - other features:
[2016.02.13-18.34.38:779][  0]LogInit:      CURL_VERSION_SSL
[2016.02.13-18.34.38:779][  0]LogInit:      CURL_VERSION_IPV6
[2016.02.13-18.34.38:779][  0]LogInit:      CURL_VERSION_ASYNCHDNS
[2016.02.13-18.34.38:779][  0]LogInit:      CURL_VERSION_LARGEFILE
[2016.02.13-18.34.38:779][  0]LogInit:      CURL_VERSION_IDN
[2016.02.13-18.34.38:779][  0]LogInit:  CurlRequestOptions (configurable via config and command line):
[2016.02.13-18.34.38:779][  0]LogInit:  - bVerifyPeer = true  - Libcurl will verify peer certificate
[2016.02.13-18.34.38:779][  0]LogInit:  - bUseHttpProxy = false  - Libcurl will NOT use HTTP proxy
[2016.02.13-18.34.38:779][  0]LogInit:  - bDontReuseConnections = false  - Libcurl will reuse connections
[2016.02.13-18.34.38:779][  0]LogInit:  - CertBundlePath = nullptr  - Libcurl will use whatever was configured at build time.
[2016.02.13-18.34.38:785][  0]LogInit: Presizing for 0 objects not considered by GC, pre-allocating 0 bytes.
[2016.02.13-18.34.38:789][  0]LogInit: Object subsystem initialized
[2016.02.13-18.34.38:790][  0]LogInit: Selected Device Profile: [Windows]
[2016.02.13-18.34.38:790][  0]LogInit: Applying CVar settings loaded from the selected device profile: [Windows]
[2016.02.13-18.34.38:796][  0]LogInit: Computer: ZEBRADESKTOP
[2016.02.13-18.34.38:796][  0]LogInit: User: Ryan
[2016.02.13-18.34.38:796][  0]LogInit: CPU Page size=4096, Cores=4
[2016.02.13-18.34.38:796][  0]LogInit: High frequency timer resolution =3.984648 MHz
[2016.02.13-18.34.38:796][  0]LogMemory: Memory total: Physical=15.9GB (16GB approx)
[2016.02.13-18.34.38:796][  0]LogMemory: Platform Memory Stats for Windows
[2016.02.13-18.34.38:796][  0]LogMemory: Process Physical Memory: 54.01 MB used, 54.01 MB peak
[2016.02.13-18.34.38:796][  0]LogMemory: Process Virtual Memory: 55.50 MB used, 55.50 MB peak
[2016.02.13-18.34.38:796][  0]LogMemory: Physical Memory: 8033.80 MB used, 16325.73 MB total
[2016.02.13-18.34.38:796][  0]LogMemory: Virtual Memory: 365.76 MB used, 134217728.00 MB total
[2016.02.13-18.34.38:824][  0]LogTextLocalizationManager: No specific translations for ('en-US') exist, so ('en') translations will be used.
[2016.02.13-18.34.39:285][  0]LogD3D11RHI: Found D3D11 adapter 0: NVIDIA GeForce GTX 780 (Feature Level 11_0)
[2016.02.13-18.34.39:285][  0]LogD3D11RHI: Adapter has 5971MB of dedicated video memory, 0MB of dedicated system memory, and 8162MB of shared system memory, 3 output[s]
[2016.02.13-18.34.39:286][  0]LogD3D11RHI: Found D3D11 adapter 1: Microsoft Basic Render Driver (Feature Level 11_0)
[2016.02.13-18.34.39:286][  0]LogD3D11RHI: Adapter has 0MB of dedicated video memory, 0MB of dedicated system memory, and 8162MB of shared system memory, 0 output[s]
[2016.02.13-18.34.39:286][  0]LogD3D11RHI: Chosen D3D11 Adapter Id = 0
[2016.02.13-18.34.41:132][  0]LogWindowsTextInputMethodSystem:Display: IME system now deactivated.
[2016.02.13-18.34.41:137][  0]LogD3D11RHI: !Direct3DDevice
[2016.02.13-18.34.41:137][  0]LogRHI: Texture pool is 1361 MB (70% of 1945 MB)
[2016.02.13-18.34.41:151][  0]LogD3D11RHI: Async texture creation enabled
[2016.02.13-18.34.41:168][  0]LogShaderCompilers: Guid format shader working directory is 14 characters bigger than the processId version (Q:/Classes/3-2/AI/AISafari/Intermediate/Shaders/WorkingDirectory/21576/).
[2016.02.13-18.34.41:168][  0]LogShaderCompilers: Cleaned the shader compiler working directory 'Q:/Classes/3-2/AI/AISafari/Intermediate/Shaders/tmp/F8D9A3AA452B6EF24E10D3AEDAD4BFBB/'.
[2016.02.13-18.34.41:168][  0]LogShaderCompilers:Display: Using Local Shader Compiler.
[2016.02.13-18.34.41:893][  0]LogTemp:Display: Loaded TP AllDesktopTargetPlatform
[2016.02.13-18.34.41:897][  0]LogTemp:Display: Loaded TP WindowsClientTargetPlatform
[2016.02.13-18.34.41:902][  0]LogTemp:Display: Loaded TP WindowsNoEditorTargetPlatform
[2016.02.13-18.34.41:906][  0]LogTemp:Display: Loaded TP WindowsServerTargetPlatform
[2016.02.13-18.34.41:910][  0]LogTemp:Display: Loaded TP WindowsTargetPlatform
[2016.02.13-18.34.41:912][  0]LogTemp:Display: Loaded TP AndroidTargetPlatform
[2016.02.13-18.34.41:914][  0]LogTemp:Display: Loaded TP Android_ASTCTargetPlatform
[2016.02.13-18.34.41:916][  0]LogTemp:Display: Loaded TP Android_ATCTargetPlatform
[2016.02.13-18.34.41:919][  0]LogTemp:Display: Loaded TP Android_DXTTargetPlatform
[2016.02.13-18.34.41:921][  0]LogTemp:Display: Loaded TP Android_ETC1TargetPlatform
[2016.02.13-18.34.41:923][  0]LogTemp:Display: Loaded TP Android_ETC2TargetPlatform
[2016.02.13-18.34.41:926][  0]LogTemp:Display: Loaded TP Android_PVRTCTargetPlatform
[2016.02.13-18.34.41:926][  0]LogTemp:Display: Loaded TP HTML5TargetPlatform
[2016.02.13-18.34.41:942][  0]LogTemp:Display: Loaded TP IOSTargetPlatform
[2016.02.13-18.34.41:944][  0]LogTemp:Display: Loaded TP LinuxNoEditorTargetPlatform
[2016.02.13-18.34.41:946][  0]LogTemp:Display: Loaded TP LinuxServerTargetPlatform
[2016.02.13-18.34.41:949][  0]LogTemp:Display: Loaded TP LinuxTargetPlatform
[2016.02.13-18.34.41:949][  0]LogTargetPlatformManager:Display: Building Assets For Windows
[2016.02.13-18.34.42:008][  0]LogDerivedDataCache:Display: Max Cache Size: 512 MB
[2016.02.13-18.34.42:044][  0]LogDerivedDataCache: Loaded boot cache 0.04s 41MB C:/Users/Ryan/AppData/Local/UnrealEngine/4.9/DerivedDataCache/Boot.ddc.
[2016.02.13-18.34.42:044][  0]LogDerivedDataCache:Display: Loaded Boot cache: C:/Users/Ryan/AppData/Local/UnrealEngine/4.9/DerivedDataCache/Boot.ddc
[2016.02.13-18.34.42:044][  0]LogDerivedDataCache: FDerivedDataBackendGraph:  Pak pak cache file Q:/Classes/3-2/AI/AISafari/DerivedDataCache/DDC.ddp not found, will not use a pak cache.
[2016.02.13-18.34.42:044][  0]LogDerivedDataCache: Unable to find inner node Pak for hierarchical cache Hierarchy.
[2016.02.13-18.34.42:044][  0]LogDerivedDataCache: FDerivedDataBackendGraph:  CompressedPak pak cache file Q:/Classes/3-2/AI/AISafari/DerivedDataCache/Compressed.ddp not found, will not use a pak cache.
[2016.02.13-18.34.42:044][  0]LogDerivedDataCache: Unable to find inner node CompressedPak for hierarchical cache Hierarchy.
[2016.02.13-18.34.42:146][  0]LogDerivedDataCache:Display: Pak cache opened for reading ../../../Engine/DerivedDataCache/Compressed.ddp.
[2016.02.13-18.34.42:158][  0]LogDerivedDataCache: Using Local data cache path C:/Users/Ryan/AppData/Local/UnrealEngine/Common/DerivedDataCache: Writable
[2016.02.13-18.34.42:278][  0]LogInit: Selected Device Profile: [Windows]
[2016.02.13-18.34.42:280][  0]LogContentStreaming: Texture pool size is 0.000000MB
[2016.02.13-18.34.42:362][  0]LogMeshUtilities: No automatic mesh reduction module available
[2016.02.13-18.34.42:362][  0]LogMeshUtilities: No automatic mesh merging module available
[2016.02.13-18.34.42:539][  0]LogInit: WinSock: version 1.1 (2.2), MaxSocks=32767, MaxUdp=65467
[2016.02.13-18.34.43:035][  0]UdpMessaging: Initializing bridge on interface 0.0.0.0:0 to multicast group 230.0.0.1:6666.
[2016.02.13-18.34.43:134][  0]LogAssetRegistry: FAssetRegistry took 0.0106 seconds to start up
[2016.02.13-18.34.43:268][  0]SourceControl: Info Source control is disabled
[2016.02.13-18.34.43:274][  0]SourceControl: Info Source control is disabled
[2016.02.13-18.34.43:284][  0]SourceControl: Info Source control is disabled
[2016.02.13-18.34.43:292][  0]SourceControl: Info Source control is disabled
[2016.02.13-18.34.43:402][  0]LogLinker:Warning: Asset '../../../Engine/Plugins/Runtime/LeapMotionController/Content/LM_PassthroughMaterial.uasset' has been saved with empty engine version. The asset will be loaded but may be incompatible.
[2016.02.13-18.34.43:461][  0]LogObj: 28380 objects as part of root set at end of initial load.
[2016.02.13-18.34.43:461][  0]LogUObjectAllocator: 6046576 out of 0 bytes used by permanent object pool.
[2016.02.13-18.34.43:504][  0]LogEngine: Initializing Engine...
[2016.02.13-18.34.43:506][  0]LogHMD: Can't find Oculus library dev build: is proper Runtime installed? Version: 0.7.0.0
[2016.02.13-18.34.43:506][  0]LogHMD: SteamVR failed to initialize.  Err: 110
[2016.02.13-18.34.43:615][  0]LogAIModule: Creating AISystem for world NewWorld
[2016.02.13-18.34.43:622][  0]LogInit: XAudio2 using 'Speakers (ASUS Xonar DGX Audio Device)' : 2 channels at 44.1 kHz using 16 bits per sample (channel mask 0x3)
[2016.02.13-18.34.43:626][  0]LogInit: FAudioDevice initialized.
[2016.02.13-18.34.43:644][  0]LogDerivedDataCache: Saved boot cache 0.02s 41MB C:/Users/Ryan/AppData/Local/UnrealEngine/4.9/DerivedDataCache/Boot.ddc.
[2016.02.13-18.34.43:649][  0]LogInit: Texture streaming: Enabled
[2016.02.13-18.34.43:655][  0]LogAnalytics: Creating configured Analytics provider AnalyticsET
[2016.02.13-18.34.43:655][  0]LogAnalytics: [UEEditor.Rocket.Release] APIServer = http://et2.epicgames.com/ET2/. AppVersion = 4.9.2-2707645+++depot+UE4-Releases+4.9
[2016.02.13-18.34.43:655][  0]LogAnalytics: [UEEditor.Rocket.Release] SetUserId d1f9beca401d8fe412e57fa88e66abb9|85745c8591404a23957796735eaccf05|defee072-9da8-4f68-a06a-f65b3a6c30bf
[2016.02.13-18.34.43:655][  0]LogAnalytics: [UEEditor.Rocket.Release] AnalyticsET::StartSession
[2016.02.13-18.34.43:680][  0]LogInit: Transaction tracking system initialized
[2016.02.13-18.34.43:702][  0]BlueprintLog: New page: Editor Load
[2016.02.13-18.34.43:772][  0]LocalizationService: Info Localization service is disabled
[2016.02.13-18.34.43:841][  0]LogConsoleResponse:Display: 
[2016.02.13-18.34.43:934][  0]LogCook:Display: Done creating registry. It took  0.00s.
[2016.02.13-18.34.43:986][  0]LogFileCache: Scanning file cache for directory 'Q:/Classes/3-2/AI/AISafari/Content/' took 0.01s
[2016.02.13-18.34.43:986][  0]SourceControl: Info Source control is disabled
[2016.02.13-18.34.43:986][  0]Cmd: MAP LOAD FILE="Q:/Classes/3-2/AI/AISafari/Content/StarterContent/Maps/Minimal_Default.umap" TEMPLATE=0 SHOWPROGRESS=1 FEATURELEVEL=3
[2016.02.13-18.34.43:986][  0]LightingResults: New page: Lighting Build
[2016.02.13-18.34.43:989][  0]MapCheck: New page: Map Check
[2016.02.13-18.34.43:989][  0]LightingResults: New page: Lighting Build
[2016.02.13-18.34.43:997][  0]LogParticles: Destroying 0 GPU particle simulations for FXSystem 0x000000F0D3527CE0
[2016.02.13-18.34.44:217][  0]LogAIModule: Creating AISystem for world Minimal_Default
[2016.02.13-18.34.44:223][  0]LogEditorServer: Finished looking for orphan Actors (0.000 secs)
[2016.02.13-18.34.44:223][  0]Cmd: MAP CHECKDEP NOCLEARLOG
[2016.02.13-18.34.44:268][  0]MapCheck: Info Map check complete: 0 Error(s), 0 Warning(s), took 43.926ms to complete.
[2016.02.13-18.34.44:268][  0]LogFileHelpers: Loading map 'Minimal_Default' took 0.282
[2016.02.13-18.34.44:395][  0]LogCollectionManager: Loaded 0 collections in 0.001643 seconds
[2016.02.13-18.34.44:436][  0]LogFileCache: Scanning file cache for directory 'Q:/Classes/3-2/AI/AISafari/Saved/Collections/' took 0.01s
[2016.02.13-18.34.44:436][  0]LogFileCache: Scanning file cache for directory 'Q:/Classes/3-2/AI/AISafari/Content/Developers/Ryan/Collections/' took 0.01s
[2016.02.13-18.34.44:436][  0]LogFileCache: Scanning file cache for directory 'Q:/Classes/3-2/AI/AISafari/Content/Collections/' took 0.01s
[2016.02.13-18.34.44:436][  0]LogContentBrowser: Native class hierarchy populated in 0.0078 seconds. Added 1871 classes and 336 folders.
[2016.02.13-18.34.44:456][  0]LogCollectionManager: Rebuilt the GUID cache for 0 collections in 0.000003 seconds
[2016.02.13-18.34.44:465][  0]LogContentBrowser: Native class hierarchy updated for 'WidgetCarousel' in 0.0019 seconds. Added 0 classes and 0 folders.
[2016.02.13-18.34.44:502][  0]LogContentBrowser: Native class hierarchy updated for 'AddContentDialog' in 0.0009 seconds. Added 0 classes and 0 folders.
[2016.02.13-18.34.44:506][  0]LogContentBrowser: Native class hierarchy updated for 'SceneOutliner' in 0.0008 seconds. Added 1 classes and 2 folders.
[2016.02.13-18.34.44:526][  0]LogCrashTracker: Crashtracker disabled due to settings.
[2016.02.13-18.34.44:531][  0]LogUObjectGlobals:Warning: Failed to find object 'Class None.'
[2016.02.13-18.34.44:553][  0]LogLoad: Full Startup: 6.36 seconds (BP compile: 0.04 seconds)
[2016.02.13-18.34.44:561][  0]LogWindowsTextInputMethodSystem:Display: IME system now deactivated.
[2016.02.13-18.34.44:616][  0]LogContentStreaming: Texture pool size now 1000 MB
[2016.02.13-18.34.44:721][  0]LogRenderer: Reallocating scene render targets to support 1208x600 (Frame:2).
[2016.02.13-18.34.45:170][  2]LogAssetRegistry: Asset discovery search completed in 2.0462 seconds
[2016.02.13-18.34.45:170][  2]LogCollectionManager: Rebuilt the object cache for 0 collections in 0.000000 seconds (found 0 objects)
[2016.02.13-18.34.45:170][  2]LogCollectionManager: Fixed up redirectors for 0 collections in 0.000019 seconds (updated 0 objects)
[2016.02.13-18.34.51:620][ 37]LogHotReload: New module detected: UE4Editor-AISafari-2059.dll
[2016.02.13-18.34.52:257][ 98]LogHotReload: Starting Hot-Reload from IDE
[2016.02.13-18.34.52:371][ 98]LogContentBrowser: Native class hierarchy updated for 'AISafari' in 0.0009 seconds. Added 4 classes and 3 folders.
[2016.02.13-18.34.52:371][ 98]Warning: HotReload successful (0 functions remapped  0 scriptstructs remapped)
[2016.02.13-18.34.52:423][ 98]LogContentBrowser: Native class hierarchy populated in 0.0062 seconds. Added 1872 classes and 338 folders.
[2016.02.13-18.34.56:675][583]LogEditorViewport: Clicking on Actor (LMB): PlayerStart (Player Start)
[2016.02.13-18.34.58:706][824]LogNavigationPoint: PostEditMove Clear paths rebuilt
[2016.02.13-18.35.00:347][ 14]LogBlueprintUserMessages: Early PlayInEditor Detection: Level '/Game/StarterContent/Maps/Minimal_Default.Minimal_Default:PersistentLevel' has LevelScriptBlueprint '/Game/StarterContent/Maps/Minimal_Default.Minimal_Default:PersistentLevel.Minimal_Default' with GeneratedClass '/Game/StarterContent/Maps/Minimal_Default.Minimal_Default_C' with ClassGeneratedBy '/Game/StarterContent/Maps/Minimal_Default.Minimal_Default:PersistentLevel.Minimal_Default'
[2016.02.13-18.35.00:347][ 14]LogPlayLevel: PlayLevel: No blueprints needed recompiling
[2016.02.13-18.35.00:347][ 14]PIE: New page: PIE session: Minimal_Default (Feb 13, 2016, 8:35:00 AM)
[2016.02.13-18.35.00:347][ 14]LogPlayLevel: Creating play world package: /Game/StarterContent/Maps/UEDPIE_0_Minimal_Default
[2016.02.13-18.35.00:354][ 14]LogPlayLevel: PIE: StaticDuplicateObject took: (0.007240s)
[2016.02.13-18.35.00:355][ 14]LogAIModule: Creating AISystem for world Minimal_Default
[2016.02.13-18.35.00:355][ 14]LogPlayLevel: PIE: World Init took: (0.000630s)
[2016.02.13-18.35.00:355][ 14]LogPlayLevel: PIE: Created PIE world by copying editor world from /Game/StarterContent/Maps/Minimal_Default.Minimal_Default to /Game/StarterContent/Maps/UEDPIE_0_Minimal_Default.Minimal_Default (0.008045s)
[2016.02.13-18.35.00:370][ 14]LogInit: XAudio2 using 'Speakers (ASUS Xonar DGX Audio Device)' : 2 channels at 44.1 kHz using 16 bits per sample (channel mask 0x3)
[2016.02.13-18.35.00:372][ 14]LogInit: FAudioDevice initialized.
[2016.02.13-18.35.00:421][ 14]LogWorld: Game class is 'AISafariGameMode'
[2016.02.13-18.35.00:423][ 14]LogWorld: Bringing World /Game/StarterContent/Maps/UEDPIE_0_Minimal_Default.Minimal_Default up for play (max tick rate 0) at 2016.02.13-13.35.00
[2016.02.13-18.35.00:423][ 14]LogActor:Warning: GameSession /Game/StarterContent/Maps/UEDPIE_0_Minimal_Default.Minimal_Default:PersistentLevel.GameSession_0 has natively added scene component(s), but none of them were set as the actor's RootComponent - picking one arbitrarily
[2016.02.13-18.35.00:423][ 14]LogActor:Warning: GameNetworkManager /Game/StarterContent/Maps/UEDPIE_0_Minimal_Default.Minimal_Default:PersistentLevel.GameNetworkManager_0 has natively added scene component(s), but none of them were set as the actor's RootComponent - picking one arbitrarily
[2016.02.13-18.35.00:423][ 14]LogWorld: Bringing up level for play took: 0.001537
[2016.02.13-18.35.00:533][ 14]PIE: Info Play in editor start time for /Game/StarterContent/Maps/UEDPIE_0_Minimal_Default -0.639
[2016.02.13-18.35.00:533][ 14]LogBlueprintUserMessages: Late PlayInEditor Detection: Level '/Game/StarterContent/Maps/Minimal_Default.Minimal_Default:PersistentLevel' has LevelScriptBlueprint '/Game/StarterContent/Maps/Minimal_Default.Minimal_Default:PersistentLevel.Minimal_Default' with GeneratedClass '/Game/StarterContent/Maps/Minimal_Default.Minimal_Default_C' with ClassGeneratedBy '/Game/StarterContent/Maps/Minimal_Default.Minimal_Default:PersistentLevel.Minimal_Default'
[2016.02.13-18.35.19:997][324]LogBlueprintUserMessages: Early EndPlayMap Detection: Level '/Game/StarterContent/Maps/Minimal_Default.Minimal_Default:PersistentLevel' has LevelScriptBlueprint '/Game/StarterContent/Maps/Minimal_Default.Minimal_Default:PersistentLevel.Minimal_Default' with GeneratedClass '/Game/StarterContent/Maps/Minimal_Default.Minimal_Default_C' with ClassGeneratedBy '/Game/StarterContent/Maps/Minimal_Default.Minimal_Default:PersistentLevel.Minimal_Default'
[2016.02.13-18.35.20:045][324]LogBlueprintUserMessages: Late EndPlayMap Detection: Level '/Game/StarterContent/Maps/Minimal_Default.Minimal_Default:PersistentLevel' has LevelScriptBlueprint '/Game/StarterContent/Maps/Minimal_Default.Minimal_Default:PersistentLevel.Minimal_Default' with GeneratedClass '/Game/StarterContent/Maps/Minimal_Default.Minimal_Default_C' with ClassGeneratedBy '/Game/StarterContent/Maps/Minimal_Default.Minimal_Default:PersistentLevel.Minimal_Default'
[2016.02.13-18.35.20:080][325]LogParticles: Destroying 0 GPU particle simulations for FXSystem 0x000000F0AF2E1940
[2016.02.13-18.35.43:982][233]LogHotReload: New module detected: UE4Editor-AISafari-6207.dll
[2016.02.13-18.35.44:662][236]LogHotReload: Starting Hot-Reload from IDE
[2016.02.13-18.35.44:719][236]LogContentBrowser: Native class hierarchy updated for 'AISafari' in 0.0012 seconds. Added 4 classes and 3 folders.
[2016.02.13-18.35.44:721][236]Warning: HotReload successful (0 functions remapped  0 scriptstructs remapped)
[2016.02.13-18.35.44:774][236]LogContentBrowser: Native class hierarchy populated in 0.0063 seconds. Added 1872 classes and 338 folders.
[2016.02.13-18.35.46:544][299]LogBlueprintUserMessages: Early PlayInEditor Detection: Level '/Game/StarterContent/Maps/Minimal_Default.Minimal_Default:PersistentLevel' has LevelScriptBlueprint '/Game/StarterContent/Maps/Minimal_Default.Minimal_Default:PersistentLevel.Minimal_Default' with GeneratedClass '/Game/StarterContent/Maps/Minimal_Default.Minimal_Default_C' with ClassGeneratedBy '/Game/StarterContent/Maps/Minimal_Default.Minimal_Default:PersistentLevel.Minimal_Default'
[2016.02.13-18.35.46:544][299]LogPlayLevel: PlayLevel: No blueprints needed recompiling
[2016.02.13-18.35.46:544][299]PIE: New page: PIE session: Minimal_Default (Feb 13, 2016, 8:35:46 AM)
[2016.02.13-18.35.46:544][299]LogPlayLevel: Creating play world package: /Game/StarterContent/Maps/UEDPIE_0_Minimal_Default
[2016.02.13-18.35.46:549][299]LogPlayLevel: PIE: StaticDuplicateObject took: (0.005003s)
[2016.02.13-18.35.46:550][299]LogAIModule: Creating AISystem for world Minimal_Default
[2016.02.13-18.35.46:550][299]LogPlayLevel: PIE: World Init took: (0.000947s)
[2016.02.13-18.35.46:550][299]LogPlayLevel: PIE: Created PIE world by copying editor world from /Game/StarterContent/Maps/Minimal_Default.Minimal_Default to /Game/StarterContent/Maps/UEDPIE_0_Minimal_Default.Minimal_Default (0.006397s)
[2016.02.13-18.35.46:566][299]LogInit: XAudio2 using 'Speakers (ASUS Xonar DGX Audio Device)' : 2 channels at 44.1 kHz using 16 bits per sample (channel mask 0x3)
[2016.02.13-18.35.46:569][299]LogInit: FAudioDevice initialized.
[2016.02.13-18.35.46:600][299]LogWorld: Game class is 'AISafariGameMode'
[2016.02.13-18.35.46:602][299]LogWorld: Bringing World /Game/StarterContent/Maps/UEDPIE_0_Minimal_Default.Minimal_Default up for play (max tick rate 0) at 2016.02.13-13.35.46
[2016.02.13-18.35.46:602][299]LogActor:Warning: GameSession /Game/StarterContent/Maps/UEDPIE_0_Minimal_Default.Minimal_Default:PersistentLevel.GameSession_1 has natively added scene component(s), but none of them were set as the actor's RootComponent - picking one arbitrarily
[2016.02.13-18.35.46:602][299]LogActor:Warning: GameNetworkManager /Game/StarterContent/Maps/UEDPIE_0_Minimal_Default.Minimal_Default:PersistentLevel.GameNetworkManager_1 has natively added scene component(s), but none of them were set as the actor's RootComponent - picking one arbitrarily
[2016.02.13-18.35.46:602][299]LogWorld: Bringing up level for play took: 0.001768
[2016.02.13-18.35.46:709][299]PIE: Info Play in editor start time for /Game/StarterContent/Maps/UEDPIE_0_Minimal_Default -0.463
[2016.02.13-18.35.46:710][299]LogBlueprintUserMessages: Late PlayInEditor Detection: Level '/Game/StarterContent/Maps/Minimal_Default.Minimal_Default:PersistentLevel' has LevelScriptBlueprint '/Game/StarterContent/Maps/Minimal_Default.Minimal_Default:PersistentLevel.Minimal_Default' with GeneratedClass '/Game/StarterContent/Maps/Minimal_Default.Minimal_Default_C' with ClassGeneratedBy '/Game/StarterContent/Maps/Minimal_Default.Minimal_Default:PersistentLevel.Minimal_Default'
[2016.02.13-18.35.55:832][743]LogBlueprintUserMessages: Early EndPlayMap Detection: Level '/Game/StarterContent/Maps/Minimal_Default.Minimal_Default:PersistentLevel' has LevelScriptBlueprint '/Game/StarterContent/Maps/Minimal_Default.Minimal_Default:PersistentLevel.Minimal_Default' with GeneratedClass '/Game/StarterContent/Maps/Minimal_Default.Minimal_Default_C' with ClassGeneratedBy '/Game/StarterContent/Maps/Minimal_Default.Minimal_Default:PersistentLevel.Minimal_Default'
[2016.02.13-18.35.55:874][743]LogBlueprintUserMessages: Late EndPlayMap Detection: Level '/Game/StarterContent/Maps/Minimal_Default.Minimal_Default:PersistentLevel' has LevelScriptBlueprint '/Game/StarterContent/Maps/Minimal_Default.Minimal_Default:PersistentLevel.Minimal_Default' with GeneratedClass '/Game/StarterContent/Maps/Minimal_Default.Minimal_Default_C' with ClassGeneratedBy '/Game/StarterContent/Maps/Minimal_Default.Minimal_Default:PersistentLevel.Minimal_Default'
[2016.02.13-18.35.55:890][743]LogParticles: Destroying 0 GPU particle simulations for FXSystem 0x000000F0DEA20720
[2016.02.13-18.36.10:448][581]LogHotReload: New module detected: UE4Editor-AISafari-6139.dll
[2016.02.13-18.36.11:124][584]LogHotReload: Starting Hot-Reload from IDE
[2016.02.13-18.36.11:181][584]LogContentBrowser: Native class hierarchy updated for 'AISafari' in 0.0009 seconds. Added 4 classes and 3 folders.
[2016.02.13-18.36.11:182][584]Warning: HotReload successful (0 functions remapped  0 scriptstructs remapped)
[2016.02.13-18.36.11:223][584]LogContentBrowser: Native class hierarchy populated in 0.0063 seconds. Added 1872 classes and 338 folders.
[2016.02.13-18.36.13:122][589]LogBlueprintUserMessages: Early PlayInEditor Detection: Level '/Game/StarterContent/Maps/Minimal_Default.Minimal_Default:PersistentLevel' has LevelScriptBlueprint '/Game/StarterContent/Maps/Minimal_Default.Minimal_Default:PersistentLevel.Minimal_Default' with GeneratedClass '/Game/StarterContent/Maps/Minimal_Default.Minimal_Default_C' with ClassGeneratedBy '/Game/StarterContent/Maps/Minimal_Default.Minimal_Default:PersistentLevel.Minimal_Default'
[2016.02.13-18.36.13:122][589]LogPlayLevel: PlayLevel: No blueprints needed recompiling
[2016.02.13-18.36.13:122][589]PIE: New page: PIE session: Minimal_Default (Feb 13, 2016, 8:36:13 AM)
[2016.02.13-18.36.13:123][589]LogPlayLevel: Creating play world package: /Game/StarterContent/Maps/UEDPIE_0_Minimal_Default
[2016.02.13-18.36.13:127][589]LogPlayLevel: PIE: StaticDuplicateObject took: (0.004464s)
[2016.02.13-18.36.13:127][589]LogAIModule: Creating AISystem for world Minimal_Default
[2016.02.13-18.36.13:127][589]LogPlayLevel: PIE: World Init took: (0.000489s)
[2016.02.13-18.36.13:128][589]LogPlayLevel: PIE: Created PIE world by copying editor world from /Game/StarterContent/Maps/Minimal_Default.Minimal_Default to /Game/StarterContent/Maps/UEDPIE_0_Minimal_Default.Minimal_Default (0.005090s)
[2016.02.13-18.36.13:141][589]LogInit: XAudio2 using 'Speakers (ASUS Xonar DGX Audio Device)' : 2 channels at 44.1 kHz using 16 bits per sample (channel mask 0x3)
[2016.02.13-18.36.13:144][589]LogInit: FAudioDevice initialized.
[2016.02.13-18.36.13:180][589]LogWorld: Game class is 'AISafariGameMode'
[2016.02.13-18.36.13:182][589]LogWorld: Bringing World /Game/StarterContent/Maps/UEDPIE_0_Minimal_Default.Minimal_Default up for play (max tick rate 0) at 2016.02.13-13.36.13
[2016.02.13-18.36.13:182][589]LogActor:Warning: GameSession /Game/StarterContent/Maps/UEDPIE_0_Minimal_Default.Minimal_Default:PersistentLevel.GameSession_2 has natively added scene component(s), but none of them were set as the actor's RootComponent - picking one arbitrarily
[2016.02.13-18.36.13:182][589]LogActor:Warning: GameNetworkManager /Game/StarterContent/Maps/UEDPIE_0_Minimal_Default.Minimal_Default:PersistentLevel.GameNetworkManager_2 has natively added scene component(s), but none of them were set as the actor's RootComponent - picking one arbitrarily
[2016.02.13-18.36.13:182][589]LogWorld: Bringing up level for play took: 0.001506
[2016.02.13-18.36.13:288][589]PIE: Info Play in editor start time for /Game/StarterContent/Maps/UEDPIE_0_Minimal_Default 0.117
[2016.02.13-18.36.13:288][589]LogBlueprintUserMessages: Late PlayInEditor Detection: Level '/Game/StarterContent/Maps/Minimal_Default.Minimal_Default:PersistentLevel' has LevelScriptBlueprint '/Game/StarterContent/Maps/Minimal_Default.Minimal_Default:PersistentLevel.Minimal_Default' with GeneratedClass '/Game/StarterContent/Maps/Minimal_Default.Minimal_Default_C' with ClassGeneratedBy '/Game/StarterContent/Maps/Minimal_Default.Minimal_Default:PersistentLevel.Minimal_Default'
[2016.02.13-18.36.17:124][774]LogBlueprintUserMessages: Early EndPlayMap Detection: Level '/Game/StarterContent/Maps/Minimal_Default.Minimal_Default:PersistentLevel' has LevelScriptBlueprint '/Game/StarterContent/Maps/Minimal_Default.Minimal_Default:PersistentLevel.Minimal_Default' with GeneratedClass '/Game/StarterContent/Maps/Minimal_Default.Minimal_Default_C' with ClassGeneratedBy '/Game/StarterContent/Maps/Minimal_Default.Minimal_Default:PersistentLevel.Minimal_Default'
[2016.02.13-18.36.17:161][774]LogBlueprintUserMessages: Late EndPlayMap Detection: Level '/Game/StarterContent/Maps/Minimal_Default.Minimal_Default:PersistentLevel' has LevelScriptBlueprint '/Game/StarterContent/Maps/Minimal_Default.Minimal_Default:PersistentLevel.Minimal_Default' with GeneratedClass '/Game/StarterContent/Maps/Minimal_Default.Minimal_Default_C' with ClassGeneratedBy '/Game/StarterContent/Maps/Minimal_Default.Minimal_Default:PersistentLevel.Minimal_Default'
[2016.02.13-18.36.17:179][774]LogParticles: Destroying 0 GPU particle simulations for FXSystem 0x000000F08021E160
[2016.02.13-18.36.23:463][975]LogBlueprintUserMessages: Early PlayInEditor Detection: Level '/Game/StarterContent/Maps/Minimal_Default.Minimal_Default:PersistentLevel' has LevelScriptBlueprint '/Game/StarterContent/Maps/Minimal_Default.Minimal_Default:PersistentLevel.Minimal_Default' with GeneratedClass '/Game/StarterContent/Maps/Minimal_Default.Minimal_Default_C' with ClassGeneratedBy '/Game/StarterContent/Maps/Minimal_Default.Minimal_Default:PersistentLevel.Minimal_Default'
[2016.02.13-18.36.23:463][975]LogPlayLevel: PlayLevel: No blueprints needed recompiling
[2016.02.13-18.36.23:463][975]PIE: New page: PIE session: Minimal_Default (Feb 13, 2016, 8:36:23 AM)
[2016.02.13-18.36.23:463][975]LogPlayLevel: Creating play world package: /Game/StarterContent/Maps/UEDPIE_0_Minimal_Default
[2016.02.13-18.36.23:468][975]LogPlayLevel: PIE: StaticDuplicateObject took: (0.005114s)
[2016.02.13-18.36.23:469][975]LogAIModule: Creating AISystem for world Minimal_Default
[2016.02.13-18.36.23:469][975]LogPlayLevel: PIE: World Init took: (0.001059s)
[2016.02.13-18.36.23:469][975]LogPlayLevel: PIE: Created PIE world by copying editor world from /Game/StarterContent/Maps/Minimal_Default.Minimal_Default to /Game/StarterContent/Maps/UEDPIE_0_Minimal_Default.Minimal_Default (0.006425s)
[2016.02.13-18.36.23:482][975]LogInit: XAudio2 using 'Speakers (ASUS Xonar DGX Audio Device)' : 2 channels at 44.1 kHz using 16 bits per sample (channel mask 0x3)
[2016.02.13-18.36.23:485][975]LogInit: FAudioDevice initialized.
[2016.02.13-18.36.23:519][975]LogWorld: Game class is 'AISafariGameMode'
[2016.02.13-18.36.23:521][975]LogWorld: Bringing World /Game/StarterContent/Maps/UEDPIE_0_Minimal_Default.Minimal_Default up for play (max tick rate 0) at 2016.02.13-13.36.23
[2016.02.13-18.36.23:521][975]LogActor:Warning: GameSession /Game/StarterContent/Maps/UEDPIE_0_Minimal_Default.Minimal_Default:PersistentLevel.GameSession_3 has natively added scene component(s), but none of them were set as the actor's RootComponent - picking one arbitrarily
[2016.02.13-18.36.23:521][975]LogActor:Warning: GameNetworkManager /Game/StarterContent/Maps/UEDPIE_0_Minimal_Default.Minimal_Default:PersistentLevel.GameNetworkManager_3 has natively added scene component(s), but none of them were set as the actor's RootComponent - picking one arbitrarily
[2016.02.13-18.36.23:521][975]LogWorld: Bringing up level for play took: 0.001549
[2016.02.13-18.36.23:638][975]PIE: Info Play in editor start time for /Game/StarterContent/Maps/UEDPIE_0_Minimal_Default 0.466
[2016.02.13-18.36.23:638][975]LogBlueprintUserMessages: Late PlayInEditor Detection: Level '/Game/StarterContent/Maps/Minimal_Default.Minimal_Default:PersistentLevel' has LevelScriptBlueprint '/Game/StarterContent/Maps/Minimal_Default.Minimal_Default:PersistentLevel.Minimal_Default' with GeneratedClass '/Game/StarterContent/Maps/Minimal_Default.Minimal_Default_C' with ClassGeneratedBy '/Game/StarterContent/Maps/Minimal_Default.Minimal_Default:PersistentLevel.Minimal_Default'
[2016.02.13-18.36.24:760][ 22]LogHotReload: New module detected: UE4Editor-AISafari-4388.dll
[2016.02.13-18.36.25:416][ 45]LogHotReload: Starting Hot-Reload from IDE
[2016.02.13-18.36.25:449][ 45]LogContentBrowser: Native class hierarchy updated for 'AISafari' in 0.0014 seconds. Added 4 classes and 3 folders.
[2016.02.13-18.36.25:451][ 45]Warning: HotReload successful (0 functions remapped  0 scriptstructs remapped)
[2016.02.13-18.36.25:506][ 45]LogContentBrowser: Native class hierarchy populated in 0.0064 seconds. Added 1872 classes and 338 folders.
[2016.02.13-18.36.27:058][117]LogBlueprintUserMessages: Early EndPlayMap Detection: Level '/Game/StarterContent/Maps/Minimal_Default.Minimal_Default:PersistentLevel' has LevelScriptBlueprint '/Game/StarterContent/Maps/Minimal_Default.Minimal_Default:PersistentLevel.Minimal_Default' with GeneratedClass '/Game/StarterContent/Maps/Minimal_Default.Minimal_Default_C' with ClassGeneratedBy '/Game/StarterContent/Maps/Minimal_Default.Minimal_Default:PersistentLevel.Minimal_Default'
[2016.02.13-18.36.27:098][117]LogBlueprintUserMessages: Late EndPlayMap Detection: Level '/Game/StarterContent/Maps/Minimal_Default.Minimal_Default:PersistentLevel' has LevelScriptBlueprint '/Game/StarterContent/Maps/Minimal_Default.Minimal_Default:PersistentLevel.Minimal_Default' with GeneratedClass '/Game/StarterContent/Maps/Minimal_Default.Minimal_Default_C' with ClassGeneratedBy '/Game/StarterContent/Maps/Minimal_Default.Minimal_Default:PersistentLevel.Minimal_Default'
[2016.02.13-18.36.27:129][118]LogParticles: Destroying 0 GPU particle simulations for FXSystem 0x000000F0985628E0
[2016.02.13-18.36.34:920][306]LogHotReload: New module detected: UE4Editor-AISafari-1898.dll
[2016.02.13-18.36.35:599][309]LogHotReload: Starting Hot-Reload from IDE
[2016.02.13-18.36.35:647][309]LogContentBrowser: Native class hierarchy updated for 'AISafari' in 0.0009 seconds. Added 4 classes and 3 folders.
[2016.02.13-18.36.35:647][309]Warning: HotReload successful (0 functions remapped  0 scriptstructs remapped)
[2016.02.13-18.36.35:689][309]LogContentBrowser: Native class hierarchy populated in 0.0066 seconds. Added 1872 classes and 338 folders.
[2016.02.13-18.36.36:594][311]LogBlueprintUserMessages: Early PlayInEditor Detection: Level '/Game/StarterContent/Maps/Minimal_Default.Minimal_Default:PersistentLevel' has LevelScriptBlueprint '/Game/StarterContent/Maps/Minimal_Default.Minimal_Default:PersistentLevel.Minimal_Default' with GeneratedClass '/Game/StarterContent/Maps/Minimal_Default.Minimal_Default_C' with ClassGeneratedBy '/Game/StarterContent/Maps/Minimal_Default.Minimal_Default:PersistentLevel.Minimal_Default'
[2016.02.13-18.36.36:595][311]LogPlayLevel: PlayLevel: No blueprints needed recompiling
[2016.02.13-18.36.36:595][311]PIE: New page: PIE session: Minimal_Default (Feb 13, 2016, 8:36:36 AM)
[2016.02.13-18.36.36:595][311]LogPlayLevel: Creating play world package: /Game/StarterContent/Maps/UEDPIE_0_Minimal_Default
[2016.02.13-18.36.36:600][311]LogPlayLevel: PIE: StaticDuplicateObject took: (0.004911s)
[2016.02.13-18.36.36:600][311]LogAIModule: Creating AISystem for world Minimal_Default
[2016.02.13-18.36.36:600][311]LogPlayLevel: PIE: World Init took: (0.000470s)
[2016.02.13-18.36.36:600][311]LogPlayLevel: PIE: Created PIE world by copying editor world from /Game/StarterContent/Maps/Minimal_Default.Minimal_Default to /Game/StarterContent/Maps/UEDPIE_0_Minimal_Default.Minimal_Default (0.005517s)
[2016.02.13-18.36.36:616][311]LogInit: XAudio2 using 'Speakers (ASUS Xonar DGX Audio Device)' : 2 channels at 44.1 kHz using 16 bits per sample (channel mask 0x3)
[2016.02.13-18.36.36:619][311]LogInit: FAudioDevice initialized.
[2016.02.13-18.36.36:648][311]LogWorld: Game class is 'AISafariGameMode'
[2016.02.13-18.36.36:650][311]LogWorld: Bringing World /Game/StarterContent/Maps/UEDPIE_0_Minimal_Default.Minimal_Default up for play (max tick rate 0) at 2016.02.13-13.36.36
[2016.02.13-18.36.36:650][311]LogActor:Warning: GameSession /Game/StarterContent/Maps/UEDPIE_0_Minimal_Default.Minimal_Default:PersistentLevel.GameSession_4 has natively added scene component(s), but none of them were set as the actor's RootComponent - picking one arbitrarily
[2016.02.13-18.36.36:650][311]LogActor:Warning: GameNetworkManager /Game/StarterContent/Maps/UEDPIE_0_Minimal_Default.Minimal_Default:PersistentLevel.GameNetworkManager_4 has natively added scene component(s), but none of them were set as the actor's RootComponent - picking one arbitrarily
[2016.02.13-18.36.36:650][311]LogWorld: Bringing up level for play took: 0.001529
[2016.02.13-18.36.36:759][311]PIE: Info Play in editor start time for /Game/StarterContent/Maps/UEDPIE_0_Minimal_Default -0.413
[2016.02.13-18.36.36:759][311]LogBlueprintUserMessages: Late PlayInEditor Detection: Level '/Game/StarterContent/Maps/Minimal_Default.Minimal_Default:PersistentLevel' has LevelScriptBlueprint '/Game/StarterContent/Maps/Minimal_Default.Minimal_Default:PersistentLevel.Minimal_Default' with GeneratedClass '/Game/StarterContent/Maps/Minimal_Default.Minimal_Default_C' with ClassGeneratedBy '/Game/StarterContent/Maps/Minimal_Default.Minimal_Default:PersistentLevel.Minimal_Default'
[2016.02.13-18.36.48:809][925]LogBlueprintUserMessages: Early EndPlayMap Detection: Level '/Game/StarterContent/Maps/Minimal_Default.Minimal_Default:PersistentLevel' has LevelScriptBlueprint '/Game/StarterContent/Maps/Minimal_Default.Minimal_Default:PersistentLevel.Minimal_Default' with GeneratedClass '/Game/StarterContent/Maps/Minimal_Default.Minimal_Default_C' with ClassGeneratedBy '/Game/StarterContent/Maps/Minimal_Default.Minimal_Default:PersistentLevel.Minimal_Default'
[2016.02.13-18.36.48:851][925]LogBlueprintUserMessages: Late EndPlayMap Detection: Level '/Game/StarterContent/Maps/Minimal_Default.Minimal_Default:PersistentLevel' has LevelScriptBlueprint '/Game/StarterContent/Maps/Minimal_Default.Minimal_Default:PersistentLevel.Minimal_Default' with GeneratedClass '/Game/StarterContent/Maps/Minimal_Default.Minimal_Default_C' with ClassGeneratedBy '/Game/StarterContent/Maps/Minimal_Default.Minimal_Default:PersistentLevel.Minimal_Default'
[2016.02.13-18.36.48:868][925]LogParticles: Destroying 0 GPU particle simulations for FXSystem 0x000000F0DEA856C0
[2016.02.13-18.36.57:769][128]LogHotReload: New module detected: UE4Editor-AISafari-4939.dll
[2016.02.13-18.36.58:448][131]LogHotReload: Starting Hot-Reload from IDE
[2016.02.13-18.36.58:498][131]LogContentBrowser: Native class hierarchy updated for 'AISafari' in 0.0010 seconds. Added 4 classes and 3 folders.
[2016.02.13-18.36.58:499][131]Warning: HotReload successful (0 functions remapped  0 scriptstructs remapped)
[2016.02.13-18.36.58:548][131]LogContentBrowser: Native class hierarchy populated in 0.0089 seconds. Added 1872 classes and 338 folders.
[2016.02.13-18.37.01:776][140]LogBlueprintUserMessages: Early PlayInEditor Detection: Level '/Game/StarterContent/Maps/Minimal_Default.Minimal_Default:PersistentLevel' has LevelScriptBlueprint '/Game/StarterContent/Maps/Minimal_Default.Minimal_Default:PersistentLevel.Minimal_Default' with GeneratedClass '/Game/StarterContent/Maps/Minimal_Default.Minimal_Default_C' with ClassGeneratedBy '/Game/StarterContent/Maps/Minimal_Default.Minimal_Default:PersistentLevel.Minimal_Default'
[2016.02.13-18.37.01:776][140]LogPlayLevel: PlayLevel: No blueprints needed recompiling
[2016.02.13-18.37.01:776][140]PIE: New page: PIE session: Minimal_Default (Feb 13, 2016, 8:37:01 AM)
[2016.02.13-18.37.01:776][140]LogPlayLevel: Creating play world package: /Game/StarterContent/Maps/UEDPIE_0_Minimal_Default
[2016.02.13-18.37.01:781][140]LogPlayLevel: PIE: StaticDuplicateObject took: (0.005184s)
[2016.02.13-18.37.01:781][140]LogAIModule: Creating AISystem for world Minimal_Default
[2016.02.13-18.37.01:781][140]LogPlayLevel: PIE: World Init took: (0.000493s)
[2016.02.13-18.37.01:782][140]LogPlayLevel: PIE: Created PIE world by copying editor world from /Game/StarterContent/Maps/Minimal_Default.Minimal_Default to /Game/StarterContent/Maps/UEDPIE_0_Minimal_Default.Minimal_Default (0.005847s)
[2016.02.13-18.37.01:796][140]LogInit: XAudio2 using 'Speakers (ASUS Xonar DGX Audio Device)' : 2 channels at 44.1 kHz using 16 bits per sample (channel mask 0x3)
[2016.02.13-18.37.01:799][140]LogInit: FAudioDevice initialized.
[2016.02.13-18.37.01:835][140]LogWorld: Game class is 'AISafariGameMode'
[2016.02.13-18.37.01:838][140]LogWorld: Bringing World /Game/StarterContent/Maps/UEDPIE_0_Minimal_Default.Minimal_Default up for play (max tick rate 0) at 2016.02.13-13.37.01
[2016.02.13-18.37.01:838][140]LogActor:Warning: GameSession /Game/StarterContent/Maps/UEDPIE_0_Minimal_Default.Minimal_Default:PersistentLevel.GameSession_5 has natively added scene component(s), but none of them were set as the actor's RootComponent - picking one arbitrarily
[2016.02.13-18.37.01:838][140]LogActor:Warning: GameNetworkManager /Game/StarterContent/Maps/UEDPIE_0_Minimal_Default.Minimal_Default:PersistentLevel.GameNetworkManager_5 has natively added scene component(s), but none of them were set as the actor's RootComponent - picking one arbitrarily
[2016.02.13-18.37.01:838][140]LogWorld: Bringing up level for play took: 0.001749
[2016.02.13-18.37.01:943][140]PIE: Info Play in editor start time for /Game/StarterContent/Maps/UEDPIE_0_Minimal_Default 0.771
[2016.02.13-18.37.01:943][140]LogBlueprintUserMessages: Late PlayInEditor Detection: Level '/Game/StarterContent/Maps/Minimal_Default.Minimal_Default:PersistentLevel' has LevelScriptBlueprint '/Game/StarterContent/Maps/Minimal_Default.Minimal_Default:PersistentLevel.Minimal_Default' with GeneratedClass '/Game/StarterContent/Maps/Minimal_Default.Minimal_Default_C' with ClassGeneratedBy '/Game/StarterContent/Maps/Minimal_Default.Minimal_Default:PersistentLevel.Minimal_Default'
[2016.02.13-18.37.07:991][428]LogBlueprintUserMessages: Early EndPlayMap Detection: Level '/Game/StarterContent/Maps/Minimal_Default.Minimal_Default:PersistentLevel' has LevelScriptBlueprint '/Game/StarterContent/Maps/Minimal_Default.Minimal_Default:PersistentLevel.Minimal_Default' with GeneratedClass '/Game/StarterContent/Maps/Minimal_Default.Minimal_Default_C' with ClassGeneratedBy '/Game/StarterContent/Maps/Minimal_Default.Minimal_Default:PersistentLevel.Minimal_Default'
[2016.02.13-18.37.08:036][428]LogBlueprintUserMessages: Late EndPlayMap Detection: Level '/Game/StarterContent/Maps/Minimal_Default.Minimal_Default:PersistentLevel' has LevelScriptBlueprint '/Game/StarterContent/Maps/Minimal_Default.Minimal_Default:PersistentLevel.Minimal_Default' with GeneratedClass '/Game/StarterContent/Maps/Minimal_Default.Minimal_Default_C' with ClassGeneratedBy '/Game/StarterContent/Maps/Minimal_Default.Minimal_Default:PersistentLevel.Minimal_Default'
[2016.02.13-18.37.08:052][428]LogParticles: Destroying 0 GPU particle simulations for FXSystem 0x000000F101C24180
[2016.02.13-18.40.50:915][472]LogBlueprintUserMessages: Early PlayInEditor Detection: Level '/Game/StarterContent/Maps/Minimal_Default.Minimal_Default:PersistentLevel' has LevelScriptBlueprint '/Game/StarterContent/Maps/Minimal_Default.Minimal_Default:PersistentLevel.Minimal_Default' with GeneratedClass '/Game/StarterContent/Maps/Minimal_Default.Minimal_Default_C' with ClassGeneratedBy '/Game/StarterContent/Maps/Minimal_Default.Minimal_Default:PersistentLevel.Minimal_Default'
[2016.02.13-18.40.50:915][472]LogPlayLevel: PlayLevel: No blueprints needed recompiling
[2016.02.13-18.40.50:915][472]PIE: New page: PIE session: Minimal_Default (Feb 13, 2016, 8:40:50 AM)
[2016.02.13-18.40.50:915][472]LogPlayLevel: Creating play world package: /Game/StarterContent/Maps/UEDPIE_0_Minimal_Default
[2016.02.13-18.40.50:921][472]LogPlayLevel: PIE: StaticDuplicateObject took: (0.005255s)
[2016.02.13-18.40.50:921][472]LogAIModule: Creating AISystem for world Minimal_Default
[2016.02.13-18.40.50:921][472]LogPlayLevel: PIE: World Init took: (0.000699s)
[2016.02.13-18.40.50:922][472]LogPlayLevel: PIE: Created PIE world by copying editor world from /Game/StarterContent/Maps/Minimal_Default.Minimal_Default to /Game/StarterContent/Maps/UEDPIE_0_Minimal_Default.Minimal_Default (0.006147s)
[2016.02.13-18.40.50:941][472]LogInit: XAudio2 using 'Speakers (ASUS Xonar DGX Audio Device)' : 2 channels at 44.1 kHz using 16 bits per sample (channel mask 0x3)
[2016.02.13-18.40.50:945][472]LogInit: FAudioDevice initialized.
[2016.02.13-18.40.50:981][472]LogWorld: Game class is 'AISafariGameMode'
[2016.02.13-18.40.50:983][472]LogWorld: Bringing World /Game/StarterContent/Maps/UEDPIE_0_Minimal_Default.Minimal_Default up for play (max tick rate 0) at 2016.02.13-13.40.50
[2016.02.13-18.40.50:983][472]LogActor:Warning: GameSession /Game/StarterContent/Maps/UEDPIE_0_Minimal_Default.Minimal_Default:PersistentLevel.GameSession_6 has natively added scene component(s), but none of them were set as the actor's RootComponent - picking one arbitrarily
[2016.02.13-18.40.50:983][472]LogActor:Warning: GameNetworkManager /Game/StarterContent/Maps/UEDPIE_0_Minimal_Default.Minimal_Default:PersistentLevel.GameNetworkManager_6 has natively added scene component(s), but none of them were set as the actor's RootComponent - picking one arbitrarily
[2016.02.13-18.40.50:983][472]LogWorld: Bringing up level for play took: 0.001660
[2016.02.13-18.40.55:354][472]PIE: Info Play in editor start time for /Game/StarterContent/Maps/UEDPIE_0_Minimal_Default 4.182
[2016.02.13-18.40.55:354][472]LogBlueprintUserMessages: Late PlayInEditor Detection: Level '/Game/StarterContent/Maps/Minimal_Default.Minimal_Default:PersistentLevel' has LevelScriptBlueprint '/Game/StarterContent/Maps/Minimal_Default.Minimal_Default:PersistentLevel.Minimal_Default' with GeneratedClass '/Game/StarterContent/Maps/Minimal_Default.Minimal_Default_C' with ClassGeneratedBy '/Game/StarterContent/Maps/Minimal_Default.Minimal_Default:PersistentLevel.Minimal_Default'
[2016.02.13-18.41.01:327][512]LogBlueprintUserMessages: Early EndPlayMap Detection: Level '/Game/StarterContent/Maps/Minimal_Default.Minimal_Default:PersistentLevel' has LevelScriptBlueprint '/Game/StarterContent/Maps/Minimal_Default.Minimal_Default:PersistentLevel.Minimal_Default' with GeneratedClass '/Game/StarterContent/Maps/Minimal_Default.Minimal_Default_C' with ClassGeneratedBy '/Game/StarterContent/Maps/Minimal_Default.Minimal_Default:PersistentLevel.Minimal_Default'
[2016.02.13-18.41.01:371][512]LogBlueprintUserMessages: Late EndPlayMap Detection: Level '/Game/StarterContent/Maps/Minimal_Default.Minimal_Default:PersistentLevel' has LevelScriptBlueprint '/Game/StarterContent/Maps/Minimal_Default.Minimal_Default:PersistentLevel.Minimal_Default' with GeneratedClass '/Game/StarterContent/Maps/Minimal_Default.Minimal_Default_C' with ClassGeneratedBy '/Game/StarterContent/Maps/Minimal_Default.Minimal_Default:PersistentLevel.Minimal_Default'
[2016.02.13-18.41.01:406][513]LogParticles: Destroying 0 GPU particle simulations for FXSystem 0x000000F125410E00
[2016.02.13-18.41.07:916][608]LogHotReload: New module detected: UE4Editor-AISafari-4798.dll
[2016.02.13-18.41.08:260][610]LogHotReload: Starting Hot-Reload from IDE
[2016.02.13-18.41.08:316][610]LogContentBrowser: Native class hierarchy updated for 'AISafari' in 0.0010 seconds. Added 4 classes and 3 folders.
[2016.02.13-18.41.08:317][610]Warning: HotReload successful (0 functions remapped  0 scriptstructs remapped)
[2016.02.13-18.41.08:360][610]LogContentBrowser: Native class hierarchy populated in 0.0066 seconds. Added 1872 classes and 338 folders.
[2016.02.13-18.41.21:060][152]LogBlueprintUserMessages: Early PlayInEditor Detection: Level '/Game/StarterContent/Maps/Minimal_Default.Minimal_Default:PersistentLevel' has LevelScriptBlueprint '/Game/StarterContent/Maps/Minimal_Default.Minimal_Default:PersistentLevel.Minimal_Default' with GeneratedClass '/Game/StarterContent/Maps/Minimal_Default.Minimal_Default_C' with ClassGeneratedBy '/Game/StarterContent/Maps/Minimal_Default.Minimal_Default:PersistentLevel.Minimal_Default'
[2016.02.13-18.41.21:060][152]LogPlayLevel: PlayLevel: No blueprints needed recompiling
[2016.02.13-18.41.21:060][152]PIE: New page: PIE session: Minimal_Default (Feb 13, 2016, 8:41:21 AM)
[2016.02.13-18.41.21:060][152]LogPlayLevel: Creating play world package: /Game/StarterContent/Maps/UEDPIE_0_Minimal_Default
[2016.02.13-18.41.21:065][152]LogPlayLevel: PIE: StaticDuplicateObject took: (0.005123s)
[2016.02.13-18.41.21:066][152]LogAIModule: Creating AISystem for world Minimal_Default
[2016.02.13-18.41.21:066][152]LogPlayLevel: PIE: World Init took: (0.000835s)
[2016.02.13-18.41.21:066][152]LogPlayLevel: PIE: Created PIE world by copying editor world from /Game/StarterContent/Maps/Minimal_Default.Minimal_Default to /Game/StarterContent/Maps/UEDPIE_0_Minimal_Default.Minimal_Default (0.006104s)
[2016.02.13-18.41.21:081][152]LogInit: XAudio2 using 'Speakers (ASUS Xonar DGX Audio Device)' : 2 channels at 44.1 kHz using 16 bits per sample (channel mask 0x3)
[2016.02.13-18.41.21:084][152]LogInit: FAudioDevice initialized.
[2016.02.13-18.41.21:116][152]LogWorld: Game class is 'AISafariGameMode'
[2016.02.13-18.41.21:118][152]LogWorld: Bringing World /Game/StarterContent/Maps/UEDPIE_0_Minimal_Default.Minimal_Default up for play (max tick rate 0) at 2016.02.13-13.41.21
[2016.02.13-18.41.21:118][152]LogActor:Warning: GameSession /Game/StarterContent/Maps/UEDPIE_0_Minimal_Default.Minimal_Default:PersistentLevel.GameSession_7 has natively added scene component(s), but none of them were set as the actor's RootComponent - picking one arbitrarily
[2016.02.13-18.41.21:118][152]LogActor:Warning: GameNetworkManager /Game/StarterContent/Maps/UEDPIE_0_Minimal_Default.Minimal_Default:PersistentLevel.GameNetworkManager_7 has natively added scene component(s), but none of them were set as the actor's RootComponent - picking one arbitrarily
[2016.02.13-18.41.21:119][152]LogWorld: Bringing up level for play took: 0.001580
[2016.02.13-18.41.31:213][152]PIE: Info Play in editor start time for /Game/StarterContent/Maps/UEDPIE_0_Minimal_Default 10.041
[2016.02.13-18.41.31:213][152]LogBlueprintUserMessages: Late PlayInEditor Detection: Level '/Game/StarterContent/Maps/Minimal_Default.Minimal_Default:PersistentLevel' has LevelScriptBlueprint '/Game/StarterContent/Maps/Minimal_Default.Minimal_Default:PersistentLevel.Minimal_Default' with GeneratedClass '/Game/StarterContent/Maps/Minimal_Default.Minimal_Default_C' with ClassGeneratedBy '/Game/StarterContent/Maps/Minimal_Default.Minimal_Default:PersistentLevel.Minimal_Default'
[2016.02.13-18.41.45:898][152]LogCrashTracker: 


[2016.02.13-18.41.45:898][152]LogCrashTracker: 


[2016.02.13-18.41.45:898][152]LogWindows: === Critical error: ===
Fatal error!



