[2016.02.13-20.17.55:676][  0]Log file open, 02/13/16 15:17:55
[2016.02.13-20.17.55:676][  0]LogInit:Display: Running engine for game: AISafari
[2016.02.13-20.17.55:676][  0]LogInit:Display: RandInit(-430371090) SRandInit(-430371089).
[2016.02.13-20.17.55:676][  0]LogTaskGraph: Started task graph with 4 named threads and 7 total threads.
[2016.02.13-20.17.55:676][  0]LogStats: Stats thread started at 0.067080
[2016.02.13-20.17.55:676][  0]LogInit: Version: 4.9.2-2707645+++depot+UE4-Releases+4.9
[2016.02.13-20.17.55:676][  0]LogInit: API Version: 2672455
[2016.02.13-20.17.55:676][  0]LogInit: Compiled (64-bit): Sep 28 2015 10:25:44
[2016.02.13-20.17.55:676][  0]LogInit: Compiled with Visual C++: 18.00.21005.01
[2016.02.13-20.17.55:676][  0]LogInit: Build Configuration: Development
[2016.02.13-20.17.55:676][  0]LogInit: Branch Name: ++depot+UE4-Releases+4.9
[2016.02.13-20.17.55:676][  0]LogInit: Command line:  
[2016.02.13-20.17.55:676][  0]LogInit: Base directory: C:/Program Files (x86)/Epic Games/4.9/Engine/Binaries/Win64/
[2016.02.13-20.17.55:676][  0]LogInit: Rocket: 1
[2016.02.13-20.17.55:685][  0]LogInit: Using libcurl 7.41.0
[2016.02.13-20.17.55:685][  0]LogInit:  - built for x86_64-pc-win32
[2016.02.13-20.17.55:685][  0]LogInit:  - supports SSL with WinSSL
[2016.02.13-20.17.55:685][  0]LogInit:  - other features:
[2016.02.13-20.17.55:685][  0]LogInit:      CURL_VERSION_SSL
[2016.02.13-20.17.55:685][  0]LogInit:      CURL_VERSION_IPV6
[2016.02.13-20.17.55:685][  0]LogInit:      CURL_VERSION_ASYNCHDNS
[2016.02.13-20.17.55:685][  0]LogInit:      CURL_VERSION_LARGEFILE
[2016.02.13-20.17.55:685][  0]LogInit:      CURL_VERSION_IDN
[2016.02.13-20.17.55:685][  0]LogInit:  CurlRequestOptions (configurable via config and command line):
[2016.02.13-20.17.55:685][  0]LogInit:  - bVerifyPeer = true  - Libcurl will verify peer certificate
[2016.02.13-20.17.55:685][  0]LogInit:  - bUseHttpProxy = false  - Libcurl will NOT use HTTP proxy
[2016.02.13-20.17.55:685][  0]LogInit:  - bDontReuseConnections = false  - Libcurl will reuse connections
[2016.02.13-20.17.55:685][  0]LogInit:  - CertBundlePath = nullptr  - Libcurl will use whatever was configured at build time.
[2016.02.13-20.17.55:689][  0]LogInit: Presizing for 0 objects not considered by GC, pre-allocating 0 bytes.
[2016.02.13-20.17.55:694][  0]LogInit: Object subsystem initialized
[2016.02.13-20.17.55:695][  0]LogInit: Selected Device Profile: [Windows]
[2016.02.13-20.17.55:695][  0]LogInit: Applying CVar settings loaded from the selected device profile: [Windows]
[2016.02.13-20.17.55:701][  0]LogInit: Computer: ZEBRADESKTOP
[2016.02.13-20.17.55:701][  0]LogInit: User: Ryan
[2016.02.13-20.17.55:701][  0]LogInit: CPU Page size=4096, Cores=4
[2016.02.13-20.17.55:701][  0]LogInit: High frequency timer resolution =3.984648 MHz
[2016.02.13-20.17.55:701][  0]LogMemory: Memory total: Physical=15.9GB (16GB approx)
[2016.02.13-20.17.55:701][  0]LogMemory: Platform Memory Stats for Windows
[2016.02.13-20.17.55:701][  0]LogMemory: Process Physical Memory: 53.95 MB used, 53.95 MB peak
[2016.02.13-20.17.55:701][  0]LogMemory: Process Virtual Memory: 57.47 MB used, 57.47 MB peak
[2016.02.13-20.17.55:701][  0]LogMemory: Physical Memory: 7324.72 MB used, 16325.73 MB total
[2016.02.13-20.17.55:701][  0]LogMemory: Virtual Memory: 366.70 MB used, 134217728.00 MB total
[2016.02.13-20.17.55:729][  0]LogTextLocalizationManager: No specific translations for ('en-US') exist, so ('en') translations will be used.
[2016.02.13-20.17.56:310][  0]LogD3D11RHI: Found D3D11 adapter 0: NVIDIA GeForce GTX 780 (Feature Level 11_0)
[2016.02.13-20.17.56:310][  0]LogD3D11RHI: Adapter has 5971MB of dedicated video memory, 0MB of dedicated system memory, and 8162MB of shared system memory, 3 output[s]
[2016.02.13-20.17.56:312][  0]LogD3D11RHI: Found D3D11 adapter 1: Microsoft Basic Render Driver (Feature Level 11_0)
[2016.02.13-20.17.56:312][  0]LogD3D11RHI: Adapter has 0MB of dedicated video memory, 0MB of dedicated system memory, and 8162MB of shared system memory, 0 output[s]
[2016.02.13-20.17.56:312][  0]LogD3D11RHI: Chosen D3D11 Adapter Id = 0
[2016.02.13-20.17.58:310][  0]LogWindowsTextInputMethodSystem:Display: IME system now deactivated.
[2016.02.13-20.17.58:314][  0]LogD3D11RHI: !Direct3DDevice
[2016.02.13-20.17.58:314][  0]LogRHI: Texture pool is 1361 MB (70% of 1945 MB)
[2016.02.13-20.17.58:329][  0]LogD3D11RHI: Async texture creation enabled
[2016.02.13-20.17.58:346][  0]LogShaderCompilers: Guid format shader working directory is 14 characters bigger than the processId version (Q:/Classes/3-2/AI/AISafari/Intermediate/Shaders/WorkingDirectory/25432/).
[2016.02.13-20.17.58:346][  0]LogShaderCompilers: Cleaned the shader compiler working directory 'Q:/Classes/3-2/AI/AISafari/Intermediate/Shaders/tmp/A4C80F4F4889228A333B969E56A68272/'.
[2016.02.13-20.17.58:346][  0]LogShaderCompilers:Display: Using Local Shader Compiler.
[2016.02.13-20.17.59:047][  0]LogTemp:Display: Loaded TP AllDesktopTargetPlatform
[2016.02.13-20.17.59:051][  0]LogTemp:Display: Loaded TP WindowsClientTargetPlatform
[2016.02.13-20.17.59:055][  0]LogTemp:Display: Loaded TP WindowsNoEditorTargetPlatform
[2016.02.13-20.17.59:059][  0]LogTemp:Display: Loaded TP WindowsServerTargetPlatform
[2016.02.13-20.17.59:063][  0]LogTemp:Display: Loaded TP WindowsTargetPlatform
[2016.02.13-20.17.59:066][  0]LogTemp:Display: Loaded TP AndroidTargetPlatform
[2016.02.13-20.17.59:068][  0]LogTemp:Display: Loaded TP Android_ASTCTargetPlatform
[2016.02.13-20.17.59:070][  0]LogTemp:Display: Loaded TP Android_ATCTargetPlatform
[2016.02.13-20.17.59:073][  0]LogTemp:Display: Loaded TP Android_DXTTargetPlatform
[2016.02.13-20.17.59:075][  0]LogTemp:Display: Loaded TP Android_ETC1TargetPlatform
[2016.02.13-20.17.59:077][  0]LogTemp:Display: Loaded TP Android_ETC2TargetPlatform
[2016.02.13-20.17.59:080][  0]LogTemp:Display: Loaded TP Android_PVRTCTargetPlatform
[2016.02.13-20.17.59:080][  0]LogTemp:Display: Loaded TP HTML5TargetPlatform
[2016.02.13-20.17.59:096][  0]LogTemp:Display: Loaded TP IOSTargetPlatform
[2016.02.13-20.17.59:098][  0]LogTemp:Display: Loaded TP LinuxNoEditorTargetPlatform
[2016.02.13-20.17.59:100][  0]LogTemp:Display: Loaded TP LinuxServerTargetPlatform
[2016.02.13-20.17.59:102][  0]LogTemp:Display: Loaded TP LinuxTargetPlatform
[2016.02.13-20.17.59:102][  0]LogTargetPlatformManager:Display: Building Assets For Windows
[2016.02.13-20.17.59:166][  0]LogDerivedDataCache:Display: Max Cache Size: 512 MB
[2016.02.13-20.17.59:204][  0]LogDerivedDataCache: Loaded boot cache 0.04s 41MB C:/Users/Ryan/AppData/Local/UnrealEngine/4.9/DerivedDataCache/Boot.ddc.
[2016.02.13-20.17.59:204][  0]LogDerivedDataCache:Display: Loaded Boot cache: C:/Users/Ryan/AppData/Local/UnrealEngine/4.9/DerivedDataCache/Boot.ddc
[2016.02.13-20.17.59:204][  0]LogDerivedDataCache: FDerivedDataBackendGraph:  Pak pak cache file Q:/Classes/3-2/AI/AISafari/DerivedDataCache/DDC.ddp not found, will not use a pak cache.
[2016.02.13-20.17.59:204][  0]LogDerivedDataCache: Unable to find inner node Pak for hierarchical cache Hierarchy.
[2016.02.13-20.17.59:204][  0]LogDerivedDataCache: FDerivedDataBackendGraph:  CompressedPak pak cache file Q:/Classes/3-2/AI/AISafari/DerivedDataCache/Compressed.ddp not found, will not use a pak cache.
[2016.02.13-20.17.59:204][  0]LogDerivedDataCache: Unable to find inner node CompressedPak for hierarchical cache Hierarchy.
[2016.02.13-20.17.59:321][  0]LogDerivedDataCache:Display: Pak cache opened for reading ../../../Engine/DerivedDataCache/Compressed.ddp.
[2016.02.13-20.17.59:332][  0]LogDerivedDataCache: Using Local data cache path C:/Users/Ryan/AppData/Local/UnrealEngine/Common/DerivedDataCache: Writable
[2016.02.13-20.17.59:476][  0]LogInit: Selected Device Profile: [Windows]
[2016.02.13-20.17.59:478][  0]LogContentStreaming: Texture pool size is 0.000000MB
[2016.02.13-20.17.59:571][  0]LogMeshUtilities: No automatic mesh reduction module available
[2016.02.13-20.17.59:571][  0]LogMeshUtilities: No automatic mesh merging module available
[2016.02.13-20.17.59:757][  0]LogInit: WinSock: version 1.1 (2.2), MaxSocks=32767, MaxUdp=65467
[2016.02.13-20.18.00:331][  0]UdpMessaging: Initializing bridge on interface 0.0.0.0:0 to multicast group 230.0.0.1:6666.
[2016.02.13-20.18.00:436][  0]LogAssetRegistry: FAssetRegistry took 0.0111 seconds to start up
[2016.02.13-20.18.00:610][  0]SourceControl: Info Source control is disabled
[2016.02.13-20.18.00:617][  0]SourceControl: Info Source control is disabled
[2016.02.13-20.18.00:627][  0]SourceControl: Info Source control is disabled
[2016.02.13-20.18.00:637][  0]SourceControl: Info Source control is disabled
[2016.02.13-20.18.00:768][  0]LogLinker:Warning: Asset '../../../Engine/Plugins/Runtime/LeapMotionController/Content/LM_PassthroughMaterial.uasset' has been saved with empty engine version. The asset will be loaded but may be incompatible.
[2016.02.13-20.18.00:864][  0]LogObj: 28380 objects as part of root set at end of initial load.
[2016.02.13-20.18.00:864][  0]LogUObjectAllocator: 6046576 out of 0 bytes used by permanent object pool.
[2016.02.13-20.18.00:909][  0]LogEngine: Initializing Engine...
[2016.02.13-20.18.00:911][  0]LogHMD: Can't find Oculus library dev build: is proper Runtime installed? Version: 0.7.0.0
[2016.02.13-20.18.00:911][  0]LogHMD: SteamVR failed to initialize.  Err: 110
[2016.02.13-20.18.01:014][  0]LogAIModule: Creating AISystem for world NewWorld
[2016.02.13-20.18.01:021][  0]LogInit: XAudio2 using 'Speakers (ASUS Xonar DGX Audio Device)' : 2 channels at 44.1 kHz using 16 bits per sample (channel mask 0x3)
[2016.02.13-20.18.01:027][  0]LogInit: FAudioDevice initialized.
[2016.02.13-20.18.01:048][  0]LogDerivedDataCache: Saved boot cache 0.02s 41MB C:/Users/Ryan/AppData/Local/UnrealEngine/4.9/DerivedDataCache/Boot.ddc.
[2016.02.13-20.18.01:053][  0]LogInit: Texture streaming: Enabled
[2016.02.13-20.18.01:058][  0]LogAnalytics: Creating configured Analytics provider AnalyticsET
[2016.02.13-20.18.01:058][  0]LogAnalytics: [UEEditor.Rocket.Release] APIServer = http://et2.epicgames.com/ET2/. AppVersion = 4.9.2-2707645+++depot+UE4-Releases+4.9
[2016.02.13-20.18.01:058][  0]LogAnalytics: [UEEditor.Rocket.Release] SetUserId d1f9beca401d8fe412e57fa88e66abb9|85745c8591404a23957796735eaccf05|defee072-9da8-4f68-a06a-f65b3a6c30bf
[2016.02.13-20.18.01:058][  0]LogAnalytics: [UEEditor.Rocket.Release] AnalyticsET::StartSession
[2016.02.13-20.18.01:092][  0]LogInit: Transaction tracking system initialized
[2016.02.13-20.18.01:122][  0]BlueprintLog: New page: Editor Load
[2016.02.13-20.18.01:200][  0]LocalizationService: Info Localization service is disabled
[2016.02.13-20.18.01:269][  0]LogConsoleResponse:Display: 
[2016.02.13-20.18.01:360][  0]LogCook:Display: Done creating registry. It took  0.00s.
[2016.02.13-20.18.01:403][  0]LogFileCache: Scanning file cache for directory 'Q:/Classes/3-2/AI/AISafari/Content/' took 0.01s
[2016.02.13-20.18.01:403][  0]SourceControl: Info Source control is disabled
[2016.02.13-20.18.01:403][  0]Cmd: MAP LOAD FILE="Q:/Classes/3-2/AI/AISafari/Content/StarterContent/Maps/Minimal_Default.umap" TEMPLATE=0 SHOWPROGRESS=1 FEATURELEVEL=3
[2016.02.13-20.18.01:404][  0]LightingResults: New page: Lighting Build
[2016.02.13-20.18.01:406][  0]MapCheck: New page: Map Check
[2016.02.13-20.18.01:406][  0]LightingResults: New page: Lighting Build
[2016.02.13-20.18.01:416][  0]LogParticles: Destroying 0 GPU particle simulations for FXSystem 0x000000268B58BCE0
[2016.02.13-20.18.01:734][  0]LogAIModule: Creating AISystem for world Minimal_Default
[2016.02.13-20.18.01:739][  0]LogEditorServer: Finished looking for orphan Actors (0.000 secs)
[2016.02.13-20.18.01:739][  0]Cmd: MAP CHECKDEP NOCLEARLOG
[2016.02.13-20.18.01:774][  0]MapCheck: Info Map check complete: 0 Error(s), 0 Warning(s), took 35.497ms to complete.
[2016.02.13-20.18.01:774][  0]LogFileHelpers: Loading map 'Minimal_Default' took 0.372
[2016.02.13-20.18.01:926][  0]LogCollectionManager: Loaded 0 collections in 0.002452 seconds
[2016.02.13-20.18.01:965][  0]LogFileCache: Scanning file cache for directory 'Q:/Classes/3-2/AI/AISafari/Saved/Collections/' took 0.01s
[2016.02.13-20.18.01:965][  0]LogFileCache: Scanning file cache for directory 'Q:/Classes/3-2/AI/AISafari/Content/Developers/Ryan/Collections/' took 0.01s
[2016.02.13-20.18.01:965][  0]LogFileCache: Scanning file cache for directory 'Q:/Classes/3-2/AI/AISafari/Content/Collections/' took 0.01s
[2016.02.13-20.18.01:965][  0]LogContentBrowser: Native class hierarchy populated in 0.0060 seconds. Added 1871 classes and 336 folders.
[2016.02.13-20.18.01:981][  0]LogCollectionManager: Rebuilt the GUID cache for 0 collections in 0.000002 seconds
[2016.02.13-20.18.01:988][  0]LogContentBrowser: Native class hierarchy updated for 'WidgetCarousel' in 0.0008 seconds. Added 0 classes and 0 folders.
[2016.02.13-20.18.02:020][  0]LogContentBrowser: Native class hierarchy updated for 'AddContentDialog' in 0.0009 seconds. Added 0 classes and 0 folders.
[2016.02.13-20.18.02:024][  0]LogContentBrowser: Native class hierarchy updated for 'SceneOutliner' in 0.0011 seconds. Added 1 classes and 2 folders.
[2016.02.13-20.18.02:044][  0]LogCrashTracker: Crashtracker disabled due to settings.
[2016.02.13-20.18.02:049][  0]LogUObjectGlobals:Warning: Failed to find object 'Class None.'
[2016.02.13-20.18.02:072][  0]LogLoad: Full Startup: 6.99 seconds (BP compile: 0.06 seconds)
[2016.02.13-20.18.02:080][  0]LogWindowsTextInputMethodSystem:Display: IME system now deactivated.
[2016.02.13-20.18.02:129][  0]LogContentStreaming: Texture pool size now 1000 MB
[2016.02.13-20.18.02:235][  0]LogRenderer: Reallocating scene render targets to support 1208x600 (Frame:2).
[2016.02.13-20.18.02:767][  2]LogAssetRegistry: Asset discovery search completed in 2.3413 seconds
[2016.02.13-20.18.02:767][  2]LogCollectionManager: Rebuilt the object cache for 0 collections in 0.000001 seconds (found 0 objects)
[2016.02.13-20.18.02:767][  2]LogCollectionManager: Fixed up redirectors for 0 collections in 0.000021 seconds (updated 0 objects)
[2016.02.13-20.18.19:441][ 52]Recompiling AISafari...
[2016.02.13-20.18.19:441][ 52]Launching UnrealBuildTool... [C:/Program Files (x86)/Epic Games/4.9/Engine/Binaries/DotNET/UnrealBuildTool.exe AISafari -ModuleWithSuffix AISafari 8668 Win64 Development -editorrecompile -canskiplink "Q:/Classes/3-2/AI/AISafari/AISafari.uproject" -rocket  -rocket]
[2016.02.13-20.18.19:442][ 52]Warning: Starting HotReload took  0.0s.
[2016.02.13-20.18.22:417][391]CompilerResultsLog: New page: Compilation - Feb 13, 2016, 10:18:22 AM
[2016.02.13-20.18.22:417][391]CompilerResultsLog: Info Compiling game modules for hot reload
[2016.02.13-20.18.22:417][391]CompilerResultsLog: Info Performing 2 actions (4 in parallel)
[2016.02.13-20.18.22:417][391]CompilerResultsLog: Info OctantBase.cpp
[2016.02.13-20.18.22:417][391]CompilerResultsLog: Info [2/2] Link UE4Editor-AISafari-8668.dll
[2016.02.13-20.18.22:417][391]CompilerResultsLog: Info    Creating library Q:\Classes\3-2\AI\AISafari\Intermediate/Build/Win64\UE4Editor\Development\UE4Editor-AISafari-8668.lib and object Q:\Classes\3-2\AI\AISafari\Intermediate/Build/Win64\UE4Editor\Development\UE4Editor-AISafari-8668.exp
[2016.02.13-20.18.22:417][391]CompilerResultsLog: Info -------- End Detailed Actions Stats -----------------------------------------------------------
[2016.02.13-20.18.22:417][391]CompilerResultsLog: Info Total build time: 2.94 seconds
[2016.02.13-20.18.22:417][391]LogMainFrame: MainFrame: Module compiling took 2.991 seconds
[2016.02.13-20.18.22:462][391]LogContentBrowser: Native class hierarchy updated for 'AISafari' in 0.0011 seconds. Added 4 classes and 3 folders.
[2016.02.13-20.18.22:463][391]Warning: HotReload successful (0 functions remapped  0 scriptstructs remapped)
[2016.02.13-20.18.22:514][391]LogContentBrowser: Native class hierarchy populated in 0.0060 seconds. Added 1872 classes and 338 folders.
[2016.02.13-20.18.24:139][579]LogBlueprintUserMessages: Early PlayInEditor Detection: Level '/Game/StarterContent/Maps/Minimal_Default.Minimal_Default:PersistentLevel' has LevelScriptBlueprint '/Game/StarterContent/Maps/Minimal_Default.Minimal_Default:PersistentLevel.Minimal_Default' with GeneratedClass '/Game/StarterContent/Maps/Minimal_Default.Minimal_Default_C' with ClassGeneratedBy '/Game/StarterContent/Maps/Minimal_Default.Minimal_Default:PersistentLevel.Minimal_Default'
[2016.02.13-20.18.24:139][579]LogPlayLevel: PlayLevel: No blueprints needed recompiling
[2016.02.13-20.18.24:139][579]PIE: New page: PIE session: Minimal_Default (Feb 13, 2016, 10:18:24 AM)
[2016.02.13-20.18.24:139][579]LogPlayLevel: Creating play world package: /Game/StarterContent/Maps/UEDPIE_0_Minimal_Default
[2016.02.13-20.18.24:145][579]LogPlayLevel: PIE: StaticDuplicateObject took: (0.006003s)
[2016.02.13-20.18.24:145][579]LogAIModule: Creating AISystem for world Minimal_Default
[2016.02.13-20.18.24:146][579]LogPlayLevel: PIE: World Init took: (0.000853s)
[2016.02.13-20.18.24:146][579]LogPlayLevel: PIE: Created PIE world by copying editor world from /Game/StarterContent/Maps/Minimal_Default.Minimal_Default to /Game/StarterContent/Maps/UEDPIE_0_Minimal_Default.Minimal_Default (0.007081s)
[2016.02.13-20.18.24:160][579]LogInit: XAudio2 using 'Speakers (ASUS Xonar DGX Audio Device)' : 2 channels at 44.1 kHz using 16 bits per sample (channel mask 0x3)
[2016.02.13-20.18.24:163][579]LogInit: FAudioDevice initialized.
[2016.02.13-20.18.24:207][579]LogWorld: Game class is 'AISafariGameMode'
[2016.02.13-20.18.24:209][579]LogWorld: Bringing World /Game/StarterContent/Maps/UEDPIE_0_Minimal_Default.Minimal_Default up for play (max tick rate 0) at 2016.02.13-15.18.24
[2016.02.13-20.18.24:209][579]LogActor:Warning: GameSession /Game/StarterContent/Maps/UEDPIE_0_Minimal_Default.Minimal_Default:PersistentLevel.GameSession_0 has natively added scene component(s), but none of them were set as the actor's RootComponent - picking one arbitrarily
[2016.02.13-20.18.24:209][579]LogActor:Warning: GameNetworkManager /Game/StarterContent/Maps/UEDPIE_0_Minimal_Default.Minimal_Default:PersistentLevel.GameNetworkManager_0 has natively added scene component(s), but none of them were set as the actor's RootComponent - picking one arbitrarily
[2016.02.13-20.18.24:209][579]LogWorld: Bringing up level for play took: 0.001587
[2016.02.13-20.18.24:211][579]PIE: Info Play in editor start time for /Game/StarterContent/Maps/UEDPIE_0_Minimal_Default 1.039
[2016.02.13-20.18.24:212][579]LogBlueprintUserMessages: Late PlayInEditor Detection: Level '/Game/StarterContent/Maps/Minimal_Default.Minimal_Default:PersistentLevel' has LevelScriptBlueprint '/Game/StarterContent/Maps/Minimal_Default.Minimal_Default:PersistentLevel.Minimal_Default' with GeneratedClass '/Game/StarterContent/Maps/Minimal_Default.Minimal_Default_C' with ClassGeneratedBy '/Game/StarterContent/Maps/Minimal_Default.Minimal_Default:PersistentLevel.Minimal_Default'
[2016.02.13-20.18.51:236][769]LogBlueprintUserMessages: Early EndPlayMap Detection: Level '/Game/StarterContent/Maps/Minimal_Default.Minimal_Default:PersistentLevel' has LevelScriptBlueprint '/Game/StarterContent/Maps/Minimal_Default.Minimal_Default:PersistentLevel.Minimal_Default' with GeneratedClass '/Game/StarterContent/Maps/Minimal_Default.Minimal_Default_C' with ClassGeneratedBy '/Game/StarterContent/Maps/Minimal_Default.Minimal_Default:PersistentLevel.Minimal_Default'
[2016.02.13-20.18.51:265][769]LogBlueprintUserMessages: Late EndPlayMap Detection: Level '/Game/StarterContent/Maps/Minimal_Default.Minimal_Default:PersistentLevel' has LevelScriptBlueprint '/Game/StarterContent/Maps/Minimal_Default.Minimal_Default:PersistentLevel.Minimal_Default' with GeneratedClass '/Game/StarterContent/Maps/Minimal_Default.Minimal_Default_C' with ClassGeneratedBy '/Game/StarterContent/Maps/Minimal_Default.Minimal_Default:PersistentLevel.Minimal_Default'
[2016.02.13-20.18.51:287][770]LogParticles: Destroying 0 GPU particle simulations for FXSystem 0x00000026973FF240
[2016.02.13-20.19.14:663][497]LogBlueprintUserMessages: Early PlayInEditor Detection: Level '/Game/StarterContent/Maps/Minimal_Default.Minimal_Default:PersistentLevel' has LevelScriptBlueprint '/Game/StarterContent/Maps/Minimal_Default.Minimal_Default:PersistentLevel.Minimal_Default' with GeneratedClass '/Game/StarterContent/Maps/Minimal_Default.Minimal_Default_C' with ClassGeneratedBy '/Game/StarterContent/Maps/Minimal_Default.Minimal_Default:PersistentLevel.Minimal_Default'
[2016.02.13-20.19.14:663][497]LogPlayLevel: PlayLevel: No blueprints needed recompiling
[2016.02.13-20.19.14:663][497]PIE: New page: PIE session: Minimal_Default (Feb 13, 2016, 10:19:14 AM)
[2016.02.13-20.19.14:663][497]LogPlayLevel: Creating play world package: /Game/StarterContent/Maps/UEDPIE_0_Minimal_Default
[2016.02.13-20.19.14:669][497]LogPlayLevel: PIE: StaticDuplicateObject took: (0.005581s)
[2016.02.13-20.19.14:669][497]LogAIModule: Creating AISystem for world Minimal_Default
[2016.02.13-20.19.14:670][497]LogPlayLevel: PIE: World Init took: (0.000989s)
[2016.02.13-20.19.14:670][497]LogPlayLevel: PIE: Created PIE world by copying editor world from /Game/StarterContent/Maps/Minimal_Default.Minimal_Default to /Game/StarterContent/Maps/UEDPIE_0_Minimal_Default.Minimal_Default (0.006836s)
[2016.02.13-20.19.14:688][497]LogInit: XAudio2 using 'Speakers (ASUS Xonar DGX Audio Device)' : 2 channels at 44.1 kHz using 16 bits per sample (channel mask 0x3)
[2016.02.13-20.19.14:691][497]LogInit: FAudioDevice initialized.
[2016.02.13-20.19.14:728][497]LogWorld: Game class is 'AISafariGameMode'
[2016.02.13-20.19.14:730][497]LogWorld: Bringing World /Game/StarterContent/Maps/UEDPIE_0_Minimal_Default.Minimal_Default up for play (max tick rate 0) at 2016.02.13-15.19.14
[2016.02.13-20.19.14:730][497]LogActor:Warning: GameSession /Game/StarterContent/Maps/UEDPIE_0_Minimal_Default.Minimal_Default:PersistentLevel.GameSession_1 has natively added scene component(s), but none of them were set as the actor's RootComponent - picking one arbitrarily
[2016.02.13-20.19.14:731][497]LogActor:Warning: GameNetworkManager /Game/StarterContent/Maps/UEDPIE_0_Minimal_Default.Minimal_Default:PersistentLevel.GameNetworkManager_1 has natively added scene component(s), but none of them were set as the actor's RootComponent - picking one arbitrarily
[2016.02.13-20.19.14:731][497]LogWorld: Bringing up level for play took: 0.001599
[2016.02.13-20.19.14:733][497]PIE: Info Play in editor start time for /Game/StarterContent/Maps/UEDPIE_0_Minimal_Default -0.439
[2016.02.13-20.19.14:733][497]LogBlueprintUserMessages: Late PlayInEditor Detection: Level '/Game/StarterContent/Maps/Minimal_Default.Minimal_Default:PersistentLevel' has LevelScriptBlueprint '/Game/StarterContent/Maps/Minimal_Default.Minimal_Default:PersistentLevel.Minimal_Default' with GeneratedClass '/Game/StarterContent/Maps/Minimal_Default.Minimal_Default_C' with ClassGeneratedBy '/Game/StarterContent/Maps/Minimal_Default.Minimal_Default:PersistentLevel.Minimal_Default'
[2016.02.13-20.19.27:387][976]LogBlueprintUserMessages: Early EndPlayMap Detection: Level '/Game/StarterContent/Maps/Minimal_Default.Minimal_Default:PersistentLevel' has LevelScriptBlueprint '/Game/StarterContent/Maps/Minimal_Default.Minimal_Default:PersistentLevel.Minimal_Default' with GeneratedClass '/Game/StarterContent/Maps/Minimal_Default.Minimal_Default_C' with ClassGeneratedBy '/Game/StarterContent/Maps/Minimal_Default.Minimal_Default:PersistentLevel.Minimal_Default'
[2016.02.13-20.19.27:416][976]LogBlueprintUserMessages: Late EndPlayMap Detection: Level '/Game/StarterContent/Maps/Minimal_Default.Minimal_Default:PersistentLevel' has LevelScriptBlueprint '/Game/StarterContent/Maps/Minimal_Default.Minimal_Default:PersistentLevel.Minimal_Default' with GeneratedClass '/Game/StarterContent/Maps/Minimal_Default.Minimal_Default_C' with ClassGeneratedBy '/Game/StarterContent/Maps/Minimal_Default.Minimal_Default:PersistentLevel.Minimal_Default'
[2016.02.13-20.19.27:434][977]LogParticles: Destroying 0 GPU particle simulations for FXSystem 0x00000026F7BB3740
[2016.02.13-20.19.40:775][172]LogHotReload: New module detected: UE4Editor-AISafari-4389.dll
[2016.02.13-20.19.41:449][175]LogHotReload: Starting Hot-Reload from IDE
[2016.02.13-20.19.41:517][175]LogContentBrowser: Native class hierarchy updated for 'AISafari' in 0.0010 seconds. Added 4 classes and 3 folders.
[2016.02.13-20.19.41:519][175]Warning: HotReload successful (0 functions remapped  0 scriptstructs remapped)
[2016.02.13-20.19.41:564][175]LogContentBrowser: Native class hierarchy populated in 0.0076 seconds. Added 1872 classes and 338 folders.
[2016.02.13-20.19.50:700][342]LogBlueprintUserMessages: Early PlayInEditor Detection: Level '/Game/StarterContent/Maps/Minimal_Default.Minimal_Default:PersistentLevel' has LevelScriptBlueprint '/Game/StarterContent/Maps/Minimal_Default.Minimal_Default:PersistentLevel.Minimal_Default' with GeneratedClass '/Game/StarterContent/Maps/Minimal_Default.Minimal_Default_C' with ClassGeneratedBy '/Game/StarterContent/Maps/Minimal_Default.Minimal_Default:PersistentLevel.Minimal_Default'
[2016.02.13-20.19.50:700][342]LogPlayLevel: PlayLevel: No blueprints needed recompiling
[2016.02.13-20.19.50:700][342]PIE: New page: PIE session: Minimal_Default (Feb 13, 2016, 10:19:50 AM)
[2016.02.13-20.19.50:700][342]LogPlayLevel: Creating play world package: /Game/StarterContent/Maps/UEDPIE_0_Minimal_Default
[2016.02.13-20.19.50:705][342]LogPlayLevel: PIE: StaticDuplicateObject took: (0.004746s)
[2016.02.13-20.19.50:705][342]LogAIModule: Creating AISystem for world Minimal_Default
[2016.02.13-20.19.50:705][342]LogPlayLevel: PIE: World Init took: (0.000580s)
[2016.02.13-20.19.50:705][342]LogPlayLevel: PIE: Created PIE world by copying editor world from /Game/StarterContent/Maps/Minimal_Default.Minimal_Default to /Game/StarterContent/Maps/UEDPIE_0_Minimal_Default.Minimal_Default (0.005466s)
[2016.02.13-20.19.50:721][342]LogInit: XAudio2 using 'Speakers (ASUS Xonar DGX Audio Device)' : 2 channels at 44.1 kHz using 16 bits per sample (channel mask 0x3)
[2016.02.13-20.19.50:724][342]LogInit: FAudioDevice initialized.
[2016.02.13-20.19.50:754][342]LogWorld: Game class is 'AISafariGameMode'
[2016.02.13-20.19.50:756][342]LogWorld: Bringing World /Game/StarterContent/Maps/UEDPIE_0_Minimal_Default.Minimal_Default up for play (max tick rate 0) at 2016.02.13-15.19.50
[2016.02.13-20.19.50:756][342]LogActor:Warning: GameSession /Game/StarterContent/Maps/UEDPIE_0_Minimal_Default.Minimal_Default:PersistentLevel.GameSession_2 has natively added scene component(s), but none of them were set as the actor's RootComponent - picking one arbitrarily
[2016.02.13-20.19.50:756][342]LogActor:Warning: GameNetworkManager /Game/StarterContent/Maps/UEDPIE_0_Minimal_Default.Minimal_Default:PersistentLevel.GameNetworkManager_2 has natively added scene component(s), but none of them were set as the actor's RootComponent - picking one arbitrarily
[2016.02.13-20.19.50:756][342]LogWorld: Bringing up level for play took: 0.001555
[2016.02.13-20.19.50:759][342]PIE: Info Play in editor start time for /Game/StarterContent/Maps/UEDPIE_0_Minimal_Default -0.413
[2016.02.13-20.19.50:759][342]LogBlueprintUserMessages: Late PlayInEditor Detection: Level '/Game/StarterContent/Maps/Minimal_Default.Minimal_Default:PersistentLevel' has LevelScriptBlueprint '/Game/StarterContent/Maps/Minimal_Default.Minimal_Default:PersistentLevel.Minimal_Default' with GeneratedClass '/Game/StarterContent/Maps/Minimal_Default.Minimal_Default_C' with ClassGeneratedBy '/Game/StarterContent/Maps/Minimal_Default.Minimal_Default:PersistentLevel.Minimal_Default'
[2016.02.13-20.20.17:776][342]LogCrashTracker: 


[2016.02.13-20.20.17:776][342]LogCrashTracker: 


[2016.02.13-20.20.17:776][342]LogWindows: === Critical error: ===
Fatal error!



[2016.02.13-20.20.17:880][342]LogExit: Executing StaticShutdownAfterError
[2016.02.13-20.20.17:884][342]LogPhysics:Warning: PHYSX: ..\..\PhysX\src\NpScene.cpp (2946) 8 : PxScene::unlockWrite() called without matching call to PxScene::lockWrite(), behaviour will be undefined.
[2016.02.13-20.20.17:884][342]LogPhysics:Warning: PHYSX: ..\..\PhysX\src\NpScene.cpp (2946) 8 : PxScene::unlockWrite() called without matching call to PxScene::lockWrite(), behaviour will be undefined.
[2016.02.13-20.20.17:885][342]LogPhysics:Warning: PHYSX: ..\..\PhysX\src\NpScene.cpp (2946) 8 : PxScene::unlockWrite() called without matching call to PxScene::lockWrite(), behaviour will be undefined.
[2016.02.13-20.20.17:885][342]LogPhysics:Warning: PHYSX: ..\..\PhysX\src\NpScene.cpp (2946) 8 : PxScene::unlockWrite() called without matching call to PxScene::lockWrite(), behaviour will be undefined.
[2016.02.13-20.20.17:885][342]LogWindows: FPlatformMisc::RequestExit(1)
[2016.02.13-20.20.17:885][342]Log file closed, 02/13/16 15:20:17
